[0.060s] Invoking command in '/ros2_ws/build/planning_msgs': CMAKE_PREFIX_PATH=/opt/ros/foxy /usr/bin/cmake --build /ros2_ws/build/planning_msgs -- -j10 -l10
[0.474s] [  8%] Built target planning_msgs__cpp
[0.491s] [ 12%] Built target planning_msgs__rosidl_generator_c
[0.854s] [ 24%] Built target planning_msgs__rosidl_typesupport_introspection_cpp
[0.933s] [ 35%] Built target planning_msgs__rosidl_typesupport_cpp
[0.948s] [ 47%] Built target planning_msgs__rosidl_typesupport_c
[0.973s] [ 67%] Built target planning_msgs__rosidl_typesupport_fastrtps_cpp
[0.978s] [ 70%] Built target planning_msgs__rosidl_typesupport_introspection_c
[1.117s] [ 82%] Built target planning_msgs__rosidl_typesupport_fastrtps_c
[1.248s] [ 82%] Built target planning_msgs
[1.379s] [ 83%] Built target planning_msgs__py
[1.573s] [ 93%] Built target planning_msgs__python
[1.778s] [ 95%] Built target planning_msgs__rosidl_typesupport_introspection_c__pyext
[1.782s] [ 97%] Built target planning_msgs__rosidl_typesupport_c__pyext
[1.803s] [100%] Built target planning_msgs__rosidl_typesupport_fastrtps_c__pyext
[1.861s] Invoked command in '/ros2_ws/build/planning_msgs' returned '0': CMAKE_PREFIX_PATH=/opt/ros/foxy /usr/bin/cmake --build /ros2_ws/build/planning_msgs -- -j10 -l10
[4.715s] Invoking command in '/ros2_ws/build/planning_msgs': CMAKE_PREFIX_PATH=/opt/ros/foxy /usr/bin/cmake --install /ros2_ws/build/planning_msgs
[4.748s] -- Install configuration: ""
[4.751s] -- Up-to-date: /ros2_ws/install/planning_msgs/share/ament_index/resource_index/rosidl_interfaces/planning_msgs
[4.751s] -- Up-to-date: /ros2_ws/install/planning_msgs/include/planning_msgs
[4.752s] -- Up-to-date: /ros2_ws/install/planning_msgs/include/planning_msgs/msg
[4.752s] -- Up-to-date: /ros2_ws/install/planning_msgs/include/planning_msgs/msg/planning_status.h
[4.753s] -- Up-to-date: /ros2_ws/install/planning_msgs/include/planning_msgs/msg/rosidl_generator_c__visibility_control.h
[4.754s] -- Up-to-date: /ros2_ws/install/planning_msgs/include/planning_msgs/msg/active_route_context.h
[4.754s] -- Up-to-date: /ros2_ws/install/planning_msgs/include/planning_msgs/msg/target_speed.h
[4.754s] -- Up-to-date: /ros2_ws/install/planning_msgs/include/planning_msgs/msg/trajectory_point.h
[4.755s] -- Up-to-date: /ros2_ws/install/planning_msgs/include/planning_msgs/msg/trajectory.h
[4.755s] -- Up-to-date: /ros2_ws/install/planning_msgs/include/planning_msgs/msg/fsm_request.h
[4.756s] -- Up-to-date: /ros2_ws/install/planning_msgs/include/planning_msgs/msg/detail
[4.756s] -- Up-to-date: /ros2_ws/install/planning_msgs/include/planning_msgs/msg/detail/fsm_request__type_support.h
[4.757s] -- Up-to-date: /ros2_ws/install/planning_msgs/include/planning_msgs/msg/detail/controller_feedback__functions.h
[4.757s] -- Up-to-date: /ros2_ws/install/planning_msgs/include/planning_msgs/msg/detail/active_route_context__struct.h
[4.757s] -- Up-to-date: /ros2_ws/install/planning_msgs/include/planning_msgs/msg/detail/target_speed__struct.h
[4.758s] -- Up-to-date: /ros2_ws/install/planning_msgs/include/planning_msgs/msg/detail/active_route_context__type_support.h
[4.758s] -- Up-to-date: /ros2_ws/install/planning_msgs/include/planning_msgs/msg/detail/planning_status__struct.h
[4.759s] -- Up-to-date: /ros2_ws/install/planning_msgs/include/planning_msgs/msg/detail/trajectory_point__type_support.h
[4.760s] -- Up-to-date: /ros2_ws/install/planning_msgs/include/planning_msgs/msg/detail/active_route_context__functions.h
[4.761s] -- Up-to-date: /ros2_ws/install/planning_msgs/include/planning_msgs/msg/detail/fsm_request__functions.c
[4.761s] -- Up-to-date: /ros2_ws/install/planning_msgs/include/planning_msgs/msg/detail/goal_reached__type_support.h
[4.761s] -- Up-to-date: /ros2_ws/install/planning_msgs/include/planning_msgs/msg/detail/goal_reached__functions.c
[4.762s] -- Up-to-date: /ros2_ws/install/planning_msgs/include/planning_msgs/msg/detail/planning_status__functions.h
[4.762s] -- Up-to-date: /ros2_ws/install/planning_msgs/include/planning_msgs/msg/detail/planning_status__type_support.h
[4.762s] -- Up-to-date: /ros2_ws/install/planning_msgs/include/planning_msgs/msg/detail/trajectory_point__struct.h
[4.762s] -- Up-to-date: /ros2_ws/install/planning_msgs/include/planning_msgs/msg/detail/trajectory__functions.c
[4.763s] -- Up-to-date: /ros2_ws/install/planning_msgs/include/planning_msgs/msg/detail/target_speed__functions.c
[4.763s] -- Up-to-date: /ros2_ws/install/planning_msgs/include/planning_msgs/msg/detail/park_complete__functions.c
[4.763s] -- Up-to-date: /ros2_ws/install/planning_msgs/include/planning_msgs/msg/detail/goal_reached__struct.h
[4.764s] -- Up-to-date: /ros2_ws/install/planning_msgs/include/planning_msgs/msg/detail/trajectory_point__functions.h
[4.764s] -- Up-to-date: /ros2_ws/install/planning_msgs/include/planning_msgs/msg/detail/controller_feedback__struct.h
[4.764s] -- Up-to-date: /ros2_ws/install/planning_msgs/include/planning_msgs/msg/detail/park_complete__type_support.h
[4.764s] -- Up-to-date: /ros2_ws/install/planning_msgs/include/planning_msgs/msg/detail/trajectory__struct.h
[4.765s] -- Up-to-date: /ros2_ws/install/planning_msgs/include/planning_msgs/msg/detail/controller_feedback__type_support.h
[4.765s] -- Up-to-date: /ros2_ws/install/planning_msgs/include/planning_msgs/msg/detail/fsm_request__struct.h
[4.765s] -- Up-to-date: /ros2_ws/install/planning_msgs/include/planning_msgs/msg/detail/controller_feedback__functions.c
[4.766s] -- Up-to-date: /ros2_ws/install/planning_msgs/include/planning_msgs/msg/detail/goal_reached__functions.h
[4.766s] -- Up-to-date: /ros2_ws/install/planning_msgs/include/planning_msgs/msg/detail/planning_status__functions.c
[4.766s] -- Up-to-date: /ros2_ws/install/planning_msgs/include/planning_msgs/msg/detail/fsm_request__functions.h
[4.768s] -- Up-to-date: /ros2_ws/install/planning_msgs/include/planning_msgs/msg/detail/active_route_context__functions.c
[4.768s] -- Up-to-date: /ros2_ws/install/planning_msgs/include/planning_msgs/msg/detail/park_complete__struct.h
[4.768s] -- Up-to-date: /ros2_ws/install/planning_msgs/include/planning_msgs/msg/detail/target_speed__type_support.h
[4.769s] -- Up-to-date: /ros2_ws/install/planning_msgs/include/planning_msgs/msg/detail/trajectory__type_support.h
[4.770s] -- Up-to-date: /ros2_ws/install/planning_msgs/include/planning_msgs/msg/detail/trajectory_point__functions.c
[4.770s] -- Up-to-date: /ros2_ws/install/planning_msgs/include/planning_msgs/msg/detail/target_speed__functions.h
[4.770s] -- Up-to-date: /ros2_ws/install/planning_msgs/include/planning_msgs/msg/detail/park_complete__functions.h
[4.770s] -- Up-to-date: /ros2_ws/install/planning_msgs/include/planning_msgs/msg/detail/trajectory__functions.h
[4.770s] -- Up-to-date: /ros2_ws/install/planning_msgs/include/planning_msgs/msg/goal_reached.h
[4.770s] -- Up-to-date: /ros2_ws/install/planning_msgs/include/planning_msgs/msg/controller_feedback.h
[4.770s] -- Up-to-date: /ros2_ws/install/planning_msgs/include/planning_msgs/msg/park_complete.h
[4.770s] -- Up-to-date: /ros2_ws/install/planning_msgs/share/planning_msgs/environment/library_path.sh
[4.770s] -- Up-to-date: /ros2_ws/install/planning_msgs/share/planning_msgs/environment/library_path.dsv
[4.771s] -- Up-to-date: /ros2_ws/install/planning_msgs/lib/libplanning_msgs__rosidl_generator_c.so
[4.771s] -- Up-to-date: /ros2_ws/install/planning_msgs/include/planning_msgs
[4.771s] -- Up-to-date: /ros2_ws/install/planning_msgs/include/planning_msgs/msg
[4.772s] -- Up-to-date: /ros2_ws/install/planning_msgs/include/planning_msgs/msg/detail
[4.775s] -- Up-to-date: /ros2_ws/install/planning_msgs/include/planning_msgs/msg/detail/trajectory_point__rosidl_typesupport_fastrtps_c.h
[4.775s] -- Up-to-date: /ros2_ws/install/planning_msgs/include/planning_msgs/msg/detail/target_speed__rosidl_typesupport_fastrtps_c.h
[4.776s] -- Up-to-date: /ros2_ws/install/planning_msgs/include/planning_msgs/msg/detail/fsm_request__rosidl_typesupport_fastrtps_c.h
[4.776s] -- Up-to-date: /ros2_ws/install/planning_msgs/include/planning_msgs/msg/detail/goal_reached__rosidl_typesupport_fastrtps_c.h
[4.776s] -- Up-to-date: /ros2_ws/install/planning_msgs/include/planning_msgs/msg/detail/trajectory__rosidl_typesupport_fastrtps_c.h
[4.776s] -- Up-to-date: /ros2_ws/install/planning_msgs/include/planning_msgs/msg/detail/park_complete__rosidl_typesupport_fastrtps_c.h
[4.777s] -- Up-to-date: /ros2_ws/install/planning_msgs/include/planning_msgs/msg/detail/controller_feedback__rosidl_typesupport_fastrtps_c.h
[4.777s] -- Up-to-date: /ros2_ws/install/planning_msgs/include/planning_msgs/msg/detail/active_route_context__rosidl_typesupport_fastrtps_c.h
[4.777s] -- Up-to-date: /ros2_ws/install/planning_msgs/include/planning_msgs/msg/detail/planning_status__rosidl_typesupport_fastrtps_c.h
[4.778s] -- Up-to-date: /ros2_ws/install/planning_msgs/include/planning_msgs/msg/rosidl_typesupport_fastrtps_c__visibility_control.h
[4.779s] -- Up-to-date: /ros2_ws/install/planning_msgs/lib/libplanning_msgs__rosidl_typesupport_fastrtps_c.so
[4.779s] -- Up-to-date: /ros2_ws/install/planning_msgs/include/planning_msgs
[4.779s] -- Up-to-date: /ros2_ws/install/planning_msgs/include/planning_msgs/msg
[4.780s] -- Up-to-date: /ros2_ws/install/planning_msgs/include/planning_msgs/msg/rosidl_typesupport_fastrtps_cpp__visibility_control.h
[4.781s] -- Up-to-date: /ros2_ws/install/planning_msgs/include/planning_msgs/msg/detail
[4.781s] -- Up-to-date: /ros2_ws/install/planning_msgs/include/planning_msgs/msg/detail/active_route_context__rosidl_typesupport_fastrtps_cpp.hpp
[4.781s] -- Up-to-date: /ros2_ws/install/planning_msgs/include/planning_msgs/msg/detail/trajectory_point__rosidl_typesupport_fastrtps_cpp.hpp
[4.782s] -- Up-to-date: /ros2_ws/install/planning_msgs/include/planning_msgs/msg/detail/fsm_request__rosidl_typesupport_fastrtps_cpp.hpp
[4.782s] -- Up-to-date: /ros2_ws/install/planning_msgs/include/planning_msgs/msg/detail/controller_feedback__rosidl_typesupport_fastrtps_cpp.hpp
[4.782s] -- Up-to-date: /ros2_ws/install/planning_msgs/include/planning_msgs/msg/detail/planning_status__rosidl_typesupport_fastrtps_cpp.hpp
[4.783s] -- Up-to-date: /ros2_ws/install/planning_msgs/include/planning_msgs/msg/detail/goal_reached__rosidl_typesupport_fastrtps_cpp.hpp
[4.783s] -- Up-to-date: /ros2_ws/install/planning_msgs/include/planning_msgs/msg/detail/trajectory__rosidl_typesupport_fastrtps_cpp.hpp
[4.783s] -- Up-to-date: /ros2_ws/install/planning_msgs/include/planning_msgs/msg/detail/park_complete__rosidl_typesupport_fastrtps_cpp.hpp
[4.784s] -- Up-to-date: /ros2_ws/install/planning_msgs/include/planning_msgs/msg/detail/target_speed__rosidl_typesupport_fastrtps_cpp.hpp
[4.786s] -- Up-to-date: /ros2_ws/install/planning_msgs/include/planning_msgs/msg/detail/dds_fastrtps
[4.786s] -- Up-to-date: /ros2_ws/install/planning_msgs/lib/libplanning_msgs__rosidl_typesupport_fastrtps_cpp.so
[4.786s] -- Up-to-date: /ros2_ws/install/planning_msgs/include/planning_msgs
[4.787s] -- Up-to-date: /ros2_ws/install/planning_msgs/include/planning_msgs/msg
[4.787s] -- Up-to-date: /ros2_ws/install/planning_msgs/include/planning_msgs/msg/detail
[4.788s] -- Up-to-date: /ros2_ws/install/planning_msgs/include/planning_msgs/msg/detail/active_route_context__rosidl_typesupport_introspection_c.h
[4.788s] -- Up-to-date: /ros2_ws/install/planning_msgs/include/planning_msgs/msg/detail/controller_feedback__type_support.c
[4.788s] -- Up-to-date: /ros2_ws/install/planning_msgs/include/planning_msgs/msg/detail/goal_reached__rosidl_typesupport_introspection_c.h
[4.788s] -- Up-to-date: /ros2_ws/install/planning_msgs/include/planning_msgs/msg/detail/trajectory__type_support.c
[4.789s] -- Up-to-date: /ros2_ws/install/planning_msgs/include/planning_msgs/msg/detail/target_speed__type_support.c
[4.792s] -- Up-to-date: /ros2_ws/install/planning_msgs/include/planning_msgs/msg/detail/active_route_context__type_support.c
[4.792s] -- Up-to-date: /ros2_ws/install/planning_msgs/include/planning_msgs/msg/detail/fsm_request__type_support.c
[4.792s] -- Up-to-date: /ros2_ws/install/planning_msgs/include/planning_msgs/msg/detail/goal_reached__type_support.c
[4.792s] -- Up-to-date: /ros2_ws/install/planning_msgs/include/planning_msgs/msg/detail/target_speed__rosidl_typesupport_introspection_c.h
[4.792s] -- Up-to-date: /ros2_ws/install/planning_msgs/include/planning_msgs/msg/detail/controller_feedback__rosidl_typesupport_introspection_c.h
[4.794s] -- Up-to-date: /ros2_ws/install/planning_msgs/include/planning_msgs/msg/detail/trajectory_point__type_support.c
[4.794s] -- Up-to-date: /ros2_ws/install/planning_msgs/include/planning_msgs/msg/detail/park_complete__rosidl_typesupport_introspection_c.h
[4.794s] -- Up-to-date: /ros2_ws/install/planning_msgs/include/planning_msgs/msg/detail/planning_status__rosidl_typesupport_introspection_c.h
[4.795s] -- Up-to-date: /ros2_ws/install/planning_msgs/include/planning_msgs/msg/detail/fsm_request__rosidl_typesupport_introspection_c.h
[4.795s] -- Up-to-date: /ros2_ws/install/planning_msgs/include/planning_msgs/msg/detail/trajectory__rosidl_typesupport_introspection_c.h
[4.795s] -- Up-to-date: /ros2_ws/install/planning_msgs/include/planning_msgs/msg/detail/planning_status__type_support.c
[4.796s] -- Up-to-date: /ros2_ws/install/planning_msgs/include/planning_msgs/msg/detail/park_complete__type_support.c
[4.796s] -- Up-to-date: /ros2_ws/install/planning_msgs/include/planning_msgs/msg/detail/trajectory_point__rosidl_typesupport_introspection_c.h
[4.796s] -- Up-to-date: /ros2_ws/install/planning_msgs/include/planning_msgs/msg/rosidl_typesupport_introspection_c__visibility_control.h
[4.798s] -- Up-to-date: /ros2_ws/install/planning_msgs/lib/libplanning_msgs__rosidl_typesupport_introspection_c.so
[4.799s] -- Up-to-date: /ros2_ws/install/planning_msgs/lib/libplanning_msgs__rosidl_typesupport_c.so
[4.799s] -- Up-to-date: /ros2_ws/install/planning_msgs/include/planning_msgs
[4.800s] -- Up-to-date: /ros2_ws/install/planning_msgs/include/planning_msgs/msg
[4.800s] -- Up-to-date: /ros2_ws/install/planning_msgs/include/planning_msgs/msg/fsm_request.hpp
[4.800s] -- Up-to-date: /ros2_ws/install/planning_msgs/include/planning_msgs/msg/trajectory.hpp
[4.800s] -- Up-to-date: /ros2_ws/install/planning_msgs/include/planning_msgs/msg/active_route_context.hpp
[4.800s] -- Up-to-date: /ros2_ws/install/planning_msgs/include/planning_msgs/msg/trajectory_point.hpp
[4.801s] -- Up-to-date: /ros2_ws/install/planning_msgs/include/planning_msgs/msg/goal_reached.hpp
[4.801s] -- Up-to-date: /ros2_ws/install/planning_msgs/include/planning_msgs/msg/park_complete.hpp
[4.801s] -- Up-to-date: /ros2_ws/install/planning_msgs/include/planning_msgs/msg/detail
[4.802s] -- Up-to-date: /ros2_ws/install/planning_msgs/include/planning_msgs/msg/detail/trajectory__traits.hpp
[4.802s] -- Up-to-date: /ros2_ws/install/planning_msgs/include/planning_msgs/msg/detail/target_speed__builder.hpp
[4.802s] -- Up-to-date: /ros2_ws/install/planning_msgs/include/planning_msgs/msg/detail/park_complete__builder.hpp
[4.803s] -- Up-to-date: /ros2_ws/install/planning_msgs/include/planning_msgs/msg/detail/trajectory_point__traits.hpp
[4.803s] -- Up-to-date: /ros2_ws/install/planning_msgs/include/planning_msgs/msg/detail/trajectory__builder.hpp
[4.803s] -- Up-to-date: /ros2_ws/install/planning_msgs/include/planning_msgs/msg/detail/park_complete__traits.hpp
[4.803s] -- Up-to-date: /ros2_ws/install/planning_msgs/include/planning_msgs/msg/detail/active_route_context__type_support.hpp
[4.804s] -- Up-to-date: /ros2_ws/install/planning_msgs/include/planning_msgs/msg/detail/planning_status__type_support.hpp
[4.804s] -- Up-to-date: /ros2_ws/install/planning_msgs/include/planning_msgs/msg/detail/controller_feedback__type_support.hpp
[4.805s] -- Up-to-date: /ros2_ws/install/planning_msgs/include/planning_msgs/msg/detail/target_speed__struct.hpp
[4.805s] -- Up-to-date: /ros2_ws/install/planning_msgs/include/planning_msgs/msg/detail/goal_reached__type_support.hpp
[4.805s] -- Up-to-date: /ros2_ws/install/planning_msgs/include/planning_msgs/msg/detail/trajectory_point__type_support.hpp
[4.806s] -- Up-to-date: /ros2_ws/install/planning_msgs/include/planning_msgs/msg/detail/target_speed__type_support.hpp
[4.806s] -- Up-to-date: /ros2_ws/install/planning_msgs/include/planning_msgs/msg/detail/fsm_request__builder.hpp
[4.807s] -- Up-to-date: /ros2_ws/install/planning_msgs/include/planning_msgs/msg/detail/goal_reached__builder.hpp
[4.807s] -- Up-to-date: /ros2_ws/install/planning_msgs/include/planning_msgs/msg/detail/planning_status__traits.hpp
[4.807s] -- Up-to-date: /ros2_ws/install/planning_msgs/include/planning_msgs/msg/detail/active_route_context__struct.hpp
[4.808s] -- Up-to-date: /ros2_ws/install/planning_msgs/include/planning_msgs/msg/detail/goal_reached__traits.hpp
[4.808s] -- Up-to-date: /ros2_ws/install/planning_msgs/include/planning_msgs/msg/detail/fsm_request__traits.hpp
[4.809s] -- Up-to-date: /ros2_ws/install/planning_msgs/include/planning_msgs/msg/detail/controller_feedback__traits.hpp
[4.809s] -- Up-to-date: /ros2_ws/install/planning_msgs/include/planning_msgs/msg/detail/trajectory_point__builder.hpp
[4.809s] -- Up-to-date: /ros2_ws/install/planning_msgs/include/planning_msgs/msg/detail/park_complete__struct.hpp
[4.809s] -- Up-to-date: /ros2_ws/install/planning_msgs/include/planning_msgs/msg/detail/trajectory__struct.hpp
[4.810s] -- Up-to-date: /ros2_ws/install/planning_msgs/include/planning_msgs/msg/detail/trajectory_point__struct.hpp
[4.810s] -- Up-to-date: /ros2_ws/install/planning_msgs/include/planning_msgs/msg/detail/target_speed__traits.hpp
[4.810s] -- Up-to-date: /ros2_ws/install/planning_msgs/include/planning_msgs/msg/detail/planning_status__builder.hpp
[4.811s] -- Up-to-date: /ros2_ws/install/planning_msgs/include/planning_msgs/msg/detail/active_route_context__builder.hpp
[4.811s] -- Up-to-date: /ros2_ws/install/planning_msgs/include/planning_msgs/msg/detail/trajectory__type_support.hpp
[4.811s] -- Up-to-date: /ros2_ws/install/planning_msgs/include/planning_msgs/msg/detail/fsm_request__type_support.hpp
[4.813s] -- Up-to-date: /ros2_ws/install/planning_msgs/include/planning_msgs/msg/detail/controller_feedback__struct.hpp
[4.813s] -- Up-to-date: /ros2_ws/install/planning_msgs/include/planning_msgs/msg/detail/fsm_request__struct.hpp
[4.813s] -- Up-to-date: /ros2_ws/install/planning_msgs/include/planning_msgs/msg/detail/controller_feedback__builder.hpp
[4.813s] -- Up-to-date: /ros2_ws/install/planning_msgs/include/planning_msgs/msg/detail/park_complete__type_support.hpp
[4.814s] -- Up-to-date: /ros2_ws/install/planning_msgs/include/planning_msgs/msg/detail/planning_status__struct.hpp
[4.814s] -- Up-to-date: /ros2_ws/install/planning_msgs/include/planning_msgs/msg/detail/active_route_context__traits.hpp
[4.814s] -- Up-to-date: /ros2_ws/install/planning_msgs/include/planning_msgs/msg/detail/goal_reached__struct.hpp
[4.815s] -- Up-to-date: /ros2_ws/install/planning_msgs/include/planning_msgs/msg/rosidl_generator_cpp__visibility_control.hpp
[4.815s] -- Up-to-date: /ros2_ws/install/planning_msgs/include/planning_msgs/msg/planning_status.hpp
[4.815s] -- Up-to-date: /ros2_ws/install/planning_msgs/include/planning_msgs/msg/target_speed.hpp
[4.815s] -- Up-to-date: /ros2_ws/install/planning_msgs/include/planning_msgs/msg/controller_feedback.hpp
[4.815s] -- Up-to-date: /ros2_ws/install/planning_msgs/include/planning_msgs
[4.816s] -- Up-to-date: /ros2_ws/install/planning_msgs/include/planning_msgs/msg
[4.816s] -- Up-to-date: /ros2_ws/install/planning_msgs/include/planning_msgs/msg/detail
[4.816s] -- Up-to-date: /ros2_ws/install/planning_msgs/include/planning_msgs/msg/detail/fsm_request__rosidl_typesupport_introspection_cpp.hpp
[4.817s] -- Up-to-date: /ros2_ws/install/planning_msgs/include/planning_msgs/msg/detail/trajectory__type_support.cpp
[4.817s] -- Up-to-date: /ros2_ws/install/planning_msgs/include/planning_msgs/msg/detail/controller_feedback__rosidl_typesupport_introspection_cpp.hpp
[4.817s] -- Up-to-date: /ros2_ws/install/planning_msgs/include/planning_msgs/msg/detail/fsm_request__type_support.cpp
[4.818s] -- Up-to-date: /ros2_ws/install/planning_msgs/include/planning_msgs/msg/detail/goal_reached__rosidl_typesupport_introspection_cpp.hpp
[4.818s] -- Up-to-date: /ros2_ws/install/planning_msgs/include/planning_msgs/msg/detail/park_complete__type_support.cpp
[4.818s] -- Up-to-date: /ros2_ws/install/planning_msgs/include/planning_msgs/msg/detail/target_speed__rosidl_typesupport_introspection_cpp.hpp
[4.819s] -- Up-to-date: /ros2_ws/install/planning_msgs/include/planning_msgs/msg/detail/park_complete__rosidl_typesupport_introspection_cpp.hpp
[4.819s] -- Up-to-date: /ros2_ws/install/planning_msgs/include/planning_msgs/msg/detail/planning_status__rosidl_typesupport_introspection_cpp.hpp
[4.819s] -- Up-to-date: /ros2_ws/install/planning_msgs/include/planning_msgs/msg/detail/goal_reached__type_support.cpp
[4.820s] -- Up-to-date: /ros2_ws/install/planning_msgs/include/planning_msgs/msg/detail/trajectory_point__type_support.cpp
[4.820s] -- Up-to-date: /ros2_ws/install/planning_msgs/include/planning_msgs/msg/detail/target_speed__type_support.cpp
[4.821s] -- Up-to-date: /ros2_ws/install/planning_msgs/include/planning_msgs/msg/detail/trajectory_point__rosidl_typesupport_introspection_cpp.hpp
[4.821s] -- Up-to-date: /ros2_ws/install/planning_msgs/include/planning_msgs/msg/detail/planning_status__type_support.cpp
[4.822s] -- Up-to-date: /ros2_ws/install/planning_msgs/include/planning_msgs/msg/detail/active_route_context__type_support.cpp
[4.822s] -- Up-to-date: /ros2_ws/install/planning_msgs/include/planning_msgs/msg/detail/trajectory__rosidl_typesupport_introspection_cpp.hpp
[4.823s] -- Up-to-date: /ros2_ws/install/planning_msgs/include/planning_msgs/msg/detail/controller_feedback__type_support.cpp
[4.823s] -- Up-to-date: /ros2_ws/install/planning_msgs/include/planning_msgs/msg/detail/active_route_context__rosidl_typesupport_introspection_cpp.hpp
[4.825s] -- Up-to-date: /ros2_ws/install/planning_msgs/lib/libplanning_msgs__rosidl_typesupport_introspection_cpp.so
[4.828s] -- Up-to-date: /ros2_ws/install/planning_msgs/lib/libplanning_msgs__rosidl_typesupport_cpp.so
[4.830s] -- Up-to-date: /ros2_ws/install/planning_msgs/share/planning_msgs/environment/pythonpath.sh
[4.830s] -- Up-to-date: /ros2_ws/install/planning_msgs/share/planning_msgs/environment/pythonpath.dsv
[4.831s] -- Up-to-date: /ros2_ws/install/planning_msgs/lib/python3.8/site-packages/planning_msgs/__init__.py
[4.922s] -- Up-to-date: /ros2_ws/install/planning_msgs/lib/python3.8/site-packages/planning_msgs/msg
[4.923s] -- Up-to-date: /ros2_ws/install/planning_msgs/lib/python3.8/site-packages/planning_msgs/msg/_trajectory_point_s.c
[4.923s] -- Up-to-date: /ros2_ws/install/planning_msgs/lib/python3.8/site-packages/planning_msgs/msg/_trajectory.py
[4.923s] -- Up-to-date: /ros2_ws/install/planning_msgs/lib/python3.8/site-packages/planning_msgs/msg/_trajectory_s.c
[4.924s] -- Up-to-date: /ros2_ws/install/planning_msgs/lib/python3.8/site-packages/planning_msgs/msg/_target_speed.py
[4.924s] -- Up-to-date: /ros2_ws/install/planning_msgs/lib/python3.8/site-packages/planning_msgs/msg/_target_speed_s.c
[4.924s] -- Up-to-date: /ros2_ws/install/planning_msgs/lib/python3.8/site-packages/planning_msgs/msg/_park_complete.py
[4.924s] -- Up-to-date: /ros2_ws/install/planning_msgs/lib/python3.8/site-packages/planning_msgs/msg/_trajectory_point.py
[4.924s] -- Up-to-date: /ros2_ws/install/planning_msgs/lib/python3.8/site-packages/planning_msgs/msg/__init__.py
[4.925s] -- Up-to-date: /ros2_ws/install/planning_msgs/lib/python3.8/site-packages/planning_msgs/msg/_goal_reached.py
[4.925s] -- Up-to-date: /ros2_ws/install/planning_msgs/lib/python3.8/site-packages/planning_msgs/msg/_goal_reached_s.c
[4.925s] -- Up-to-date: /ros2_ws/install/planning_msgs/lib/python3.8/site-packages/planning_msgs/msg/_park_complete_s.c
[4.926s] -- Up-to-date: /ros2_ws/install/planning_msgs/lib/python3.8/site-packages/planning_msgs/msg/_fsm_request_s.c
[4.926s] -- Up-to-date: /ros2_ws/install/planning_msgs/lib/python3.8/site-packages/planning_msgs/msg/_fsm_request.py
[4.926s] -- Up-to-date: /ros2_ws/install/planning_msgs/lib/python3.8/site-packages/planning_msgs/msg/_controller_feedback_s.c
[4.926s] -- Up-to-date: /ros2_ws/install/planning_msgs/lib/python3.8/site-packages/planning_msgs/msg/_active_route_context_s.c
[4.927s] -- Up-to-date: /ros2_ws/install/planning_msgs/lib/python3.8/site-packages/planning_msgs/msg/_planning_status_s.c
[4.927s] -- Up-to-date: /ros2_ws/install/planning_msgs/lib/python3.8/site-packages/planning_msgs/msg/_controller_feedback.py
[4.928s] -- Up-to-date: /ros2_ws/install/planning_msgs/lib/python3.8/site-packages/planning_msgs/msg/_active_route_context.py
[4.928s] -- Up-to-date: /ros2_ws/install/planning_msgs/lib/python3.8/site-packages/planning_msgs/msg/_planning_status.py
[4.932s] -- Up-to-date: /ros2_ws/install/planning_msgs/lib/python3.8/site-packages/planning_msgs/planning_msgs_s__rosidl_typesupport_fastrtps_c.cpython-38-x86_64-linux-gnu.so
[4.932s] -- Up-to-date: /ros2_ws/install/planning_msgs/lib/python3.8/site-packages/planning_msgs/planning_msgs_s__rosidl_typesupport_introspection_c.cpython-38-x86_64-linux-gnu.so
[4.933s] -- Up-to-date: /ros2_ws/install/planning_msgs/lib/python3.8/site-packages/planning_msgs/planning_msgs_s__rosidl_typesupport_c.cpython-38-x86_64-linux-gnu.so
[4.934s] -- Up-to-date: /ros2_ws/install/planning_msgs/lib/libplanning_msgs__python.so
[4.935s] -- Up-to-date: /ros2_ws/install/planning_msgs/share/planning_msgs/msg/TrajectoryPoint.idl
[4.935s] -- Up-to-date: /ros2_ws/install/planning_msgs/share/planning_msgs/msg/Trajectory.idl
[4.936s] -- Up-to-date: /ros2_ws/install/planning_msgs/share/planning_msgs/msg/TargetSpeed.idl
[4.936s] -- Up-to-date: /ros2_ws/install/planning_msgs/share/planning_msgs/msg/PlanningStatus.idl
[4.936s] -- Up-to-date: /ros2_ws/install/planning_msgs/share/planning_msgs/msg/ActiveRouteContext.idl
[4.937s] -- Up-to-date: /ros2_ws/install/planning_msgs/share/planning_msgs/msg/GoalReached.idl
[4.938s] -- Up-to-date: /ros2_ws/install/planning_msgs/share/planning_msgs/msg/ParkComplete.idl
[4.938s] -- Up-to-date: /ros2_ws/install/planning_msgs/share/planning_msgs/msg/ControllerFeedback.idl
[4.938s] -- Up-to-date: /ros2_ws/install/planning_msgs/share/planning_msgs/msg/FSMRequest.idl
[4.939s] -- Up-to-date: /ros2_ws/install/planning_msgs/share/planning_msgs/msg/TrajectoryPoint.msg
[4.939s] -- Up-to-date: /ros2_ws/install/planning_msgs/share/planning_msgs/msg/Trajectory.msg
[4.939s] -- Up-to-date: /ros2_ws/install/planning_msgs/share/planning_msgs/msg/TargetSpeed.msg
[4.939s] -- Up-to-date: /ros2_ws/install/planning_msgs/share/planning_msgs/msg/PlanningStatus.msg
[4.940s] -- Up-to-date: /ros2_ws/install/planning_msgs/share/planning_msgs/msg/ActiveRouteContext.msg
[4.940s] -- Up-to-date: /ros2_ws/install/planning_msgs/share/planning_msgs/msg/GoalReached.msg
[4.940s] -- Up-to-date: /ros2_ws/install/planning_msgs/share/planning_msgs/msg/ParkComplete.msg
[4.941s] -- Up-to-date: /ros2_ws/install/planning_msgs/share/planning_msgs/msg/ControllerFeedback.msg
[4.941s] -- Up-to-date: /ros2_ws/install/planning_msgs/share/planning_msgs/msg/FSMRequest.msg
[4.942s] -- Up-to-date: /ros2_ws/install/planning_msgs/share/ament_index/resource_index/package_run_dependencies/planning_msgs
[4.942s] -- Up-to-date: /ros2_ws/install/planning_msgs/share/ament_index/resource_index/parent_prefix_path/planning_msgs
[4.942s] -- Up-to-date: /ros2_ws/install/planning_msgs/share/planning_msgs/environment/ament_prefix_path.sh
[4.942s] -- Up-to-date: /ros2_ws/install/planning_msgs/share/planning_msgs/environment/ament_prefix_path.dsv
[4.942s] -- Up-to-date: /ros2_ws/install/planning_msgs/share/planning_msgs/environment/path.sh
[4.943s] -- Up-to-date: /ros2_ws/install/planning_msgs/share/planning_msgs/environment/path.dsv
[4.943s] -- Up-to-date: /ros2_ws/install/planning_msgs/share/planning_msgs/local_setup.bash
[4.943s] -- Up-to-date: /ros2_ws/install/planning_msgs/share/planning_msgs/local_setup.sh
[4.944s] -- Up-to-date: /ros2_ws/install/planning_msgs/share/planning_msgs/local_setup.zsh
[4.944s] -- Up-to-date: /ros2_ws/install/planning_msgs/share/planning_msgs/local_setup.dsv
[4.944s] -- Installing: /ros2_ws/install/planning_msgs/share/planning_msgs/package.dsv
[4.947s] -- Up-to-date: /ros2_ws/install/planning_msgs/share/ament_index/resource_index/packages/planning_msgs
[4.948s] -- Up-to-date: /ros2_ws/install/planning_msgs/share/planning_msgs/cmake/planning_msgs__rosidl_generator_cExport.cmake
[4.948s] -- Up-to-date: /ros2_ws/install/planning_msgs/share/planning_msgs/cmake/planning_msgs__rosidl_generator_cExport-noconfig.cmake
[4.949s] -- Up-to-date: /ros2_ws/install/planning_msgs/share/planning_msgs/cmake/planning_msgs__rosidl_typesupport_introspection_cExport.cmake
[4.949s] -- Up-to-date: /ros2_ws/install/planning_msgs/share/planning_msgs/cmake/planning_msgs__rosidl_typesupport_introspection_cExport-noconfig.cmake
[4.949s] -- Up-to-date: /ros2_ws/install/planning_msgs/share/planning_msgs/cmake/planning_msgs__rosidl_typesupport_cExport.cmake
[4.950s] -- Up-to-date: /ros2_ws/install/planning_msgs/share/planning_msgs/cmake/planning_msgs__rosidl_typesupport_cExport-noconfig.cmake
[4.951s] -- Up-to-date: /ros2_ws/install/planning_msgs/share/planning_msgs/cmake/planning_msgs__rosidl_generator_cppExport.cmake
[4.951s] -- Up-to-date: /ros2_ws/install/planning_msgs/share/planning_msgs/cmake/planning_msgs__rosidl_typesupport_introspection_cppExport.cmake
[4.951s] -- Up-to-date: /ros2_ws/install/planning_msgs/share/planning_msgs/cmake/planning_msgs__rosidl_typesupport_introspection_cppExport-noconfig.cmake
[4.953s] -- Up-to-date: /ros2_ws/install/planning_msgs/share/planning_msgs/cmake/planning_msgs__rosidl_typesupport_cppExport.cmake
[4.953s] -- Up-to-date: /ros2_ws/install/planning_msgs/share/planning_msgs/cmake/planning_msgs__rosidl_typesupport_cppExport-noconfig.cmake
[4.953s] -- Up-to-date: /ros2_ws/install/planning_msgs/share/planning_msgs/cmake/rosidl_cmake-extras.cmake
[4.954s] -- Up-to-date: /ros2_ws/install/planning_msgs/share/planning_msgs/cmake/ament_cmake_export_dependencies-extras.cmake
[4.954s] -- Up-to-date: /ros2_ws/install/planning_msgs/share/planning_msgs/cmake/ament_cmake_export_libraries-extras.cmake
[4.955s] -- Up-to-date: /ros2_ws/install/planning_msgs/share/planning_msgs/cmake/ament_cmake_export_targets-extras.cmake
[4.955s] -- Up-to-date: /ros2_ws/install/planning_msgs/share/planning_msgs/cmake/ament_cmake_export_include_directories-extras.cmake
[4.955s] -- Up-to-date: /ros2_ws/install/planning_msgs/share/planning_msgs/cmake/rosidl_cmake_export_typesupport_libraries-extras.cmake
[4.956s] -- Up-to-date: /ros2_ws/install/planning_msgs/share/planning_msgs/cmake/rosidl_cmake_export_typesupport_targets-extras.cmake
[4.956s] -- Up-to-date: /ros2_ws/install/planning_msgs/share/planning_msgs/cmake/planning_msgsConfig.cmake
[4.956s] -- Up-to-date: /ros2_ws/install/planning_msgs/share/planning_msgs/cmake/planning_msgsConfig-version.cmake
[4.958s] -- Up-to-date: /ros2_ws/install/planning_msgs/share/planning_msgs/package.xml
[4.963s] Invoked command in '/ros2_ws/build/planning_msgs' returned '0': CMAKE_PREFIX_PATH=/opt/ros/foxy /usr/bin/cmake --install /ros2_ws/build/planning_msgs
