[0.065s] Invoking command in '/ros2_ws/build/common_msgs': CMAKE_PREFIX_PATH=/opt/ros/foxy /usr/bin/cmake --build /ros2_ws/build/common_msgs -- -j10 -l10
[0.433s] [  2%] Built target common_msgs__cpp
[0.442s] [ 12%] Built target common_msgs__rosidl_generator_c
[0.821s] [ 53%] Built target common_msgs__rosidl_typesupport_introspection_cpp
[0.823s] [ 53%] Built target common_msgs__rosidl_typesupport_cpp
[0.824s] [ 53%] Built target common_msgs__rosidl_typesupport_introspection_c
[0.824s] [ 53%] Built target common_msgs__rosidl_typesupport_fastrtps_cpp
[0.825s] [ 64%] Built target common_msgs__rosidl_typesupport_c
[1.049s] [ 74%] Built target common_msgs__rosidl_typesupport_fastrtps_c
[1.185s] [ 74%] Built target common_msgs
[1.319s] [ 76%] Built target common_msgs__py
[1.467s] [ 84%] Built target common_msgs__python
[1.647s] [ 89%] Built target common_msgs__rosidl_typesupport_introspection_c__pyext
[1.660s] [ 94%] Built target common_msgs__rosidl_typesupport_c__pyext
[1.670s] [100%] Built target common_msgs__rosidl_typesupport_fastrtps_c__pyext
[1.725s] Invoked command in '/ros2_ws/build/common_msgs' returned '0': CMAKE_PREFIX_PATH=/opt/ros/foxy /usr/bin/cmake --build /ros2_ws/build/common_msgs -- -j10 -l10
[2.809s] Invoking command in '/ros2_ws/build/common_msgs': CMAKE_PREFIX_PATH=/opt/ros/foxy /usr/bin/cmake --install /ros2_ws/build/common_msgs
[2.844s] -- Install configuration: ""
[2.845s] -- Up-to-date: /ros2_ws/install/common_msgs/share/ament_index/resource_index/rosidl_interfaces/common_msgs
[2.846s] -- Up-to-date: /ros2_ws/install/common_msgs/include/common_msgs
[2.846s] -- Up-to-date: /ros2_ws/install/common_msgs/include/common_msgs/msg
[2.847s] -- Up-to-date: /ros2_ws/install/common_msgs/include/common_msgs/msg/rosidl_generator_c__visibility_control.h
[2.847s] -- Up-to-date: /ros2_ws/install/common_msgs/include/common_msgs/msg/stop_reason.h
[2.848s] -- Up-to-date: /ros2_ws/install/common_msgs/include/common_msgs/msg/detail
[2.849s] -- Up-to-date: /ros2_ws/install/common_msgs/include/common_msgs/msg/detail/stop_reason__functions.c
[2.849s] -- Up-to-date: /ros2_ws/install/common_msgs/include/common_msgs/msg/detail/autonomy_mode__functions.c
[2.850s] -- Up-to-date: /ros2_ws/install/common_msgs/include/common_msgs/msg/detail/autonomy_mode__struct.h
[2.851s] -- Up-to-date: /ros2_ws/install/common_msgs/include/common_msgs/msg/detail/stop_reason__functions.h
[2.852s] -- Up-to-date: /ros2_ws/install/common_msgs/include/common_msgs/msg/detail/stop_reason__struct.h
[2.852s] -- Up-to-date: /ros2_ws/install/common_msgs/include/common_msgs/msg/detail/stop_reason__type_support.h
[2.855s] -- Up-to-date: /ros2_ws/install/common_msgs/include/common_msgs/msg/detail/autonomy_mode__functions.h
[2.855s] -- Up-to-date: /ros2_ws/install/common_msgs/include/common_msgs/msg/detail/autonomy_mode__type_support.h
[2.855s] -- Up-to-date: /ros2_ws/install/common_msgs/include/common_msgs/msg/autonomy_mode.h
[2.855s] -- Up-to-date: /ros2_ws/install/common_msgs/share/common_msgs/environment/library_path.sh
[2.855s] -- Up-to-date: /ros2_ws/install/common_msgs/share/common_msgs/environment/library_path.dsv
[2.857s] -- Up-to-date: /ros2_ws/install/common_msgs/lib/libcommon_msgs__rosidl_generator_c.so
[2.859s] -- Up-to-date: /ros2_ws/install/common_msgs/include/common_msgs
[2.860s] -- Up-to-date: /ros2_ws/install/common_msgs/include/common_msgs/msg
[2.861s] -- Up-to-date: /ros2_ws/install/common_msgs/include/common_msgs/msg/detail
[2.861s] -- Up-to-date: /ros2_ws/install/common_msgs/include/common_msgs/msg/detail/autonomy_mode__rosidl_typesupport_fastrtps_c.h
[2.863s] -- Up-to-date: /ros2_ws/install/common_msgs/include/common_msgs/msg/detail/stop_reason__rosidl_typesupport_fastrtps_c.h
[2.867s] -- Up-to-date: /ros2_ws/install/common_msgs/include/common_msgs/msg/rosidl_typesupport_fastrtps_c__visibility_control.h
[2.868s] -- Up-to-date: /ros2_ws/install/common_msgs/lib/libcommon_msgs__rosidl_typesupport_fastrtps_c.so
[2.868s] -- Up-to-date: /ros2_ws/install/common_msgs/include/common_msgs
[2.868s] -- Up-to-date: /ros2_ws/install/common_msgs/include/common_msgs/msg
[2.869s] -- Up-to-date: /ros2_ws/install/common_msgs/include/common_msgs/msg/rosidl_typesupport_fastrtps_cpp__visibility_control.h
[2.869s] -- Up-to-date: /ros2_ws/install/common_msgs/include/common_msgs/msg/detail
[2.870s] -- Up-to-date: /ros2_ws/install/common_msgs/include/common_msgs/msg/detail/autonomy_mode__rosidl_typesupport_fastrtps_cpp.hpp
[2.871s] -- Up-to-date: /ros2_ws/install/common_msgs/include/common_msgs/msg/detail/stop_reason__rosidl_typesupport_fastrtps_cpp.hpp
[2.871s] -- Up-to-date: /ros2_ws/install/common_msgs/include/common_msgs/msg/detail/dds_fastrtps
[2.872s] -- Up-to-date: /ros2_ws/install/common_msgs/lib/libcommon_msgs__rosidl_typesupport_fastrtps_cpp.so
[2.878s] -- Up-to-date: /ros2_ws/install/common_msgs/include/common_msgs
[2.879s] -- Up-to-date: /ros2_ws/install/common_msgs/include/common_msgs/msg
[2.879s] -- Up-to-date: /ros2_ws/install/common_msgs/include/common_msgs/msg/detail
[2.880s] -- Up-to-date: /ros2_ws/install/common_msgs/include/common_msgs/msg/detail/autonomy_mode__rosidl_typesupport_introspection_c.h
[2.880s] -- Up-to-date: /ros2_ws/install/common_msgs/include/common_msgs/msg/detail/autonomy_mode__type_support.c
[2.880s] -- Up-to-date: /ros2_ws/install/common_msgs/include/common_msgs/msg/detail/stop_reason__type_support.c
[2.880s] -- Up-to-date: /ros2_ws/install/common_msgs/include/common_msgs/msg/detail/stop_reason__rosidl_typesupport_introspection_c.h
[2.881s] -- Up-to-date: /ros2_ws/install/common_msgs/include/common_msgs/msg/rosidl_typesupport_introspection_c__visibility_control.h
[2.882s] -- Up-to-date: /ros2_ws/install/common_msgs/lib/libcommon_msgs__rosidl_typesupport_introspection_c.so
[2.883s] -- Up-to-date: /ros2_ws/install/common_msgs/lib/libcommon_msgs__rosidl_typesupport_c.so
[2.885s] -- Up-to-date: /ros2_ws/install/common_msgs/include/common_msgs
[2.885s] -- Up-to-date: /ros2_ws/install/common_msgs/include/common_msgs/msg
[2.886s] -- Up-to-date: /ros2_ws/install/common_msgs/include/common_msgs/msg/autonomy_mode.hpp
[2.886s] -- Up-to-date: /ros2_ws/install/common_msgs/include/common_msgs/msg/stop_reason.hpp
[2.886s] -- Up-to-date: /ros2_ws/install/common_msgs/include/common_msgs/msg/detail
[2.887s] -- Up-to-date: /ros2_ws/install/common_msgs/include/common_msgs/msg/detail/autonomy_mode__builder.hpp
[2.888s] -- Up-to-date: /ros2_ws/install/common_msgs/include/common_msgs/msg/detail/autonomy_mode__traits.hpp
[2.888s] -- Up-to-date: /ros2_ws/install/common_msgs/include/common_msgs/msg/detail/stop_reason__builder.hpp
[2.890s] -- Up-to-date: /ros2_ws/install/common_msgs/include/common_msgs/msg/detail/autonomy_mode__type_support.hpp
[2.891s] -- Up-to-date: /ros2_ws/install/common_msgs/include/common_msgs/msg/detail/stop_reason__traits.hpp
[2.892s] -- Up-to-date: /ros2_ws/install/common_msgs/include/common_msgs/msg/detail/autonomy_mode__struct.hpp
[2.893s] -- Up-to-date: /ros2_ws/install/common_msgs/include/common_msgs/msg/detail/stop_reason__struct.hpp
[2.893s] -- Up-to-date: /ros2_ws/install/common_msgs/include/common_msgs/msg/detail/stop_reason__type_support.hpp
[2.893s] -- Up-to-date: /ros2_ws/install/common_msgs/include/common_msgs/msg/rosidl_generator_cpp__visibility_control.hpp
[2.893s] -- Up-to-date: /ros2_ws/install/common_msgs/include/common_msgs
[2.894s] -- Up-to-date: /ros2_ws/install/common_msgs/include/common_msgs/msg
[2.895s] -- Up-to-date: /ros2_ws/install/common_msgs/include/common_msgs/msg/detail
[2.895s] -- Up-to-date: /ros2_ws/install/common_msgs/include/common_msgs/msg/detail/autonomy_mode__rosidl_typesupport_introspection_cpp.hpp
[2.896s] -- Up-to-date: /ros2_ws/install/common_msgs/include/common_msgs/msg/detail/stop_reason__type_support.cpp
[2.896s] -- Up-to-date: /ros2_ws/install/common_msgs/include/common_msgs/msg/detail/autonomy_mode__type_support.cpp
[2.899s] -- Up-to-date: /ros2_ws/install/common_msgs/include/common_msgs/msg/detail/stop_reason__rosidl_typesupport_introspection_cpp.hpp
[2.900s] -- Up-to-date: /ros2_ws/install/common_msgs/lib/libcommon_msgs__rosidl_typesupport_introspection_cpp.so
[2.901s] -- Up-to-date: /ros2_ws/install/common_msgs/lib/libcommon_msgs__rosidl_typesupport_cpp.so
[2.901s] -- Up-to-date: /ros2_ws/install/common_msgs/share/common_msgs/environment/pythonpath.sh
[2.902s] -- Up-to-date: /ros2_ws/install/common_msgs/share/common_msgs/environment/pythonpath.dsv
[2.903s] -- Up-to-date: /ros2_ws/install/common_msgs/lib/python3.8/site-packages/common_msgs/__init__.py
[2.986s] -- Up-to-date: /ros2_ws/install/common_msgs/lib/python3.8/site-packages/common_msgs/msg
[2.987s] -- Up-to-date: /ros2_ws/install/common_msgs/lib/python3.8/site-packages/common_msgs/msg/_autonomy_mode_s.c
[2.988s] -- Up-to-date: /ros2_ws/install/common_msgs/lib/python3.8/site-packages/common_msgs/msg/_stop_reason.py
[2.988s] -- Up-to-date: /ros2_ws/install/common_msgs/lib/python3.8/site-packages/common_msgs/msg/__init__.py
[2.989s] -- Up-to-date: /ros2_ws/install/common_msgs/lib/python3.8/site-packages/common_msgs/msg/_autonomy_mode.py
[2.990s] -- Up-to-date: /ros2_ws/install/common_msgs/lib/python3.8/site-packages/common_msgs/msg/_stop_reason_s.c
[2.991s] -- Up-to-date: /ros2_ws/install/common_msgs/lib/python3.8/site-packages/common_msgs/common_msgs_s__rosidl_typesupport_fastrtps_c.cpython-38-x86_64-linux-gnu.so
[2.993s] -- Up-to-date: /ros2_ws/install/common_msgs/lib/python3.8/site-packages/common_msgs/common_msgs_s__rosidl_typesupport_introspection_c.cpython-38-x86_64-linux-gnu.so
[2.994s] -- Up-to-date: /ros2_ws/install/common_msgs/lib/python3.8/site-packages/common_msgs/common_msgs_s__rosidl_typesupport_c.cpython-38-x86_64-linux-gnu.so
[2.996s] -- Up-to-date: /ros2_ws/install/common_msgs/lib/libcommon_msgs__python.so
[2.997s] -- Up-to-date: /ros2_ws/install/common_msgs/share/common_msgs/msg/AutonomyMode.idl
[2.997s] -- Up-to-date: /ros2_ws/install/common_msgs/share/common_msgs/msg/StopReason.idl
[2.998s] -- Up-to-date: /ros2_ws/install/common_msgs/share/common_msgs/msg/AutonomyMode.msg
[2.999s] -- Up-to-date: /ros2_ws/install/common_msgs/share/common_msgs/msg/StopReason.msg
[2.999s] -- Up-to-date: /ros2_ws/install/common_msgs/share/ament_index/resource_index/package_run_dependencies/common_msgs
[3.001s] -- Up-to-date: /ros2_ws/install/common_msgs/share/ament_index/resource_index/parent_prefix_path/common_msgs
[3.001s] -- Up-to-date: /ros2_ws/install/common_msgs/share/common_msgs/environment/ament_prefix_path.sh
[3.001s] -- Up-to-date: /ros2_ws/install/common_msgs/share/common_msgs/environment/ament_prefix_path.dsv
[3.002s] -- Up-to-date: /ros2_ws/install/common_msgs/share/common_msgs/environment/path.sh
[3.003s] -- Up-to-date: /ros2_ws/install/common_msgs/share/common_msgs/environment/path.dsv
[3.004s] -- Up-to-date: /ros2_ws/install/common_msgs/share/common_msgs/local_setup.bash
[3.004s] -- Up-to-date: /ros2_ws/install/common_msgs/share/common_msgs/local_setup.sh
[3.008s] -- Up-to-date: /ros2_ws/install/common_msgs/share/common_msgs/local_setup.zsh
[3.009s] -- Up-to-date: /ros2_ws/install/common_msgs/share/common_msgs/local_setup.dsv
[3.009s] -- Installing: /ros2_ws/install/common_msgs/share/common_msgs/package.dsv
[3.010s] -- Up-to-date: /ros2_ws/install/common_msgs/share/ament_index/resource_index/packages/common_msgs
[3.011s] -- Up-to-date: /ros2_ws/install/common_msgs/share/common_msgs/cmake/common_msgs__rosidl_generator_cExport.cmake
[3.012s] -- Up-to-date: /ros2_ws/install/common_msgs/share/common_msgs/cmake/common_msgs__rosidl_generator_cExport-noconfig.cmake
[3.013s] -- Up-to-date: /ros2_ws/install/common_msgs/share/common_msgs/cmake/common_msgs__rosidl_typesupport_introspection_cExport.cmake
[3.014s] -- Up-to-date: /ros2_ws/install/common_msgs/share/common_msgs/cmake/common_msgs__rosidl_typesupport_introspection_cExport-noconfig.cmake
[3.016s] -- Up-to-date: /ros2_ws/install/common_msgs/share/common_msgs/cmake/common_msgs__rosidl_typesupport_cExport.cmake
[3.017s] -- Up-to-date: /ros2_ws/install/common_msgs/share/common_msgs/cmake/common_msgs__rosidl_typesupport_cExport-noconfig.cmake
[3.019s] -- Up-to-date: /ros2_ws/install/common_msgs/share/common_msgs/cmake/common_msgs__rosidl_generator_cppExport.cmake
[3.020s] -- Up-to-date: /ros2_ws/install/common_msgs/share/common_msgs/cmake/common_msgs__rosidl_typesupport_introspection_cppExport.cmake
[3.020s] -- Up-to-date: /ros2_ws/install/common_msgs/share/common_msgs/cmake/common_msgs__rosidl_typesupport_introspection_cppExport-noconfig.cmake
[3.021s] -- Up-to-date: /ros2_ws/install/common_msgs/share/common_msgs/cmake/common_msgs__rosidl_typesupport_cppExport.cmake
[3.021s] -- Up-to-date: /ros2_ws/install/common_msgs/share/common_msgs/cmake/common_msgs__rosidl_typesupport_cppExport-noconfig.cmake
[3.021s] -- Up-to-date: /ros2_ws/install/common_msgs/share/common_msgs/cmake/rosidl_cmake-extras.cmake
[3.022s] -- Up-to-date: /ros2_ws/install/common_msgs/share/common_msgs/cmake/ament_cmake_export_dependencies-extras.cmake
[3.022s] -- Up-to-date: /ros2_ws/install/common_msgs/share/common_msgs/cmake/ament_cmake_export_libraries-extras.cmake
[3.023s] -- Up-to-date: /ros2_ws/install/common_msgs/share/common_msgs/cmake/ament_cmake_export_targets-extras.cmake
[3.024s] -- Up-to-date: /ros2_ws/install/common_msgs/share/common_msgs/cmake/ament_cmake_export_include_directories-extras.cmake
[3.024s] -- Up-to-date: /ros2_ws/install/common_msgs/share/common_msgs/cmake/rosidl_cmake_export_typesupport_libraries-extras.cmake
[3.025s] -- Up-to-date: /ros2_ws/install/common_msgs/share/common_msgs/cmake/rosidl_cmake_export_typesupport_targets-extras.cmake
[3.025s] -- Up-to-date: /ros2_ws/install/common_msgs/share/common_msgs/cmake/common_msgsConfig.cmake
[3.026s] -- Up-to-date: /ros2_ws/install/common_msgs/share/common_msgs/cmake/common_msgsConfig-version.cmake
[3.029s] -- Up-to-date: /ros2_ws/install/common_msgs/share/common_msgs/package.xml
[3.035s] Invoked command in '/ros2_ws/build/common_msgs' returned '0': CMAKE_PREFIX_PATH=/opt/ros/foxy /usr/bin/cmake --install /ros2_ws/build/common_msgs
