[0.070s] Invoking command in '/ros2_ws/build/perception_msgs': CMAKE_PREFIX_PATH=/opt/ros/foxy /usr/bin/cmake --build /ros2_ws/build/perception_msgs -- -j10 -l10
[0.506s] [  1%] Built target perception_msgs__cpp
[0.611s] [ 12%] Built target perception_msgs__rosidl_generator_c
[0.970s] [ 30%] Built target perception_msgs__rosidl_typesupport_cpp
[0.980s] [ 37%] Built target perception_msgs__rosidl_typesupport_fastrtps_cpp
[0.985s] [ 47%] Built target perception_msgs__rosidl_typesupport_introspection_cpp
[1.013s] [ 69%] Built target perception_msgs__rosidl_typesupport_c
[1.016s] [ 70%] Built target perception_msgs__rosidl_typesupport_introspection_c
[1.177s] [ 82%] Built target perception_msgs__rosidl_typesupport_fastrtps_c
[1.335s] [ 82%] Built target perception_msgs
[1.489s] [ 83%] Built target perception_msgs__py
[1.700s] [ 93%] Built target perception_msgs__python
[1.900s] [ 95%] Built target perception_msgs__rosidl_typesupport_introspection_c__pyext
[1.904s] [ 97%] Built target perception_msgs__rosidl_typesupport_c__pyext
[1.916s] [100%] Built target perception_msgs__rosidl_typesupport_fastrtps_c__pyext
[1.967s] Invoked command in '/ros2_ws/build/perception_msgs' returned '0': CMAKE_PREFIX_PATH=/opt/ros/foxy /usr/bin/cmake --build /ros2_ws/build/perception_msgs -- -j10 -l10
[4.782s] Invoking command in '/ros2_ws/build/perception_msgs': CMAKE_PREFIX_PATH=/opt/ros/foxy /usr/bin/cmake --install /ros2_ws/build/perception_msgs
[4.850s] -- Install configuration: ""
[4.854s] -- Up-to-date: /ros2_ws/install/perception_msgs/share/ament_index/resource_index/rosidl_interfaces/perception_msgs
[4.859s] -- Up-to-date: /ros2_ws/install/perception_msgs/include/perception_msgs
[4.860s] -- Up-to-date: /ros2_ws/install/perception_msgs/include/perception_msgs/msg
[4.862s] -- Up-to-date: /ros2_ws/install/perception_msgs/include/perception_msgs/msg/obstacle_track.h
[4.863s] -- Up-to-date: /ros2_ws/install/perception_msgs/include/perception_msgs/msg/rosidl_generator_c__visibility_control.h
[4.864s] -- Up-to-date: /ros2_ws/install/perception_msgs/include/perception_msgs/msg/obstacle_tracks.h
[4.864s] -- Up-to-date: /ros2_ws/install/perception_msgs/include/perception_msgs/msg/traffic_light_state.h
[4.865s] -- Up-to-date: /ros2_ws/install/perception_msgs/include/perception_msgs/msg/detail
[4.865s] -- Up-to-date: /ros2_ws/install/perception_msgs/include/perception_msgs/msg/detail/perception_diagnostics__functions.h
[4.866s] -- Up-to-date: /ros2_ws/install/perception_msgs/include/perception_msgs/msg/detail/obstacle_tracks__struct.h
[4.866s] -- Up-to-date: /ros2_ws/install/perception_msgs/include/perception_msgs/msg/detail/lane_model__struct.h
[4.867s] -- Up-to-date: /ros2_ws/install/perception_msgs/include/perception_msgs/msg/detail/obstacle_tracks__functions.c
[4.867s] -- Up-to-date: /ros2_ws/install/perception_msgs/include/perception_msgs/msg/detail/stop_target__functions.c
[4.867s] -- Up-to-date: /ros2_ws/install/perception_msgs/include/perception_msgs/msg/detail/perception_diagnostics__type_support.h
[4.868s] -- Up-to-date: /ros2_ws/install/perception_msgs/include/perception_msgs/msg/detail/obstacle_track__functions.c
[4.868s] -- Up-to-date: /ros2_ws/install/perception_msgs/include/perception_msgs/msg/detail/stop_target__type_support.h
[4.868s] -- Up-to-date: /ros2_ws/install/perception_msgs/include/perception_msgs/msg/detail/traffic_light_state__functions.c
[4.869s] -- Up-to-date: /ros2_ws/install/perception_msgs/include/perception_msgs/msg/detail/traffic_sign__struct.h
[4.869s] -- Up-to-date: /ros2_ws/install/perception_msgs/include/perception_msgs/msg/detail/lane_model__functions.h
[4.869s] -- Up-to-date: /ros2_ws/install/perception_msgs/include/perception_msgs/msg/detail/traffic_sign__functions.h
[4.872s] -- Up-to-date: /ros2_ws/install/perception_msgs/include/perception_msgs/msg/detail/traffic_signs__functions.c
[4.873s] -- Up-to-date: /ros2_ws/install/perception_msgs/include/perception_msgs/msg/detail/traffic_light_state__type_support.h
[4.873s] -- Up-to-date: /ros2_ws/install/perception_msgs/include/perception_msgs/msg/detail/junction__functions.h
[4.873s] -- Up-to-date: /ros2_ws/install/perception_msgs/include/perception_msgs/msg/detail/junction__struct.h
[4.874s] -- Up-to-date: /ros2_ws/install/perception_msgs/include/perception_msgs/msg/detail/perception_diagnostics__functions.c
[4.874s] -- Up-to-date: /ros2_ws/install/perception_msgs/include/perception_msgs/msg/detail/stop_target__struct.h
[4.874s] -- Up-to-date: /ros2_ws/install/perception_msgs/include/perception_msgs/msg/detail/obstacle_tracks__functions.h
[4.875s] -- Up-to-date: /ros2_ws/install/perception_msgs/include/perception_msgs/msg/detail/perception_diagnostics__struct.h
[4.875s] -- Up-to-date: /ros2_ws/install/perception_msgs/include/perception_msgs/msg/detail/stop_target__functions.h
[4.875s] -- Up-to-date: /ros2_ws/install/perception_msgs/include/perception_msgs/msg/detail/obstacle_tracks__type_support.h
[4.875s] -- Up-to-date: /ros2_ws/install/perception_msgs/include/perception_msgs/msg/detail/obstacle_track__struct.h
[4.875s] -- Up-to-date: /ros2_ws/install/perception_msgs/include/perception_msgs/msg/detail/traffic_sign__type_support.h
[4.876s] -- Up-to-date: /ros2_ws/install/perception_msgs/include/perception_msgs/msg/detail/obstacle_track__type_support.h
[4.876s] -- Up-to-date: /ros2_ws/install/perception_msgs/include/perception_msgs/msg/detail/lane_model__type_support.h
[4.876s] -- Up-to-date: /ros2_ws/install/perception_msgs/include/perception_msgs/msg/detail/traffic_light_state__functions.h
[4.876s] -- Up-to-date: /ros2_ws/install/perception_msgs/include/perception_msgs/msg/detail/obstacle_track__functions.h
[4.877s] -- Up-to-date: /ros2_ws/install/perception_msgs/include/perception_msgs/msg/detail/traffic_signs__type_support.h
[4.877s] -- Up-to-date: /ros2_ws/install/perception_msgs/include/perception_msgs/msg/detail/junction__type_support.h
[4.877s] -- Up-to-date: /ros2_ws/install/perception_msgs/include/perception_msgs/msg/detail/traffic_signs__struct.h
[4.877s] -- Up-to-date: /ros2_ws/install/perception_msgs/include/perception_msgs/msg/detail/junction__functions.c
[4.878s] -- Up-to-date: /ros2_ws/install/perception_msgs/include/perception_msgs/msg/detail/traffic_signs__functions.h
[4.878s] -- Up-to-date: /ros2_ws/install/perception_msgs/include/perception_msgs/msg/detail/lane_model__functions.c
[4.878s] -- Up-to-date: /ros2_ws/install/perception_msgs/include/perception_msgs/msg/detail/traffic_light_state__struct.h
[4.879s] -- Up-to-date: /ros2_ws/install/perception_msgs/include/perception_msgs/msg/detail/traffic_sign__functions.c
[4.879s] -- Up-to-date: /ros2_ws/install/perception_msgs/include/perception_msgs/msg/junction.h
[4.879s] -- Up-to-date: /ros2_ws/install/perception_msgs/include/perception_msgs/msg/lane_model.h
[4.879s] -- Up-to-date: /ros2_ws/install/perception_msgs/include/perception_msgs/msg/perception_diagnostics.h
[4.880s] -- Up-to-date: /ros2_ws/install/perception_msgs/include/perception_msgs/msg/traffic_signs.h
[4.880s] -- Up-to-date: /ros2_ws/install/perception_msgs/include/perception_msgs/msg/stop_target.h
[4.880s] -- Up-to-date: /ros2_ws/install/perception_msgs/include/perception_msgs/msg/traffic_sign.h
[4.881s] -- Up-to-date: /ros2_ws/install/perception_msgs/share/perception_msgs/environment/library_path.sh
[4.881s] -- Up-to-date: /ros2_ws/install/perception_msgs/share/perception_msgs/environment/library_path.dsv
[4.881s] -- Up-to-date: /ros2_ws/install/perception_msgs/lib/libperception_msgs__rosidl_generator_c.so
[4.881s] -- Up-to-date: /ros2_ws/install/perception_msgs/include/perception_msgs
[4.881s] -- Up-to-date: /ros2_ws/install/perception_msgs/include/perception_msgs/msg
[4.882s] -- Up-to-date: /ros2_ws/install/perception_msgs/include/perception_msgs/msg/detail
[4.882s] -- Up-to-date: /ros2_ws/install/perception_msgs/include/perception_msgs/msg/detail/stop_target__rosidl_typesupport_fastrtps_c.h
[4.882s] -- Up-to-date: /ros2_ws/install/perception_msgs/include/perception_msgs/msg/detail/obstacle_track__rosidl_typesupport_fastrtps_c.h
[4.883s] -- Up-to-date: /ros2_ws/install/perception_msgs/include/perception_msgs/msg/detail/traffic_sign__rosidl_typesupport_fastrtps_c.h
[4.884s] -- Up-to-date: /ros2_ws/install/perception_msgs/include/perception_msgs/msg/detail/traffic_signs__rosidl_typesupport_fastrtps_c.h
[4.885s] -- Up-to-date: /ros2_ws/install/perception_msgs/include/perception_msgs/msg/detail/junction__rosidl_typesupport_fastrtps_c.h
[4.885s] -- Up-to-date: /ros2_ws/install/perception_msgs/include/perception_msgs/msg/detail/obstacle_tracks__rosidl_typesupport_fastrtps_c.h
[4.885s] -- Up-to-date: /ros2_ws/install/perception_msgs/include/perception_msgs/msg/detail/perception_diagnostics__rosidl_typesupport_fastrtps_c.h
[4.886s] -- Up-to-date: /ros2_ws/install/perception_msgs/include/perception_msgs/msg/detail/traffic_light_state__rosidl_typesupport_fastrtps_c.h
[4.887s] -- Up-to-date: /ros2_ws/install/perception_msgs/include/perception_msgs/msg/detail/lane_model__rosidl_typesupport_fastrtps_c.h
[4.887s] -- Up-to-date: /ros2_ws/install/perception_msgs/include/perception_msgs/msg/rosidl_typesupport_fastrtps_c__visibility_control.h
[4.887s] -- Up-to-date: /ros2_ws/install/perception_msgs/lib/libperception_msgs__rosidl_typesupport_fastrtps_c.so
[4.888s] -- Up-to-date: /ros2_ws/install/perception_msgs/include/perception_msgs
[4.888s] -- Up-to-date: /ros2_ws/install/perception_msgs/include/perception_msgs/msg
[4.888s] -- Up-to-date: /ros2_ws/install/perception_msgs/include/perception_msgs/msg/rosidl_typesupport_fastrtps_cpp__visibility_control.h
[4.888s] -- Up-to-date: /ros2_ws/install/perception_msgs/include/perception_msgs/msg/detail
[4.889s] -- Up-to-date: /ros2_ws/install/perception_msgs/include/perception_msgs/msg/detail/obstacle_tracks__rosidl_typesupport_fastrtps_cpp.hpp
[4.889s] -- Up-to-date: /ros2_ws/install/perception_msgs/include/perception_msgs/msg/detail/lane_model__rosidl_typesupport_fastrtps_cpp.hpp
[4.889s] -- Up-to-date: /ros2_ws/install/perception_msgs/include/perception_msgs/msg/detail/stop_target__rosidl_typesupport_fastrtps_cpp.hpp
[4.889s] -- Up-to-date: /ros2_ws/install/perception_msgs/include/perception_msgs/msg/detail/perception_diagnostics__rosidl_typesupport_fastrtps_cpp.hpp
[4.889s] -- Up-to-date: /ros2_ws/install/perception_msgs/include/perception_msgs/msg/detail/traffic_light_state__rosidl_typesupport_fastrtps_cpp.hpp
[4.890s] -- Up-to-date: /ros2_ws/install/perception_msgs/include/perception_msgs/msg/detail/obstacle_track__rosidl_typesupport_fastrtps_cpp.hpp
[4.890s] -- Up-to-date: /ros2_ws/install/perception_msgs/include/perception_msgs/msg/detail/traffic_signs__rosidl_typesupport_fastrtps_cpp.hpp
[4.890s] -- Up-to-date: /ros2_ws/install/perception_msgs/include/perception_msgs/msg/detail/dds_fastrtps
[4.890s] -- Up-to-date: /ros2_ws/install/perception_msgs/include/perception_msgs/msg/detail/junction__rosidl_typesupport_fastrtps_cpp.hpp
[4.891s] -- Up-to-date: /ros2_ws/install/perception_msgs/include/perception_msgs/msg/detail/traffic_sign__rosidl_typesupport_fastrtps_cpp.hpp
[4.891s] -- Up-to-date: /ros2_ws/install/perception_msgs/lib/libperception_msgs__rosidl_typesupport_fastrtps_cpp.so
[4.893s] -- Up-to-date: /ros2_ws/install/perception_msgs/include/perception_msgs
[4.893s] -- Up-to-date: /ros2_ws/install/perception_msgs/include/perception_msgs/msg
[4.894s] -- Up-to-date: /ros2_ws/install/perception_msgs/include/perception_msgs/msg/detail
[4.894s] -- Up-to-date: /ros2_ws/install/perception_msgs/include/perception_msgs/msg/detail/stop_target__rosidl_typesupport_introspection_c.h
[4.894s] -- Up-to-date: /ros2_ws/install/perception_msgs/include/perception_msgs/msg/detail/traffic_light_state__rosidl_typesupport_introspection_c.h
[4.894s] -- Up-to-date: /ros2_ws/install/perception_msgs/include/perception_msgs/msg/detail/traffic_sign__type_support.c
[4.895s] -- Up-to-date: /ros2_ws/install/perception_msgs/include/perception_msgs/msg/detail/obstacle_tracks__type_support.c
[4.895s] -- Up-to-date: /ros2_ws/install/perception_msgs/include/perception_msgs/msg/detail/traffic_signs__rosidl_typesupport_introspection_c.h
[4.895s] -- Up-to-date: /ros2_ws/install/perception_msgs/include/perception_msgs/msg/detail/traffic_sign__rosidl_typesupport_introspection_c.h
[4.895s] -- Up-to-date: /ros2_ws/install/perception_msgs/include/perception_msgs/msg/detail/traffic_signs__type_support.c
[4.896s] -- Up-to-date: /ros2_ws/install/perception_msgs/include/perception_msgs/msg/detail/lane_model__type_support.c
[4.896s] -- Up-to-date: /ros2_ws/install/perception_msgs/include/perception_msgs/msg/detail/obstacle_track__type_support.c
[4.896s] -- Up-to-date: /ros2_ws/install/perception_msgs/include/perception_msgs/msg/detail/junction__rosidl_typesupport_introspection_c.h
[4.896s] -- Up-to-date: /ros2_ws/install/perception_msgs/include/perception_msgs/msg/detail/junction__type_support.c
[4.897s] -- Up-to-date: /ros2_ws/install/perception_msgs/include/perception_msgs/msg/detail/perception_diagnostics__type_support.c
[4.897s] -- Up-to-date: /ros2_ws/install/perception_msgs/include/perception_msgs/msg/detail/stop_target__type_support.c
[4.897s] -- Up-to-date: /ros2_ws/install/perception_msgs/include/perception_msgs/msg/detail/lane_model__rosidl_typesupport_introspection_c.h
[4.897s] -- Up-to-date: /ros2_ws/install/perception_msgs/include/perception_msgs/msg/detail/traffic_light_state__type_support.c
[4.897s] -- Up-to-date: /ros2_ws/install/perception_msgs/include/perception_msgs/msg/detail/obstacle_tracks__rosidl_typesupport_introspection_c.h
[4.898s] -- Up-to-date: /ros2_ws/install/perception_msgs/include/perception_msgs/msg/detail/obstacle_track__rosidl_typesupport_introspection_c.h
[4.898s] -- Up-to-date: /ros2_ws/install/perception_msgs/include/perception_msgs/msg/detail/perception_diagnostics__rosidl_typesupport_introspection_c.h
[4.898s] -- Up-to-date: /ros2_ws/install/perception_msgs/include/perception_msgs/msg/rosidl_typesupport_introspection_c__visibility_control.h
[4.898s] -- Up-to-date: /ros2_ws/install/perception_msgs/lib/libperception_msgs__rosidl_typesupport_introspection_c.so
[4.899s] -- Up-to-date: /ros2_ws/install/perception_msgs/lib/libperception_msgs__rosidl_typesupport_c.so
[4.899s] -- Up-to-date: /ros2_ws/install/perception_msgs/include/perception_msgs
[4.900s] -- Up-to-date: /ros2_ws/install/perception_msgs/include/perception_msgs/msg
[4.900s] -- Up-to-date: /ros2_ws/install/perception_msgs/include/perception_msgs/msg/lane_model.hpp
[4.901s] -- Up-to-date: /ros2_ws/install/perception_msgs/include/perception_msgs/msg/obstacle_tracks.hpp
[4.901s] -- Up-to-date: /ros2_ws/install/perception_msgs/include/perception_msgs/msg/stop_target.hpp
[4.901s] -- Up-to-date: /ros2_ws/install/perception_msgs/include/perception_msgs/msg/traffic_sign.hpp
[4.901s] -- Up-to-date: /ros2_ws/install/perception_msgs/include/perception_msgs/msg/obstacle_track.hpp
[4.902s] -- Up-to-date: /ros2_ws/install/perception_msgs/include/perception_msgs/msg/detail
[4.902s] -- Up-to-date: /ros2_ws/install/perception_msgs/include/perception_msgs/msg/detail/traffic_signs__builder.hpp
[4.902s] -- Up-to-date: /ros2_ws/install/perception_msgs/include/perception_msgs/msg/detail/stop_target__traits.hpp
[4.902s] -- Up-to-date: /ros2_ws/install/perception_msgs/include/perception_msgs/msg/detail/obstacle_track__traits.hpp
[4.903s] -- Up-to-date: /ros2_ws/install/perception_msgs/include/perception_msgs/msg/detail/traffic_signs__traits.hpp
[4.903s] -- Up-to-date: /ros2_ws/install/perception_msgs/include/perception_msgs/msg/detail/traffic_light_state__struct.hpp
[4.904s] -- Up-to-date: /ros2_ws/install/perception_msgs/include/perception_msgs/msg/detail/obstacle_track__builder.hpp
[4.904s] -- Up-to-date: /ros2_ws/install/perception_msgs/include/perception_msgs/msg/detail/traffic_light_state__builder.hpp
[4.904s] -- Up-to-date: /ros2_ws/install/perception_msgs/include/perception_msgs/msg/detail/obstacle_tracks__struct.hpp
[4.905s] -- Up-to-date: /ros2_ws/install/perception_msgs/include/perception_msgs/msg/detail/perception_diagnostics__traits.hpp
[4.905s] -- Up-to-date: /ros2_ws/install/perception_msgs/include/perception_msgs/msg/detail/stop_target__builder.hpp
[4.906s] -- Up-to-date: /ros2_ws/install/perception_msgs/include/perception_msgs/msg/detail/obstacle_tracks__builder.hpp
[4.906s] -- Up-to-date: /ros2_ws/install/perception_msgs/include/perception_msgs/msg/detail/obstacle_tracks__type_support.hpp
[4.906s] -- Up-to-date: /ros2_ws/install/perception_msgs/include/perception_msgs/msg/detail/traffic_sign__struct.hpp
[4.906s] -- Up-to-date: /ros2_ws/install/perception_msgs/include/perception_msgs/msg/detail/lane_model__struct.hpp
[4.906s] -- Up-to-date: /ros2_ws/install/perception_msgs/include/perception_msgs/msg/detail/junction__traits.hpp
[4.907s] -- Up-to-date: /ros2_ws/install/perception_msgs/include/perception_msgs/msg/detail/obstacle_track__struct.hpp
[4.907s] -- Up-to-date: /ros2_ws/install/perception_msgs/include/perception_msgs/msg/detail/traffic_signs__struct.hpp
[4.907s] -- Up-to-date: /ros2_ws/install/perception_msgs/include/perception_msgs/msg/detail/junction__builder.hpp
[4.907s] -- Up-to-date: /ros2_ws/install/perception_msgs/include/perception_msgs/msg/detail/stop_target__struct.hpp
[4.908s] -- Up-to-date: /ros2_ws/install/perception_msgs/include/perception_msgs/msg/detail/junction__type_support.hpp
[4.908s] -- Up-to-date: /ros2_ws/install/perception_msgs/include/perception_msgs/msg/detail/traffic_sign__builder.hpp
[4.908s] -- Up-to-date: /ros2_ws/install/perception_msgs/include/perception_msgs/msg/detail/lane_model__builder.hpp
[4.909s] -- Up-to-date: /ros2_ws/install/perception_msgs/include/perception_msgs/msg/detail/perception_diagnostics__struct.hpp
[4.909s] -- Up-to-date: /ros2_ws/install/perception_msgs/include/perception_msgs/msg/detail/obstacle_tracks__traits.hpp
[4.909s] -- Up-to-date: /ros2_ws/install/perception_msgs/include/perception_msgs/msg/detail/traffic_light_state__type_support.hpp
[4.910s] -- Up-to-date: /ros2_ws/install/perception_msgs/include/perception_msgs/msg/detail/traffic_light_state__traits.hpp
[4.910s] -- Up-to-date: /ros2_ws/install/perception_msgs/include/perception_msgs/msg/detail/traffic_sign__traits.hpp
[4.911s] -- Up-to-date: /ros2_ws/install/perception_msgs/include/perception_msgs/msg/detail/perception_diagnostics__type_support.hpp
[4.911s] -- Up-to-date: /ros2_ws/install/perception_msgs/include/perception_msgs/msg/detail/lane_model__traits.hpp
[4.912s] -- Up-to-date: /ros2_ws/install/perception_msgs/include/perception_msgs/msg/detail/stop_target__type_support.hpp
[4.912s] -- Up-to-date: /ros2_ws/install/perception_msgs/include/perception_msgs/msg/detail/lane_model__type_support.hpp
[4.912s] -- Up-to-date: /ros2_ws/install/perception_msgs/include/perception_msgs/msg/detail/traffic_sign__type_support.hpp
[4.912s] -- Up-to-date: /ros2_ws/install/perception_msgs/include/perception_msgs/msg/detail/traffic_signs__type_support.hpp
[4.913s] -- Up-to-date: /ros2_ws/install/perception_msgs/include/perception_msgs/msg/detail/obstacle_track__type_support.hpp
[4.913s] -- Up-to-date: /ros2_ws/install/perception_msgs/include/perception_msgs/msg/detail/junction__struct.hpp
[4.913s] -- Up-to-date: /ros2_ws/install/perception_msgs/include/perception_msgs/msg/detail/perception_diagnostics__builder.hpp
[4.913s] -- Up-to-date: /ros2_ws/install/perception_msgs/include/perception_msgs/msg/rosidl_generator_cpp__visibility_control.hpp
[4.914s] -- Up-to-date: /ros2_ws/install/perception_msgs/include/perception_msgs/msg/traffic_light_state.hpp
[4.914s] -- Up-to-date: /ros2_ws/install/perception_msgs/include/perception_msgs/msg/traffic_signs.hpp
[4.914s] -- Up-to-date: /ros2_ws/install/perception_msgs/include/perception_msgs/msg/perception_diagnostics.hpp
[4.914s] -- Up-to-date: /ros2_ws/install/perception_msgs/include/perception_msgs/msg/junction.hpp
[4.915s] -- Up-to-date: /ros2_ws/install/perception_msgs/include/perception_msgs
[4.915s] -- Up-to-date: /ros2_ws/install/perception_msgs/include/perception_msgs/msg
[4.915s] -- Up-to-date: /ros2_ws/install/perception_msgs/include/perception_msgs/msg/detail
[4.916s] -- Up-to-date: /ros2_ws/install/perception_msgs/include/perception_msgs/msg/detail/perception_diagnostics__type_support.cpp
[4.916s] -- Up-to-date: /ros2_ws/install/perception_msgs/include/perception_msgs/msg/detail/stop_target__type_support.cpp
[4.917s] -- Up-to-date: /ros2_ws/install/perception_msgs/include/perception_msgs/msg/detail/obstacle_tracks__rosidl_typesupport_introspection_cpp.hpp
[4.917s] -- Up-to-date: /ros2_ws/install/perception_msgs/include/perception_msgs/msg/detail/traffic_sign__type_support.cpp
[4.917s] -- Up-to-date: /ros2_ws/install/perception_msgs/include/perception_msgs/msg/detail/lane_model__type_support.cpp
[4.918s] -- Up-to-date: /ros2_ws/install/perception_msgs/include/perception_msgs/msg/detail/traffic_signs__type_support.cpp
[4.918s] -- Up-to-date: /ros2_ws/install/perception_msgs/include/perception_msgs/msg/detail/obstacle_track__type_support.cpp
[4.918s] -- Up-to-date: /ros2_ws/install/perception_msgs/include/perception_msgs/msg/detail/obstacle_track__rosidl_typesupport_introspection_cpp.hpp
[4.919s] -- Up-to-date: /ros2_ws/install/perception_msgs/include/perception_msgs/msg/detail/junction__rosidl_typesupport_introspection_cpp.hpp
[4.919s] -- Up-to-date: /ros2_ws/install/perception_msgs/include/perception_msgs/msg/detail/stop_target__rosidl_typesupport_introspection_cpp.hpp
[4.919s] -- Up-to-date: /ros2_ws/install/perception_msgs/include/perception_msgs/msg/detail/perception_diagnostics__rosidl_typesupport_introspection_cpp.hpp
[4.919s] -- Up-to-date: /ros2_ws/install/perception_msgs/include/perception_msgs/msg/detail/traffic_light_state__rosidl_typesupport_introspection_cpp.hpp
[4.920s] -- Up-to-date: /ros2_ws/install/perception_msgs/include/perception_msgs/msg/detail/junction__type_support.cpp
[4.920s] -- Up-to-date: /ros2_ws/install/perception_msgs/include/perception_msgs/msg/detail/traffic_light_state__type_support.cpp
[4.920s] -- Up-to-date: /ros2_ws/install/perception_msgs/include/perception_msgs/msg/detail/lane_model__rosidl_typesupport_introspection_cpp.hpp
[4.921s] -- Up-to-date: /ros2_ws/install/perception_msgs/include/perception_msgs/msg/detail/obstacle_tracks__type_support.cpp
[4.921s] -- Up-to-date: /ros2_ws/install/perception_msgs/include/perception_msgs/msg/detail/traffic_sign__rosidl_typesupport_introspection_cpp.hpp
[4.921s] -- Up-to-date: /ros2_ws/install/perception_msgs/include/perception_msgs/msg/detail/traffic_signs__rosidl_typesupport_introspection_cpp.hpp
[4.922s] -- Up-to-date: /ros2_ws/install/perception_msgs/lib/libperception_msgs__rosidl_typesupport_introspection_cpp.so
[4.923s] -- Up-to-date: /ros2_ws/install/perception_msgs/lib/libperception_msgs__rosidl_typesupport_cpp.so
[4.924s] -- Up-to-date: /ros2_ws/install/perception_msgs/share/perception_msgs/environment/pythonpath.sh
[4.924s] -- Up-to-date: /ros2_ws/install/perception_msgs/share/perception_msgs/environment/pythonpath.dsv
[4.925s] -- Up-to-date: /ros2_ws/install/perception_msgs/lib/python3.8/site-packages/perception_msgs/__init__.py
[5.034s] -- Up-to-date: /ros2_ws/install/perception_msgs/lib/python3.8/site-packages/perception_msgs/msg
[5.035s] -- Up-to-date: /ros2_ws/install/perception_msgs/lib/python3.8/site-packages/perception_msgs/msg/_lane_model.py
[5.035s] -- Up-to-date: /ros2_ws/install/perception_msgs/lib/python3.8/site-packages/perception_msgs/msg/_lane_model_s.c
[5.035s] -- Up-to-date: /ros2_ws/install/perception_msgs/lib/python3.8/site-packages/perception_msgs/msg/_stop_target.py
[5.035s] -- Up-to-date: /ros2_ws/install/perception_msgs/lib/python3.8/site-packages/perception_msgs/msg/_traffic_sign.py
[5.035s] -- Up-to-date: /ros2_ws/install/perception_msgs/lib/python3.8/site-packages/perception_msgs/msg/_obstacle_tracks.py
[5.036s] -- Up-to-date: /ros2_ws/install/perception_msgs/lib/python3.8/site-packages/perception_msgs/msg/_obstacle_tracks_s.c
[5.036s] -- Up-to-date: /ros2_ws/install/perception_msgs/lib/python3.8/site-packages/perception_msgs/msg/_obstacle_track.py
[5.036s] -- Up-to-date: /ros2_ws/install/perception_msgs/lib/python3.8/site-packages/perception_msgs/msg/_perception_diagnostics.py
[5.037s] -- Up-to-date: /ros2_ws/install/perception_msgs/lib/python3.8/site-packages/perception_msgs/msg/_obstacle_track_s.c
[5.037s] -- Up-to-date: /ros2_ws/install/perception_msgs/lib/python3.8/site-packages/perception_msgs/msg/__init__.py
[5.037s] -- Up-to-date: /ros2_ws/install/perception_msgs/lib/python3.8/site-packages/perception_msgs/msg/_traffic_sign_s.c
[5.038s] -- Up-to-date: /ros2_ws/install/perception_msgs/lib/python3.8/site-packages/perception_msgs/msg/_junction_s.c
[5.038s] -- Up-to-date: /ros2_ws/install/perception_msgs/lib/python3.8/site-packages/perception_msgs/msg/_junction.py
[5.038s] -- Up-to-date: /ros2_ws/install/perception_msgs/lib/python3.8/site-packages/perception_msgs/msg/_stop_target_s.c
[5.038s] -- Up-to-date: /ros2_ws/install/perception_msgs/lib/python3.8/site-packages/perception_msgs/msg/_traffic_light_state.py
[5.039s] -- Up-to-date: /ros2_ws/install/perception_msgs/lib/python3.8/site-packages/perception_msgs/msg/_traffic_signs_s.c
[5.039s] -- Up-to-date: /ros2_ws/install/perception_msgs/lib/python3.8/site-packages/perception_msgs/msg/_perception_diagnostics_s.c
[5.040s] -- Up-to-date: /ros2_ws/install/perception_msgs/lib/python3.8/site-packages/perception_msgs/msg/_traffic_signs.py
[5.040s] -- Up-to-date: /ros2_ws/install/perception_msgs/lib/python3.8/site-packages/perception_msgs/msg/_traffic_light_state_s.c
[5.041s] -- Up-to-date: /ros2_ws/install/perception_msgs/lib/python3.8/site-packages/perception_msgs/perception_msgs_s__rosidl_typesupport_fastrtps_c.cpython-38-x86_64-linux-gnu.so
[5.045s] -- Up-to-date: /ros2_ws/install/perception_msgs/lib/python3.8/site-packages/perception_msgs/perception_msgs_s__rosidl_typesupport_introspection_c.cpython-38-x86_64-linux-gnu.so
[5.047s] -- Up-to-date: /ros2_ws/install/perception_msgs/lib/python3.8/site-packages/perception_msgs/perception_msgs_s__rosidl_typesupport_c.cpython-38-x86_64-linux-gnu.so
[5.050s] -- Up-to-date: /ros2_ws/install/perception_msgs/lib/libperception_msgs__python.so
[5.050s] -- Up-to-date: /ros2_ws/install/perception_msgs/share/perception_msgs/msg/LaneModel.idl
[5.051s] -- Up-to-date: /ros2_ws/install/perception_msgs/share/perception_msgs/msg/TrafficLightState.idl
[5.052s] -- Up-to-date: /ros2_ws/install/perception_msgs/share/perception_msgs/msg/TrafficSign.idl
[5.052s] -- Up-to-date: /ros2_ws/install/perception_msgs/share/perception_msgs/msg/TrafficSigns.idl
[5.052s] -- Up-to-date: /ros2_ws/install/perception_msgs/share/perception_msgs/msg/ObstacleTrack.idl
[5.053s] -- Up-to-date: /ros2_ws/install/perception_msgs/share/perception_msgs/msg/ObstacleTracks.idl
[5.054s] -- Up-to-date: /ros2_ws/install/perception_msgs/share/perception_msgs/msg/StopTarget.idl
[5.054s] -- Up-to-date: /ros2_ws/install/perception_msgs/share/perception_msgs/msg/Junction.idl
[5.055s] -- Up-to-date: /ros2_ws/install/perception_msgs/share/perception_msgs/msg/PerceptionDiagnostics.idl
[5.055s] -- Up-to-date: /ros2_ws/install/perception_msgs/share/perception_msgs/msg/LaneModel.msg
[5.055s] -- Up-to-date: /ros2_ws/install/perception_msgs/share/perception_msgs/msg/TrafficLightState.msg
[5.055s] -- Up-to-date: /ros2_ws/install/perception_msgs/share/perception_msgs/msg/TrafficSign.msg
[5.056s] -- Up-to-date: /ros2_ws/install/perception_msgs/share/perception_msgs/msg/TrafficSigns.msg
[5.056s] -- Up-to-date: /ros2_ws/install/perception_msgs/share/perception_msgs/msg/ObstacleTrack.msg
[5.056s] -- Up-to-date: /ros2_ws/install/perception_msgs/share/perception_msgs/msg/ObstacleTracks.msg
[5.057s] -- Up-to-date: /ros2_ws/install/perception_msgs/share/perception_msgs/msg/StopTarget.msg
[5.057s] -- Up-to-date: /ros2_ws/install/perception_msgs/share/perception_msgs/msg/Junction.msg
[5.057s] -- Up-to-date: /ros2_ws/install/perception_msgs/share/perception_msgs/msg/PerceptionDiagnostics.msg
[5.058s] -- Up-to-date: /ros2_ws/install/perception_msgs/share/ament_index/resource_index/package_run_dependencies/perception_msgs
[5.058s] -- Up-to-date: /ros2_ws/install/perception_msgs/share/ament_index/resource_index/parent_prefix_path/perception_msgs
[5.058s] -- Up-to-date: /ros2_ws/install/perception_msgs/share/perception_msgs/environment/ament_prefix_path.sh
[5.059s] -- Up-to-date: /ros2_ws/install/perception_msgs/share/perception_msgs/environment/ament_prefix_path.dsv
[5.059s] -- Up-to-date: /ros2_ws/install/perception_msgs/share/perception_msgs/environment/path.sh
[5.059s] -- Up-to-date: /ros2_ws/install/perception_msgs/share/perception_msgs/environment/path.dsv
[5.060s] -- Up-to-date: /ros2_ws/install/perception_msgs/share/perception_msgs/local_setup.bash
[5.060s] -- Up-to-date: /ros2_ws/install/perception_msgs/share/perception_msgs/local_setup.sh
[5.060s] -- Up-to-date: /ros2_ws/install/perception_msgs/share/perception_msgs/local_setup.zsh
[5.061s] -- Up-to-date: /ros2_ws/install/perception_msgs/share/perception_msgs/local_setup.dsv
[5.061s] -- Installing: /ros2_ws/install/perception_msgs/share/perception_msgs/package.dsv
[5.063s] -- Up-to-date: /ros2_ws/install/perception_msgs/share/ament_index/resource_index/packages/perception_msgs
[5.065s] -- Up-to-date: /ros2_ws/install/perception_msgs/share/perception_msgs/cmake/perception_msgs__rosidl_generator_cExport.cmake
[5.065s] -- Up-to-date: /ros2_ws/install/perception_msgs/share/perception_msgs/cmake/perception_msgs__rosidl_generator_cExport-noconfig.cmake
[5.066s] -- Up-to-date: /ros2_ws/install/perception_msgs/share/perception_msgs/cmake/perception_msgs__rosidl_typesupport_introspection_cExport.cmake
[5.066s] -- Up-to-date: /ros2_ws/install/perception_msgs/share/perception_msgs/cmake/perception_msgs__rosidl_typesupport_introspection_cExport-noconfig.cmake
[5.067s] -- Up-to-date: /ros2_ws/install/perception_msgs/share/perception_msgs/cmake/perception_msgs__rosidl_typesupport_cExport.cmake
[5.070s] -- Up-to-date: /ros2_ws/install/perception_msgs/share/perception_msgs/cmake/perception_msgs__rosidl_typesupport_cExport-noconfig.cmake
[5.071s] -- Up-to-date: /ros2_ws/install/perception_msgs/share/perception_msgs/cmake/perception_msgs__rosidl_generator_cppExport.cmake
[5.071s] -- Up-to-date: /ros2_ws/install/perception_msgs/share/perception_msgs/cmake/perception_msgs__rosidl_typesupport_introspection_cppExport.cmake
[5.072s] -- Up-to-date: /ros2_ws/install/perception_msgs/share/perception_msgs/cmake/perception_msgs__rosidl_typesupport_introspection_cppExport-noconfig.cmake
[5.072s] -- Up-to-date: /ros2_ws/install/perception_msgs/share/perception_msgs/cmake/perception_msgs__rosidl_typesupport_cppExport.cmake
[5.073s] -- Up-to-date: /ros2_ws/install/perception_msgs/share/perception_msgs/cmake/perception_msgs__rosidl_typesupport_cppExport-noconfig.cmake
[5.073s] -- Up-to-date: /ros2_ws/install/perception_msgs/share/perception_msgs/cmake/rosidl_cmake-extras.cmake
[5.073s] -- Up-to-date: /ros2_ws/install/perception_msgs/share/perception_msgs/cmake/ament_cmake_export_dependencies-extras.cmake
[5.073s] -- Up-to-date: /ros2_ws/install/perception_msgs/share/perception_msgs/cmake/ament_cmake_export_libraries-extras.cmake
[5.074s] -- Up-to-date: /ros2_ws/install/perception_msgs/share/perception_msgs/cmake/ament_cmake_export_targets-extras.cmake
[5.075s] -- Up-to-date: /ros2_ws/install/perception_msgs/share/perception_msgs/cmake/ament_cmake_export_include_directories-extras.cmake
[5.075s] -- Up-to-date: /ros2_ws/install/perception_msgs/share/perception_msgs/cmake/rosidl_cmake_export_typesupport_libraries-extras.cmake
[5.075s] -- Up-to-date: /ros2_ws/install/perception_msgs/share/perception_msgs/cmake/rosidl_cmake_export_typesupport_targets-extras.cmake
[5.076s] -- Up-to-date: /ros2_ws/install/perception_msgs/share/perception_msgs/cmake/perception_msgsConfig.cmake
[5.077s] -- Up-to-date: /ros2_ws/install/perception_msgs/share/perception_msgs/cmake/perception_msgsConfig-version.cmake
[5.077s] -- Up-to-date: /ros2_ws/install/perception_msgs/share/perception_msgs/package.xml
[5.084s] Invoked command in '/ros2_ws/build/perception_msgs' returned '0': CMAKE_PREFIX_PATH=/opt/ros/foxy /usr/bin/cmake --install /ros2_ws/build/perception_msgs
