[0.560s] Invoking command in '/ros2_ws/src/localization': CMAKE_PREFIX_PATH=/ros2_ws/install/localization_msgs:/ros2_ws/install/planning_msgs:/ros2_ws/install/perception_msgs:/ros2_ws/install/fsm_msgs:/ros2_ws/install/common_msgs LD_LIBRARY_PATH=/ros2_ws/install/localization_msgs/lib:/ros2_ws/install/planning_msgs/lib:/ros2_ws/install/perception_msgs/lib:/ros2_ws/install/fsm_msgs/lib:/ros2_ws/install/common_msgs/lib:/opt/ros/foxy/opt/yaml_cpp_vendor/lib:/opt/ros/foxy/opt/rviz_ogre_vendor/lib:/opt/ros/foxy/lib/x86_64-linux-gnu:/opt/ros/foxy/lib PYTHONPATH=/ros2_ws/build/localization/prefix_override:/ros2_ws/install/localization/lib/python3.8/site-packages:/ros2_ws/install/localization_msgs/lib/python3.8/site-packages:/ros2_ws/install/planning/lib/python3.8/site-packages:/ros2_ws/install/perception/lib/python3.8/site-packages:/ros2_ws/install/fsm/lib/python3.8/site-packages:/ros2_ws/install/cengaver_controller/lib/python3.8/site-packages:/ros2_ws/install/planning_msgs/lib/python3.8/site-packages:/ros2_ws/install/perception_msgs/lib/python3.8/site-packages:/ros2_ws/install/localization/lib/python3.8/site-packages:/ros2_ws/install/fsm_msgs/lib/python3.8/site-packages:/ros2_ws/install/common_msgs/lib/python3.8/site-packages:/opt/ros/foxy/lib/python3.8/site-packages /usr/bin/python3 setup.py egg_info --egg-base ../../build/localization build --build-base /ros2_ws/build/localization/build install --record /ros2_ws/build/localization/install.log --single-version-externally-managed
[0.730s] running egg_info
[0.731s] writing ../../build/localization/localization.egg-info/PKG-INFO
[0.731s] writing dependency_links to ../../build/localization/localization.egg-info/dependency_links.txt
[0.732s] writing entry points to ../../build/localization/localization.egg-info/entry_points.txt
[0.732s] writing requirements to ../../build/localization/localization.egg-info/requires.txt
[0.732s] writing top-level names to ../../build/localization/localization.egg-info/top_level.txt
[0.752s] reading manifest file '../../build/localization/localization.egg-info/SOURCES.txt'
[0.753s] writing manifest file '../../build/localization/localization.egg-info/SOURCES.txt'
[0.753s] running build
[0.754s] running build_py
[0.754s] creating /ros2_ws/build/localization/build
[0.754s] creating /ros2_ws/build/localization/build/lib
[0.755s] creating /ros2_ws/build/localization/build/lib/localization
[0.755s] copying localization/global_localization_node.py -> /ros2_ws/build/localization/build/lib/localization
[0.756s] copying localization/map_origin_node.py -> /ros2_ws/build/localization/build/lib/localization
[0.756s] copying localization/__init__.py -> /ros2_ws/build/localization/build/lib/localization
[0.757s] copying localization/localization_diagnostics_node.py -> /ros2_ws/build/localization/build/lib/localization
[0.757s] copying localization/local_ekf_node.py -> /ros2_ws/build/localization/build/lib/localization
[0.758s] copying localization/raw_gps_node.py -> /ros2_ws/build/localization/build/lib/localization
[0.760s] running install
[0.760s] running install_lib
[0.760s] creating /ros2_ws/install/localization/lib/python3.8/site-packages/localization
[0.761s] copying /ros2_ws/build/localization/build/lib/localization/global_localization_node.py -> /ros2_ws/install/localization/lib/python3.8/site-packages/localization
[0.762s] copying /ros2_ws/build/localization/build/lib/localization/map_origin_node.py -> /ros2_ws/install/localization/lib/python3.8/site-packages/localization
[0.762s] copying /ros2_ws/build/localization/build/lib/localization/__init__.py -> /ros2_ws/install/localization/lib/python3.8/site-packages/localization
[0.763s] copying /ros2_ws/build/localization/build/lib/localization/localization_diagnostics_node.py -> /ros2_ws/install/localization/lib/python3.8/site-packages/localization
[0.764s] copying /ros2_ws/build/localization/build/lib/localization/local_ekf_node.py -> /ros2_ws/install/localization/lib/python3.8/site-packages/localization
[0.764s] copying /ros2_ws/build/localization/build/lib/localization/raw_gps_node.py -> /ros2_ws/install/localization/lib/python3.8/site-packages/localization
[0.766s] byte-compiling /ros2_ws/install/localization/lib/python3.8/site-packages/localization/global_localization_node.py to global_localization_node.cpython-38.pyc
[0.772s] byte-compiling /ros2_ws/install/localization/lib/python3.8/site-packages/localization/map_origin_node.py to map_origin_node.cpython-38.pyc
[0.773s] byte-compiling /ros2_ws/install/localization/lib/python3.8/site-packages/localization/__init__.py to __init__.cpython-38.pyc
[0.774s] byte-compiling /ros2_ws/install/localization/lib/python3.8/site-packages/localization/localization_diagnostics_node.py to localization_diagnostics_node.cpython-38.pyc
[0.775s] byte-compiling /ros2_ws/install/localization/lib/python3.8/site-packages/localization/local_ekf_node.py to local_ekf_node.cpython-38.pyc
[0.777s] byte-compiling /ros2_ws/install/localization/lib/python3.8/site-packages/localization/raw_gps_node.py to raw_gps_node.cpython-38.pyc
[0.779s] running install_data
[0.780s] running install_egg_info
[0.780s] removing '/ros2_ws/install/localization/lib/python3.8/site-packages/localization-0.0.1-py3.8.egg-info' (and everything under it)
[0.781s] Copying ../../build/localization/localization.egg-info to /ros2_ws/install/localization/lib/python3.8/site-packages/localization-0.0.1-py3.8.egg-info
[0.789s] running install_scripts
[0.800s] Installing global_localization_node script to /ros2_ws/install/localization/lib/localization
[0.800s] Installing local_ekf_node script to /ros2_ws/install/localization/lib/localization
[0.800s] Installing localization_diagnostics_node script to /ros2_ws/install/localization/lib/localization
[0.801s] Installing map_origin_node script to /ros2_ws/install/localization/lib/localization
[0.801s] Installing raw_gps_node script to /ros2_ws/install/localization/lib/localization
[0.803s] writing list of installed files to '/ros2_ws/build/localization/install.log'
[0.815s] Invoked command in '/ros2_ws/src/localization' returned '0': CMAKE_PREFIX_PATH=/ros2_ws/install/localization_msgs:/ros2_ws/install/planning_msgs:/ros2_ws/install/perception_msgs:/ros2_ws/install/fsm_msgs:/ros2_ws/install/common_msgs LD_LIBRARY_PATH=/ros2_ws/install/localization_msgs/lib:/ros2_ws/install/planning_msgs/lib:/ros2_ws/install/perception_msgs/lib:/ros2_ws/install/fsm_msgs/lib:/ros2_ws/install/common_msgs/lib:/opt/ros/foxy/opt/yaml_cpp_vendor/lib:/opt/ros/foxy/opt/rviz_ogre_vendor/lib:/opt/ros/foxy/lib/x86_64-linux-gnu:/opt/ros/foxy/lib PYTHONPATH=/ros2_ws/build/localization/prefix_override:/ros2_ws/install/localization/lib/python3.8/site-packages:/ros2_ws/install/localization_msgs/lib/python3.8/site-packages:/ros2_ws/install/planning/lib/python3.8/site-packages:/ros2_ws/install/perception/lib/python3.8/site-packages:/ros2_ws/install/fsm/lib/python3.8/site-packages:/ros2_ws/install/cengaver_controller/lib/python3.8/site-packages:/ros2_ws/install/planning_msgs/lib/python3.8/site-packages:/ros2_ws/install/perception_msgs/lib/python3.8/site-packages:/ros2_ws/install/localization/lib/python3.8/site-packages:/ros2_ws/install/fsm_msgs/lib/python3.8/site-packages:/ros2_ws/install/common_msgs/lib/python3.8/site-packages:/opt/ros/foxy/lib/python3.8/site-packages /usr/bin/python3 setup.py egg_info --egg-base ../../build/localization build --build-base /ros2_ws/build/localization/build install --record /ros2_ws/build/localization/install.log --single-version-externally-managed
