[0.074s] Invoking command in '/ros2_ws/build/localization_msgs': CMAKE_PREFIX_PATH=/opt/ros/foxy /usr/bin/cmake --build /ros2_ws/build/localization_msgs -- -j10 -l10
[0.529s] [  2%] Built target localization_msgs__cpp
[0.564s] [ 12%] Built target localization_msgs__rosidl_generator_c
[0.903s] [ 25%] Built target localization_msgs__rosidl_typesupport_cpp
[0.918s] [ 35%] Built target localization_msgs__rosidl_typesupport_introspection_cpp
[0.948s] [ 57%] Built target localization_msgs__rosidl_typesupport_fastrtps_cpp
[0.956s] [ 57%] Built target localization_msgs__rosidl_typesupport_introspection_c
[0.968s] [ 69%] Built target localization_msgs__rosidl_typesupport_c
[1.095s] [ 80%] Built target localization_msgs__rosidl_typesupport_fastrtps_c
[1.223s] [ 80%] Built target localization_msgs
[1.350s] [ 81%] Built target localization_msgs__py
[1.521s] [ 91%] Built target localization_msgs__python
[1.739s] [ 94%] Built target localization_msgs__rosidl_typesupport_c__pyext
[1.745s] [ 97%] Built target localization_msgs__rosidl_typesupport_introspection_c__pyext
[1.749s] [100%] Built target localization_msgs__rosidl_typesupport_fastrtps_c__pyext
[1.804s] Invoked command in '/ros2_ws/build/localization_msgs' returned '0': CMAKE_PREFIX_PATH=/opt/ros/foxy /usr/bin/cmake --build /ros2_ws/build/localization_msgs -- -j10 -l10
[3.899s] Invoking command in '/ros2_ws/build/localization_msgs': CMAKE_PREFIX_PATH=/opt/ros/foxy /usr/bin/cmake --install /ros2_ws/build/localization_msgs
[3.937s] -- Install configuration: ""
[3.938s] -- Up-to-date: /ros2_ws/install/localization_msgs/share/ament_index/resource_index/rosidl_interfaces/localization_msgs
[3.939s] -- Up-to-date: /ros2_ws/install/localization_msgs/include/localization_msgs
[3.940s] -- Up-to-date: /ros2_ws/install/localization_msgs/include/localization_msgs/msg
[3.941s] -- Up-to-date: /ros2_ws/install/localization_msgs/include/localization_msgs/msg/map_origin.h
[3.941s] -- Up-to-date: /ros2_ws/install/localization_msgs/include/localization_msgs/msg/rosidl_generator_c__visibility_control.h
[3.942s] -- Up-to-date: /ros2_ws/install/localization_msgs/include/localization_msgs/msg/localization_odometry.h
[3.942s] -- Up-to-date: /ros2_ws/install/localization_msgs/include/localization_msgs/msg/detail
[3.943s] -- Up-to-date: /ros2_ws/install/localization_msgs/include/localization_msgs/msg/detail/map_origin__functions.h
[3.944s] -- Up-to-date: /ros2_ws/install/localization_msgs/include/localization_msgs/msg/detail/localization_diagnostics__type_support.h
[3.944s] -- Up-to-date: /ros2_ws/install/localization_msgs/include/localization_msgs/msg/detail/localization_odometry__functions.c
[3.944s] -- Up-to-date: /ros2_ws/install/localization_msgs/include/localization_msgs/msg/detail/raw_gps__functions.c
[3.945s] -- Up-to-date: /ros2_ws/install/localization_msgs/include/localization_msgs/msg/detail/localization_diagnostics__functions.c
[3.946s] -- Up-to-date: /ros2_ws/install/localization_msgs/include/localization_msgs/msg/detail/map_origin__struct.h
[3.946s] -- Up-to-date: /ros2_ws/install/localization_msgs/include/localization_msgs/msg/detail/localization_pose__type_support.h
[3.947s] -- Up-to-date: /ros2_ws/install/localization_msgs/include/localization_msgs/msg/detail/raw_gps__struct.h
[3.947s] -- Up-to-date: /ros2_ws/install/localization_msgs/include/localization_msgs/msg/detail/map_origin__type_support.h
[3.948s] -- Up-to-date: /ros2_ws/install/localization_msgs/include/localization_msgs/msg/detail/localization_odometry__struct.h
[3.948s] -- Up-to-date: /ros2_ws/install/localization_msgs/include/localization_msgs/msg/detail/localization_pose__functions.h
[3.949s] -- Up-to-date: /ros2_ws/install/localization_msgs/include/localization_msgs/msg/detail/localization_status__functions.h
[3.949s] -- Up-to-date: /ros2_ws/install/localization_msgs/include/localization_msgs/msg/detail/localization_odometry__type_support.h
[3.954s] -- Up-to-date: /ros2_ws/install/localization_msgs/include/localization_msgs/msg/detail/localization_status__struct.h
[3.954s] -- Up-to-date: /ros2_ws/install/localization_msgs/include/localization_msgs/msg/detail/localization_diagnostics__struct.h
[3.954s] -- Up-to-date: /ros2_ws/install/localization_msgs/include/localization_msgs/msg/detail/map_origin__functions.c
[3.954s] -- Up-to-date: /ros2_ws/install/localization_msgs/include/localization_msgs/msg/detail/localization_status__type_support.h
[3.955s] -- Up-to-date: /ros2_ws/install/localization_msgs/include/localization_msgs/msg/detail/localization_diagnostics__functions.h
[3.955s] -- Up-to-date: /ros2_ws/install/localization_msgs/include/localization_msgs/msg/detail/raw_gps__functions.h
[3.955s] -- Up-to-date: /ros2_ws/install/localization_msgs/include/localization_msgs/msg/detail/localization_pose__struct.h
[3.955s] -- Up-to-date: /ros2_ws/install/localization_msgs/include/localization_msgs/msg/detail/localization_odometry__functions.h
[3.955s] -- Up-to-date: /ros2_ws/install/localization_msgs/include/localization_msgs/msg/detail/raw_gps__type_support.h
[3.956s] -- Up-to-date: /ros2_ws/install/localization_msgs/include/localization_msgs/msg/detail/localization_status__functions.c
[3.956s] -- Up-to-date: /ros2_ws/install/localization_msgs/include/localization_msgs/msg/detail/localization_pose__functions.c
[3.956s] -- Up-to-date: /ros2_ws/install/localization_msgs/include/localization_msgs/msg/localization_pose.h
[3.956s] -- Up-to-date: /ros2_ws/install/localization_msgs/include/localization_msgs/msg/localization_diagnostics.h
[3.956s] -- Up-to-date: /ros2_ws/install/localization_msgs/include/localization_msgs/msg/localization_status.h
[3.956s] -- Up-to-date: /ros2_ws/install/localization_msgs/include/localization_msgs/msg/raw_gps.h
[3.957s] -- Up-to-date: /ros2_ws/install/localization_msgs/share/localization_msgs/environment/library_path.sh
[3.957s] -- Up-to-date: /ros2_ws/install/localization_msgs/share/localization_msgs/environment/library_path.dsv
[3.957s] -- Up-to-date: /ros2_ws/install/localization_msgs/lib/liblocalization_msgs__rosidl_generator_c.so
[3.958s] -- Up-to-date: /ros2_ws/install/localization_msgs/include/localization_msgs
[3.958s] -- Up-to-date: /ros2_ws/install/localization_msgs/include/localization_msgs/msg
[3.960s] -- Up-to-date: /ros2_ws/install/localization_msgs/include/localization_msgs/msg/detail
[3.960s] -- Up-to-date: /ros2_ws/install/localization_msgs/include/localization_msgs/msg/detail/raw_gps__rosidl_typesupport_fastrtps_c.h
[3.960s] -- Up-to-date: /ros2_ws/install/localization_msgs/include/localization_msgs/msg/detail/localization_status__rosidl_typesupport_fastrtps_c.h
[3.960s] -- Up-to-date: /ros2_ws/install/localization_msgs/include/localization_msgs/msg/detail/localization_diagnostics__rosidl_typesupport_fastrtps_c.h
[3.961s] -- Up-to-date: /ros2_ws/install/localization_msgs/include/localization_msgs/msg/detail/localization_pose__rosidl_typesupport_fastrtps_c.h
[3.965s] -- Up-to-date: /ros2_ws/install/localization_msgs/include/localization_msgs/msg/detail/map_origin__rosidl_typesupport_fastrtps_c.h
[3.965s] -- Up-to-date: /ros2_ws/install/localization_msgs/include/localization_msgs/msg/detail/localization_odometry__rosidl_typesupport_fastrtps_c.h
[3.965s] -- Up-to-date: /ros2_ws/install/localization_msgs/include/localization_msgs/msg/rosidl_typesupport_fastrtps_c__visibility_control.h
[3.966s] -- Up-to-date: /ros2_ws/install/localization_msgs/lib/liblocalization_msgs__rosidl_typesupport_fastrtps_c.so
[3.966s] -- Up-to-date: /ros2_ws/install/localization_msgs/include/localization_msgs
[3.967s] -- Up-to-date: /ros2_ws/install/localization_msgs/include/localization_msgs/msg
[3.968s] -- Up-to-date: /ros2_ws/install/localization_msgs/include/localization_msgs/msg/rosidl_typesupport_fastrtps_cpp__visibility_control.h
[3.969s] -- Up-to-date: /ros2_ws/install/localization_msgs/include/localization_msgs/msg/detail
[3.970s] -- Up-to-date: /ros2_ws/install/localization_msgs/include/localization_msgs/msg/detail/localization_diagnostics__rosidl_typesupport_fastrtps_cpp.hpp
[3.970s] -- Up-to-date: /ros2_ws/install/localization_msgs/include/localization_msgs/msg/detail/map_origin__rosidl_typesupport_fastrtps_cpp.hpp
[3.971s] -- Up-to-date: /ros2_ws/install/localization_msgs/include/localization_msgs/msg/detail/raw_gps__rosidl_typesupport_fastrtps_cpp.hpp
[3.972s] -- Up-to-date: /ros2_ws/install/localization_msgs/include/localization_msgs/msg/detail/localization_status__rosidl_typesupport_fastrtps_cpp.hpp
[3.973s] -- Up-to-date: /ros2_ws/install/localization_msgs/include/localization_msgs/msg/detail/localization_odometry__rosidl_typesupport_fastrtps_cpp.hpp
[3.974s] -- Up-to-date: /ros2_ws/install/localization_msgs/include/localization_msgs/msg/detail/dds_fastrtps
[3.974s] -- Up-to-date: /ros2_ws/install/localization_msgs/include/localization_msgs/msg/detail/localization_pose__rosidl_typesupport_fastrtps_cpp.hpp
[3.975s] -- Up-to-date: /ros2_ws/install/localization_msgs/lib/liblocalization_msgs__rosidl_typesupport_fastrtps_cpp.so
[3.975s] -- Up-to-date: /ros2_ws/install/localization_msgs/include/localization_msgs
[3.976s] -- Up-to-date: /ros2_ws/install/localization_msgs/include/localization_msgs/msg
[3.976s] -- Up-to-date: /ros2_ws/install/localization_msgs/include/localization_msgs/msg/detail
[3.977s] -- Up-to-date: /ros2_ws/install/localization_msgs/include/localization_msgs/msg/detail/localization_status__type_support.c
[3.977s] -- Up-to-date: /ros2_ws/install/localization_msgs/include/localization_msgs/msg/detail/localization_odometry__type_support.c
[3.978s] -- Up-to-date: /ros2_ws/install/localization_msgs/include/localization_msgs/msg/detail/localization_odometry__rosidl_typesupport_introspection_c.h
[3.978s] -- Up-to-date: /ros2_ws/install/localization_msgs/include/localization_msgs/msg/detail/raw_gps__type_support.c
[3.979s] -- Up-to-date: /ros2_ws/install/localization_msgs/include/localization_msgs/msg/detail/localization_status__rosidl_typesupport_introspection_c.h
[3.979s] -- Up-to-date: /ros2_ws/install/localization_msgs/include/localization_msgs/msg/detail/localization_diagnostics__type_support.c
[3.979s] -- Up-to-date: /ros2_ws/install/localization_msgs/include/localization_msgs/msg/detail/map_origin__type_support.c
[3.980s] -- Up-to-date: /ros2_ws/install/localization_msgs/include/localization_msgs/msg/detail/map_origin__rosidl_typesupport_introspection_c.h
[3.980s] -- Up-to-date: /ros2_ws/install/localization_msgs/include/localization_msgs/msg/detail/localization_pose__type_support.c
[3.980s] -- Up-to-date: /ros2_ws/install/localization_msgs/include/localization_msgs/msg/detail/raw_gps__rosidl_typesupport_introspection_c.h
[3.981s] -- Up-to-date: /ros2_ws/install/localization_msgs/include/localization_msgs/msg/detail/localization_diagnostics__rosidl_typesupport_introspection_c.h
[3.981s] -- Up-to-date: /ros2_ws/install/localization_msgs/include/localization_msgs/msg/detail/localization_pose__rosidl_typesupport_introspection_c.h
[3.982s] -- Up-to-date: /ros2_ws/install/localization_msgs/include/localization_msgs/msg/rosidl_typesupport_introspection_c__visibility_control.h
[3.984s] -- Up-to-date: /ros2_ws/install/localization_msgs/lib/liblocalization_msgs__rosidl_typesupport_introspection_c.so
[3.985s] -- Up-to-date: /ros2_ws/install/localization_msgs/lib/liblocalization_msgs__rosidl_typesupport_c.so
[3.986s] -- Up-to-date: /ros2_ws/install/localization_msgs/include/localization_msgs
[3.987s] -- Up-to-date: /ros2_ws/install/localization_msgs/include/localization_msgs/msg
[3.987s] -- Up-to-date: /ros2_ws/install/localization_msgs/include/localization_msgs/msg/raw_gps.hpp
[3.988s] -- Up-to-date: /ros2_ws/install/localization_msgs/include/localization_msgs/msg/detail
[3.988s] -- Up-to-date: /ros2_ws/install/localization_msgs/include/localization_msgs/msg/detail/localization_odometry__type_support.hpp
[3.989s] -- Up-to-date: /ros2_ws/install/localization_msgs/include/localization_msgs/msg/detail/map_origin__type_support.hpp
[3.989s] -- Up-to-date: /ros2_ws/install/localization_msgs/include/localization_msgs/msg/detail/localization_odometry__struct.hpp
[3.990s] -- Up-to-date: /ros2_ws/install/localization_msgs/include/localization_msgs/msg/detail/localization_diagnostics__struct.hpp
[3.991s] -- Up-to-date: /ros2_ws/install/localization_msgs/include/localization_msgs/msg/detail/localization_status__struct.hpp
[3.992s] -- Up-to-date: /ros2_ws/install/localization_msgs/include/localization_msgs/msg/detail/localization_pose__traits.hpp
[3.992s] -- Up-to-date: /ros2_ws/install/localization_msgs/include/localization_msgs/msg/detail/raw_gps__struct.hpp
[3.993s] -- Up-to-date: /ros2_ws/install/localization_msgs/include/localization_msgs/msg/detail/localization_pose__type_support.hpp
[3.994s] -- Up-to-date: /ros2_ws/install/localization_msgs/include/localization_msgs/msg/detail/localization_odometry__builder.hpp
[3.995s] -- Up-to-date: /ros2_ws/install/localization_msgs/include/localization_msgs/msg/detail/localization_diagnostics__builder.hpp
[3.995s] -- Up-to-date: /ros2_ws/install/localization_msgs/include/localization_msgs/msg/detail/localization_diagnostics__type_support.hpp
[3.995s] -- Up-to-date: /ros2_ws/install/localization_msgs/include/localization_msgs/msg/detail/raw_gps__builder.hpp
[3.995s] -- Up-to-date: /ros2_ws/install/localization_msgs/include/localization_msgs/msg/detail/map_origin__traits.hpp
[3.996s] -- Up-to-date: /ros2_ws/install/localization_msgs/include/localization_msgs/msg/detail/raw_gps__type_support.hpp
[3.996s] -- Up-to-date: /ros2_ws/install/localization_msgs/include/localization_msgs/msg/detail/localization_status__type_support.hpp
[3.997s] -- Up-to-date: /ros2_ws/install/localization_msgs/include/localization_msgs/msg/detail/localization_diagnostics__traits.hpp
[3.997s] -- Up-to-date: /ros2_ws/install/localization_msgs/include/localization_msgs/msg/detail/localization_status__builder.hpp
[3.998s] -- Up-to-date: /ros2_ws/install/localization_msgs/include/localization_msgs/msg/detail/localization_pose__builder.hpp
[3.998s] -- Up-to-date: /ros2_ws/install/localization_msgs/include/localization_msgs/msg/detail/localization_odometry__traits.hpp
[3.999s] -- Up-to-date: /ros2_ws/install/localization_msgs/include/localization_msgs/msg/detail/localization_status__traits.hpp
[3.999s] -- Up-to-date: /ros2_ws/install/localization_msgs/include/localization_msgs/msg/detail/localization_pose__struct.hpp
[4.000s] -- Up-to-date: /ros2_ws/install/localization_msgs/include/localization_msgs/msg/detail/raw_gps__traits.hpp
[4.000s] -- Up-to-date: /ros2_ws/install/localization_msgs/include/localization_msgs/msg/detail/map_origin__builder.hpp
[4.001s] -- Up-to-date: /ros2_ws/install/localization_msgs/include/localization_msgs/msg/detail/map_origin__struct.hpp
[4.003s] -- Up-to-date: /ros2_ws/install/localization_msgs/include/localization_msgs/msg/rosidl_generator_cpp__visibility_control.hpp
[4.003s] -- Up-to-date: /ros2_ws/install/localization_msgs/include/localization_msgs/msg/map_origin.hpp
[4.003s] -- Up-to-date: /ros2_ws/install/localization_msgs/include/localization_msgs/msg/localization_status.hpp
[4.004s] -- Up-to-date: /ros2_ws/install/localization_msgs/include/localization_msgs/msg/localization_diagnostics.hpp
[4.004s] -- Up-to-date: /ros2_ws/install/localization_msgs/include/localization_msgs/msg/localization_odometry.hpp
[4.004s] -- Up-to-date: /ros2_ws/install/localization_msgs/include/localization_msgs/msg/localization_pose.hpp
[4.005s] -- Up-to-date: /ros2_ws/install/localization_msgs/include/localization_msgs
[4.005s] -- Up-to-date: /ros2_ws/install/localization_msgs/include/localization_msgs/msg
[4.005s] -- Up-to-date: /ros2_ws/install/localization_msgs/include/localization_msgs/msg/detail
[4.005s] -- Up-to-date: /ros2_ws/install/localization_msgs/include/localization_msgs/msg/detail/localization_status__rosidl_typesupport_introspection_cpp.hpp
[4.006s] -- Up-to-date: /ros2_ws/install/localization_msgs/include/localization_msgs/msg/detail/raw_gps__type_support.cpp
[4.006s] -- Up-to-date: /ros2_ws/install/localization_msgs/include/localization_msgs/msg/detail/localization_status__type_support.cpp
[4.006s] -- Up-to-date: /ros2_ws/install/localization_msgs/include/localization_msgs/msg/detail/localization_pose__rosidl_typesupport_introspection_cpp.hpp
[4.007s] -- Up-to-date: /ros2_ws/install/localization_msgs/include/localization_msgs/msg/detail/localization_pose__type_support.cpp
[4.007s] -- Up-to-date: /ros2_ws/install/localization_msgs/include/localization_msgs/msg/detail/localization_diagnostics__type_support.cpp
[4.008s] -- Up-to-date: /ros2_ws/install/localization_msgs/include/localization_msgs/msg/detail/localization_odometry__rosidl_typesupport_introspection_cpp.hpp
[4.011s] -- Up-to-date: /ros2_ws/install/localization_msgs/include/localization_msgs/msg/detail/map_origin__rosidl_typesupport_introspection_cpp.hpp
[4.012s] -- Up-to-date: /ros2_ws/install/localization_msgs/include/localization_msgs/msg/detail/localization_odometry__type_support.cpp
[4.012s] -- Up-to-date: /ros2_ws/install/localization_msgs/include/localization_msgs/msg/detail/localization_diagnostics__rosidl_typesupport_introspection_cpp.hpp
[4.013s] -- Up-to-date: /ros2_ws/install/localization_msgs/include/localization_msgs/msg/detail/map_origin__type_support.cpp
[4.013s] -- Up-to-date: /ros2_ws/install/localization_msgs/include/localization_msgs/msg/detail/raw_gps__rosidl_typesupport_introspection_cpp.hpp
[4.013s] -- Up-to-date: /ros2_ws/install/localization_msgs/lib/liblocalization_msgs__rosidl_typesupport_introspection_cpp.so
[4.013s] -- Up-to-date: /ros2_ws/install/localization_msgs/lib/liblocalization_msgs__rosidl_typesupport_cpp.so
[4.013s] -- Up-to-date: /ros2_ws/install/localization_msgs/share/localization_msgs/environment/pythonpath.sh
[4.013s] -- Up-to-date: /ros2_ws/install/localization_msgs/share/localization_msgs/environment/pythonpath.dsv
[4.013s] -- Up-to-date: /ros2_ws/install/localization_msgs/lib/python3.8/site-packages/localization_msgs/__init__.py
[4.099s] -- Up-to-date: /ros2_ws/install/localization_msgs/lib/python3.8/site-packages/localization_msgs/msg
[4.100s] -- Up-to-date: /ros2_ws/install/localization_msgs/lib/python3.8/site-packages/localization_msgs/msg/_raw_gps.py
[4.101s] -- Up-to-date: /ros2_ws/install/localization_msgs/lib/python3.8/site-packages/localization_msgs/msg/_raw_gps_s.c
[4.101s] -- Up-to-date: /ros2_ws/install/localization_msgs/lib/python3.8/site-packages/localization_msgs/msg/_map_origin.py
[4.102s] -- Up-to-date: /ros2_ws/install/localization_msgs/lib/python3.8/site-packages/localization_msgs/msg/_localization_status.py
[4.103s] -- Up-to-date: /ros2_ws/install/localization_msgs/lib/python3.8/site-packages/localization_msgs/msg/_localization_odometry.py
[4.103s] -- Up-to-date: /ros2_ws/install/localization_msgs/lib/python3.8/site-packages/localization_msgs/msg/_localization_pose_s.c
[4.107s] -- Up-to-date: /ros2_ws/install/localization_msgs/lib/python3.8/site-packages/localization_msgs/msg/__init__.py
[4.107s] -- Up-to-date: /ros2_ws/install/localization_msgs/lib/python3.8/site-packages/localization_msgs/msg/_localization_pose.py
[4.107s] -- Up-to-date: /ros2_ws/install/localization_msgs/lib/python3.8/site-packages/localization_msgs/msg/_map_origin_s.c
[4.107s] -- Up-to-date: /ros2_ws/install/localization_msgs/lib/python3.8/site-packages/localization_msgs/msg/_localization_odometry_s.c
[4.107s] -- Up-to-date: /ros2_ws/install/localization_msgs/lib/python3.8/site-packages/localization_msgs/msg/_localization_status_s.c
[4.107s] -- Up-to-date: /ros2_ws/install/localization_msgs/lib/python3.8/site-packages/localization_msgs/msg/_localization_diagnostics_s.c
[4.107s] -- Up-to-date: /ros2_ws/install/localization_msgs/lib/python3.8/site-packages/localization_msgs/msg/_localization_diagnostics.py
[4.108s] -- Up-to-date: /ros2_ws/install/localization_msgs/lib/python3.8/site-packages/localization_msgs/localization_msgs_s__rosidl_typesupport_fastrtps_c.cpython-38-x86_64-linux-gnu.so
[4.110s] -- Up-to-date: /ros2_ws/install/localization_msgs/lib/python3.8/site-packages/localization_msgs/localization_msgs_s__rosidl_typesupport_introspection_c.cpython-38-x86_64-linux-gnu.so
[4.111s] -- Up-to-date: /ros2_ws/install/localization_msgs/lib/python3.8/site-packages/localization_msgs/localization_msgs_s__rosidl_typesupport_c.cpython-38-x86_64-linux-gnu.so
[4.111s] -- Up-to-date: /ros2_ws/install/localization_msgs/lib/liblocalization_msgs__python.so
[4.114s] -- Up-to-date: /ros2_ws/install/localization_msgs/share/localization_msgs/msg/LocalizationPose.idl
[4.114s] -- Up-to-date: /ros2_ws/install/localization_msgs/share/localization_msgs/msg/LocalizationOdometry.idl
[4.114s] -- Up-to-date: /ros2_ws/install/localization_msgs/share/localization_msgs/msg/LocalizationStatus.idl
[4.115s] -- Up-to-date: /ros2_ws/install/localization_msgs/share/localization_msgs/msg/LocalizationDiagnostics.idl
[4.115s] -- Up-to-date: /ros2_ws/install/localization_msgs/share/localization_msgs/msg/MapOrigin.idl
[4.115s] -- Up-to-date: /ros2_ws/install/localization_msgs/share/localization_msgs/msg/RawGps.idl
[4.116s] -- Up-to-date: /ros2_ws/install/localization_msgs/share/localization_msgs/msg/LocalizationPose.msg
[4.116s] -- Up-to-date: /ros2_ws/install/localization_msgs/share/localization_msgs/msg/LocalizationOdometry.msg
[4.117s] -- Up-to-date: /ros2_ws/install/localization_msgs/share/localization_msgs/msg/LocalizationStatus.msg
[4.117s] -- Up-to-date: /ros2_ws/install/localization_msgs/share/localization_msgs/msg/LocalizationDiagnostics.msg
[4.118s] -- Up-to-date: /ros2_ws/install/localization_msgs/share/localization_msgs/msg/MapOrigin.msg
[4.119s] -- Up-to-date: /ros2_ws/install/localization_msgs/share/localization_msgs/msg/RawGps.msg
[4.119s] -- Up-to-date: /ros2_ws/install/localization_msgs/share/ament_index/resource_index/package_run_dependencies/localization_msgs
[4.119s] -- Up-to-date: /ros2_ws/install/localization_msgs/share/ament_index/resource_index/parent_prefix_path/localization_msgs
[4.122s] -- Up-to-date: /ros2_ws/install/localization_msgs/share/localization_msgs/environment/ament_prefix_path.sh
[4.123s] -- Up-to-date: /ros2_ws/install/localization_msgs/share/localization_msgs/environment/ament_prefix_path.dsv
[4.123s] -- Up-to-date: /ros2_ws/install/localization_msgs/share/localization_msgs/environment/path.sh
[4.123s] -- Up-to-date: /ros2_ws/install/localization_msgs/share/localization_msgs/environment/path.dsv
[4.124s] -- Up-to-date: /ros2_ws/install/localization_msgs/share/localization_msgs/local_setup.bash
[4.125s] -- Up-to-date: /ros2_ws/install/localization_msgs/share/localization_msgs/local_setup.sh
[4.128s] -- Up-to-date: /ros2_ws/install/localization_msgs/share/localization_msgs/local_setup.zsh
[4.128s] -- Up-to-date: /ros2_ws/install/localization_msgs/share/localization_msgs/local_setup.dsv
[4.128s] -- Installing: /ros2_ws/install/localization_msgs/share/localization_msgs/package.dsv
[4.128s] -- Up-to-date: /ros2_ws/install/localization_msgs/share/ament_index/resource_index/packages/localization_msgs
[4.128s] -- Up-to-date: /ros2_ws/install/localization_msgs/share/localization_msgs/cmake/localization_msgs__rosidl_generator_cExport.cmake
[4.129s] -- Up-to-date: /ros2_ws/install/localization_msgs/share/localization_msgs/cmake/localization_msgs__rosidl_generator_cExport-noconfig.cmake
[4.129s] -- Up-to-date: /ros2_ws/install/localization_msgs/share/localization_msgs/cmake/localization_msgs__rosidl_typesupport_introspection_cExport.cmake
[4.130s] -- Up-to-date: /ros2_ws/install/localization_msgs/share/localization_msgs/cmake/localization_msgs__rosidl_typesupport_introspection_cExport-noconfig.cmake
[4.130s] -- Up-to-date: /ros2_ws/install/localization_msgs/share/localization_msgs/cmake/localization_msgs__rosidl_typesupport_cExport.cmake
[4.131s] -- Up-to-date: /ros2_ws/install/localization_msgs/share/localization_msgs/cmake/localization_msgs__rosidl_typesupport_cExport-noconfig.cmake
[4.131s] -- Up-to-date: /ros2_ws/install/localization_msgs/share/localization_msgs/cmake/localization_msgs__rosidl_generator_cppExport.cmake
[4.132s] -- Up-to-date: /ros2_ws/install/localization_msgs/share/localization_msgs/cmake/localization_msgs__rosidl_typesupport_introspection_cppExport.cmake
[4.133s] -- Up-to-date: /ros2_ws/install/localization_msgs/share/localization_msgs/cmake/localization_msgs__rosidl_typesupport_introspection_cppExport-noconfig.cmake
[4.133s] -- Up-to-date: /ros2_ws/install/localization_msgs/share/localization_msgs/cmake/localization_msgs__rosidl_typesupport_cppExport.cmake
[4.134s] -- Up-to-date: /ros2_ws/install/localization_msgs/share/localization_msgs/cmake/localization_msgs__rosidl_typesupport_cppExport-noconfig.cmake
[4.135s] -- Up-to-date: /ros2_ws/install/localization_msgs/share/localization_msgs/cmake/rosidl_cmake-extras.cmake
[4.135s] -- Up-to-date: /ros2_ws/install/localization_msgs/share/localization_msgs/cmake/ament_cmake_export_dependencies-extras.cmake
[4.136s] -- Up-to-date: /ros2_ws/install/localization_msgs/share/localization_msgs/cmake/ament_cmake_export_libraries-extras.cmake
[4.136s] -- Up-to-date: /ros2_ws/install/localization_msgs/share/localization_msgs/cmake/ament_cmake_export_targets-extras.cmake
[4.137s] -- Up-to-date: /ros2_ws/install/localization_msgs/share/localization_msgs/cmake/ament_cmake_export_include_directories-extras.cmake
[4.137s] -- Up-to-date: /ros2_ws/install/localization_msgs/share/localization_msgs/cmake/rosidl_cmake_export_typesupport_libraries-extras.cmake
[4.137s] -- Up-to-date: /ros2_ws/install/localization_msgs/share/localization_msgs/cmake/rosidl_cmake_export_typesupport_targets-extras.cmake
[4.138s] -- Up-to-date: /ros2_ws/install/localization_msgs/share/localization_msgs/cmake/localization_msgsConfig.cmake
[4.139s] -- Up-to-date: /ros2_ws/install/localization_msgs/share/localization_msgs/cmake/localization_msgsConfig-version.cmake
[4.139s] -- Up-to-date: /ros2_ws/install/localization_msgs/share/localization_msgs/package.xml
[4.146s] Invoked command in '/ros2_ws/build/localization_msgs' returned '0': CMAKE_PREFIX_PATH=/opt/ros/foxy /usr/bin/cmake --install /ros2_ws/build/localization_msgs
