[0.077s] Invoking command in '/ros2_ws/build/localization_msgs': CMAKE_PREFIX_PATH=${CMAKE_PREFIX_PATH}:/ros2_ws/install/planning:/ros2_ws/install/perception:/ros2_ws/install/fsm:/ros2_ws/install/cengaver_controller:/ros2_ws/install/localization:/opt/ros/foxy /usr/bin/cmake --build /ros2_ws/build/localization_msgs -- -j10 -l10
[0.655s] [  1%] Built target localization_msgs__cpp
[0.740s] [ 12%] Built target localization_msgs__rosidl_generator_c
[1.469s] [ 23%] Built target localization_msgs__rosidl_typesupport_cpp
[1.500s] [ 35%] Built target localization_msgs__rosidl_typesupport_fastrtps_cpp
[1.517s] [ 46%] Built target localization_msgs__rosidl_typesupport_introspection_cpp
[1.551s] [ 69%] Built target localization_msgs__rosidl_typesupport_c
[1.555s] [ 69%] Built target localization_msgs__rosidl_typesupport_introspection_c
[1.749s] [ 80%] Built target localization_msgs__rosidl_typesupport_fastrtps_c
[1.935s] [ 80%] Built target localization_msgs
[2.128s] [ 81%] Built target localization_msgs__py
[2.390s] [ 91%] Built target localization_msgs__python
[2.751s] [ 94%] Built target localization_msgs__rosidl_typesupport_introspection_c__pyext
[2.769s] [ 97%] Built target localization_msgs__rosidl_typesupport_c__pyext
[2.798s] [100%] Built target localization_msgs__rosidl_typesupport_fastrtps_c__pyext
[2.910s] Invoked command in '/ros2_ws/build/localization_msgs' returned '0': CMAKE_PREFIX_PATH=${CMAKE_PREFIX_PATH}:/ros2_ws/install/planning:/ros2_ws/install/perception:/ros2_ws/install/fsm:/ros2_ws/install/cengaver_controller:/ros2_ws/install/localization:/opt/ros/foxy /usr/bin/cmake --build /ros2_ws/build/localization_msgs -- -j10 -l10
[5.865s] Invoking command in '/ros2_ws/build/localization_msgs': CMAKE_PREFIX_PATH=${CMAKE_PREFIX_PATH}:/ros2_ws/install/planning:/ros2_ws/install/perception:/ros2_ws/install/fsm:/ros2_ws/install/cengaver_controller:/ros2_ws/install/localization:/opt/ros/foxy /usr/bin/cmake --install /ros2_ws/build/localization_msgs
[5.937s] -- Install configuration: ""
[5.938s] -- Up-to-date: /ros2_ws/install/localization_msgs/share/ament_index/resource_index/rosidl_interfaces/localization_msgs
[5.939s] -- Up-to-date: /ros2_ws/install/localization_msgs/include/localization_msgs
[5.940s] -- Up-to-date: /ros2_ws/install/localization_msgs/include/localization_msgs/msg
[5.940s] -- Up-to-date: /ros2_ws/install/localization_msgs/include/localization_msgs/msg/map_origin.h
[5.941s] -- Up-to-date: /ros2_ws/install/localization_msgs/include/localization_msgs/msg/rosidl_generator_c__visibility_control.h
[5.941s] -- Up-to-date: /ros2_ws/install/localization_msgs/include/localization_msgs/msg/localization_odometry.h
[5.943s] -- Up-to-date: /ros2_ws/install/localization_msgs/include/localization_msgs/msg/detail
[5.943s] -- Up-to-date: /ros2_ws/install/localization_msgs/include/localization_msgs/msg/detail/map_origin__functions.h
[5.944s] -- Up-to-date: /ros2_ws/install/localization_msgs/include/localization_msgs/msg/detail/localization_diagnostics__type_support.h
[5.945s] -- Up-to-date: /ros2_ws/install/localization_msgs/include/localization_msgs/msg/detail/localization_odometry__functions.c
[5.946s] -- Up-to-date: /ros2_ws/install/localization_msgs/include/localization_msgs/msg/detail/raw_gps__functions.c
[5.947s] -- Up-to-date: /ros2_ws/install/localization_msgs/include/localization_msgs/msg/detail/localization_diagnostics__functions.c
[5.948s] -- Up-to-date: /ros2_ws/install/localization_msgs/include/localization_msgs/msg/detail/map_origin__struct.h
[5.950s] -- Up-to-date: /ros2_ws/install/localization_msgs/include/localization_msgs/msg/detail/localization_pose__type_support.h
[5.951s] -- Up-to-date: /ros2_ws/install/localization_msgs/include/localization_msgs/msg/detail/raw_gps__struct.h
[5.951s] -- Up-to-date: /ros2_ws/install/localization_msgs/include/localization_msgs/msg/detail/map_origin__type_support.h
[5.952s] -- Up-to-date: /ros2_ws/install/localization_msgs/include/localization_msgs/msg/detail/localization_odometry__struct.h
[5.952s] -- Up-to-date: /ros2_ws/install/localization_msgs/include/localization_msgs/msg/detail/localization_pose__functions.h
[5.953s] -- Up-to-date: /ros2_ws/install/localization_msgs/include/localization_msgs/msg/detail/localization_status__functions.h
[5.953s] -- Up-to-date: /ros2_ws/install/localization_msgs/include/localization_msgs/msg/detail/localization_odometry__type_support.h
[5.954s] -- Up-to-date: /ros2_ws/install/localization_msgs/include/localization_msgs/msg/detail/localization_status__struct.h
[5.954s] -- Up-to-date: /ros2_ws/install/localization_msgs/include/localization_msgs/msg/detail/localization_diagnostics__struct.h
[5.955s] -- Up-to-date: /ros2_ws/install/localization_msgs/include/localization_msgs/msg/detail/map_origin__functions.c
[5.955s] -- Up-to-date: /ros2_ws/install/localization_msgs/include/localization_msgs/msg/detail/localization_status__type_support.h
[5.956s] -- Up-to-date: /ros2_ws/install/localization_msgs/include/localization_msgs/msg/detail/localization_diagnostics__functions.h
[5.956s] -- Up-to-date: /ros2_ws/install/localization_msgs/include/localization_msgs/msg/detail/raw_gps__functions.h
[5.957s] -- Up-to-date: /ros2_ws/install/localization_msgs/include/localization_msgs/msg/detail/localization_pose__struct.h
[5.957s] -- Up-to-date: /ros2_ws/install/localization_msgs/include/localization_msgs/msg/detail/localization_odometry__functions.h
[5.957s] -- Up-to-date: /ros2_ws/install/localization_msgs/include/localization_msgs/msg/detail/raw_gps__type_support.h
[5.959s] -- Up-to-date: /ros2_ws/install/localization_msgs/include/localization_msgs/msg/detail/localization_status__functions.c
[5.960s] -- Up-to-date: /ros2_ws/install/localization_msgs/include/localization_msgs/msg/detail/localization_pose__functions.c
[5.960s] -- Up-to-date: /ros2_ws/install/localization_msgs/include/localization_msgs/msg/localization_pose.h
[5.960s] -- Up-to-date: /ros2_ws/install/localization_msgs/include/localization_msgs/msg/localization_diagnostics.h
[5.960s] -- Up-to-date: /ros2_ws/install/localization_msgs/include/localization_msgs/msg/localization_status.h
[5.960s] -- Up-to-date: /ros2_ws/install/localization_msgs/include/localization_msgs/msg/raw_gps.h
[5.961s] -- Up-to-date: /ros2_ws/install/localization_msgs/share/localization_msgs/environment/library_path.sh
[5.961s] -- Up-to-date: /ros2_ws/install/localization_msgs/share/localization_msgs/environment/library_path.dsv
[5.961s] -- Up-to-date: /ros2_ws/install/localization_msgs/lib/liblocalization_msgs__rosidl_generator_c.so
[5.962s] -- Up-to-date: /ros2_ws/install/localization_msgs/include/localization_msgs
[5.962s] -- Up-to-date: /ros2_ws/install/localization_msgs/include/localization_msgs/msg
[5.963s] -- Up-to-date: /ros2_ws/install/localization_msgs/include/localization_msgs/msg/detail
[5.963s] -- Up-to-date: /ros2_ws/install/localization_msgs/include/localization_msgs/msg/detail/raw_gps__rosidl_typesupport_fastrtps_c.h
[5.964s] -- Up-to-date: /ros2_ws/install/localization_msgs/include/localization_msgs/msg/detail/localization_status__rosidl_typesupport_fastrtps_c.h
[5.964s] -- Up-to-date: /ros2_ws/install/localization_msgs/include/localization_msgs/msg/detail/localization_diagnostics__rosidl_typesupport_fastrtps_c.h
[5.965s] -- Up-to-date: /ros2_ws/install/localization_msgs/include/localization_msgs/msg/detail/localization_pose__rosidl_typesupport_fastrtps_c.h
[5.965s] -- Up-to-date: /ros2_ws/install/localization_msgs/include/localization_msgs/msg/detail/map_origin__rosidl_typesupport_fastrtps_c.h
[5.966s] -- Up-to-date: /ros2_ws/install/localization_msgs/include/localization_msgs/msg/detail/localization_odometry__rosidl_typesupport_fastrtps_c.h
[5.967s] -- Up-to-date: /ros2_ws/install/localization_msgs/include/localization_msgs/msg/rosidl_typesupport_fastrtps_c__visibility_control.h
[5.970s] -- Up-to-date: /ros2_ws/install/localization_msgs/lib/liblocalization_msgs__rosidl_typesupport_fastrtps_c.so
[5.970s] -- Up-to-date: /ros2_ws/install/localization_msgs/include/localization_msgs
[5.971s] -- Up-to-date: /ros2_ws/install/localization_msgs/include/localization_msgs/msg
[5.971s] -- Up-to-date: /ros2_ws/install/localization_msgs/include/localization_msgs/msg/rosidl_typesupport_fastrtps_cpp__visibility_control.h
[5.972s] -- Up-to-date: /ros2_ws/install/localization_msgs/include/localization_msgs/msg/detail
[5.973s] -- Up-to-date: /ros2_ws/install/localization_msgs/include/localization_msgs/msg/detail/localization_diagnostics__rosidl_typesupport_fastrtps_cpp.hpp
[5.973s] -- Up-to-date: /ros2_ws/install/localization_msgs/include/localization_msgs/msg/detail/map_origin__rosidl_typesupport_fastrtps_cpp.hpp
[5.974s] -- Up-to-date: /ros2_ws/install/localization_msgs/include/localization_msgs/msg/detail/raw_gps__rosidl_typesupport_fastrtps_cpp.hpp
[5.975s] -- Up-to-date: /ros2_ws/install/localization_msgs/include/localization_msgs/msg/detail/localization_status__rosidl_typesupport_fastrtps_cpp.hpp
[5.975s] -- Up-to-date: /ros2_ws/install/localization_msgs/include/localization_msgs/msg/detail/localization_odometry__rosidl_typesupport_fastrtps_cpp.hpp
[5.977s] -- Up-to-date: /ros2_ws/install/localization_msgs/include/localization_msgs/msg/detail/dds_fastrtps
[5.978s] -- Up-to-date: /ros2_ws/install/localization_msgs/include/localization_msgs/msg/detail/localization_pose__rosidl_typesupport_fastrtps_cpp.hpp
[5.978s] -- Up-to-date: /ros2_ws/install/localization_msgs/lib/liblocalization_msgs__rosidl_typesupport_fastrtps_cpp.so
[5.979s] -- Up-to-date: /ros2_ws/install/localization_msgs/include/localization_msgs
[5.980s] -- Up-to-date: /ros2_ws/install/localization_msgs/include/localization_msgs/msg
[5.981s] -- Up-to-date: /ros2_ws/install/localization_msgs/include/localization_msgs/msg/detail
[5.982s] -- Up-to-date: /ros2_ws/install/localization_msgs/include/localization_msgs/msg/detail/localization_status__type_support.c
[5.984s] -- Up-to-date: /ros2_ws/install/localization_msgs/include/localization_msgs/msg/detail/localization_odometry__type_support.c
[5.984s] -- Up-to-date: /ros2_ws/install/localization_msgs/include/localization_msgs/msg/detail/localization_odometry__rosidl_typesupport_introspection_c.h
[5.985s] -- Up-to-date: /ros2_ws/install/localization_msgs/include/localization_msgs/msg/detail/raw_gps__type_support.c
[5.985s] -- Up-to-date: /ros2_ws/install/localization_msgs/include/localization_msgs/msg/detail/localization_status__rosidl_typesupport_introspection_c.h
[5.986s] -- Up-to-date: /ros2_ws/install/localization_msgs/include/localization_msgs/msg/detail/localization_diagnostics__type_support.c
[5.987s] -- Up-to-date: /ros2_ws/install/localization_msgs/include/localization_msgs/msg/detail/map_origin__type_support.c
[5.987s] -- Up-to-date: /ros2_ws/install/localization_msgs/include/localization_msgs/msg/detail/map_origin__rosidl_typesupport_introspection_c.h
[5.988s] -- Up-to-date: /ros2_ws/install/localization_msgs/include/localization_msgs/msg/detail/localization_pose__type_support.c
[5.988s] -- Up-to-date: /ros2_ws/install/localization_msgs/include/localization_msgs/msg/detail/raw_gps__rosidl_typesupport_introspection_c.h
[5.989s] -- Up-to-date: /ros2_ws/install/localization_msgs/include/localization_msgs/msg/detail/localization_diagnostics__rosidl_typesupport_introspection_c.h
[5.990s] -- Up-to-date: /ros2_ws/install/localization_msgs/include/localization_msgs/msg/detail/localization_pose__rosidl_typesupport_introspection_c.h
[5.990s] -- Up-to-date: /ros2_ws/install/localization_msgs/include/localization_msgs/msg/rosidl_typesupport_introspection_c__visibility_control.h
[5.992s] -- Up-to-date: /ros2_ws/install/localization_msgs/lib/liblocalization_msgs__rosidl_typesupport_introspection_c.so
[5.994s] -- Up-to-date: /ros2_ws/install/localization_msgs/lib/liblocalization_msgs__rosidl_typesupport_c.so
[5.994s] -- Up-to-date: /ros2_ws/install/localization_msgs/include/localization_msgs
[5.995s] -- Up-to-date: /ros2_ws/install/localization_msgs/include/localization_msgs/msg
[5.996s] -- Up-to-date: /ros2_ws/install/localization_msgs/include/localization_msgs/msg/raw_gps.hpp
[5.996s] -- Up-to-date: /ros2_ws/install/localization_msgs/include/localization_msgs/msg/detail
[5.996s] -- Up-to-date: /ros2_ws/install/localization_msgs/include/localization_msgs/msg/detail/localization_odometry__type_support.hpp
[5.998s] -- Up-to-date: /ros2_ws/install/localization_msgs/include/localization_msgs/msg/detail/map_origin__type_support.hpp
[5.998s] -- Up-to-date: /ros2_ws/install/localization_msgs/include/localization_msgs/msg/detail/localization_odometry__struct.hpp
[5.999s] -- Up-to-date: /ros2_ws/install/localization_msgs/include/localization_msgs/msg/detail/localization_diagnostics__struct.hpp
[5.999s] -- Up-to-date: /ros2_ws/install/localization_msgs/include/localization_msgs/msg/detail/localization_status__struct.hpp
[6.000s] -- Up-to-date: /ros2_ws/install/localization_msgs/include/localization_msgs/msg/detail/localization_pose__traits.hpp
[6.000s] -- Up-to-date: /ros2_ws/install/localization_msgs/include/localization_msgs/msg/detail/raw_gps__struct.hpp
[6.001s] -- Up-to-date: /ros2_ws/install/localization_msgs/include/localization_msgs/msg/detail/localization_pose__type_support.hpp
[6.001s] -- Up-to-date: /ros2_ws/install/localization_msgs/include/localization_msgs/msg/detail/localization_odometry__builder.hpp
[6.001s] -- Up-to-date: /ros2_ws/install/localization_msgs/include/localization_msgs/msg/detail/localization_diagnostics__builder.hpp
[6.002s] -- Up-to-date: /ros2_ws/install/localization_msgs/include/localization_msgs/msg/detail/localization_diagnostics__type_support.hpp
[6.002s] -- Up-to-date: /ros2_ws/install/localization_msgs/include/localization_msgs/msg/detail/raw_gps__builder.hpp
[6.002s] -- Up-to-date: /ros2_ws/install/localization_msgs/include/localization_msgs/msg/detail/map_origin__traits.hpp
[6.003s] -- Up-to-date: /ros2_ws/install/localization_msgs/include/localization_msgs/msg/detail/raw_gps__type_support.hpp
[6.004s] -- Up-to-date: /ros2_ws/install/localization_msgs/include/localization_msgs/msg/detail/localization_status__type_support.hpp
[6.005s] -- Up-to-date: /ros2_ws/install/localization_msgs/include/localization_msgs/msg/detail/localization_diagnostics__traits.hpp
[6.006s] -- Up-to-date: /ros2_ws/install/localization_msgs/include/localization_msgs/msg/detail/localization_status__builder.hpp
[6.006s] -- Up-to-date: /ros2_ws/install/localization_msgs/include/localization_msgs/msg/detail/localization_pose__builder.hpp
[6.006s] -- Up-to-date: /ros2_ws/install/localization_msgs/include/localization_msgs/msg/detail/localization_odometry__traits.hpp
[6.007s] -- Up-to-date: /ros2_ws/install/localization_msgs/include/localization_msgs/msg/detail/localization_status__traits.hpp
[6.007s] -- Up-to-date: /ros2_ws/install/localization_msgs/include/localization_msgs/msg/detail/localization_pose__struct.hpp
[6.008s] -- Up-to-date: /ros2_ws/install/localization_msgs/include/localization_msgs/msg/detail/raw_gps__traits.hpp
[6.008s] -- Up-to-date: /ros2_ws/install/localization_msgs/include/localization_msgs/msg/detail/map_origin__builder.hpp
[6.008s] -- Up-to-date: /ros2_ws/install/localization_msgs/include/localization_msgs/msg/detail/map_origin__struct.hpp
[6.009s] -- Up-to-date: /ros2_ws/install/localization_msgs/include/localization_msgs/msg/rosidl_generator_cpp__visibility_control.hpp
[6.009s] -- Up-to-date: /ros2_ws/install/localization_msgs/include/localization_msgs/msg/map_origin.hpp
[6.010s] -- Up-to-date: /ros2_ws/install/localization_msgs/include/localization_msgs/msg/localization_status.hpp
[6.010s] -- Up-to-date: /ros2_ws/install/localization_msgs/include/localization_msgs/msg/localization_diagnostics.hpp
[6.011s] -- Up-to-date: /ros2_ws/install/localization_msgs/include/localization_msgs/msg/localization_odometry.hpp
[6.011s] -- Up-to-date: /ros2_ws/install/localization_msgs/include/localization_msgs/msg/localization_pose.hpp
[6.012s] -- Up-to-date: /ros2_ws/install/localization_msgs/include/localization_msgs
[6.012s] -- Up-to-date: /ros2_ws/install/localization_msgs/include/localization_msgs/msg
[6.012s] -- Up-to-date: /ros2_ws/install/localization_msgs/include/localization_msgs/msg/detail
[6.013s] -- Up-to-date: /ros2_ws/install/localization_msgs/include/localization_msgs/msg/detail/localization_status__rosidl_typesupport_introspection_cpp.hpp
[6.013s] -- Up-to-date: /ros2_ws/install/localization_msgs/include/localization_msgs/msg/detail/raw_gps__type_support.cpp
[6.014s] -- Up-to-date: /ros2_ws/install/localization_msgs/include/localization_msgs/msg/detail/localization_status__type_support.cpp
[6.014s] -- Up-to-date: /ros2_ws/install/localization_msgs/include/localization_msgs/msg/detail/localization_pose__rosidl_typesupport_introspection_cpp.hpp
[6.015s] -- Up-to-date: /ros2_ws/install/localization_msgs/include/localization_msgs/msg/detail/localization_pose__type_support.cpp
[6.015s] -- Up-to-date: /ros2_ws/install/localization_msgs/include/localization_msgs/msg/detail/localization_diagnostics__type_support.cpp
[6.016s] -- Up-to-date: /ros2_ws/install/localization_msgs/include/localization_msgs/msg/detail/localization_odometry__rosidl_typesupport_introspection_cpp.hpp
[6.017s] -- Up-to-date: /ros2_ws/install/localization_msgs/include/localization_msgs/msg/detail/map_origin__rosidl_typesupport_introspection_cpp.hpp
[6.018s] -- Up-to-date: /ros2_ws/install/localization_msgs/include/localization_msgs/msg/detail/localization_odometry__type_support.cpp
[6.019s] -- Up-to-date: /ros2_ws/install/localization_msgs/include/localization_msgs/msg/detail/localization_diagnostics__rosidl_typesupport_introspection_cpp.hpp
[6.019s] -- Up-to-date: /ros2_ws/install/localization_msgs/include/localization_msgs/msg/detail/map_origin__type_support.cpp
[6.019s] -- Up-to-date: /ros2_ws/install/localization_msgs/include/localization_msgs/msg/detail/raw_gps__rosidl_typesupport_introspection_cpp.hpp
[6.020s] -- Up-to-date: /ros2_ws/install/localization_msgs/lib/liblocalization_msgs__rosidl_typesupport_introspection_cpp.so
[6.020s] -- Up-to-date: /ros2_ws/install/localization_msgs/lib/liblocalization_msgs__rosidl_typesupport_cpp.so
[6.021s] -- Up-to-date: /ros2_ws/install/localization_msgs/share/localization_msgs/environment/pythonpath.sh
[6.021s] -- Up-to-date: /ros2_ws/install/localization_msgs/share/localization_msgs/environment/pythonpath.dsv
[6.022s] -- Up-to-date: /ros2_ws/install/localization_msgs/lib/python3.8/site-packages/localization_msgs/__init__.py
[6.127s] -- Up-to-date: /ros2_ws/install/localization_msgs/lib/python3.8/site-packages/localization_msgs/msg
[6.130s] -- Up-to-date: /ros2_ws/install/localization_msgs/lib/python3.8/site-packages/localization_msgs/msg/_raw_gps.py
[6.131s] -- Up-to-date: /ros2_ws/install/localization_msgs/lib/python3.8/site-packages/localization_msgs/msg/_raw_gps_s.c
[6.133s] -- Up-to-date: /ros2_ws/install/localization_msgs/lib/python3.8/site-packages/localization_msgs/msg/_map_origin.py
[6.133s] -- Up-to-date: /ros2_ws/install/localization_msgs/lib/python3.8/site-packages/localization_msgs/msg/_localization_status.py
[6.134s] -- Up-to-date: /ros2_ws/install/localization_msgs/lib/python3.8/site-packages/localization_msgs/msg/_localization_odometry.py
[6.135s] -- Up-to-date: /ros2_ws/install/localization_msgs/lib/python3.8/site-packages/localization_msgs/msg/_localization_pose_s.c
[6.135s] -- Up-to-date: /ros2_ws/install/localization_msgs/lib/python3.8/site-packages/localization_msgs/msg/__init__.py
[6.135s] -- Up-to-date: /ros2_ws/install/localization_msgs/lib/python3.8/site-packages/localization_msgs/msg/_localization_pose.py
[6.136s] -- Up-to-date: /ros2_ws/install/localization_msgs/lib/python3.8/site-packages/localization_msgs/msg/_map_origin_s.c
[6.136s] -- Up-to-date: /ros2_ws/install/localization_msgs/lib/python3.8/site-packages/localization_msgs/msg/_localization_odometry_s.c
[6.137s] -- Up-to-date: /ros2_ws/install/localization_msgs/lib/python3.8/site-packages/localization_msgs/msg/_localization_status_s.c
[6.137s] -- Up-to-date: /ros2_ws/install/localization_msgs/lib/python3.8/site-packages/localization_msgs/msg/_localization_diagnostics_s.c
[6.137s] -- Up-to-date: /ros2_ws/install/localization_msgs/lib/python3.8/site-packages/localization_msgs/msg/_localization_diagnostics.py
[6.138s] -- Up-to-date: /ros2_ws/install/localization_msgs/lib/python3.8/site-packages/localization_msgs/localization_msgs_s__rosidl_typesupport_fastrtps_c.cpython-38-x86_64-linux-gnu.so
[6.138s] -- Up-to-date: /ros2_ws/install/localization_msgs/lib/python3.8/site-packages/localization_msgs/localization_msgs_s__rosidl_typesupport_introspection_c.cpython-38-x86_64-linux-gnu.so
[6.139s] -- Up-to-date: /ros2_ws/install/localization_msgs/lib/python3.8/site-packages/localization_msgs/localization_msgs_s__rosidl_typesupport_c.cpython-38-x86_64-linux-gnu.so
[6.141s] -- Up-to-date: /ros2_ws/install/localization_msgs/lib/liblocalization_msgs__python.so
[6.142s] -- Up-to-date: /ros2_ws/install/localization_msgs/share/localization_msgs/msg/LocalizationPose.idl
[6.143s] -- Up-to-date: /ros2_ws/install/localization_msgs/share/localization_msgs/msg/LocalizationOdometry.idl
[6.143s] -- Up-to-date: /ros2_ws/install/localization_msgs/share/localization_msgs/msg/LocalizationStatus.idl
[6.143s] -- Up-to-date: /ros2_ws/install/localization_msgs/share/localization_msgs/msg/LocalizationDiagnostics.idl
[6.144s] -- Up-to-date: /ros2_ws/install/localization_msgs/share/localization_msgs/msg/MapOrigin.idl
[6.144s] -- Up-to-date: /ros2_ws/install/localization_msgs/share/localization_msgs/msg/RawGps.idl
[6.145s] -- Up-to-date: /ros2_ws/install/localization_msgs/share/localization_msgs/msg/LocalizationPose.msg
[6.145s] -- Up-to-date: /ros2_ws/install/localization_msgs/share/localization_msgs/msg/LocalizationOdometry.msg
[6.145s] -- Up-to-date: /ros2_ws/install/localization_msgs/share/localization_msgs/msg/LocalizationStatus.msg
[6.146s] -- Up-to-date: /ros2_ws/install/localization_msgs/share/localization_msgs/msg/LocalizationDiagnostics.msg
[6.147s] -- Up-to-date: /ros2_ws/install/localization_msgs/share/localization_msgs/msg/MapOrigin.msg
[6.148s] -- Up-to-date: /ros2_ws/install/localization_msgs/share/localization_msgs/msg/RawGps.msg
[6.149s] -- Up-to-date: /ros2_ws/install/localization_msgs/share/ament_index/resource_index/package_run_dependencies/localization_msgs
[6.149s] -- Up-to-date: /ros2_ws/install/localization_msgs/share/ament_index/resource_index/parent_prefix_path/localization_msgs
[6.150s] -- Up-to-date: /ros2_ws/install/localization_msgs/share/localization_msgs/environment/ament_prefix_path.sh
[6.150s] -- Up-to-date: /ros2_ws/install/localization_msgs/share/localization_msgs/environment/ament_prefix_path.dsv
[6.151s] -- Up-to-date: /ros2_ws/install/localization_msgs/share/localization_msgs/environment/path.sh
[6.152s] -- Up-to-date: /ros2_ws/install/localization_msgs/share/localization_msgs/environment/path.dsv
[6.152s] -- Up-to-date: /ros2_ws/install/localization_msgs/share/localization_msgs/local_setup.bash
[6.153s] -- Up-to-date: /ros2_ws/install/localization_msgs/share/localization_msgs/local_setup.sh
[6.153s] -- Up-to-date: /ros2_ws/install/localization_msgs/share/localization_msgs/local_setup.zsh
[6.154s] -- Up-to-date: /ros2_ws/install/localization_msgs/share/localization_msgs/local_setup.dsv
[6.154s] -- Installing: /ros2_ws/install/localization_msgs/share/localization_msgs/package.dsv
[6.154s] -- Up-to-date: /ros2_ws/install/localization_msgs/share/ament_index/resource_index/packages/localization_msgs
[6.155s] -- Up-to-date: /ros2_ws/install/localization_msgs/share/localization_msgs/cmake/localization_msgs__rosidl_generator_cExport.cmake
[6.155s] -- Up-to-date: /ros2_ws/install/localization_msgs/share/localization_msgs/cmake/localization_msgs__rosidl_generator_cExport-noconfig.cmake
[6.156s] -- Up-to-date: /ros2_ws/install/localization_msgs/share/localization_msgs/cmake/localization_msgs__rosidl_typesupport_introspection_cExport.cmake
[6.156s] -- Up-to-date: /ros2_ws/install/localization_msgs/share/localization_msgs/cmake/localization_msgs__rosidl_typesupport_introspection_cExport-noconfig.cmake
[6.157s] -- Up-to-date: /ros2_ws/install/localization_msgs/share/localization_msgs/cmake/localization_msgs__rosidl_typesupport_cExport.cmake
[6.157s] -- Up-to-date: /ros2_ws/install/localization_msgs/share/localization_msgs/cmake/localization_msgs__rosidl_typesupport_cExport-noconfig.cmake
[6.158s] -- Up-to-date: /ros2_ws/install/localization_msgs/share/localization_msgs/cmake/localization_msgs__rosidl_generator_cppExport.cmake
[6.161s] -- Up-to-date: /ros2_ws/install/localization_msgs/share/localization_msgs/cmake/localization_msgs__rosidl_typesupport_introspection_cppExport.cmake
[6.161s] -- Up-to-date: /ros2_ws/install/localization_msgs/share/localization_msgs/cmake/localization_msgs__rosidl_typesupport_introspection_cppExport-noconfig.cmake
[6.162s] -- Up-to-date: /ros2_ws/install/localization_msgs/share/localization_msgs/cmake/localization_msgs__rosidl_typesupport_cppExport.cmake
[6.163s] -- Up-to-date: /ros2_ws/install/localization_msgs/share/localization_msgs/cmake/localization_msgs__rosidl_typesupport_cppExport-noconfig.cmake
[6.163s] -- Up-to-date: /ros2_ws/install/localization_msgs/share/localization_msgs/cmake/rosidl_cmake-extras.cmake
[6.164s] -- Up-to-date: /ros2_ws/install/localization_msgs/share/localization_msgs/cmake/ament_cmake_export_dependencies-extras.cmake
[6.164s] -- Up-to-date: /ros2_ws/install/localization_msgs/share/localization_msgs/cmake/ament_cmake_export_libraries-extras.cmake
[6.165s] -- Up-to-date: /ros2_ws/install/localization_msgs/share/localization_msgs/cmake/ament_cmake_export_targets-extras.cmake
[6.168s] -- Up-to-date: /ros2_ws/install/localization_msgs/share/localization_msgs/cmake/ament_cmake_export_include_directories-extras.cmake
[6.169s] -- Up-to-date: /ros2_ws/install/localization_msgs/share/localization_msgs/cmake/rosidl_cmake_export_typesupport_libraries-extras.cmake
[6.169s] -- Up-to-date: /ros2_ws/install/localization_msgs/share/localization_msgs/cmake/rosidl_cmake_export_typesupport_targets-extras.cmake
[6.169s] -- Up-to-date: /ros2_ws/install/localization_msgs/share/localization_msgs/cmake/localization_msgsConfig.cmake
[6.169s] -- Up-to-date: /ros2_ws/install/localization_msgs/share/localization_msgs/cmake/localization_msgsConfig-version.cmake
[6.169s] -- Up-to-date: /ros2_ws/install/localization_msgs/share/localization_msgs/package.xml
[6.181s] Invoked command in '/ros2_ws/build/localization_msgs' returned '0': CMAKE_PREFIX_PATH=${CMAKE_PREFIX_PATH}:/ros2_ws/install/planning:/ros2_ws/install/perception:/ros2_ws/install/fsm:/ros2_ws/install/cengaver_controller:/ros2_ws/install/localization:/opt/ros/foxy /usr/bin/cmake --install /ros2_ws/build/localization_msgs
