[  1%] Built target localization_msgs__cpp
[ 12%] Built target localization_msgs__rosidl_generator_c
[ 23%] Built target localization_msgs__rosidl_typesupport_introspection_cpp
[ 35%] Built target localization_msgs__rosidl_typesupport_fastrtps_cpp
[ 46%] Built target localization_msgs__rosidl_typesupport_cpp
[ 57%] Built target localization_msgs__rosidl_typesupport_c
[ 69%] Built target localization_msgs__rosidl_typesupport_introspection_c
[ 80%] Built target localization_msgs__rosidl_typesupport_fastrtps_c
[ 80%] Built target localization_msgs
[ 81%] Built target localization_msgs__py
[ 91%] Built target localization_msgs__python
[ 95%] Built target localization_msgs__rosidl_typesupport_fastrtps_c__pyext
[ 97%] Built target localization_msgs__rosidl_typesupport_introspection_c__pyext
[100%] Built target localization_msgs__rosidl_typesupport_c__pyext
-- Install configuration: ""
-- Up-to-date: /ros2_ws/install/localization_msgs/share/ament_index/resource_index/rosidl_interfaces/localization_msgs
-- Up-to-date: /ros2_ws/install/localization_msgs/include/localization_msgs
-- Up-to-date: /ros2_ws/install/localization_msgs/include/localization_msgs/msg
-- Up-to-date: /ros2_ws/install/localization_msgs/include/localization_msgs/msg/map_origin.h
-- Up-to-date: /ros2_ws/install/localization_msgs/include/localization_msgs/msg/rosidl_generator_c__visibility_control.h
-- Up-to-date: /ros2_ws/install/localization_msgs/include/localization_msgs/msg/localization_odometry.h
-- Up-to-date: /ros2_ws/install/localization_msgs/include/localization_msgs/msg/detail
-- Up-to-date: /ros2_ws/install/localization_msgs/include/localization_msgs/msg/detail/map_origin__functions.h
-- Up-to-date: /ros2_ws/install/localization_msgs/include/localization_msgs/msg/detail/localization_diagnostics__type_support.h
-- Up-to-date: /ros2_ws/install/localization_msgs/include/localization_msgs/msg/detail/localization_odometry__functions.c
-- Up-to-date: /ros2_ws/install/localization_msgs/include/localization_msgs/msg/detail/raw_gps__functions.c
-- Up-to-date: /ros2_ws/install/localization_msgs/include/localization_msgs/msg/detail/localization_diagnostics__functions.c
-- Up-to-date: /ros2_ws/install/localization_msgs/include/localization_msgs/msg/detail/map_origin__struct.h
-- Up-to-date: /ros2_ws/install/localization_msgs/include/localization_msgs/msg/detail/localization_pose__type_support.h
-- Up-to-date: /ros2_ws/install/localization_msgs/include/localization_msgs/msg/detail/raw_gps__struct.h
-- Up-to-date: /ros2_ws/install/localization_msgs/include/localization_msgs/msg/detail/map_origin__type_support.h
-- Up-to-date: /ros2_ws/install/localization_msgs/include/localization_msgs/msg/detail/localization_odometry__struct.h
-- Up-to-date: /ros2_ws/install/localization_msgs/include/localization_msgs/msg/detail/localization_pose__functions.h
-- Up-to-date: /ros2_ws/install/localization_msgs/include/localization_msgs/msg/detail/localization_status__functions.h
-- Up-to-date: /ros2_ws/install/localization_msgs/include/localization_msgs/msg/detail/localization_odometry__type_support.h
-- Up-to-date: /ros2_ws/install/localization_msgs/include/localization_msgs/msg/detail/localization_status__struct.h
-- Up-to-date: /ros2_ws/install/localization_msgs/include/localization_msgs/msg/detail/localization_diagnostics__struct.h
-- Up-to-date: /ros2_ws/install/localization_msgs/include/localization_msgs/msg/detail/map_origin__functions.c
-- Up-to-date: /ros2_ws/install/localization_msgs/include/localization_msgs/msg/detail/localization_status__type_support.h
-- Up-to-date: /ros2_ws/install/localization_msgs/include/localization_msgs/msg/detail/localization_diagnostics__functions.h
-- Up-to-date: /ros2_ws/install/localization_msgs/include/localization_msgs/msg/detail/raw_gps__functions.h
-- Up-to-date: /ros2_ws/install/localization_msgs/include/localization_msgs/msg/detail/localization_pose__struct.h
-- Up-to-date: /ros2_ws/install/localization_msgs/include/localization_msgs/msg/detail/localization_odometry__functions.h
-- Up-to-date: /ros2_ws/install/localization_msgs/include/localization_msgs/msg/detail/raw_gps__type_support.h
-- Up-to-date: /ros2_ws/install/localization_msgs/include/localization_msgs/msg/detail/localization_status__functions.c
-- Up-to-date: /ros2_ws/install/localization_msgs/include/localization_msgs/msg/detail/localization_pose__functions.c
-- Up-to-date: /ros2_ws/install/localization_msgs/include/localization_msgs/msg/localization_pose.h
-- Up-to-date: /ros2_ws/install/localization_msgs/include/localization_msgs/msg/localization_diagnostics.h
-- Up-to-date: /ros2_ws/install/localization_msgs/include/localization_msgs/msg/localization_status.h
-- Up-to-date: /ros2_ws/install/localization_msgs/include/localization_msgs/msg/raw_gps.h
-- Up-to-date: /ros2_ws/install/localization_msgs/share/localization_msgs/environment/library_path.sh
-- Up-to-date: /ros2_ws/install/localization_msgs/share/localization_msgs/environment/library_path.dsv
-- Up-to-date: /ros2_ws/install/localization_msgs/lib/liblocalization_msgs__rosidl_generator_c.so
-- Up-to-date: /ros2_ws/install/localization_msgs/include/localization_msgs
-- Up-to-date: /ros2_ws/install/localization_msgs/include/localization_msgs/msg
-- Up-to-date: /ros2_ws/install/localization_msgs/include/localization_msgs/msg/detail
-- Up-to-date: /ros2_ws/install/localization_msgs/include/localization_msgs/msg/detail/raw_gps__rosidl_typesupport_fastrtps_c.h
-- Up-to-date: /ros2_ws/install/localization_msgs/include/localization_msgs/msg/detail/localization_status__rosidl_typesupport_fastrtps_c.h
-- Up-to-date: /ros2_ws/install/localization_msgs/include/localization_msgs/msg/detail/localization_diagnostics__rosidl_typesupport_fastrtps_c.h
-- Up-to-date: /ros2_ws/install/localization_msgs/include/localization_msgs/msg/detail/localization_pose__rosidl_typesupport_fastrtps_c.h
-- Up-to-date: /ros2_ws/install/localization_msgs/include/localization_msgs/msg/detail/map_origin__rosidl_typesupport_fastrtps_c.h
-- Up-to-date: /ros2_ws/install/localization_msgs/include/localization_msgs/msg/detail/localization_odometry__rosidl_typesupport_fastrtps_c.h
-- Up-to-date: /ros2_ws/install/localization_msgs/include/localization_msgs/msg/rosidl_typesupport_fastrtps_c__visibility_control.h
-- Up-to-date: /ros2_ws/install/localization_msgs/lib/liblocalization_msgs__rosidl_typesupport_fastrtps_c.so
-- Up-to-date: /ros2_ws/install/localization_msgs/include/localization_msgs
-- Up-to-date: /ros2_ws/install/localization_msgs/include/localization_msgs/msg
-- Up-to-date: /ros2_ws/install/localization_msgs/include/localization_msgs/msg/rosidl_typesupport_fastrtps_cpp__visibility_control.h
-- Up-to-date: /ros2_ws/install/localization_msgs/include/localization_msgs/msg/detail
-- Up-to-date: /ros2_ws/install/localization_msgs/include/localization_msgs/msg/detail/localization_diagnostics__rosidl_typesupport_fastrtps_cpp.hpp
-- Up-to-date: /ros2_ws/install/localization_msgs/include/localization_msgs/msg/detail/map_origin__rosidl_typesupport_fastrtps_cpp.hpp
-- Up-to-date: /ros2_ws/install/localization_msgs/include/localization_msgs/msg/detail/raw_gps__rosidl_typesupport_fastrtps_cpp.hpp
-- Up-to-date: /ros2_ws/install/localization_msgs/include/localization_msgs/msg/detail/localization_status__rosidl_typesupport_fastrtps_cpp.hpp
-- Up-to-date: /ros2_ws/install/localization_msgs/include/localization_msgs/msg/detail/localization_odometry__rosidl_typesupport_fastrtps_cpp.hpp
-- Up-to-date: /ros2_ws/install/localization_msgs/include/localization_msgs/msg/detail/dds_fastrtps
-- Up-to-date: /ros2_ws/install/localization_msgs/include/localization_msgs/msg/detail/localization_pose__rosidl_typesupport_fastrtps_cpp.hpp
-- Up-to-date: /ros2_ws/install/localization_msgs/lib/liblocalization_msgs__rosidl_typesupport_fastrtps_cpp.so
-- Up-to-date: /ros2_ws/install/localization_msgs/include/localization_msgs
-- Up-to-date: /ros2_ws/install/localization_msgs/include/localization_msgs/msg
-- Up-to-date: /ros2_ws/install/localization_msgs/include/localization_msgs/msg/detail
-- Up-to-date: /ros2_ws/install/localization_msgs/include/localization_msgs/msg/detail/localization_status__type_support.c
-- Up-to-date: /ros2_ws/install/localization_msgs/include/localization_msgs/msg/detail/localization_odometry__type_support.c
-- Up-to-date: /ros2_ws/install/localization_msgs/include/localization_msgs/msg/detail/localization_odometry__rosidl_typesupport_introspection_c.h
-- Up-to-date: /ros2_ws/install/localization_msgs/include/localization_msgs/msg/detail/raw_gps__type_support.c
-- Up-to-date: /ros2_ws/install/localization_msgs/include/localization_msgs/msg/detail/localization_status__rosidl_typesupport_introspection_c.h
-- Up-to-date: /ros2_ws/install/localization_msgs/include/localization_msgs/msg/detail/localization_diagnostics__type_support.c
-- Up-to-date: /ros2_ws/install/localization_msgs/include/localization_msgs/msg/detail/map_origin__type_support.c
-- Up-to-date: /ros2_ws/install/localization_msgs/include/localization_msgs/msg/detail/map_origin__rosidl_typesupport_introspection_c.h
-- Up-to-date: /ros2_ws/install/localization_msgs/include/localization_msgs/msg/detail/localization_pose__type_support.c
-- Up-to-date: /ros2_ws/install/localization_msgs/include/localization_msgs/msg/detail/raw_gps__rosidl_typesupport_introspection_c.h
-- Up-to-date: /ros2_ws/install/localization_msgs/include/localization_msgs/msg/detail/localization_diagnostics__rosidl_typesupport_introspection_c.h
-- Up-to-date: /ros2_ws/install/localization_msgs/include/localization_msgs/msg/detail/localization_pose__rosidl_typesupport_introspection_c.h
-- Up-to-date: /ros2_ws/install/localization_msgs/include/localization_msgs/msg/rosidl_typesupport_introspection_c__visibility_control.h
-- Up-to-date: /ros2_ws/install/localization_msgs/lib/liblocalization_msgs__rosidl_typesupport_introspection_c.so
-- Up-to-date: /ros2_ws/install/localization_msgs/lib/liblocalization_msgs__rosidl_typesupport_c.so
-- Up-to-date: /ros2_ws/install/localization_msgs/include/localization_msgs
-- Up-to-date: /ros2_ws/install/localization_msgs/include/localization_msgs/msg
-- Up-to-date: /ros2_ws/install/localization_msgs/include/localization_msgs/msg/raw_gps.hpp
-- Up-to-date: /ros2_ws/install/localization_msgs/include/localization_msgs/msg/detail
-- Up-to-date: /ros2_ws/install/localization_msgs/include/localization_msgs/msg/detail/localization_odometry__type_support.hpp
-- Up-to-date: /ros2_ws/install/localization_msgs/include/localization_msgs/msg/detail/map_origin__type_support.hpp
-- Up-to-date: /ros2_ws/install/localization_msgs/include/localization_msgs/msg/detail/localization_odometry__struct.hpp
-- Up-to-date: /ros2_ws/install/localization_msgs/include/localization_msgs/msg/detail/localization_diagnostics__struct.hpp
-- Up-to-date: /ros2_ws/install/localization_msgs/include/localization_msgs/msg/detail/localization_status__struct.hpp
-- Up-to-date: /ros2_ws/install/localization_msgs/include/localization_msgs/msg/detail/localization_pose__traits.hpp
-- Up-to-date: /ros2_ws/install/localization_msgs/include/localization_msgs/msg/detail/raw_gps__struct.hpp
-- Up-to-date: /ros2_ws/install/localization_msgs/include/localization_msgs/msg/detail/localization_pose__type_support.hpp
-- Up-to-date: /ros2_ws/install/localization_msgs/include/localization_msgs/msg/detail/localization_odometry__builder.hpp
-- Up-to-date: /ros2_ws/install/localization_msgs/include/localization_msgs/msg/detail/localization_diagnostics__builder.hpp
-- Up-to-date: /ros2_ws/install/localization_msgs/include/localization_msgs/msg/detail/localization_diagnostics__type_support.hpp
-- Up-to-date: /ros2_ws/install/localization_msgs/include/localization_msgs/msg/detail/raw_gps__builder.hpp
-- Up-to-date: /ros2_ws/install/localization_msgs/include/localization_msgs/msg/detail/map_origin__traits.hpp
-- Up-to-date: /ros2_ws/install/localization_msgs/include/localization_msgs/msg/detail/raw_gps__type_support.hpp
-- Up-to-date: /ros2_ws/install/localization_msgs/include/localization_msgs/msg/detail/localization_status__type_support.hpp
-- Up-to-date: /ros2_ws/install/localization_msgs/include/localization_msgs/msg/detail/localization_diagnostics__traits.hpp
-- Up-to-date: /ros2_ws/install/localization_msgs/include/localization_msgs/msg/detail/localization_status__builder.hpp
-- Up-to-date: /ros2_ws/install/localization_msgs/include/localization_msgs/msg/detail/localization_pose__builder.hpp
-- Up-to-date: /ros2_ws/install/localization_msgs/include/localization_msgs/msg/detail/localization_odometry__traits.hpp
-- Up-to-date: /ros2_ws/install/localization_msgs/include/localization_msgs/msg/detail/localization_status__traits.hpp
-- Up-to-date: /ros2_ws/install/localization_msgs/include/localization_msgs/msg/detail/localization_pose__struct.hpp
-- Up-to-date: /ros2_ws/install/localization_msgs/include/localization_msgs/msg/detail/raw_gps__traits.hpp
-- Up-to-date: /ros2_ws/install/localization_msgs/include/localization_msgs/msg/detail/map_origin__builder.hpp
-- Up-to-date: /ros2_ws/install/localization_msgs/include/localization_msgs/msg/detail/map_origin__struct.hpp
-- Up-to-date: /ros2_ws/install/localization_msgs/include/localization_msgs/msg/rosidl_generator_cpp__visibility_control.hpp
-- Up-to-date: /ros2_ws/install/localization_msgs/include/localization_msgs/msg/map_origin.hpp
-- Up-to-date: /ros2_ws/install/localization_msgs/include/localization_msgs/msg/localization_status.hpp
-- Up-to-date: /ros2_ws/install/localization_msgs/include/localization_msgs/msg/localization_diagnostics.hpp
-- Up-to-date: /ros2_ws/install/localization_msgs/include/localization_msgs/msg/localization_odometry.hpp
-- Up-to-date: /ros2_ws/install/localization_msgs/include/localization_msgs/msg/localization_pose.hpp
-- Up-to-date: /ros2_ws/install/localization_msgs/include/localization_msgs
-- Up-to-date: /ros2_ws/install/localization_msgs/include/localization_msgs/msg
-- Up-to-date: /ros2_ws/install/localization_msgs/include/localization_msgs/msg/detail
-- Up-to-date: /ros2_ws/install/localization_msgs/include/localization_msgs/msg/detail/localization_status__rosidl_typesupport_introspection_cpp.hpp
-- Up-to-date: /ros2_ws/install/localization_msgs/include/localization_msgs/msg/detail/raw_gps__type_support.cpp
-- Up-to-date: /ros2_ws/install/localization_msgs/include/localization_msgs/msg/detail/localization_status__type_support.cpp
-- Up-to-date: /ros2_ws/install/localization_msgs/include/localization_msgs/msg/detail/localization_pose__rosidl_typesupport_introspection_cpp.hpp
-- Up-to-date: /ros2_ws/install/localization_msgs/include/localization_msgs/msg/detail/localization_pose__type_support.cpp
-- Up-to-date: /ros2_ws/install/localization_msgs/include/localization_msgs/msg/detail/localization_diagnostics__type_support.cpp
-- Up-to-date: /ros2_ws/install/localization_msgs/include/localization_msgs/msg/detail/localization_odometry__rosidl_typesupport_introspection_cpp.hpp
-- Up-to-date: /ros2_ws/install/localization_msgs/include/localization_msgs/msg/detail/map_origin__rosidl_typesupport_introspection_cpp.hpp
-- Up-to-date: /ros2_ws/install/localization_msgs/include/localization_msgs/msg/detail/localization_odometry__type_support.cpp
-- Up-to-date: /ros2_ws/install/localization_msgs/include/localization_msgs/msg/detail/localization_diagnostics__rosidl_typesupport_introspection_cpp.hpp
-- Up-to-date: /ros2_ws/install/localization_msgs/include/localization_msgs/msg/detail/map_origin__type_support.cpp
-- Up-to-date: /ros2_ws/install/localization_msgs/include/localization_msgs/msg/detail/raw_gps__rosidl_typesupport_introspection_cpp.hpp
-- Up-to-date: /ros2_ws/install/localization_msgs/lib/liblocalization_msgs__rosidl_typesupport_introspection_cpp.so
-- Up-to-date: /ros2_ws/install/localization_msgs/lib/liblocalization_msgs__rosidl_typesupport_cpp.so
-- Up-to-date: /ros2_ws/install/localization_msgs/share/localization_msgs/environment/pythonpath.sh
-- Up-to-date: /ros2_ws/install/localization_msgs/share/localization_msgs/environment/pythonpath.dsv
-- Up-to-date: /ros2_ws/install/localization_msgs/lib/python3.8/site-packages/localization_msgs/__init__.py
-- Up-to-date: /ros2_ws/install/localization_msgs/lib/python3.8/site-packages/localization_msgs/msg
-- Up-to-date: /ros2_ws/install/localization_msgs/lib/python3.8/site-packages/localization_msgs/msg/_raw_gps.py
-- Up-to-date: /ros2_ws/install/localization_msgs/lib/python3.8/site-packages/localization_msgs/msg/_raw_gps_s.c
-- Up-to-date: /ros2_ws/install/localization_msgs/lib/python3.8/site-packages/localization_msgs/msg/_map_origin.py
-- Up-to-date: /ros2_ws/install/localization_msgs/lib/python3.8/site-packages/localization_msgs/msg/_localization_status.py
-- Up-to-date: /ros2_ws/install/localization_msgs/lib/python3.8/site-packages/localization_msgs/msg/_localization_odometry.py
-- Up-to-date: /ros2_ws/install/localization_msgs/lib/python3.8/site-packages/localization_msgs/msg/_localization_pose_s.c
-- Up-to-date: /ros2_ws/install/localization_msgs/lib/python3.8/site-packages/localization_msgs/msg/__init__.py
-- Up-to-date: /ros2_ws/install/localization_msgs/lib/python3.8/site-packages/localization_msgs/msg/_localization_pose.py
-- Up-to-date: /ros2_ws/install/localization_msgs/lib/python3.8/site-packages/localization_msgs/msg/_map_origin_s.c
-- Up-to-date: /ros2_ws/install/localization_msgs/lib/python3.8/site-packages/localization_msgs/msg/_localization_odometry_s.c
-- Up-to-date: /ros2_ws/install/localization_msgs/lib/python3.8/site-packages/localization_msgs/msg/_localization_status_s.c
-- Up-to-date: /ros2_ws/install/localization_msgs/lib/python3.8/site-packages/localization_msgs/msg/_localization_diagnostics_s.c
-- Up-to-date: /ros2_ws/install/localization_msgs/lib/python3.8/site-packages/localization_msgs/msg/_localization_diagnostics.py
-- Up-to-date: /ros2_ws/install/localization_msgs/lib/python3.8/site-packages/localization_msgs/localization_msgs_s__rosidl_typesupport_fastrtps_c.cpython-38-x86_64-linux-gnu.so
-- Up-to-date: /ros2_ws/install/localization_msgs/lib/python3.8/site-packages/localization_msgs/localization_msgs_s__rosidl_typesupport_introspection_c.cpython-38-x86_64-linux-gnu.so
-- Up-to-date: /ros2_ws/install/localization_msgs/lib/python3.8/site-packages/localization_msgs/localization_msgs_s__rosidl_typesupport_c.cpython-38-x86_64-linux-gnu.so
-- Up-to-date: /ros2_ws/install/localization_msgs/lib/liblocalization_msgs__python.so
-- Up-to-date: /ros2_ws/install/localization_msgs/share/localization_msgs/msg/LocalizationPose.idl
-- Up-to-date: /ros2_ws/install/localization_msgs/share/localization_msgs/msg/LocalizationOdometry.idl
-- Up-to-date: /ros2_ws/install/localization_msgs/share/localization_msgs/msg/LocalizationStatus.idl
-- Up-to-date: /ros2_ws/install/localization_msgs/share/localization_msgs/msg/LocalizationDiagnostics.idl
-- Up-to-date: /ros2_ws/install/localization_msgs/share/localization_msgs/msg/MapOrigin.idl
-- Up-to-date: /ros2_ws/install/localization_msgs/share/localization_msgs/msg/RawGps.idl
-- Up-to-date: /ros2_ws/install/localization_msgs/share/localization_msgs/msg/LocalizationPose.msg
-- Up-to-date: /ros2_ws/install/localization_msgs/share/localization_msgs/msg/LocalizationOdometry.msg
-- Up-to-date: /ros2_ws/install/localization_msgs/share/localization_msgs/msg/LocalizationStatus.msg
-- Up-to-date: /ros2_ws/install/localization_msgs/share/localization_msgs/msg/LocalizationDiagnostics.msg
-- Up-to-date: /ros2_ws/install/localization_msgs/share/localization_msgs/msg/MapOrigin.msg
-- Up-to-date: /ros2_ws/install/localization_msgs/share/localization_msgs/msg/RawGps.msg
-- Up-to-date: /ros2_ws/install/localization_msgs/share/ament_index/resource_index/package_run_dependencies/localization_msgs
-- Up-to-date: /ros2_ws/install/localization_msgs/share/ament_index/resource_index/parent_prefix_path/localization_msgs
-- Up-to-date: /ros2_ws/install/localization_msgs/share/localization_msgs/environment/ament_prefix_path.sh
-- Up-to-date: /ros2_ws/install/localization_msgs/share/localization_msgs/environment/ament_prefix_path.dsv
-- Up-to-date: /ros2_ws/install/localization_msgs/share/localization_msgs/environment/path.sh
-- Up-to-date: /ros2_ws/install/localization_msgs/share/localization_msgs/environment/path.dsv
-- Up-to-date: /ros2_ws/install/localization_msgs/share/localization_msgs/local_setup.bash
-- Up-to-date: /ros2_ws/install/localization_msgs/share/localization_msgs/local_setup.sh
-- Up-to-date: /ros2_ws/install/localization_msgs/share/localization_msgs/local_setup.zsh
-- Up-to-date: /ros2_ws/install/localization_msgs/share/localization_msgs/local_setup.dsv
-- Installing: /ros2_ws/install/localization_msgs/share/localization_msgs/package.dsv
-- Up-to-date: /ros2_ws/install/localization_msgs/share/ament_index/resource_index/packages/localization_msgs
-- Up-to-date: /ros2_ws/install/localization_msgs/share/localization_msgs/cmake/localization_msgs__rosidl_generator_cExport.cmake
-- Up-to-date: /ros2_ws/install/localization_msgs/share/localization_msgs/cmake/localization_msgs__rosidl_generator_cExport-noconfig.cmake
-- Up-to-date: /ros2_ws/install/localization_msgs/share/localization_msgs/cmake/localization_msgs__rosidl_typesupport_introspection_cExport.cmake
-- Up-to-date: /ros2_ws/install/localization_msgs/share/localization_msgs/cmake/localization_msgs__rosidl_typesupport_introspection_cExport-noconfig.cmake
-- Up-to-date: /ros2_ws/install/localization_msgs/share/localization_msgs/cmake/localization_msgs__rosidl_typesupport_cExport.cmake
-- Up-to-date: /ros2_ws/install/localization_msgs/share/localization_msgs/cmake/localization_msgs__rosidl_typesupport_cExport-noconfig.cmake
-- Up-to-date: /ros2_ws/install/localization_msgs/share/localization_msgs/cmake/localization_msgs__rosidl_generator_cppExport.cmake
-- Up-to-date: /ros2_ws/install/localization_msgs/share/localization_msgs/cmake/localization_msgs__rosidl_typesupport_introspection_cppExport.cmake
-- Up-to-date: /ros2_ws/install/localization_msgs/share/localization_msgs/cmake/localization_msgs__rosidl_typesupport_introspection_cppExport-noconfig.cmake
-- Up-to-date: /ros2_ws/install/localization_msgs/share/localization_msgs/cmake/localization_msgs__rosidl_typesupport_cppExport.cmake
-- Up-to-date: /ros2_ws/install/localization_msgs/share/localization_msgs/cmake/localization_msgs__rosidl_typesupport_cppExport-noconfig.cmake
-- Up-to-date: /ros2_ws/install/localization_msgs/share/localization_msgs/cmake/rosidl_cmake-extras.cmake
-- Up-to-date: /ros2_ws/install/localization_msgs/share/localization_msgs/cmake/ament_cmake_export_dependencies-extras.cmake
-- Up-to-date: /ros2_ws/install/localization_msgs/share/localization_msgs/cmake/ament_cmake_export_libraries-extras.cmake
-- Up-to-date: /ros2_ws/install/localization_msgs/share/localization_msgs/cmake/ament_cmake_export_targets-extras.cmake
-- Up-to-date: /ros2_ws/install/localization_msgs/share/localization_msgs/cmake/ament_cmake_export_include_directories-extras.cmake
-- Up-to-date: /ros2_ws/install/localization_msgs/share/localization_msgs/cmake/rosidl_cmake_export_typesupport_libraries-extras.cmake
-- Up-to-date: /ros2_ws/install/localization_msgs/share/localization_msgs/cmake/rosidl_cmake_export_typesupport_targets-extras.cmake
-- Up-to-date: /ros2_ws/install/localization_msgs/share/localization_msgs/cmake/localization_msgsConfig.cmake
-- Up-to-date: /ros2_ws/install/localization_msgs/share/localization_msgs/cmake/localization_msgsConfig-version.cmake
-- Up-to-date: /ros2_ws/install/localization_msgs/share/localization_msgs/package.xml
