[0.618s] Invoking command in '/ros2_ws/src/controller': AMENT_PREFIX_PATH=/ros2_ws/install/planning_msgs:/ros2_ws/install/fsm_msgs:/ros2_ws/install/common_msgs:${AMENT_PREFIX_PATH} CMAKE_PREFIX_PATH=/ros2_ws/install/planning_msgs:/ros2_ws/install/fsm_msgs:/ros2_ws/install/common_msgs LD_LIBRARY_PATH=/ros2_ws/install/planning_msgs/lib:/ros2_ws/install/fsm_msgs/lib:/ros2_ws/install/common_msgs/lib:${LD_LIBRARY_PATH} PYTHONPATH=/ros2_ws/build/cengaver_controller/prefix_override:/ros2_ws/install/cengaver_controller/lib/python3.8/site-packages:/ros2_ws/install/planning_msgs/lib/python3.8/site-packages:/ros2_ws/install/fsm_msgs/lib/python3.8/site-packages:/ros2_ws/install/common_msgs/lib/python3.8/site-packages:${PYTHONPATH} /usr/bin/python3 setup.py egg_info --egg-base ../../build/cengaver_controller build --build-base /ros2_ws/build/cengaver_controller/build install --record /ros2_ws/build/cengaver_controller/install.log --single-version-externally-managed
[0.787s] running egg_info
[0.788s] creating ../../build/cengaver_controller/cengaver_controller.egg-info
[0.788s] writing ../../build/cengaver_controller/cengaver_controller.egg-info/PKG-INFO
[0.789s] writing dependency_links to ../../build/cengaver_controller/cengaver_controller.egg-info/dependency_links.txt
[0.789s] writing entry points to ../../build/cengaver_controller/cengaver_controller.egg-info/entry_points.txt
[0.790s] writing requirements to ../../build/cengaver_controller/cengaver_controller.egg-info/requires.txt
[0.791s] writing top-level names to ../../build/cengaver_controller/cengaver_controller.egg-info/top_level.txt
[0.791s] writing manifest file '../../build/cengaver_controller/cengaver_controller.egg-info/SOURCES.txt'
[0.811s] reading manifest file '../../build/cengaver_controller/cengaver_controller.egg-info/SOURCES.txt'
[0.812s] writing manifest file '../../build/cengaver_controller/cengaver_controller.egg-info/SOURCES.txt'
[0.812s] running build
[0.813s] running build_py
[0.813s] creating /ros2_ws/build/cengaver_controller/build
[0.813s] creating /ros2_ws/build/cengaver_controller/build/lib
[0.814s] creating /ros2_ws/build/cengaver_controller/build/lib/cengaver_controller
[0.814s] copying cengaver_controller/can_interface.py -> /ros2_ws/build/cengaver_controller/build/lib/cengaver_controller
[0.814s] copying cengaver_controller/__init__.py -> /ros2_ws/build/cengaver_controller/build/lib/cengaver_controller
[0.815s] copying cengaver_controller/ackermann_model.py -> /ros2_ws/build/cengaver_controller/build/lib/cengaver_controller
[0.816s] copying cengaver_controller/stanley_controller.py -> /ros2_ws/build/cengaver_controller/build/lib/cengaver_controller
[0.816s] copying cengaver_controller/pure_pursuit.py -> /ros2_ws/build/cengaver_controller/build/lib/cengaver_controller
[0.818s] copying cengaver_controller/speed_controller.py -> /ros2_ws/build/cengaver_controller/build/lib/cengaver_controller
[0.820s] copying cengaver_controller/controller_feedback_node.py -> /ros2_ws/build/cengaver_controller/build/lib/cengaver_controller
[0.822s] copying cengaver_controller/controller_node.py -> /ros2_ws/build/cengaver_controller/build/lib/cengaver_controller
[0.825s] running install
[0.826s] running install_lib
[0.826s] creating /ros2_ws/install/cengaver_controller/lib/python3.8/site-packages/cengaver_controller
[0.827s] copying /ros2_ws/build/cengaver_controller/build/lib/cengaver_controller/can_interface.py -> /ros2_ws/install/cengaver_controller/lib/python3.8/site-packages/cengaver_controller
[0.828s] copying /ros2_ws/build/cengaver_controller/build/lib/cengaver_controller/__init__.py -> /ros2_ws/install/cengaver_controller/lib/python3.8/site-packages/cengaver_controller
[0.829s] copying /ros2_ws/build/cengaver_controller/build/lib/cengaver_controller/ackermann_model.py -> /ros2_ws/install/cengaver_controller/lib/python3.8/site-packages/cengaver_controller
[0.830s] copying /ros2_ws/build/cengaver_controller/build/lib/cengaver_controller/stanley_controller.py -> /ros2_ws/install/cengaver_controller/lib/python3.8/site-packages/cengaver_controller
[0.831s] copying /ros2_ws/build/cengaver_controller/build/lib/cengaver_controller/pure_pursuit.py -> /ros2_ws/install/cengaver_controller/lib/python3.8/site-packages/cengaver_controller
[0.832s] copying /ros2_ws/build/cengaver_controller/build/lib/cengaver_controller/speed_controller.py -> /ros2_ws/install/cengaver_controller/lib/python3.8/site-packages/cengaver_controller
[0.833s] copying /ros2_ws/build/cengaver_controller/build/lib/cengaver_controller/controller_feedback_node.py -> /ros2_ws/install/cengaver_controller/lib/python3.8/site-packages/cengaver_controller
[0.834s] copying /ros2_ws/build/cengaver_controller/build/lib/cengaver_controller/controller_node.py -> /ros2_ws/install/cengaver_controller/lib/python3.8/site-packages/cengaver_controller
[0.836s] byte-compiling /ros2_ws/install/cengaver_controller/lib/python3.8/site-packages/cengaver_controller/can_interface.py to can_interface.cpython-38.pyc
[0.842s] byte-compiling /ros2_ws/install/cengaver_controller/lib/python3.8/site-packages/cengaver_controller/__init__.py to __init__.cpython-38.pyc
[0.843s] byte-compiling /ros2_ws/install/cengaver_controller/lib/python3.8/site-packages/cengaver_controller/ackermann_model.py to ackermann_model.cpython-38.pyc
[0.845s] byte-compiling /ros2_ws/install/cengaver_controller/lib/python3.8/site-packages/cengaver_controller/stanley_controller.py to stanley_controller.cpython-38.pyc
[0.847s] byte-compiling /ros2_ws/install/cengaver_controller/lib/python3.8/site-packages/cengaver_controller/pure_pursuit.py to pure_pursuit.cpython-38.pyc
[0.847s] byte-compiling /ros2_ws/install/cengaver_controller/lib/python3.8/site-packages/cengaver_controller/speed_controller.py to speed_controller.cpython-38.pyc
[0.849s] byte-compiling /ros2_ws/install/cengaver_controller/lib/python3.8/site-packages/cengaver_controller/controller_feedback_node.py to controller_feedback_node.cpython-38.pyc
[0.851s] byte-compiling /ros2_ws/install/cengaver_controller/lib/python3.8/site-packages/cengaver_controller/controller_node.py to controller_node.cpython-38.pyc
[0.852s] running install_data
[0.853s] creating /ros2_ws/install/cengaver_controller/share/ament_index
[0.853s] creating /ros2_ws/install/cengaver_controller/share/ament_index/resource_index
[0.854s] creating /ros2_ws/install/cengaver_controller/share/ament_index/resource_index/packages
[0.854s] copying resource/cengaver_controller -> /ros2_ws/install/cengaver_controller/share/ament_index/resource_index/packages
[0.854s] copying package.xml -> /ros2_ws/install/cengaver_controller/share/cengaver_controller
[0.855s] creating /ros2_ws/install/cengaver_controller/share/cengaver_controller/launch
[0.855s] copying launch/controller.launch.py -> /ros2_ws/install/cengaver_controller/share/cengaver_controller/launch
[0.857s] creating /ros2_ws/install/cengaver_controller/share/cengaver_controller/config
[0.857s] running install_egg_info
[0.858s] Copying ../../build/cengaver_controller/cengaver_controller.egg-info to /ros2_ws/install/cengaver_controller/lib/python3.8/site-packages/cengaver_controller-1.0.0-py3.8.egg-info
[0.864s] running install_scripts
[0.876s] Installing controller_feedback_node script to /ros2_ws/install/cengaver_controller/lib/cengaver_controller
[0.877s] Installing controller_node script to /ros2_ws/install/cengaver_controller/lib/cengaver_controller
[0.880s] writing list of installed files to '/ros2_ws/build/cengaver_controller/install.log'
[0.892s] Invoked command in '/ros2_ws/src/controller' returned '0': AMENT_PREFIX_PATH=/ros2_ws/install/planning_msgs:/ros2_ws/install/fsm_msgs:/ros2_ws/install/common_msgs:${AMENT_PREFIX_PATH} CMAKE_PREFIX_PATH=/ros2_ws/install/planning_msgs:/ros2_ws/install/fsm_msgs:/ros2_ws/install/common_msgs LD_LIBRARY_PATH=/ros2_ws/install/planning_msgs/lib:/ros2_ws/install/fsm_msgs/lib:/ros2_ws/install/common_msgs/lib:${LD_LIBRARY_PATH} PYTHONPATH=/ros2_ws/build/cengaver_controller/prefix_override:/ros2_ws/install/cengaver_controller/lib/python3.8/site-packages:/ros2_ws/install/planning_msgs/lib/python3.8/site-packages:/ros2_ws/install/fsm_msgs/lib/python3.8/site-packages:/ros2_ws/install/common_msgs/lib/python3.8/site-packages:${PYTHONPATH} /usr/bin/python3 setup.py egg_info --egg-base ../../build/cengaver_controller build --build-base /ros2_ws/build/cengaver_controller/build install --record /ros2_ws/build/cengaver_controller/install.log --single-version-externally-managed
