[35m[1mScanning dependencies of target common_msgs__cpp[0m
[  2%] [34m[1mGenerating C code for ROS interfaces[0m
[  5%] [34m[1mGenerating C++ code for ROS interfaces[0m
[35m[1mScanning dependencies of target common_msgs__rosidl_generator_c[0m
[  5%] Built target common_msgs__cpp
[  7%] [32mBuilding C object CMakeFiles/common_msgs__rosidl_generator_c.dir/rosidl_generator_c/common_msgs/msg/detail/autonomy_mode__functions.c.o[0m
[ 12%] [34m[1mGenerating C++ type support dispatch for ROS interfaces[0m
[ 15%] [34m[1mGenerating C++ type support for eProsima Fast-RTPS[0m
[ 15%] [32mBuilding C object CMakeFiles/common_msgs__rosidl_generator_c.dir/rosidl_generator_c/common_msgs/msg/detail/stop_reason__functions.c.o[0m
[ 17%] [34m[1mGenerating C++ introspection for ROS interfaces[0m
[ 20%] [32m[1mLinking C shared library libcommon_msgs__rosidl_generator_c.so[0m
[35m[1mScanning dependencies of target common_msgs__rosidl_typesupport_cpp[0m
[35m[1mScanning dependencies of target common_msgs__rosidl_typesupport_fastrtps_cpp[0m
[35m[1mScanning dependencies of target common_msgs__rosidl_typesupport_introspection_cpp[0m
[ 23%] [32mBuilding CXX object CMakeFiles/common_msgs__rosidl_typesupport_cpp.dir/rosidl_typesupport_cpp/common_msgs/msg/autonomy_mode__type_support.cpp.o[0m
[ 25%] [32mBuilding CXX object CMakeFiles/common_msgs__rosidl_typesupport_cpp.dir/rosidl_typesupport_cpp/common_msgs/msg/stop_reason__type_support.cpp.o[0m
[ 25%] Built target common_msgs__rosidl_generator_c
[ 28%] [32mBuilding CXX object CMakeFiles/common_msgs__rosidl_typesupport_introspection_cpp.dir/rosidl_typesupport_introspection_cpp/common_msgs/msg/detail/autonomy_mode__type_support.cpp.o[0m
[ 30%] [32mBuilding CXX object CMakeFiles/common_msgs__rosidl_typesupport_introspection_cpp.dir/rosidl_typesupport_introspection_cpp/common_msgs/msg/detail/stop_reason__type_support.cpp.o[0m
[ 33%] [32mBuilding CXX object CMakeFiles/common_msgs__rosidl_typesupport_fastrtps_cpp.dir/rosidl_typesupport_fastrtps_cpp/common_msgs/msg/detail/dds_fastrtps/autonomy_mode__type_support.cpp.o[0m
[ 35%] [32mBuilding CXX object CMakeFiles/common_msgs__rosidl_typesupport_fastrtps_cpp.dir/rosidl_typesupport_fastrtps_cpp/common_msgs/msg/detail/dds_fastrtps/stop_reason__type_support.cpp.o[0m
[ 38%] [34m[1mGenerating C introspection for ROS interfaces[0m
[ 41%] [34m[1mGenerating C type support dispatch for ROS interfaces[0m
[35m[1mScanning dependencies of target common_msgs__rosidl_typesupport_c[0m
[35m[1mScanning dependencies of target common_msgs__rosidl_typesupport_introspection_c[0m
[ 43%] [32mBuilding CXX object CMakeFiles/common_msgs__rosidl_typesupport_c.dir/rosidl_typesupport_c/common_msgs/msg/stop_reason__type_support.cpp.o[0m
[ 46%] [32mBuilding CXX object CMakeFiles/common_msgs__rosidl_typesupport_c.dir/rosidl_typesupport_c/common_msgs/msg/autonomy_mode__type_support.cpp.o[0m
[ 51%] [32mBuilding C object CMakeFiles/common_msgs__rosidl_typesupport_introspection_c.dir/rosidl_typesupport_introspection_c/common_msgs/msg/detail/stop_reason__type_support.c.o[0m
[ 51%] [32mBuilding C object CMakeFiles/common_msgs__rosidl_typesupport_introspection_c.dir/rosidl_typesupport_introspection_c/common_msgs/msg/detail/autonomy_mode__type_support.c.o[0m
[ 53%] [32m[1mLinking CXX shared library libcommon_msgs__rosidl_typesupport_c.so[0m
[ 56%] [32m[1mLinking CXX shared library libcommon_msgs__rosidl_typesupport_introspection_cpp.so[0m
[ 58%] [32m[1mLinking C shared library libcommon_msgs__rosidl_typesupport_introspection_c.so[0m
[ 61%] [32m[1mLinking CXX shared library libcommon_msgs__rosidl_typesupport_cpp.so[0m
[ 61%] Built target common_msgs__rosidl_typesupport_c
[ 61%] Built target common_msgs__rosidl_typesupport_introspection_cpp
[ 64%] [32m[1mLinking CXX shared library libcommon_msgs__rosidl_typesupport_fastrtps_cpp.so[0m
[ 64%] Built target common_msgs__rosidl_typesupport_cpp
[ 64%] Built target common_msgs__rosidl_typesupport_introspection_c
[ 64%] Built target common_msgs__rosidl_typesupport_fastrtps_cpp
[ 66%] [34m[1mGenerating C type support for eProsima Fast-RTPS[0m
[35m[1mScanning dependencies of target common_msgs__rosidl_typesupport_fastrtps_c[0m
[ 69%] [32mBuilding CXX object CMakeFiles/common_msgs__rosidl_typesupport_fastrtps_c.dir/rosidl_typesupport_fastrtps_c/common_msgs/msg/detail/stop_reason__type_support_c.cpp.o[0m
[ 71%] [32mBuilding CXX object CMakeFiles/common_msgs__rosidl_typesupport_fastrtps_c.dir/rosidl_typesupport_fastrtps_c/common_msgs/msg/detail/autonomy_mode__type_support_c.cpp.o[0m
[ 74%] [32m[1mLinking CXX shared library libcommon_msgs__rosidl_typesupport_fastrtps_c.so[0m
[ 74%] Built target common_msgs__rosidl_typesupport_fastrtps_c
[35m[1mScanning dependencies of target common_msgs[0m
[ 74%] Built target common_msgs
[35m[1mScanning dependencies of target common_msgs__py[0m
[ 76%] [34m[1mGenerating Python code for ROS interfaces[0m
[ 76%] Built target common_msgs__py
[35m[1mScanning dependencies of target common_msgs__python[0m
[ 79%] [32mBuilding C object CMakeFiles/common_msgs__python.dir/rosidl_generator_py/common_msgs/msg/_autonomy_mode_s.c.o[0m
[ 82%] [32mBuilding C object CMakeFiles/common_msgs__python.dir/rosidl_generator_py/common_msgs/msg/_stop_reason_s.c.o[0m
[ 84%] [32m[1mLinking C shared library rosidl_generator_py/common_msgs/libcommon_msgs__python.so[0m
[ 84%] Built target common_msgs__python
[35m[1mScanning dependencies of target common_msgs__rosidl_typesupport_introspection_c__pyext[0m
[35m[1mScanning dependencies of target common_msgs__rosidl_typesupport_c__pyext[0m
[35m[1mScanning dependencies of target common_msgs__rosidl_typesupport_fastrtps_c__pyext[0m
[ 87%] [32mBuilding C object CMakeFiles/common_msgs__rosidl_typesupport_introspection_c__pyext.dir/rosidl_generator_py/common_msgs/_common_msgs_s.ep.rosidl_typesupport_introspection_c.c.o[0m
[ 89%] [32mBuilding C object CMakeFiles/common_msgs__rosidl_typesupport_c__pyext.dir/rosidl_generator_py/common_msgs/_common_msgs_s.ep.rosidl_typesupport_c.c.o[0m
[ 92%] [32mBuilding C object CMakeFiles/common_msgs__rosidl_typesupport_fastrtps_c__pyext.dir/rosidl_generator_py/common_msgs/_common_msgs_s.ep.rosidl_typesupport_fastrtps_c.c.o[0m
[ 94%] [32m[1mLinking C shared library rosidl_generator_py/common_msgs/common_msgs_s__rosidl_typesupport_introspection_c.cpython-38-x86_64-linux-gnu.so[0m
[ 97%] [32m[1mLinking C shared library rosidl_generator_py/common_msgs/common_msgs_s__rosidl_typesupport_c.cpython-38-x86_64-linux-gnu.so[0m
[ 97%] Built target common_msgs__rosidl_typesupport_introspection_c__pyext
[100%] [32m[1mLinking CXX shared library rosidl_generator_py/common_msgs/common_msgs_s__rosidl_typesupport_fastrtps_c.cpython-38-x86_64-linux-gnu.so[0m
[100%] Built target common_msgs__rosidl_typesupport_c__pyext
[100%] Built target common_msgs__rosidl_typesupport_fastrtps_c__pyext
-- Install configuration: ""
-- Installing: /ros2_ws/install/common_msgs/share/ament_index/resource_index/rosidl_interfaces/common_msgs
-- Installing: /ros2_ws/install/common_msgs/include/common_msgs
-- Installing: /ros2_ws/install/common_msgs/include/common_msgs/msg
-- Installing: /ros2_ws/install/common_msgs/include/common_msgs/msg/rosidl_generator_c__visibility_control.h
-- Installing: /ros2_ws/install/common_msgs/include/common_msgs/msg/stop_reason.h
-- Installing: /ros2_ws/install/common_msgs/include/common_msgs/msg/detail
-- Installing: /ros2_ws/install/common_msgs/include/common_msgs/msg/detail/stop_reason__functions.c
-- Installing: /ros2_ws/install/common_msgs/include/common_msgs/msg/detail/autonomy_mode__functions.c
-- Installing: /ros2_ws/install/common_msgs/include/common_msgs/msg/detail/autonomy_mode__struct.h
-- Installing: /ros2_ws/install/common_msgs/include/common_msgs/msg/detail/stop_reason__functions.h
-- Installing: /ros2_ws/install/common_msgs/include/common_msgs/msg/detail/stop_reason__struct.h
-- Installing: /ros2_ws/install/common_msgs/include/common_msgs/msg/detail/stop_reason__type_support.h
-- Installing: /ros2_ws/install/common_msgs/include/common_msgs/msg/detail/autonomy_mode__functions.h
-- Installing: /ros2_ws/install/common_msgs/include/common_msgs/msg/detail/autonomy_mode__type_support.h
-- Installing: /ros2_ws/install/common_msgs/include/common_msgs/msg/autonomy_mode.h
-- Installing: /ros2_ws/install/common_msgs/share/common_msgs/environment/library_path.sh
-- Installing: /ros2_ws/install/common_msgs/share/common_msgs/environment/library_path.dsv
-- Installing: /ros2_ws/install/common_msgs/lib/libcommon_msgs__rosidl_generator_c.so
-- Set runtime path of "/ros2_ws/install/common_msgs/lib/libcommon_msgs__rosidl_generator_c.so" to ""
-- Up-to-date: /ros2_ws/install/common_msgs/include/common_msgs
-- Up-to-date: /ros2_ws/install/common_msgs/include/common_msgs/msg
-- Up-to-date: /ros2_ws/install/common_msgs/include/common_msgs/msg/detail
-- Installing: /ros2_ws/install/common_msgs/include/common_msgs/msg/detail/autonomy_mode__rosidl_typesupport_fastrtps_c.h
-- Installing: /ros2_ws/install/common_msgs/include/common_msgs/msg/detail/stop_reason__rosidl_typesupport_fastrtps_c.h
-- Installing: /ros2_ws/install/common_msgs/include/common_msgs/msg/rosidl_typesupport_fastrtps_c__visibility_control.h
-- Installing: /ros2_ws/install/common_msgs/lib/libcommon_msgs__rosidl_typesupport_fastrtps_c.so
-- Set runtime path of "/ros2_ws/install/common_msgs/lib/libcommon_msgs__rosidl_typesupport_fastrtps_c.so" to ""
-- Up-to-date: /ros2_ws/install/common_msgs/include/common_msgs
-- Up-to-date: /ros2_ws/install/common_msgs/include/common_msgs/msg
-- Installing: /ros2_ws/install/common_msgs/include/common_msgs/msg/rosidl_typesupport_fastrtps_cpp__visibility_control.h
-- Up-to-date: /ros2_ws/install/common_msgs/include/common_msgs/msg/detail
-- Installing: /ros2_ws/install/common_msgs/include/common_msgs/msg/detail/autonomy_mode__rosidl_typesupport_fastrtps_cpp.hpp
-- Installing: /ros2_ws/install/common_msgs/include/common_msgs/msg/detail/stop_reason__rosidl_typesupport_fastrtps_cpp.hpp
-- Installing: /ros2_ws/install/common_msgs/include/common_msgs/msg/detail/dds_fastrtps
-- Installing: /ros2_ws/install/common_msgs/lib/libcommon_msgs__rosidl_typesupport_fastrtps_cpp.so
-- Set runtime path of "/ros2_ws/install/common_msgs/lib/libcommon_msgs__rosidl_typesupport_fastrtps_cpp.so" to ""
-- Up-to-date: /ros2_ws/install/common_msgs/include/common_msgs
-- Up-to-date: /ros2_ws/install/common_msgs/include/common_msgs/msg
-- Up-to-date: /ros2_ws/install/common_msgs/include/common_msgs/msg/detail
-- Installing: /ros2_ws/install/common_msgs/include/common_msgs/msg/detail/autonomy_mode__rosidl_typesupport_introspection_c.h
-- Installing: /ros2_ws/install/common_msgs/include/common_msgs/msg/detail/autonomy_mode__type_support.c
-- Installing: /ros2_ws/install/common_msgs/include/common_msgs/msg/detail/stop_reason__type_support.c
-- Installing: /ros2_ws/install/common_msgs/include/common_msgs/msg/detail/stop_reason__rosidl_typesupport_introspection_c.h
-- Installing: /ros2_ws/install/common_msgs/include/common_msgs/msg/rosidl_typesupport_introspection_c__visibility_control.h
-- Installing: /ros2_ws/install/common_msgs/lib/libcommon_msgs__rosidl_typesupport_introspection_c.so
-- Set runtime path of "/ros2_ws/install/common_msgs/lib/libcommon_msgs__rosidl_typesupport_introspection_c.so" to ""
-- Installing: /ros2_ws/install/common_msgs/lib/libcommon_msgs__rosidl_typesupport_c.so
-- Set runtime path of "/ros2_ws/install/common_msgs/lib/libcommon_msgs__rosidl_typesupport_c.so" to ""
-- Up-to-date: /ros2_ws/install/common_msgs/include/common_msgs
-- Up-to-date: /ros2_ws/install/common_msgs/include/common_msgs/msg
-- Installing: /ros2_ws/install/common_msgs/include/common_msgs/msg/autonomy_mode.hpp
-- Installing: /ros2_ws/install/common_msgs/include/common_msgs/msg/stop_reason.hpp
-- Up-to-date: /ros2_ws/install/common_msgs/include/common_msgs/msg/detail
-- Installing: /ros2_ws/install/common_msgs/include/common_msgs/msg/detail/autonomy_mode__builder.hpp
-- Installing: /ros2_ws/install/common_msgs/include/common_msgs/msg/detail/autonomy_mode__traits.hpp
-- Installing: /ros2_ws/install/common_msgs/include/common_msgs/msg/detail/stop_reason__builder.hpp
-- Installing: /ros2_ws/install/common_msgs/include/common_msgs/msg/detail/autonomy_mode__type_support.hpp
-- Installing: /ros2_ws/install/common_msgs/include/common_msgs/msg/detail/stop_reason__traits.hpp
-- Installing: /ros2_ws/install/common_msgs/include/common_msgs/msg/detail/autonomy_mode__struct.hpp
-- Installing: /ros2_ws/install/common_msgs/include/common_msgs/msg/detail/stop_reason__struct.hpp
-- Installing: /ros2_ws/install/common_msgs/include/common_msgs/msg/detail/stop_reason__type_support.hpp
-- Installing: /ros2_ws/install/common_msgs/include/common_msgs/msg/rosidl_generator_cpp__visibility_control.hpp
-- Up-to-date: /ros2_ws/install/common_msgs/include/common_msgs
-- Up-to-date: /ros2_ws/install/common_msgs/include/common_msgs/msg
-- Up-to-date: /ros2_ws/install/common_msgs/include/common_msgs/msg/detail
-- Installing: /ros2_ws/install/common_msgs/include/common_msgs/msg/detail/autonomy_mode__rosidl_typesupport_introspection_cpp.hpp
-- Installing: /ros2_ws/install/common_msgs/include/common_msgs/msg/detail/stop_reason__type_support.cpp
-- Installing: /ros2_ws/install/common_msgs/include/common_msgs/msg/detail/autonomy_mode__type_support.cpp
-- Installing: /ros2_ws/install/common_msgs/include/common_msgs/msg/detail/stop_reason__rosidl_typesupport_introspection_cpp.hpp
-- Installing: /ros2_ws/install/common_msgs/lib/libcommon_msgs__rosidl_typesupport_introspection_cpp.so
-- Set runtime path of "/ros2_ws/install/common_msgs/lib/libcommon_msgs__rosidl_typesupport_introspection_cpp.so" to ""
-- Installing: /ros2_ws/install/common_msgs/lib/libcommon_msgs__rosidl_typesupport_cpp.so
-- Set runtime path of "/ros2_ws/install/common_msgs/lib/libcommon_msgs__rosidl_typesupport_cpp.so" to ""
-- Installing: /ros2_ws/install/common_msgs/share/common_msgs/environment/pythonpath.sh
-- Installing: /ros2_ws/install/common_msgs/share/common_msgs/environment/pythonpath.dsv
-- Installing: /ros2_ws/install/common_msgs/lib/python3.8/site-packages/common_msgs/__init__.py
Compiling '/ros2_ws/install/common_msgs/lib/python3.8/site-packages/common_msgs/__init__.py'...
-- Installing: /ros2_ws/install/common_msgs/lib/python3.8/site-packages/common_msgs/msg
-- Installing: /ros2_ws/install/common_msgs/lib/python3.8/site-packages/common_msgs/msg/_autonomy_mode_s.c
-- Installing: /ros2_ws/install/common_msgs/lib/python3.8/site-packages/common_msgs/msg/_stop_reason.py
-- Installing: /ros2_ws/install/common_msgs/lib/python3.8/site-packages/common_msgs/msg/__init__.py
-- Installing: /ros2_ws/install/common_msgs/lib/python3.8/site-packages/common_msgs/msg/_autonomy_mode.py
-- Installing: /ros2_ws/install/common_msgs/lib/python3.8/site-packages/common_msgs/msg/_stop_reason_s.c
-- Installing: /ros2_ws/install/common_msgs/lib/python3.8/site-packages/common_msgs/common_msgs_s__rosidl_typesupport_fastrtps_c.cpython-38-x86_64-linux-gnu.so
-- Set runtime path of "/ros2_ws/install/common_msgs/lib/python3.8/site-packages/common_msgs/common_msgs_s__rosidl_typesupport_fastrtps_c.cpython-38-x86_64-linux-gnu.so" to ""
-- Installing: /ros2_ws/install/common_msgs/lib/python3.8/site-packages/common_msgs/common_msgs_s__rosidl_typesupport_introspection_c.cpython-38-x86_64-linux-gnu.so
-- Set runtime path of "/ros2_ws/install/common_msgs/lib/python3.8/site-packages/common_msgs/common_msgs_s__rosidl_typesupport_introspection_c.cpython-38-x86_64-linux-gnu.so" to ""
-- Installing: /ros2_ws/install/common_msgs/lib/python3.8/site-packages/common_msgs/common_msgs_s__rosidl_typesupport_c.cpython-38-x86_64-linux-gnu.so
-- Set runtime path of "/ros2_ws/install/common_msgs/lib/python3.8/site-packages/common_msgs/common_msgs_s__rosidl_typesupport_c.cpython-38-x86_64-linux-gnu.so" to ""
-- Installing: /ros2_ws/install/common_msgs/lib/libcommon_msgs__python.so
-- Set runtime path of "/ros2_ws/install/common_msgs/lib/libcommon_msgs__python.so" to ""
-- Installing: /ros2_ws/install/common_msgs/share/common_msgs/msg/AutonomyMode.idl
-- Installing: /ros2_ws/install/common_msgs/share/common_msgs/msg/StopReason.idl
-- Installing: /ros2_ws/install/common_msgs/share/common_msgs/msg/AutonomyMode.msg
-- Installing: /ros2_ws/install/common_msgs/share/common_msgs/msg/StopReason.msg
-- Installing: /ros2_ws/install/common_msgs/share/ament_index/resource_index/package_run_dependencies/common_msgs
-- Installing: /ros2_ws/install/common_msgs/share/ament_index/resource_index/parent_prefix_path/common_msgs
-- Installing: /ros2_ws/install/common_msgs/share/common_msgs/environment/ament_prefix_path.sh
-- Installing: /ros2_ws/install/common_msgs/share/common_msgs/environment/ament_prefix_path.dsv
-- Installing: /ros2_ws/install/common_msgs/share/common_msgs/environment/path.sh
-- Installing: /ros2_ws/install/common_msgs/share/common_msgs/environment/path.dsv
-- Installing: /ros2_ws/install/common_msgs/share/common_msgs/local_setup.bash
-- Installing: /ros2_ws/install/common_msgs/share/common_msgs/local_setup.sh
-- Installing: /ros2_ws/install/common_msgs/share/common_msgs/local_setup.zsh
-- Installing: /ros2_ws/install/common_msgs/share/common_msgs/local_setup.dsv
-- Installing: /ros2_ws/install/common_msgs/share/common_msgs/package.dsv
-- Installing: /ros2_ws/install/common_msgs/share/ament_index/resource_index/packages/common_msgs
-- Installing: /ros2_ws/install/common_msgs/share/common_msgs/cmake/common_msgs__rosidl_generator_cExport.cmake
-- Installing: /ros2_ws/install/common_msgs/share/common_msgs/cmake/common_msgs__rosidl_generator_cExport-noconfig.cmake
-- Installing: /ros2_ws/install/common_msgs/share/common_msgs/cmake/common_msgs__rosidl_typesupport_introspection_cExport.cmake
-- Installing: /ros2_ws/install/common_msgs/share/common_msgs/cmake/common_msgs__rosidl_typesupport_introspection_cExport-noconfig.cmake
-- Installing: /ros2_ws/install/common_msgs/share/common_msgs/cmake/common_msgs__rosidl_typesupport_cExport.cmake
-- Installing: /ros2_ws/install/common_msgs/share/common_msgs/cmake/common_msgs__rosidl_typesupport_cExport-noconfig.cmake
-- Installing: /ros2_ws/install/common_msgs/share/common_msgs/cmake/common_msgs__rosidl_generator_cppExport.cmake
-- Installing: /ros2_ws/install/common_msgs/share/common_msgs/cmake/common_msgs__rosidl_typesupport_introspection_cppExport.cmake
-- Installing: /ros2_ws/install/common_msgs/share/common_msgs/cmake/common_msgs__rosidl_typesupport_introspection_cppExport-noconfig.cmake
-- Installing: /ros2_ws/install/common_msgs/share/common_msgs/cmake/common_msgs__rosidl_typesupport_cppExport.cmake
-- Installing: /ros2_ws/install/common_msgs/share/common_msgs/cmake/common_msgs__rosidl_typesupport_cppExport-noconfig.cmake
-- Installing: /ros2_ws/install/common_msgs/share/common_msgs/cmake/rosidl_cmake-extras.cmake
-- Installing: /ros2_ws/install/common_msgs/share/common_msgs/cmake/ament_cmake_export_dependencies-extras.cmake
-- Installing: /ros2_ws/install/common_msgs/share/common_msgs/cmake/ament_cmake_export_libraries-extras.cmake
-- Installing: /ros2_ws/install/common_msgs/share/common_msgs/cmake/ament_cmake_export_targets-extras.cmake
-- Installing: /ros2_ws/install/common_msgs/share/common_msgs/cmake/ament_cmake_export_include_directories-extras.cmake
-- Installing: /ros2_ws/install/common_msgs/share/common_msgs/cmake/rosidl_cmake_export_typesupport_libraries-extras.cmake
-- Installing: /ros2_ws/install/common_msgs/share/common_msgs/cmake/rosidl_cmake_export_typesupport_targets-extras.cmake
-- Installing: /ros2_ws/install/common_msgs/share/common_msgs/cmake/common_msgsConfig.cmake
-- Installing: /ros2_ws/install/common_msgs/share/common_msgs/cmake/common_msgsConfig-version.cmake
-- Installing: /ros2_ws/install/common_msgs/share/common_msgs/package.xml
