[0.054s] Invoking command in '/ros2_ws/build/common_msgs': CMAKE_PREFIX_PATH=/opt/ros/foxy /usr/bin/cmake --build /ros2_ws/build/common_msgs -- -j10 -l10
[0.311s] [35m[1mScanning dependencies of target common_msgs__cpp[0m
[0.313s] [  2%] [34m[1mGenerating C code for ROS interfaces[0m
[0.407s] [  5%] [34m[1mGenerating C++ code for ROS interfaces[0m
[0.950s] [35m[1mScanning dependencies of target common_msgs__rosidl_generator_c[0m
[1.057s] [  5%] Built target common_msgs__cpp
[1.128s] [  7%] [32mBuilding C object CMakeFiles/common_msgs__rosidl_generator_c.dir/rosidl_generator_c/common_msgs/msg/detail/autonomy_mode__functions.c.o[0m
[1.170s] [ 12%] [34m[1mGenerating C++ type support dispatch for ROS interfaces[0m
[1.171s] [ 15%] [34m[1mGenerating C++ type support for eProsima Fast-RTPS[0m
[1.173s] [ 15%] [32mBuilding C object CMakeFiles/common_msgs__rosidl_generator_c.dir/rosidl_generator_c/common_msgs/msg/detail/stop_reason__functions.c.o[0m
[1.210s] [ 17%] [34m[1mGenerating C++ introspection for ROS interfaces[0m
[1.946s] [ 20%] [32m[1mLinking C shared library libcommon_msgs__rosidl_generator_c.so[0m
[2.005s] [35m[1mScanning dependencies of target common_msgs__rosidl_typesupport_cpp[0m
[2.197s] [35m[1mScanning dependencies of target common_msgs__rosidl_typesupport_fastrtps_cpp[0m
[2.219s] [35m[1mScanning dependencies of target common_msgs__rosidl_typesupport_introspection_cpp[0m
[2.552s] [ 23%] [32mBuilding CXX object CMakeFiles/common_msgs__rosidl_typesupport_cpp.dir/rosidl_typesupport_cpp/common_msgs/msg/autonomy_mode__type_support.cpp.o[0m
[2.622s] [ 25%] [32mBuilding CXX object CMakeFiles/common_msgs__rosidl_typesupport_cpp.dir/rosidl_typesupport_cpp/common_msgs/msg/stop_reason__type_support.cpp.o[0m
[2.686s] [ 25%] Built target common_msgs__rosidl_generator_c
[2.791s] [ 28%] [32mBuilding CXX object CMakeFiles/common_msgs__rosidl_typesupport_introspection_cpp.dir/rosidl_typesupport_introspection_cpp/common_msgs/msg/detail/autonomy_mode__type_support.cpp.o[0m
[2.806s] [ 30%] [32mBuilding CXX object CMakeFiles/common_msgs__rosidl_typesupport_introspection_cpp.dir/rosidl_typesupport_introspection_cpp/common_msgs/msg/detail/stop_reason__type_support.cpp.o[0m
[2.867s] [ 33%] [32mBuilding CXX object CMakeFiles/common_msgs__rosidl_typesupport_fastrtps_cpp.dir/rosidl_typesupport_fastrtps_cpp/common_msgs/msg/detail/dds_fastrtps/autonomy_mode__type_support.cpp.o[0m
[2.876s] [ 35%] [32mBuilding CXX object CMakeFiles/common_msgs__rosidl_typesupport_fastrtps_cpp.dir/rosidl_typesupport_fastrtps_cpp/common_msgs/msg/detail/dds_fastrtps/stop_reason__type_support.cpp.o[0m
[3.041s] [ 38%] [34m[1mGenerating C introspection for ROS interfaces[0m
[3.054s] [ 41%] [34m[1mGenerating C type support dispatch for ROS interfaces[0m
[4.114s] [35m[1mScanning dependencies of target common_msgs__rosidl_typesupport_c[0m
[4.669s] [35m[1mScanning dependencies of target common_msgs__rosidl_typesupport_introspection_c[0m
[4.690s] [ 43%] [32mBuilding CXX object CMakeFiles/common_msgs__rosidl_typesupport_c.dir/rosidl_typesupport_c/common_msgs/msg/stop_reason__type_support.cpp.o[0m
[4.753s] [ 46%] [32mBuilding CXX object CMakeFiles/common_msgs__rosidl_typesupport_c.dir/rosidl_typesupport_c/common_msgs/msg/autonomy_mode__type_support.cpp.o[0m
[5.062s] [ 51%] [32mBuilding C object CMakeFiles/common_msgs__rosidl_typesupport_introspection_c.dir/rosidl_typesupport_introspection_c/common_msgs/msg/detail/stop_reason__type_support.c.o[0m
[5.094s] [ 51%] [32mBuilding C object CMakeFiles/common_msgs__rosidl_typesupport_introspection_c.dir/rosidl_typesupport_introspection_c/common_msgs/msg/detail/autonomy_mode__type_support.c.o[0m
[5.735s] [ 53%] [32m[1mLinking CXX shared library libcommon_msgs__rosidl_typesupport_c.so[0m
[5.923s] [ 56%] [32m[1mLinking CXX shared library libcommon_msgs__rosidl_typesupport_introspection_cpp.so[0m
[6.308s] [ 58%] [32m[1mLinking C shared library libcommon_msgs__rosidl_typesupport_introspection_c.so[0m
[6.340s] [ 61%] [32m[1mLinking CXX shared library libcommon_msgs__rosidl_typesupport_cpp.so[0m
[6.375s] [ 61%] Built target common_msgs__rosidl_typesupport_c
[6.510s] [ 61%] Built target common_msgs__rosidl_typesupport_introspection_cpp
[6.636s] [ 64%] [32m[1mLinking CXX shared library libcommon_msgs__rosidl_typesupport_fastrtps_cpp.so[0m
[6.883s] [ 64%] Built target common_msgs__rosidl_typesupport_cpp
[6.953s] [ 64%] Built target common_msgs__rosidl_typesupport_introspection_c
[7.597s] [ 64%] Built target common_msgs__rosidl_typesupport_fastrtps_cpp
[7.900s] [ 66%] [34m[1mGenerating C type support for eProsima Fast-RTPS[0m
[9.091s] [35m[1mScanning dependencies of target common_msgs__rosidl_typesupport_fastrtps_c[0m
[9.518s] [ 69%] [32mBuilding CXX object CMakeFiles/common_msgs__rosidl_typesupport_fastrtps_c.dir/rosidl_typesupport_fastrtps_c/common_msgs/msg/detail/stop_reason__type_support_c.cpp.o[0m
[9.546s] [ 71%] [32mBuilding CXX object CMakeFiles/common_msgs__rosidl_typesupport_fastrtps_c.dir/rosidl_typesupport_fastrtps_c/common_msgs/msg/detail/autonomy_mode__type_support_c.cpp.o[0m
[12.183s] [ 74%] [32m[1mLinking CXX shared library libcommon_msgs__rosidl_typesupport_fastrtps_c.so[0m
[12.866s] [ 74%] Built target common_msgs__rosidl_typesupport_fastrtps_c
[13.088s] [35m[1mScanning dependencies of target common_msgs[0m
[13.398s] [ 74%] Built target common_msgs
[13.636s] [35m[1mScanning dependencies of target common_msgs__py[0m
[13.804s] [ 76%] [34m[1mGenerating Python code for ROS interfaces[0m
[15.276s] [ 76%] Built target common_msgs__py
[15.507s] [35m[1mScanning dependencies of target common_msgs__python[0m
[16.096s] [ 79%] [32mBuilding C object CMakeFiles/common_msgs__python.dir/rosidl_generator_py/common_msgs/msg/_autonomy_mode_s.c.o[0m
[16.157s] [ 82%] [32mBuilding C object CMakeFiles/common_msgs__python.dir/rosidl_generator_py/common_msgs/msg/_stop_reason_s.c.o[0m
[17.201s] [ 84%] [32m[1mLinking C shared library rosidl_generator_py/common_msgs/libcommon_msgs__python.so[0m
[17.618s] [ 84%] Built target common_msgs__python
[17.737s] [35m[1mScanning dependencies of target common_msgs__rosidl_typesupport_introspection_c__pyext[0m
[17.764s] [35m[1mScanning dependencies of target common_msgs__rosidl_typesupport_c__pyext[0m
[17.767s] [35m[1mScanning dependencies of target common_msgs__rosidl_typesupport_fastrtps_c__pyext[0m
[17.891s] [ 87%] [32mBuilding C object CMakeFiles/common_msgs__rosidl_typesupport_introspection_c__pyext.dir/rosidl_generator_py/common_msgs/_common_msgs_s.ep.rosidl_typesupport_introspection_c.c.o[0m
[17.977s] [ 89%] [32mBuilding C object CMakeFiles/common_msgs__rosidl_typesupport_c__pyext.dir/rosidl_generator_py/common_msgs/_common_msgs_s.ep.rosidl_typesupport_c.c.o[0m
[18.032s] [ 92%] [32mBuilding C object CMakeFiles/common_msgs__rosidl_typesupport_fastrtps_c__pyext.dir/rosidl_generator_py/common_msgs/_common_msgs_s.ep.rosidl_typesupport_fastrtps_c.c.o[0m
[18.267s] [ 94%] [32m[1mLinking C shared library rosidl_generator_py/common_msgs/common_msgs_s__rosidl_typesupport_introspection_c.cpython-38-x86_64-linux-gnu.so[0m
[18.415s] [ 97%] [32m[1mLinking C shared library rosidl_generator_py/common_msgs/common_msgs_s__rosidl_typesupport_c.cpython-38-x86_64-linux-gnu.so[0m
[18.503s] [ 97%] Built target common_msgs__rosidl_typesupport_introspection_c__pyext
[18.513s] [100%] [32m[1mLinking CXX shared library rosidl_generator_py/common_msgs/common_msgs_s__rosidl_typesupport_fastrtps_c.cpython-38-x86_64-linux-gnu.so[0m
[18.605s] [100%] Built target common_msgs__rosidl_typesupport_c__pyext
[18.682s] [100%] Built target common_msgs__rosidl_typesupport_fastrtps_c__pyext
[18.740s] Invoked command in '/ros2_ws/build/common_msgs' returned '0': CMAKE_PREFIX_PATH=/opt/ros/foxy /usr/bin/cmake --build /ros2_ws/build/common_msgs -- -j10 -l10
[20.475s] Invoking command in '/ros2_ws/build/common_msgs': CMAKE_PREFIX_PATH=/opt/ros/foxy /usr/bin/cmake --install /ros2_ws/build/common_msgs
[20.532s] -- Install configuration: ""
[20.539s] -- Installing: /ros2_ws/install/common_msgs/share/ament_index/resource_index/rosidl_interfaces/common_msgs
[20.565s] -- Installing: /ros2_ws/install/common_msgs/include/common_msgs
[20.579s] -- Installing: /ros2_ws/install/common_msgs/include/common_msgs/msg
[20.593s] -- Installing: /ros2_ws/install/common_msgs/include/common_msgs/msg/rosidl_generator_c__visibility_control.h
[20.611s] -- Installing: /ros2_ws/install/common_msgs/include/common_msgs/msg/stop_reason.h
[20.618s] -- Installing: /ros2_ws/install/common_msgs/include/common_msgs/msg/detail
[20.626s] -- Installing: /ros2_ws/install/common_msgs/include/common_msgs/msg/detail/stop_reason__functions.c
[20.661s] -- Installing: /ros2_ws/install/common_msgs/include/common_msgs/msg/detail/autonomy_mode__functions.c
[20.669s] -- Installing: /ros2_ws/install/common_msgs/include/common_msgs/msg/detail/autonomy_mode__struct.h
[20.677s] -- Installing: /ros2_ws/install/common_msgs/include/common_msgs/msg/detail/stop_reason__functions.h
[20.683s] -- Installing: /ros2_ws/install/common_msgs/include/common_msgs/msg/detail/stop_reason__struct.h
[20.687s] -- Installing: /ros2_ws/install/common_msgs/include/common_msgs/msg/detail/stop_reason__type_support.h
[20.691s] -- Installing: /ros2_ws/install/common_msgs/include/common_msgs/msg/detail/autonomy_mode__functions.h
[20.694s] -- Installing: /ros2_ws/install/common_msgs/include/common_msgs/msg/detail/autonomy_mode__type_support.h
[20.706s] -- Installing: /ros2_ws/install/common_msgs/include/common_msgs/msg/autonomy_mode.h
[20.711s] -- Installing: /ros2_ws/install/common_msgs/share/common_msgs/environment/library_path.sh
[20.716s] -- Installing: /ros2_ws/install/common_msgs/share/common_msgs/environment/library_path.dsv
[20.723s] -- Installing: /ros2_ws/install/common_msgs/lib/libcommon_msgs__rosidl_generator_c.so
[20.734s] -- Set runtime path of "/ros2_ws/install/common_msgs/lib/libcommon_msgs__rosidl_generator_c.so" to ""
[20.736s] -- Up-to-date: /ros2_ws/install/common_msgs/include/common_msgs
[20.741s] -- Up-to-date: /ros2_ws/install/common_msgs/include/common_msgs/msg
[20.742s] -- Up-to-date: /ros2_ws/install/common_msgs/include/common_msgs/msg/detail
[20.743s] -- Installing: /ros2_ws/install/common_msgs/include/common_msgs/msg/detail/autonomy_mode__rosidl_typesupport_fastrtps_c.h
[20.744s] -- Installing: /ros2_ws/install/common_msgs/include/common_msgs/msg/detail/stop_reason__rosidl_typesupport_fastrtps_c.h
[20.745s] -- Installing: /ros2_ws/install/common_msgs/include/common_msgs/msg/rosidl_typesupport_fastrtps_c__visibility_control.h
[20.749s] -- Installing: /ros2_ws/install/common_msgs/lib/libcommon_msgs__rosidl_typesupport_fastrtps_c.so
[20.753s] -- Set runtime path of "/ros2_ws/install/common_msgs/lib/libcommon_msgs__rosidl_typesupport_fastrtps_c.so" to ""
[20.756s] -- Up-to-date: /ros2_ws/install/common_msgs/include/common_msgs
[20.758s] -- Up-to-date: /ros2_ws/install/common_msgs/include/common_msgs/msg
[20.759s] -- Installing: /ros2_ws/install/common_msgs/include/common_msgs/msg/rosidl_typesupport_fastrtps_cpp__visibility_control.h
[20.763s] -- Up-to-date: /ros2_ws/install/common_msgs/include/common_msgs/msg/detail
[20.765s] -- Installing: /ros2_ws/install/common_msgs/include/common_msgs/msg/detail/autonomy_mode__rosidl_typesupport_fastrtps_cpp.hpp
[20.767s] -- Installing: /ros2_ws/install/common_msgs/include/common_msgs/msg/detail/stop_reason__rosidl_typesupport_fastrtps_cpp.hpp
[20.770s] -- Installing: /ros2_ws/install/common_msgs/include/common_msgs/msg/detail/dds_fastrtps
[20.773s] -- Installing: /ros2_ws/install/common_msgs/lib/libcommon_msgs__rosidl_typesupport_fastrtps_cpp.so
[20.777s] -- Set runtime path of "/ros2_ws/install/common_msgs/lib/libcommon_msgs__rosidl_typesupport_fastrtps_cpp.so" to ""
[20.779s] -- Up-to-date: /ros2_ws/install/common_msgs/include/common_msgs
[20.780s] -- Up-to-date: /ros2_ws/install/common_msgs/include/common_msgs/msg
[20.782s] -- Up-to-date: /ros2_ws/install/common_msgs/include/common_msgs/msg/detail
[20.784s] -- Installing: /ros2_ws/install/common_msgs/include/common_msgs/msg/detail/autonomy_mode__rosidl_typesupport_introspection_c.h
[20.786s] -- Installing: /ros2_ws/install/common_msgs/include/common_msgs/msg/detail/autonomy_mode__type_support.c
[20.792s] -- Installing: /ros2_ws/install/common_msgs/include/common_msgs/msg/detail/stop_reason__type_support.c
[20.792s] -- Installing: /ros2_ws/install/common_msgs/include/common_msgs/msg/detail/stop_reason__rosidl_typesupport_introspection_c.h
[20.794s] -- Installing: /ros2_ws/install/common_msgs/include/common_msgs/msg/rosidl_typesupport_introspection_c__visibility_control.h
[20.799s] -- Installing: /ros2_ws/install/common_msgs/lib/libcommon_msgs__rosidl_typesupport_introspection_c.so
[20.811s] -- Set runtime path of "/ros2_ws/install/common_msgs/lib/libcommon_msgs__rosidl_typesupport_introspection_c.so" to ""
[20.813s] -- Installing: /ros2_ws/install/common_msgs/lib/libcommon_msgs__rosidl_typesupport_c.so
[20.822s] -- Set runtime path of "/ros2_ws/install/common_msgs/lib/libcommon_msgs__rosidl_typesupport_c.so" to ""
[20.823s] -- Up-to-date: /ros2_ws/install/common_msgs/include/common_msgs
[20.825s] -- Up-to-date: /ros2_ws/install/common_msgs/include/common_msgs/msg
[20.826s] -- Installing: /ros2_ws/install/common_msgs/include/common_msgs/msg/autonomy_mode.hpp
[20.830s] -- Installing: /ros2_ws/install/common_msgs/include/common_msgs/msg/stop_reason.hpp
[20.839s] -- Up-to-date: /ros2_ws/install/common_msgs/include/common_msgs/msg/detail
[20.840s] -- Installing: /ros2_ws/install/common_msgs/include/common_msgs/msg/detail/autonomy_mode__builder.hpp
[20.841s] -- Installing: /ros2_ws/install/common_msgs/include/common_msgs/msg/detail/autonomy_mode__traits.hpp
[20.843s] -- Installing: /ros2_ws/install/common_msgs/include/common_msgs/msg/detail/stop_reason__builder.hpp
[20.847s] -- Installing: /ros2_ws/install/common_msgs/include/common_msgs/msg/detail/autonomy_mode__type_support.hpp
[20.851s] -- Installing: /ros2_ws/install/common_msgs/include/common_msgs/msg/detail/stop_reason__traits.hpp
[20.855s] -- Installing: /ros2_ws/install/common_msgs/include/common_msgs/msg/detail/autonomy_mode__struct.hpp
[20.859s] -- Installing: /ros2_ws/install/common_msgs/include/common_msgs/msg/detail/stop_reason__struct.hpp
[20.863s] -- Installing: /ros2_ws/install/common_msgs/include/common_msgs/msg/detail/stop_reason__type_support.hpp
[20.867s] -- Installing: /ros2_ws/install/common_msgs/include/common_msgs/msg/rosidl_generator_cpp__visibility_control.hpp
[20.869s] -- Up-to-date: /ros2_ws/install/common_msgs/include/common_msgs
[20.870s] -- Up-to-date: /ros2_ws/install/common_msgs/include/common_msgs/msg
[20.872s] -- Up-to-date: /ros2_ws/install/common_msgs/include/common_msgs/msg/detail
[20.874s] -- Installing: /ros2_ws/install/common_msgs/include/common_msgs/msg/detail/autonomy_mode__rosidl_typesupport_introspection_cpp.hpp
[20.878s] -- Installing: /ros2_ws/install/common_msgs/include/common_msgs/msg/detail/stop_reason__type_support.cpp
[20.880s] -- Installing: /ros2_ws/install/common_msgs/include/common_msgs/msg/detail/autonomy_mode__type_support.cpp
[20.880s] -- Installing: /ros2_ws/install/common_msgs/include/common_msgs/msg/detail/stop_reason__rosidl_typesupport_introspection_cpp.hpp
[20.882s] -- Installing: /ros2_ws/install/common_msgs/lib/libcommon_msgs__rosidl_typesupport_introspection_cpp.so
[20.885s] -- Set runtime path of "/ros2_ws/install/common_msgs/lib/libcommon_msgs__rosidl_typesupport_introspection_cpp.so" to ""
[20.886s] -- Installing: /ros2_ws/install/common_msgs/lib/libcommon_msgs__rosidl_typesupport_cpp.so
[20.890s] -- Set runtime path of "/ros2_ws/install/common_msgs/lib/libcommon_msgs__rosidl_typesupport_cpp.so" to ""
[20.891s] -- Installing: /ros2_ws/install/common_msgs/share/common_msgs/environment/pythonpath.sh
[20.894s] -- Installing: /ros2_ws/install/common_msgs/share/common_msgs/environment/pythonpath.dsv
[20.901s] -- Installing: /ros2_ws/install/common_msgs/lib/python3.8/site-packages/common_msgs/__init__.py
[20.987s] Compiling '/ros2_ws/install/common_msgs/lib/python3.8/site-packages/common_msgs/__init__.py'...
[20.990s] -- Installing: /ros2_ws/install/common_msgs/lib/python3.8/site-packages/common_msgs/msg
[20.994s] -- Installing: /ros2_ws/install/common_msgs/lib/python3.8/site-packages/common_msgs/msg/_autonomy_mode_s.c
[20.996s] -- Installing: /ros2_ws/install/common_msgs/lib/python3.8/site-packages/common_msgs/msg/_stop_reason.py
[21.000s] -- Installing: /ros2_ws/install/common_msgs/lib/python3.8/site-packages/common_msgs/msg/__init__.py
[21.003s] -- Installing: /ros2_ws/install/common_msgs/lib/python3.8/site-packages/common_msgs/msg/_autonomy_mode.py
[21.006s] -- Installing: /ros2_ws/install/common_msgs/lib/python3.8/site-packages/common_msgs/msg/_stop_reason_s.c
[21.010s] -- Installing: /ros2_ws/install/common_msgs/lib/python3.8/site-packages/common_msgs/common_msgs_s__rosidl_typesupport_fastrtps_c.cpython-38-x86_64-linux-gnu.so
[21.015s] -- Set runtime path of "/ros2_ws/install/common_msgs/lib/python3.8/site-packages/common_msgs/common_msgs_s__rosidl_typesupport_fastrtps_c.cpython-38-x86_64-linux-gnu.so" to ""
[21.018s] -- Installing: /ros2_ws/install/common_msgs/lib/python3.8/site-packages/common_msgs/common_msgs_s__rosidl_typesupport_introspection_c.cpython-38-x86_64-linux-gnu.so
[21.022s] -- Set runtime path of "/ros2_ws/install/common_msgs/lib/python3.8/site-packages/common_msgs/common_msgs_s__rosidl_typesupport_introspection_c.cpython-38-x86_64-linux-gnu.so" to ""
[21.024s] -- Installing: /ros2_ws/install/common_msgs/lib/python3.8/site-packages/common_msgs/common_msgs_s__rosidl_typesupport_c.cpython-38-x86_64-linux-gnu.so
[21.029s] -- Set runtime path of "/ros2_ws/install/common_msgs/lib/python3.8/site-packages/common_msgs/common_msgs_s__rosidl_typesupport_c.cpython-38-x86_64-linux-gnu.so" to ""
[21.030s] -- Installing: /ros2_ws/install/common_msgs/lib/libcommon_msgs__python.so
[21.033s] -- Set runtime path of "/ros2_ws/install/common_msgs/lib/libcommon_msgs__python.so" to ""
[21.034s] -- Installing: /ros2_ws/install/common_msgs/share/common_msgs/msg/AutonomyMode.idl
[21.038s] -- Installing: /ros2_ws/install/common_msgs/share/common_msgs/msg/StopReason.idl
[21.042s] -- Installing: /ros2_ws/install/common_msgs/share/common_msgs/msg/AutonomyMode.msg
[21.044s] -- Installing: /ros2_ws/install/common_msgs/share/common_msgs/msg/StopReason.msg
[21.048s] -- Installing: /ros2_ws/install/common_msgs/share/ament_index/resource_index/package_run_dependencies/common_msgs
[21.053s] -- Installing: /ros2_ws/install/common_msgs/share/ament_index/resource_index/parent_prefix_path/common_msgs
[21.055s] -- Installing: /ros2_ws/install/common_msgs/share/common_msgs/environment/ament_prefix_path.sh
[21.058s] -- Installing: /ros2_ws/install/common_msgs/share/common_msgs/environment/ament_prefix_path.dsv
[21.061s] -- Installing: /ros2_ws/install/common_msgs/share/common_msgs/environment/path.sh
[21.065s] -- Installing: /ros2_ws/install/common_msgs/share/common_msgs/environment/path.dsv
[21.068s] -- Installing: /ros2_ws/install/common_msgs/share/common_msgs/local_setup.bash
[21.071s] -- Installing: /ros2_ws/install/common_msgs/share/common_msgs/local_setup.sh
[21.074s] -- Installing: /ros2_ws/install/common_msgs/share/common_msgs/local_setup.zsh
[21.078s] -- Installing: /ros2_ws/install/common_msgs/share/common_msgs/local_setup.dsv
[21.081s] -- Installing: /ros2_ws/install/common_msgs/share/common_msgs/package.dsv
[21.085s] -- Installing: /ros2_ws/install/common_msgs/share/ament_index/resource_index/packages/common_msgs
[21.088s] -- Installing: /ros2_ws/install/common_msgs/share/common_msgs/cmake/common_msgs__rosidl_generator_cExport.cmake
[21.091s] -- Installing: /ros2_ws/install/common_msgs/share/common_msgs/cmake/common_msgs__rosidl_generator_cExport-noconfig.cmake
[21.094s] -- Installing: /ros2_ws/install/common_msgs/share/common_msgs/cmake/common_msgs__rosidl_typesupport_introspection_cExport.cmake
[21.099s] -- Installing: /ros2_ws/install/common_msgs/share/common_msgs/cmake/common_msgs__rosidl_typesupport_introspection_cExport-noconfig.cmake
[21.101s] -- Installing: /ros2_ws/install/common_msgs/share/common_msgs/cmake/common_msgs__rosidl_typesupport_cExport.cmake
[21.108s] -- Installing: /ros2_ws/install/common_msgs/share/common_msgs/cmake/common_msgs__rosidl_typesupport_cExport-noconfig.cmake
[21.111s] -- Installing: /ros2_ws/install/common_msgs/share/common_msgs/cmake/common_msgs__rosidl_generator_cppExport.cmake
[21.114s] -- Installing: /ros2_ws/install/common_msgs/share/common_msgs/cmake/common_msgs__rosidl_typesupport_introspection_cppExport.cmake
[21.118s] -- Installing: /ros2_ws/install/common_msgs/share/common_msgs/cmake/common_msgs__rosidl_typesupport_introspection_cppExport-noconfig.cmake
[21.120s] -- Installing: /ros2_ws/install/common_msgs/share/common_msgs/cmake/common_msgs__rosidl_typesupport_cppExport.cmake
[21.124s] -- Installing: /ros2_ws/install/common_msgs/share/common_msgs/cmake/common_msgs__rosidl_typesupport_cppExport-noconfig.cmake
[21.127s] -- Installing: /ros2_ws/install/common_msgs/share/common_msgs/cmake/rosidl_cmake-extras.cmake
[21.128s] -- Installing: /ros2_ws/install/common_msgs/share/common_msgs/cmake/ament_cmake_export_dependencies-extras.cmake
[21.131s] -- Installing: /ros2_ws/install/common_msgs/share/common_msgs/cmake/ament_cmake_export_libraries-extras.cmake
[21.134s] -- Installing: /ros2_ws/install/common_msgs/share/common_msgs/cmake/ament_cmake_export_targets-extras.cmake
[21.139s] -- Installing: /ros2_ws/install/common_msgs/share/common_msgs/cmake/ament_cmake_export_include_directories-extras.cmake
[21.142s] -- Installing: /ros2_ws/install/common_msgs/share/common_msgs/cmake/rosidl_cmake_export_typesupport_libraries-extras.cmake
[21.144s] -- Installing: /ros2_ws/install/common_msgs/share/common_msgs/cmake/rosidl_cmake_export_typesupport_targets-extras.cmake
[21.147s] -- Installing: /ros2_ws/install/common_msgs/share/common_msgs/cmake/common_msgsConfig.cmake
[21.149s] -- Installing: /ros2_ws/install/common_msgs/share/common_msgs/cmake/common_msgsConfig-version.cmake
[21.162s] -- Installing: /ros2_ws/install/common_msgs/share/common_msgs/package.xml
[21.185s] Invoked command in '/ros2_ws/build/common_msgs' returned '0': CMAKE_PREFIX_PATH=/opt/ros/foxy /usr/bin/cmake --install /ros2_ws/build/common_msgs
