[0.058s] Invoking command in '/ros2_ws/build/planning_msgs': CMAKE_PREFIX_PATH=/opt/ros/foxy /usr/bin/cmake --build /ros2_ws/build/planning_msgs -- -j10 -l10
[0.435s] [  1%] Built target planning_msgs__cpp
[0.472s] [ 12%] Built target planning_msgs__rosidl_generator_c
[0.873s] [ 44%] Built target planning_msgs__rosidl_typesupport_introspection_cpp
[0.875s] [ 46%] Built target planning_msgs__rosidl_typesupport_cpp
[0.884s] [ 49%] Built target planning_msgs__rosidl_typesupport_fastrtps_cpp
[0.899s] [ 58%] Built target planning_msgs__rosidl_typesupport_introspection_c
[0.924s] [ 70%] Built target planning_msgs__rosidl_typesupport_c
[1.041s] [ 82%] Built target planning_msgs__rosidl_typesupport_fastrtps_c
[1.168s] [ 82%] Built target planning_msgs
[1.309s] [ 83%] Built target planning_msgs__py
[1.471s] [ 93%] Built target planning_msgs__python
[1.678s] [ 95%] Built target planning_msgs__rosidl_typesupport_c__pyext
[1.712s] [ 97%] Built target planning_msgs__rosidl_typesupport_fastrtps_c__pyext
[1.715s] [100%] Built target planning_msgs__rosidl_typesupport_introspection_c__pyext
[1.826s] Invoked command in '/ros2_ws/build/planning_msgs' returned '0': CMAKE_PREFIX_PATH=/opt/ros/foxy /usr/bin/cmake --build /ros2_ws/build/planning_msgs -- -j10 -l10
[4.648s] Invoking command in '/ros2_ws/build/planning_msgs': CMAKE_PREFIX_PATH=/opt/ros/foxy /usr/bin/cmake --install /ros2_ws/build/planning_msgs
[4.678s] -- Install configuration: ""
[4.679s] -- Up-to-date: /ros2_ws/install/planning_msgs/share/ament_index/resource_index/rosidl_interfaces/planning_msgs
[4.680s] -- Up-to-date: /ros2_ws/install/planning_msgs/include/planning_msgs
[4.680s] -- Up-to-date: /ros2_ws/install/planning_msgs/include/planning_msgs/msg
[4.680s] -- Up-to-date: /ros2_ws/install/planning_msgs/include/planning_msgs/msg/planning_status.h
[4.681s] -- Up-to-date: /ros2_ws/install/planning_msgs/include/planning_msgs/msg/rosidl_generator_c__visibility_control.h
[4.685s] -- Up-to-date: /ros2_ws/install/planning_msgs/include/planning_msgs/msg/active_route_context.h
[4.688s] -- Up-to-date: /ros2_ws/install/planning_msgs/include/planning_msgs/msg/target_speed.h
[4.688s] -- Up-to-date: /ros2_ws/install/planning_msgs/include/planning_msgs/msg/trajectory_point.h
[4.691s] -- Up-to-date: /ros2_ws/install/planning_msgs/include/planning_msgs/msg/trajectory.h
[4.692s] -- Up-to-date: /ros2_ws/install/planning_msgs/include/planning_msgs/msg/fsm_request.h
[4.692s] -- Up-to-date: /ros2_ws/install/planning_msgs/include/planning_msgs/msg/detail
[4.693s] -- Up-to-date: /ros2_ws/install/planning_msgs/include/planning_msgs/msg/detail/fsm_request__type_support.h
[4.693s] -- Up-to-date: /ros2_ws/install/planning_msgs/include/planning_msgs/msg/detail/controller_feedback__functions.h
[4.694s] -- Up-to-date: /ros2_ws/install/planning_msgs/include/planning_msgs/msg/detail/active_route_context__struct.h
[4.694s] -- Up-to-date: /ros2_ws/install/planning_msgs/include/planning_msgs/msg/detail/target_speed__struct.h
[4.694s] -- Up-to-date: /ros2_ws/install/planning_msgs/include/planning_msgs/msg/detail/active_route_context__type_support.h
[4.695s] -- Up-to-date: /ros2_ws/install/planning_msgs/include/planning_msgs/msg/detail/planning_status__struct.h
[4.695s] -- Up-to-date: /ros2_ws/install/planning_msgs/include/planning_msgs/msg/detail/trajectory_point__type_support.h
[4.696s] -- Up-to-date: /ros2_ws/install/planning_msgs/include/planning_msgs/msg/detail/active_route_context__functions.h
[4.696s] -- Up-to-date: /ros2_ws/install/planning_msgs/include/planning_msgs/msg/detail/fsm_request__functions.c
[4.696s] -- Up-to-date: /ros2_ws/install/planning_msgs/include/planning_msgs/msg/detail/goal_reached__type_support.h
[4.697s] -- Up-to-date: /ros2_ws/install/planning_msgs/include/planning_msgs/msg/detail/goal_reached__functions.c
[4.698s] -- Up-to-date: /ros2_ws/install/planning_msgs/include/planning_msgs/msg/detail/planning_status__functions.h
[4.700s] -- Up-to-date: /ros2_ws/install/planning_msgs/include/planning_msgs/msg/detail/planning_status__type_support.h
[4.701s] -- Up-to-date: /ros2_ws/install/planning_msgs/include/planning_msgs/msg/detail/trajectory_point__struct.h
[4.701s] -- Up-to-date: /ros2_ws/install/planning_msgs/include/planning_msgs/msg/detail/trajectory__functions.c
[4.701s] -- Up-to-date: /ros2_ws/install/planning_msgs/include/planning_msgs/msg/detail/target_speed__functions.c
[4.702s] -- Up-to-date: /ros2_ws/install/planning_msgs/include/planning_msgs/msg/detail/park_complete__functions.c
[4.702s] -- Up-to-date: /ros2_ws/install/planning_msgs/include/planning_msgs/msg/detail/goal_reached__struct.h
[4.702s] -- Up-to-date: /ros2_ws/install/planning_msgs/include/planning_msgs/msg/detail/trajectory_point__functions.h
[4.705s] -- Up-to-date: /ros2_ws/install/planning_msgs/include/planning_msgs/msg/detail/controller_feedback__struct.h
[4.705s] -- Up-to-date: /ros2_ws/install/planning_msgs/include/planning_msgs/msg/detail/park_complete__type_support.h
[4.705s] -- Up-to-date: /ros2_ws/install/planning_msgs/include/planning_msgs/msg/detail/trajectory__struct.h
[4.705s] -- Up-to-date: /ros2_ws/install/planning_msgs/include/planning_msgs/msg/detail/controller_feedback__type_support.h
[4.706s] -- Up-to-date: /ros2_ws/install/planning_msgs/include/planning_msgs/msg/detail/fsm_request__struct.h
[4.706s] -- Up-to-date: /ros2_ws/install/planning_msgs/include/planning_msgs/msg/detail/controller_feedback__functions.c
[4.706s] -- Up-to-date: /ros2_ws/install/planning_msgs/include/planning_msgs/msg/detail/goal_reached__functions.h
[4.707s] -- Up-to-date: /ros2_ws/install/planning_msgs/include/planning_msgs/msg/detail/planning_status__functions.c
[4.707s] -- Up-to-date: /ros2_ws/install/planning_msgs/include/planning_msgs/msg/detail/fsm_request__functions.h
[4.707s] -- Up-to-date: /ros2_ws/install/planning_msgs/include/planning_msgs/msg/detail/active_route_context__functions.c
[4.708s] -- Up-to-date: /ros2_ws/install/planning_msgs/include/planning_msgs/msg/detail/park_complete__struct.h
[4.710s] -- Up-to-date: /ros2_ws/install/planning_msgs/include/planning_msgs/msg/detail/target_speed__type_support.h
[4.710s] -- Up-to-date: /ros2_ws/install/planning_msgs/include/planning_msgs/msg/detail/trajectory__type_support.h
[4.711s] -- Up-to-date: /ros2_ws/install/planning_msgs/include/planning_msgs/msg/detail/trajectory_point__functions.c
[4.711s] -- Up-to-date: /ros2_ws/install/planning_msgs/include/planning_msgs/msg/detail/target_speed__functions.h
[4.711s] -- Up-to-date: /ros2_ws/install/planning_msgs/include/planning_msgs/msg/detail/park_complete__functions.h
[4.712s] -- Up-to-date: /ros2_ws/install/planning_msgs/include/planning_msgs/msg/detail/trajectory__functions.h
[4.712s] -- Up-to-date: /ros2_ws/install/planning_msgs/include/planning_msgs/msg/goal_reached.h
[4.712s] -- Up-to-date: /ros2_ws/install/planning_msgs/include/planning_msgs/msg/controller_feedback.h
[4.712s] -- Up-to-date: /ros2_ws/install/planning_msgs/include/planning_msgs/msg/park_complete.h
[4.713s] -- Up-to-date: /ros2_ws/install/planning_msgs/share/planning_msgs/environment/library_path.sh
[4.713s] -- Up-to-date: /ros2_ws/install/planning_msgs/share/planning_msgs/environment/library_path.dsv
[4.714s] -- Up-to-date: /ros2_ws/install/planning_msgs/lib/libplanning_msgs__rosidl_generator_c.so
[4.714s] -- Up-to-date: /ros2_ws/install/planning_msgs/include/planning_msgs
[4.714s] -- Up-to-date: /ros2_ws/install/planning_msgs/include/planning_msgs/msg
[4.714s] -- Up-to-date: /ros2_ws/install/planning_msgs/include/planning_msgs/msg/detail
[4.714s] -- Up-to-date: /ros2_ws/install/planning_msgs/include/planning_msgs/msg/detail/trajectory_point__rosidl_typesupport_fastrtps_c.h
[4.715s] -- Up-to-date: /ros2_ws/install/planning_msgs/include/planning_msgs/msg/detail/target_speed__rosidl_typesupport_fastrtps_c.h
[4.715s] -- Up-to-date: /ros2_ws/install/planning_msgs/include/planning_msgs/msg/detail/fsm_request__rosidl_typesupport_fastrtps_c.h
[4.716s] -- Up-to-date: /ros2_ws/install/planning_msgs/include/planning_msgs/msg/detail/goal_reached__rosidl_typesupport_fastrtps_c.h
[4.716s] -- Up-to-date: /ros2_ws/install/planning_msgs/include/planning_msgs/msg/detail/trajectory__rosidl_typesupport_fastrtps_c.h
[4.716s] -- Up-to-date: /ros2_ws/install/planning_msgs/include/planning_msgs/msg/detail/park_complete__rosidl_typesupport_fastrtps_c.h
[4.717s] -- Up-to-date: /ros2_ws/install/planning_msgs/include/planning_msgs/msg/detail/controller_feedback__rosidl_typesupport_fastrtps_c.h
[4.717s] -- Up-to-date: /ros2_ws/install/planning_msgs/include/planning_msgs/msg/detail/active_route_context__rosidl_typesupport_fastrtps_c.h
[4.717s] -- Up-to-date: /ros2_ws/install/planning_msgs/include/planning_msgs/msg/detail/planning_status__rosidl_typesupport_fastrtps_c.h
[4.718s] -- Up-to-date: /ros2_ws/install/planning_msgs/include/planning_msgs/msg/rosidl_typesupport_fastrtps_c__visibility_control.h
[4.718s] -- Up-to-date: /ros2_ws/install/planning_msgs/lib/libplanning_msgs__rosidl_typesupport_fastrtps_c.so
[4.719s] -- Up-to-date: /ros2_ws/install/planning_msgs/include/planning_msgs
[4.719s] -- Up-to-date: /ros2_ws/install/planning_msgs/include/planning_msgs/msg
[4.720s] -- Up-to-date: /ros2_ws/install/planning_msgs/include/planning_msgs/msg/rosidl_typesupport_fastrtps_cpp__visibility_control.h
[4.721s] -- Up-to-date: /ros2_ws/install/planning_msgs/include/planning_msgs/msg/detail
[4.721s] -- Up-to-date: /ros2_ws/install/planning_msgs/include/planning_msgs/msg/detail/active_route_context__rosidl_typesupport_fastrtps_cpp.hpp
[4.721s] -- Up-to-date: /ros2_ws/install/planning_msgs/include/planning_msgs/msg/detail/trajectory_point__rosidl_typesupport_fastrtps_cpp.hpp
[4.722s] -- Up-to-date: /ros2_ws/install/planning_msgs/include/planning_msgs/msg/detail/fsm_request__rosidl_typesupport_fastrtps_cpp.hpp
[4.723s] -- Up-to-date: /ros2_ws/install/planning_msgs/include/planning_msgs/msg/detail/controller_feedback__rosidl_typesupport_fastrtps_cpp.hpp
[4.724s] -- Up-to-date: /ros2_ws/install/planning_msgs/include/planning_msgs/msg/detail/planning_status__rosidl_typesupport_fastrtps_cpp.hpp
[4.725s] -- Up-to-date: /ros2_ws/install/planning_msgs/include/planning_msgs/msg/detail/goal_reached__rosidl_typesupport_fastrtps_cpp.hpp
[4.725s] -- Up-to-date: /ros2_ws/install/planning_msgs/include/planning_msgs/msg/detail/trajectory__rosidl_typesupport_fastrtps_cpp.hpp
[4.725s] -- Up-to-date: /ros2_ws/install/planning_msgs/include/planning_msgs/msg/detail/park_complete__rosidl_typesupport_fastrtps_cpp.hpp
[4.726s] -- Up-to-date: /ros2_ws/install/planning_msgs/include/planning_msgs/msg/detail/target_speed__rosidl_typesupport_fastrtps_cpp.hpp
[4.726s] -- Up-to-date: /ros2_ws/install/planning_msgs/include/planning_msgs/msg/detail/dds_fastrtps
[4.726s] -- Up-to-date: /ros2_ws/install/planning_msgs/lib/libplanning_msgs__rosidl_typesupport_fastrtps_cpp.so
[4.726s] -- Up-to-date: /ros2_ws/install/planning_msgs/include/planning_msgs
[4.727s] -- Up-to-date: /ros2_ws/install/planning_msgs/include/planning_msgs/msg
[4.727s] -- Up-to-date: /ros2_ws/install/planning_msgs/include/planning_msgs/msg/detail
[4.727s] -- Up-to-date: /ros2_ws/install/planning_msgs/include/planning_msgs/msg/detail/active_route_context__rosidl_typesupport_introspection_c.h
[4.728s] -- Up-to-date: /ros2_ws/install/planning_msgs/include/planning_msgs/msg/detail/controller_feedback__type_support.c
[4.729s] -- Up-to-date: /ros2_ws/install/planning_msgs/include/planning_msgs/msg/detail/goal_reached__rosidl_typesupport_introspection_c.h
[4.729s] -- Up-to-date: /ros2_ws/install/planning_msgs/include/planning_msgs/msg/detail/trajectory__type_support.c
[4.729s] -- Up-to-date: /ros2_ws/install/planning_msgs/include/planning_msgs/msg/detail/target_speed__type_support.c
[4.729s] -- Up-to-date: /ros2_ws/install/planning_msgs/include/planning_msgs/msg/detail/active_route_context__type_support.c
[4.729s] -- Up-to-date: /ros2_ws/install/planning_msgs/include/planning_msgs/msg/detail/fsm_request__type_support.c
[4.730s] -- Up-to-date: /ros2_ws/install/planning_msgs/include/planning_msgs/msg/detail/goal_reached__type_support.c
[4.730s] -- Up-to-date: /ros2_ws/install/planning_msgs/include/planning_msgs/msg/detail/target_speed__rosidl_typesupport_introspection_c.h
[4.730s] -- Up-to-date: /ros2_ws/install/planning_msgs/include/planning_msgs/msg/detail/controller_feedback__rosidl_typesupport_introspection_c.h
[4.731s] -- Up-to-date: /ros2_ws/install/planning_msgs/include/planning_msgs/msg/detail/trajectory_point__type_support.c
[4.731s] -- Up-to-date: /ros2_ws/install/planning_msgs/include/planning_msgs/msg/detail/park_complete__rosidl_typesupport_introspection_c.h
[4.731s] -- Up-to-date: /ros2_ws/install/planning_msgs/include/planning_msgs/msg/detail/planning_status__rosidl_typesupport_introspection_c.h
[4.732s] -- Up-to-date: /ros2_ws/install/planning_msgs/include/planning_msgs/msg/detail/fsm_request__rosidl_typesupport_introspection_c.h
[4.732s] -- Up-to-date: /ros2_ws/install/planning_msgs/include/planning_msgs/msg/detail/trajectory__rosidl_typesupport_introspection_c.h
[4.733s] -- Up-to-date: /ros2_ws/install/planning_msgs/include/planning_msgs/msg/detail/planning_status__type_support.c
[4.733s] -- Up-to-date: /ros2_ws/install/planning_msgs/include/planning_msgs/msg/detail/park_complete__type_support.c
[4.734s] -- Up-to-date: /ros2_ws/install/planning_msgs/include/planning_msgs/msg/detail/trajectory_point__rosidl_typesupport_introspection_c.h
[4.735s] -- Up-to-date: /ros2_ws/install/planning_msgs/include/planning_msgs/msg/rosidl_typesupport_introspection_c__visibility_control.h
[4.735s] -- Up-to-date: /ros2_ws/install/planning_msgs/lib/libplanning_msgs__rosidl_typesupport_introspection_c.so
[4.736s] -- Up-to-date: /ros2_ws/install/planning_msgs/lib/libplanning_msgs__rosidl_typesupport_c.so
[4.737s] -- Up-to-date: /ros2_ws/install/planning_msgs/include/planning_msgs
[4.737s] -- Up-to-date: /ros2_ws/install/planning_msgs/include/planning_msgs/msg
[4.738s] -- Up-to-date: /ros2_ws/install/planning_msgs/include/planning_msgs/msg/fsm_request.hpp
[4.738s] -- Up-to-date: /ros2_ws/install/planning_msgs/include/planning_msgs/msg/trajectory.hpp
[4.739s] -- Up-to-date: /ros2_ws/install/planning_msgs/include/planning_msgs/msg/active_route_context.hpp
[4.740s] -- Up-to-date: /ros2_ws/install/planning_msgs/include/planning_msgs/msg/trajectory_point.hpp
[4.740s] -- Up-to-date: /ros2_ws/install/planning_msgs/include/planning_msgs/msg/goal_reached.hpp
[4.741s] -- Up-to-date: /ros2_ws/install/planning_msgs/include/planning_msgs/msg/park_complete.hpp
[4.742s] -- Up-to-date: /ros2_ws/install/planning_msgs/include/planning_msgs/msg/detail
[4.743s] -- Up-to-date: /ros2_ws/install/planning_msgs/include/planning_msgs/msg/detail/trajectory__traits.hpp
[4.745s] -- Up-to-date: /ros2_ws/install/planning_msgs/include/planning_msgs/msg/detail/target_speed__builder.hpp
[4.745s] -- Up-to-date: /ros2_ws/install/planning_msgs/include/planning_msgs/msg/detail/park_complete__builder.hpp
[4.746s] -- Up-to-date: /ros2_ws/install/planning_msgs/include/planning_msgs/msg/detail/trajectory_point__traits.hpp
[4.748s] -- Up-to-date: /ros2_ws/install/planning_msgs/include/planning_msgs/msg/detail/trajectory__builder.hpp
[4.749s] -- Up-to-date: /ros2_ws/install/planning_msgs/include/planning_msgs/msg/detail/park_complete__traits.hpp
[4.750s] -- Up-to-date: /ros2_ws/install/planning_msgs/include/planning_msgs/msg/detail/active_route_context__type_support.hpp
[4.750s] -- Up-to-date: /ros2_ws/install/planning_msgs/include/planning_msgs/msg/detail/planning_status__type_support.hpp
[4.753s] -- Up-to-date: /ros2_ws/install/planning_msgs/include/planning_msgs/msg/detail/controller_feedback__type_support.hpp
[4.754s] -- Up-to-date: /ros2_ws/install/planning_msgs/include/planning_msgs/msg/detail/target_speed__struct.hpp
[4.755s] -- Up-to-date: /ros2_ws/install/planning_msgs/include/planning_msgs/msg/detail/goal_reached__type_support.hpp
[4.756s] -- Up-to-date: /ros2_ws/install/planning_msgs/include/planning_msgs/msg/detail/trajectory_point__type_support.hpp
[4.757s] -- Up-to-date: /ros2_ws/install/planning_msgs/include/planning_msgs/msg/detail/target_speed__type_support.hpp
[4.758s] -- Up-to-date: /ros2_ws/install/planning_msgs/include/planning_msgs/msg/detail/fsm_request__builder.hpp
[4.759s] -- Up-to-date: /ros2_ws/install/planning_msgs/include/planning_msgs/msg/detail/goal_reached__builder.hpp
[4.760s] -- Up-to-date: /ros2_ws/install/planning_msgs/include/planning_msgs/msg/detail/planning_status__traits.hpp
[4.760s] -- Up-to-date: /ros2_ws/install/planning_msgs/include/planning_msgs/msg/detail/active_route_context__struct.hpp
[4.761s] -- Up-to-date: /ros2_ws/install/planning_msgs/include/planning_msgs/msg/detail/goal_reached__traits.hpp
[4.762s] -- Up-to-date: /ros2_ws/install/planning_msgs/include/planning_msgs/msg/detail/fsm_request__traits.hpp
[4.763s] -- Up-to-date: /ros2_ws/install/planning_msgs/include/planning_msgs/msg/detail/controller_feedback__traits.hpp
[4.765s] -- Up-to-date: /ros2_ws/install/planning_msgs/include/planning_msgs/msg/detail/trajectory_point__builder.hpp
[4.766s] -- Up-to-date: /ros2_ws/install/planning_msgs/include/planning_msgs/msg/detail/park_complete__struct.hpp
[4.767s] -- Up-to-date: /ros2_ws/install/planning_msgs/include/planning_msgs/msg/detail/trajectory__struct.hpp
[4.769s] -- Up-to-date: /ros2_ws/install/planning_msgs/include/planning_msgs/msg/detail/trajectory_point__struct.hpp
[4.769s] -- Up-to-date: /ros2_ws/install/planning_msgs/include/planning_msgs/msg/detail/target_speed__traits.hpp
[4.770s] -- Up-to-date: /ros2_ws/install/planning_msgs/include/planning_msgs/msg/detail/planning_status__builder.hpp
[4.771s] -- Up-to-date: /ros2_ws/install/planning_msgs/include/planning_msgs/msg/detail/active_route_context__builder.hpp
[4.771s] -- Up-to-date: /ros2_ws/install/planning_msgs/include/planning_msgs/msg/detail/trajectory__type_support.hpp
[4.772s] -- Up-to-date: /ros2_ws/install/planning_msgs/include/planning_msgs/msg/detail/fsm_request__type_support.hpp
[4.774s] -- Up-to-date: /ros2_ws/install/planning_msgs/include/planning_msgs/msg/detail/controller_feedback__struct.hpp
[4.774s] -- Up-to-date: /ros2_ws/install/planning_msgs/include/planning_msgs/msg/detail/fsm_request__struct.hpp
[4.774s] -- Up-to-date: /ros2_ws/install/planning_msgs/include/planning_msgs/msg/detail/controller_feedback__builder.hpp
[4.775s] -- Up-to-date: /ros2_ws/install/planning_msgs/include/planning_msgs/msg/detail/park_complete__type_support.hpp
[4.775s] -- Up-to-date: /ros2_ws/install/planning_msgs/include/planning_msgs/msg/detail/planning_status__struct.hpp
[4.776s] -- Up-to-date: /ros2_ws/install/planning_msgs/include/planning_msgs/msg/detail/active_route_context__traits.hpp
[4.777s] -- Up-to-date: /ros2_ws/install/planning_msgs/include/planning_msgs/msg/detail/goal_reached__struct.hpp
[4.777s] -- Up-to-date: /ros2_ws/install/planning_msgs/include/planning_msgs/msg/rosidl_generator_cpp__visibility_control.hpp
[4.779s] -- Up-to-date: /ros2_ws/install/planning_msgs/include/planning_msgs/msg/planning_status.hpp
[4.779s] -- Up-to-date: /ros2_ws/install/planning_msgs/include/planning_msgs/msg/target_speed.hpp
[4.779s] -- Up-to-date: /ros2_ws/install/planning_msgs/include/planning_msgs/msg/controller_feedback.hpp
[4.780s] -- Up-to-date: /ros2_ws/install/planning_msgs/include/planning_msgs
[4.780s] -- Up-to-date: /ros2_ws/install/planning_msgs/include/planning_msgs/msg
[4.781s] -- Up-to-date: /ros2_ws/install/planning_msgs/include/planning_msgs/msg/detail
[4.781s] -- Up-to-date: /ros2_ws/install/planning_msgs/include/planning_msgs/msg/detail/fsm_request__rosidl_typesupport_introspection_cpp.hpp
[4.781s] -- Up-to-date: /ros2_ws/install/planning_msgs/include/planning_msgs/msg/detail/trajectory__type_support.cpp
[4.781s] -- Up-to-date: /ros2_ws/install/planning_msgs/include/planning_msgs/msg/detail/controller_feedback__rosidl_typesupport_introspection_cpp.hpp
[4.782s] -- Up-to-date: /ros2_ws/install/planning_msgs/include/planning_msgs/msg/detail/fsm_request__type_support.cpp
[4.783s] -- Up-to-date: /ros2_ws/install/planning_msgs/include/planning_msgs/msg/detail/goal_reached__rosidl_typesupport_introspection_cpp.hpp
[4.783s] -- Up-to-date: /ros2_ws/install/planning_msgs/include/planning_msgs/msg/detail/park_complete__type_support.cpp
[4.784s] -- Up-to-date: /ros2_ws/install/planning_msgs/include/planning_msgs/msg/detail/target_speed__rosidl_typesupport_introspection_cpp.hpp
[4.784s] -- Up-to-date: /ros2_ws/install/planning_msgs/include/planning_msgs/msg/detail/park_complete__rosidl_typesupport_introspection_cpp.hpp
[4.784s] -- Up-to-date: /ros2_ws/install/planning_msgs/include/planning_msgs/msg/detail/planning_status__rosidl_typesupport_introspection_cpp.hpp
[4.785s] -- Up-to-date: /ros2_ws/install/planning_msgs/include/planning_msgs/msg/detail/goal_reached__type_support.cpp
[4.785s] -- Up-to-date: /ros2_ws/install/planning_msgs/include/planning_msgs/msg/detail/trajectory_point__type_support.cpp
[4.788s] -- Up-to-date: /ros2_ws/install/planning_msgs/include/planning_msgs/msg/detail/target_speed__type_support.cpp
[4.788s] -- Up-to-date: /ros2_ws/install/planning_msgs/include/planning_msgs/msg/detail/trajectory_point__rosidl_typesupport_introspection_cpp.hpp
[4.789s] -- Up-to-date: /ros2_ws/install/planning_msgs/include/planning_msgs/msg/detail/planning_status__type_support.cpp
[4.789s] -- Up-to-date: /ros2_ws/install/planning_msgs/include/planning_msgs/msg/detail/active_route_context__type_support.cpp
[4.789s] -- Up-to-date: /ros2_ws/install/planning_msgs/include/planning_msgs/msg/detail/trajectory__rosidl_typesupport_introspection_cpp.hpp
[4.789s] -- Up-to-date: /ros2_ws/install/planning_msgs/include/planning_msgs/msg/detail/controller_feedback__type_support.cpp
[4.790s] -- Up-to-date: /ros2_ws/install/planning_msgs/include/planning_msgs/msg/detail/active_route_context__rosidl_typesupport_introspection_cpp.hpp
[4.790s] -- Up-to-date: /ros2_ws/install/planning_msgs/lib/libplanning_msgs__rosidl_typesupport_introspection_cpp.so
[4.791s] -- Up-to-date: /ros2_ws/install/planning_msgs/lib/libplanning_msgs__rosidl_typesupport_cpp.so
[4.792s] -- Up-to-date: /ros2_ws/install/planning_msgs/share/planning_msgs/environment/pythonpath.sh
[4.792s] -- Up-to-date: /ros2_ws/install/planning_msgs/share/planning_msgs/environment/pythonpath.dsv
[4.793s] -- Up-to-date: /ros2_ws/install/planning_msgs/lib/python3.8/site-packages/planning_msgs/__init__.py
[4.852s] -- Up-to-date: /ros2_ws/install/planning_msgs/lib/python3.8/site-packages/planning_msgs/msg
[4.852s] -- Up-to-date: /ros2_ws/install/planning_msgs/lib/python3.8/site-packages/planning_msgs/msg/_trajectory_point_s.c
[4.853s] -- Up-to-date: /ros2_ws/install/planning_msgs/lib/python3.8/site-packages/planning_msgs/msg/_trajectory.py
[4.853s] -- Up-to-date: /ros2_ws/install/planning_msgs/lib/python3.8/site-packages/planning_msgs/msg/_trajectory_s.c
[4.854s] -- Up-to-date: /ros2_ws/install/planning_msgs/lib/python3.8/site-packages/planning_msgs/msg/_target_speed.py
[4.854s] -- Up-to-date: /ros2_ws/install/planning_msgs/lib/python3.8/site-packages/planning_msgs/msg/_target_speed_s.c
[4.854s] -- Up-to-date: /ros2_ws/install/planning_msgs/lib/python3.8/site-packages/planning_msgs/msg/_park_complete.py
[4.856s] -- Up-to-date: /ros2_ws/install/planning_msgs/lib/python3.8/site-packages/planning_msgs/msg/_trajectory_point.py
[4.857s] -- Up-to-date: /ros2_ws/install/planning_msgs/lib/python3.8/site-packages/planning_msgs/msg/__init__.py
[4.857s] -- Up-to-date: /ros2_ws/install/planning_msgs/lib/python3.8/site-packages/planning_msgs/msg/_goal_reached.py
[4.857s] -- Up-to-date: /ros2_ws/install/planning_msgs/lib/python3.8/site-packages/planning_msgs/msg/_goal_reached_s.c
[4.858s] -- Up-to-date: /ros2_ws/install/planning_msgs/lib/python3.8/site-packages/planning_msgs/msg/_park_complete_s.c
[4.858s] -- Up-to-date: /ros2_ws/install/planning_msgs/lib/python3.8/site-packages/planning_msgs/msg/_fsm_request_s.c
[4.858s] -- Up-to-date: /ros2_ws/install/planning_msgs/lib/python3.8/site-packages/planning_msgs/msg/_fsm_request.py
[4.858s] -- Up-to-date: /ros2_ws/install/planning_msgs/lib/python3.8/site-packages/planning_msgs/msg/_controller_feedback_s.c
[4.859s] -- Up-to-date: /ros2_ws/install/planning_msgs/lib/python3.8/site-packages/planning_msgs/msg/_active_route_context_s.c
[4.859s] -- Up-to-date: /ros2_ws/install/planning_msgs/lib/python3.8/site-packages/planning_msgs/msg/_planning_status_s.c
[4.860s] -- Up-to-date: /ros2_ws/install/planning_msgs/lib/python3.8/site-packages/planning_msgs/msg/_controller_feedback.py
[4.861s] -- Up-to-date: /ros2_ws/install/planning_msgs/lib/python3.8/site-packages/planning_msgs/msg/_active_route_context.py
[4.862s] -- Up-to-date: /ros2_ws/install/planning_msgs/lib/python3.8/site-packages/planning_msgs/msg/_planning_status.py
[4.862s] -- Up-to-date: /ros2_ws/install/planning_msgs/lib/python3.8/site-packages/planning_msgs/planning_msgs_s__rosidl_typesupport_fastrtps_c.cpython-38-x86_64-linux-gnu.so
[4.863s] -- Up-to-date: /ros2_ws/install/planning_msgs/lib/python3.8/site-packages/planning_msgs/planning_msgs_s__rosidl_typesupport_introspection_c.cpython-38-x86_64-linux-gnu.so
[4.867s] -- Up-to-date: /ros2_ws/install/planning_msgs/lib/python3.8/site-packages/planning_msgs/planning_msgs_s__rosidl_typesupport_c.cpython-38-x86_64-linux-gnu.so
[4.868s] -- Up-to-date: /ros2_ws/install/planning_msgs/lib/libplanning_msgs__python.so
[4.868s] -- Up-to-date: /ros2_ws/install/planning_msgs/share/planning_msgs/msg/TrajectoryPoint.idl
[4.868s] -- Up-to-date: /ros2_ws/install/planning_msgs/share/planning_msgs/msg/Trajectory.idl
[4.869s] -- Up-to-date: /ros2_ws/install/planning_msgs/share/planning_msgs/msg/TargetSpeed.idl
[4.869s] -- Up-to-date: /ros2_ws/install/planning_msgs/share/planning_msgs/msg/PlanningStatus.idl
[4.869s] -- Up-to-date: /ros2_ws/install/planning_msgs/share/planning_msgs/msg/ActiveRouteContext.idl
[4.870s] -- Up-to-date: /ros2_ws/install/planning_msgs/share/planning_msgs/msg/GoalReached.idl
[4.870s] -- Up-to-date: /ros2_ws/install/planning_msgs/share/planning_msgs/msg/ParkComplete.idl
[4.870s] -- Up-to-date: /ros2_ws/install/planning_msgs/share/planning_msgs/msg/ControllerFeedback.idl
[4.871s] -- Up-to-date: /ros2_ws/install/planning_msgs/share/planning_msgs/msg/FSMRequest.idl
[4.871s] -- Up-to-date: /ros2_ws/install/planning_msgs/share/planning_msgs/msg/TrajectoryPoint.msg
[4.871s] -- Up-to-date: /ros2_ws/install/planning_msgs/share/planning_msgs/msg/Trajectory.msg
[4.872s] -- Up-to-date: /ros2_ws/install/planning_msgs/share/planning_msgs/msg/TargetSpeed.msg
[4.872s] -- Up-to-date: /ros2_ws/install/planning_msgs/share/planning_msgs/msg/PlanningStatus.msg
[4.872s] -- Up-to-date: /ros2_ws/install/planning_msgs/share/planning_msgs/msg/ActiveRouteContext.msg
[4.872s] -- Up-to-date: /ros2_ws/install/planning_msgs/share/planning_msgs/msg/GoalReached.msg
[4.873s] -- Up-to-date: /ros2_ws/install/planning_msgs/share/planning_msgs/msg/ParkComplete.msg
[4.873s] -- Up-to-date: /ros2_ws/install/planning_msgs/share/planning_msgs/msg/ControllerFeedback.msg
[4.874s] -- Up-to-date: /ros2_ws/install/planning_msgs/share/planning_msgs/msg/FSMRequest.msg
[4.874s] -- Up-to-date: /ros2_ws/install/planning_msgs/share/ament_index/resource_index/package_run_dependencies/planning_msgs
[4.874s] -- Up-to-date: /ros2_ws/install/planning_msgs/share/ament_index/resource_index/parent_prefix_path/planning_msgs
[4.874s] -- Up-to-date: /ros2_ws/install/planning_msgs/share/planning_msgs/environment/ament_prefix_path.sh
[4.874s] -- Up-to-date: /ros2_ws/install/planning_msgs/share/planning_msgs/environment/ament_prefix_path.dsv
[4.875s] -- Up-to-date: /ros2_ws/install/planning_msgs/share/planning_msgs/environment/path.sh
[4.875s] -- Up-to-date: /ros2_ws/install/planning_msgs/share/planning_msgs/environment/path.dsv
[4.876s] -- Up-to-date: /ros2_ws/install/planning_msgs/share/planning_msgs/local_setup.bash
[4.876s] -- Up-to-date: /ros2_ws/install/planning_msgs/share/planning_msgs/local_setup.sh
[4.878s] -- Up-to-date: /ros2_ws/install/planning_msgs/share/planning_msgs/local_setup.zsh
[4.879s] -- Up-to-date: /ros2_ws/install/planning_msgs/share/planning_msgs/local_setup.dsv
[4.880s] -- Installing: /ros2_ws/install/planning_msgs/share/planning_msgs/package.dsv
[4.881s] -- Up-to-date: /ros2_ws/install/planning_msgs/share/ament_index/resource_index/packages/planning_msgs
[4.882s] -- Up-to-date: /ros2_ws/install/planning_msgs/share/planning_msgs/cmake/planning_msgs__rosidl_generator_cExport.cmake
[4.882s] -- Up-to-date: /ros2_ws/install/planning_msgs/share/planning_msgs/cmake/planning_msgs__rosidl_generator_cExport-noconfig.cmake
[4.883s] -- Up-to-date: /ros2_ws/install/planning_msgs/share/planning_msgs/cmake/planning_msgs__rosidl_typesupport_introspection_cExport.cmake
[4.884s] -- Up-to-date: /ros2_ws/install/planning_msgs/share/planning_msgs/cmake/planning_msgs__rosidl_typesupport_introspection_cExport-noconfig.cmake
[4.886s] -- Up-to-date: /ros2_ws/install/planning_msgs/share/planning_msgs/cmake/planning_msgs__rosidl_typesupport_cExport.cmake
[4.886s] -- Up-to-date: /ros2_ws/install/planning_msgs/share/planning_msgs/cmake/planning_msgs__rosidl_typesupport_cExport-noconfig.cmake
[4.887s] -- Up-to-date: /ros2_ws/install/planning_msgs/share/planning_msgs/cmake/planning_msgs__rosidl_generator_cppExport.cmake
[4.887s] -- Up-to-date: /ros2_ws/install/planning_msgs/share/planning_msgs/cmake/planning_msgs__rosidl_typesupport_introspection_cppExport.cmake
[4.888s] -- Up-to-date: /ros2_ws/install/planning_msgs/share/planning_msgs/cmake/planning_msgs__rosidl_typesupport_introspection_cppExport-noconfig.cmake
[4.888s] -- Up-to-date: /ros2_ws/install/planning_msgs/share/planning_msgs/cmake/planning_msgs__rosidl_typesupport_cppExport.cmake
[4.888s] -- Up-to-date: /ros2_ws/install/planning_msgs/share/planning_msgs/cmake/planning_msgs__rosidl_typesupport_cppExport-noconfig.cmake
[4.889s] -- Up-to-date: /ros2_ws/install/planning_msgs/share/planning_msgs/cmake/rosidl_cmake-extras.cmake
[4.889s] -- Up-to-date: /ros2_ws/install/planning_msgs/share/planning_msgs/cmake/ament_cmake_export_dependencies-extras.cmake
[4.889s] -- Up-to-date: /ros2_ws/install/planning_msgs/share/planning_msgs/cmake/ament_cmake_export_libraries-extras.cmake
[4.890s] -- Up-to-date: /ros2_ws/install/planning_msgs/share/planning_msgs/cmake/ament_cmake_export_targets-extras.cmake
[4.890s] -- Up-to-date: /ros2_ws/install/planning_msgs/share/planning_msgs/cmake/ament_cmake_export_include_directories-extras.cmake
[4.891s] -- Up-to-date: /ros2_ws/install/planning_msgs/share/planning_msgs/cmake/rosidl_cmake_export_typesupport_libraries-extras.cmake
[4.892s] -- Up-to-date: /ros2_ws/install/planning_msgs/share/planning_msgs/cmake/rosidl_cmake_export_typesupport_targets-extras.cmake
[4.892s] -- Up-to-date: /ros2_ws/install/planning_msgs/share/planning_msgs/cmake/planning_msgsConfig.cmake
[4.892s] -- Up-to-date: /ros2_ws/install/planning_msgs/share/planning_msgs/cmake/planning_msgsConfig-version.cmake
[4.892s] -- Up-to-date: /ros2_ws/install/planning_msgs/share/planning_msgs/package.xml
[4.901s] Invoked command in '/ros2_ws/build/planning_msgs' returned '0': CMAKE_PREFIX_PATH=/opt/ros/foxy /usr/bin/cmake --install /ros2_ws/build/planning_msgs
