[  2%] Built target fsm_msgs__cpp
[ 12%] Built target fsm_msgs__rosidl_generator_c
[ 29%] Built target fsm_msgs__rosidl_typesupport_cpp
[ 46%] Built target fsm_msgs__rosidl_typesupport_introspection_c
[ 59%] Built target fsm_msgs__rosidl_typesupport_c
[ 59%] Built target fsm_msgs__rosidl_typesupport_introspection_cpp
[ 65%] Built target fsm_msgs__rosidl_typesupport_fastrtps_cpp
[ 76%] Built target fsm_msgs__rosidl_typesupport_fastrtps_c
[ 76%] Built target fsm_msgs
[ 78%] Built target fsm_msgs__py
[ 87%] Built target fsm_msgs__python
[ 91%] Built target fsm_msgs__rosidl_typesupport_introspection_c__pyext
[ 95%] Built target fsm_msgs__rosidl_typesupport_c__pyext
[100%] Built target fsm_msgs__rosidl_typesupport_fastrtps_c__pyext
-- Install configuration: ""
-- Up-to-date: /ros2_ws/install/fsm_msgs/share/ament_index/resource_index/rosidl_interfaces/fsm_msgs
-- Up-to-date: /ros2_ws/install/fsm_msgs/include/fsm_msgs
-- Up-to-date: /ros2_ws/install/fsm_msgs/include/fsm_msgs/msg
-- Up-to-date: /ros2_ws/install/fsm_msgs/include/fsm_msgs/msg/rosidl_generator_c__visibility_control.h
-- Up-to-date: /ros2_ws/install/fsm_msgs/include/fsm_msgs/msg/current_mode.h
-- Up-to-date: /ros2_ws/install/fsm_msgs/include/fsm_msgs/msg/fsm_event.h
-- Up-to-date: /ros2_ws/install/fsm_msgs/include/fsm_msgs/msg/mission_state.h
-- Up-to-date: /ros2_ws/install/fsm_msgs/include/fsm_msgs/msg/detail
-- Up-to-date: /ros2_ws/install/fsm_msgs/include/fsm_msgs/msg/detail/current_mode__type_support.h
-- Up-to-date: /ros2_ws/install/fsm_msgs/include/fsm_msgs/msg/detail/mission_state__struct.h
-- Up-to-date: /ros2_ws/install/fsm_msgs/include/fsm_msgs/msg/detail/fsm_event__functions.h
-- Up-to-date: /ros2_ws/install/fsm_msgs/include/fsm_msgs/msg/detail/mission_state__functions.c
-- Up-to-date: /ros2_ws/install/fsm_msgs/include/fsm_msgs/msg/detail/current_mode__functions.h
-- Up-to-date: /ros2_ws/install/fsm_msgs/include/fsm_msgs/msg/detail/fsm_event__struct.h
-- Up-to-date: /ros2_ws/install/fsm_msgs/include/fsm_msgs/msg/detail/fsm_event__type_support.h
-- Up-to-date: /ros2_ws/install/fsm_msgs/include/fsm_msgs/msg/detail/current_mode__struct.h
-- Up-to-date: /ros2_ws/install/fsm_msgs/include/fsm_msgs/msg/detail/mission_state__type_support.h
-- Up-to-date: /ros2_ws/install/fsm_msgs/include/fsm_msgs/msg/detail/current_mode__functions.c
-- Up-to-date: /ros2_ws/install/fsm_msgs/include/fsm_msgs/msg/detail/mission_state__functions.h
-- Up-to-date: /ros2_ws/install/fsm_msgs/include/fsm_msgs/msg/detail/fsm_event__functions.c
-- Up-to-date: /ros2_ws/install/fsm_msgs/share/fsm_msgs/environment/library_path.sh
-- Up-to-date: /ros2_ws/install/fsm_msgs/share/fsm_msgs/environment/library_path.dsv
-- Up-to-date: /ros2_ws/install/fsm_msgs/lib/libfsm_msgs__rosidl_generator_c.so
-- Up-to-date: /ros2_ws/install/fsm_msgs/include/fsm_msgs
-- Up-to-date: /ros2_ws/install/fsm_msgs/include/fsm_msgs/msg
-- Up-to-date: /ros2_ws/install/fsm_msgs/include/fsm_msgs/msg/detail
-- Up-to-date: /ros2_ws/install/fsm_msgs/include/fsm_msgs/msg/detail/current_mode__rosidl_typesupport_fastrtps_c.h
-- Up-to-date: /ros2_ws/install/fsm_msgs/include/fsm_msgs/msg/detail/mission_state__rosidl_typesupport_fastrtps_c.h
-- Up-to-date: /ros2_ws/install/fsm_msgs/include/fsm_msgs/msg/detail/fsm_event__rosidl_typesupport_fastrtps_c.h
-- Up-to-date: /ros2_ws/install/fsm_msgs/include/fsm_msgs/msg/rosidl_typesupport_fastrtps_c__visibility_control.h
-- Up-to-date: /ros2_ws/install/fsm_msgs/lib/libfsm_msgs__rosidl_typesupport_fastrtps_c.so
-- Up-to-date: /ros2_ws/install/fsm_msgs/include/fsm_msgs
-- Up-to-date: /ros2_ws/install/fsm_msgs/include/fsm_msgs/msg
-- Up-to-date: /ros2_ws/install/fsm_msgs/include/fsm_msgs/msg/rosidl_typesupport_fastrtps_cpp__visibility_control.h
-- Up-to-date: /ros2_ws/install/fsm_msgs/include/fsm_msgs/msg/detail
-- Up-to-date: /ros2_ws/install/fsm_msgs/include/fsm_msgs/msg/detail/current_mode__rosidl_typesupport_fastrtps_cpp.hpp
-- Up-to-date: /ros2_ws/install/fsm_msgs/include/fsm_msgs/msg/detail/dds_fastrtps
-- Up-to-date: /ros2_ws/install/fsm_msgs/include/fsm_msgs/msg/detail/fsm_event__rosidl_typesupport_fastrtps_cpp.hpp
-- Up-to-date: /ros2_ws/install/fsm_msgs/include/fsm_msgs/msg/detail/mission_state__rosidl_typesupport_fastrtps_cpp.hpp
-- Up-to-date: /ros2_ws/install/fsm_msgs/lib/libfsm_msgs__rosidl_typesupport_fastrtps_cpp.so
-- Up-to-date: /ros2_ws/install/fsm_msgs/include/fsm_msgs
-- Up-to-date: /ros2_ws/install/fsm_msgs/include/fsm_msgs/msg
-- Up-to-date: /ros2_ws/install/fsm_msgs/include/fsm_msgs/msg/detail
-- Up-to-date: /ros2_ws/install/fsm_msgs/include/fsm_msgs/msg/detail/mission_state__type_support.c
-- Up-to-date: /ros2_ws/install/fsm_msgs/include/fsm_msgs/msg/detail/mission_state__rosidl_typesupport_introspection_c.h
-- Up-to-date: /ros2_ws/install/fsm_msgs/include/fsm_msgs/msg/detail/current_mode__rosidl_typesupport_introspection_c.h
-- Up-to-date: /ros2_ws/install/fsm_msgs/include/fsm_msgs/msg/detail/current_mode__type_support.c
-- Up-to-date: /ros2_ws/install/fsm_msgs/include/fsm_msgs/msg/detail/fsm_event__rosidl_typesupport_introspection_c.h
-- Up-to-date: /ros2_ws/install/fsm_msgs/include/fsm_msgs/msg/detail/fsm_event__type_support.c
-- Up-to-date: /ros2_ws/install/fsm_msgs/include/fsm_msgs/msg/rosidl_typesupport_introspection_c__visibility_control.h
-- Up-to-date: /ros2_ws/install/fsm_msgs/lib/libfsm_msgs__rosidl_typesupport_introspection_c.so
-- Up-to-date: /ros2_ws/install/fsm_msgs/lib/libfsm_msgs__rosidl_typesupport_c.so
-- Up-to-date: /ros2_ws/install/fsm_msgs/include/fsm_msgs
-- Up-to-date: /ros2_ws/install/fsm_msgs/include/fsm_msgs/msg
-- Up-to-date: /ros2_ws/install/fsm_msgs/include/fsm_msgs/msg/fsm_event.hpp
-- Up-to-date: /ros2_ws/install/fsm_msgs/include/fsm_msgs/msg/current_mode.hpp
-- Up-to-date: /ros2_ws/install/fsm_msgs/include/fsm_msgs/msg/mission_state.hpp
-- Up-to-date: /ros2_ws/install/fsm_msgs/include/fsm_msgs/msg/detail
-- Up-to-date: /ros2_ws/install/fsm_msgs/include/fsm_msgs/msg/detail/mission_state__type_support.hpp
-- Up-to-date: /ros2_ws/install/fsm_msgs/include/fsm_msgs/msg/detail/mission_state__builder.hpp
-- Up-to-date: /ros2_ws/install/fsm_msgs/include/fsm_msgs/msg/detail/mission_state__traits.hpp
-- Up-to-date: /ros2_ws/install/fsm_msgs/include/fsm_msgs/msg/detail/fsm_event__struct.hpp
-- Up-to-date: /ros2_ws/install/fsm_msgs/include/fsm_msgs/msg/detail/current_mode__struct.hpp
-- Up-to-date: /ros2_ws/install/fsm_msgs/include/fsm_msgs/msg/detail/current_mode__type_support.hpp
-- Up-to-date: /ros2_ws/install/fsm_msgs/include/fsm_msgs/msg/detail/fsm_event__type_support.hpp
-- Up-to-date: /ros2_ws/install/fsm_msgs/include/fsm_msgs/msg/detail/fsm_event__traits.hpp
-- Up-to-date: /ros2_ws/install/fsm_msgs/include/fsm_msgs/msg/detail/current_mode__builder.hpp
-- Up-to-date: /ros2_ws/install/fsm_msgs/include/fsm_msgs/msg/detail/mission_state__struct.hpp
-- Up-to-date: /ros2_ws/install/fsm_msgs/include/fsm_msgs/msg/detail/fsm_event__builder.hpp
-- Up-to-date: /ros2_ws/install/fsm_msgs/include/fsm_msgs/msg/detail/current_mode__traits.hpp
-- Up-to-date: /ros2_ws/install/fsm_msgs/include/fsm_msgs/msg/rosidl_generator_cpp__visibility_control.hpp
-- Up-to-date: /ros2_ws/install/fsm_msgs/include/fsm_msgs
-- Up-to-date: /ros2_ws/install/fsm_msgs/include/fsm_msgs/msg
-- Up-to-date: /ros2_ws/install/fsm_msgs/include/fsm_msgs/msg/detail
-- Up-to-date: /ros2_ws/install/fsm_msgs/include/fsm_msgs/msg/detail/current_mode__rosidl_typesupport_introspection_cpp.hpp
-- Up-to-date: /ros2_ws/install/fsm_msgs/include/fsm_msgs/msg/detail/fsm_event__type_support.cpp
-- Up-to-date: /ros2_ws/install/fsm_msgs/include/fsm_msgs/msg/detail/fsm_event__rosidl_typesupport_introspection_cpp.hpp
-- Up-to-date: /ros2_ws/install/fsm_msgs/include/fsm_msgs/msg/detail/current_mode__type_support.cpp
-- Up-to-date: /ros2_ws/install/fsm_msgs/include/fsm_msgs/msg/detail/mission_state__rosidl_typesupport_introspection_cpp.hpp
-- Up-to-date: /ros2_ws/install/fsm_msgs/include/fsm_msgs/msg/detail/mission_state__type_support.cpp
-- Up-to-date: /ros2_ws/install/fsm_msgs/lib/libfsm_msgs__rosidl_typesupport_introspection_cpp.so
-- Up-to-date: /ros2_ws/install/fsm_msgs/lib/libfsm_msgs__rosidl_typesupport_cpp.so
-- Up-to-date: /ros2_ws/install/fsm_msgs/share/fsm_msgs/environment/pythonpath.sh
-- Up-to-date: /ros2_ws/install/fsm_msgs/share/fsm_msgs/environment/pythonpath.dsv
-- Up-to-date: /ros2_ws/install/fsm_msgs/lib/python3.8/site-packages/fsm_msgs/__init__.py
-- Up-to-date: /ros2_ws/install/fsm_msgs/lib/python3.8/site-packages/fsm_msgs/msg
-- Up-to-date: /ros2_ws/install/fsm_msgs/lib/python3.8/site-packages/fsm_msgs/msg/_current_mode.py
-- Up-to-date: /ros2_ws/install/fsm_msgs/lib/python3.8/site-packages/fsm_msgs/msg/_fsm_event.py
-- Up-to-date: /ros2_ws/install/fsm_msgs/lib/python3.8/site-packages/fsm_msgs/msg/_mission_state_s.c
-- Up-to-date: /ros2_ws/install/fsm_msgs/lib/python3.8/site-packages/fsm_msgs/msg/__init__.py
-- Up-to-date: /ros2_ws/install/fsm_msgs/lib/python3.8/site-packages/fsm_msgs/msg/_fsm_event_s.c
-- Up-to-date: /ros2_ws/install/fsm_msgs/lib/python3.8/site-packages/fsm_msgs/msg/_mission_state.py
-- Up-to-date: /ros2_ws/install/fsm_msgs/lib/python3.8/site-packages/fsm_msgs/msg/_current_mode_s.c
-- Up-to-date: /ros2_ws/install/fsm_msgs/lib/python3.8/site-packages/fsm_msgs/fsm_msgs_s__rosidl_typesupport_fastrtps_c.cpython-38-x86_64-linux-gnu.so
-- Up-to-date: /ros2_ws/install/fsm_msgs/lib/python3.8/site-packages/fsm_msgs/fsm_msgs_s__rosidl_typesupport_introspection_c.cpython-38-x86_64-linux-gnu.so
-- Up-to-date: /ros2_ws/install/fsm_msgs/lib/python3.8/site-packages/fsm_msgs/fsm_msgs_s__rosidl_typesupport_c.cpython-38-x86_64-linux-gnu.so
-- Up-to-date: /ros2_ws/install/fsm_msgs/lib/libfsm_msgs__python.so
-- Up-to-date: /ros2_ws/install/fsm_msgs/share/fsm_msgs/msg/CurrentMode.idl
-- Up-to-date: /ros2_ws/install/fsm_msgs/share/fsm_msgs/msg/MissionState.idl
-- Up-to-date: /ros2_ws/install/fsm_msgs/share/fsm_msgs/msg/FSMEvent.idl
-- Up-to-date: /ros2_ws/install/fsm_msgs/share/fsm_msgs/msg/CurrentMode.msg
-- Up-to-date: /ros2_ws/install/fsm_msgs/share/fsm_msgs/msg/MissionState.msg
-- Up-to-date: /ros2_ws/install/fsm_msgs/share/fsm_msgs/msg/FSMEvent.msg
-- Up-to-date: /ros2_ws/install/fsm_msgs/share/ament_index/resource_index/package_run_dependencies/fsm_msgs
-- Up-to-date: /ros2_ws/install/fsm_msgs/share/ament_index/resource_index/parent_prefix_path/fsm_msgs
-- Up-to-date: /ros2_ws/install/fsm_msgs/share/fsm_msgs/environment/ament_prefix_path.sh
-- Up-to-date: /ros2_ws/install/fsm_msgs/share/fsm_msgs/environment/ament_prefix_path.dsv
-- Up-to-date: /ros2_ws/install/fsm_msgs/share/fsm_msgs/environment/path.sh
-- Up-to-date: /ros2_ws/install/fsm_msgs/share/fsm_msgs/environment/path.dsv
-- Up-to-date: /ros2_ws/install/fsm_msgs/share/fsm_msgs/local_setup.bash
-- Up-to-date: /ros2_ws/install/fsm_msgs/share/fsm_msgs/local_setup.sh
-- Up-to-date: /ros2_ws/install/fsm_msgs/share/fsm_msgs/local_setup.zsh
-- Up-to-date: /ros2_ws/install/fsm_msgs/share/fsm_msgs/local_setup.dsv
-- Installing: /ros2_ws/install/fsm_msgs/share/fsm_msgs/package.dsv
-- Up-to-date: /ros2_ws/install/fsm_msgs/share/ament_index/resource_index/packages/fsm_msgs
-- Up-to-date: /ros2_ws/install/fsm_msgs/share/fsm_msgs/cmake/fsm_msgs__rosidl_generator_cExport.cmake
-- Up-to-date: /ros2_ws/install/fsm_msgs/share/fsm_msgs/cmake/fsm_msgs__rosidl_generator_cExport-noconfig.cmake
-- Up-to-date: /ros2_ws/install/fsm_msgs/share/fsm_msgs/cmake/fsm_msgs__rosidl_typesupport_introspection_cExport.cmake
-- Up-to-date: /ros2_ws/install/fsm_msgs/share/fsm_msgs/cmake/fsm_msgs__rosidl_typesupport_introspection_cExport-noconfig.cmake
-- Up-to-date: /ros2_ws/install/fsm_msgs/share/fsm_msgs/cmake/fsm_msgs__rosidl_typesupport_cExport.cmake
-- Up-to-date: /ros2_ws/install/fsm_msgs/share/fsm_msgs/cmake/fsm_msgs__rosidl_typesupport_cExport-noconfig.cmake
-- Up-to-date: /ros2_ws/install/fsm_msgs/share/fsm_msgs/cmake/fsm_msgs__rosidl_generator_cppExport.cmake
-- Up-to-date: /ros2_ws/install/fsm_msgs/share/fsm_msgs/cmake/fsm_msgs__rosidl_typesupport_introspection_cppExport.cmake
-- Up-to-date: /ros2_ws/install/fsm_msgs/share/fsm_msgs/cmake/fsm_msgs__rosidl_typesupport_introspection_cppExport-noconfig.cmake
-- Up-to-date: /ros2_ws/install/fsm_msgs/share/fsm_msgs/cmake/fsm_msgs__rosidl_typesupport_cppExport.cmake
-- Up-to-date: /ros2_ws/install/fsm_msgs/share/fsm_msgs/cmake/fsm_msgs__rosidl_typesupport_cppExport-noconfig.cmake
-- Up-to-date: /ros2_ws/install/fsm_msgs/share/fsm_msgs/cmake/rosidl_cmake-extras.cmake
-- Up-to-date: /ros2_ws/install/fsm_msgs/share/fsm_msgs/cmake/ament_cmake_export_dependencies-extras.cmake
-- Up-to-date: /ros2_ws/install/fsm_msgs/share/fsm_msgs/cmake/ament_cmake_export_libraries-extras.cmake
-- Up-to-date: /ros2_ws/install/fsm_msgs/share/fsm_msgs/cmake/ament_cmake_export_targets-extras.cmake
-- Up-to-date: /ros2_ws/install/fsm_msgs/share/fsm_msgs/cmake/ament_cmake_export_include_directories-extras.cmake
-- Up-to-date: /ros2_ws/install/fsm_msgs/share/fsm_msgs/cmake/rosidl_cmake_export_typesupport_libraries-extras.cmake
-- Up-to-date: /ros2_ws/install/fsm_msgs/share/fsm_msgs/cmake/rosidl_cmake_export_typesupport_targets-extras.cmake
-- Up-to-date: /ros2_ws/install/fsm_msgs/share/fsm_msgs/cmake/fsm_msgsConfig.cmake
-- Up-to-date: /ros2_ws/install/fsm_msgs/share/fsm_msgs/cmake/fsm_msgsConfig-version.cmake
-- Up-to-date: /ros2_ws/install/fsm_msgs/share/fsm_msgs/package.xml
