[0.067s] Invoking command in '/ros2_ws/build/fsm_msgs': CMAKE_PREFIX_PATH=/opt/ros/foxy /usr/bin/cmake --build /ros2_ws/build/fsm_msgs -- -j10 -l10
[0.429s] [  2%] Built target fsm_msgs__cpp
[0.472s] [ 12%] Built target fsm_msgs__rosidl_generator_c
[0.909s] [ 29%] Built target fsm_msgs__rosidl_typesupport_cpp
[0.921s] [ 46%] Built target fsm_msgs__rosidl_typesupport_introspection_c
[0.926s] [ 59%] Built target fsm_msgs__rosidl_typesupport_c
[0.929s] [ 59%] Built target fsm_msgs__rosidl_typesupport_introspection_cpp
[0.936s] [ 65%] Built target fsm_msgs__rosidl_typesupport_fastrtps_cpp
[1.134s] [ 76%] Built target fsm_msgs__rosidl_typesupport_fastrtps_c
[1.269s] [ 76%] Built target fsm_msgs
[1.425s] [ 78%] Built target fsm_msgs__py
[1.571s] [ 87%] Built target fsm_msgs__python
[1.750s] [ 91%] Built target fsm_msgs__rosidl_typesupport_introspection_c__pyext
[1.776s] [ 95%] Built target fsm_msgs__rosidl_typesupport_c__pyext
[1.783s] [100%] Built target fsm_msgs__rosidl_typesupport_fastrtps_c__pyext
[1.839s] Invoked command in '/ros2_ws/build/fsm_msgs' returned '0': CMAKE_PREFIX_PATH=/opt/ros/foxy /usr/bin/cmake --build /ros2_ws/build/fsm_msgs -- -j10 -l10
[3.132s] Invoking command in '/ros2_ws/build/fsm_msgs': CMAKE_PREFIX_PATH=/opt/ros/foxy /usr/bin/cmake --install /ros2_ws/build/fsm_msgs
[3.167s] -- Install configuration: ""
[3.169s] -- Up-to-date: /ros2_ws/install/fsm_msgs/share/ament_index/resource_index/rosidl_interfaces/fsm_msgs
[3.170s] -- Up-to-date: /ros2_ws/install/fsm_msgs/include/fsm_msgs
[3.171s] -- Up-to-date: /ros2_ws/install/fsm_msgs/include/fsm_msgs/msg
[3.172s] -- Up-to-date: /ros2_ws/install/fsm_msgs/include/fsm_msgs/msg/rosidl_generator_c__visibility_control.h
[3.173s] -- Up-to-date: /ros2_ws/install/fsm_msgs/include/fsm_msgs/msg/current_mode.h
[3.174s] -- Up-to-date: /ros2_ws/install/fsm_msgs/include/fsm_msgs/msg/fsm_event.h
[3.174s] -- Up-to-date: /ros2_ws/install/fsm_msgs/include/fsm_msgs/msg/mission_state.h
[3.175s] -- Up-to-date: /ros2_ws/install/fsm_msgs/include/fsm_msgs/msg/detail
[3.176s] -- Up-to-date: /ros2_ws/install/fsm_msgs/include/fsm_msgs/msg/detail/current_mode__type_support.h
[3.180s] -- Up-to-date: /ros2_ws/install/fsm_msgs/include/fsm_msgs/msg/detail/mission_state__struct.h
[3.180s] -- Up-to-date: /ros2_ws/install/fsm_msgs/include/fsm_msgs/msg/detail/fsm_event__functions.h
[3.181s] -- Up-to-date: /ros2_ws/install/fsm_msgs/include/fsm_msgs/msg/detail/mission_state__functions.c
[3.182s] -- Up-to-date: /ros2_ws/install/fsm_msgs/include/fsm_msgs/msg/detail/current_mode__functions.h
[3.183s] -- Up-to-date: /ros2_ws/install/fsm_msgs/include/fsm_msgs/msg/detail/fsm_event__struct.h
[3.183s] -- Up-to-date: /ros2_ws/install/fsm_msgs/include/fsm_msgs/msg/detail/fsm_event__type_support.h
[3.184s] -- Up-to-date: /ros2_ws/install/fsm_msgs/include/fsm_msgs/msg/detail/current_mode__struct.h
[3.184s] -- Up-to-date: /ros2_ws/install/fsm_msgs/include/fsm_msgs/msg/detail/mission_state__type_support.h
[3.184s] -- Up-to-date: /ros2_ws/install/fsm_msgs/include/fsm_msgs/msg/detail/current_mode__functions.c
[3.185s] -- Up-to-date: /ros2_ws/install/fsm_msgs/include/fsm_msgs/msg/detail/mission_state__functions.h
[3.185s] -- Up-to-date: /ros2_ws/install/fsm_msgs/include/fsm_msgs/msg/detail/fsm_event__functions.c
[3.185s] -- Up-to-date: /ros2_ws/install/fsm_msgs/share/fsm_msgs/environment/library_path.sh
[3.185s] -- Up-to-date: /ros2_ws/install/fsm_msgs/share/fsm_msgs/environment/library_path.dsv
[3.187s] -- Up-to-date: /ros2_ws/install/fsm_msgs/lib/libfsm_msgs__rosidl_generator_c.so
[3.188s] -- Up-to-date: /ros2_ws/install/fsm_msgs/include/fsm_msgs
[3.189s] -- Up-to-date: /ros2_ws/install/fsm_msgs/include/fsm_msgs/msg
[3.190s] -- Up-to-date: /ros2_ws/install/fsm_msgs/include/fsm_msgs/msg/detail
[3.190s] -- Up-to-date: /ros2_ws/install/fsm_msgs/include/fsm_msgs/msg/detail/current_mode__rosidl_typesupport_fastrtps_c.h
[3.190s] -- Up-to-date: /ros2_ws/install/fsm_msgs/include/fsm_msgs/msg/detail/mission_state__rosidl_typesupport_fastrtps_c.h
[3.191s] -- Up-to-date: /ros2_ws/install/fsm_msgs/include/fsm_msgs/msg/detail/fsm_event__rosidl_typesupport_fastrtps_c.h
[3.192s] -- Up-to-date: /ros2_ws/install/fsm_msgs/include/fsm_msgs/msg/rosidl_typesupport_fastrtps_c__visibility_control.h
[3.194s] -- Up-to-date: /ros2_ws/install/fsm_msgs/lib/libfsm_msgs__rosidl_typesupport_fastrtps_c.so
[3.200s] -- Up-to-date: /ros2_ws/install/fsm_msgs/include/fsm_msgs
[3.200s] -- Up-to-date: /ros2_ws/install/fsm_msgs/include/fsm_msgs/msg
[3.200s] -- Up-to-date: /ros2_ws/install/fsm_msgs/include/fsm_msgs/msg/rosidl_typesupport_fastrtps_cpp__visibility_control.h
[3.201s] -- Up-to-date: /ros2_ws/install/fsm_msgs/include/fsm_msgs/msg/detail
[3.203s] -- Up-to-date: /ros2_ws/install/fsm_msgs/include/fsm_msgs/msg/detail/current_mode__rosidl_typesupport_fastrtps_cpp.hpp
[3.204s] -- Up-to-date: /ros2_ws/install/fsm_msgs/include/fsm_msgs/msg/detail/dds_fastrtps
[3.204s] -- Up-to-date: /ros2_ws/install/fsm_msgs/include/fsm_msgs/msg/detail/fsm_event__rosidl_typesupport_fastrtps_cpp.hpp
[3.205s] -- Up-to-date: /ros2_ws/install/fsm_msgs/include/fsm_msgs/msg/detail/mission_state__rosidl_typesupport_fastrtps_cpp.hpp
[3.206s] -- Up-to-date: /ros2_ws/install/fsm_msgs/lib/libfsm_msgs__rosidl_typesupport_fastrtps_cpp.so
[3.207s] -- Up-to-date: /ros2_ws/install/fsm_msgs/include/fsm_msgs
[3.207s] -- Up-to-date: /ros2_ws/install/fsm_msgs/include/fsm_msgs/msg
[3.207s] -- Up-to-date: /ros2_ws/install/fsm_msgs/include/fsm_msgs/msg/detail
[3.208s] -- Up-to-date: /ros2_ws/install/fsm_msgs/include/fsm_msgs/msg/detail/mission_state__type_support.c
[3.209s] -- Up-to-date: /ros2_ws/install/fsm_msgs/include/fsm_msgs/msg/detail/mission_state__rosidl_typesupport_introspection_c.h
[3.209s] -- Up-to-date: /ros2_ws/install/fsm_msgs/include/fsm_msgs/msg/detail/current_mode__rosidl_typesupport_introspection_c.h
[3.210s] -- Up-to-date: /ros2_ws/install/fsm_msgs/include/fsm_msgs/msg/detail/current_mode__type_support.c
[3.210s] -- Up-to-date: /ros2_ws/install/fsm_msgs/include/fsm_msgs/msg/detail/fsm_event__rosidl_typesupport_introspection_c.h
[3.212s] -- Up-to-date: /ros2_ws/install/fsm_msgs/include/fsm_msgs/msg/detail/fsm_event__type_support.c
[3.212s] -- Up-to-date: /ros2_ws/install/fsm_msgs/include/fsm_msgs/msg/rosidl_typesupport_introspection_c__visibility_control.h
[3.212s] -- Up-to-date: /ros2_ws/install/fsm_msgs/lib/libfsm_msgs__rosidl_typesupport_introspection_c.so
[3.214s] -- Up-to-date: /ros2_ws/install/fsm_msgs/lib/libfsm_msgs__rosidl_typesupport_c.so
[3.215s] -- Up-to-date: /ros2_ws/install/fsm_msgs/include/fsm_msgs
[3.216s] -- Up-to-date: /ros2_ws/install/fsm_msgs/include/fsm_msgs/msg
[3.216s] -- Up-to-date: /ros2_ws/install/fsm_msgs/include/fsm_msgs/msg/fsm_event.hpp
[3.217s] -- Up-to-date: /ros2_ws/install/fsm_msgs/include/fsm_msgs/msg/current_mode.hpp
[3.217s] -- Up-to-date: /ros2_ws/install/fsm_msgs/include/fsm_msgs/msg/mission_state.hpp
[3.218s] -- Up-to-date: /ros2_ws/install/fsm_msgs/include/fsm_msgs/msg/detail
[3.219s] -- Up-to-date: /ros2_ws/install/fsm_msgs/include/fsm_msgs/msg/detail/mission_state__type_support.hpp
[3.219s] -- Up-to-date: /ros2_ws/install/fsm_msgs/include/fsm_msgs/msg/detail/mission_state__builder.hpp
[3.220s] -- Up-to-date: /ros2_ws/install/fsm_msgs/include/fsm_msgs/msg/detail/mission_state__traits.hpp
[3.220s] -- Up-to-date: /ros2_ws/install/fsm_msgs/include/fsm_msgs/msg/detail/fsm_event__struct.hpp
[3.221s] -- Up-to-date: /ros2_ws/install/fsm_msgs/include/fsm_msgs/msg/detail/current_mode__struct.hpp
[3.221s] -- Up-to-date: /ros2_ws/install/fsm_msgs/include/fsm_msgs/msg/detail/current_mode__type_support.hpp
[3.222s] -- Up-to-date: /ros2_ws/install/fsm_msgs/include/fsm_msgs/msg/detail/fsm_event__type_support.hpp
[3.222s] -- Up-to-date: /ros2_ws/install/fsm_msgs/include/fsm_msgs/msg/detail/fsm_event__traits.hpp
[3.223s] -- Up-to-date: /ros2_ws/install/fsm_msgs/include/fsm_msgs/msg/detail/current_mode__builder.hpp
[3.224s] -- Up-to-date: /ros2_ws/install/fsm_msgs/include/fsm_msgs/msg/detail/mission_state__struct.hpp
[3.224s] -- Up-to-date: /ros2_ws/install/fsm_msgs/include/fsm_msgs/msg/detail/fsm_event__builder.hpp
[3.225s] -- Up-to-date: /ros2_ws/install/fsm_msgs/include/fsm_msgs/msg/detail/current_mode__traits.hpp
[3.225s] -- Up-to-date: /ros2_ws/install/fsm_msgs/include/fsm_msgs/msg/rosidl_generator_cpp__visibility_control.hpp
[3.226s] -- Up-to-date: /ros2_ws/install/fsm_msgs/include/fsm_msgs
[3.226s] -- Up-to-date: /ros2_ws/install/fsm_msgs/include/fsm_msgs/msg
[3.226s] -- Up-to-date: /ros2_ws/install/fsm_msgs/include/fsm_msgs/msg/detail
[3.227s] -- Up-to-date: /ros2_ws/install/fsm_msgs/include/fsm_msgs/msg/detail/current_mode__rosidl_typesupport_introspection_cpp.hpp
[3.228s] -- Up-to-date: /ros2_ws/install/fsm_msgs/include/fsm_msgs/msg/detail/fsm_event__type_support.cpp
[3.228s] -- Up-to-date: /ros2_ws/install/fsm_msgs/include/fsm_msgs/msg/detail/fsm_event__rosidl_typesupport_introspection_cpp.hpp
[3.229s] -- Up-to-date: /ros2_ws/install/fsm_msgs/include/fsm_msgs/msg/detail/current_mode__type_support.cpp
[3.229s] -- Up-to-date: /ros2_ws/install/fsm_msgs/include/fsm_msgs/msg/detail/mission_state__rosidl_typesupport_introspection_cpp.hpp
[3.230s] -- Up-to-date: /ros2_ws/install/fsm_msgs/include/fsm_msgs/msg/detail/mission_state__type_support.cpp
[3.231s] -- Up-to-date: /ros2_ws/install/fsm_msgs/lib/libfsm_msgs__rosidl_typesupport_introspection_cpp.so
[3.231s] -- Up-to-date: /ros2_ws/install/fsm_msgs/lib/libfsm_msgs__rosidl_typesupport_cpp.so
[3.232s] -- Up-to-date: /ros2_ws/install/fsm_msgs/share/fsm_msgs/environment/pythonpath.sh
[3.235s] -- Up-to-date: /ros2_ws/install/fsm_msgs/share/fsm_msgs/environment/pythonpath.dsv
[3.236s] -- Up-to-date: /ros2_ws/install/fsm_msgs/lib/python3.8/site-packages/fsm_msgs/__init__.py
[3.323s] -- Up-to-date: /ros2_ws/install/fsm_msgs/lib/python3.8/site-packages/fsm_msgs/msg
[3.324s] -- Up-to-date: /ros2_ws/install/fsm_msgs/lib/python3.8/site-packages/fsm_msgs/msg/_current_mode.py
[3.324s] -- Up-to-date: /ros2_ws/install/fsm_msgs/lib/python3.8/site-packages/fsm_msgs/msg/_fsm_event.py
[3.325s] -- Up-to-date: /ros2_ws/install/fsm_msgs/lib/python3.8/site-packages/fsm_msgs/msg/_mission_state_s.c
[3.325s] -- Up-to-date: /ros2_ws/install/fsm_msgs/lib/python3.8/site-packages/fsm_msgs/msg/__init__.py
[3.325s] -- Up-to-date: /ros2_ws/install/fsm_msgs/lib/python3.8/site-packages/fsm_msgs/msg/_fsm_event_s.c
[3.325s] -- Up-to-date: /ros2_ws/install/fsm_msgs/lib/python3.8/site-packages/fsm_msgs/msg/_mission_state.py
[3.328s] -- Up-to-date: /ros2_ws/install/fsm_msgs/lib/python3.8/site-packages/fsm_msgs/msg/_current_mode_s.c
[3.329s] -- Up-to-date: /ros2_ws/install/fsm_msgs/lib/python3.8/site-packages/fsm_msgs/fsm_msgs_s__rosidl_typesupport_fastrtps_c.cpython-38-x86_64-linux-gnu.so
[3.330s] -- Up-to-date: /ros2_ws/install/fsm_msgs/lib/python3.8/site-packages/fsm_msgs/fsm_msgs_s__rosidl_typesupport_introspection_c.cpython-38-x86_64-linux-gnu.so
[3.332s] -- Up-to-date: /ros2_ws/install/fsm_msgs/lib/python3.8/site-packages/fsm_msgs/fsm_msgs_s__rosidl_typesupport_c.cpython-38-x86_64-linux-gnu.so
[3.333s] -- Up-to-date: /ros2_ws/install/fsm_msgs/lib/libfsm_msgs__python.so
[3.334s] -- Up-to-date: /ros2_ws/install/fsm_msgs/share/fsm_msgs/msg/CurrentMode.idl
[3.334s] -- Up-to-date: /ros2_ws/install/fsm_msgs/share/fsm_msgs/msg/MissionState.idl
[3.335s] -- Up-to-date: /ros2_ws/install/fsm_msgs/share/fsm_msgs/msg/FSMEvent.idl
[3.335s] -- Up-to-date: /ros2_ws/install/fsm_msgs/share/fsm_msgs/msg/CurrentMode.msg
[3.336s] -- Up-to-date: /ros2_ws/install/fsm_msgs/share/fsm_msgs/msg/MissionState.msg
[3.336s] -- Up-to-date: /ros2_ws/install/fsm_msgs/share/fsm_msgs/msg/FSMEvent.msg
[3.337s] -- Up-to-date: /ros2_ws/install/fsm_msgs/share/ament_index/resource_index/package_run_dependencies/fsm_msgs
[3.337s] -- Up-to-date: /ros2_ws/install/fsm_msgs/share/ament_index/resource_index/parent_prefix_path/fsm_msgs
[3.338s] -- Up-to-date: /ros2_ws/install/fsm_msgs/share/fsm_msgs/environment/ament_prefix_path.sh
[3.338s] -- Up-to-date: /ros2_ws/install/fsm_msgs/share/fsm_msgs/environment/ament_prefix_path.dsv
[3.339s] -- Up-to-date: /ros2_ws/install/fsm_msgs/share/fsm_msgs/environment/path.sh
[3.339s] -- Up-to-date: /ros2_ws/install/fsm_msgs/share/fsm_msgs/environment/path.dsv
[3.340s] -- Up-to-date: /ros2_ws/install/fsm_msgs/share/fsm_msgs/local_setup.bash
[3.341s] -- Up-to-date: /ros2_ws/install/fsm_msgs/share/fsm_msgs/local_setup.sh
[3.341s] -- Up-to-date: /ros2_ws/install/fsm_msgs/share/fsm_msgs/local_setup.zsh
[3.343s] -- Up-to-date: /ros2_ws/install/fsm_msgs/share/fsm_msgs/local_setup.dsv
[3.344s] -- Installing: /ros2_ws/install/fsm_msgs/share/fsm_msgs/package.dsv
[3.345s] -- Up-to-date: /ros2_ws/install/fsm_msgs/share/ament_index/resource_index/packages/fsm_msgs
[3.347s] -- Up-to-date: /ros2_ws/install/fsm_msgs/share/fsm_msgs/cmake/fsm_msgs__rosidl_generator_cExport.cmake
[3.347s] -- Up-to-date: /ros2_ws/install/fsm_msgs/share/fsm_msgs/cmake/fsm_msgs__rosidl_generator_cExport-noconfig.cmake
[3.348s] -- Up-to-date: /ros2_ws/install/fsm_msgs/share/fsm_msgs/cmake/fsm_msgs__rosidl_typesupport_introspection_cExport.cmake
[3.348s] -- Up-to-date: /ros2_ws/install/fsm_msgs/share/fsm_msgs/cmake/fsm_msgs__rosidl_typesupport_introspection_cExport-noconfig.cmake
[3.351s] -- Up-to-date: /ros2_ws/install/fsm_msgs/share/fsm_msgs/cmake/fsm_msgs__rosidl_typesupport_cExport.cmake
[3.353s] -- Up-to-date: /ros2_ws/install/fsm_msgs/share/fsm_msgs/cmake/fsm_msgs__rosidl_typesupport_cExport-noconfig.cmake
[3.355s] -- Up-to-date: /ros2_ws/install/fsm_msgs/share/fsm_msgs/cmake/fsm_msgs__rosidl_generator_cppExport.cmake
[3.356s] -- Up-to-date: /ros2_ws/install/fsm_msgs/share/fsm_msgs/cmake/fsm_msgs__rosidl_typesupport_introspection_cppExport.cmake
[3.357s] -- Up-to-date: /ros2_ws/install/fsm_msgs/share/fsm_msgs/cmake/fsm_msgs__rosidl_typesupport_introspection_cppExport-noconfig.cmake
[3.358s] -- Up-to-date: /ros2_ws/install/fsm_msgs/share/fsm_msgs/cmake/fsm_msgs__rosidl_typesupport_cppExport.cmake
[3.359s] -- Up-to-date: /ros2_ws/install/fsm_msgs/share/fsm_msgs/cmake/fsm_msgs__rosidl_typesupport_cppExport-noconfig.cmake
[3.360s] -- Up-to-date: /ros2_ws/install/fsm_msgs/share/fsm_msgs/cmake/rosidl_cmake-extras.cmake
[3.360s] -- Up-to-date: /ros2_ws/install/fsm_msgs/share/fsm_msgs/cmake/ament_cmake_export_dependencies-extras.cmake
[3.360s] -- Up-to-date: /ros2_ws/install/fsm_msgs/share/fsm_msgs/cmake/ament_cmake_export_libraries-extras.cmake
[3.361s] -- Up-to-date: /ros2_ws/install/fsm_msgs/share/fsm_msgs/cmake/ament_cmake_export_targets-extras.cmake
[3.361s] -- Up-to-date: /ros2_ws/install/fsm_msgs/share/fsm_msgs/cmake/ament_cmake_export_include_directories-extras.cmake
[3.362s] -- Up-to-date: /ros2_ws/install/fsm_msgs/share/fsm_msgs/cmake/rosidl_cmake_export_typesupport_libraries-extras.cmake
[3.363s] -- Up-to-date: /ros2_ws/install/fsm_msgs/share/fsm_msgs/cmake/rosidl_cmake_export_typesupport_targets-extras.cmake
[3.363s] -- Up-to-date: /ros2_ws/install/fsm_msgs/share/fsm_msgs/cmake/fsm_msgsConfig.cmake
[3.363s] -- Up-to-date: /ros2_ws/install/fsm_msgs/share/fsm_msgs/cmake/fsm_msgsConfig-version.cmake
[3.363s] -- Up-to-date: /ros2_ws/install/fsm_msgs/share/fsm_msgs/package.xml
[3.371s] Invoked command in '/ros2_ws/build/fsm_msgs' returned '0': CMAKE_PREFIX_PATH=/opt/ros/foxy /usr/bin/cmake --install /ros2_ws/build/fsm_msgs
