running egg_info
writing ../../build/cengaver_controller/cengaver_controller.egg-info/PKG-INFO
writing dependency_links to ../../build/cengaver_controller/cengaver_controller.egg-info/dependency_links.txt
writing entry points to ../../build/cengaver_controller/cengaver_controller.egg-info/entry_points.txt
writing requirements to ../../build/cengaver_controller/cengaver_controller.egg-info/requires.txt
writing top-level names to ../../build/cengaver_controller/cengaver_controller.egg-info/top_level.txt
reading manifest file '../../build/cengaver_controller/cengaver_controller.egg-info/SOURCES.txt'
writing manifest file '../../build/cengaver_controller/cengaver_controller.egg-info/SOURCES.txt'
running build
running build_py
running install
running install_lib
running install_data
copying resource/cengaver_controller -> /ros2_ws/install/cengaver_controller/share/ament_index/resource_index/packages
copying package.xml -> /ros2_ws/install/cengaver_controller/share/cengaver_controller
creating /ros2_ws/install/cengaver_controller/share/cengaver_controller/launch
copying launch/controller.launch.py -> /ros2_ws/install/cengaver_controller/share/cengaver_controller/launch
creating /ros2_ws/install/cengaver_controller/share/cengaver_controller/config
running install_egg_info
Copying ../../build/cengaver_controller/cengaver_controller.egg-info to /ros2_ws/install/cengaver_controller/lib/python3.8/site-packages/cengaver_controller-1.0.0-py3.8.egg-info
running install_scripts
Installing controller_feedback_node script to /ros2_ws/install/cengaver_controller/lib/cengaver_controller
Installing controller_node script to /ros2_ws/install/cengaver_controller/lib/cengaver_controller
writing list of installed files to '/ros2_ws/build/cengaver_controller/install.log'
