[0.052s] Invoking command in '/ros2_ws/build/fsm_msgs': CMAKE_PREFIX_PATH=/opt/ros/foxy /usr/bin/cmake --build /ros2_ws/build/fsm_msgs -- -j10 -l10
[0.400s] [ 10%] Built target fsm_msgs__rosidl_generator_c
[0.439s] [ 12%] Built target fsm_msgs__cpp
[0.781s] [ 29%] Built target fsm_msgs__rosidl_typesupport_cpp
[0.786s] [ 34%] Built target fsm_msgs__rosidl_typesupport_c
[0.827s] [ 44%] Built target fsm_msgs__rosidl_typesupport_introspection_cpp
[0.835s] [ 59%] Built target fsm_msgs__rosidl_typesupport_introspection_c
[0.837s] [ 65%] Built target fsm_msgs__rosidl_typesupport_fastrtps_cpp
[1.001s] [ 76%] Built target fsm_msgs__rosidl_typesupport_fastrtps_c
[1.138s] [ 76%] Built target fsm_msgs
[1.276s] [ 78%] Built target fsm_msgs__py
[1.459s] [ 87%] Built target fsm_msgs__python
[1.696s] [ 95%] Built target fsm_msgs__rosidl_typesupport_fastrtps_c__pyext
[1.699s] [ 95%] Built target fsm_msgs__rosidl_typesupport_c__pyext
[1.713s] [100%] Built target fsm_msgs__rosidl_typesupport_introspection_c__pyext
[1.752s] Invoked command in '/ros2_ws/build/fsm_msgs' returned '0': CMAKE_PREFIX_PATH=/opt/ros/foxy /usr/bin/cmake --build /ros2_ws/build/fsm_msgs -- -j10 -l10
[3.022s] Invoking command in '/ros2_ws/build/fsm_msgs': CMAKE_PREFIX_PATH=/opt/ros/foxy /usr/bin/cmake --install /ros2_ws/build/fsm_msgs
[3.060s] -- Install configuration: ""
[3.060s] -- Up-to-date: /ros2_ws/install/fsm_msgs/share/ament_index/resource_index/rosidl_interfaces/fsm_msgs
[3.061s] -- Up-to-date: /ros2_ws/install/fsm_msgs/include/fsm_msgs
[3.062s] -- Up-to-date: /ros2_ws/install/fsm_msgs/include/fsm_msgs/msg
[3.063s] -- Up-to-date: /ros2_ws/install/fsm_msgs/include/fsm_msgs/msg/rosidl_generator_c__visibility_control.h
[3.064s] -- Up-to-date: /ros2_ws/install/fsm_msgs/include/fsm_msgs/msg/current_mode.h
[3.064s] -- Up-to-date: /ros2_ws/install/fsm_msgs/include/fsm_msgs/msg/fsm_event.h
[3.065s] -- Up-to-date: /ros2_ws/install/fsm_msgs/include/fsm_msgs/msg/mission_state.h
[3.065s] -- Up-to-date: /ros2_ws/install/fsm_msgs/include/fsm_msgs/msg/detail
[3.066s] -- Up-to-date: /ros2_ws/install/fsm_msgs/include/fsm_msgs/msg/detail/current_mode__type_support.h
[3.067s] -- Up-to-date: /ros2_ws/install/fsm_msgs/include/fsm_msgs/msg/detail/mission_state__struct.h
[3.067s] -- Up-to-date: /ros2_ws/install/fsm_msgs/include/fsm_msgs/msg/detail/fsm_event__functions.h
[3.069s] -- Up-to-date: /ros2_ws/install/fsm_msgs/include/fsm_msgs/msg/detail/mission_state__functions.c
[3.069s] -- Up-to-date: /ros2_ws/install/fsm_msgs/include/fsm_msgs/msg/detail/current_mode__functions.h
[3.070s] -- Up-to-date: /ros2_ws/install/fsm_msgs/include/fsm_msgs/msg/detail/fsm_event__struct.h
[3.070s] -- Up-to-date: /ros2_ws/install/fsm_msgs/include/fsm_msgs/msg/detail/fsm_event__type_support.h
[3.070s] -- Up-to-date: /ros2_ws/install/fsm_msgs/include/fsm_msgs/msg/detail/current_mode__struct.h
[3.070s] -- Up-to-date: /ros2_ws/install/fsm_msgs/include/fsm_msgs/msg/detail/mission_state__type_support.h
[3.072s] -- Up-to-date: /ros2_ws/install/fsm_msgs/include/fsm_msgs/msg/detail/current_mode__functions.c
[3.073s] -- Up-to-date: /ros2_ws/install/fsm_msgs/include/fsm_msgs/msg/detail/mission_state__functions.h
[3.074s] -- Up-to-date: /ros2_ws/install/fsm_msgs/include/fsm_msgs/msg/detail/fsm_event__functions.c
[3.074s] -- Up-to-date: /ros2_ws/install/fsm_msgs/share/fsm_msgs/environment/library_path.sh
[3.075s] -- Up-to-date: /ros2_ws/install/fsm_msgs/share/fsm_msgs/environment/library_path.dsv
[3.075s] -- Up-to-date: /ros2_ws/install/fsm_msgs/lib/libfsm_msgs__rosidl_generator_c.so
[3.076s] -- Up-to-date: /ros2_ws/install/fsm_msgs/include/fsm_msgs
[3.076s] -- Up-to-date: /ros2_ws/install/fsm_msgs/include/fsm_msgs/msg
[3.078s] -- Up-to-date: /ros2_ws/install/fsm_msgs/include/fsm_msgs/msg/detail
[3.078s] -- Up-to-date: /ros2_ws/install/fsm_msgs/include/fsm_msgs/msg/detail/current_mode__rosidl_typesupport_fastrtps_c.h
[3.079s] -- Up-to-date: /ros2_ws/install/fsm_msgs/include/fsm_msgs/msg/detail/mission_state__rosidl_typesupport_fastrtps_c.h
[3.079s] -- Up-to-date: /ros2_ws/install/fsm_msgs/include/fsm_msgs/msg/detail/fsm_event__rosidl_typesupport_fastrtps_c.h
[3.080s] -- Up-to-date: /ros2_ws/install/fsm_msgs/include/fsm_msgs/msg/rosidl_typesupport_fastrtps_c__visibility_control.h
[3.081s] -- Up-to-date: /ros2_ws/install/fsm_msgs/lib/libfsm_msgs__rosidl_typesupport_fastrtps_c.so
[3.081s] -- Up-to-date: /ros2_ws/install/fsm_msgs/include/fsm_msgs
[3.082s] -- Up-to-date: /ros2_ws/install/fsm_msgs/include/fsm_msgs/msg
[3.082s] -- Up-to-date: /ros2_ws/install/fsm_msgs/include/fsm_msgs/msg/rosidl_typesupport_fastrtps_cpp__visibility_control.h
[3.082s] -- Up-to-date: /ros2_ws/install/fsm_msgs/include/fsm_msgs/msg/detail
[3.083s] -- Up-to-date: /ros2_ws/install/fsm_msgs/include/fsm_msgs/msg/detail/current_mode__rosidl_typesupport_fastrtps_cpp.hpp
[3.084s] -- Up-to-date: /ros2_ws/install/fsm_msgs/include/fsm_msgs/msg/detail/dds_fastrtps
[3.085s] -- Up-to-date: /ros2_ws/install/fsm_msgs/include/fsm_msgs/msg/detail/fsm_event__rosidl_typesupport_fastrtps_cpp.hpp
[3.085s] -- Up-to-date: /ros2_ws/install/fsm_msgs/include/fsm_msgs/msg/detail/mission_state__rosidl_typesupport_fastrtps_cpp.hpp
[3.086s] -- Up-to-date: /ros2_ws/install/fsm_msgs/lib/libfsm_msgs__rosidl_typesupport_fastrtps_cpp.so
[3.086s] -- Up-to-date: /ros2_ws/install/fsm_msgs/include/fsm_msgs
[3.087s] -- Up-to-date: /ros2_ws/install/fsm_msgs/include/fsm_msgs/msg
[3.087s] -- Up-to-date: /ros2_ws/install/fsm_msgs/include/fsm_msgs/msg/detail
[3.087s] -- Up-to-date: /ros2_ws/install/fsm_msgs/include/fsm_msgs/msg/detail/mission_state__type_support.c
[3.088s] -- Up-to-date: /ros2_ws/install/fsm_msgs/include/fsm_msgs/msg/detail/mission_state__rosidl_typesupport_introspection_c.h
[3.088s] -- Up-to-date: /ros2_ws/install/fsm_msgs/include/fsm_msgs/msg/detail/current_mode__rosidl_typesupport_introspection_c.h
[3.089s] -- Up-to-date: /ros2_ws/install/fsm_msgs/include/fsm_msgs/msg/detail/current_mode__type_support.c
[3.091s] -- Up-to-date: /ros2_ws/install/fsm_msgs/include/fsm_msgs/msg/detail/fsm_event__rosidl_typesupport_introspection_c.h
[3.091s] -- Up-to-date: /ros2_ws/install/fsm_msgs/include/fsm_msgs/msg/detail/fsm_event__type_support.c
[3.092s] -- Up-to-date: /ros2_ws/install/fsm_msgs/include/fsm_msgs/msg/rosidl_typesupport_introspection_c__visibility_control.h
[3.092s] -- Up-to-date: /ros2_ws/install/fsm_msgs/lib/libfsm_msgs__rosidl_typesupport_introspection_c.so
[3.093s] -- Up-to-date: /ros2_ws/install/fsm_msgs/lib/libfsm_msgs__rosidl_typesupport_c.so
[3.094s] -- Up-to-date: /ros2_ws/install/fsm_msgs/include/fsm_msgs
[3.095s] -- Up-to-date: /ros2_ws/install/fsm_msgs/include/fsm_msgs/msg
[3.095s] -- Up-to-date: /ros2_ws/install/fsm_msgs/include/fsm_msgs/msg/fsm_event.hpp
[3.096s] -- Up-to-date: /ros2_ws/install/fsm_msgs/include/fsm_msgs/msg/current_mode.hpp
[3.097s] -- Up-to-date: /ros2_ws/install/fsm_msgs/include/fsm_msgs/msg/mission_state.hpp
[3.097s] -- Up-to-date: /ros2_ws/install/fsm_msgs/include/fsm_msgs/msg/detail
[3.098s] -- Up-to-date: /ros2_ws/install/fsm_msgs/include/fsm_msgs/msg/detail/mission_state__type_support.hpp
[3.099s] -- Up-to-date: /ros2_ws/install/fsm_msgs/include/fsm_msgs/msg/detail/mission_state__builder.hpp
[3.100s] -- Up-to-date: /ros2_ws/install/fsm_msgs/include/fsm_msgs/msg/detail/mission_state__traits.hpp
[3.100s] -- Up-to-date: /ros2_ws/install/fsm_msgs/include/fsm_msgs/msg/detail/fsm_event__struct.hpp
[3.101s] -- Up-to-date: /ros2_ws/install/fsm_msgs/include/fsm_msgs/msg/detail/current_mode__struct.hpp
[3.101s] -- Up-to-date: /ros2_ws/install/fsm_msgs/include/fsm_msgs/msg/detail/current_mode__type_support.hpp
[3.101s] -- Up-to-date: /ros2_ws/install/fsm_msgs/include/fsm_msgs/msg/detail/fsm_event__type_support.hpp
[3.102s] -- Up-to-date: /ros2_ws/install/fsm_msgs/include/fsm_msgs/msg/detail/fsm_event__traits.hpp
[3.102s] -- Up-to-date: /ros2_ws/install/fsm_msgs/include/fsm_msgs/msg/detail/current_mode__builder.hpp
[3.103s] -- Up-to-date: /ros2_ws/install/fsm_msgs/include/fsm_msgs/msg/detail/mission_state__struct.hpp
[3.104s] -- Up-to-date: /ros2_ws/install/fsm_msgs/include/fsm_msgs/msg/detail/fsm_event__builder.hpp
[3.104s] -- Up-to-date: /ros2_ws/install/fsm_msgs/include/fsm_msgs/msg/detail/current_mode__traits.hpp
[3.105s] -- Up-to-date: /ros2_ws/install/fsm_msgs/include/fsm_msgs/msg/rosidl_generator_cpp__visibility_control.hpp
[3.109s] -- Up-to-date: /ros2_ws/install/fsm_msgs/include/fsm_msgs
[3.109s] -- Up-to-date: /ros2_ws/install/fsm_msgs/include/fsm_msgs/msg
[3.110s] -- Up-to-date: /ros2_ws/install/fsm_msgs/include/fsm_msgs/msg/detail
[3.110s] -- Up-to-date: /ros2_ws/install/fsm_msgs/include/fsm_msgs/msg/detail/current_mode__rosidl_typesupport_introspection_cpp.hpp
[3.110s] -- Up-to-date: /ros2_ws/install/fsm_msgs/include/fsm_msgs/msg/detail/fsm_event__type_support.cpp
[3.110s] -- Up-to-date: /ros2_ws/install/fsm_msgs/include/fsm_msgs/msg/detail/fsm_event__rosidl_typesupport_introspection_cpp.hpp
[3.111s] -- Up-to-date: /ros2_ws/install/fsm_msgs/include/fsm_msgs/msg/detail/current_mode__type_support.cpp
[3.112s] -- Up-to-date: /ros2_ws/install/fsm_msgs/include/fsm_msgs/msg/detail/mission_state__rosidl_typesupport_introspection_cpp.hpp
[3.113s] -- Up-to-date: /ros2_ws/install/fsm_msgs/include/fsm_msgs/msg/detail/mission_state__type_support.cpp
[3.113s] -- Up-to-date: /ros2_ws/install/fsm_msgs/lib/libfsm_msgs__rosidl_typesupport_introspection_cpp.so
[3.114s] -- Up-to-date: /ros2_ws/install/fsm_msgs/lib/libfsm_msgs__rosidl_typesupport_cpp.so
[3.114s] -- Up-to-date: /ros2_ws/install/fsm_msgs/share/fsm_msgs/environment/pythonpath.sh
[3.114s] -- Up-to-date: /ros2_ws/install/fsm_msgs/share/fsm_msgs/environment/pythonpath.dsv
[3.115s] -- Up-to-date: /ros2_ws/install/fsm_msgs/lib/python3.8/site-packages/fsm_msgs/__init__.py
[3.209s] -- Up-to-date: /ros2_ws/install/fsm_msgs/lib/python3.8/site-packages/fsm_msgs/msg
[3.209s] -- Up-to-date: /ros2_ws/install/fsm_msgs/lib/python3.8/site-packages/fsm_msgs/msg/_current_mode.py
[3.210s] -- Up-to-date: /ros2_ws/install/fsm_msgs/lib/python3.8/site-packages/fsm_msgs/msg/_fsm_event.py
[3.210s] -- Up-to-date: /ros2_ws/install/fsm_msgs/lib/python3.8/site-packages/fsm_msgs/msg/_mission_state_s.c
[3.211s] -- Up-to-date: /ros2_ws/install/fsm_msgs/lib/python3.8/site-packages/fsm_msgs/msg/__init__.py
[3.212s] -- Up-to-date: /ros2_ws/install/fsm_msgs/lib/python3.8/site-packages/fsm_msgs/msg/_fsm_event_s.c
[3.212s] -- Up-to-date: /ros2_ws/install/fsm_msgs/lib/python3.8/site-packages/fsm_msgs/msg/_mission_state.py
[3.213s] -- Up-to-date: /ros2_ws/install/fsm_msgs/lib/python3.8/site-packages/fsm_msgs/msg/_current_mode_s.c
[3.214s] -- Up-to-date: /ros2_ws/install/fsm_msgs/lib/python3.8/site-packages/fsm_msgs/fsm_msgs_s__rosidl_typesupport_fastrtps_c.cpython-38-x86_64-linux-gnu.so
[3.214s] -- Up-to-date: /ros2_ws/install/fsm_msgs/lib/python3.8/site-packages/fsm_msgs/fsm_msgs_s__rosidl_typesupport_introspection_c.cpython-38-x86_64-linux-gnu.so
[3.217s] -- Up-to-date: /ros2_ws/install/fsm_msgs/lib/python3.8/site-packages/fsm_msgs/fsm_msgs_s__rosidl_typesupport_c.cpython-38-x86_64-linux-gnu.so
[3.217s] -- Up-to-date: /ros2_ws/install/fsm_msgs/lib/libfsm_msgs__python.so
[3.219s] -- Up-to-date: /ros2_ws/install/fsm_msgs/share/fsm_msgs/msg/CurrentMode.idl
[3.220s] -- Up-to-date: /ros2_ws/install/fsm_msgs/share/fsm_msgs/msg/MissionState.idl
[3.220s] -- Up-to-date: /ros2_ws/install/fsm_msgs/share/fsm_msgs/msg/FSMEvent.idl
[3.221s] -- Up-to-date: /ros2_ws/install/fsm_msgs/share/fsm_msgs/msg/CurrentMode.msg
[3.221s] -- Up-to-date: /ros2_ws/install/fsm_msgs/share/fsm_msgs/msg/MissionState.msg
[3.222s] -- Up-to-date: /ros2_ws/install/fsm_msgs/share/fsm_msgs/msg/FSMEvent.msg
[3.223s] -- Up-to-date: /ros2_ws/install/fsm_msgs/share/ament_index/resource_index/package_run_dependencies/fsm_msgs
[3.223s] -- Up-to-date: /ros2_ws/install/fsm_msgs/share/ament_index/resource_index/parent_prefix_path/fsm_msgs
[3.225s] -- Up-to-date: /ros2_ws/install/fsm_msgs/share/fsm_msgs/environment/ament_prefix_path.sh
[3.225s] -- Up-to-date: /ros2_ws/install/fsm_msgs/share/fsm_msgs/environment/ament_prefix_path.dsv
[3.226s] -- Up-to-date: /ros2_ws/install/fsm_msgs/share/fsm_msgs/environment/path.sh
[3.231s] -- Up-to-date: /ros2_ws/install/fsm_msgs/share/fsm_msgs/environment/path.dsv
[3.231s] -- Up-to-date: /ros2_ws/install/fsm_msgs/share/fsm_msgs/local_setup.bash
[3.232s] -- Up-to-date: /ros2_ws/install/fsm_msgs/share/fsm_msgs/local_setup.sh
[3.232s] -- Up-to-date: /ros2_ws/install/fsm_msgs/share/fsm_msgs/local_setup.zsh
[3.232s] -- Up-to-date: /ros2_ws/install/fsm_msgs/share/fsm_msgs/local_setup.dsv
[3.233s] -- Installing: /ros2_ws/install/fsm_msgs/share/fsm_msgs/package.dsv
[3.234s] -- Up-to-date: /ros2_ws/install/fsm_msgs/share/ament_index/resource_index/packages/fsm_msgs
[3.235s] -- Up-to-date: /ros2_ws/install/fsm_msgs/share/fsm_msgs/cmake/fsm_msgs__rosidl_generator_cExport.cmake
[3.236s] -- Up-to-date: /ros2_ws/install/fsm_msgs/share/fsm_msgs/cmake/fsm_msgs__rosidl_generator_cExport-noconfig.cmake
[3.236s] -- Up-to-date: /ros2_ws/install/fsm_msgs/share/fsm_msgs/cmake/fsm_msgs__rosidl_typesupport_introspection_cExport.cmake
[3.236s] -- Up-to-date: /ros2_ws/install/fsm_msgs/share/fsm_msgs/cmake/fsm_msgs__rosidl_typesupport_introspection_cExport-noconfig.cmake
[3.237s] -- Up-to-date: /ros2_ws/install/fsm_msgs/share/fsm_msgs/cmake/fsm_msgs__rosidl_typesupport_cExport.cmake
[3.238s] -- Up-to-date: /ros2_ws/install/fsm_msgs/share/fsm_msgs/cmake/fsm_msgs__rosidl_typesupport_cExport-noconfig.cmake
[3.239s] -- Up-to-date: /ros2_ws/install/fsm_msgs/share/fsm_msgs/cmake/fsm_msgs__rosidl_generator_cppExport.cmake
[3.239s] -- Up-to-date: /ros2_ws/install/fsm_msgs/share/fsm_msgs/cmake/fsm_msgs__rosidl_typesupport_introspection_cppExport.cmake
[3.239s] -- Up-to-date: /ros2_ws/install/fsm_msgs/share/fsm_msgs/cmake/fsm_msgs__rosidl_typesupport_introspection_cppExport-noconfig.cmake
[3.240s] -- Up-to-date: /ros2_ws/install/fsm_msgs/share/fsm_msgs/cmake/fsm_msgs__rosidl_typesupport_cppExport.cmake
[3.240s] -- Up-to-date: /ros2_ws/install/fsm_msgs/share/fsm_msgs/cmake/fsm_msgs__rosidl_typesupport_cppExport-noconfig.cmake
[3.241s] -- Up-to-date: /ros2_ws/install/fsm_msgs/share/fsm_msgs/cmake/rosidl_cmake-extras.cmake
[3.243s] -- Up-to-date: /ros2_ws/install/fsm_msgs/share/fsm_msgs/cmake/ament_cmake_export_dependencies-extras.cmake
[3.243s] -- Up-to-date: /ros2_ws/install/fsm_msgs/share/fsm_msgs/cmake/ament_cmake_export_libraries-extras.cmake
[3.243s] -- Up-to-date: /ros2_ws/install/fsm_msgs/share/fsm_msgs/cmake/ament_cmake_export_targets-extras.cmake
[3.245s] -- Up-to-date: /ros2_ws/install/fsm_msgs/share/fsm_msgs/cmake/ament_cmake_export_include_directories-extras.cmake
[3.249s] -- Up-to-date: /ros2_ws/install/fsm_msgs/share/fsm_msgs/cmake/rosidl_cmake_export_typesupport_libraries-extras.cmake
[3.250s] -- Up-to-date: /ros2_ws/install/fsm_msgs/share/fsm_msgs/cmake/rosidl_cmake_export_typesupport_targets-extras.cmake
[3.252s] -- Up-to-date: /ros2_ws/install/fsm_msgs/share/fsm_msgs/cmake/fsm_msgsConfig.cmake
[3.257s] -- Up-to-date: /ros2_ws/install/fsm_msgs/share/fsm_msgs/cmake/fsm_msgsConfig-version.cmake
[3.257s] -- Up-to-date: /ros2_ws/install/fsm_msgs/share/fsm_msgs/package.xml
[3.257s] Invoked command in '/ros2_ws/build/fsm_msgs' returned '0': CMAKE_PREFIX_PATH=/opt/ros/foxy /usr/bin/cmake --install /ros2_ws/build/fsm_msgs
