[0.609s] Invoking command in '/ros2_ws/src/localization': AMENT_PREFIX_PATH=/ros2_ws/install/localization_msgs:${AMENT_PREFIX_PATH} CMAKE_PREFIX_PATH=/ros2_ws/install/localization_msgs LD_LIBRARY_PATH=/ros2_ws/install/localization_msgs/lib:${LD_LIBRARY_PATH} PYTHONPATH=/ros2_ws/build/localization/prefix_override:/ros2_ws/install/localization/lib/python3.8/site-packages:/ros2_ws/install/localization_msgs/lib/python3.8/site-packages:${PYTHONPATH} /usr/bin/python3 setup.py egg_info --egg-base ../../build/localization build --build-base /ros2_ws/build/localization/build install --record /ros2_ws/build/localization/install.log --single-version-externally-managed
[0.785s] running egg_info
[0.786s] writing ../../build/localization/localization.egg-info/PKG-INFO
[0.792s] writing dependency_links to ../../build/localization/localization.egg-info/dependency_links.txt
[0.793s] writing entry points to ../../build/localization/localization.egg-info/entry_points.txt
[0.793s] writing requirements to ../../build/localization/localization.egg-info/requires.txt
[0.795s] writing top-level names to ../../build/localization/localization.egg-info/top_level.txt
[0.798s] reading manifest file '../../build/localization/localization.egg-info/SOURCES.txt'
[0.800s] writing manifest file '../../build/localization/localization.egg-info/SOURCES.txt'
[0.800s] running build
[0.800s] running install
[0.801s] running install_data
[0.802s] copying resource/localization -> /ros2_ws/install/localization/share/ament_index/resource_index/packages
[0.804s] copying package.xml -> /ros2_ws/install/localization/share/localization
[0.807s] creating /ros2_ws/install/localization/share/localization/launch
[0.807s] copying launch/localization.launch.py -> /ros2_ws/install/localization/share/localization/launch
[0.808s] creating /ros2_ws/install/localization/share/localization/config
[0.808s] running install_egg_info
[0.810s] Copying ../../build/localization/localization.egg-info to /ros2_ws/install/localization/lib/python3.8/site-packages/localization-0.0.1-py3.8.egg-info
[0.821s] running install_scripts
[0.833s] Installing global_localization_node script to /ros2_ws/install/localization/lib/localization
[0.834s] Installing local_ekf_node script to /ros2_ws/install/localization/lib/localization
[0.835s] Installing localization_diagnostics_node script to /ros2_ws/install/localization/lib/localization
[0.835s] Installing map_origin_node script to /ros2_ws/install/localization/lib/localization
[0.835s] Installing raw_gps_node script to /ros2_ws/install/localization/lib/localization
[0.836s] writing list of installed files to '/ros2_ws/build/localization/install.log'
[0.850s] Invoked command in '/ros2_ws/src/localization' returned '0': AMENT_PREFIX_PATH=/ros2_ws/install/localization_msgs:${AMENT_PREFIX_PATH} CMAKE_PREFIX_PATH=/ros2_ws/install/localization_msgs LD_LIBRARY_PATH=/ros2_ws/install/localization_msgs/lib:${LD_LIBRARY_PATH} PYTHONPATH=/ros2_ws/build/localization/prefix_override:/ros2_ws/install/localization/lib/python3.8/site-packages:/ros2_ws/install/localization_msgs/lib/python3.8/site-packages:${PYTHONPATH} /usr/bin/python3 setup.py egg_info --egg-base ../../build/localization build --build-base /ros2_ws/build/localization/build install --record /ros2_ws/build/localization/install.log --single-version-externally-managed
