running egg_info
creating ../../build/planning/planning.egg-info
writing ../../build/planning/planning.egg-info/PKG-INFO
writing dependency_links to ../../build/planning/planning.egg-info/dependency_links.txt
writing entry points to ../../build/planning/planning.egg-info/entry_points.txt
writing requirements to ../../build/planning/planning.egg-info/requires.txt
writing top-level names to ../../build/planning/planning.egg-info/top_level.txt
writing manifest file '../../build/planning/planning.egg-info/SOURCES.txt'
reading manifest file '../../build/planning/planning.egg-info/SOURCES.txt'
writing manifest file '../../build/planning/planning.egg-info/SOURCES.txt'
running build
running install
running install_data
creating /ros2_ws/install/planning/share/ament_index
creating /ros2_ws/install/planning/share/ament_index/resource_index
creating /ros2_ws/install/planning/share/ament_index/resource_index/packages
copying resource/planning -> /ros2_ws/install/planning/share/ament_index/resource_index/packages
copying package.xml -> /ros2_ws/install/planning/share/planning
creating /ros2_ws/install/planning/share/planning/launch
copying launch/planning.launch.py -> /ros2_ws/install/planning/share/planning/launch
creating /ros2_ws/install/planning/share/planning/missions
copying missions/sample_mission.geojson -> /ros2_ws/install/planning/share/planning/missions
creating /ros2_ws/install/planning/share/planning/config
running install_egg_info
Copying ../../build/planning/planning.egg-info to /ros2_ws/install/planning/lib/python3.8/site-packages/planning-0.0.1-py3.8.egg-info
running install_scripts
Installing planner_node script to /ros2_ws/install/planning/lib/planning
writing list of installed files to '/ros2_ws/build/planning/install.log'
