[1.259s] Invoking command in '/ros2_ws/src/planning': AMENT_PREFIX_PATH=/ros2_ws/install/planning_msgs:/ros2_ws/install/perception_msgs:/ros2_ws/install/localization_msgs:/ros2_ws/install/fsm_msgs:/ros2_ws/install/common_msgs:${AMENT_PREFIX_PATH} CMAKE_PREFIX_PATH=/ros2_ws/install/planning_msgs:/ros2_ws/install/perception_msgs:/ros2_ws/install/localization_msgs:/ros2_ws/install/fsm_msgs:/ros2_ws/install/common_msgs LD_LIBRARY_PATH=/ros2_ws/install/planning_msgs/lib:/ros2_ws/install/perception_msgs/lib:/ros2_ws/install/localization_msgs/lib:/ros2_ws/install/fsm_msgs/lib:/ros2_ws/install/common_msgs/lib:${LD_LIBRARY_PATH} PYTHONPATH=/ros2_ws/build/planning/prefix_override:/ros2_ws/install/planning/lib/python3.8/site-packages:/ros2_ws/install/planning_msgs/lib/python3.8/site-packages:/ros2_ws/install/perception_msgs/lib/python3.8/site-packages:/ros2_ws/install/localization_msgs/lib/python3.8/site-packages:/ros2_ws/install/fsm_msgs/lib/python3.8/site-packages:/ros2_ws/install/common_msgs/lib/python3.8/site-packages:${PYTHONPATH} /usr/bin/python3 setup.py egg_info --egg-base ../../build/planning build --build-base /ros2_ws/build/planning/build install --record /ros2_ws/build/planning/install.log --single-version-externally-managed
[1.471s] running egg_info
[1.474s] creating ../../build/planning/planning.egg-info
[1.474s] writing ../../build/planning/planning.egg-info/PKG-INFO
[1.475s] writing dependency_links to ../../build/planning/planning.egg-info/dependency_links.txt
[1.475s] writing entry points to ../../build/planning/planning.egg-info/entry_points.txt
[1.476s] writing requirements to ../../build/planning/planning.egg-info/requires.txt
[1.476s] writing top-level names to ../../build/planning/planning.egg-info/top_level.txt
[1.477s] writing manifest file '../../build/planning/planning.egg-info/SOURCES.txt'
[1.479s] reading manifest file '../../build/planning/planning.egg-info/SOURCES.txt'
[1.485s] writing manifest file '../../build/planning/planning.egg-info/SOURCES.txt'
[1.485s] running build
[1.485s] running install
[1.486s] running install_data
[1.486s] creating /ros2_ws/install/planning/share/ament_index
[1.487s] creating /ros2_ws/install/planning/share/ament_index/resource_index
[1.487s] creating /ros2_ws/install/planning/share/ament_index/resource_index/packages
[1.487s] copying resource/planning -> /ros2_ws/install/planning/share/ament_index/resource_index/packages
[1.488s] copying package.xml -> /ros2_ws/install/planning/share/planning
[1.489s] creating /ros2_ws/install/planning/share/planning/launch
[1.489s] copying launch/planning.launch.py -> /ros2_ws/install/planning/share/planning/launch
[1.490s] creating /ros2_ws/install/planning/share/planning/missions
[1.491s] copying missions/sample_mission.geojson -> /ros2_ws/install/planning/share/planning/missions
[1.491s] creating /ros2_ws/install/planning/share/planning/config
[1.492s] running install_egg_info
[1.492s] Copying ../../build/planning/planning.egg-info to /ros2_ws/install/planning/lib/python3.8/site-packages/planning-0.0.1-py3.8.egg-info
[1.498s] running install_scripts
[1.513s] Installing planner_node script to /ros2_ws/install/planning/lib/planning
[1.514s] writing list of installed files to '/ros2_ws/build/planning/install.log'
