[0.065s] Invoking command in '/ros2_ws/build/perception_msgs': CMAKE_PREFIX_PATH=/opt/ros/foxy /usr/bin/cmake --build /ros2_ws/build/perception_msgs -- -j10 -l10
[0.509s] [  1%] Built target perception_msgs__cpp
[0.578s] [ 12%] Built target perception_msgs__rosidl_generator_c
[0.873s] [ 33%] Built target perception_msgs__rosidl_typesupport_introspection_cpp
[0.880s] [ 35%] Built target perception_msgs__rosidl_typesupport_cpp
[0.891s] [ 47%] Built target perception_msgs__rosidl_typesupport_c
[0.911s] [ 58%] Built target perception_msgs__rosidl_typesupport_fastrtps_cpp
[0.940s] [ 70%] Built target perception_msgs__rosidl_typesupport_introspection_c
[1.072s] [ 82%] Built target perception_msgs__rosidl_typesupport_fastrtps_c
[1.201s] [ 82%] Built target perception_msgs
[1.338s] [ 83%] Built target perception_msgs__py
[1.531s] [ 93%] Built target perception_msgs__python
[1.744s] [ 95%] Built target perception_msgs__rosidl_typesupport_introspection_c__pyext
[1.750s] [ 97%] Built target perception_msgs__rosidl_typesupport_fastrtps_c__pyext
[1.775s] [100%] Built target perception_msgs__rosidl_typesupport_c__pyext
[1.826s] Invoked command in '/ros2_ws/build/perception_msgs' returned '0': CMAKE_PREFIX_PATH=/opt/ros/foxy /usr/bin/cmake --build /ros2_ws/build/perception_msgs -- -j10 -l10
[4.957s] Invoking command in '/ros2_ws/build/perception_msgs': CMAKE_PREFIX_PATH=/opt/ros/foxy /usr/bin/cmake --install /ros2_ws/build/perception_msgs
[4.992s] -- Install configuration: ""
[4.992s] -- Up-to-date: /ros2_ws/install/perception_msgs/share/ament_index/resource_index/rosidl_interfaces/perception_msgs
[4.993s] -- Up-to-date: /ros2_ws/install/perception_msgs/include/perception_msgs
[4.994s] -- Up-to-date: /ros2_ws/install/perception_msgs/include/perception_msgs/msg
[4.995s] -- Up-to-date: /ros2_ws/install/perception_msgs/include/perception_msgs/msg/obstacle_track.h
[4.995s] -- Up-to-date: /ros2_ws/install/perception_msgs/include/perception_msgs/msg/rosidl_generator_c__visibility_control.h
[4.996s] -- Up-to-date: /ros2_ws/install/perception_msgs/include/perception_msgs/msg/obstacle_tracks.h
[4.997s] -- Up-to-date: /ros2_ws/install/perception_msgs/include/perception_msgs/msg/traffic_light_state.h
[4.998s] -- Up-to-date: /ros2_ws/install/perception_msgs/include/perception_msgs/msg/detail
[4.998s] -- Up-to-date: /ros2_ws/install/perception_msgs/include/perception_msgs/msg/detail/perception_diagnostics__functions.h
[4.999s] -- Up-to-date: /ros2_ws/install/perception_msgs/include/perception_msgs/msg/detail/obstacle_tracks__struct.h
[5.000s] -- Up-to-date: /ros2_ws/install/perception_msgs/include/perception_msgs/msg/detail/lane_model__struct.h
[5.001s] -- Up-to-date: /ros2_ws/install/perception_msgs/include/perception_msgs/msg/detail/obstacle_tracks__functions.c
[5.003s] -- Up-to-date: /ros2_ws/install/perception_msgs/include/perception_msgs/msg/detail/stop_target__functions.c
[5.004s] -- Up-to-date: /ros2_ws/install/perception_msgs/include/perception_msgs/msg/detail/perception_diagnostics__type_support.h
[5.004s] -- Up-to-date: /ros2_ws/install/perception_msgs/include/perception_msgs/msg/detail/obstacle_track__functions.c
[5.005s] -- Up-to-date: /ros2_ws/install/perception_msgs/include/perception_msgs/msg/detail/stop_target__type_support.h
[5.005s] -- Up-to-date: /ros2_ws/install/perception_msgs/include/perception_msgs/msg/detail/traffic_light_state__functions.c
[5.006s] -- Up-to-date: /ros2_ws/install/perception_msgs/include/perception_msgs/msg/detail/traffic_sign__struct.h
[5.009s] -- Up-to-date: /ros2_ws/install/perception_msgs/include/perception_msgs/msg/detail/lane_model__functions.h
[5.009s] -- Up-to-date: /ros2_ws/install/perception_msgs/include/perception_msgs/msg/detail/traffic_sign__functions.h
[5.009s] -- Up-to-date: /ros2_ws/install/perception_msgs/include/perception_msgs/msg/detail/traffic_signs__functions.c
[5.010s] -- Up-to-date: /ros2_ws/install/perception_msgs/include/perception_msgs/msg/detail/traffic_light_state__type_support.h
[5.011s] -- Up-to-date: /ros2_ws/install/perception_msgs/include/perception_msgs/msg/detail/junction__functions.h
[5.011s] -- Up-to-date: /ros2_ws/install/perception_msgs/include/perception_msgs/msg/detail/junction__struct.h
[5.012s] -- Up-to-date: /ros2_ws/install/perception_msgs/include/perception_msgs/msg/detail/perception_diagnostics__functions.c
[5.013s] -- Up-to-date: /ros2_ws/install/perception_msgs/include/perception_msgs/msg/detail/stop_target__struct.h
[5.014s] -- Up-to-date: /ros2_ws/install/perception_msgs/include/perception_msgs/msg/detail/obstacle_tracks__functions.h
[5.015s] -- Up-to-date: /ros2_ws/install/perception_msgs/include/perception_msgs/msg/detail/perception_diagnostics__struct.h
[5.015s] -- Up-to-date: /ros2_ws/install/perception_msgs/include/perception_msgs/msg/detail/stop_target__functions.h
[5.016s] -- Up-to-date: /ros2_ws/install/perception_msgs/include/perception_msgs/msg/detail/obstacle_tracks__type_support.h
[5.016s] -- Up-to-date: /ros2_ws/install/perception_msgs/include/perception_msgs/msg/detail/obstacle_track__struct.h
[5.017s] -- Up-to-date: /ros2_ws/install/perception_msgs/include/perception_msgs/msg/detail/traffic_sign__type_support.h
[5.017s] -- Up-to-date: /ros2_ws/install/perception_msgs/include/perception_msgs/msg/detail/obstacle_track__type_support.h
[5.018s] -- Up-to-date: /ros2_ws/install/perception_msgs/include/perception_msgs/msg/detail/lane_model__type_support.h
[5.019s] -- Up-to-date: /ros2_ws/install/perception_msgs/include/perception_msgs/msg/detail/traffic_light_state__functions.h
[5.019s] -- Up-to-date: /ros2_ws/install/perception_msgs/include/perception_msgs/msg/detail/obstacle_track__functions.h
[5.019s] -- Up-to-date: /ros2_ws/install/perception_msgs/include/perception_msgs/msg/detail/traffic_signs__type_support.h
[5.020s] -- Up-to-date: /ros2_ws/install/perception_msgs/include/perception_msgs/msg/detail/junction__type_support.h
[5.020s] -- Up-to-date: /ros2_ws/install/perception_msgs/include/perception_msgs/msg/detail/traffic_signs__struct.h
[5.020s] -- Up-to-date: /ros2_ws/install/perception_msgs/include/perception_msgs/msg/detail/junction__functions.c
[5.021s] -- Up-to-date: /ros2_ws/install/perception_msgs/include/perception_msgs/msg/detail/traffic_signs__functions.h
[5.022s] -- Up-to-date: /ros2_ws/install/perception_msgs/include/perception_msgs/msg/detail/lane_model__functions.c
[5.022s] -- Up-to-date: /ros2_ws/install/perception_msgs/include/perception_msgs/msg/detail/traffic_light_state__struct.h
[5.022s] -- Up-to-date: /ros2_ws/install/perception_msgs/include/perception_msgs/msg/detail/traffic_sign__functions.c
[5.023s] -- Up-to-date: /ros2_ws/install/perception_msgs/include/perception_msgs/msg/junction.h
[5.023s] -- Up-to-date: /ros2_ws/install/perception_msgs/include/perception_msgs/msg/lane_model.h
[5.023s] -- Up-to-date: /ros2_ws/install/perception_msgs/include/perception_msgs/msg/perception_diagnostics.h
[5.024s] -- Up-to-date: /ros2_ws/install/perception_msgs/include/perception_msgs/msg/traffic_signs.h
[5.025s] -- Up-to-date: /ros2_ws/install/perception_msgs/include/perception_msgs/msg/stop_target.h
[5.025s] -- Up-to-date: /ros2_ws/install/perception_msgs/include/perception_msgs/msg/traffic_sign.h
[5.026s] -- Up-to-date: /ros2_ws/install/perception_msgs/share/perception_msgs/environment/library_path.sh
[5.026s] -- Up-to-date: /ros2_ws/install/perception_msgs/share/perception_msgs/environment/library_path.dsv
[5.028s] -- Up-to-date: /ros2_ws/install/perception_msgs/lib/libperception_msgs__rosidl_generator_c.so
[5.029s] -- Up-to-date: /ros2_ws/install/perception_msgs/include/perception_msgs
[5.029s] -- Up-to-date: /ros2_ws/install/perception_msgs/include/perception_msgs/msg
[5.029s] -- Up-to-date: /ros2_ws/install/perception_msgs/include/perception_msgs/msg/detail
[5.030s] -- Up-to-date: /ros2_ws/install/perception_msgs/include/perception_msgs/msg/detail/stop_target__rosidl_typesupport_fastrtps_c.h
[5.031s] -- Up-to-date: /ros2_ws/install/perception_msgs/include/perception_msgs/msg/detail/obstacle_track__rosidl_typesupport_fastrtps_c.h
[5.031s] -- Up-to-date: /ros2_ws/install/perception_msgs/include/perception_msgs/msg/detail/traffic_sign__rosidl_typesupport_fastrtps_c.h
[5.032s] -- Up-to-date: /ros2_ws/install/perception_msgs/include/perception_msgs/msg/detail/traffic_signs__rosidl_typesupport_fastrtps_c.h
[5.032s] -- Up-to-date: /ros2_ws/install/perception_msgs/include/perception_msgs/msg/detail/junction__rosidl_typesupport_fastrtps_c.h
[5.033s] -- Up-to-date: /ros2_ws/install/perception_msgs/include/perception_msgs/msg/detail/obstacle_tracks__rosidl_typesupport_fastrtps_c.h
[5.036s] -- Up-to-date: /ros2_ws/install/perception_msgs/include/perception_msgs/msg/detail/perception_diagnostics__rosidl_typesupport_fastrtps_c.h
[5.036s] -- Up-to-date: /ros2_ws/install/perception_msgs/include/perception_msgs/msg/detail/traffic_light_state__rosidl_typesupport_fastrtps_c.h
[5.037s] -- Up-to-date: /ros2_ws/install/perception_msgs/include/perception_msgs/msg/detail/lane_model__rosidl_typesupport_fastrtps_c.h
[5.037s] -- Up-to-date: /ros2_ws/install/perception_msgs/include/perception_msgs/msg/rosidl_typesupport_fastrtps_c__visibility_control.h
[5.038s] -- Up-to-date: /ros2_ws/install/perception_msgs/lib/libperception_msgs__rosidl_typesupport_fastrtps_c.so
[5.038s] -- Up-to-date: /ros2_ws/install/perception_msgs/include/perception_msgs
[5.039s] -- Up-to-date: /ros2_ws/install/perception_msgs/include/perception_msgs/msg
[5.040s] -- Up-to-date: /ros2_ws/install/perception_msgs/include/perception_msgs/msg/rosidl_typesupport_fastrtps_cpp__visibility_control.h
[5.040s] -- Up-to-date: /ros2_ws/install/perception_msgs/include/perception_msgs/msg/detail
[5.041s] -- Up-to-date: /ros2_ws/install/perception_msgs/include/perception_msgs/msg/detail/obstacle_tracks__rosidl_typesupport_fastrtps_cpp.hpp
[5.042s] -- Up-to-date: /ros2_ws/install/perception_msgs/include/perception_msgs/msg/detail/lane_model__rosidl_typesupport_fastrtps_cpp.hpp
[5.042s] -- Up-to-date: /ros2_ws/install/perception_msgs/include/perception_msgs/msg/detail/stop_target__rosidl_typesupport_fastrtps_cpp.hpp
[5.044s] -- Up-to-date: /ros2_ws/install/perception_msgs/include/perception_msgs/msg/detail/perception_diagnostics__rosidl_typesupport_fastrtps_cpp.hpp
[5.044s] -- Up-to-date: /ros2_ws/install/perception_msgs/include/perception_msgs/msg/detail/traffic_light_state__rosidl_typesupport_fastrtps_cpp.hpp
[5.045s] -- Up-to-date: /ros2_ws/install/perception_msgs/include/perception_msgs/msg/detail/obstacle_track__rosidl_typesupport_fastrtps_cpp.hpp
[5.045s] -- Up-to-date: /ros2_ws/install/perception_msgs/include/perception_msgs/msg/detail/traffic_signs__rosidl_typesupport_fastrtps_cpp.hpp
[5.046s] -- Up-to-date: /ros2_ws/install/perception_msgs/include/perception_msgs/msg/detail/dds_fastrtps
[5.047s] -- Up-to-date: /ros2_ws/install/perception_msgs/include/perception_msgs/msg/detail/junction__rosidl_typesupport_fastrtps_cpp.hpp
[5.047s] -- Up-to-date: /ros2_ws/install/perception_msgs/include/perception_msgs/msg/detail/traffic_sign__rosidl_typesupport_fastrtps_cpp.hpp
[5.049s] -- Up-to-date: /ros2_ws/install/perception_msgs/lib/libperception_msgs__rosidl_typesupport_fastrtps_cpp.so
[5.050s] -- Up-to-date: /ros2_ws/install/perception_msgs/include/perception_msgs
[5.051s] -- Up-to-date: /ros2_ws/install/perception_msgs/include/perception_msgs/msg
[5.051s] -- Up-to-date: /ros2_ws/install/perception_msgs/include/perception_msgs/msg/detail
[5.052s] -- Up-to-date: /ros2_ws/install/perception_msgs/include/perception_msgs/msg/detail/stop_target__rosidl_typesupport_introspection_c.h
[5.055s] -- Up-to-date: /ros2_ws/install/perception_msgs/include/perception_msgs/msg/detail/traffic_light_state__rosidl_typesupport_introspection_c.h
[5.055s] -- Up-to-date: /ros2_ws/install/perception_msgs/include/perception_msgs/msg/detail/traffic_sign__type_support.c
[5.057s] -- Up-to-date: /ros2_ws/install/perception_msgs/include/perception_msgs/msg/detail/obstacle_tracks__type_support.c
[5.060s] -- Up-to-date: /ros2_ws/install/perception_msgs/include/perception_msgs/msg/detail/traffic_signs__rosidl_typesupport_introspection_c.h
[5.061s] -- Up-to-date: /ros2_ws/install/perception_msgs/include/perception_msgs/msg/detail/traffic_sign__rosidl_typesupport_introspection_c.h
[5.062s] -- Up-to-date: /ros2_ws/install/perception_msgs/include/perception_msgs/msg/detail/traffic_signs__type_support.c
[5.063s] -- Up-to-date: /ros2_ws/install/perception_msgs/include/perception_msgs/msg/detail/lane_model__type_support.c
[5.063s] -- Up-to-date: /ros2_ws/install/perception_msgs/include/perception_msgs/msg/detail/obstacle_track__type_support.c
[5.064s] -- Up-to-date: /ros2_ws/install/perception_msgs/include/perception_msgs/msg/detail/junction__rosidl_typesupport_introspection_c.h
[5.064s] -- Up-to-date: /ros2_ws/install/perception_msgs/include/perception_msgs/msg/detail/junction__type_support.c
[5.065s] -- Up-to-date: /ros2_ws/install/perception_msgs/include/perception_msgs/msg/detail/perception_diagnostics__type_support.c
[5.065s] -- Up-to-date: /ros2_ws/install/perception_msgs/include/perception_msgs/msg/detail/stop_target__type_support.c
[5.066s] -- Up-to-date: /ros2_ws/install/perception_msgs/include/perception_msgs/msg/detail/lane_model__rosidl_typesupport_introspection_c.h
[5.066s] -- Up-to-date: /ros2_ws/install/perception_msgs/include/perception_msgs/msg/detail/traffic_light_state__type_support.c
[5.067s] -- Up-to-date: /ros2_ws/install/perception_msgs/include/perception_msgs/msg/detail/obstacle_tracks__rosidl_typesupport_introspection_c.h
[5.067s] -- Up-to-date: /ros2_ws/install/perception_msgs/include/perception_msgs/msg/detail/obstacle_track__rosidl_typesupport_introspection_c.h
[5.068s] -- Up-to-date: /ros2_ws/install/perception_msgs/include/perception_msgs/msg/detail/perception_diagnostics__rosidl_typesupport_introspection_c.h
[5.068s] -- Up-to-date: /ros2_ws/install/perception_msgs/include/perception_msgs/msg/rosidl_typesupport_introspection_c__visibility_control.h
[5.069s] -- Up-to-date: /ros2_ws/install/perception_msgs/lib/libperception_msgs__rosidl_typesupport_introspection_c.so
[5.070s] -- Up-to-date: /ros2_ws/install/perception_msgs/lib/libperception_msgs__rosidl_typesupport_c.so
[5.070s] -- Up-to-date: /ros2_ws/install/perception_msgs/include/perception_msgs
[5.071s] -- Up-to-date: /ros2_ws/install/perception_msgs/include/perception_msgs/msg
[5.071s] -- Up-to-date: /ros2_ws/install/perception_msgs/include/perception_msgs/msg/lane_model.hpp
[5.071s] -- Up-to-date: /ros2_ws/install/perception_msgs/include/perception_msgs/msg/obstacle_tracks.hpp
[5.072s] -- Up-to-date: /ros2_ws/install/perception_msgs/include/perception_msgs/msg/stop_target.hpp
[5.073s] -- Up-to-date: /ros2_ws/install/perception_msgs/include/perception_msgs/msg/traffic_sign.hpp
[5.073s] -- Up-to-date: /ros2_ws/install/perception_msgs/include/perception_msgs/msg/obstacle_track.hpp
[5.074s] -- Up-to-date: /ros2_ws/install/perception_msgs/include/perception_msgs/msg/detail
[5.074s] -- Up-to-date: /ros2_ws/install/perception_msgs/include/perception_msgs/msg/detail/traffic_signs__builder.hpp
[5.075s] -- Up-to-date: /ros2_ws/install/perception_msgs/include/perception_msgs/msg/detail/stop_target__traits.hpp
[5.075s] -- Up-to-date: /ros2_ws/install/perception_msgs/include/perception_msgs/msg/detail/obstacle_track__traits.hpp
[5.076s] -- Up-to-date: /ros2_ws/install/perception_msgs/include/perception_msgs/msg/detail/traffic_signs__traits.hpp
[5.076s] -- Up-to-date: /ros2_ws/install/perception_msgs/include/perception_msgs/msg/detail/traffic_light_state__struct.hpp
[5.077s] -- Up-to-date: /ros2_ws/install/perception_msgs/include/perception_msgs/msg/detail/obstacle_track__builder.hpp
[5.077s] -- Up-to-date: /ros2_ws/install/perception_msgs/include/perception_msgs/msg/detail/traffic_light_state__builder.hpp
[5.078s] -- Up-to-date: /ros2_ws/install/perception_msgs/include/perception_msgs/msg/detail/obstacle_tracks__struct.hpp
[5.078s] -- Up-to-date: /ros2_ws/install/perception_msgs/include/perception_msgs/msg/detail/perception_diagnostics__traits.hpp
[5.079s] -- Up-to-date: /ros2_ws/install/perception_msgs/include/perception_msgs/msg/detail/stop_target__builder.hpp
[5.079s] -- Up-to-date: /ros2_ws/install/perception_msgs/include/perception_msgs/msg/detail/obstacle_tracks__builder.hpp
[5.080s] -- Up-to-date: /ros2_ws/install/perception_msgs/include/perception_msgs/msg/detail/obstacle_tracks__type_support.hpp
[5.080s] -- Up-to-date: /ros2_ws/install/perception_msgs/include/perception_msgs/msg/detail/traffic_sign__struct.hpp
[5.081s] -- Up-to-date: /ros2_ws/install/perception_msgs/include/perception_msgs/msg/detail/lane_model__struct.hpp
[5.082s] -- Up-to-date: /ros2_ws/install/perception_msgs/include/perception_msgs/msg/detail/junction__traits.hpp
[5.082s] -- Up-to-date: /ros2_ws/install/perception_msgs/include/perception_msgs/msg/detail/obstacle_track__struct.hpp
[5.083s] -- Up-to-date: /ros2_ws/install/perception_msgs/include/perception_msgs/msg/detail/traffic_signs__struct.hpp
[5.083s] -- Up-to-date: /ros2_ws/install/perception_msgs/include/perception_msgs/msg/detail/junction__builder.hpp
[5.083s] -- Up-to-date: /ros2_ws/install/perception_msgs/include/perception_msgs/msg/detail/stop_target__struct.hpp
[5.084s] -- Up-to-date: /ros2_ws/install/perception_msgs/include/perception_msgs/msg/detail/junction__type_support.hpp
[5.084s] -- Up-to-date: /ros2_ws/install/perception_msgs/include/perception_msgs/msg/detail/traffic_sign__builder.hpp
[5.085s] -- Up-to-date: /ros2_ws/install/perception_msgs/include/perception_msgs/msg/detail/lane_model__builder.hpp
[5.085s] -- Up-to-date: /ros2_ws/install/perception_msgs/include/perception_msgs/msg/detail/perception_diagnostics__struct.hpp
[5.086s] -- Up-to-date: /ros2_ws/install/perception_msgs/include/perception_msgs/msg/detail/obstacle_tracks__traits.hpp
[5.087s] -- Up-to-date: /ros2_ws/install/perception_msgs/include/perception_msgs/msg/detail/traffic_light_state__type_support.hpp
[5.087s] -- Up-to-date: /ros2_ws/install/perception_msgs/include/perception_msgs/msg/detail/traffic_light_state__traits.hpp
[5.087s] -- Up-to-date: /ros2_ws/install/perception_msgs/include/perception_msgs/msg/detail/traffic_sign__traits.hpp
[5.088s] -- Up-to-date: /ros2_ws/install/perception_msgs/include/perception_msgs/msg/detail/perception_diagnostics__type_support.hpp
[5.088s] -- Up-to-date: /ros2_ws/install/perception_msgs/include/perception_msgs/msg/detail/lane_model__traits.hpp
[5.089s] -- Up-to-date: /ros2_ws/install/perception_msgs/include/perception_msgs/msg/detail/stop_target__type_support.hpp
[5.090s] -- Up-to-date: /ros2_ws/install/perception_msgs/include/perception_msgs/msg/detail/lane_model__type_support.hpp
[5.090s] -- Up-to-date: /ros2_ws/install/perception_msgs/include/perception_msgs/msg/detail/traffic_sign__type_support.hpp
[5.090s] -- Up-to-date: /ros2_ws/install/perception_msgs/include/perception_msgs/msg/detail/traffic_signs__type_support.hpp
[5.091s] -- Up-to-date: /ros2_ws/install/perception_msgs/include/perception_msgs/msg/detail/obstacle_track__type_support.hpp
[5.091s] -- Up-to-date: /ros2_ws/install/perception_msgs/include/perception_msgs/msg/detail/junction__struct.hpp
[5.092s] -- Up-to-date: /ros2_ws/install/perception_msgs/include/perception_msgs/msg/detail/perception_diagnostics__builder.hpp
[5.092s] -- Up-to-date: /ros2_ws/install/perception_msgs/include/perception_msgs/msg/rosidl_generator_cpp__visibility_control.hpp
[5.093s] -- Up-to-date: /ros2_ws/install/perception_msgs/include/perception_msgs/msg/traffic_light_state.hpp
[5.093s] -- Up-to-date: /ros2_ws/install/perception_msgs/include/perception_msgs/msg/traffic_signs.hpp
[5.095s] -- Up-to-date: /ros2_ws/install/perception_msgs/include/perception_msgs/msg/perception_diagnostics.hpp
[5.096s] -- Up-to-date: /ros2_ws/install/perception_msgs/include/perception_msgs/msg/junction.hpp
[5.096s] -- Up-to-date: /ros2_ws/install/perception_msgs/include/perception_msgs
[5.096s] -- Up-to-date: /ros2_ws/install/perception_msgs/include/perception_msgs/msg
[5.097s] -- Up-to-date: /ros2_ws/install/perception_msgs/include/perception_msgs/msg/detail
[5.097s] -- Up-to-date: /ros2_ws/install/perception_msgs/include/perception_msgs/msg/detail/perception_diagnostics__type_support.cpp
[5.097s] -- Up-to-date: /ros2_ws/install/perception_msgs/include/perception_msgs/msg/detail/stop_target__type_support.cpp
[5.098s] -- Up-to-date: /ros2_ws/install/perception_msgs/include/perception_msgs/msg/detail/obstacle_tracks__rosidl_typesupport_introspection_cpp.hpp
[5.099s] -- Up-to-date: /ros2_ws/install/perception_msgs/include/perception_msgs/msg/detail/traffic_sign__type_support.cpp
[5.099s] -- Up-to-date: /ros2_ws/install/perception_msgs/include/perception_msgs/msg/detail/lane_model__type_support.cpp
[5.099s] -- Up-to-date: /ros2_ws/install/perception_msgs/include/perception_msgs/msg/detail/traffic_signs__type_support.cpp
[5.100s] -- Up-to-date: /ros2_ws/install/perception_msgs/include/perception_msgs/msg/detail/obstacle_track__type_support.cpp
[5.100s] -- Up-to-date: /ros2_ws/install/perception_msgs/include/perception_msgs/msg/detail/obstacle_track__rosidl_typesupport_introspection_cpp.hpp
[5.100s] -- Up-to-date: /ros2_ws/install/perception_msgs/include/perception_msgs/msg/detail/junction__rosidl_typesupport_introspection_cpp.hpp
[5.101s] -- Up-to-date: /ros2_ws/install/perception_msgs/include/perception_msgs/msg/detail/stop_target__rosidl_typesupport_introspection_cpp.hpp
[5.101s] -- Up-to-date: /ros2_ws/install/perception_msgs/include/perception_msgs/msg/detail/perception_diagnostics__rosidl_typesupport_introspection_cpp.hpp
[5.101s] -- Up-to-date: /ros2_ws/install/perception_msgs/include/perception_msgs/msg/detail/traffic_light_state__rosidl_typesupport_introspection_cpp.hpp
[5.101s] -- Up-to-date: /ros2_ws/install/perception_msgs/include/perception_msgs/msg/detail/junction__type_support.cpp
[5.101s] -- Up-to-date: /ros2_ws/install/perception_msgs/include/perception_msgs/msg/detail/traffic_light_state__type_support.cpp
[5.102s] -- Up-to-date: /ros2_ws/install/perception_msgs/include/perception_msgs/msg/detail/lane_model__rosidl_typesupport_introspection_cpp.hpp
[5.102s] -- Up-to-date: /ros2_ws/install/perception_msgs/include/perception_msgs/msg/detail/obstacle_tracks__type_support.cpp
[5.103s] -- Up-to-date: /ros2_ws/install/perception_msgs/include/perception_msgs/msg/detail/traffic_sign__rosidl_typesupport_introspection_cpp.hpp
[5.103s] -- Up-to-date: /ros2_ws/install/perception_msgs/include/perception_msgs/msg/detail/traffic_signs__rosidl_typesupport_introspection_cpp.hpp
[5.103s] -- Up-to-date: /ros2_ws/install/perception_msgs/lib/libperception_msgs__rosidl_typesupport_introspection_cpp.so
[5.104s] -- Up-to-date: /ros2_ws/install/perception_msgs/lib/libperception_msgs__rosidl_typesupport_cpp.so
[5.104s] -- Up-to-date: /ros2_ws/install/perception_msgs/share/perception_msgs/environment/pythonpath.sh
[5.104s] -- Up-to-date: /ros2_ws/install/perception_msgs/share/perception_msgs/environment/pythonpath.dsv
[5.104s] -- Up-to-date: /ros2_ws/install/perception_msgs/lib/python3.8/site-packages/perception_msgs/__init__.py
[5.181s] -- Up-to-date: /ros2_ws/install/perception_msgs/lib/python3.8/site-packages/perception_msgs/msg
[5.181s] -- Up-to-date: /ros2_ws/install/perception_msgs/lib/python3.8/site-packages/perception_msgs/msg/_lane_model.py
[5.182s] -- Up-to-date: /ros2_ws/install/perception_msgs/lib/python3.8/site-packages/perception_msgs/msg/_lane_model_s.c
[5.182s] -- Up-to-date: /ros2_ws/install/perception_msgs/lib/python3.8/site-packages/perception_msgs/msg/_stop_target.py
[5.183s] -- Up-to-date: /ros2_ws/install/perception_msgs/lib/python3.8/site-packages/perception_msgs/msg/_traffic_sign.py
[5.183s] -- Up-to-date: /ros2_ws/install/perception_msgs/lib/python3.8/site-packages/perception_msgs/msg/_obstacle_tracks.py
[5.183s] -- Up-to-date: /ros2_ws/install/perception_msgs/lib/python3.8/site-packages/perception_msgs/msg/_obstacle_tracks_s.c
[5.184s] -- Up-to-date: /ros2_ws/install/perception_msgs/lib/python3.8/site-packages/perception_msgs/msg/_obstacle_track.py
[5.185s] -- Up-to-date: /ros2_ws/install/perception_msgs/lib/python3.8/site-packages/perception_msgs/msg/_perception_diagnostics.py
[5.185s] -- Up-to-date: /ros2_ws/install/perception_msgs/lib/python3.8/site-packages/perception_msgs/msg/_obstacle_track_s.c
[5.186s] -- Up-to-date: /ros2_ws/install/perception_msgs/lib/python3.8/site-packages/perception_msgs/msg/__init__.py
[5.186s] -- Up-to-date: /ros2_ws/install/perception_msgs/lib/python3.8/site-packages/perception_msgs/msg/_traffic_sign_s.c
[5.187s] -- Up-to-date: /ros2_ws/install/perception_msgs/lib/python3.8/site-packages/perception_msgs/msg/_junction_s.c
[5.187s] -- Up-to-date: /ros2_ws/install/perception_msgs/lib/python3.8/site-packages/perception_msgs/msg/_junction.py
[5.188s] -- Up-to-date: /ros2_ws/install/perception_msgs/lib/python3.8/site-packages/perception_msgs/msg/_stop_target_s.c
[5.188s] -- Up-to-date: /ros2_ws/install/perception_msgs/lib/python3.8/site-packages/perception_msgs/msg/_traffic_light_state.py
[5.189s] -- Up-to-date: /ros2_ws/install/perception_msgs/lib/python3.8/site-packages/perception_msgs/msg/_traffic_signs_s.c
[5.189s] -- Up-to-date: /ros2_ws/install/perception_msgs/lib/python3.8/site-packages/perception_msgs/msg/_perception_diagnostics_s.c
[5.190s] -- Up-to-date: /ros2_ws/install/perception_msgs/lib/python3.8/site-packages/perception_msgs/msg/_traffic_signs.py
[5.191s] -- Up-to-date: /ros2_ws/install/perception_msgs/lib/python3.8/site-packages/perception_msgs/msg/_traffic_light_state_s.c
[5.192s] -- Up-to-date: /ros2_ws/install/perception_msgs/lib/python3.8/site-packages/perception_msgs/perception_msgs_s__rosidl_typesupport_fastrtps_c.cpython-38-x86_64-linux-gnu.so
[5.192s] -- Up-to-date: /ros2_ws/install/perception_msgs/lib/python3.8/site-packages/perception_msgs/perception_msgs_s__rosidl_typesupport_introspection_c.cpython-38-x86_64-linux-gnu.so
[5.193s] -- Up-to-date: /ros2_ws/install/perception_msgs/lib/python3.8/site-packages/perception_msgs/perception_msgs_s__rosidl_typesupport_c.cpython-38-x86_64-linux-gnu.so
[5.194s] -- Up-to-date: /ros2_ws/install/perception_msgs/lib/libperception_msgs__python.so
[5.195s] -- Up-to-date: /ros2_ws/install/perception_msgs/share/perception_msgs/msg/LaneModel.idl
[5.195s] -- Up-to-date: /ros2_ws/install/perception_msgs/share/perception_msgs/msg/TrafficLightState.idl
[5.196s] -- Up-to-date: /ros2_ws/install/perception_msgs/share/perception_msgs/msg/TrafficSign.idl
[5.196s] -- Up-to-date: /ros2_ws/install/perception_msgs/share/perception_msgs/msg/TrafficSigns.idl
[5.197s] -- Up-to-date: /ros2_ws/install/perception_msgs/share/perception_msgs/msg/ObstacleTrack.idl
[5.198s] -- Up-to-date: /ros2_ws/install/perception_msgs/share/perception_msgs/msg/ObstacleTracks.idl
[5.198s] -- Up-to-date: /ros2_ws/install/perception_msgs/share/perception_msgs/msg/StopTarget.idl
[5.200s] -- Up-to-date: /ros2_ws/install/perception_msgs/share/perception_msgs/msg/Junction.idl
[5.202s] -- Up-to-date: /ros2_ws/install/perception_msgs/share/perception_msgs/msg/PerceptionDiagnostics.idl
[5.202s] -- Up-to-date: /ros2_ws/install/perception_msgs/share/perception_msgs/msg/LaneModel.msg
[5.203s] -- Up-to-date: /ros2_ws/install/perception_msgs/share/perception_msgs/msg/TrafficLightState.msg
[5.203s] -- Up-to-date: /ros2_ws/install/perception_msgs/share/perception_msgs/msg/TrafficSign.msg
[5.204s] -- Up-to-date: /ros2_ws/install/perception_msgs/share/perception_msgs/msg/TrafficSigns.msg
[5.205s] -- Up-to-date: /ros2_ws/install/perception_msgs/share/perception_msgs/msg/ObstacleTrack.msg
[5.206s] -- Up-to-date: /ros2_ws/install/perception_msgs/share/perception_msgs/msg/ObstacleTracks.msg
[5.206s] -- Up-to-date: /ros2_ws/install/perception_msgs/share/perception_msgs/msg/StopTarget.msg
[5.207s] -- Up-to-date: /ros2_ws/install/perception_msgs/share/perception_msgs/msg/Junction.msg
[5.207s] -- Up-to-date: /ros2_ws/install/perception_msgs/share/perception_msgs/msg/PerceptionDiagnostics.msg
[5.208s] -- Up-to-date: /ros2_ws/install/perception_msgs/share/ament_index/resource_index/package_run_dependencies/perception_msgs
[5.209s] -- Up-to-date: /ros2_ws/install/perception_msgs/share/ament_index/resource_index/parent_prefix_path/perception_msgs
[5.210s] -- Up-to-date: /ros2_ws/install/perception_msgs/share/perception_msgs/environment/ament_prefix_path.sh
[5.210s] -- Up-to-date: /ros2_ws/install/perception_msgs/share/perception_msgs/environment/ament_prefix_path.dsv
[5.211s] -- Up-to-date: /ros2_ws/install/perception_msgs/share/perception_msgs/environment/path.sh
[5.212s] -- Up-to-date: /ros2_ws/install/perception_msgs/share/perception_msgs/environment/path.dsv
[5.212s] -- Up-to-date: /ros2_ws/install/perception_msgs/share/perception_msgs/local_setup.bash
[5.213s] -- Up-to-date: /ros2_ws/install/perception_msgs/share/perception_msgs/local_setup.sh
[5.213s] -- Up-to-date: /ros2_ws/install/perception_msgs/share/perception_msgs/local_setup.zsh
[5.214s] -- Up-to-date: /ros2_ws/install/perception_msgs/share/perception_msgs/local_setup.dsv
[5.214s] -- Up-to-date: /ros2_ws/install/perception_msgs/share/perception_msgs/package.dsv
[5.215s] -- Up-to-date: /ros2_ws/install/perception_msgs/share/ament_index/resource_index/packages/perception_msgs
[5.216s] -- Up-to-date: /ros2_ws/install/perception_msgs/share/perception_msgs/cmake/perception_msgs__rosidl_generator_cExport.cmake
[5.216s] -- Up-to-date: /ros2_ws/install/perception_msgs/share/perception_msgs/cmake/perception_msgs__rosidl_generator_cExport-noconfig.cmake
[5.217s] -- Up-to-date: /ros2_ws/install/perception_msgs/share/perception_msgs/cmake/perception_msgs__rosidl_typesupport_introspection_cExport.cmake
[5.217s] -- Up-to-date: /ros2_ws/install/perception_msgs/share/perception_msgs/cmake/perception_msgs__rosidl_typesupport_introspection_cExport-noconfig.cmake
[5.218s] -- Up-to-date: /ros2_ws/install/perception_msgs/share/perception_msgs/cmake/perception_msgs__rosidl_typesupport_cExport.cmake
[5.218s] -- Up-to-date: /ros2_ws/install/perception_msgs/share/perception_msgs/cmake/perception_msgs__rosidl_typesupport_cExport-noconfig.cmake
[5.219s] -- Up-to-date: /ros2_ws/install/perception_msgs/share/perception_msgs/cmake/perception_msgs__rosidl_generator_cppExport.cmake
[5.219s] -- Up-to-date: /ros2_ws/install/perception_msgs/share/perception_msgs/cmake/perception_msgs__rosidl_typesupport_introspection_cppExport.cmake
[5.219s] -- Up-to-date: /ros2_ws/install/perception_msgs/share/perception_msgs/cmake/perception_msgs__rosidl_typesupport_introspection_cppExport-noconfig.cmake
[5.220s] -- Up-to-date: /ros2_ws/install/perception_msgs/share/perception_msgs/cmake/perception_msgs__rosidl_typesupport_cppExport.cmake
[5.220s] -- Up-to-date: /ros2_ws/install/perception_msgs/share/perception_msgs/cmake/perception_msgs__rosidl_typesupport_cppExport-noconfig.cmake
[5.220s] -- Up-to-date: /ros2_ws/install/perception_msgs/share/perception_msgs/cmake/rosidl_cmake-extras.cmake
[5.221s] -- Up-to-date: /ros2_ws/install/perception_msgs/share/perception_msgs/cmake/ament_cmake_export_dependencies-extras.cmake
[5.221s] -- Up-to-date: /ros2_ws/install/perception_msgs/share/perception_msgs/cmake/ament_cmake_export_libraries-extras.cmake
[5.223s] -- Up-to-date: /ros2_ws/install/perception_msgs/share/perception_msgs/cmake/ament_cmake_export_targets-extras.cmake
[5.223s] -- Up-to-date: /ros2_ws/install/perception_msgs/share/perception_msgs/cmake/ament_cmake_export_include_directories-extras.cmake
[5.224s] -- Up-to-date: /ros2_ws/install/perception_msgs/share/perception_msgs/cmake/rosidl_cmake_export_typesupport_libraries-extras.cmake
[5.224s] -- Up-to-date: /ros2_ws/install/perception_msgs/share/perception_msgs/cmake/rosidl_cmake_export_typesupport_targets-extras.cmake
[5.224s] -- Up-to-date: /ros2_ws/install/perception_msgs/share/perception_msgs/cmake/perception_msgsConfig.cmake
[5.225s] -- Up-to-date: /ros2_ws/install/perception_msgs/share/perception_msgs/cmake/perception_msgsConfig-version.cmake
[5.228s] -- Up-to-date: /ros2_ws/install/perception_msgs/share/perception_msgs/package.xml
[5.230s] Invoked command in '/ros2_ws/build/perception_msgs' returned '0': CMAKE_PREFIX_PATH=/opt/ros/foxy /usr/bin/cmake --install /ros2_ws/build/perception_msgs
