running egg_info
writing ../../build/planning/planning.egg-info/PKG-INFO
writing dependency_links to ../../build/planning/planning.egg-info/dependency_links.txt
writing entry points to ../../build/planning/planning.egg-info/entry_points.txt
writing requirements to ../../build/planning/planning.egg-info/requires.txt
writing top-level names to ../../build/planning/planning.egg-info/top_level.txt
reading manifest file '../../build/planning/planning.egg-info/SOURCES.txt'
writing manifest file '../../build/planning/planning.egg-info/SOURCES.txt'
running build
running build_py
creating /ros2_ws/build/planning/build
creating /ros2_ws/build/planning/build/lib
creating /ros2_ws/build/planning/build/lib/planning
copying planning/obstacle_decision.py -> /ros2_ws/build/planning/build/lib/planning
copying planning/timeout_checker.py -> /ros2_ws/build/planning/build/lib/planning
copying planning/speed_profile.py -> /ros2_ws/build/planning/build/lib/planning
copying planning/mode_handler.py -> /ros2_ws/build/planning/build/lib/planning
copying planning/__init__.py -> /ros2_ws/build/planning/build/lib/planning
copying planning/stop_decision.py -> /ros2_ws/build/planning/build/lib/planning
copying planning/waypoint_manager.py -> /ros2_ws/build/planning/build/lib/planning
copying planning/parking_planner.py -> /ros2_ws/build/planning/build/lib/planning
copying planning/coordinate_transform.py -> /ros2_ws/build/planning/build/lib/planning
copying planning/utils.py -> /ros2_ws/build/planning/build/lib/planning
copying planning/geojson_loader.py -> /ros2_ws/build/planning/build/lib/planning
copying planning/trajectory_builder.py -> /ros2_ws/build/planning/build/lib/planning
copying planning/route_context_publisher.py -> /ros2_ws/build/planning/build/lib/planning
copying planning/planner_node.py -> /ros2_ws/build/planning/build/lib/planning
running install
running install_lib
creating /ros2_ws/install/planning/lib/python3.8/site-packages/planning
copying /ros2_ws/build/planning/build/lib/planning/obstacle_decision.py -> /ros2_ws/install/planning/lib/python3.8/site-packages/planning
copying /ros2_ws/build/planning/build/lib/planning/timeout_checker.py -> /ros2_ws/install/planning/lib/python3.8/site-packages/planning
copying /ros2_ws/build/planning/build/lib/planning/speed_profile.py -> /ros2_ws/install/planning/lib/python3.8/site-packages/planning
copying /ros2_ws/build/planning/build/lib/planning/mode_handler.py -> /ros2_ws/install/planning/lib/python3.8/site-packages/planning
copying /ros2_ws/build/planning/build/lib/planning/__init__.py -> /ros2_ws/install/planning/lib/python3.8/site-packages/planning
copying /ros2_ws/build/planning/build/lib/planning/stop_decision.py -> /ros2_ws/install/planning/lib/python3.8/site-packages/planning
copying /ros2_ws/build/planning/build/lib/planning/waypoint_manager.py -> /ros2_ws/install/planning/lib/python3.8/site-packages/planning
copying /ros2_ws/build/planning/build/lib/planning/parking_planner.py -> /ros2_ws/install/planning/lib/python3.8/site-packages/planning
copying /ros2_ws/build/planning/build/lib/planning/coordinate_transform.py -> /ros2_ws/install/planning/lib/python3.8/site-packages/planning
copying /ros2_ws/build/planning/build/lib/planning/utils.py -> /ros2_ws/install/planning/lib/python3.8/site-packages/planning
copying /ros2_ws/build/planning/build/lib/planning/geojson_loader.py -> /ros2_ws/install/planning/lib/python3.8/site-packages/planning
copying /ros2_ws/build/planning/build/lib/planning/trajectory_builder.py -> /ros2_ws/install/planning/lib/python3.8/site-packages/planning
copying /ros2_ws/build/planning/build/lib/planning/route_context_publisher.py -> /ros2_ws/install/planning/lib/python3.8/site-packages/planning
copying /ros2_ws/build/planning/build/lib/planning/planner_node.py -> /ros2_ws/install/planning/lib/python3.8/site-packages/planning
byte-compiling /ros2_ws/install/planning/lib/python3.8/site-packages/planning/obstacle_decision.py to obstacle_decision.cpython-38.pyc
byte-compiling /ros2_ws/install/planning/lib/python3.8/site-packages/planning/timeout_checker.py to timeout_checker.cpython-38.pyc
byte-compiling /ros2_ws/install/planning/lib/python3.8/site-packages/planning/speed_profile.py to speed_profile.cpython-38.pyc
byte-compiling /ros2_ws/install/planning/lib/python3.8/site-packages/planning/mode_handler.py to mode_handler.cpython-38.pyc
byte-compiling /ros2_ws/install/planning/lib/python3.8/site-packages/planning/__init__.py to __init__.cpython-38.pyc
byte-compiling /ros2_ws/install/planning/lib/python3.8/site-packages/planning/stop_decision.py to stop_decision.cpython-38.pyc
byte-compiling /ros2_ws/install/planning/lib/python3.8/site-packages/planning/waypoint_manager.py to waypoint_manager.cpython-38.pyc
byte-compiling /ros2_ws/install/planning/lib/python3.8/site-packages/planning/parking_planner.py to parking_planner.cpython-38.pyc
byte-compiling /ros2_ws/install/planning/lib/python3.8/site-packages/planning/coordinate_transform.py to coordinate_transform.cpython-38.pyc
byte-compiling /ros2_ws/install/planning/lib/python3.8/site-packages/planning/utils.py to utils.cpython-38.pyc
byte-compiling /ros2_ws/install/planning/lib/python3.8/site-packages/planning/geojson_loader.py to geojson_loader.cpython-38.pyc
byte-compiling /ros2_ws/install/planning/lib/python3.8/site-packages/planning/trajectory_builder.py to trajectory_builder.cpython-38.pyc
byte-compiling /ros2_ws/install/planning/lib/python3.8/site-packages/planning/route_context_publisher.py to route_context_publisher.cpython-38.pyc
byte-compiling /ros2_ws/install/planning/lib/python3.8/site-packages/planning/planner_node.py to planner_node.cpython-38.pyc
running install_data
running install_egg_info
removing '/ros2_ws/install/planning/lib/python3.8/site-packages/planning-0.0.1-py3.8.egg-info' (and everything under it)
Copying ../../build/planning/planning.egg-info to /ros2_ws/install/planning/lib/python3.8/site-packages/planning-0.0.1-py3.8.egg-info
running install_scripts
Installing planner_node script to /ros2_ws/install/planning/lib/planning
writing list of installed files to '/ros2_ws/build/planning/install.log'
