[0.749s] Invoking command in '/ros2_ws/src/planning': PYTHONPATH=/ros2_ws/build/planning/prefix_override:/ros2_ws/install/planning/lib/python3.8/site-packages:/ros2_ws/install/planning_msgs/lib/python3.8/site-packages:/ros2_ws/install/perception_msgs/lib/python3.8/site-packages:/ros2_ws/install/localization_msgs/lib/python3.8/site-packages:/ros2_ws/install/fsm_msgs/lib/python3.8/site-packages:/ros2_ws/install/common_msgs/lib/python3.8/site-packages:/ros2_ws/install/planning/lib/python3.8/site-packages:/ros2_ws/install/perception/lib/python3.8/site-packages:/ros2_ws/install/fsm/lib/python3.8/site-packages:/ros2_ws/install/cengaver_controller/lib/python3.8/site-packages:/ros2_ws/install/localization/lib/python3.8/site-packages:/opt/ros/foxy/lib/python3.8/site-packages /usr/bin/python3 setup.py egg_info --egg-base ../../build/planning build --build-base /ros2_ws/build/planning/build install --record /ros2_ws/build/planning/install.log --single-version-externally-managed
[0.947s] running egg_info
[0.947s] writing ../../build/planning/planning.egg-info/PKG-INFO
[0.948s] writing dependency_links to ../../build/planning/planning.egg-info/dependency_links.txt
[0.948s] writing entry points to ../../build/planning/planning.egg-info/entry_points.txt
[0.949s] writing requirements to ../../build/planning/planning.egg-info/requires.txt
[0.950s] writing top-level names to ../../build/planning/planning.egg-info/top_level.txt
[0.970s] reading manifest file '../../build/planning/planning.egg-info/SOURCES.txt'
[0.971s] writing manifest file '../../build/planning/planning.egg-info/SOURCES.txt'
[0.972s] running build
[0.972s] running build_py
[0.973s] creating /ros2_ws/build/planning/build
[0.973s] creating /ros2_ws/build/planning/build/lib
[0.973s] creating /ros2_ws/build/planning/build/lib/planning
[0.974s] copying planning/obstacle_decision.py -> /ros2_ws/build/planning/build/lib/planning
[0.974s] copying planning/timeout_checker.py -> /ros2_ws/build/planning/build/lib/planning
[0.975s] copying planning/speed_profile.py -> /ros2_ws/build/planning/build/lib/planning
[0.976s] copying planning/mode_handler.py -> /ros2_ws/build/planning/build/lib/planning
[0.977s] copying planning/__init__.py -> /ros2_ws/build/planning/build/lib/planning
[0.978s] copying planning/stop_decision.py -> /ros2_ws/build/planning/build/lib/planning
[0.978s] copying planning/waypoint_manager.py -> /ros2_ws/build/planning/build/lib/planning
[0.979s] copying planning/parking_planner.py -> /ros2_ws/build/planning/build/lib/planning
[0.980s] copying planning/coordinate_transform.py -> /ros2_ws/build/planning/build/lib/planning
[0.981s] copying planning/utils.py -> /ros2_ws/build/planning/build/lib/planning
[0.981s] copying planning/geojson_loader.py -> /ros2_ws/build/planning/build/lib/planning
[0.982s] copying planning/trajectory_builder.py -> /ros2_ws/build/planning/build/lib/planning
[0.983s] copying planning/route_context_publisher.py -> /ros2_ws/build/planning/build/lib/planning
[0.983s] copying planning/planner_node.py -> /ros2_ws/build/planning/build/lib/planning
[0.985s] running install
[0.985s] running install_lib
[0.986s] creating /ros2_ws/install/planning/lib/python3.8/site-packages/planning
[0.986s] copying /ros2_ws/build/planning/build/lib/planning/obstacle_decision.py -> /ros2_ws/install/planning/lib/python3.8/site-packages/planning
[0.987s] copying /ros2_ws/build/planning/build/lib/planning/timeout_checker.py -> /ros2_ws/install/planning/lib/python3.8/site-packages/planning
[0.988s] copying /ros2_ws/build/planning/build/lib/planning/speed_profile.py -> /ros2_ws/install/planning/lib/python3.8/site-packages/planning
[0.988s] copying /ros2_ws/build/planning/build/lib/planning/mode_handler.py -> /ros2_ws/install/planning/lib/python3.8/site-packages/planning
[0.989s] copying /ros2_ws/build/planning/build/lib/planning/__init__.py -> /ros2_ws/install/planning/lib/python3.8/site-packages/planning
[0.989s] copying /ros2_ws/build/planning/build/lib/planning/stop_decision.py -> /ros2_ws/install/planning/lib/python3.8/site-packages/planning
[0.990s] copying /ros2_ws/build/planning/build/lib/planning/waypoint_manager.py -> /ros2_ws/install/planning/lib/python3.8/site-packages/planning
[0.991s] copying /ros2_ws/build/planning/build/lib/planning/parking_planner.py -> /ros2_ws/install/planning/lib/python3.8/site-packages/planning
[0.992s] copying /ros2_ws/build/planning/build/lib/planning/coordinate_transform.py -> /ros2_ws/install/planning/lib/python3.8/site-packages/planning
[0.992s] copying /ros2_ws/build/planning/build/lib/planning/utils.py -> /ros2_ws/install/planning/lib/python3.8/site-packages/planning
[0.993s] copying /ros2_ws/build/planning/build/lib/planning/geojson_loader.py -> /ros2_ws/install/planning/lib/python3.8/site-packages/planning
[0.994s] copying /ros2_ws/build/planning/build/lib/planning/trajectory_builder.py -> /ros2_ws/install/planning/lib/python3.8/site-packages/planning
[0.994s] copying /ros2_ws/build/planning/build/lib/planning/route_context_publisher.py -> /ros2_ws/install/planning/lib/python3.8/site-packages/planning
[0.995s] copying /ros2_ws/build/planning/build/lib/planning/planner_node.py -> /ros2_ws/install/planning/lib/python3.8/site-packages/planning
[0.998s] byte-compiling /ros2_ws/install/planning/lib/python3.8/site-packages/planning/obstacle_decision.py to obstacle_decision.cpython-38.pyc
[1.003s] byte-compiling /ros2_ws/install/planning/lib/python3.8/site-packages/planning/timeout_checker.py to timeout_checker.cpython-38.pyc
[1.004s] byte-compiling /ros2_ws/install/planning/lib/python3.8/site-packages/planning/speed_profile.py to speed_profile.cpython-38.pyc
[1.006s] byte-compiling /ros2_ws/install/planning/lib/python3.8/site-packages/planning/mode_handler.py to mode_handler.cpython-38.pyc
[1.007s] byte-compiling /ros2_ws/install/planning/lib/python3.8/site-packages/planning/__init__.py to __init__.cpython-38.pyc
[1.008s] byte-compiling /ros2_ws/install/planning/lib/python3.8/site-packages/planning/stop_decision.py to stop_decision.cpython-38.pyc
[1.009s] byte-compiling /ros2_ws/install/planning/lib/python3.8/site-packages/planning/waypoint_manager.py to waypoint_manager.cpython-38.pyc
[1.013s] byte-compiling /ros2_ws/install/planning/lib/python3.8/site-packages/planning/parking_planner.py to parking_planner.cpython-38.pyc
[1.013s] byte-compiling /ros2_ws/install/planning/lib/python3.8/site-packages/planning/coordinate_transform.py to coordinate_transform.cpython-38.pyc
[1.015s] byte-compiling /ros2_ws/install/planning/lib/python3.8/site-packages/planning/utils.py to utils.cpython-38.pyc
[1.017s] byte-compiling /ros2_ws/install/planning/lib/python3.8/site-packages/planning/geojson_loader.py to geojson_loader.cpython-38.pyc
[1.018s] byte-compiling /ros2_ws/install/planning/lib/python3.8/site-packages/planning/trajectory_builder.py to trajectory_builder.cpython-38.pyc
[1.019s] byte-compiling /ros2_ws/install/planning/lib/python3.8/site-packages/planning/route_context_publisher.py to route_context_publisher.cpython-38.pyc
[1.022s] byte-compiling /ros2_ws/install/planning/lib/python3.8/site-packages/planning/planner_node.py to planner_node.cpython-38.pyc
[1.024s] running install_data
[1.025s] running install_egg_info
[1.027s] removing '/ros2_ws/install/planning/lib/python3.8/site-packages/planning-0.0.1-py3.8.egg-info' (and everything under it)
[1.028s] Copying ../../build/planning/planning.egg-info to /ros2_ws/install/planning/lib/python3.8/site-packages/planning-0.0.1-py3.8.egg-info
[1.033s] running install_scripts
[1.045s] Installing planner_node script to /ros2_ws/install/planning/lib/planning
[1.046s] writing list of installed files to '/ros2_ws/build/planning/install.log'
[1.059s] Invoked command in '/ros2_ws/src/planning' returned '0': PYTHONPATH=/ros2_ws/build/planning/prefix_override:/ros2_ws/install/planning/lib/python3.8/site-packages:/ros2_ws/install/planning_msgs/lib/python3.8/site-packages:/ros2_ws/install/perception_msgs/lib/python3.8/site-packages:/ros2_ws/install/localization_msgs/lib/python3.8/site-packages:/ros2_ws/install/fsm_msgs/lib/python3.8/site-packages:/ros2_ws/install/common_msgs/lib/python3.8/site-packages:/ros2_ws/install/planning/lib/python3.8/site-packages:/ros2_ws/install/perception/lib/python3.8/site-packages:/ros2_ws/install/fsm/lib/python3.8/site-packages:/ros2_ws/install/cengaver_controller/lib/python3.8/site-packages:/ros2_ws/install/localization/lib/python3.8/site-packages:/opt/ros/foxy/lib/python3.8/site-packages /usr/bin/python3 setup.py egg_info --egg-base ../../build/planning build --build-base /ros2_ws/build/planning/build install --record /ros2_ws/build/planning/install.log --single-version-externally-managed
