[0.070s] Invoking command in '/ros2_ws/build/perception_msgs': CMAKE_PREFIX_PATH=/opt/ros/foxy /usr/bin/cmake --build /ros2_ws/build/perception_msgs -- -j10 -l10
[0.551s] [  4%] Built target perception_msgs__cpp
[0.556s] [ 12%] Built target perception_msgs__rosidl_generator_c
[0.934s] [ 38%] Built target perception_msgs__rosidl_typesupport_c
[0.952s] [ 47%] Built target perception_msgs__rosidl_typesupport_cpp
[0.952s] [ 47%] Built target perception_msgs__rosidl_typesupport_introspection_c
[0.966s] [ 69%] Built target perception_msgs__rosidl_typesupport_introspection_cpp
[0.970s] [ 70%] Built target perception_msgs__rosidl_typesupport_fastrtps_cpp
[1.121s] [ 82%] Built target perception_msgs__rosidl_typesupport_fastrtps_c
[1.249s] [ 82%] Built target perception_msgs
[1.379s] [ 83%] Built target perception_msgs__py
[1.564s] [ 93%] Built target perception_msgs__python
[1.779s] [ 95%] Built target perception_msgs__rosidl_typesupport_c__pyext
[1.801s] [ 97%] Built target perception_msgs__rosidl_typesupport_fastrtps_c__pyext
[1.813s] [100%] Built target perception_msgs__rosidl_typesupport_introspection_c__pyext
[1.868s] Invoked command in '/ros2_ws/build/perception_msgs' returned '0': CMAKE_PREFIX_PATH=/opt/ros/foxy /usr/bin/cmake --build /ros2_ws/build/perception_msgs -- -j10 -l10
[4.719s] Invoking command in '/ros2_ws/build/perception_msgs': CMAKE_PREFIX_PATH=/opt/ros/foxy /usr/bin/cmake --install /ros2_ws/build/perception_msgs
[4.790s] -- Install configuration: ""
[4.793s] -- Up-to-date: /ros2_ws/install/perception_msgs/share/ament_index/resource_index/rosidl_interfaces/perception_msgs
[4.794s] -- Up-to-date: /ros2_ws/install/perception_msgs/include/perception_msgs
[4.796s] -- Up-to-date: /ros2_ws/install/perception_msgs/include/perception_msgs/msg
[4.797s] -- Up-to-date: /ros2_ws/install/perception_msgs/include/perception_msgs/msg/obstacle_track.h
[4.797s] -- Up-to-date: /ros2_ws/install/perception_msgs/include/perception_msgs/msg/rosidl_generator_c__visibility_control.h
[4.798s] -- Up-to-date: /ros2_ws/install/perception_msgs/include/perception_msgs/msg/obstacle_tracks.h
[4.798s] -- Up-to-date: /ros2_ws/install/perception_msgs/include/perception_msgs/msg/traffic_light_state.h
[4.799s] -- Up-to-date: /ros2_ws/install/perception_msgs/include/perception_msgs/msg/detail
[4.799s] -- Up-to-date: /ros2_ws/install/perception_msgs/include/perception_msgs/msg/detail/perception_diagnostics__functions.h
[4.800s] -- Up-to-date: /ros2_ws/install/perception_msgs/include/perception_msgs/msg/detail/obstacle_tracks__struct.h
[4.801s] -- Up-to-date: /ros2_ws/install/perception_msgs/include/perception_msgs/msg/detail/lane_model__struct.h
[4.801s] -- Up-to-date: /ros2_ws/install/perception_msgs/include/perception_msgs/msg/detail/obstacle_tracks__functions.c
[4.802s] -- Up-to-date: /ros2_ws/install/perception_msgs/include/perception_msgs/msg/detail/stop_target__functions.c
[4.802s] -- Up-to-date: /ros2_ws/install/perception_msgs/include/perception_msgs/msg/detail/perception_diagnostics__type_support.h
[4.803s] -- Up-to-date: /ros2_ws/install/perception_msgs/include/perception_msgs/msg/detail/obstacle_track__functions.c
[4.803s] -- Up-to-date: /ros2_ws/install/perception_msgs/include/perception_msgs/msg/detail/stop_target__type_support.h
[4.804s] -- Up-to-date: /ros2_ws/install/perception_msgs/include/perception_msgs/msg/detail/traffic_light_state__functions.c
[4.804s] -- Up-to-date: /ros2_ws/install/perception_msgs/include/perception_msgs/msg/detail/traffic_sign__struct.h
[4.807s] -- Up-to-date: /ros2_ws/install/perception_msgs/include/perception_msgs/msg/detail/lane_model__functions.h
[4.808s] -- Up-to-date: /ros2_ws/install/perception_msgs/include/perception_msgs/msg/detail/traffic_sign__functions.h
[4.808s] -- Up-to-date: /ros2_ws/install/perception_msgs/include/perception_msgs/msg/detail/traffic_signs__functions.c
[4.808s] -- Up-to-date: /ros2_ws/install/perception_msgs/include/perception_msgs/msg/detail/traffic_light_state__type_support.h
[4.808s] -- Up-to-date: /ros2_ws/install/perception_msgs/include/perception_msgs/msg/detail/junction__functions.h
[4.809s] -- Up-to-date: /ros2_ws/install/perception_msgs/include/perception_msgs/msg/detail/junction__struct.h
[4.809s] -- Up-to-date: /ros2_ws/install/perception_msgs/include/perception_msgs/msg/detail/perception_diagnostics__functions.c
[4.809s] -- Up-to-date: /ros2_ws/install/perception_msgs/include/perception_msgs/msg/detail/stop_target__struct.h
[4.809s] -- Up-to-date: /ros2_ws/install/perception_msgs/include/perception_msgs/msg/detail/obstacle_tracks__functions.h
[4.809s] -- Up-to-date: /ros2_ws/install/perception_msgs/include/perception_msgs/msg/detail/perception_diagnostics__struct.h
[4.809s] -- Up-to-date: /ros2_ws/install/perception_msgs/include/perception_msgs/msg/detail/stop_target__functions.h
[4.811s] -- Up-to-date: /ros2_ws/install/perception_msgs/include/perception_msgs/msg/detail/obstacle_tracks__type_support.h
[4.811s] -- Up-to-date: /ros2_ws/install/perception_msgs/include/perception_msgs/msg/detail/obstacle_track__struct.h
[4.812s] -- Up-to-date: /ros2_ws/install/perception_msgs/include/perception_msgs/msg/detail/traffic_sign__type_support.h
[4.812s] -- Up-to-date: /ros2_ws/install/perception_msgs/include/perception_msgs/msg/detail/obstacle_track__type_support.h
[4.812s] -- Up-to-date: /ros2_ws/install/perception_msgs/include/perception_msgs/msg/detail/lane_model__type_support.h
[4.812s] -- Up-to-date: /ros2_ws/install/perception_msgs/include/perception_msgs/msg/detail/traffic_light_state__functions.h
[4.813s] -- Up-to-date: /ros2_ws/install/perception_msgs/include/perception_msgs/msg/detail/obstacle_track__functions.h
[4.813s] -- Up-to-date: /ros2_ws/install/perception_msgs/include/perception_msgs/msg/detail/traffic_signs__type_support.h
[4.813s] -- Up-to-date: /ros2_ws/install/perception_msgs/include/perception_msgs/msg/detail/junction__type_support.h
[4.813s] -- Up-to-date: /ros2_ws/install/perception_msgs/include/perception_msgs/msg/detail/traffic_signs__struct.h
[4.814s] -- Up-to-date: /ros2_ws/install/perception_msgs/include/perception_msgs/msg/detail/junction__functions.c
[4.814s] -- Up-to-date: /ros2_ws/install/perception_msgs/include/perception_msgs/msg/detail/traffic_signs__functions.h
[4.814s] -- Up-to-date: /ros2_ws/install/perception_msgs/include/perception_msgs/msg/detail/lane_model__functions.c
[4.814s] -- Up-to-date: /ros2_ws/install/perception_msgs/include/perception_msgs/msg/detail/traffic_light_state__struct.h
[4.815s] -- Up-to-date: /ros2_ws/install/perception_msgs/include/perception_msgs/msg/detail/traffic_sign__functions.c
[4.815s] -- Up-to-date: /ros2_ws/install/perception_msgs/include/perception_msgs/msg/junction.h
[4.815s] -- Up-to-date: /ros2_ws/install/perception_msgs/include/perception_msgs/msg/lane_model.h
[4.815s] -- Up-to-date: /ros2_ws/install/perception_msgs/include/perception_msgs/msg/perception_diagnostics.h
[4.815s] -- Up-to-date: /ros2_ws/install/perception_msgs/include/perception_msgs/msg/traffic_signs.h
[4.816s] -- Up-to-date: /ros2_ws/install/perception_msgs/include/perception_msgs/msg/stop_target.h
[4.816s] -- Up-to-date: /ros2_ws/install/perception_msgs/include/perception_msgs/msg/traffic_sign.h
[4.817s] -- Up-to-date: /ros2_ws/install/perception_msgs/share/perception_msgs/environment/library_path.sh
[4.817s] -- Up-to-date: /ros2_ws/install/perception_msgs/share/perception_msgs/environment/library_path.dsv
[4.818s] -- Up-to-date: /ros2_ws/install/perception_msgs/lib/libperception_msgs__rosidl_generator_c.so
[4.818s] -- Up-to-date: /ros2_ws/install/perception_msgs/include/perception_msgs
[4.819s] -- Up-to-date: /ros2_ws/install/perception_msgs/include/perception_msgs/msg
[4.820s] -- Up-to-date: /ros2_ws/install/perception_msgs/include/perception_msgs/msg/detail
[4.820s] -- Up-to-date: /ros2_ws/install/perception_msgs/include/perception_msgs/msg/detail/stop_target__rosidl_typesupport_fastrtps_c.h
[4.820s] -- Up-to-date: /ros2_ws/install/perception_msgs/include/perception_msgs/msg/detail/obstacle_track__rosidl_typesupport_fastrtps_c.h
[4.820s] -- Up-to-date: /ros2_ws/install/perception_msgs/include/perception_msgs/msg/detail/traffic_sign__rosidl_typesupport_fastrtps_c.h
[4.821s] -- Up-to-date: /ros2_ws/install/perception_msgs/include/perception_msgs/msg/detail/traffic_signs__rosidl_typesupport_fastrtps_c.h
[4.821s] -- Up-to-date: /ros2_ws/install/perception_msgs/include/perception_msgs/msg/detail/junction__rosidl_typesupport_fastrtps_c.h
[4.821s] -- Up-to-date: /ros2_ws/install/perception_msgs/include/perception_msgs/msg/detail/obstacle_tracks__rosidl_typesupport_fastrtps_c.h
[4.821s] -- Up-to-date: /ros2_ws/install/perception_msgs/include/perception_msgs/msg/detail/perception_diagnostics__rosidl_typesupport_fastrtps_c.h
[4.822s] -- Up-to-date: /ros2_ws/install/perception_msgs/include/perception_msgs/msg/detail/traffic_light_state__rosidl_typesupport_fastrtps_c.h
[4.822s] -- Up-to-date: /ros2_ws/install/perception_msgs/include/perception_msgs/msg/detail/lane_model__rosidl_typesupport_fastrtps_c.h
[4.822s] -- Up-to-date: /ros2_ws/install/perception_msgs/include/perception_msgs/msg/rosidl_typesupport_fastrtps_c__visibility_control.h
[4.823s] -- Up-to-date: /ros2_ws/install/perception_msgs/lib/libperception_msgs__rosidl_typesupport_fastrtps_c.so
[4.823s] -- Up-to-date: /ros2_ws/install/perception_msgs/include/perception_msgs
[4.824s] -- Up-to-date: /ros2_ws/install/perception_msgs/include/perception_msgs/msg
[4.824s] -- Up-to-date: /ros2_ws/install/perception_msgs/include/perception_msgs/msg/rosidl_typesupport_fastrtps_cpp__visibility_control.h
[4.824s] -- Up-to-date: /ros2_ws/install/perception_msgs/include/perception_msgs/msg/detail
[4.825s] -- Up-to-date: /ros2_ws/install/perception_msgs/include/perception_msgs/msg/detail/obstacle_tracks__rosidl_typesupport_fastrtps_cpp.hpp
[4.825s] -- Up-to-date: /ros2_ws/install/perception_msgs/include/perception_msgs/msg/detail/lane_model__rosidl_typesupport_fastrtps_cpp.hpp
[4.826s] -- Up-to-date: /ros2_ws/install/perception_msgs/include/perception_msgs/msg/detail/stop_target__rosidl_typesupport_fastrtps_cpp.hpp
[4.826s] -- Up-to-date: /ros2_ws/install/perception_msgs/include/perception_msgs/msg/detail/perception_diagnostics__rosidl_typesupport_fastrtps_cpp.hpp
[4.826s] -- Up-to-date: /ros2_ws/install/perception_msgs/include/perception_msgs/msg/detail/traffic_light_state__rosidl_typesupport_fastrtps_cpp.hpp
[4.827s] -- Up-to-date: /ros2_ws/install/perception_msgs/include/perception_msgs/msg/detail/obstacle_track__rosidl_typesupport_fastrtps_cpp.hpp
[4.827s] -- Up-to-date: /ros2_ws/install/perception_msgs/include/perception_msgs/msg/detail/traffic_signs__rosidl_typesupport_fastrtps_cpp.hpp
[4.827s] -- Up-to-date: /ros2_ws/install/perception_msgs/include/perception_msgs/msg/detail/dds_fastrtps
[4.828s] -- Up-to-date: /ros2_ws/install/perception_msgs/include/perception_msgs/msg/detail/junction__rosidl_typesupport_fastrtps_cpp.hpp
[4.828s] -- Up-to-date: /ros2_ws/install/perception_msgs/include/perception_msgs/msg/detail/traffic_sign__rosidl_typesupport_fastrtps_cpp.hpp
[4.829s] -- Up-to-date: /ros2_ws/install/perception_msgs/lib/libperception_msgs__rosidl_typesupport_fastrtps_cpp.so
[4.829s] -- Up-to-date: /ros2_ws/install/perception_msgs/include/perception_msgs
[4.829s] -- Up-to-date: /ros2_ws/install/perception_msgs/include/perception_msgs/msg
[4.830s] -- Up-to-date: /ros2_ws/install/perception_msgs/include/perception_msgs/msg/detail
[4.830s] -- Up-to-date: /ros2_ws/install/perception_msgs/include/perception_msgs/msg/detail/stop_target__rosidl_typesupport_introspection_c.h
[4.831s] -- Up-to-date: /ros2_ws/install/perception_msgs/include/perception_msgs/msg/detail/traffic_light_state__rosidl_typesupport_introspection_c.h
[4.831s] -- Up-to-date: /ros2_ws/install/perception_msgs/include/perception_msgs/msg/detail/traffic_sign__type_support.c
[4.832s] -- Up-to-date: /ros2_ws/install/perception_msgs/include/perception_msgs/msg/detail/obstacle_tracks__type_support.c
[4.833s] -- Up-to-date: /ros2_ws/install/perception_msgs/include/perception_msgs/msg/detail/traffic_signs__rosidl_typesupport_introspection_c.h
[4.833s] -- Up-to-date: /ros2_ws/install/perception_msgs/include/perception_msgs/msg/detail/traffic_sign__rosidl_typesupport_introspection_c.h
[4.833s] -- Up-to-date: /ros2_ws/install/perception_msgs/include/perception_msgs/msg/detail/traffic_signs__type_support.c
[4.834s] -- Up-to-date: /ros2_ws/install/perception_msgs/include/perception_msgs/msg/detail/lane_model__type_support.c
[4.834s] -- Up-to-date: /ros2_ws/install/perception_msgs/include/perception_msgs/msg/detail/obstacle_track__type_support.c
[4.834s] -- Up-to-date: /ros2_ws/install/perception_msgs/include/perception_msgs/msg/detail/junction__rosidl_typesupport_introspection_c.h
[4.835s] -- Up-to-date: /ros2_ws/install/perception_msgs/include/perception_msgs/msg/detail/junction__type_support.c
[4.835s] -- Up-to-date: /ros2_ws/install/perception_msgs/include/perception_msgs/msg/detail/perception_diagnostics__type_support.c
[4.835s] -- Up-to-date: /ros2_ws/install/perception_msgs/include/perception_msgs/msg/detail/stop_target__type_support.c
[4.835s] -- Up-to-date: /ros2_ws/install/perception_msgs/include/perception_msgs/msg/detail/lane_model__rosidl_typesupport_introspection_c.h
[4.836s] -- Up-to-date: /ros2_ws/install/perception_msgs/include/perception_msgs/msg/detail/traffic_light_state__type_support.c
[4.836s] -- Up-to-date: /ros2_ws/install/perception_msgs/include/perception_msgs/msg/detail/obstacle_tracks__rosidl_typesupport_introspection_c.h
[4.836s] -- Up-to-date: /ros2_ws/install/perception_msgs/include/perception_msgs/msg/detail/obstacle_track__rosidl_typesupport_introspection_c.h
[4.837s] -- Up-to-date: /ros2_ws/install/perception_msgs/include/perception_msgs/msg/detail/perception_diagnostics__rosidl_typesupport_introspection_c.h
[4.837s] -- Up-to-date: /ros2_ws/install/perception_msgs/include/perception_msgs/msg/rosidl_typesupport_introspection_c__visibility_control.h
[4.837s] -- Up-to-date: /ros2_ws/install/perception_msgs/lib/libperception_msgs__rosidl_typesupport_introspection_c.so
[4.839s] -- Up-to-date: /ros2_ws/install/perception_msgs/lib/libperception_msgs__rosidl_typesupport_c.so
[4.841s] -- Up-to-date: /ros2_ws/install/perception_msgs/include/perception_msgs
[4.842s] -- Up-to-date: /ros2_ws/install/perception_msgs/include/perception_msgs/msg
[4.842s] -- Up-to-date: /ros2_ws/install/perception_msgs/include/perception_msgs/msg/lane_model.hpp
[4.842s] -- Up-to-date: /ros2_ws/install/perception_msgs/include/perception_msgs/msg/obstacle_tracks.hpp
[4.842s] -- Up-to-date: /ros2_ws/install/perception_msgs/include/perception_msgs/msg/stop_target.hpp
[4.843s] -- Up-to-date: /ros2_ws/install/perception_msgs/include/perception_msgs/msg/traffic_sign.hpp
[4.844s] -- Up-to-date: /ros2_ws/install/perception_msgs/include/perception_msgs/msg/obstacle_track.hpp
[4.844s] -- Up-to-date: /ros2_ws/install/perception_msgs/include/perception_msgs/msg/detail
[4.845s] -- Up-to-date: /ros2_ws/install/perception_msgs/include/perception_msgs/msg/detail/traffic_signs__builder.hpp
[4.845s] -- Up-to-date: /ros2_ws/install/perception_msgs/include/perception_msgs/msg/detail/stop_target__traits.hpp
[4.845s] -- Up-to-date: /ros2_ws/install/perception_msgs/include/perception_msgs/msg/detail/obstacle_track__traits.hpp
[4.845s] -- Up-to-date: /ros2_ws/install/perception_msgs/include/perception_msgs/msg/detail/traffic_signs__traits.hpp
[4.846s] -- Up-to-date: /ros2_ws/install/perception_msgs/include/perception_msgs/msg/detail/traffic_light_state__struct.hpp
[4.846s] -- Up-to-date: /ros2_ws/install/perception_msgs/include/perception_msgs/msg/detail/obstacle_track__builder.hpp
[4.846s] -- Up-to-date: /ros2_ws/install/perception_msgs/include/perception_msgs/msg/detail/traffic_light_state__builder.hpp
[4.846s] -- Up-to-date: /ros2_ws/install/perception_msgs/include/perception_msgs/msg/detail/obstacle_tracks__struct.hpp
[4.847s] -- Up-to-date: /ros2_ws/install/perception_msgs/include/perception_msgs/msg/detail/perception_diagnostics__traits.hpp
[4.847s] -- Up-to-date: /ros2_ws/install/perception_msgs/include/perception_msgs/msg/detail/stop_target__builder.hpp
[4.847s] -- Up-to-date: /ros2_ws/install/perception_msgs/include/perception_msgs/msg/detail/obstacle_tracks__builder.hpp
[4.848s] -- Up-to-date: /ros2_ws/install/perception_msgs/include/perception_msgs/msg/detail/obstacle_tracks__type_support.hpp
[4.848s] -- Up-to-date: /ros2_ws/install/perception_msgs/include/perception_msgs/msg/detail/traffic_sign__struct.hpp
[4.848s] -- Up-to-date: /ros2_ws/install/perception_msgs/include/perception_msgs/msg/detail/lane_model__struct.hpp
[4.849s] -- Up-to-date: /ros2_ws/install/perception_msgs/include/perception_msgs/msg/detail/junction__traits.hpp
[4.849s] -- Up-to-date: /ros2_ws/install/perception_msgs/include/perception_msgs/msg/detail/obstacle_track__struct.hpp
[4.849s] -- Up-to-date: /ros2_ws/install/perception_msgs/include/perception_msgs/msg/detail/traffic_signs__struct.hpp
[4.849s] -- Up-to-date: /ros2_ws/install/perception_msgs/include/perception_msgs/msg/detail/junction__builder.hpp
[4.852s] -- Up-to-date: /ros2_ws/install/perception_msgs/include/perception_msgs/msg/detail/stop_target__struct.hpp
[4.852s] -- Up-to-date: /ros2_ws/install/perception_msgs/include/perception_msgs/msg/detail/junction__type_support.hpp
[4.852s] -- Up-to-date: /ros2_ws/install/perception_msgs/include/perception_msgs/msg/detail/traffic_sign__builder.hpp
[4.853s] -- Up-to-date: /ros2_ws/install/perception_msgs/include/perception_msgs/msg/detail/lane_model__builder.hpp
[4.853s] -- Up-to-date: /ros2_ws/install/perception_msgs/include/perception_msgs/msg/detail/perception_diagnostics__struct.hpp
[4.853s] -- Up-to-date: /ros2_ws/install/perception_msgs/include/perception_msgs/msg/detail/obstacle_tracks__traits.hpp
[4.854s] -- Up-to-date: /ros2_ws/install/perception_msgs/include/perception_msgs/msg/detail/traffic_light_state__type_support.hpp
[4.854s] -- Up-to-date: /ros2_ws/install/perception_msgs/include/perception_msgs/msg/detail/traffic_light_state__traits.hpp
[4.854s] -- Up-to-date: /ros2_ws/install/perception_msgs/include/perception_msgs/msg/detail/traffic_sign__traits.hpp
[4.854s] -- Up-to-date: /ros2_ws/install/perception_msgs/include/perception_msgs/msg/detail/perception_diagnostics__type_support.hpp
[4.854s] -- Up-to-date: /ros2_ws/install/perception_msgs/include/perception_msgs/msg/detail/lane_model__traits.hpp
[4.855s] -- Up-to-date: /ros2_ws/install/perception_msgs/include/perception_msgs/msg/detail/stop_target__type_support.hpp
[4.855s] -- Up-to-date: /ros2_ws/install/perception_msgs/include/perception_msgs/msg/detail/lane_model__type_support.hpp
[4.855s] -- Up-to-date: /ros2_ws/install/perception_msgs/include/perception_msgs/msg/detail/traffic_sign__type_support.hpp
[4.855s] -- Up-to-date: /ros2_ws/install/perception_msgs/include/perception_msgs/msg/detail/traffic_signs__type_support.hpp
[4.856s] -- Up-to-date: /ros2_ws/install/perception_msgs/include/perception_msgs/msg/detail/obstacle_track__type_support.hpp
[4.856s] -- Up-to-date: /ros2_ws/install/perception_msgs/include/perception_msgs/msg/detail/junction__struct.hpp
[4.856s] -- Up-to-date: /ros2_ws/install/perception_msgs/include/perception_msgs/msg/detail/perception_diagnostics__builder.hpp
[4.856s] -- Up-to-date: /ros2_ws/install/perception_msgs/include/perception_msgs/msg/rosidl_generator_cpp__visibility_control.hpp
[4.857s] -- Up-to-date: /ros2_ws/install/perception_msgs/include/perception_msgs/msg/traffic_light_state.hpp
[4.857s] -- Up-to-date: /ros2_ws/install/perception_msgs/include/perception_msgs/msg/traffic_signs.hpp
[4.857s] -- Up-to-date: /ros2_ws/install/perception_msgs/include/perception_msgs/msg/perception_diagnostics.hpp
[4.857s] -- Up-to-date: /ros2_ws/install/perception_msgs/include/perception_msgs/msg/junction.hpp
[4.858s] -- Up-to-date: /ros2_ws/install/perception_msgs/include/perception_msgs
[4.858s] -- Up-to-date: /ros2_ws/install/perception_msgs/include/perception_msgs/msg
[4.858s] -- Up-to-date: /ros2_ws/install/perception_msgs/include/perception_msgs/msg/detail
[4.859s] -- Up-to-date: /ros2_ws/install/perception_msgs/include/perception_msgs/msg/detail/perception_diagnostics__type_support.cpp
[4.859s] -- Up-to-date: /ros2_ws/install/perception_msgs/include/perception_msgs/msg/detail/stop_target__type_support.cpp
[4.860s] -- Up-to-date: /ros2_ws/install/perception_msgs/include/perception_msgs/msg/detail/obstacle_tracks__rosidl_typesupport_introspection_cpp.hpp
[4.860s] -- Up-to-date: /ros2_ws/install/perception_msgs/include/perception_msgs/msg/detail/traffic_sign__type_support.cpp
[4.860s] -- Up-to-date: /ros2_ws/install/perception_msgs/include/perception_msgs/msg/detail/lane_model__type_support.cpp
[4.861s] -- Up-to-date: /ros2_ws/install/perception_msgs/include/perception_msgs/msg/detail/traffic_signs__type_support.cpp
[4.861s] -- Up-to-date: /ros2_ws/install/perception_msgs/include/perception_msgs/msg/detail/obstacle_track__type_support.cpp
[4.861s] -- Up-to-date: /ros2_ws/install/perception_msgs/include/perception_msgs/msg/detail/obstacle_track__rosidl_typesupport_introspection_cpp.hpp
[4.861s] -- Up-to-date: /ros2_ws/install/perception_msgs/include/perception_msgs/msg/detail/junction__rosidl_typesupport_introspection_cpp.hpp
[4.862s] -- Up-to-date: /ros2_ws/install/perception_msgs/include/perception_msgs/msg/detail/stop_target__rosidl_typesupport_introspection_cpp.hpp
[4.862s] -- Up-to-date: /ros2_ws/install/perception_msgs/include/perception_msgs/msg/detail/perception_diagnostics__rosidl_typesupport_introspection_cpp.hpp
[4.862s] -- Up-to-date: /ros2_ws/install/perception_msgs/include/perception_msgs/msg/detail/traffic_light_state__rosidl_typesupport_introspection_cpp.hpp
[4.863s] -- Up-to-date: /ros2_ws/install/perception_msgs/include/perception_msgs/msg/detail/junction__type_support.cpp
[4.863s] -- Up-to-date: /ros2_ws/install/perception_msgs/include/perception_msgs/msg/detail/traffic_light_state__type_support.cpp
[4.863s] -- Up-to-date: /ros2_ws/install/perception_msgs/include/perception_msgs/msg/detail/lane_model__rosidl_typesupport_introspection_cpp.hpp
[4.863s] -- Up-to-date: /ros2_ws/install/perception_msgs/include/perception_msgs/msg/detail/obstacle_tracks__type_support.cpp
[4.864s] -- Up-to-date: /ros2_ws/install/perception_msgs/include/perception_msgs/msg/detail/traffic_sign__rosidl_typesupport_introspection_cpp.hpp
[4.864s] -- Up-to-date: /ros2_ws/install/perception_msgs/include/perception_msgs/msg/detail/traffic_signs__rosidl_typesupport_introspection_cpp.hpp
[4.865s] -- Up-to-date: /ros2_ws/install/perception_msgs/lib/libperception_msgs__rosidl_typesupport_introspection_cpp.so
[4.866s] -- Up-to-date: /ros2_ws/install/perception_msgs/lib/libperception_msgs__rosidl_typesupport_cpp.so
[4.866s] -- Up-to-date: /ros2_ws/install/perception_msgs/share/perception_msgs/environment/pythonpath.sh
[4.867s] -- Up-to-date: /ros2_ws/install/perception_msgs/share/perception_msgs/environment/pythonpath.dsv
[4.867s] -- Up-to-date: /ros2_ws/install/perception_msgs/lib/python3.8/site-packages/perception_msgs/__init__.py
[4.958s] -- Up-to-date: /ros2_ws/install/perception_msgs/lib/python3.8/site-packages/perception_msgs/msg
[4.959s] -- Up-to-date: /ros2_ws/install/perception_msgs/lib/python3.8/site-packages/perception_msgs/msg/_lane_model.py
[4.962s] -- Up-to-date: /ros2_ws/install/perception_msgs/lib/python3.8/site-packages/perception_msgs/msg/_lane_model_s.c
[4.966s] -- Up-to-date: /ros2_ws/install/perception_msgs/lib/python3.8/site-packages/perception_msgs/msg/_stop_target.py
[4.966s] -- Up-to-date: /ros2_ws/install/perception_msgs/lib/python3.8/site-packages/perception_msgs/msg/_traffic_sign.py
[4.966s] -- Up-to-date: /ros2_ws/install/perception_msgs/lib/python3.8/site-packages/perception_msgs/msg/_obstacle_tracks.py
[4.967s] -- Up-to-date: /ros2_ws/install/perception_msgs/lib/python3.8/site-packages/perception_msgs/msg/_obstacle_tracks_s.c
[4.967s] -- Up-to-date: /ros2_ws/install/perception_msgs/lib/python3.8/site-packages/perception_msgs/msg/_obstacle_track.py
[4.967s] -- Up-to-date: /ros2_ws/install/perception_msgs/lib/python3.8/site-packages/perception_msgs/msg/_perception_diagnostics.py
[4.968s] -- Up-to-date: /ros2_ws/install/perception_msgs/lib/python3.8/site-packages/perception_msgs/msg/_obstacle_track_s.c
[4.968s] -- Up-to-date: /ros2_ws/install/perception_msgs/lib/python3.8/site-packages/perception_msgs/msg/__init__.py
[4.971s] -- Up-to-date: /ros2_ws/install/perception_msgs/lib/python3.8/site-packages/perception_msgs/msg/_traffic_sign_s.c
[4.971s] -- Up-to-date: /ros2_ws/install/perception_msgs/lib/python3.8/site-packages/perception_msgs/msg/_junction_s.c
[4.972s] -- Up-to-date: /ros2_ws/install/perception_msgs/lib/python3.8/site-packages/perception_msgs/msg/_junction.py
[4.972s] -- Up-to-date: /ros2_ws/install/perception_msgs/lib/python3.8/site-packages/perception_msgs/msg/_stop_target_s.c
[4.972s] -- Up-to-date: /ros2_ws/install/perception_msgs/lib/python3.8/site-packages/perception_msgs/msg/_traffic_light_state.py
[4.972s] -- Up-to-date: /ros2_ws/install/perception_msgs/lib/python3.8/site-packages/perception_msgs/msg/_traffic_signs_s.c
[4.972s] -- Up-to-date: /ros2_ws/install/perception_msgs/lib/python3.8/site-packages/perception_msgs/msg/_perception_diagnostics_s.c
[4.973s] -- Up-to-date: /ros2_ws/install/perception_msgs/lib/python3.8/site-packages/perception_msgs/msg/_traffic_signs.py
[4.973s] -- Up-to-date: /ros2_ws/install/perception_msgs/lib/python3.8/site-packages/perception_msgs/msg/_traffic_light_state_s.c
[4.973s] -- Up-to-date: /ros2_ws/install/perception_msgs/lib/python3.8/site-packages/perception_msgs/perception_msgs_s__rosidl_typesupport_fastrtps_c.cpython-38-x86_64-linux-gnu.so
[4.973s] -- Up-to-date: /ros2_ws/install/perception_msgs/lib/python3.8/site-packages/perception_msgs/perception_msgs_s__rosidl_typesupport_introspection_c.cpython-38-x86_64-linux-gnu.so
[4.974s] -- Up-to-date: /ros2_ws/install/perception_msgs/lib/python3.8/site-packages/perception_msgs/perception_msgs_s__rosidl_typesupport_c.cpython-38-x86_64-linux-gnu.so
[4.974s] -- Up-to-date: /ros2_ws/install/perception_msgs/lib/libperception_msgs__python.so
[4.974s] -- Up-to-date: /ros2_ws/install/perception_msgs/share/perception_msgs/msg/LaneModel.idl
[4.976s] -- Up-to-date: /ros2_ws/install/perception_msgs/share/perception_msgs/msg/TrafficLightState.idl
[4.976s] -- Up-to-date: /ros2_ws/install/perception_msgs/share/perception_msgs/msg/TrafficSign.idl
[4.976s] -- Up-to-date: /ros2_ws/install/perception_msgs/share/perception_msgs/msg/TrafficSigns.idl
[4.977s] -- Up-to-date: /ros2_ws/install/perception_msgs/share/perception_msgs/msg/ObstacleTrack.idl
[4.977s] -- Up-to-date: /ros2_ws/install/perception_msgs/share/perception_msgs/msg/ObstacleTracks.idl
[4.977s] -- Up-to-date: /ros2_ws/install/perception_msgs/share/perception_msgs/msg/StopTarget.idl
[4.978s] -- Up-to-date: /ros2_ws/install/perception_msgs/share/perception_msgs/msg/Junction.idl
[4.978s] -- Up-to-date: /ros2_ws/install/perception_msgs/share/perception_msgs/msg/PerceptionDiagnostics.idl
[4.978s] -- Up-to-date: /ros2_ws/install/perception_msgs/share/perception_msgs/msg/LaneModel.msg
[4.979s] -- Up-to-date: /ros2_ws/install/perception_msgs/share/perception_msgs/msg/TrafficLightState.msg
[4.979s] -- Up-to-date: /ros2_ws/install/perception_msgs/share/perception_msgs/msg/TrafficSign.msg
[4.979s] -- Up-to-date: /ros2_ws/install/perception_msgs/share/perception_msgs/msg/TrafficSigns.msg
[4.979s] -- Up-to-date: /ros2_ws/install/perception_msgs/share/perception_msgs/msg/ObstacleTrack.msg
[4.980s] -- Up-to-date: /ros2_ws/install/perception_msgs/share/perception_msgs/msg/ObstacleTracks.msg
[4.980s] -- Up-to-date: /ros2_ws/install/perception_msgs/share/perception_msgs/msg/StopTarget.msg
[4.981s] -- Up-to-date: /ros2_ws/install/perception_msgs/share/perception_msgs/msg/Junction.msg
[4.981s] -- Up-to-date: /ros2_ws/install/perception_msgs/share/perception_msgs/msg/PerceptionDiagnostics.msg
[4.981s] -- Up-to-date: /ros2_ws/install/perception_msgs/share/ament_index/resource_index/package_run_dependencies/perception_msgs
[4.981s] -- Up-to-date: /ros2_ws/install/perception_msgs/share/ament_index/resource_index/parent_prefix_path/perception_msgs
[4.982s] -- Up-to-date: /ros2_ws/install/perception_msgs/share/perception_msgs/environment/ament_prefix_path.sh
[4.982s] -- Up-to-date: /ros2_ws/install/perception_msgs/share/perception_msgs/environment/ament_prefix_path.dsv
[4.983s] -- Up-to-date: /ros2_ws/install/perception_msgs/share/perception_msgs/environment/path.sh
[4.983s] -- Up-to-date: /ros2_ws/install/perception_msgs/share/perception_msgs/environment/path.dsv
[4.984s] -- Up-to-date: /ros2_ws/install/perception_msgs/share/perception_msgs/local_setup.bash
[4.984s] -- Up-to-date: /ros2_ws/install/perception_msgs/share/perception_msgs/local_setup.sh
[4.984s] -- Up-to-date: /ros2_ws/install/perception_msgs/share/perception_msgs/local_setup.zsh
[4.985s] -- Up-to-date: /ros2_ws/install/perception_msgs/share/perception_msgs/local_setup.dsv
[4.985s] -- Installing: /ros2_ws/install/perception_msgs/share/perception_msgs/package.dsv
[4.986s] -- Up-to-date: /ros2_ws/install/perception_msgs/share/ament_index/resource_index/packages/perception_msgs
[4.986s] -- Up-to-date: /ros2_ws/install/perception_msgs/share/perception_msgs/cmake/perception_msgs__rosidl_generator_cExport.cmake
[4.987s] -- Up-to-date: /ros2_ws/install/perception_msgs/share/perception_msgs/cmake/perception_msgs__rosidl_generator_cExport-noconfig.cmake
[4.987s] -- Up-to-date: /ros2_ws/install/perception_msgs/share/perception_msgs/cmake/perception_msgs__rosidl_typesupport_introspection_cExport.cmake
[4.988s] -- Up-to-date: /ros2_ws/install/perception_msgs/share/perception_msgs/cmake/perception_msgs__rosidl_typesupport_introspection_cExport-noconfig.cmake
[4.989s] -- Up-to-date: /ros2_ws/install/perception_msgs/share/perception_msgs/cmake/perception_msgs__rosidl_typesupport_cExport.cmake
[4.989s] -- Up-to-date: /ros2_ws/install/perception_msgs/share/perception_msgs/cmake/perception_msgs__rosidl_typesupport_cExport-noconfig.cmake
[4.989s] -- Up-to-date: /ros2_ws/install/perception_msgs/share/perception_msgs/cmake/perception_msgs__rosidl_generator_cppExport.cmake
[4.990s] -- Up-to-date: /ros2_ws/install/perception_msgs/share/perception_msgs/cmake/perception_msgs__rosidl_typesupport_introspection_cppExport.cmake
[4.990s] -- Up-to-date: /ros2_ws/install/perception_msgs/share/perception_msgs/cmake/perception_msgs__rosidl_typesupport_introspection_cppExport-noconfig.cmake
[4.990s] -- Up-to-date: /ros2_ws/install/perception_msgs/share/perception_msgs/cmake/perception_msgs__rosidl_typesupport_cppExport.cmake
[4.991s] -- Up-to-date: /ros2_ws/install/perception_msgs/share/perception_msgs/cmake/perception_msgs__rosidl_typesupport_cppExport-noconfig.cmake
[4.991s] -- Up-to-date: /ros2_ws/install/perception_msgs/share/perception_msgs/cmake/rosidl_cmake-extras.cmake
[4.991s] -- Up-to-date: /ros2_ws/install/perception_msgs/share/perception_msgs/cmake/ament_cmake_export_dependencies-extras.cmake
[4.992s] -- Up-to-date: /ros2_ws/install/perception_msgs/share/perception_msgs/cmake/ament_cmake_export_libraries-extras.cmake
[4.992s] -- Up-to-date: /ros2_ws/install/perception_msgs/share/perception_msgs/cmake/ament_cmake_export_targets-extras.cmake
[4.992s] -- Up-to-date: /ros2_ws/install/perception_msgs/share/perception_msgs/cmake/ament_cmake_export_include_directories-extras.cmake
[4.993s] -- Up-to-date: /ros2_ws/install/perception_msgs/share/perception_msgs/cmake/rosidl_cmake_export_typesupport_libraries-extras.cmake
[4.993s] -- Up-to-date: /ros2_ws/install/perception_msgs/share/perception_msgs/cmake/rosidl_cmake_export_typesupport_targets-extras.cmake
[4.994s] -- Up-to-date: /ros2_ws/install/perception_msgs/share/perception_msgs/cmake/perception_msgsConfig.cmake
[4.994s] -- Up-to-date: /ros2_ws/install/perception_msgs/share/perception_msgs/cmake/perception_msgsConfig-version.cmake
[4.994s] -- Up-to-date: /ros2_ws/install/perception_msgs/share/perception_msgs/package.xml
[5.000s] Invoked command in '/ros2_ws/build/perception_msgs' returned '0': CMAKE_PREFIX_PATH=/opt/ros/foxy /usr/bin/cmake --install /ros2_ws/build/perception_msgs
