[0.201s] DEBUG:colcon:Command line arguments: ['/usr/bin/colcon', 'build']
[0.202s] DEBUG:colcon:Parsed command line arguments: Namespace(ament_cmake_args=None, base_paths=['.'], build_base='build', catkin_cmake_args=None, catkin_skip_building_tests=False, cmake_args=None, cmake_clean_cache=False, cmake_clean_first=False, cmake_force_configure=False, cmake_target=None, cmake_target_skip_unavailable=False, continue_on_error=False, event_handlers=None, executor='parallel', ignore_user_meta=False, install_base='install', log_base=None, log_level=None, main=<bound method BuildVerb.main of <colcon_core.verb.build.BuildVerb object at 0x7ffffe306430>>, merge_install=False, metas=['./colcon.meta'], mixin=None, mixin_files=None, mixin_verb=('build',), packages_above=None, packages_above_and_dependencies=None, packages_above_depth=None, packages_end=None, packages_ignore=None, packages_ignore_regex=None, packages_select=None, packages_select_build_failed=False, packages_select_by_dep=None, packages_select_regex=None, packages_select_test_failures=False, packages_skip=None, packages_skip_build_finished=False, packages_skip_by_dep=None, packages_skip_regex=None, packages_skip_test_passed=False, packages_skip_up_to=None, packages_start=None, packages_up_to=None, packages_up_to_regex=None, parallel_workers=10, paths=None, symlink_install=False, test_result_base=None, verb_extension=<colcon_core.verb.build.BuildVerb object at 0x7ffffe306430>, verb_name='build', verb_parser=<colcon_mixin.mixin.mixin_argument.MixinArgumentDecorator object at 0x7ffffe306a90>)
[0.221s] Level 1:colcon.colcon_core.package_discovery:discover_packages(colcon_meta) check parameters
[0.222s] INFO:colcon.colcon_metadata.package_discovery.colcon_meta:Using configuration from '/root/.colcon/metadata/default/Gazebo.meta'
[0.222s] INFO:colcon.colcon_metadata.package_discovery.colcon_meta:Using configuration from '/root/.colcon/metadata/default/fastdds.meta'
[0.222s] INFO:colcon.colcon_metadata.package_discovery.colcon_meta:Using configuration from '/root/.colcon/metadata/default/fastrtps.meta'
[0.222s] Level 1:colcon.colcon_core.package_discovery:discover_packages(recursive) check parameters
[0.222s] Level 1:colcon.colcon_core.package_discovery:discover_packages(ignore) check parameters
[0.222s] Level 1:colcon.colcon_core.package_discovery:discover_packages(path) check parameters
[0.222s] Level 1:colcon.colcon_core.package_discovery:discover_packages(colcon_meta) discover
[0.223s] Level 1:colcon.colcon_core.package_discovery:discover_packages(recursive) discover
[0.223s] INFO:colcon.colcon_core.package_discovery:Crawling recursively for packages in '/ros2_ws'
[0.223s] Level 1:colcon.colcon_core.package_identification:_identify(.) by extensions ['ignore', 'ignore_ament_install']
[0.223s] Level 1:colcon.colcon_core.package_identification:_identify(.) by extension 'ignore'
[0.223s] Level 1:colcon.colcon_core.package_identification:_identify(.) by extension 'ignore_ament_install'
[0.223s] Level 1:colcon.colcon_core.package_identification:_identify(.) by extensions ['colcon_pkg']
[0.223s] Level 1:colcon.colcon_core.package_identification:_identify(.) by extension 'colcon_pkg'
[0.224s] Level 1:colcon.colcon_core.package_identification:_identify(.) by extensions ['colcon_meta']
[0.224s] Level 1:colcon.colcon_core.package_identification:_identify(.) by extension 'colcon_meta'
[0.224s] Level 1:colcon.colcon_core.package_identification:_identify(.) by extensions ['ros']
[0.224s] Level 1:colcon.colcon_core.package_identification:_identify(.) by extension 'ros'
[0.234s] Level 1:colcon.colcon_core.package_identification:_identify(.) by extensions ['cmake', 'python']
[0.234s] Level 1:colcon.colcon_core.package_identification:_identify(.) by extension 'cmake'
[0.234s] Level 1:colcon.colcon_core.package_identification:_identify(.) by extension 'python'
[0.234s] Level 1:colcon.colcon_core.package_identification:_identify(.) by extensions ['python_setup_py']
[0.234s] Level 1:colcon.colcon_core.package_identification:_identify(.) by extension 'python_setup_py'
[0.234s] Level 1:colcon.colcon_core.package_identification:_identify(build) by extensions ['ignore', 'ignore_ament_install']
[0.234s] Level 1:colcon.colcon_core.package_identification:_identify(build) by extension 'ignore'
[0.234s] Level 1:colcon.colcon_core.package_identification:_identify(build) ignored
[0.235s] Level 1:colcon.colcon_core.package_identification:_identify(install) by extensions ['ignore', 'ignore_ament_install']
[0.235s] Level 1:colcon.colcon_core.package_identification:_identify(install) by extension 'ignore'
[0.235s] Level 1:colcon.colcon_core.package_identification:_identify(install) ignored
[0.235s] Level 1:colcon.colcon_core.package_identification:_identify(log) by extensions ['ignore', 'ignore_ament_install']
[0.235s] Level 1:colcon.colcon_core.package_identification:_identify(log) by extension 'ignore'
[0.235s] Level 1:colcon.colcon_core.package_identification:_identify(log) ignored
[0.235s] Level 1:colcon.colcon_core.package_identification:_identify(src) by extensions ['ignore', 'ignore_ament_install']
[0.235s] Level 1:colcon.colcon_core.package_identification:_identify(src) by extension 'ignore'
[0.235s] Level 1:colcon.colcon_core.package_identification:_identify(src) by extension 'ignore_ament_install'
[0.236s] Level 1:colcon.colcon_core.package_identification:_identify(src) by extensions ['colcon_pkg']
[0.236s] Level 1:colcon.colcon_core.package_identification:_identify(src) by extension 'colcon_pkg'
[0.236s] Level 1:colcon.colcon_core.package_identification:_identify(src) by extensions ['colcon_meta']
[0.236s] Level 1:colcon.colcon_core.package_identification:_identify(src) by extension 'colcon_meta'
[0.236s] Level 1:colcon.colcon_core.package_identification:_identify(src) by extensions ['ros']
[0.236s] Level 1:colcon.colcon_core.package_identification:_identify(src) by extension 'ros'
[0.236s] Level 1:colcon.colcon_core.package_identification:_identify(src) by extensions ['cmake', 'python']
[0.236s] Level 1:colcon.colcon_core.package_identification:_identify(src) by extension 'cmake'
[0.236s] Level 1:colcon.colcon_core.package_identification:_identify(src) by extension 'python'
[0.236s] Level 1:colcon.colcon_core.package_identification:_identify(src) by extensions ['python_setup_py']
[0.236s] Level 1:colcon.colcon_core.package_identification:_identify(src) by extension 'python_setup_py'
[0.236s] Level 1:colcon.colcon_core.package_identification:_identify(src/common_msgs) by extensions ['ignore', 'ignore_ament_install']
[0.236s] Level 1:colcon.colcon_core.package_identification:_identify(src/common_msgs) by extension 'ignore'
[0.237s] Level 1:colcon.colcon_core.package_identification:_identify(src/common_msgs) by extension 'ignore_ament_install'
[0.237s] Level 1:colcon.colcon_core.package_identification:_identify(src/common_msgs) by extensions ['colcon_pkg']
[0.237s] Level 1:colcon.colcon_core.package_identification:_identify(src/common_msgs) by extension 'colcon_pkg'
[0.237s] Level 1:colcon.colcon_core.package_identification:_identify(src/common_msgs) by extensions ['colcon_meta']
[0.237s] Level 1:colcon.colcon_core.package_identification:_identify(src/common_msgs) by extension 'colcon_meta'
[0.237s] Level 1:colcon.colcon_core.package_identification:_identify(src/common_msgs) by extensions ['ros']
[0.237s] Level 1:colcon.colcon_core.package_identification:_identify(src/common_msgs) by extension 'ros'
[0.241s] DEBUG:colcon.colcon_core.package_identification:Package 'src/common_msgs' with type 'ros.ament_cmake' and name 'common_msgs'
[0.241s] Level 1:colcon.colcon_core.package_identification:_identify(src/controller) by extensions ['ignore', 'ignore_ament_install']
[0.241s] Level 1:colcon.colcon_core.package_identification:_identify(src/controller) by extension 'ignore'
[0.241s] Level 1:colcon.colcon_core.package_identification:_identify(src/controller) by extension 'ignore_ament_install'
[0.241s] Level 1:colcon.colcon_core.package_identification:_identify(src/controller) by extensions ['colcon_pkg']
[0.241s] Level 1:colcon.colcon_core.package_identification:_identify(src/controller) by extension 'colcon_pkg'
[0.241s] Level 1:colcon.colcon_core.package_identification:_identify(src/controller) by extensions ['colcon_meta']
[0.241s] Level 1:colcon.colcon_core.package_identification:_identify(src/controller) by extension 'colcon_meta'
[0.241s] Level 1:colcon.colcon_core.package_identification:_identify(src/controller) by extensions ['ros']
[0.241s] Level 1:colcon.colcon_core.package_identification:_identify(src/controller) by extension 'ros'
[0.242s] DEBUG:colcon.colcon_core.package_identification:Package 'src/controller' with type 'ros.ament_python' and name 'cengaver_controller'
[0.243s] Level 1:colcon.colcon_core.package_identification:_identify(src/fsm) by extensions ['ignore', 'ignore_ament_install']
[0.243s] Level 1:colcon.colcon_core.package_identification:_identify(src/fsm) by extension 'ignore'
[0.243s] Level 1:colcon.colcon_core.package_identification:_identify(src/fsm) by extension 'ignore_ament_install'
[0.243s] Level 1:colcon.colcon_core.package_identification:_identify(src/fsm) by extensions ['colcon_pkg']
[0.243s] Level 1:colcon.colcon_core.package_identification:_identify(src/fsm) by extension 'colcon_pkg'
[0.243s] Level 1:colcon.colcon_core.package_identification:_identify(src/fsm) by extensions ['colcon_meta']
[0.243s] Level 1:colcon.colcon_core.package_identification:_identify(src/fsm) by extension 'colcon_meta'
[0.243s] Level 1:colcon.colcon_core.package_identification:_identify(src/fsm) by extensions ['ros']
[0.243s] Level 1:colcon.colcon_core.package_identification:_identify(src/fsm) by extension 'ros'
[0.244s] DEBUG:colcon.colcon_core.package_identification:Package 'src/fsm' with type 'ros.ament_python' and name 'fsm'
[0.244s] Level 1:colcon.colcon_core.package_identification:_identify(src/fsm_msgs) by extensions ['ignore', 'ignore_ament_install']
[0.244s] Level 1:colcon.colcon_core.package_identification:_identify(src/fsm_msgs) by extension 'ignore'
[0.244s] Level 1:colcon.colcon_core.package_identification:_identify(src/fsm_msgs) by extension 'ignore_ament_install'
[0.245s] Level 1:colcon.colcon_core.package_identification:_identify(src/fsm_msgs) by extensions ['colcon_pkg']
[0.245s] Level 1:colcon.colcon_core.package_identification:_identify(src/fsm_msgs) by extension 'colcon_pkg'
[0.245s] Level 1:colcon.colcon_core.package_identification:_identify(src/fsm_msgs) by extensions ['colcon_meta']
[0.245s] Level 1:colcon.colcon_core.package_identification:_identify(src/fsm_msgs) by extension 'colcon_meta'
[0.245s] Level 1:colcon.colcon_core.package_identification:_identify(src/fsm_msgs) by extensions ['ros']
[0.245s] Level 1:colcon.colcon_core.package_identification:_identify(src/fsm_msgs) by extension 'ros'
[0.245s] DEBUG:colcon.colcon_core.package_identification:Package 'src/fsm_msgs' with type 'ros.ament_cmake' and name 'fsm_msgs'
[0.246s] Level 1:colcon.colcon_core.package_identification:_identify(src/localization) by extensions ['ignore', 'ignore_ament_install']
[0.246s] Level 1:colcon.colcon_core.package_identification:_identify(src/localization) by extension 'ignore'
[0.246s] Level 1:colcon.colcon_core.package_identification:_identify(src/localization) by extension 'ignore_ament_install'
[0.246s] Level 1:colcon.colcon_core.package_identification:_identify(src/localization) by extensions ['colcon_pkg']
[0.246s] Level 1:colcon.colcon_core.package_identification:_identify(src/localization) by extension 'colcon_pkg'
[0.246s] Level 1:colcon.colcon_core.package_identification:_identify(src/localization) by extensions ['colcon_meta']
[0.246s] Level 1:colcon.colcon_core.package_identification:_identify(src/localization) by extension 'colcon_meta'
[0.246s] Level 1:colcon.colcon_core.package_identification:_identify(src/localization) by extensions ['ros']
[0.246s] Level 1:colcon.colcon_core.package_identification:_identify(src/localization) by extension 'ros'
[0.247s] DEBUG:colcon.colcon_core.package_identification:Package 'src/localization' with type 'ros.ament_python' and name 'localization'
[0.247s] Level 1:colcon.colcon_core.package_identification:_identify(src/localization_msgs) by extensions ['ignore', 'ignore_ament_install']
[0.247s] Level 1:colcon.colcon_core.package_identification:_identify(src/localization_msgs) by extension 'ignore'
[0.247s] Level 1:colcon.colcon_core.package_identification:_identify(src/localization_msgs) by extension 'ignore_ament_install'
[0.248s] Level 1:colcon.colcon_core.package_identification:_identify(src/localization_msgs) by extensions ['colcon_pkg']
[0.248s] Level 1:colcon.colcon_core.package_identification:_identify(src/localization_msgs) by extension 'colcon_pkg'
[0.248s] Level 1:colcon.colcon_core.package_identification:_identify(src/localization_msgs) by extensions ['colcon_meta']
[0.248s] Level 1:colcon.colcon_core.package_identification:_identify(src/localization_msgs) by extension 'colcon_meta'
[0.248s] Level 1:colcon.colcon_core.package_identification:_identify(src/localization_msgs) by extensions ['ros']
[0.248s] Level 1:colcon.colcon_core.package_identification:_identify(src/localization_msgs) by extension 'ros'
[0.248s] DEBUG:colcon.colcon_core.package_identification:Package 'src/localization_msgs' with type 'ros.ament_cmake' and name 'localization_msgs'
[0.249s] Level 1:colcon.colcon_core.package_identification:_identify(src/perception) by extensions ['ignore', 'ignore_ament_install']
[0.249s] Level 1:colcon.colcon_core.package_identification:_identify(src/perception) by extension 'ignore'
[0.249s] Level 1:colcon.colcon_core.package_identification:_identify(src/perception) by extension 'ignore_ament_install'
[0.249s] Level 1:colcon.colcon_core.package_identification:_identify(src/perception) by extensions ['colcon_pkg']
[0.249s] Level 1:colcon.colcon_core.package_identification:_identify(src/perception) by extension 'colcon_pkg'
[0.249s] Level 1:colcon.colcon_core.package_identification:_identify(src/perception) by extensions ['colcon_meta']
[0.249s] Level 1:colcon.colcon_core.package_identification:_identify(src/perception) by extension 'colcon_meta'
[0.249s] Level 1:colcon.colcon_core.package_identification:_identify(src/perception) by extensions ['ros']
[0.249s] Level 1:colcon.colcon_core.package_identification:_identify(src/perception) by extension 'ros'
[0.250s] DEBUG:colcon.colcon_core.package_identification:Package 'src/perception' with type 'ros.ament_python' and name 'perception'
[0.250s] Level 1:colcon.colcon_core.package_identification:_identify(src/perception_msgs) by extensions ['ignore', 'ignore_ament_install']
[0.250s] Level 1:colcon.colcon_core.package_identification:_identify(src/perception_msgs) by extension 'ignore'
[0.250s] Level 1:colcon.colcon_core.package_identification:_identify(src/perception_msgs) by extension 'ignore_ament_install'
[0.250s] Level 1:colcon.colcon_core.package_identification:_identify(src/perception_msgs) by extensions ['colcon_pkg']
[0.250s] Level 1:colcon.colcon_core.package_identification:_identify(src/perception_msgs) by extension 'colcon_pkg'
[0.250s] Level 1:colcon.colcon_core.package_identification:_identify(src/perception_msgs) by extensions ['colcon_meta']
[0.250s] Level 1:colcon.colcon_core.package_identification:_identify(src/perception_msgs) by extension 'colcon_meta'
[0.250s] Level 1:colcon.colcon_core.package_identification:_identify(src/perception_msgs) by extensions ['ros']
[0.250s] Level 1:colcon.colcon_core.package_identification:_identify(src/perception_msgs) by extension 'ros'
[0.251s] DEBUG:colcon.colcon_core.package_identification:Package 'src/perception_msgs' with type 'ros.ament_cmake' and name 'perception_msgs'
[0.251s] Level 1:colcon.colcon_core.package_identification:_identify(src/planning) by extensions ['ignore', 'ignore_ament_install']
[0.251s] Level 1:colcon.colcon_core.package_identification:_identify(src/planning) by extension 'ignore'
[0.251s] Level 1:colcon.colcon_core.package_identification:_identify(src/planning) by extension 'ignore_ament_install'
[0.251s] Level 1:colcon.colcon_core.package_identification:_identify(src/planning) by extensions ['colcon_pkg']
[0.251s] Level 1:colcon.colcon_core.package_identification:_identify(src/planning) by extension 'colcon_pkg'
[0.251s] Level 1:colcon.colcon_core.package_identification:_identify(src/planning) by extensions ['colcon_meta']
[0.252s] Level 1:colcon.colcon_core.package_identification:_identify(src/planning) by extension 'colcon_meta'
[0.252s] Level 1:colcon.colcon_core.package_identification:_identify(src/planning) by extensions ['ros']
[0.252s] Level 1:colcon.colcon_core.package_identification:_identify(src/planning) by extension 'ros'
[0.253s] DEBUG:colcon.colcon_core.package_identification:Package 'src/planning' with type 'ros.ament_python' and name 'planning'
[0.253s] Level 1:colcon.colcon_core.package_identification:_identify(src/planning_msgs) by extensions ['ignore', 'ignore_ament_install']
[0.253s] Level 1:colcon.colcon_core.package_identification:_identify(src/planning_msgs) by extension 'ignore'
[0.253s] Level 1:colcon.colcon_core.package_identification:_identify(src/planning_msgs) by extension 'ignore_ament_install'
[0.253s] Level 1:colcon.colcon_core.package_identification:_identify(src/planning_msgs) by extensions ['colcon_pkg']
[0.253s] Level 1:colcon.colcon_core.package_identification:_identify(src/planning_msgs) by extension 'colcon_pkg'
[0.253s] Level 1:colcon.colcon_core.package_identification:_identify(src/planning_msgs) by extensions ['colcon_meta']
[0.253s] Level 1:colcon.colcon_core.package_identification:_identify(src/planning_msgs) by extension 'colcon_meta'
[0.254s] Level 1:colcon.colcon_core.package_identification:_identify(src/planning_msgs) by extensions ['ros']
[0.254s] Level 1:colcon.colcon_core.package_identification:_identify(src/planning_msgs) by extension 'ros'
[0.254s] DEBUG:colcon.colcon_core.package_identification:Package 'src/planning_msgs' with type 'ros.ament_cmake' and name 'planning_msgs'
[0.254s] Level 1:colcon.colcon_core.package_discovery:discover_packages(recursive) using defaults
[0.254s] Level 1:colcon.colcon_core.package_discovery:discover_packages(ignore) discover
[0.254s] Level 1:colcon.colcon_core.package_discovery:discover_packages(ignore) using defaults
[0.254s] Level 1:colcon.colcon_core.package_discovery:discover_packages(path) discover
[0.254s] Level 1:colcon.colcon_core.package_discovery:discover_packages(path) using defaults
[0.269s] Level 5:colcon.colcon_core.verb:set package 'common_msgs' build argument 'cmake_args' from command line to 'None'
[0.269s] Level 5:colcon.colcon_core.verb:set package 'common_msgs' build argument 'cmake_target' from command line to 'None'
[0.269s] Level 5:colcon.colcon_core.verb:set package 'common_msgs' build argument 'cmake_target_skip_unavailable' from command line to 'False'
[0.269s] Level 5:colcon.colcon_core.verb:set package 'common_msgs' build argument 'cmake_clean_cache' from command line to 'False'
[0.269s] Level 5:colcon.colcon_core.verb:set package 'common_msgs' build argument 'cmake_clean_first' from command line to 'False'
[0.269s] Level 5:colcon.colcon_core.verb:set package 'common_msgs' build argument 'cmake_force_configure' from command line to 'False'
[0.269s] Level 5:colcon.colcon_core.verb:set package 'common_msgs' build argument 'ament_cmake_args' from command line to 'None'
[0.269s] Level 5:colcon.colcon_core.verb:set package 'common_msgs' build argument 'catkin_cmake_args' from command line to 'None'
[0.269s] Level 5:colcon.colcon_core.verb:set package 'common_msgs' build argument 'catkin_skip_building_tests' from command line to 'False'
[0.269s] DEBUG:colcon.colcon_core.verb:Building package 'common_msgs' with the following arguments: {'ament_cmake_args': None, 'build_base': '/ros2_ws/build/common_msgs', 'catkin_cmake_args': None, 'catkin_skip_building_tests': False, 'cmake_args': None, 'cmake_clean_cache': False, 'cmake_clean_first': False, 'cmake_force_configure': False, 'cmake_target': None, 'cmake_target_skip_unavailable': False, 'install_base': '/ros2_ws/install/common_msgs', 'merge_install': False, 'path': '/ros2_ws/src/common_msgs', 'symlink_install': False, 'test_result_base': None}
[0.270s] Level 5:colcon.colcon_core.verb:set package 'fsm_msgs' build argument 'cmake_args' from command line to 'None'
[0.270s] Level 5:colcon.colcon_core.verb:set package 'fsm_msgs' build argument 'cmake_target' from command line to 'None'
[0.270s] Level 5:colcon.colcon_core.verb:set package 'fsm_msgs' build argument 'cmake_target_skip_unavailable' from command line to 'False'
[0.270s] Level 5:colcon.colcon_core.verb:set package 'fsm_msgs' build argument 'cmake_clean_cache' from command line to 'False'
[0.270s] Level 5:colcon.colcon_core.verb:set package 'fsm_msgs' build argument 'cmake_clean_first' from command line to 'False'
[0.270s] Level 5:colcon.colcon_core.verb:set package 'fsm_msgs' build argument 'cmake_force_configure' from command line to 'False'
[0.270s] Level 5:colcon.colcon_core.verb:set package 'fsm_msgs' build argument 'ament_cmake_args' from command line to 'None'
[0.270s] Level 5:colcon.colcon_core.verb:set package 'fsm_msgs' build argument 'catkin_cmake_args' from command line to 'None'
[0.270s] Level 5:colcon.colcon_core.verb:set package 'fsm_msgs' build argument 'catkin_skip_building_tests' from command line to 'False'
[0.270s] DEBUG:colcon.colcon_core.verb:Building package 'fsm_msgs' with the following arguments: {'ament_cmake_args': None, 'build_base': '/ros2_ws/build/fsm_msgs', 'catkin_cmake_args': None, 'catkin_skip_building_tests': False, 'cmake_args': None, 'cmake_clean_cache': False, 'cmake_clean_first': False, 'cmake_force_configure': False, 'cmake_target': None, 'cmake_target_skip_unavailable': False, 'install_base': '/ros2_ws/install/fsm_msgs', 'merge_install': False, 'path': '/ros2_ws/src/fsm_msgs', 'symlink_install': False, 'test_result_base': None}
[0.270s] Level 5:colcon.colcon_core.verb:set package 'localization_msgs' build argument 'cmake_args' from command line to 'None'
[0.271s] Level 5:colcon.colcon_core.verb:set package 'localization_msgs' build argument 'cmake_target' from command line to 'None'
[0.271s] Level 5:colcon.colcon_core.verb:set package 'localization_msgs' build argument 'cmake_target_skip_unavailable' from command line to 'False'
[0.271s] Level 5:colcon.colcon_core.verb:set package 'localization_msgs' build argument 'cmake_clean_cache' from command line to 'False'
[0.271s] Level 5:colcon.colcon_core.verb:set package 'localization_msgs' build argument 'cmake_clean_first' from command line to 'False'
[0.271s] Level 5:colcon.colcon_core.verb:set package 'localization_msgs' build argument 'cmake_force_configure' from command line to 'False'
[0.271s] Level 5:colcon.colcon_core.verb:set package 'localization_msgs' build argument 'ament_cmake_args' from command line to 'None'
[0.271s] Level 5:colcon.colcon_core.verb:set package 'localization_msgs' build argument 'catkin_cmake_args' from command line to 'None'
[0.271s] Level 5:colcon.colcon_core.verb:set package 'localization_msgs' build argument 'catkin_skip_building_tests' from command line to 'False'
[0.271s] DEBUG:colcon.colcon_core.verb:Building package 'localization_msgs' with the following arguments: {'ament_cmake_args': None, 'build_base': '/ros2_ws/build/localization_msgs', 'catkin_cmake_args': None, 'catkin_skip_building_tests': False, 'cmake_args': None, 'cmake_clean_cache': False, 'cmake_clean_first': False, 'cmake_force_configure': False, 'cmake_target': None, 'cmake_target_skip_unavailable': False, 'install_base': '/ros2_ws/install/localization_msgs', 'merge_install': False, 'path': '/ros2_ws/src/localization_msgs', 'symlink_install': False, 'test_result_base': None}
[0.271s] Level 5:colcon.colcon_core.verb:set package 'perception_msgs' build argument 'cmake_args' from command line to 'None'
[0.271s] Level 5:colcon.colcon_core.verb:set package 'perception_msgs' build argument 'cmake_target' from command line to 'None'
[0.271s] Level 5:colcon.colcon_core.verb:set package 'perception_msgs' build argument 'cmake_target_skip_unavailable' from command line to 'False'
[0.271s] Level 5:colcon.colcon_core.verb:set package 'perception_msgs' build argument 'cmake_clean_cache' from command line to 'False'
[0.271s] Level 5:colcon.colcon_core.verb:set package 'perception_msgs' build argument 'cmake_clean_first' from command line to 'False'
[0.271s] Level 5:colcon.colcon_core.verb:set package 'perception_msgs' build argument 'cmake_force_configure' from command line to 'False'
[0.271s] Level 5:colcon.colcon_core.verb:set package 'perception_msgs' build argument 'ament_cmake_args' from command line to 'None'
[0.271s] Level 5:colcon.colcon_core.verb:set package 'perception_msgs' build argument 'catkin_cmake_args' from command line to 'None'
[0.271s] Level 5:colcon.colcon_core.verb:set package 'perception_msgs' build argument 'catkin_skip_building_tests' from command line to 'False'
[0.271s] DEBUG:colcon.colcon_core.verb:Building package 'perception_msgs' with the following arguments: {'ament_cmake_args': None, 'build_base': '/ros2_ws/build/perception_msgs', 'catkin_cmake_args': None, 'catkin_skip_building_tests': False, 'cmake_args': None, 'cmake_clean_cache': False, 'cmake_clean_first': False, 'cmake_force_configure': False, 'cmake_target': None, 'cmake_target_skip_unavailable': False, 'install_base': '/ros2_ws/install/perception_msgs', 'merge_install': False, 'path': '/ros2_ws/src/perception_msgs', 'symlink_install': False, 'test_result_base': None}
[0.272s] Level 5:colcon.colcon_core.verb:set package 'planning_msgs' build argument 'cmake_args' from command line to 'None'
[0.272s] Level 5:colcon.colcon_core.verb:set package 'planning_msgs' build argument 'cmake_target' from command line to 'None'
[0.272s] Level 5:colcon.colcon_core.verb:set package 'planning_msgs' build argument 'cmake_target_skip_unavailable' from command line to 'False'
[0.272s] Level 5:colcon.colcon_core.verb:set package 'planning_msgs' build argument 'cmake_clean_cache' from command line to 'False'
[0.272s] Level 5:colcon.colcon_core.verb:set package 'planning_msgs' build argument 'cmake_clean_first' from command line to 'False'
[0.272s] Level 5:colcon.colcon_core.verb:set package 'planning_msgs' build argument 'cmake_force_configure' from command line to 'False'
[0.272s] Level 5:colcon.colcon_core.verb:set package 'planning_msgs' build argument 'ament_cmake_args' from command line to 'None'
[0.272s] Level 5:colcon.colcon_core.verb:set package 'planning_msgs' build argument 'catkin_cmake_args' from command line to 'None'
[0.272s] Level 5:colcon.colcon_core.verb:set package 'planning_msgs' build argument 'catkin_skip_building_tests' from command line to 'False'
[0.272s] DEBUG:colcon.colcon_core.verb:Building package 'planning_msgs' with the following arguments: {'ament_cmake_args': None, 'build_base': '/ros2_ws/build/planning_msgs', 'catkin_cmake_args': None, 'catkin_skip_building_tests': False, 'cmake_args': None, 'cmake_clean_cache': False, 'cmake_clean_first': False, 'cmake_force_configure': False, 'cmake_target': None, 'cmake_target_skip_unavailable': False, 'install_base': '/ros2_ws/install/planning_msgs', 'merge_install': False, 'path': '/ros2_ws/src/planning_msgs', 'symlink_install': False, 'test_result_base': None}
[0.273s] Level 5:colcon.colcon_core.verb:set package 'cengaver_controller' build argument 'cmake_args' from command line to 'None'
[0.273s] Level 5:colcon.colcon_core.verb:set package 'cengaver_controller' build argument 'cmake_target' from command line to 'None'
[0.273s] Level 5:colcon.colcon_core.verb:set package 'cengaver_controller' build argument 'cmake_target_skip_unavailable' from command line to 'False'
[0.273s] Level 5:colcon.colcon_core.verb:set package 'cengaver_controller' build argument 'cmake_clean_cache' from command line to 'False'
[0.273s] Level 5:colcon.colcon_core.verb:set package 'cengaver_controller' build argument 'cmake_clean_first' from command line to 'False'
[0.273s] Level 5:colcon.colcon_core.verb:set package 'cengaver_controller' build argument 'cmake_force_configure' from command line to 'False'
[0.273s] Level 5:colcon.colcon_core.verb:set package 'cengaver_controller' build argument 'ament_cmake_args' from command line to 'None'
[0.273s] Level 5:colcon.colcon_core.verb:set package 'cengaver_controller' build argument 'catkin_cmake_args' from command line to 'None'
[0.273s] Level 5:colcon.colcon_core.verb:set package 'cengaver_controller' build argument 'catkin_skip_building_tests' from command line to 'False'
[0.273s] DEBUG:colcon.colcon_core.verb:Building package 'cengaver_controller' with the following arguments: {'ament_cmake_args': None, 'build_base': '/ros2_ws/build/cengaver_controller', 'catkin_cmake_args': None, 'catkin_skip_building_tests': False, 'cmake_args': None, 'cmake_clean_cache': False, 'cmake_clean_first': False, 'cmake_force_configure': False, 'cmake_target': None, 'cmake_target_skip_unavailable': False, 'install_base': '/ros2_ws/install/cengaver_controller', 'merge_install': False, 'path': '/ros2_ws/src/controller', 'symlink_install': False, 'test_result_base': None}
[0.274s] Level 5:colcon.colcon_core.verb:set package 'fsm' build argument 'cmake_args' from command line to 'None'
[0.274s] Level 5:colcon.colcon_core.verb:set package 'fsm' build argument 'cmake_target' from command line to 'None'
[0.274s] Level 5:colcon.colcon_core.verb:set package 'fsm' build argument 'cmake_target_skip_unavailable' from command line to 'False'
[0.274s] Level 5:colcon.colcon_core.verb:set package 'fsm' build argument 'cmake_clean_cache' from command line to 'False'
[0.274s] Level 5:colcon.colcon_core.verb:set package 'fsm' build argument 'cmake_clean_first' from command line to 'False'
[0.274s] Level 5:colcon.colcon_core.verb:set package 'fsm' build argument 'cmake_force_configure' from command line to 'False'
[0.274s] Level 5:colcon.colcon_core.verb:set package 'fsm' build argument 'ament_cmake_args' from command line to 'None'
[0.274s] Level 5:colcon.colcon_core.verb:set package 'fsm' build argument 'catkin_cmake_args' from command line to 'None'
[0.274s] Level 5:colcon.colcon_core.verb:set package 'fsm' build argument 'catkin_skip_building_tests' from command line to 'False'
[0.274s] DEBUG:colcon.colcon_core.verb:Building package 'fsm' with the following arguments: {'ament_cmake_args': None, 'build_base': '/ros2_ws/build/fsm', 'catkin_cmake_args': None, 'catkin_skip_building_tests': False, 'cmake_args': None, 'cmake_clean_cache': False, 'cmake_clean_first': False, 'cmake_force_configure': False, 'cmake_target': None, 'cmake_target_skip_unavailable': False, 'install_base': '/ros2_ws/install/fsm', 'merge_install': False, 'path': '/ros2_ws/src/fsm', 'symlink_install': False, 'test_result_base': None}
[0.274s] Level 5:colcon.colcon_core.verb:set package 'localization' build argument 'cmake_args' from command line to 'None'
[0.274s] Level 5:colcon.colcon_core.verb:set package 'localization' build argument 'cmake_target' from command line to 'None'
[0.274s] Level 5:colcon.colcon_core.verb:set package 'localization' build argument 'cmake_target_skip_unavailable' from command line to 'False'
[0.274s] Level 5:colcon.colcon_core.verb:set package 'localization' build argument 'cmake_clean_cache' from command line to 'False'
[0.274s] Level 5:colcon.colcon_core.verb:set package 'localization' build argument 'cmake_clean_first' from command line to 'False'
[0.274s] Level 5:colcon.colcon_core.verb:set package 'localization' build argument 'cmake_force_configure' from command line to 'False'
[0.274s] Level 5:colcon.colcon_core.verb:set package 'localization' build argument 'ament_cmake_args' from command line to 'None'
[0.275s] Level 5:colcon.colcon_core.verb:set package 'localization' build argument 'catkin_cmake_args' from command line to 'None'
[0.275s] Level 5:colcon.colcon_core.verb:set package 'localization' build argument 'catkin_skip_building_tests' from command line to 'False'
[0.275s] DEBUG:colcon.colcon_core.verb:Building package 'localization' with the following arguments: {'ament_cmake_args': None, 'build_base': '/ros2_ws/build/localization', 'catkin_cmake_args': None, 'catkin_skip_building_tests': False, 'cmake_args': None, 'cmake_clean_cache': False, 'cmake_clean_first': False, 'cmake_force_configure': False, 'cmake_target': None, 'cmake_target_skip_unavailable': False, 'install_base': '/ros2_ws/install/localization', 'merge_install': False, 'path': '/ros2_ws/src/localization', 'symlink_install': False, 'test_result_base': None}
[0.275s] Level 5:colcon.colcon_core.verb:set package 'perception' build argument 'cmake_args' from command line to 'None'
[0.275s] Level 5:colcon.colcon_core.verb:set package 'perception' build argument 'cmake_target' from command line to 'None'
[0.275s] Level 5:colcon.colcon_core.verb:set package 'perception' build argument 'cmake_target_skip_unavailable' from command line to 'False'
[0.275s] Level 5:colcon.colcon_core.verb:set package 'perception' build argument 'cmake_clean_cache' from command line to 'False'
[0.275s] Level 5:colcon.colcon_core.verb:set package 'perception' build argument 'cmake_clean_first' from command line to 'False'
[0.275s] Level 5:colcon.colcon_core.verb:set package 'perception' build argument 'cmake_force_configure' from command line to 'False'
[0.275s] Level 5:colcon.colcon_core.verb:set package 'perception' build argument 'ament_cmake_args' from command line to 'None'
[0.275s] Level 5:colcon.colcon_core.verb:set package 'perception' build argument 'catkin_cmake_args' from command line to 'None'
[0.275s] Level 5:colcon.colcon_core.verb:set package 'perception' build argument 'catkin_skip_building_tests' from command line to 'False'
[0.275s] DEBUG:colcon.colcon_core.verb:Building package 'perception' with the following arguments: {'ament_cmake_args': None, 'build_base': '/ros2_ws/build/perception', 'catkin_cmake_args': None, 'catkin_skip_building_tests': False, 'cmake_args': None, 'cmake_clean_cache': False, 'cmake_clean_first': False, 'cmake_force_configure': False, 'cmake_target': None, 'cmake_target_skip_unavailable': False, 'install_base': '/ros2_ws/install/perception', 'merge_install': False, 'path': '/ros2_ws/src/perception', 'symlink_install': False, 'test_result_base': None}
[0.276s] Level 5:colcon.colcon_core.verb:set package 'planning' build argument 'cmake_args' from command line to 'None'
[0.276s] Level 5:colcon.colcon_core.verb:set package 'planning' build argument 'cmake_target' from command line to 'None'
[0.276s] Level 5:colcon.colcon_core.verb:set package 'planning' build argument 'cmake_target_skip_unavailable' from command line to 'False'
[0.276s] Level 5:colcon.colcon_core.verb:set package 'planning' build argument 'cmake_clean_cache' from command line to 'False'
[0.276s] Level 5:colcon.colcon_core.verb:set package 'planning' build argument 'cmake_clean_first' from command line to 'False'
[0.276s] Level 5:colcon.colcon_core.verb:set package 'planning' build argument 'cmake_force_configure' from command line to 'False'
[0.276s] Level 5:colcon.colcon_core.verb:set package 'planning' build argument 'ament_cmake_args' from command line to 'None'
[0.276s] Level 5:colcon.colcon_core.verb:set package 'planning' build argument 'catkin_cmake_args' from command line to 'None'
[0.276s] Level 5:colcon.colcon_core.verb:set package 'planning' build argument 'catkin_skip_building_tests' from command line to 'False'
[0.276s] DEBUG:colcon.colcon_core.verb:Building package 'planning' with the following arguments: {'ament_cmake_args': None, 'build_base': '/ros2_ws/build/planning', 'catkin_cmake_args': None, 'catkin_skip_building_tests': False, 'cmake_args': None, 'cmake_clean_cache': False, 'cmake_clean_first': False, 'cmake_force_configure': False, 'cmake_target': None, 'cmake_target_skip_unavailable': False, 'install_base': '/ros2_ws/install/planning', 'merge_install': False, 'path': '/ros2_ws/src/planning', 'symlink_install': False, 'test_result_base': None}
[0.276s] INFO:colcon.colcon_core.executor:Executing jobs using 'parallel' executor
[0.280s] DEBUG:colcon.colcon_parallel_executor.executor.parallel:run_until_complete
[0.281s] INFO:colcon.colcon_ros.task.ament_cmake.build:Building ROS package in '/ros2_ws/src/planning_msgs' with build type 'ament_cmake'
[0.281s] INFO:colcon.colcon_cmake.task.cmake.build:Building CMake package in '/ros2_ws/src/planning_msgs'
[0.284s] INFO:colcon.colcon_core.plugin_system:Skipping extension 'colcon_core.shell.bat': Not used on non-Windows systems
[0.284s] INFO:colcon.colcon_core.shell:Skip shell extension 'powershell' for command environment: Not usable outside of PowerShell
[0.284s] DEBUG:colcon.colcon_core.shell:Skip shell extension 'dsv' for command environment
[0.290s] INFO:colcon.colcon_ros.task.ament_cmake.build:Building ROS package in '/ros2_ws/src/common_msgs' with build type 'ament_cmake'
[0.290s] INFO:colcon.colcon_cmake.task.cmake.build:Building CMake package in '/ros2_ws/src/common_msgs'
[0.291s] INFO:colcon.colcon_core.shell:Skip shell extension 'powershell' for command environment: Not usable outside of PowerShell
[0.292s] DEBUG:colcon.colcon_core.shell:Skip shell extension 'dsv' for command environment
[0.298s] INFO:colcon.colcon_ros.task.ament_cmake.build:Building ROS package in '/ros2_ws/src/fsm_msgs' with build type 'ament_cmake'
[0.299s] INFO:colcon.colcon_cmake.task.cmake.build:Building CMake package in '/ros2_ws/src/fsm_msgs'
[0.300s] INFO:colcon.colcon_core.shell:Skip shell extension 'powershell' for command environment: Not usable outside of PowerShell
[0.300s] DEBUG:colcon.colcon_core.shell:Skip shell extension 'dsv' for command environment
[0.306s] INFO:colcon.colcon_ros.task.ament_cmake.build:Building ROS package in '/ros2_ws/src/localization_msgs' with build type 'ament_cmake'
[0.306s] INFO:colcon.colcon_cmake.task.cmake.build:Building CMake package in '/ros2_ws/src/localization_msgs'
[0.308s] INFO:colcon.colcon_core.shell:Skip shell extension 'powershell' for command environment: Not usable outside of PowerShell
[0.308s] DEBUG:colcon.colcon_core.shell:Skip shell extension 'dsv' for command environment
[0.315s] INFO:colcon.colcon_ros.task.ament_cmake.build:Building ROS package in '/ros2_ws/src/perception_msgs' with build type 'ament_cmake'
[0.315s] INFO:colcon.colcon_cmake.task.cmake.build:Building CMake package in '/ros2_ws/src/perception_msgs'
[0.317s] INFO:colcon.colcon_core.shell:Skip shell extension 'powershell' for command environment: Not usable outside of PowerShell
[0.317s] DEBUG:colcon.colcon_core.shell:Skip shell extension 'dsv' for command environment
[0.343s] DEBUG:colcon.colcon_core.event_handler.log_command:Invoking command in '/ros2_ws/build/planning_msgs': CMAKE_PREFIX_PATH=/opt/ros/foxy /usr/bin/cmake --build /ros2_ws/build/planning_msgs -- -j10 -l10
[0.352s] DEBUG:colcon.colcon_core.event_handler.log_command:Invoking command in '/ros2_ws/build/common_msgs': CMAKE_PREFIX_PATH=/opt/ros/foxy /usr/bin/cmake --build /ros2_ws/build/common_msgs -- -j10 -l10
[0.366s] DEBUG:colcon.colcon_core.event_handler.log_command:Invoking command in '/ros2_ws/build/fsm_msgs': CMAKE_PREFIX_PATH=/opt/ros/foxy /usr/bin/cmake --build /ros2_ws/build/fsm_msgs -- -j10 -l10
[0.375s] DEBUG:colcon.colcon_core.event_handler.log_command:Invoking command in '/ros2_ws/build/localization_msgs': CMAKE_PREFIX_PATH=/opt/ros/foxy /usr/bin/cmake --build /ros2_ws/build/localization_msgs -- -j10 -l10
[0.388s] DEBUG:colcon.colcon_core.event_handler.log_command:Invoking command in '/ros2_ws/build/perception_msgs': CMAKE_PREFIX_PATH=/opt/ros/foxy /usr/bin/cmake --build /ros2_ws/build/perception_msgs -- -j10 -l10
[2.083s] DEBUG:colcon.colcon_core.event_handler.log_command:Invoked command in '/ros2_ws/build/common_msgs' returned '0': CMAKE_PREFIX_PATH=/opt/ros/foxy /usr/bin/cmake --build /ros2_ws/build/common_msgs -- -j10 -l10
[2.139s] DEBUG:colcon.colcon_core.event_handler.log_command:Invoked command in '/ros2_ws/build/fsm_msgs' returned '0': CMAKE_PREFIX_PATH=/opt/ros/foxy /usr/bin/cmake --build /ros2_ws/build/fsm_msgs -- -j10 -l10
[2.232s] DEBUG:colcon.colcon_core.event_handler.log_command:Invoked command in '/ros2_ws/build/planning_msgs' returned '0': CMAKE_PREFIX_PATH=/opt/ros/foxy /usr/bin/cmake --build /ros2_ws/build/planning_msgs -- -j10 -l10
[2.279s] DEBUG:colcon.colcon_core.event_handler.log_command:Invoked command in '/ros2_ws/build/localization_msgs' returned '0': CMAKE_PREFIX_PATH=/opt/ros/foxy /usr/bin/cmake --build /ros2_ws/build/localization_msgs -- -j10 -l10
[2.286s] DEBUG:colcon.colcon_core.event_handler.log_command:Invoked command in '/ros2_ws/build/perception_msgs' returned '0': CMAKE_PREFIX_PATH=/opt/ros/foxy /usr/bin/cmake --build /ros2_ws/build/perception_msgs -- -j10 -l10
[3.143s] DEBUG:colcon.colcon_core.event_handler.log_command:Invoking command in '/ros2_ws/build/common_msgs': CMAKE_PREFIX_PATH=/opt/ros/foxy /usr/bin/cmake --install /ros2_ws/build/common_msgs
[3.367s] Level 1:colcon.colcon_core.environment:create_environment_scripts_only(common_msgs)
[3.368s] DEBUG:colcon.colcon_core.event_handler.log_command:Invoked command in '/ros2_ws/build/common_msgs' returned '0': CMAKE_PREFIX_PATH=/opt/ros/foxy /usr/bin/cmake --install /ros2_ws/build/common_msgs
[3.371s] Level 1:colcon.colcon_core.environment:checking '/ros2_ws/install/common_msgs' for CMake module files
[3.378s] Level 1:colcon.colcon_core.environment:checking '/ros2_ws/install/common_msgs' for CMake config files
[3.384s] Level 1:colcon.colcon_core.shell:create_environment_hook('common_msgs', 'cmake_prefix_path')
[3.385s] INFO:colcon.colcon_core.shell:Creating environment hook '/ros2_ws/install/common_msgs/share/common_msgs/hook/cmake_prefix_path.ps1'
[3.389s] INFO:colcon.colcon_core.shell:Creating environment descriptor '/ros2_ws/install/common_msgs/share/common_msgs/hook/cmake_prefix_path.dsv'
[3.390s] INFO:colcon.colcon_core.shell:Creating environment hook '/ros2_ws/install/common_msgs/share/common_msgs/hook/cmake_prefix_path.sh'
[3.392s] Level 1:colcon.colcon_core.environment:checking '/ros2_ws/install/common_msgs/lib'
[3.393s] Level 1:colcon.colcon_core.shell:create_environment_hook('common_msgs', 'ld_library_path_lib')
[3.394s] INFO:colcon.colcon_core.shell:Creating environment hook '/ros2_ws/install/common_msgs/share/common_msgs/hook/ld_library_path_lib.ps1'
[3.397s] INFO:colcon.colcon_core.shell:Creating environment descriptor '/ros2_ws/install/common_msgs/share/common_msgs/hook/ld_library_path_lib.dsv'
[3.398s] INFO:colcon.colcon_core.shell:Creating environment hook '/ros2_ws/install/common_msgs/share/common_msgs/hook/ld_library_path_lib.sh'
[3.400s] Level 1:colcon.colcon_core.environment:checking '/ros2_ws/install/common_msgs/bin'
[3.400s] Level 1:colcon.colcon_core.environment:checking '/ros2_ws/install/common_msgs/lib/pkgconfig/common_msgs.pc'
[3.401s] Level 1:colcon.colcon_core.environment:checking '/ros2_ws/install/common_msgs/lib/python3.8/site-packages'
[3.401s] Level 1:colcon.colcon_core.shell:create_environment_hook('common_msgs', 'pythonpath')
[3.403s] INFO:colcon.colcon_core.shell:Creating environment hook '/ros2_ws/install/common_msgs/share/common_msgs/hook/pythonpath.ps1'
[3.405s] INFO:colcon.colcon_core.shell:Creating environment descriptor '/ros2_ws/install/common_msgs/share/common_msgs/hook/pythonpath.dsv'
[3.407s] INFO:colcon.colcon_core.shell:Creating environment hook '/ros2_ws/install/common_msgs/share/common_msgs/hook/pythonpath.sh'
[3.408s] Level 1:colcon.colcon_core.environment:checking '/ros2_ws/install/common_msgs/bin'
[3.409s] INFO:colcon.colcon_core.shell:Creating package script '/ros2_ws/install/common_msgs/share/common_msgs/package.ps1'
[3.411s] INFO:colcon.colcon_core.shell:Creating package descriptor '/ros2_ws/install/common_msgs/share/common_msgs/package.dsv'
[3.413s] INFO:colcon.colcon_core.shell:Creating package script '/ros2_ws/install/common_msgs/share/common_msgs/package.sh'
[3.414s] INFO:colcon.colcon_core.shell:Creating package script '/ros2_ws/install/common_msgs/share/common_msgs/package.bash'
[3.416s] INFO:colcon.colcon_core.shell:Creating package script '/ros2_ws/install/common_msgs/share/common_msgs/package.zsh'
[3.417s] Level 1:colcon.colcon_core.environment:create_file_with_runtime_dependencies(/ros2_ws/install/common_msgs/share/colcon-core/packages/common_msgs)
[3.431s] DEBUG:colcon.colcon_core.event_handler.log_command:Invoking command in '/ros2_ws/build/fsm_msgs': CMAKE_PREFIX_PATH=/opt/ros/foxy /usr/bin/cmake --install /ros2_ws/build/fsm_msgs
[3.667s] Level 1:colcon.colcon_core.environment:create_environment_scripts_only(fsm_msgs)
[3.669s] Level 1:colcon.colcon_core.environment:checking '/ros2_ws/install/fsm_msgs' for CMake module files
[3.670s] DEBUG:colcon.colcon_core.event_handler.log_command:Invoked command in '/ros2_ws/build/fsm_msgs' returned '0': CMAKE_PREFIX_PATH=/opt/ros/foxy /usr/bin/cmake --install /ros2_ws/build/fsm_msgs
[3.675s] Level 1:colcon.colcon_core.environment:checking '/ros2_ws/install/fsm_msgs' for CMake config files
[3.682s] Level 1:colcon.colcon_core.shell:create_environment_hook('fsm_msgs', 'cmake_prefix_path')
[3.685s] INFO:colcon.colcon_core.shell:Creating environment hook '/ros2_ws/install/fsm_msgs/share/fsm_msgs/hook/cmake_prefix_path.ps1'
[3.687s] INFO:colcon.colcon_core.shell:Creating environment descriptor '/ros2_ws/install/fsm_msgs/share/fsm_msgs/hook/cmake_prefix_path.dsv'
[3.689s] INFO:colcon.colcon_core.shell:Creating environment hook '/ros2_ws/install/fsm_msgs/share/fsm_msgs/hook/cmake_prefix_path.sh'
[3.691s] Level 1:colcon.colcon_core.environment:checking '/ros2_ws/install/fsm_msgs/lib'
[3.692s] Level 1:colcon.colcon_core.shell:create_environment_hook('fsm_msgs', 'ld_library_path_lib')
[3.693s] INFO:colcon.colcon_core.shell:Creating environment hook '/ros2_ws/install/fsm_msgs/share/fsm_msgs/hook/ld_library_path_lib.ps1'
[3.696s] INFO:colcon.colcon_core.shell:Creating environment descriptor '/ros2_ws/install/fsm_msgs/share/fsm_msgs/hook/ld_library_path_lib.dsv'
[3.696s] INFO:colcon.colcon_core.shell:Creating environment hook '/ros2_ws/install/fsm_msgs/share/fsm_msgs/hook/ld_library_path_lib.sh'
[3.697s] Level 1:colcon.colcon_core.environment:checking '/ros2_ws/install/fsm_msgs/bin'
[3.697s] Level 1:colcon.colcon_core.environment:checking '/ros2_ws/install/fsm_msgs/lib/pkgconfig/fsm_msgs.pc'
[3.697s] Level 1:colcon.colcon_core.environment:checking '/ros2_ws/install/fsm_msgs/lib/python3.8/site-packages'
[3.697s] Level 1:colcon.colcon_core.shell:create_environment_hook('fsm_msgs', 'pythonpath')
[3.698s] INFO:colcon.colcon_core.shell:Creating environment hook '/ros2_ws/install/fsm_msgs/share/fsm_msgs/hook/pythonpath.ps1'
[3.700s] INFO:colcon.colcon_core.shell:Creating environment descriptor '/ros2_ws/install/fsm_msgs/share/fsm_msgs/hook/pythonpath.dsv'
[3.702s] INFO:colcon.colcon_core.shell:Creating environment hook '/ros2_ws/install/fsm_msgs/share/fsm_msgs/hook/pythonpath.sh'
[3.705s] Level 1:colcon.colcon_core.environment:checking '/ros2_ws/install/fsm_msgs/bin'
[3.707s] INFO:colcon.colcon_core.shell:Creating package script '/ros2_ws/install/fsm_msgs/share/fsm_msgs/package.ps1'
[3.708s] INFO:colcon.colcon_core.shell:Creating package descriptor '/ros2_ws/install/fsm_msgs/share/fsm_msgs/package.dsv'
[3.710s] INFO:colcon.colcon_core.shell:Creating package script '/ros2_ws/install/fsm_msgs/share/fsm_msgs/package.sh'
[3.711s] INFO:colcon.colcon_core.shell:Creating package script '/ros2_ws/install/fsm_msgs/share/fsm_msgs/package.bash'
[3.712s] INFO:colcon.colcon_core.shell:Creating package script '/ros2_ws/install/fsm_msgs/share/fsm_msgs/package.zsh'
[3.713s] Level 1:colcon.colcon_core.environment:create_file_with_runtime_dependencies(/ros2_ws/install/fsm_msgs/share/colcon-core/packages/fsm_msgs)
[4.308s] DEBUG:colcon.colcon_core.event_handler.log_command:Invoking command in '/ros2_ws/build/localization_msgs': CMAKE_PREFIX_PATH=/opt/ros/foxy /usr/bin/cmake --install /ros2_ws/build/localization_msgs
[4.438s] Level 1:colcon.colcon_core.environment:create_environment_scripts_only(common_msgs)
[4.440s] Level 1:colcon.colcon_core.environment:checking '/ros2_ws/install/common_msgs' for CMake module files
[4.443s] Level 1:colcon.colcon_core.environment:checking '/ros2_ws/install/common_msgs' for CMake config files
[4.447s] Level 1:colcon.colcon_core.shell:create_environment_hook('common_msgs', 'cmake_prefix_path')
[4.448s] INFO:colcon.colcon_core.shell:Creating environment hook '/ros2_ws/install/common_msgs/share/common_msgs/hook/cmake_prefix_path.ps1'
[4.450s] INFO:colcon.colcon_core.shell:Creating environment descriptor '/ros2_ws/install/common_msgs/share/common_msgs/hook/cmake_prefix_path.dsv'
[4.450s] INFO:colcon.colcon_core.shell:Creating environment hook '/ros2_ws/install/common_msgs/share/common_msgs/hook/cmake_prefix_path.sh'
[4.455s] Level 1:colcon.colcon_core.environment:checking '/ros2_ws/install/common_msgs/lib'
[4.455s] Level 1:colcon.colcon_core.shell:create_environment_hook('common_msgs', 'ld_library_path_lib')
[4.456s] INFO:colcon.colcon_core.shell:Creating environment hook '/ros2_ws/install/common_msgs/share/common_msgs/hook/ld_library_path_lib.ps1'
[4.456s] INFO:colcon.colcon_core.shell:Creating environment descriptor '/ros2_ws/install/common_msgs/share/common_msgs/hook/ld_library_path_lib.dsv'
[4.457s] INFO:colcon.colcon_core.shell:Creating environment hook '/ros2_ws/install/common_msgs/share/common_msgs/hook/ld_library_path_lib.sh'
[4.458s] Level 1:colcon.colcon_core.environment:checking '/ros2_ws/install/common_msgs/bin'
[4.460s] Level 1:colcon.colcon_core.environment:checking '/ros2_ws/install/common_msgs/lib/pkgconfig/common_msgs.pc'
[4.460s] Level 1:colcon.colcon_core.environment:checking '/ros2_ws/install/common_msgs/lib/python3.8/site-packages'
[4.461s] Level 1:colcon.colcon_core.shell:create_environment_hook('common_msgs', 'pythonpath')
[4.464s] INFO:colcon.colcon_core.shell:Creating environment hook '/ros2_ws/install/common_msgs/share/common_msgs/hook/pythonpath.ps1'
[4.466s] INFO:colcon.colcon_core.shell:Creating environment descriptor '/ros2_ws/install/common_msgs/share/common_msgs/hook/pythonpath.dsv'
[4.466s] INFO:colcon.colcon_core.shell:Creating environment hook '/ros2_ws/install/common_msgs/share/common_msgs/hook/pythonpath.sh'
[4.467s] Level 1:colcon.colcon_core.environment:checking '/ros2_ws/install/common_msgs/bin'
[4.467s] INFO:colcon.colcon_core.shell:Creating package script '/ros2_ws/install/common_msgs/share/common_msgs/package.ps1'
[4.471s] INFO:colcon.colcon_core.shell:Creating package descriptor '/ros2_ws/install/common_msgs/share/common_msgs/package.dsv'
[4.472s] INFO:colcon.colcon_core.shell:Creating package script '/ros2_ws/install/common_msgs/share/common_msgs/package.sh'
[4.476s] INFO:colcon.colcon_core.shell:Creating package script '/ros2_ws/install/common_msgs/share/common_msgs/package.bash'
[4.476s] INFO:colcon.colcon_core.shell:Creating package script '/ros2_ws/install/common_msgs/share/common_msgs/package.zsh'
[4.480s] Level 1:colcon.colcon_core.environment:create_file_with_runtime_dependencies(/ros2_ws/install/common_msgs/share/colcon-core/packages/common_msgs)
[4.567s] Level 1:colcon.colcon_core.environment:create_environment_scripts_only(localization_msgs)
[4.570s] Level 1:colcon.colcon_core.environment:checking '/ros2_ws/install/localization_msgs' for CMake module files
[4.570s] DEBUG:colcon.colcon_core.event_handler.log_command:Invoked command in '/ros2_ws/build/localization_msgs' returned '0': CMAKE_PREFIX_PATH=/opt/ros/foxy /usr/bin/cmake --install /ros2_ws/build/localization_msgs
[4.575s] Level 1:colcon.colcon_core.environment:checking '/ros2_ws/install/localization_msgs' for CMake config files
[4.584s] Level 1:colcon.colcon_core.shell:create_environment_hook('localization_msgs', 'cmake_prefix_path')
[4.585s] INFO:colcon.colcon_core.shell:Creating environment hook '/ros2_ws/install/localization_msgs/share/localization_msgs/hook/cmake_prefix_path.ps1'
[4.589s] INFO:colcon.colcon_core.shell:Creating environment descriptor '/ros2_ws/install/localization_msgs/share/localization_msgs/hook/cmake_prefix_path.dsv'
[4.592s] INFO:colcon.colcon_core.shell:Creating environment hook '/ros2_ws/install/localization_msgs/share/localization_msgs/hook/cmake_prefix_path.sh'
[4.593s] Level 1:colcon.colcon_core.environment:checking '/ros2_ws/install/localization_msgs/lib'
[4.593s] Level 1:colcon.colcon_core.shell:create_environment_hook('localization_msgs', 'ld_library_path_lib')
[4.594s] INFO:colcon.colcon_core.shell:Creating environment hook '/ros2_ws/install/localization_msgs/share/localization_msgs/hook/ld_library_path_lib.ps1'
[4.594s] INFO:colcon.colcon_core.shell:Creating environment descriptor '/ros2_ws/install/localization_msgs/share/localization_msgs/hook/ld_library_path_lib.dsv'
[4.595s] INFO:colcon.colcon_core.shell:Creating environment hook '/ros2_ws/install/localization_msgs/share/localization_msgs/hook/ld_library_path_lib.sh'
[4.598s] Level 1:colcon.colcon_core.environment:checking '/ros2_ws/install/localization_msgs/bin'
[4.598s] Level 1:colcon.colcon_core.environment:checking '/ros2_ws/install/localization_msgs/lib/pkgconfig/localization_msgs.pc'
[4.599s] Level 1:colcon.colcon_core.environment:checking '/ros2_ws/install/localization_msgs/lib/python3.8/site-packages'
[4.600s] Level 1:colcon.colcon_core.shell:create_environment_hook('localization_msgs', 'pythonpath')
[4.602s] INFO:colcon.colcon_core.shell:Creating environment hook '/ros2_ws/install/localization_msgs/share/localization_msgs/hook/pythonpath.ps1'
[4.602s] INFO:colcon.colcon_core.shell:Creating environment descriptor '/ros2_ws/install/localization_msgs/share/localization_msgs/hook/pythonpath.dsv'
[4.604s] INFO:colcon.colcon_core.shell:Creating environment hook '/ros2_ws/install/localization_msgs/share/localization_msgs/hook/pythonpath.sh'
[4.605s] Level 1:colcon.colcon_core.environment:checking '/ros2_ws/install/localization_msgs/bin'
[4.607s] INFO:colcon.colcon_core.shell:Creating package script '/ros2_ws/install/localization_msgs/share/localization_msgs/package.ps1'
[4.610s] INFO:colcon.colcon_core.shell:Creating package descriptor '/ros2_ws/install/localization_msgs/share/localization_msgs/package.dsv'
[4.611s] INFO:colcon.colcon_core.shell:Creating package script '/ros2_ws/install/localization_msgs/share/localization_msgs/package.sh'
[4.612s] INFO:colcon.colcon_core.shell:Creating package script '/ros2_ws/install/localization_msgs/share/localization_msgs/package.bash'
[4.612s] INFO:colcon.colcon_core.shell:Creating package script '/ros2_ws/install/localization_msgs/share/localization_msgs/package.zsh'
[4.612s] Level 1:colcon.colcon_core.environment:create_file_with_runtime_dependencies(/ros2_ws/install/localization_msgs/share/colcon-core/packages/localization_msgs)
[4.952s] Level 1:colcon.colcon_core.environment:create_environment_scripts_only(fsm_msgs)
[4.953s] Level 1:colcon.colcon_core.environment:checking '/ros2_ws/install/fsm_msgs' for CMake module files
[4.957s] Level 1:colcon.colcon_core.environment:checking '/ros2_ws/install/fsm_msgs' for CMake config files
[4.962s] Level 1:colcon.colcon_core.shell:create_environment_hook('fsm_msgs', 'cmake_prefix_path')
[4.963s] INFO:colcon.colcon_core.shell:Creating environment hook '/ros2_ws/install/fsm_msgs/share/fsm_msgs/hook/cmake_prefix_path.ps1'
[4.967s] INFO:colcon.colcon_core.shell:Creating environment descriptor '/ros2_ws/install/fsm_msgs/share/fsm_msgs/hook/cmake_prefix_path.dsv'
[4.968s] INFO:colcon.colcon_core.shell:Creating environment hook '/ros2_ws/install/fsm_msgs/share/fsm_msgs/hook/cmake_prefix_path.sh'
[4.968s] Level 1:colcon.colcon_core.environment:checking '/ros2_ws/install/fsm_msgs/lib'
[4.968s] Level 1:colcon.colcon_core.shell:create_environment_hook('fsm_msgs', 'ld_library_path_lib')
[4.969s] INFO:colcon.colcon_core.shell:Creating environment hook '/ros2_ws/install/fsm_msgs/share/fsm_msgs/hook/ld_library_path_lib.ps1'
[4.969s] INFO:colcon.colcon_core.shell:Creating environment descriptor '/ros2_ws/install/fsm_msgs/share/fsm_msgs/hook/ld_library_path_lib.dsv'
[4.970s] INFO:colcon.colcon_core.shell:Creating environment hook '/ros2_ws/install/fsm_msgs/share/fsm_msgs/hook/ld_library_path_lib.sh'
[4.970s] Level 1:colcon.colcon_core.environment:checking '/ros2_ws/install/fsm_msgs/bin'
[4.970s] Level 1:colcon.colcon_core.environment:checking '/ros2_ws/install/fsm_msgs/lib/pkgconfig/fsm_msgs.pc'
[4.970s] Level 1:colcon.colcon_core.environment:checking '/ros2_ws/install/fsm_msgs/lib/python3.8/site-packages'
[4.971s] Level 1:colcon.colcon_core.shell:create_environment_hook('fsm_msgs', 'pythonpath')
[4.972s] INFO:colcon.colcon_core.shell:Creating environment hook '/ros2_ws/install/fsm_msgs/share/fsm_msgs/hook/pythonpath.ps1'
[4.972s] INFO:colcon.colcon_core.shell:Creating environment descriptor '/ros2_ws/install/fsm_msgs/share/fsm_msgs/hook/pythonpath.dsv'
[4.974s] INFO:colcon.colcon_core.shell:Creating environment hook '/ros2_ws/install/fsm_msgs/share/fsm_msgs/hook/pythonpath.sh'
[4.975s] Level 1:colcon.colcon_core.environment:checking '/ros2_ws/install/fsm_msgs/bin'
[4.978s] INFO:colcon.colcon_core.shell:Creating package script '/ros2_ws/install/fsm_msgs/share/fsm_msgs/package.ps1'
[4.979s] INFO:colcon.colcon_core.shell:Creating package descriptor '/ros2_ws/install/fsm_msgs/share/fsm_msgs/package.dsv'
[4.983s] INFO:colcon.colcon_core.shell:Creating package script '/ros2_ws/install/fsm_msgs/share/fsm_msgs/package.sh'
[4.984s] INFO:colcon.colcon_core.shell:Creating package script '/ros2_ws/install/fsm_msgs/share/fsm_msgs/package.bash'
[4.985s] INFO:colcon.colcon_core.shell:Creating package script '/ros2_ws/install/fsm_msgs/share/fsm_msgs/package.zsh'
[4.985s] Level 1:colcon.colcon_core.environment:create_file_with_runtime_dependencies(/ros2_ws/install/fsm_msgs/share/colcon-core/packages/fsm_msgs)
[5.054s] DEBUG:colcon.colcon_core.event_handler.log_command:Invoking command in '/ros2_ws/build/planning_msgs': CMAKE_PREFIX_PATH=/opt/ros/foxy /usr/bin/cmake --install /ros2_ws/build/planning_msgs
[5.099s] DEBUG:colcon.colcon_core.event_handler.log_command:Invoking command in '/ros2_ws/build/perception_msgs': CMAKE_PREFIX_PATH=/opt/ros/foxy /usr/bin/cmake --install /ros2_ws/build/perception_msgs
[5.312s] Level 1:colcon.colcon_core.environment:create_environment_scripts_only(planning_msgs)
[5.313s] Level 1:colcon.colcon_core.environment:checking '/ros2_ws/install/planning_msgs' for CMake module files
[5.313s] DEBUG:colcon.colcon_core.event_handler.log_command:Invoked command in '/ros2_ws/build/planning_msgs' returned '0': CMAKE_PREFIX_PATH=/opt/ros/foxy /usr/bin/cmake --install /ros2_ws/build/planning_msgs
[5.315s] Level 1:colcon.colcon_core.environment:checking '/ros2_ws/install/planning_msgs' for CMake config files
[5.318s] Level 1:colcon.colcon_core.shell:create_environment_hook('planning_msgs', 'cmake_prefix_path')
[5.318s] INFO:colcon.colcon_core.shell:Creating environment hook '/ros2_ws/install/planning_msgs/share/planning_msgs/hook/cmake_prefix_path.ps1'
[5.319s] INFO:colcon.colcon_core.shell:Creating environment descriptor '/ros2_ws/install/planning_msgs/share/planning_msgs/hook/cmake_prefix_path.dsv'
[5.319s] INFO:colcon.colcon_core.shell:Creating environment hook '/ros2_ws/install/planning_msgs/share/planning_msgs/hook/cmake_prefix_path.sh'
[5.320s] Level 1:colcon.colcon_core.environment:checking '/ros2_ws/install/planning_msgs/lib'
[5.320s] Level 1:colcon.colcon_core.shell:create_environment_hook('planning_msgs', 'ld_library_path_lib')
[5.321s] INFO:colcon.colcon_core.shell:Creating environment hook '/ros2_ws/install/planning_msgs/share/planning_msgs/hook/ld_library_path_lib.ps1'
[5.322s] INFO:colcon.colcon_core.shell:Creating environment descriptor '/ros2_ws/install/planning_msgs/share/planning_msgs/hook/ld_library_path_lib.dsv'
[5.322s] INFO:colcon.colcon_core.shell:Creating environment hook '/ros2_ws/install/planning_msgs/share/planning_msgs/hook/ld_library_path_lib.sh'
[5.322s] Level 1:colcon.colcon_core.environment:checking '/ros2_ws/install/planning_msgs/bin'
[5.322s] Level 1:colcon.colcon_core.environment:checking '/ros2_ws/install/planning_msgs/lib/pkgconfig/planning_msgs.pc'
[5.323s] Level 1:colcon.colcon_core.environment:checking '/ros2_ws/install/planning_msgs/lib/python3.8/site-packages'
[5.323s] Level 1:colcon.colcon_core.shell:create_environment_hook('planning_msgs', 'pythonpath')
[5.323s] INFO:colcon.colcon_core.shell:Creating environment hook '/ros2_ws/install/planning_msgs/share/planning_msgs/hook/pythonpath.ps1'
[5.324s] INFO:colcon.colcon_core.shell:Creating environment descriptor '/ros2_ws/install/planning_msgs/share/planning_msgs/hook/pythonpath.dsv'
[5.324s] INFO:colcon.colcon_core.shell:Creating environment hook '/ros2_ws/install/planning_msgs/share/planning_msgs/hook/pythonpath.sh'
[5.324s] Level 1:colcon.colcon_core.environment:checking '/ros2_ws/install/planning_msgs/bin'
[5.325s] INFO:colcon.colcon_core.shell:Creating package script '/ros2_ws/install/planning_msgs/share/planning_msgs/package.ps1'
[5.325s] INFO:colcon.colcon_core.shell:Creating package descriptor '/ros2_ws/install/planning_msgs/share/planning_msgs/package.dsv'
[5.326s] INFO:colcon.colcon_core.shell:Creating package script '/ros2_ws/install/planning_msgs/share/planning_msgs/package.sh'
[5.326s] INFO:colcon.colcon_core.shell:Creating package script '/ros2_ws/install/planning_msgs/share/planning_msgs/package.bash'
[5.326s] INFO:colcon.colcon_core.shell:Creating package script '/ros2_ws/install/planning_msgs/share/planning_msgs/package.zsh'
[5.327s] Level 1:colcon.colcon_core.environment:create_file_with_runtime_dependencies(/ros2_ws/install/planning_msgs/share/colcon-core/packages/planning_msgs)
[5.399s] Level 1:colcon.colcon_core.environment:create_environment_scripts_only(perception_msgs)
[5.401s] Level 1:colcon.colcon_core.environment:checking '/ros2_ws/install/perception_msgs' for CMake module files
[5.401s] DEBUG:colcon.colcon_core.event_handler.log_command:Invoked command in '/ros2_ws/build/perception_msgs' returned '0': CMAKE_PREFIX_PATH=/opt/ros/foxy /usr/bin/cmake --install /ros2_ws/build/perception_msgs
[5.403s] Level 1:colcon.colcon_core.environment:checking '/ros2_ws/install/perception_msgs' for CMake config files
[5.410s] Level 1:colcon.colcon_core.shell:create_environment_hook('perception_msgs', 'cmake_prefix_path')
[5.412s] INFO:colcon.colcon_core.shell:Creating environment hook '/ros2_ws/install/perception_msgs/share/perception_msgs/hook/cmake_prefix_path.ps1'
[5.414s] INFO:colcon.colcon_core.shell:Creating environment descriptor '/ros2_ws/install/perception_msgs/share/perception_msgs/hook/cmake_prefix_path.dsv'
[5.414s] INFO:colcon.colcon_core.shell:Creating environment hook '/ros2_ws/install/perception_msgs/share/perception_msgs/hook/cmake_prefix_path.sh'
[5.417s] Level 1:colcon.colcon_core.environment:checking '/ros2_ws/install/perception_msgs/lib'
[5.418s] Level 1:colcon.colcon_core.shell:create_environment_hook('perception_msgs', 'ld_library_path_lib')
[5.419s] INFO:colcon.colcon_core.shell:Creating environment hook '/ros2_ws/install/perception_msgs/share/perception_msgs/hook/ld_library_path_lib.ps1'
[5.422s] INFO:colcon.colcon_core.shell:Creating environment descriptor '/ros2_ws/install/perception_msgs/share/perception_msgs/hook/ld_library_path_lib.dsv'
[5.424s] INFO:colcon.colcon_core.shell:Creating environment hook '/ros2_ws/install/perception_msgs/share/perception_msgs/hook/ld_library_path_lib.sh'
[5.425s] Level 1:colcon.colcon_core.environment:checking '/ros2_ws/install/perception_msgs/bin'
[5.425s] Level 1:colcon.colcon_core.environment:checking '/ros2_ws/install/perception_msgs/lib/pkgconfig/perception_msgs.pc'
[5.425s] Level 1:colcon.colcon_core.environment:checking '/ros2_ws/install/perception_msgs/lib/python3.8/site-packages'
[5.425s] Level 1:colcon.colcon_core.shell:create_environment_hook('perception_msgs', 'pythonpath')
[5.426s] INFO:colcon.colcon_core.shell:Creating environment hook '/ros2_ws/install/perception_msgs/share/perception_msgs/hook/pythonpath.ps1'
[5.429s] INFO:colcon.colcon_core.shell:Creating environment descriptor '/ros2_ws/install/perception_msgs/share/perception_msgs/hook/pythonpath.dsv'
[5.430s] INFO:colcon.colcon_core.shell:Creating environment hook '/ros2_ws/install/perception_msgs/share/perception_msgs/hook/pythonpath.sh'
[5.430s] Level 1:colcon.colcon_core.environment:checking '/ros2_ws/install/perception_msgs/bin'
[5.431s] INFO:colcon.colcon_core.shell:Creating package script '/ros2_ws/install/perception_msgs/share/perception_msgs/package.ps1'
[5.431s] INFO:colcon.colcon_core.shell:Creating package descriptor '/ros2_ws/install/perception_msgs/share/perception_msgs/package.dsv'
[5.434s] INFO:colcon.colcon_core.shell:Creating package script '/ros2_ws/install/perception_msgs/share/perception_msgs/package.sh'
[5.436s] INFO:colcon.colcon_core.shell:Creating package script '/ros2_ws/install/perception_msgs/share/perception_msgs/package.bash'
[5.436s] INFO:colcon.colcon_core.shell:Creating package script '/ros2_ws/install/perception_msgs/share/perception_msgs/package.zsh'
[5.438s] Level 1:colcon.colcon_core.environment:create_file_with_runtime_dependencies(/ros2_ws/install/perception_msgs/share/colcon-core/packages/perception_msgs)
[6.471s] Level 1:colcon.colcon_core.environment:create_environment_scripts_only(localization_msgs)
[6.473s] Level 1:colcon.colcon_core.environment:checking '/ros2_ws/install/localization_msgs' for CMake module files
[6.477s] Level 1:colcon.colcon_core.environment:checking '/ros2_ws/install/localization_msgs' for CMake config files
[6.481s] Level 1:colcon.colcon_core.shell:create_environment_hook('localization_msgs', 'cmake_prefix_path')
[6.481s] INFO:colcon.colcon_core.shell:Creating environment hook '/ros2_ws/install/localization_msgs/share/localization_msgs/hook/cmake_prefix_path.ps1'
[6.483s] INFO:colcon.colcon_core.shell:Creating environment descriptor '/ros2_ws/install/localization_msgs/share/localization_msgs/hook/cmake_prefix_path.dsv'
[6.484s] INFO:colcon.colcon_core.shell:Creating environment hook '/ros2_ws/install/localization_msgs/share/localization_msgs/hook/cmake_prefix_path.sh'
[6.488s] Level 1:colcon.colcon_core.environment:checking '/ros2_ws/install/localization_msgs/lib'
[6.488s] Level 1:colcon.colcon_core.shell:create_environment_hook('localization_msgs', 'ld_library_path_lib')
[6.489s] INFO:colcon.colcon_core.shell:Creating environment hook '/ros2_ws/install/localization_msgs/share/localization_msgs/hook/ld_library_path_lib.ps1'
[6.490s] INFO:colcon.colcon_core.shell:Creating environment descriptor '/ros2_ws/install/localization_msgs/share/localization_msgs/hook/ld_library_path_lib.dsv'
[6.491s] INFO:colcon.colcon_core.shell:Creating environment hook '/ros2_ws/install/localization_msgs/share/localization_msgs/hook/ld_library_path_lib.sh'
[6.492s] Level 1:colcon.colcon_core.environment:checking '/ros2_ws/install/localization_msgs/bin'
[6.492s] Level 1:colcon.colcon_core.environment:checking '/ros2_ws/install/localization_msgs/lib/pkgconfig/localization_msgs.pc'
[6.493s] Level 1:colcon.colcon_core.environment:checking '/ros2_ws/install/localization_msgs/lib/python3.8/site-packages'
[6.493s] Level 1:colcon.colcon_core.shell:create_environment_hook('localization_msgs', 'pythonpath')
[6.493s] INFO:colcon.colcon_core.shell:Creating environment hook '/ros2_ws/install/localization_msgs/share/localization_msgs/hook/pythonpath.ps1'
[6.495s] INFO:colcon.colcon_core.shell:Creating environment descriptor '/ros2_ws/install/localization_msgs/share/localization_msgs/hook/pythonpath.dsv'
[6.496s] INFO:colcon.colcon_core.shell:Creating environment hook '/ros2_ws/install/localization_msgs/share/localization_msgs/hook/pythonpath.sh'
[6.496s] Level 1:colcon.colcon_core.environment:checking '/ros2_ws/install/localization_msgs/bin'
[6.498s] INFO:colcon.colcon_core.shell:Creating package script '/ros2_ws/install/localization_msgs/share/localization_msgs/package.ps1'
[6.499s] INFO:colcon.colcon_core.shell:Creating package descriptor '/ros2_ws/install/localization_msgs/share/localization_msgs/package.dsv'
[6.501s] INFO:colcon.colcon_core.shell:Creating package script '/ros2_ws/install/localization_msgs/share/localization_msgs/package.sh'
[6.503s] INFO:colcon.colcon_core.shell:Creating package script '/ros2_ws/install/localization_msgs/share/localization_msgs/package.bash'
[6.503s] INFO:colcon.colcon_core.shell:Creating package script '/ros2_ws/install/localization_msgs/share/localization_msgs/package.zsh'
[6.503s] Level 1:colcon.colcon_core.environment:create_file_with_runtime_dependencies(/ros2_ws/install/localization_msgs/share/colcon-core/packages/localization_msgs)
[6.506s] INFO:colcon.colcon_ros.task.ament_python.build:Building ROS package in '/ros2_ws/src/localization' with build type 'ament_python'
[6.506s] Level 1:colcon.colcon_core.shell:create_environment_hook('localization', 'ament_prefix_path')
[6.507s] INFO:colcon.colcon_core.shell:Creating environment hook '/ros2_ws/install/localization/share/localization/hook/ament_prefix_path.ps1'
[6.508s] INFO:colcon.colcon_core.shell:Creating environment descriptor '/ros2_ws/install/localization/share/localization/hook/ament_prefix_path.dsv'
[6.509s] INFO:colcon.colcon_core.shell:Creating environment hook '/ros2_ws/install/localization/share/localization/hook/ament_prefix_path.sh'
[6.513s] INFO:colcon.colcon_core.shell:Skip shell extension 'powershell' for command environment: Not usable outside of PowerShell
[6.514s] DEBUG:colcon.colcon_core.shell:Skip shell extension 'dsv' for command environment
[6.751s] INFO:colcon.colcon_core.task.python.build:Building Python package in '/ros2_ws/src/localization'
[6.753s] INFO:colcon.colcon_core.shell:Skip shell extension 'powershell' for command environment: Not usable outside of PowerShell
[6.753s] DEBUG:colcon.colcon_core.shell:Skip shell extension 'dsv' for command environment
[7.105s] DEBUG:colcon.colcon_core.event_handler.log_command:Invoking command in '/ros2_ws/src/localization': AMENT_PREFIX_PATH=/ros2_ws/install/localization_msgs:${AMENT_PREFIX_PATH} CMAKE_PREFIX_PATH=/ros2_ws/install/localization_msgs LD_LIBRARY_PATH=/ros2_ws/install/localization_msgs/lib:${LD_LIBRARY_PATH} PYTHONPATH=/ros2_ws/build/localization/prefix_override:/ros2_ws/install/localization/lib/python3.8/site-packages:/ros2_ws/install/localization_msgs/lib/python3.8/site-packages:${PYTHONPATH} /usr/bin/python3 setup.py egg_info --egg-base ../../build/localization build --build-base /ros2_ws/build/localization/build install --record /ros2_ws/build/localization/install.log --single-version-externally-managed
[7.335s] Level 1:colcon.colcon_core.environment:checking '/ros2_ws/install/localization' for CMake module files
[7.335s] DEBUG:colcon.colcon_core.event_handler.log_command:Invoked command in '/ros2_ws/src/localization' returned '0': AMENT_PREFIX_PATH=/ros2_ws/install/localization_msgs:${AMENT_PREFIX_PATH} CMAKE_PREFIX_PATH=/ros2_ws/install/localization_msgs LD_LIBRARY_PATH=/ros2_ws/install/localization_msgs/lib:${LD_LIBRARY_PATH} PYTHONPATH=/ros2_ws/build/localization/prefix_override:/ros2_ws/install/localization/lib/python3.8/site-packages:/ros2_ws/install/localization_msgs/lib/python3.8/site-packages:${PYTHONPATH} /usr/bin/python3 setup.py egg_info --egg-base ../../build/localization build --build-base /ros2_ws/build/localization/build install --record /ros2_ws/build/localization/install.log --single-version-externally-managed
[7.337s] Level 1:colcon.colcon_core.environment:checking '/ros2_ws/install/localization' for CMake config files
[7.339s] Level 1:colcon.colcon_core.environment:checking '/ros2_ws/install/localization/lib'
[7.340s] Level 1:colcon.colcon_core.environment:checking '/ros2_ws/install/localization/bin'
[7.340s] Level 1:colcon.colcon_core.environment:checking '/ros2_ws/install/localization/lib/pkgconfig/localization.pc'
[7.340s] Level 1:colcon.colcon_core.environment:checking '/ros2_ws/install/localization/lib/python3.8/site-packages'
[7.341s] Level 1:colcon.colcon_core.shell:create_environment_hook('localization', 'pythonpath')
[7.341s] INFO:colcon.colcon_core.shell:Creating environment hook '/ros2_ws/install/localization/share/localization/hook/pythonpath.ps1'
[7.347s] INFO:colcon.colcon_core.shell:Creating environment descriptor '/ros2_ws/install/localization/share/localization/hook/pythonpath.dsv'
[7.348s] INFO:colcon.colcon_core.shell:Creating environment hook '/ros2_ws/install/localization/share/localization/hook/pythonpath.sh'
[7.350s] Level 1:colcon.colcon_core.environment:checking '/ros2_ws/install/localization/bin'
[7.350s] Level 1:colcon.colcon_core.environment:create_environment_scripts_only(localization)
[7.351s] INFO:colcon.colcon_core.shell:Creating package script '/ros2_ws/install/localization/share/localization/package.ps1'
[7.352s] INFO:colcon.colcon_core.shell:Creating package descriptor '/ros2_ws/install/localization/share/localization/package.dsv'
[7.352s] INFO:colcon.colcon_core.shell:Creating package script '/ros2_ws/install/localization/share/localization/package.sh'
[7.352s] INFO:colcon.colcon_core.shell:Creating package script '/ros2_ws/install/localization/share/localization/package.bash'
[7.352s] INFO:colcon.colcon_core.shell:Creating package script '/ros2_ws/install/localization/share/localization/package.zsh'
[7.353s] Level 1:colcon.colcon_core.environment:create_file_with_runtime_dependencies(/ros2_ws/install/localization/share/colcon-core/packages/localization)
[7.714s] Level 1:colcon.colcon_core.environment:create_environment_scripts_only(planning_msgs)
[7.715s] Level 1:colcon.colcon_core.environment:checking '/ros2_ws/install/planning_msgs' for CMake module files
[7.717s] Level 1:colcon.colcon_core.environment:checking '/ros2_ws/install/planning_msgs' for CMake config files
[7.719s] Level 1:colcon.colcon_core.shell:create_environment_hook('planning_msgs', 'cmake_prefix_path')
[7.720s] INFO:colcon.colcon_core.shell:Creating environment hook '/ros2_ws/install/planning_msgs/share/planning_msgs/hook/cmake_prefix_path.ps1'
[7.721s] INFO:colcon.colcon_core.shell:Creating environment descriptor '/ros2_ws/install/planning_msgs/share/planning_msgs/hook/cmake_prefix_path.dsv'
[7.721s] INFO:colcon.colcon_core.shell:Creating environment hook '/ros2_ws/install/planning_msgs/share/planning_msgs/hook/cmake_prefix_path.sh'
[7.722s] Level 1:colcon.colcon_core.environment:checking '/ros2_ws/install/planning_msgs/lib'
[7.722s] Level 1:colcon.colcon_core.shell:create_environment_hook('planning_msgs', 'ld_library_path_lib')
[7.723s] INFO:colcon.colcon_core.shell:Creating environment hook '/ros2_ws/install/planning_msgs/share/planning_msgs/hook/ld_library_path_lib.ps1'
[7.723s] INFO:colcon.colcon_core.shell:Creating environment descriptor '/ros2_ws/install/planning_msgs/share/planning_msgs/hook/ld_library_path_lib.dsv'
[7.724s] INFO:colcon.colcon_core.shell:Creating environment hook '/ros2_ws/install/planning_msgs/share/planning_msgs/hook/ld_library_path_lib.sh'
[7.724s] Level 1:colcon.colcon_core.environment:checking '/ros2_ws/install/planning_msgs/bin'
[7.724s] Level 1:colcon.colcon_core.environment:checking '/ros2_ws/install/planning_msgs/lib/pkgconfig/planning_msgs.pc'
[7.725s] Level 1:colcon.colcon_core.environment:checking '/ros2_ws/install/planning_msgs/lib/python3.8/site-packages'
[7.725s] Level 1:colcon.colcon_core.shell:create_environment_hook('planning_msgs', 'pythonpath')
[7.725s] INFO:colcon.colcon_core.shell:Creating environment hook '/ros2_ws/install/planning_msgs/share/planning_msgs/hook/pythonpath.ps1'
[7.726s] INFO:colcon.colcon_core.shell:Creating environment descriptor '/ros2_ws/install/planning_msgs/share/planning_msgs/hook/pythonpath.dsv'
[7.726s] INFO:colcon.colcon_core.shell:Creating environment hook '/ros2_ws/install/planning_msgs/share/planning_msgs/hook/pythonpath.sh'
[7.726s] Level 1:colcon.colcon_core.environment:checking '/ros2_ws/install/planning_msgs/bin'
[7.727s] INFO:colcon.colcon_core.shell:Creating package script '/ros2_ws/install/planning_msgs/share/planning_msgs/package.ps1'
[7.728s] INFO:colcon.colcon_core.shell:Creating package descriptor '/ros2_ws/install/planning_msgs/share/planning_msgs/package.dsv'
[7.728s] INFO:colcon.colcon_core.shell:Creating package script '/ros2_ws/install/planning_msgs/share/planning_msgs/package.sh'
[7.728s] INFO:colcon.colcon_core.shell:Creating package script '/ros2_ws/install/planning_msgs/share/planning_msgs/package.bash'
[7.729s] INFO:colcon.colcon_core.shell:Creating package script '/ros2_ws/install/planning_msgs/share/planning_msgs/package.zsh'
[7.729s] Level 1:colcon.colcon_core.environment:create_file_with_runtime_dependencies(/ros2_ws/install/planning_msgs/share/colcon-core/packages/planning_msgs)
[7.730s] INFO:colcon.colcon_ros.task.ament_python.build:Building ROS package in '/ros2_ws/src/controller' with build type 'ament_python'
[7.730s] Level 1:colcon.colcon_core.shell:create_environment_hook('cengaver_controller', 'ament_prefix_path')
[7.731s] INFO:colcon.colcon_core.shell:Creating environment hook '/ros2_ws/install/cengaver_controller/share/cengaver_controller/hook/ament_prefix_path.ps1'
[7.732s] INFO:colcon.colcon_core.shell:Creating environment descriptor '/ros2_ws/install/cengaver_controller/share/cengaver_controller/hook/ament_prefix_path.dsv'
[7.732s] INFO:colcon.colcon_core.shell:Creating environment hook '/ros2_ws/install/cengaver_controller/share/cengaver_controller/hook/ament_prefix_path.sh'
[7.734s] INFO:colcon.colcon_core.shell:Skip shell extension 'powershell' for command environment: Not usable outside of PowerShell
[7.735s] DEBUG:colcon.colcon_core.shell:Skip shell extension 'dsv' for command environment
[8.006s] INFO:colcon.colcon_core.task.python.build:Building Python package in '/ros2_ws/src/controller'
[8.007s] INFO:colcon.colcon_core.shell:Skip shell extension 'powershell' for command environment: Not usable outside of PowerShell
[8.007s] DEBUG:colcon.colcon_core.shell:Skip shell extension 'dsv' for command environment
[8.012s] Level 1:colcon.colcon_core.environment:create_environment_scripts_only(perception_msgs)
[8.013s] Level 1:colcon.colcon_core.environment:checking '/ros2_ws/install/perception_msgs' for CMake module files
[8.015s] Level 1:colcon.colcon_core.environment:checking '/ros2_ws/install/perception_msgs' for CMake config files
[8.017s] Level 1:colcon.colcon_core.shell:create_environment_hook('perception_msgs', 'cmake_prefix_path')
[8.018s] INFO:colcon.colcon_core.shell:Creating environment hook '/ros2_ws/install/perception_msgs/share/perception_msgs/hook/cmake_prefix_path.ps1'
[8.018s] INFO:colcon.colcon_core.shell:Creating environment descriptor '/ros2_ws/install/perception_msgs/share/perception_msgs/hook/cmake_prefix_path.dsv'
[8.019s] INFO:colcon.colcon_core.shell:Creating environment hook '/ros2_ws/install/perception_msgs/share/perception_msgs/hook/cmake_prefix_path.sh'
[8.020s] Level 1:colcon.colcon_core.environment:checking '/ros2_ws/install/perception_msgs/lib'
[8.022s] Level 1:colcon.colcon_core.shell:create_environment_hook('perception_msgs', 'ld_library_path_lib')
[8.023s] INFO:colcon.colcon_core.shell:Creating environment hook '/ros2_ws/install/perception_msgs/share/perception_msgs/hook/ld_library_path_lib.ps1'
[8.023s] INFO:colcon.colcon_core.shell:Creating environment descriptor '/ros2_ws/install/perception_msgs/share/perception_msgs/hook/ld_library_path_lib.dsv'
[8.023s] INFO:colcon.colcon_core.shell:Creating environment hook '/ros2_ws/install/perception_msgs/share/perception_msgs/hook/ld_library_path_lib.sh'
[8.025s] Level 1:colcon.colcon_core.environment:checking '/ros2_ws/install/perception_msgs/bin'
[8.025s] Level 1:colcon.colcon_core.environment:checking '/ros2_ws/install/perception_msgs/lib/pkgconfig/perception_msgs.pc'
[8.025s] Level 1:colcon.colcon_core.environment:checking '/ros2_ws/install/perception_msgs/lib/python3.8/site-packages'
[8.025s] Level 1:colcon.colcon_core.shell:create_environment_hook('perception_msgs', 'pythonpath')
[8.026s] INFO:colcon.colcon_core.shell:Creating environment hook '/ros2_ws/install/perception_msgs/share/perception_msgs/hook/pythonpath.ps1'
[8.027s] INFO:colcon.colcon_core.shell:Creating environment descriptor '/ros2_ws/install/perception_msgs/share/perception_msgs/hook/pythonpath.dsv'
[8.028s] INFO:colcon.colcon_core.shell:Creating environment hook '/ros2_ws/install/perception_msgs/share/perception_msgs/hook/pythonpath.sh'
[8.028s] Level 1:colcon.colcon_core.environment:checking '/ros2_ws/install/perception_msgs/bin'
[8.029s] INFO:colcon.colcon_core.shell:Creating package script '/ros2_ws/install/perception_msgs/share/perception_msgs/package.ps1'
[8.030s] INFO:colcon.colcon_core.shell:Creating package descriptor '/ros2_ws/install/perception_msgs/share/perception_msgs/package.dsv'
[8.030s] INFO:colcon.colcon_core.shell:Creating package script '/ros2_ws/install/perception_msgs/share/perception_msgs/package.sh'
[8.031s] INFO:colcon.colcon_core.shell:Creating package script '/ros2_ws/install/perception_msgs/share/perception_msgs/package.bash'
[8.031s] INFO:colcon.colcon_core.shell:Creating package script '/ros2_ws/install/perception_msgs/share/perception_msgs/package.zsh'
[8.032s] Level 1:colcon.colcon_core.environment:create_file_with_runtime_dependencies(/ros2_ws/install/perception_msgs/share/colcon-core/packages/perception_msgs)
[8.033s] INFO:colcon.colcon_ros.task.ament_python.build:Building ROS package in '/ros2_ws/src/fsm' with build type 'ament_python'
[8.033s] Level 1:colcon.colcon_core.shell:create_environment_hook('fsm', 'ament_prefix_path')
[8.034s] INFO:colcon.colcon_core.shell:Creating environment hook '/ros2_ws/install/fsm/share/fsm/hook/ament_prefix_path.ps1'
[8.038s] INFO:colcon.colcon_core.shell:Creating environment descriptor '/ros2_ws/install/fsm/share/fsm/hook/ament_prefix_path.dsv'
[8.039s] INFO:colcon.colcon_core.shell:Creating environment hook '/ros2_ws/install/fsm/share/fsm/hook/ament_prefix_path.sh'
[8.040s] INFO:colcon.colcon_core.shell:Skip shell extension 'powershell' for command environment: Not usable outside of PowerShell
[8.040s] DEBUG:colcon.colcon_core.shell:Skip shell extension 'dsv' for command environment
[8.045s] INFO:colcon.colcon_ros.task.ament_python.build:Building ROS package in '/ros2_ws/src/perception' with build type 'ament_python'
[8.045s] Level 1:colcon.colcon_core.shell:create_environment_hook('perception', 'ament_prefix_path')
[8.046s] INFO:colcon.colcon_core.shell:Creating environment hook '/ros2_ws/install/perception/share/perception/hook/ament_prefix_path.ps1'
[8.049s] INFO:colcon.colcon_core.shell:Creating environment descriptor '/ros2_ws/install/perception/share/perception/hook/ament_prefix_path.dsv'
[8.051s] INFO:colcon.colcon_core.shell:Creating environment hook '/ros2_ws/install/perception/share/perception/hook/ament_prefix_path.sh'
[8.052s] INFO:colcon.colcon_core.shell:Skip shell extension 'powershell' for command environment: Not usable outside of PowerShell
[8.053s] DEBUG:colcon.colcon_core.shell:Skip shell extension 'dsv' for command environment
[8.060s] INFO:colcon.colcon_ros.task.ament_python.build:Building ROS package in '/ros2_ws/src/planning' with build type 'ament_python'
[8.061s] Level 1:colcon.colcon_core.shell:create_environment_hook('planning', 'ament_prefix_path')
[8.062s] INFO:colcon.colcon_core.shell:Creating environment hook '/ros2_ws/install/planning/share/planning/hook/ament_prefix_path.ps1'
[8.064s] INFO:colcon.colcon_core.shell:Creating environment descriptor '/ros2_ws/install/planning/share/planning/hook/ament_prefix_path.dsv'
[8.065s] INFO:colcon.colcon_core.shell:Creating environment hook '/ros2_ws/install/planning/share/planning/hook/ament_prefix_path.sh'
[8.067s] INFO:colcon.colcon_core.shell:Skip shell extension 'powershell' for command environment: Not usable outside of PowerShell
[8.067s] DEBUG:colcon.colcon_core.shell:Skip shell extension 'dsv' for command environment
[8.308s] INFO:colcon.colcon_core.task.python.build:Building Python package in '/ros2_ws/src/perception'
[8.309s] INFO:colcon.colcon_core.shell:Skip shell extension 'powershell' for command environment: Not usable outside of PowerShell
[8.309s] DEBUG:colcon.colcon_core.shell:Skip shell extension 'dsv' for command environment
[8.502s] INFO:colcon.colcon_core.task.python.build:Building Python package in '/ros2_ws/src/fsm'
[8.503s] INFO:colcon.colcon_core.shell:Skip shell extension 'powershell' for command environment: Not usable outside of PowerShell
[8.503s] DEBUG:colcon.colcon_core.shell:Skip shell extension 'dsv' for command environment
[8.689s] INFO:colcon.colcon_core.task.python.build:Building Python package in '/ros2_ws/src/planning'
[8.690s] INFO:colcon.colcon_core.shell:Skip shell extension 'powershell' for command environment: Not usable outside of PowerShell
[8.690s] DEBUG:colcon.colcon_core.shell:Skip shell extension 'dsv' for command environment
[8.700s] DEBUG:colcon.colcon_core.event_handler.log_command:Invoking command in '/ros2_ws/src/controller': AMENT_PREFIX_PATH=/ros2_ws/install/planning_msgs:/ros2_ws/install/fsm_msgs:/ros2_ws/install/common_msgs:${AMENT_PREFIX_PATH} CMAKE_PREFIX_PATH=/ros2_ws/install/planning_msgs:/ros2_ws/install/fsm_msgs:/ros2_ws/install/common_msgs LD_LIBRARY_PATH=/ros2_ws/install/planning_msgs/lib:/ros2_ws/install/fsm_msgs/lib:/ros2_ws/install/common_msgs/lib:${LD_LIBRARY_PATH} PYTHONPATH=/ros2_ws/build/cengaver_controller/prefix_override:/ros2_ws/install/cengaver_controller/lib/python3.8/site-packages:/ros2_ws/install/planning_msgs/lib/python3.8/site-packages:/ros2_ws/install/fsm_msgs/lib/python3.8/site-packages:/ros2_ws/install/common_msgs/lib/python3.8/site-packages:${PYTHONPATH} /usr/bin/python3 setup.py egg_info --egg-base ../../build/cengaver_controller build --build-base /ros2_ws/build/cengaver_controller/build install --record /ros2_ws/build/cengaver_controller/install.log --single-version-externally-managed
[8.935s] DEBUG:colcon.colcon_core.event_handler.log_command:Invoked command in '/ros2_ws/src/controller' returned '1': AMENT_PREFIX_PATH=/ros2_ws/install/planning_msgs:/ros2_ws/install/fsm_msgs:/ros2_ws/install/common_msgs:${AMENT_PREFIX_PATH} CMAKE_PREFIX_PATH=/ros2_ws/install/planning_msgs:/ros2_ws/install/fsm_msgs:/ros2_ws/install/common_msgs LD_LIBRARY_PATH=/ros2_ws/install/planning_msgs/lib:/ros2_ws/install/fsm_msgs/lib:/ros2_ws/install/common_msgs/lib:${LD_LIBRARY_PATH} PYTHONPATH=/ros2_ws/build/cengaver_controller/prefix_override:/ros2_ws/install/cengaver_controller/lib/python3.8/site-packages:/ros2_ws/install/planning_msgs/lib/python3.8/site-packages:/ros2_ws/install/fsm_msgs/lib/python3.8/site-packages:/ros2_ws/install/common_msgs/lib/python3.8/site-packages:${PYTHONPATH} /usr/bin/python3 setup.py egg_info --egg-base ../../build/cengaver_controller build --build-base /ros2_ws/build/cengaver_controller/build install --record /ros2_ws/build/cengaver_controller/install.log --single-version-externally-managed
[9.098s] DEBUG:colcon.colcon_parallel_executor.executor.parallel:closing loop
[9.098s] DEBUG:colcon.colcon_parallel_executor.executor.parallel:loop closed
[9.098s] DEBUG:colcon.colcon_parallel_executor.executor.parallel:run_until_complete finished with '1'
[9.098s] DEBUG:colcon.colcon_core.event_reactor:joining thread
[9.103s] INFO:colcon.colcon_core.plugin_system:Skipping extension 'colcon_notification.desktop_notification.notify_send': Could not find 'notify-send'
[9.104s] INFO:colcon.colcon_core.plugin_system:Skipping extension 'colcon_notification.desktop_notification.terminal_notifier': Not used on non-Darwin systems
[9.104s] INFO:colcon.colcon_core.plugin_system:Skipping extension 'colcon_notification.desktop_notification.win32': Not used on non-Windows systems
[9.104s] INFO:colcon.colcon_notification.desktop_notification:Sending desktop notification using 'notify2'
[9.105s] DEBUG:colcon.colcon_notification.desktop_notification.notify2:Failed to initialize notify2: org.freedesktop.DBus.Error.NotSupported: Unable to autolaunch a dbus-daemon without a $DISPLAY for X11
[9.105s] DEBUG:colcon.colcon_core.event_reactor:joined thread
[9.106s] INFO:colcon.colcon_core.shell:Creating prefix script '/ros2_ws/install/local_setup.ps1'
[9.107s] INFO:colcon.colcon_core.shell:Creating prefix util module '/ros2_ws/install/_local_setup_util_ps1.py'
[9.108s] INFO:colcon.colcon_core.shell:Creating prefix chain script '/ros2_ws/install/setup.ps1'
[9.109s] INFO:colcon.colcon_core.shell:Creating prefix script '/ros2_ws/install/local_setup.sh'
[9.110s] INFO:colcon.colcon_core.shell:Creating prefix util module '/ros2_ws/install/_local_setup_util_sh.py'
[9.110s] INFO:colcon.colcon_core.shell:Creating prefix chain script '/ros2_ws/install/setup.sh'
[9.111s] INFO:colcon.colcon_core.shell:Creating prefix script '/ros2_ws/install/local_setup.bash'
[9.112s] INFO:colcon.colcon_core.shell:Creating prefix chain script '/ros2_ws/install/setup.bash'
[9.112s] INFO:colcon.colcon_core.shell:Creating prefix script '/ros2_ws/install/local_setup.zsh'
[9.113s] INFO:colcon.colcon_core.shell:Creating prefix chain script '/ros2_ws/install/setup.zsh'
