/home/usame/AU-Cengaver-Robotic/ros2_ws/install/cengaver_controller/lib/python3.8/site-packages/cengaver_controller/controller_node.py
/home/usame/AU-Cengaver-Robotic/ros2_ws/install/cengaver_controller/lib/python3.8/site-packages/cengaver_controller/emergency_stop.py
/home/usame/AU-Cengaver-Robotic/ros2_ws/install/cengaver_controller/lib/python3.8/site-packages/cengaver_controller/speed_controller.py
/home/usame/AU-Cengaver-Robotic/ros2_ws/install/cengaver_controller/lib/python3.8/site-packages/cengaver_controller/stanley_controller.py
/home/usame/AU-Cengaver-Robotic/ros2_ws/install/cengaver_controller/lib/python3.8/site-packages/cengaver_controller/pure_pursuit.py
/home/usame/AU-Cengaver-Robotic/ros2_ws/install/cengaver_controller/lib/python3.8/site-packages/cengaver_controller/__init__.py
/home/usame/AU-Cengaver-Robotic/ros2_ws/install/cengaver_controller/lib/python3.8/site-packages/cengaver_controller/ackermann_model.py
/home/usame/AU-Cengaver-Robotic/ros2_ws/install/cengaver_controller/lib/python3.8/site-packages/cengaver_controller/controller_feedback_node.py
/home/usame/AU-Cengaver-Robotic/ros2_ws/install/cengaver_controller/lib/python3.8/site-packages/cengaver_controller/can_interface.py
/home/usame/AU-Cengaver-Robotic/ros2_ws/install/cengaver_controller/lib/python3.8/site-packages/cengaver_controller/__pycache__/controller_node.cpython-38.pyc
/home/usame/AU-Cengaver-Robotic/ros2_ws/install/cengaver_controller/lib/python3.8/site-packages/cengaver_controller/__pycache__/emergency_stop.cpython-38.pyc
/home/usame/AU-Cengaver-Robotic/ros2_ws/install/cengaver_controller/lib/python3.8/site-packages/cengaver_controller/__pycache__/speed_controller.cpython-38.pyc
/home/usame/AU-Cengaver-Robotic/ros2_ws/install/cengaver_controller/lib/python3.8/site-packages/cengaver_controller/__pycache__/stanley_controller.cpython-38.pyc
/home/usame/AU-Cengaver-Robotic/ros2_ws/install/cengaver_controller/lib/python3.8/site-packages/cengaver_controller/__pycache__/pure_pursuit.cpython-38.pyc
/home/usame/AU-Cengaver-Robotic/ros2_ws/install/cengaver_controller/lib/python3.8/site-packages/cengaver_controller/__pycache__/__init__.cpython-38.pyc
/home/usame/AU-Cengaver-Robotic/ros2_ws/install/cengaver_controller/lib/python3.8/site-packages/cengaver_controller/__pycache__/ackermann_model.cpython-38.pyc
/home/usame/AU-Cengaver-Robotic/ros2_ws/install/cengaver_controller/lib/python3.8/site-packages/cengaver_controller/__pycache__/controller_feedback_node.cpython-38.pyc
/home/usame/AU-Cengaver-Robotic/ros2_ws/install/cengaver_controller/lib/python3.8/site-packages/cengaver_controller/__pycache__/can_interface.cpython-38.pyc
/home/usame/AU-Cengaver-Robotic/ros2_ws/install/cengaver_controller/share/ament_index/resource_index/packages/cengaver_controller
/home/usame/AU-Cengaver-Robotic/ros2_ws/install/cengaver_controller/share/cengaver_controller/package.xml
/home/usame/AU-Cengaver-Robotic/ros2_ws/install/cengaver_controller/share/cengaver_controller/launch/controller.launch.py
/home/usame/AU-Cengaver-Robotic/ros2_ws/install/cengaver_controller/share/cengaver_controller/config
/home/usame/AU-Cengaver-Robotic/ros2_ws/install/cengaver_controller/lib/python3.8/site-packages/cengaver_controller-1.0.0-py3.8.egg-info/dependency_links.txt
/home/usame/AU-Cengaver-Robotic/ros2_ws/install/cengaver_controller/lib/python3.8/site-packages/cengaver_controller-1.0.0-py3.8.egg-info/entry_points.txt
/home/usame/AU-Cengaver-Robotic/ros2_ws/install/cengaver_controller/lib/python3.8/site-packages/cengaver_controller-1.0.0-py3.8.egg-info/requires.txt
/home/usame/AU-Cengaver-Robotic/ros2_ws/install/cengaver_controller/lib/python3.8/site-packages/cengaver_controller-1.0.0-py3.8.egg-info/top_level.txt
/home/usame/AU-Cengaver-Robotic/ros2_ws/install/cengaver_controller/lib/python3.8/site-packages/cengaver_controller-1.0.0-py3.8.egg-info/SOURCES.txt
/home/usame/AU-Cengaver-Robotic/ros2_ws/install/cengaver_controller/lib/python3.8/site-packages/cengaver_controller-1.0.0-py3.8.egg-info/zip-safe
/home/usame/AU-Cengaver-Robotic/ros2_ws/install/cengaver_controller/lib/python3.8/site-packages/cengaver_controller-1.0.0-py3.8.egg-info/PKG-INFO
/home/usame/AU-Cengaver-Robotic/ros2_ws/install/cengaver_controller/lib/cengaver_controller/controller_feedback_node
/home/usame/AU-Cengaver-Robotic/ros2_ws/install/cengaver_controller/lib/cengaver_controller/controller_node
