[0.060s] Invoking command in '/ros2_ws/build/common_msgs': CMAKE_PREFIX_PATH=/opt/ros/foxy /usr/bin/cmake --build /ros2_ws/build/common_msgs -- -j10 -l10
[0.415s] [  2%] Built target common_msgs__cpp
[0.448s] [ 12%] Built target common_msgs__rosidl_generator_c
[0.714s] [ 23%] Built target common_msgs__rosidl_typesupport_cpp
[0.781s] [ 33%] Built target common_msgs__rosidl_typesupport_introspection_c
[0.812s] [ 43%] Built target common_msgs__rosidl_typesupport_introspection_cpp
[0.846s] [ 53%] Built target common_msgs__rosidl_typesupport_fastrtps_cpp
[0.864s] [ 64%] Built target common_msgs__rosidl_typesupport_c
[1.006s] [ 74%] Built target common_msgs__rosidl_typesupport_fastrtps_c
[1.140s] [ 74%] Built target common_msgs
[1.270s] [ 76%] Built target common_msgs__py
[1.411s] [ 84%] Built target common_msgs__python
[1.617s] [ 89%] Built target common_msgs__rosidl_typesupport_fastrtps_c__pyext
[1.630s] [ 94%] Built target common_msgs__rosidl_typesupport_c__pyext
[1.637s] [100%] Built target common_msgs__rosidl_typesupport_introspection_c__pyext
[1.689s] Invoked command in '/ros2_ws/build/common_msgs' returned '0': CMAKE_PREFIX_PATH=/opt/ros/foxy /usr/bin/cmake --build /ros2_ws/build/common_msgs -- -j10 -l10
[2.740s] Invoking command in '/ros2_ws/build/common_msgs': CMAKE_PREFIX_PATH=/opt/ros/foxy /usr/bin/cmake --install /ros2_ws/build/common_msgs
[2.775s] -- Install configuration: ""
[2.776s] -- Up-to-date: /ros2_ws/install/common_msgs/share/ament_index/resource_index/rosidl_interfaces/common_msgs
[2.776s] -- Up-to-date: /ros2_ws/install/common_msgs/include/common_msgs
[2.777s] -- Up-to-date: /ros2_ws/install/common_msgs/include/common_msgs/msg
[2.778s] -- Up-to-date: /ros2_ws/install/common_msgs/include/common_msgs/msg/rosidl_generator_c__visibility_control.h
[2.779s] -- Up-to-date: /ros2_ws/install/common_msgs/include/common_msgs/msg/stop_reason.h
[2.780s] -- Up-to-date: /ros2_ws/install/common_msgs/include/common_msgs/msg/detail
[2.780s] -- Up-to-date: /ros2_ws/install/common_msgs/include/common_msgs/msg/detail/stop_reason__functions.c
[2.781s] -- Up-to-date: /ros2_ws/install/common_msgs/include/common_msgs/msg/detail/autonomy_mode__functions.c
[2.781s] -- Up-to-date: /ros2_ws/install/common_msgs/include/common_msgs/msg/detail/autonomy_mode__struct.h
[2.782s] -- Up-to-date: /ros2_ws/install/common_msgs/include/common_msgs/msg/detail/stop_reason__functions.h
[2.782s] -- Up-to-date: /ros2_ws/install/common_msgs/include/common_msgs/msg/detail/stop_reason__struct.h
[2.783s] -- Up-to-date: /ros2_ws/install/common_msgs/include/common_msgs/msg/detail/stop_reason__type_support.h
[2.784s] -- Up-to-date: /ros2_ws/install/common_msgs/include/common_msgs/msg/detail/autonomy_mode__functions.h
[2.785s] -- Up-to-date: /ros2_ws/install/common_msgs/include/common_msgs/msg/detail/autonomy_mode__type_support.h
[2.785s] -- Up-to-date: /ros2_ws/install/common_msgs/include/common_msgs/msg/autonomy_mode.h
[2.786s] -- Up-to-date: /ros2_ws/install/common_msgs/share/common_msgs/environment/library_path.sh
[2.786s] -- Up-to-date: /ros2_ws/install/common_msgs/share/common_msgs/environment/library_path.dsv
[2.786s] -- Up-to-date: /ros2_ws/install/common_msgs/lib/libcommon_msgs__rosidl_generator_c.so
[2.786s] -- Up-to-date: /ros2_ws/install/common_msgs/include/common_msgs
[2.787s] -- Up-to-date: /ros2_ws/install/common_msgs/include/common_msgs/msg
[2.788s] -- Up-to-date: /ros2_ws/install/common_msgs/include/common_msgs/msg/detail
[2.788s] -- Up-to-date: /ros2_ws/install/common_msgs/include/common_msgs/msg/detail/autonomy_mode__rosidl_typesupport_fastrtps_c.h
[2.789s] -- Up-to-date: /ros2_ws/install/common_msgs/include/common_msgs/msg/detail/stop_reason__rosidl_typesupport_fastrtps_c.h
[2.789s] -- Up-to-date: /ros2_ws/install/common_msgs/include/common_msgs/msg/rosidl_typesupport_fastrtps_c__visibility_control.h
[2.791s] -- Up-to-date: /ros2_ws/install/common_msgs/lib/libcommon_msgs__rosidl_typesupport_fastrtps_c.so
[2.795s] -- Up-to-date: /ros2_ws/install/common_msgs/include/common_msgs
[2.795s] -- Up-to-date: /ros2_ws/install/common_msgs/include/common_msgs/msg
[2.796s] -- Up-to-date: /ros2_ws/install/common_msgs/include/common_msgs/msg/rosidl_typesupport_fastrtps_cpp__visibility_control.h
[2.797s] -- Up-to-date: /ros2_ws/install/common_msgs/include/common_msgs/msg/detail
[2.798s] -- Up-to-date: /ros2_ws/install/common_msgs/include/common_msgs/msg/detail/autonomy_mode__rosidl_typesupport_fastrtps_cpp.hpp
[2.798s] -- Up-to-date: /ros2_ws/install/common_msgs/include/common_msgs/msg/detail/stop_reason__rosidl_typesupport_fastrtps_cpp.hpp
[2.798s] -- Up-to-date: /ros2_ws/install/common_msgs/include/common_msgs/msg/detail/dds_fastrtps
[2.800s] -- Up-to-date: /ros2_ws/install/common_msgs/lib/libcommon_msgs__rosidl_typesupport_fastrtps_cpp.so
[2.805s] -- Up-to-date: /ros2_ws/install/common_msgs/include/common_msgs
[2.805s] -- Up-to-date: /ros2_ws/install/common_msgs/include/common_msgs/msg
[2.806s] -- Up-to-date: /ros2_ws/install/common_msgs/include/common_msgs/msg/detail
[2.806s] -- Up-to-date: /ros2_ws/install/common_msgs/include/common_msgs/msg/detail/autonomy_mode__rosidl_typesupport_introspection_c.h
[2.806s] -- Up-to-date: /ros2_ws/install/common_msgs/include/common_msgs/msg/detail/autonomy_mode__type_support.c
[2.807s] -- Up-to-date: /ros2_ws/install/common_msgs/include/common_msgs/msg/detail/stop_reason__type_support.c
[2.807s] -- Up-to-date: /ros2_ws/install/common_msgs/include/common_msgs/msg/detail/stop_reason__rosidl_typesupport_introspection_c.h
[2.807s] -- Up-to-date: /ros2_ws/install/common_msgs/include/common_msgs/msg/rosidl_typesupport_introspection_c__visibility_control.h
[2.809s] -- Up-to-date: /ros2_ws/install/common_msgs/lib/libcommon_msgs__rosidl_typesupport_introspection_c.so
[2.811s] -- Up-to-date: /ros2_ws/install/common_msgs/lib/libcommon_msgs__rosidl_typesupport_c.so
[2.811s] -- Up-to-date: /ros2_ws/install/common_msgs/include/common_msgs
[2.812s] -- Up-to-date: /ros2_ws/install/common_msgs/include/common_msgs/msg
[2.813s] -- Up-to-date: /ros2_ws/install/common_msgs/include/common_msgs/msg/autonomy_mode.hpp
[2.814s] -- Up-to-date: /ros2_ws/install/common_msgs/include/common_msgs/msg/stop_reason.hpp
[2.814s] -- Up-to-date: /ros2_ws/install/common_msgs/include/common_msgs/msg/detail
[2.814s] -- Up-to-date: /ros2_ws/install/common_msgs/include/common_msgs/msg/detail/autonomy_mode__builder.hpp
[2.815s] -- Up-to-date: /ros2_ws/install/common_msgs/include/common_msgs/msg/detail/autonomy_mode__traits.hpp
[2.817s] -- Up-to-date: /ros2_ws/install/common_msgs/include/common_msgs/msg/detail/stop_reason__builder.hpp
[2.818s] -- Up-to-date: /ros2_ws/install/common_msgs/include/common_msgs/msg/detail/autonomy_mode__type_support.hpp
[2.819s] -- Up-to-date: /ros2_ws/install/common_msgs/include/common_msgs/msg/detail/stop_reason__traits.hpp
[2.820s] -- Up-to-date: /ros2_ws/install/common_msgs/include/common_msgs/msg/detail/autonomy_mode__struct.hpp
[2.820s] -- Up-to-date: /ros2_ws/install/common_msgs/include/common_msgs/msg/detail/stop_reason__struct.hpp
[2.820s] -- Up-to-date: /ros2_ws/install/common_msgs/include/common_msgs/msg/detail/stop_reason__type_support.hpp
[2.820s] -- Up-to-date: /ros2_ws/install/common_msgs/include/common_msgs/msg/rosidl_generator_cpp__visibility_control.hpp
[2.821s] -- Up-to-date: /ros2_ws/install/common_msgs/include/common_msgs
[2.821s] -- Up-to-date: /ros2_ws/install/common_msgs/include/common_msgs/msg
[2.821s] -- Up-to-date: /ros2_ws/install/common_msgs/include/common_msgs/msg/detail
[2.822s] -- Up-to-date: /ros2_ws/install/common_msgs/include/common_msgs/msg/detail/autonomy_mode__rosidl_typesupport_introspection_cpp.hpp
[2.822s] -- Up-to-date: /ros2_ws/install/common_msgs/include/common_msgs/msg/detail/stop_reason__type_support.cpp
[2.824s] -- Up-to-date: /ros2_ws/install/common_msgs/include/common_msgs/msg/detail/autonomy_mode__type_support.cpp
[2.827s] -- Up-to-date: /ros2_ws/install/common_msgs/include/common_msgs/msg/detail/stop_reason__rosidl_typesupport_introspection_cpp.hpp
[2.828s] -- Up-to-date: /ros2_ws/install/common_msgs/lib/libcommon_msgs__rosidl_typesupport_introspection_cpp.so
[2.846s] -- Up-to-date: /ros2_ws/install/common_msgs/lib/libcommon_msgs__rosidl_typesupport_cpp.so
[2.847s] -- Up-to-date: /ros2_ws/install/common_msgs/share/common_msgs/environment/pythonpath.sh
[2.848s] -- Up-to-date: /ros2_ws/install/common_msgs/share/common_msgs/environment/pythonpath.dsv
[2.849s] -- Up-to-date: /ros2_ws/install/common_msgs/lib/python3.8/site-packages/common_msgs/__init__.py
[3.028s] -- Up-to-date: /ros2_ws/install/common_msgs/lib/python3.8/site-packages/common_msgs/msg
[3.029s] -- Up-to-date: /ros2_ws/install/common_msgs/lib/python3.8/site-packages/common_msgs/msg/_autonomy_mode_s.c
[3.030s] -- Up-to-date: /ros2_ws/install/common_msgs/lib/python3.8/site-packages/common_msgs/msg/_stop_reason.py
[3.032s] -- Up-to-date: /ros2_ws/install/common_msgs/lib/python3.8/site-packages/common_msgs/msg/__init__.py
[3.033s] -- Up-to-date: /ros2_ws/install/common_msgs/lib/python3.8/site-packages/common_msgs/msg/_autonomy_mode.py
[3.036s] -- Up-to-date: /ros2_ws/install/common_msgs/lib/python3.8/site-packages/common_msgs/msg/_stop_reason_s.c
[3.037s] -- Up-to-date: /ros2_ws/install/common_msgs/lib/python3.8/site-packages/common_msgs/common_msgs_s__rosidl_typesupport_fastrtps_c.cpython-38-x86_64-linux-gnu.so
[3.038s] -- Up-to-date: /ros2_ws/install/common_msgs/lib/python3.8/site-packages/common_msgs/common_msgs_s__rosidl_typesupport_introspection_c.cpython-38-x86_64-linux-gnu.so
[3.041s] -- Up-to-date: /ros2_ws/install/common_msgs/lib/python3.8/site-packages/common_msgs/common_msgs_s__rosidl_typesupport_c.cpython-38-x86_64-linux-gnu.so
[3.045s] -- Up-to-date: /ros2_ws/install/common_msgs/lib/libcommon_msgs__python.so
[3.047s] -- Up-to-date: /ros2_ws/install/common_msgs/share/common_msgs/msg/AutonomyMode.idl
[3.050s] -- Up-to-date: /ros2_ws/install/common_msgs/share/common_msgs/msg/StopReason.idl
[3.051s] -- Up-to-date: /ros2_ws/install/common_msgs/share/common_msgs/msg/AutonomyMode.msg
[3.052s] -- Up-to-date: /ros2_ws/install/common_msgs/share/common_msgs/msg/StopReason.msg
[3.053s] -- Up-to-date: /ros2_ws/install/common_msgs/share/ament_index/resource_index/package_run_dependencies/common_msgs
[3.054s] -- Up-to-date: /ros2_ws/install/common_msgs/share/ament_index/resource_index/parent_prefix_path/common_msgs
[3.055s] -- Up-to-date: /ros2_ws/install/common_msgs/share/common_msgs/environment/ament_prefix_path.sh
[3.057s] -- Up-to-date: /ros2_ws/install/common_msgs/share/common_msgs/environment/ament_prefix_path.dsv
[3.058s] -- Up-to-date: /ros2_ws/install/common_msgs/share/common_msgs/environment/path.sh
[3.059s] -- Up-to-date: /ros2_ws/install/common_msgs/share/common_msgs/environment/path.dsv
[3.060s] -- Up-to-date: /ros2_ws/install/common_msgs/share/common_msgs/local_setup.bash
[3.060s] -- Up-to-date: /ros2_ws/install/common_msgs/share/common_msgs/local_setup.sh
[3.062s] -- Up-to-date: /ros2_ws/install/common_msgs/share/common_msgs/local_setup.zsh
[3.063s] -- Up-to-date: /ros2_ws/install/common_msgs/share/common_msgs/local_setup.dsv
[3.065s] -- Installing: /ros2_ws/install/common_msgs/share/common_msgs/package.dsv
[3.066s] -- Up-to-date: /ros2_ws/install/common_msgs/share/ament_index/resource_index/packages/common_msgs
[3.069s] -- Up-to-date: /ros2_ws/install/common_msgs/share/common_msgs/cmake/common_msgs__rosidl_generator_cExport.cmake
[3.071s] -- Up-to-date: /ros2_ws/install/common_msgs/share/common_msgs/cmake/common_msgs__rosidl_generator_cExport-noconfig.cmake
[3.072s] -- Up-to-date: /ros2_ws/install/common_msgs/share/common_msgs/cmake/common_msgs__rosidl_typesupport_introspection_cExport.cmake
[3.073s] -- Up-to-date: /ros2_ws/install/common_msgs/share/common_msgs/cmake/common_msgs__rosidl_typesupport_introspection_cExport-noconfig.cmake
[3.075s] -- Up-to-date: /ros2_ws/install/common_msgs/share/common_msgs/cmake/common_msgs__rosidl_typesupport_cExport.cmake
[3.076s] -- Up-to-date: /ros2_ws/install/common_msgs/share/common_msgs/cmake/common_msgs__rosidl_typesupport_cExport-noconfig.cmake
[3.078s] -- Up-to-date: /ros2_ws/install/common_msgs/share/common_msgs/cmake/common_msgs__rosidl_generator_cppExport.cmake
[3.081s] -- Up-to-date: /ros2_ws/install/common_msgs/share/common_msgs/cmake/common_msgs__rosidl_typesupport_introspection_cppExport.cmake
[3.084s] -- Up-to-date: /ros2_ws/install/common_msgs/share/common_msgs/cmake/common_msgs__rosidl_typesupport_introspection_cppExport-noconfig.cmake
[3.085s] -- Up-to-date: /ros2_ws/install/common_msgs/share/common_msgs/cmake/common_msgs__rosidl_typesupport_cppExport.cmake
[3.086s] -- Up-to-date: /ros2_ws/install/common_msgs/share/common_msgs/cmake/common_msgs__rosidl_typesupport_cppExport-noconfig.cmake
[3.087s] -- Up-to-date: /ros2_ws/install/common_msgs/share/common_msgs/cmake/rosidl_cmake-extras.cmake
[3.088s] -- Up-to-date: /ros2_ws/install/common_msgs/share/common_msgs/cmake/ament_cmake_export_dependencies-extras.cmake
[3.091s] -- Up-to-date: /ros2_ws/install/common_msgs/share/common_msgs/cmake/ament_cmake_export_libraries-extras.cmake
[3.096s] -- Up-to-date: /ros2_ws/install/common_msgs/share/common_msgs/cmake/ament_cmake_export_targets-extras.cmake
[3.098s] -- Up-to-date: /ros2_ws/install/common_msgs/share/common_msgs/cmake/ament_cmake_export_include_directories-extras.cmake
[3.099s] -- Up-to-date: /ros2_ws/install/common_msgs/share/common_msgs/cmake/rosidl_cmake_export_typesupport_libraries-extras.cmake
[3.099s] -- Up-to-date: /ros2_ws/install/common_msgs/share/common_msgs/cmake/rosidl_cmake_export_typesupport_targets-extras.cmake
[3.099s] -- Up-to-date: /ros2_ws/install/common_msgs/share/common_msgs/cmake/common_msgsConfig.cmake
[3.100s] -- Up-to-date: /ros2_ws/install/common_msgs/share/common_msgs/cmake/common_msgsConfig-version.cmake
[3.101s] -- Up-to-date: /ros2_ws/install/common_msgs/share/common_msgs/package.xml
[3.108s] Invoked command in '/ros2_ws/build/common_msgs' returned '0': CMAKE_PREFIX_PATH=/opt/ros/foxy /usr/bin/cmake --install /ros2_ws/build/common_msgs
