[0.637s] Invoking command in '/ros2_ws/src/controller': CMAKE_PREFIX_PATH=/ros2_ws/install/planning_msgs:/ros2_ws/install/fsm_msgs:/ros2_ws/install/common_msgs:/ros2_ws/install/perception_msgs:/ros2_ws/install/localization_msgs LD_LIBRARY_PATH=/ros2_ws/install/planning_msgs/lib:/ros2_ws/install/fsm_msgs/lib:/ros2_ws/install/common_msgs/lib:/ros2_ws/install/perception_msgs/lib:/ros2_ws/install/localization_msgs/lib:/opt/ros/foxy/opt/yaml_cpp_vendor/lib:/opt/ros/foxy/opt/rviz_ogre_vendor/lib:/opt/ros/foxy/lib/x86_64-linux-gnu:/opt/ros/foxy/lib PYTHONPATH=/ros2_ws/build/cengaver_controller/prefix_override:/ros2_ws/install/cengaver_controller/lib/python3.8/site-packages:/ros2_ws/install/planning_msgs/lib/python3.8/site-packages:/ros2_ws/install/fsm_msgs/lib/python3.8/site-packages:/ros2_ws/install/common_msgs/lib/python3.8/site-packages:/ros2_ws/install/planning/lib/python3.8/site-packages:/ros2_ws/install/perception/lib/python3.8/site-packages:/ros2_ws/install/fsm/lib/python3.8/site-packages:/ros2_ws/install/cengaver_controller/lib/python3.8/site-packages:/ros2_ws/install/perception_msgs/lib/python3.8/site-packages:/ros2_ws/install/localization/lib/python3.8/site-packages:/ros2_ws/install/localization_msgs/lib/python3.8/site-packages:/opt/ros/foxy/lib/python3.8/site-packages /usr/bin/python3 setup.py egg_info --egg-base ../../build/cengaver_controller build --build-base /ros2_ws/build/cengaver_controller/build install --record /ros2_ws/build/cengaver_controller/install.log --single-version-externally-managed
[0.814s] running egg_info
[0.817s] writing ../../build/cengaver_controller/cengaver_controller.egg-info/PKG-INFO
[0.817s] writing dependency_links to ../../build/cengaver_controller/cengaver_controller.egg-info/dependency_links.txt
[0.818s] writing entry points to ../../build/cengaver_controller/cengaver_controller.egg-info/entry_points.txt
[0.818s] writing requirements to ../../build/cengaver_controller/cengaver_controller.egg-info/requires.txt
[0.819s] writing top-level names to ../../build/cengaver_controller/cengaver_controller.egg-info/top_level.txt
[0.838s] reading manifest file '../../build/cengaver_controller/cengaver_controller.egg-info/SOURCES.txt'
[0.840s] writing manifest file '../../build/cengaver_controller/cengaver_controller.egg-info/SOURCES.txt'
[0.840s] running build
[0.840s] running build_py
[0.840s] copying cengaver_controller/emergency_stop.py -> /ros2_ws/build/cengaver_controller/build/lib/cengaver_controller
[0.842s] running install
[0.842s] running install_lib
[0.843s] copying /ros2_ws/build/cengaver_controller/build/lib/cengaver_controller/emergency_stop.py -> /ros2_ws/install/cengaver_controller/lib/python3.8/site-packages/cengaver_controller
[0.845s] byte-compiling /ros2_ws/install/cengaver_controller/lib/python3.8/site-packages/cengaver_controller/emergency_stop.py to emergency_stop.cpython-38.pyc
[0.848s] running install_data
[0.848s] running install_egg_info
[0.848s] removing '/ros2_ws/install/cengaver_controller/lib/python3.8/site-packages/cengaver_controller-1.0.0-py3.8.egg-info' (and everything under it)
[0.849s] Copying ../../build/cengaver_controller/cengaver_controller.egg-info to /ros2_ws/install/cengaver_controller/lib/python3.8/site-packages/cengaver_controller-1.0.0-py3.8.egg-info
[0.855s] running install_scripts
[0.867s] Installing controller_feedback_node script to /ros2_ws/install/cengaver_controller/lib/cengaver_controller
[0.867s] Installing controller_node script to /ros2_ws/install/cengaver_controller/lib/cengaver_controller
[0.870s] writing list of installed files to '/ros2_ws/build/cengaver_controller/install.log'
[0.881s] Invoked command in '/ros2_ws/src/controller' returned '0': CMAKE_PREFIX_PATH=/ros2_ws/install/planning_msgs:/ros2_ws/install/fsm_msgs:/ros2_ws/install/common_msgs:/ros2_ws/install/perception_msgs:/ros2_ws/install/localization_msgs LD_LIBRARY_PATH=/ros2_ws/install/planning_msgs/lib:/ros2_ws/install/fsm_msgs/lib:/ros2_ws/install/common_msgs/lib:/ros2_ws/install/perception_msgs/lib:/ros2_ws/install/localization_msgs/lib:/opt/ros/foxy/opt/yaml_cpp_vendor/lib:/opt/ros/foxy/opt/rviz_ogre_vendor/lib:/opt/ros/foxy/lib/x86_64-linux-gnu:/opt/ros/foxy/lib PYTHONPATH=/ros2_ws/build/cengaver_controller/prefix_override:/ros2_ws/install/cengaver_controller/lib/python3.8/site-packages:/ros2_ws/install/planning_msgs/lib/python3.8/site-packages:/ros2_ws/install/fsm_msgs/lib/python3.8/site-packages:/ros2_ws/install/common_msgs/lib/python3.8/site-packages:/ros2_ws/install/planning/lib/python3.8/site-packages:/ros2_ws/install/perception/lib/python3.8/site-packages:/ros2_ws/install/fsm/lib/python3.8/site-packages:/ros2_ws/install/cengaver_controller/lib/python3.8/site-packages:/ros2_ws/install/perception_msgs/lib/python3.8/site-packages:/ros2_ws/install/localization/lib/python3.8/site-packages:/ros2_ws/install/localization_msgs/lib/python3.8/site-packages:/opt/ros/foxy/lib/python3.8/site-packages /usr/bin/python3 setup.py egg_info --egg-base ../../build/cengaver_controller build --build-base /ros2_ws/build/cengaver_controller/build install --record /ros2_ws/build/cengaver_controller/install.log --single-version-externally-managed
