[1.099s] Invoking command in '/ros2_ws/src/fsm': AMENT_PREFIX_PATH=/ros2_ws/install/planning_msgs:/ros2_ws/install/perception_msgs:/ros2_ws/install/localization_msgs:/ros2_ws/install/fsm_msgs:/ros2_ws/install/common_msgs:${AMENT_PREFIX_PATH} CMAKE_PREFIX_PATH=/ros2_ws/install/planning_msgs:/ros2_ws/install/perception_msgs:/ros2_ws/install/localization_msgs:/ros2_ws/install/fsm_msgs:/ros2_ws/install/common_msgs LD_LIBRARY_PATH=/ros2_ws/install/planning_msgs/lib:/ros2_ws/install/perception_msgs/lib:/ros2_ws/install/localization_msgs/lib:/ros2_ws/install/fsm_msgs/lib:/ros2_ws/install/common_msgs/lib:${LD_LIBRARY_PATH} PYTHONPATH=/ros2_ws/build/fsm/prefix_override:/ros2_ws/install/fsm/lib/python3.8/site-packages:/ros2_ws/install/planning_msgs/lib/python3.8/site-packages:/ros2_ws/install/perception_msgs/lib/python3.8/site-packages:/ros2_ws/install/localization_msgs/lib/python3.8/site-packages:/ros2_ws/install/fsm_msgs/lib/python3.8/site-packages:/ros2_ws/install/common_msgs/lib/python3.8/site-packages:${PYTHONPATH} /usr/bin/python3 setup.py egg_info --egg-base ../../build/fsm build --build-base /ros2_ws/build/fsm/build install --record /ros2_ws/build/fsm/install.log --single-version-externally-managed
[1.303s] running egg_info
[1.304s] writing ../../build/fsm/fsm.egg-info/PKG-INFO
[1.304s] writing dependency_links to ../../build/fsm/fsm.egg-info/dependency_links.txt
[1.305s] writing entry points to ../../build/fsm/fsm.egg-info/entry_points.txt
[1.307s] writing requirements to ../../build/fsm/fsm.egg-info/requires.txt
[1.308s] writing top-level names to ../../build/fsm/fsm.egg-info/top_level.txt
[1.332s] reading manifest file '../../build/fsm/fsm.egg-info/SOURCES.txt'
[1.336s] writing manifest file '../../build/fsm/fsm.egg-info/SOURCES.txt'
[1.336s] running build
[1.337s] running build_py
[1.337s] running install
[1.340s] running install_lib
[1.341s] running install_data
[1.341s] running install_egg_info
[1.342s] removing '/ros2_ws/install/fsm/lib/python3.8/site-packages/fsm-1.0.0-py3.8.egg-info' (and everything under it)
[1.344s] Copying ../../build/fsm/fsm.egg-info to /ros2_ws/install/fsm/lib/python3.8/site-packages/fsm-1.0.0-py3.8.egg-info
[1.353s] running install_scripts
[1.378s] Installing fsm_node script to /ros2_ws/install/fsm/bin
[1.380s] writing list of installed files to '/ros2_ws/build/fsm/install.log'
