[0.092s] Invoking command in '/ros2_ws/build/planning_msgs': CMAKE_PREFIX_PATH=/opt/ros/foxy /usr/bin/cmake /ros2_ws/src/planning_msgs -DCMAKE_INSTALL_PREFIX=/ros2_ws/install/planning_msgs
[0.568s] -- The C compiler identification is GNU 9.4.0
[0.865s] -- The CXX compiler identification is GNU 9.4.0
[0.876s] -- Check for working C compiler: /usr/bin/cc
[1.380s] -- Check for working C compiler: /usr/bin/cc -- works
[1.382s] -- Detecting C compiler ABI info
[1.806s] -- Detecting C compiler ABI info - done
[1.829s] -- Detecting C compile features
[1.830s] -- Detecting C compile features - done
[1.836s] -- Check for working CXX compiler: /usr/bin/c++
[2.329s] -- Check for working CXX compiler: /usr/bin/c++ -- works
[2.330s] -- Detecting CXX compiler ABI info
[2.908s] -- Detecting CXX compiler ABI info - done
[2.930s] -- Detecting CXX compile features
[2.931s] -- Detecting CXX compile features - done
[2.948s] -- Found ament_cmake: 0.9.12 (/opt/ros/foxy/share/ament_cmake/cmake)
[3.039s] -- Found PythonInterp: /usr/bin/python3 (found suitable version "3.8.10", minimum required is "3") 
[3.040s] -- Using PYTHON_EXECUTABLE: /usr/bin/python3
[3.255s] -- Found rosidl_default_generators: 1.0.1 (/opt/ros/foxy/share/rosidl_default_generators/cmake)
[3.259s] -- Using all available rosidl_typesupport_c: rosidl_typesupport_fastrtps_c;rosidl_typesupport_introspection_c
[3.264s] -- Found rosidl_adapter: 1.3.1 (/opt/ros/foxy/share/rosidl_adapter/cmake)
[3.624s] -- Found OpenSSL: /usr/lib/x86_64-linux-gnu/libcrypto.so (found version "1.1.1f")  
[3.653s] -- Found FastRTPS: /opt/ros/foxy/include  
[3.724s] -- Using all available rosidl_typesupport_cpp: rosidl_typesupport_fastrtps_cpp;rosidl_typesupport_introspection_cpp
[3.737s] -- Found std_msgs: 2.0.5 (/opt/ros/foxy/share/std_msgs/cmake)
[3.756s] -- Found geometry_msgs: 2.0.5 (/opt/ros/foxy/share/geometry_msgs/cmake)
[3.887s] -- Found PythonInterp: /usr/bin/python3 (found version "3.8.10") 
[4.262s] -- Found ament_cmake_ros: 0.9.2 (/opt/ros/foxy/share/ament_cmake_ros/cmake)
[4.657s] -- Using all available rosidl_typesupport_c: rosidl_typesupport_fastrtps_c;rosidl_typesupport_introspection_c
[4.891s] -- Using all available rosidl_typesupport_cpp: rosidl_typesupport_fastrtps_cpp;rosidl_typesupport_introspection_cpp
[4.959s] -- Found PythonInterp: /usr/bin/python3 (found suitable version "3.8.10", minimum required is "3.5") 
[4.960s] -- Found python_cmake_module: 0.8.1 (/opt/ros/foxy/share/python_cmake_module/cmake)
[5.029s] -- Found PythonLibs: /usr/lib/x86_64-linux-gnu/libpython3.8.so (found suitable version "3.8.10", minimum required is "3.5") 
[5.030s] -- Using PYTHON_EXECUTABLE: /usr/bin/python3
[5.031s] -- Using PYTHON_INCLUDE_DIRS: /usr/include/python3.8
[5.032s] -- Using PYTHON_LIBRARIES: /usr/lib/x86_64-linux-gnu/libpython3.8.so
[5.096s] -- Found PythonExtra: .so  
[5.291s] -- Configuring done
[5.441s] -- Generating done
[5.454s] -- Build files have been written to: /ros2_ws/build/planning_msgs
