[0.208s] DEBUG:colcon:Command line arguments: ['/usr/bin/colcon', 'build']
[0.209s] DEBUG:colcon:Parsed command line arguments: Namespace(ament_cmake_args=None, base_paths=['.'], build_base='build', catkin_cmake_args=None, catkin_skip_building_tests=False, cmake_args=None, cmake_clean_cache=False, cmake_clean_first=False, cmake_force_configure=False, cmake_target=None, cmake_target_skip_unavailable=False, continue_on_error=False, event_handlers=None, executor='parallel', ignore_user_meta=False, install_base='install', log_base=None, log_level=None, main=<bound method BuildVerb.main of <colcon_core.verb.build.BuildVerb object at 0x7ffffe3037f0>>, merge_install=False, metas=['./colcon.meta'], mixin=None, mixin_files=None, mixin_verb=('build',), packages_above=None, packages_above_and_dependencies=None, packages_above_depth=None, packages_end=None, packages_ignore=None, packages_ignore_regex=None, packages_select=None, packages_select_build_failed=False, packages_select_by_dep=None, packages_select_regex=None, packages_select_test_failures=False, packages_skip=None, packages_skip_build_finished=False, packages_skip_by_dep=None, packages_skip_regex=None, packages_skip_test_passed=False, packages_skip_up_to=None, packages_start=None, packages_up_to=None, packages_up_to_regex=None, parallel_workers=10, paths=None, symlink_install=False, test_result_base=None, verb_extension=<colcon_core.verb.build.BuildVerb object at 0x7ffffe3037f0>, verb_name='build', verb_parser=<colcon_mixin.mixin.mixin_argument.MixinArgumentDecorator object at 0x7ffffe303dc0>)
[0.226s] Level 1:colcon.colcon_core.package_discovery:discover_packages(colcon_meta) check parameters
[0.229s] INFO:colcon.colcon_metadata.package_discovery.colcon_meta:Using configuration from '/root/.colcon/metadata/default/Gazebo.meta'
[0.229s] INFO:colcon.colcon_metadata.package_discovery.colcon_meta:Using configuration from '/root/.colcon/metadata/default/fastdds.meta'
[0.229s] INFO:colcon.colcon_metadata.package_discovery.colcon_meta:Using configuration from '/root/.colcon/metadata/default/fastrtps.meta'
[0.230s] Level 1:colcon.colcon_core.package_discovery:discover_packages(recursive) check parameters
[0.230s] Level 1:colcon.colcon_core.package_discovery:discover_packages(ignore) check parameters
[0.230s] Level 1:colcon.colcon_core.package_discovery:discover_packages(path) check parameters
[0.230s] Level 1:colcon.colcon_core.package_discovery:discover_packages(colcon_meta) discover
[0.230s] Level 1:colcon.colcon_core.package_discovery:discover_packages(recursive) discover
[0.230s] INFO:colcon.colcon_core.package_discovery:Crawling recursively for packages in '/ros2_ws'
[0.231s] Level 1:colcon.colcon_core.package_identification:_identify(.) by extensions ['ignore', 'ignore_ament_install']
[0.231s] Level 1:colcon.colcon_core.package_identification:_identify(.) by extension 'ignore'
[0.231s] Level 1:colcon.colcon_core.package_identification:_identify(.) by extension 'ignore_ament_install'
[0.231s] Level 1:colcon.colcon_core.package_identification:_identify(.) by extensions ['colcon_pkg']
[0.231s] Level 1:colcon.colcon_core.package_identification:_identify(.) by extension 'colcon_pkg'
[0.231s] Level 1:colcon.colcon_core.package_identification:_identify(.) by extensions ['colcon_meta']
[0.231s] Level 1:colcon.colcon_core.package_identification:_identify(.) by extension 'colcon_meta'
[0.231s] Level 1:colcon.colcon_core.package_identification:_identify(.) by extensions ['ros']
[0.232s] Level 1:colcon.colcon_core.package_identification:_identify(.) by extension 'ros'
[0.242s] Level 1:colcon.colcon_core.package_identification:_identify(.) by extensions ['cmake', 'python']
[0.242s] Level 1:colcon.colcon_core.package_identification:_identify(.) by extension 'cmake'
[0.242s] Level 1:colcon.colcon_core.package_identification:_identify(.) by extension 'python'
[0.242s] Level 1:colcon.colcon_core.package_identification:_identify(.) by extensions ['python_setup_py']
[0.242s] Level 1:colcon.colcon_core.package_identification:_identify(.) by extension 'python_setup_py'
[0.243s] Level 1:colcon.colcon_core.package_identification:_identify(build) by extensions ['ignore', 'ignore_ament_install']
[0.243s] Level 1:colcon.colcon_core.package_identification:_identify(build) by extension 'ignore'
[0.243s] Level 1:colcon.colcon_core.package_identification:_identify(build) ignored
[0.243s] Level 1:colcon.colcon_core.package_identification:_identify(install) by extensions ['ignore', 'ignore_ament_install']
[0.243s] Level 1:colcon.colcon_core.package_identification:_identify(install) by extension 'ignore'
[0.243s] Level 1:colcon.colcon_core.package_identification:_identify(install) ignored
[0.244s] Level 1:colcon.colcon_core.package_identification:_identify(log) by extensions ['ignore', 'ignore_ament_install']
[0.244s] Level 1:colcon.colcon_core.package_identification:_identify(log) by extension 'ignore'
[0.244s] Level 1:colcon.colcon_core.package_identification:_identify(log) ignored
[0.244s] Level 1:colcon.colcon_core.package_identification:_identify(src) by extensions ['ignore', 'ignore_ament_install']
[0.244s] Level 1:colcon.colcon_core.package_identification:_identify(src) by extension 'ignore'
[0.244s] Level 1:colcon.colcon_core.package_identification:_identify(src) by extension 'ignore_ament_install'
[0.244s] Level 1:colcon.colcon_core.package_identification:_identify(src) by extensions ['colcon_pkg']
[0.244s] Level 1:colcon.colcon_core.package_identification:_identify(src) by extension 'colcon_pkg'
[0.244s] Level 1:colcon.colcon_core.package_identification:_identify(src) by extensions ['colcon_meta']
[0.244s] Level 1:colcon.colcon_core.package_identification:_identify(src) by extension 'colcon_meta'
[0.244s] Level 1:colcon.colcon_core.package_identification:_identify(src) by extensions ['ros']
[0.244s] Level 1:colcon.colcon_core.package_identification:_identify(src) by extension 'ros'
[0.245s] Level 1:colcon.colcon_core.package_identification:_identify(src) by extensions ['cmake', 'python']
[0.245s] Level 1:colcon.colcon_core.package_identification:_identify(src) by extension 'cmake'
[0.245s] Level 1:colcon.colcon_core.package_identification:_identify(src) by extension 'python'
[0.245s] Level 1:colcon.colcon_core.package_identification:_identify(src) by extensions ['python_setup_py']
[0.245s] Level 1:colcon.colcon_core.package_identification:_identify(src) by extension 'python_setup_py'
[0.245s] Level 1:colcon.colcon_core.package_identification:_identify(src/cengaver_controller) by extensions ['ignore', 'ignore_ament_install']
[0.245s] Level 1:colcon.colcon_core.package_identification:_identify(src/cengaver_controller) by extension 'ignore'
[0.245s] Level 1:colcon.colcon_core.package_identification:_identify(src/cengaver_controller) by extension 'ignore_ament_install'
[0.245s] Level 1:colcon.colcon_core.package_identification:_identify(src/cengaver_controller) by extensions ['colcon_pkg']
[0.245s] Level 1:colcon.colcon_core.package_identification:_identify(src/cengaver_controller) by extension 'colcon_pkg'
[0.245s] Level 1:colcon.colcon_core.package_identification:_identify(src/cengaver_controller) by extensions ['colcon_meta']
[0.245s] Level 1:colcon.colcon_core.package_identification:_identify(src/cengaver_controller) by extension 'colcon_meta'
[0.245s] Level 1:colcon.colcon_core.package_identification:_identify(src/cengaver_controller) by extensions ['ros']
[0.245s] Level 1:colcon.colcon_core.package_identification:_identify(src/cengaver_controller) by extension 'ros'
[0.246s] Level 1:colcon.colcon_core.package_identification:_identify(src/cengaver_controller) by extensions ['cmake', 'python']
[0.246s] Level 1:colcon.colcon_core.package_identification:_identify(src/cengaver_controller) by extension 'cmake'
[0.246s] Level 1:colcon.colcon_core.package_identification:_identify(src/cengaver_controller) by extension 'python'
[0.246s] Level 1:colcon.colcon_core.package_identification:_identify(src/cengaver_controller) by extensions ['python_setup_py']
[0.246s] Level 1:colcon.colcon_core.package_identification:_identify(src/cengaver_controller) by extension 'python_setup_py'
[0.246s] Level 1:colcon.colcon_core.package_identification:_identify(src/cengaver_controller/resource) by extensions ['ignore', 'ignore_ament_install']
[0.246s] Level 1:colcon.colcon_core.package_identification:_identify(src/cengaver_controller/resource) by extension 'ignore'
[0.246s] Level 1:colcon.colcon_core.package_identification:_identify(src/cengaver_controller/resource) by extension 'ignore_ament_install'
[0.246s] Level 1:colcon.colcon_core.package_identification:_identify(src/cengaver_controller/resource) by extensions ['colcon_pkg']
[0.246s] Level 1:colcon.colcon_core.package_identification:_identify(src/cengaver_controller/resource) by extension 'colcon_pkg'
[0.246s] Level 1:colcon.colcon_core.package_identification:_identify(src/cengaver_controller/resource) by extensions ['colcon_meta']
[0.246s] Level 1:colcon.colcon_core.package_identification:_identify(src/cengaver_controller/resource) by extension 'colcon_meta'
[0.246s] Level 1:colcon.colcon_core.package_identification:_identify(src/cengaver_controller/resource) by extensions ['ros']
[0.246s] Level 1:colcon.colcon_core.package_identification:_identify(src/cengaver_controller/resource) by extension 'ros'
[0.247s] Level 1:colcon.colcon_core.package_identification:_identify(src/cengaver_controller/resource) by extensions ['cmake', 'python']
[0.247s] Level 1:colcon.colcon_core.package_identification:_identify(src/cengaver_controller/resource) by extension 'cmake'
[0.247s] Level 1:colcon.colcon_core.package_identification:_identify(src/cengaver_controller/resource) by extension 'python'
[0.247s] Level 1:colcon.colcon_core.package_identification:_identify(src/cengaver_controller/resource) by extensions ['python_setup_py']
[0.247s] Level 1:colcon.colcon_core.package_identification:_identify(src/cengaver_controller/resource) by extension 'python_setup_py'
[0.247s] Level 1:colcon.colcon_core.package_identification:_identify(src/common_msgs) by extensions ['ignore', 'ignore_ament_install']
[0.247s] Level 1:colcon.colcon_core.package_identification:_identify(src/common_msgs) by extension 'ignore'
[0.247s] Level 1:colcon.colcon_core.package_identification:_identify(src/common_msgs) by extension 'ignore_ament_install'
[0.247s] Level 1:colcon.colcon_core.package_identification:_identify(src/common_msgs) by extensions ['colcon_pkg']
[0.247s] Level 1:colcon.colcon_core.package_identification:_identify(src/common_msgs) by extension 'colcon_pkg'
[0.247s] Level 1:colcon.colcon_core.package_identification:_identify(src/common_msgs) by extensions ['colcon_meta']
[0.247s] Level 1:colcon.colcon_core.package_identification:_identify(src/common_msgs) by extension 'colcon_meta'
[0.247s] Level 1:colcon.colcon_core.package_identification:_identify(src/common_msgs) by extensions ['ros']
[0.247s] Level 1:colcon.colcon_core.package_identification:_identify(src/common_msgs) by extension 'ros'
[0.251s] DEBUG:colcon.colcon_core.package_identification:Package 'src/common_msgs' with type 'ros.ament_cmake' and name 'common_msgs'
[0.252s] Level 1:colcon.colcon_core.package_identification:_identify(src/controller) by extensions ['ignore', 'ignore_ament_install']
[0.252s] Level 1:colcon.colcon_core.package_identification:_identify(src/controller) by extension 'ignore'
[0.252s] Level 1:colcon.colcon_core.package_identification:_identify(src/controller) by extension 'ignore_ament_install'
[0.252s] Level 1:colcon.colcon_core.package_identification:_identify(src/controller) by extensions ['colcon_pkg']
[0.252s] Level 1:colcon.colcon_core.package_identification:_identify(src/controller) by extension 'colcon_pkg'
[0.252s] Level 1:colcon.colcon_core.package_identification:_identify(src/controller) by extensions ['colcon_meta']
[0.252s] Level 1:colcon.colcon_core.package_identification:_identify(src/controller) by extension 'colcon_meta'
[0.252s] Level 1:colcon.colcon_core.package_identification:_identify(src/controller) by extensions ['ros']
[0.252s] Level 1:colcon.colcon_core.package_identification:_identify(src/controller) by extension 'ros'
[0.254s] DEBUG:colcon.colcon_core.package_identification:Package 'src/controller' with type 'ros.ament_python' and name 'cengaver_controller'
[0.254s] Level 1:colcon.colcon_core.package_identification:_identify(src/fsm) by extensions ['ignore', 'ignore_ament_install']
[0.254s] Level 1:colcon.colcon_core.package_identification:_identify(src/fsm) by extension 'ignore'
[0.254s] Level 1:colcon.colcon_core.package_identification:_identify(src/fsm) by extension 'ignore_ament_install'
[0.254s] Level 1:colcon.colcon_core.package_identification:_identify(src/fsm) by extensions ['colcon_pkg']
[0.254s] Level 1:colcon.colcon_core.package_identification:_identify(src/fsm) by extension 'colcon_pkg'
[0.254s] Level 1:colcon.colcon_core.package_identification:_identify(src/fsm) by extensions ['colcon_meta']
[0.254s] Level 1:colcon.colcon_core.package_identification:_identify(src/fsm) by extension 'colcon_meta'
[0.254s] Level 1:colcon.colcon_core.package_identification:_identify(src/fsm) by extensions ['ros']
[0.254s] Level 1:colcon.colcon_core.package_identification:_identify(src/fsm) by extension 'ros'
[0.255s] DEBUG:colcon.colcon_core.package_identification:Package 'src/fsm' with type 'ros.ament_python' and name 'fsm'
[0.256s] Level 1:colcon.colcon_core.package_identification:_identify(src/fsm_msgs) by extensions ['ignore', 'ignore_ament_install']
[0.256s] Level 1:colcon.colcon_core.package_identification:_identify(src/fsm_msgs) by extension 'ignore'
[0.256s] Level 1:colcon.colcon_core.package_identification:_identify(src/fsm_msgs) by extension 'ignore_ament_install'
[0.256s] Level 1:colcon.colcon_core.package_identification:_identify(src/fsm_msgs) by extensions ['colcon_pkg']
[0.256s] Level 1:colcon.colcon_core.package_identification:_identify(src/fsm_msgs) by extension 'colcon_pkg'
[0.256s] Level 1:colcon.colcon_core.package_identification:_identify(src/fsm_msgs) by extensions ['colcon_meta']
[0.256s] Level 1:colcon.colcon_core.package_identification:_identify(src/fsm_msgs) by extension 'colcon_meta'
[0.256s] Level 1:colcon.colcon_core.package_identification:_identify(src/fsm_msgs) by extensions ['ros']
[0.256s] Level 1:colcon.colcon_core.package_identification:_identify(src/fsm_msgs) by extension 'ros'
[0.257s] DEBUG:colcon.colcon_core.package_identification:Package 'src/fsm_msgs' with type 'ros.ament_cmake' and name 'fsm_msgs'
[0.257s] Level 1:colcon.colcon_core.package_identification:_identify(src/localization) by extensions ['ignore', 'ignore_ament_install']
[0.257s] Level 1:colcon.colcon_core.package_identification:_identify(src/localization) by extension 'ignore'
[0.257s] Level 1:colcon.colcon_core.package_identification:_identify(src/localization) by extension 'ignore_ament_install'
[0.257s] Level 1:colcon.colcon_core.package_identification:_identify(src/localization) by extensions ['colcon_pkg']
[0.257s] Level 1:colcon.colcon_core.package_identification:_identify(src/localization) by extension 'colcon_pkg'
[0.257s] Level 1:colcon.colcon_core.package_identification:_identify(src/localization) by extensions ['colcon_meta']
[0.257s] Level 1:colcon.colcon_core.package_identification:_identify(src/localization) by extension 'colcon_meta'
[0.257s] Level 1:colcon.colcon_core.package_identification:_identify(src/localization) by extensions ['ros']
[0.257s] Level 1:colcon.colcon_core.package_identification:_identify(src/localization) by extension 'ros'
[0.263s] DEBUG:colcon.colcon_core.package_identification:Package 'src/localization' with type 'ros.ament_python' and name 'localization'
[0.265s] Level 1:colcon.colcon_core.package_identification:_identify(src/localization_msgs) by extensions ['ignore', 'ignore_ament_install']
[0.265s] Level 1:colcon.colcon_core.package_identification:_identify(src/localization_msgs) by extension 'ignore'
[0.265s] Level 1:colcon.colcon_core.package_identification:_identify(src/localization_msgs) by extension 'ignore_ament_install'
[0.265s] Level 1:colcon.colcon_core.package_identification:_identify(src/localization_msgs) by extensions ['colcon_pkg']
[0.265s] Level 1:colcon.colcon_core.package_identification:_identify(src/localization_msgs) by extension 'colcon_pkg'
[0.266s] Level 1:colcon.colcon_core.package_identification:_identify(src/localization_msgs) by extensions ['colcon_meta']
[0.266s] Level 1:colcon.colcon_core.package_identification:_identify(src/localization_msgs) by extension 'colcon_meta'
[0.266s] Level 1:colcon.colcon_core.package_identification:_identify(src/localization_msgs) by extensions ['ros']
[0.266s] Level 1:colcon.colcon_core.package_identification:_identify(src/localization_msgs) by extension 'ros'
[0.266s] DEBUG:colcon.colcon_core.package_identification:Package 'src/localization_msgs' with type 'ros.ament_cmake' and name 'localization_msgs'
[0.267s] Level 1:colcon.colcon_core.package_identification:_identify(src/perception) by extensions ['ignore', 'ignore_ament_install']
[0.267s] Level 1:colcon.colcon_core.package_identification:_identify(src/perception) by extension 'ignore'
[0.267s] Level 1:colcon.colcon_core.package_identification:_identify(src/perception) by extension 'ignore_ament_install'
[0.267s] Level 1:colcon.colcon_core.package_identification:_identify(src/perception) by extensions ['colcon_pkg']
[0.267s] Level 1:colcon.colcon_core.package_identification:_identify(src/perception) by extension 'colcon_pkg'
[0.267s] Level 1:colcon.colcon_core.package_identification:_identify(src/perception) by extensions ['colcon_meta']
[0.267s] Level 1:colcon.colcon_core.package_identification:_identify(src/perception) by extension 'colcon_meta'
[0.267s] Level 1:colcon.colcon_core.package_identification:_identify(src/perception) by extensions ['ros']
[0.267s] Level 1:colcon.colcon_core.package_identification:_identify(src/perception) by extension 'ros'
[0.268s] DEBUG:colcon.colcon_core.package_identification:Package 'src/perception' with type 'ros.ament_python' and name 'perception'
[0.268s] Level 1:colcon.colcon_core.package_identification:_identify(src/perception_msgs) by extensions ['ignore', 'ignore_ament_install']
[0.268s] Level 1:colcon.colcon_core.package_identification:_identify(src/perception_msgs) by extension 'ignore'
[0.268s] Level 1:colcon.colcon_core.package_identification:_identify(src/perception_msgs) by extension 'ignore_ament_install'
[0.268s] Level 1:colcon.colcon_core.package_identification:_identify(src/perception_msgs) by extensions ['colcon_pkg']
[0.268s] Level 1:colcon.colcon_core.package_identification:_identify(src/perception_msgs) by extension 'colcon_pkg'
[0.268s] Level 1:colcon.colcon_core.package_identification:_identify(src/perception_msgs) by extensions ['colcon_meta']
[0.268s] Level 1:colcon.colcon_core.package_identification:_identify(src/perception_msgs) by extension 'colcon_meta'
[0.268s] Level 1:colcon.colcon_core.package_identification:_identify(src/perception_msgs) by extensions ['ros']
[0.268s] Level 1:colcon.colcon_core.package_identification:_identify(src/perception_msgs) by extension 'ros'
[0.269s] DEBUG:colcon.colcon_core.package_identification:Package 'src/perception_msgs' with type 'ros.ament_cmake' and name 'perception_msgs'
[0.269s] Level 1:colcon.colcon_core.package_identification:_identify(src/planning) by extensions ['ignore', 'ignore_ament_install']
[0.269s] Level 1:colcon.colcon_core.package_identification:_identify(src/planning) by extension 'ignore'
[0.269s] Level 1:colcon.colcon_core.package_identification:_identify(src/planning) by extension 'ignore_ament_install'
[0.269s] Level 1:colcon.colcon_core.package_identification:_identify(src/planning) by extensions ['colcon_pkg']
[0.269s] Level 1:colcon.colcon_core.package_identification:_identify(src/planning) by extension 'colcon_pkg'
[0.269s] Level 1:colcon.colcon_core.package_identification:_identify(src/planning) by extensions ['colcon_meta']
[0.269s] Level 1:colcon.colcon_core.package_identification:_identify(src/planning) by extension 'colcon_meta'
[0.269s] Level 1:colcon.colcon_core.package_identification:_identify(src/planning) by extensions ['ros']
[0.269s] Level 1:colcon.colcon_core.package_identification:_identify(src/planning) by extension 'ros'
[0.270s] DEBUG:colcon.colcon_core.package_identification:Package 'src/planning' with type 'ros.ament_python' and name 'planning'
[0.270s] Level 1:colcon.colcon_core.package_identification:_identify(src/planning_msgs) by extensions ['ignore', 'ignore_ament_install']
[0.270s] Level 1:colcon.colcon_core.package_identification:_identify(src/planning_msgs) by extension 'ignore'
[0.271s] Level 1:colcon.colcon_core.package_identification:_identify(src/planning_msgs) by extension 'ignore_ament_install'
[0.271s] Level 1:colcon.colcon_core.package_identification:_identify(src/planning_msgs) by extensions ['colcon_pkg']
[0.271s] Level 1:colcon.colcon_core.package_identification:_identify(src/planning_msgs) by extension 'colcon_pkg'
[0.271s] Level 1:colcon.colcon_core.package_identification:_identify(src/planning_msgs) by extensions ['colcon_meta']
[0.271s] Level 1:colcon.colcon_core.package_identification:_identify(src/planning_msgs) by extension 'colcon_meta'
[0.271s] Level 1:colcon.colcon_core.package_identification:_identify(src/planning_msgs) by extensions ['ros']
[0.271s] Level 1:colcon.colcon_core.package_identification:_identify(src/planning_msgs) by extension 'ros'
[0.271s] DEBUG:colcon.colcon_core.package_identification:Package 'src/planning_msgs' with type 'ros.ament_cmake' and name 'planning_msgs'
[0.271s] Level 1:colcon.colcon_core.package_discovery:discover_packages(recursive) using defaults
[0.271s] Level 1:colcon.colcon_core.package_discovery:discover_packages(ignore) discover
[0.272s] Level 1:colcon.colcon_core.package_discovery:discover_packages(ignore) using defaults
[0.272s] Level 1:colcon.colcon_core.package_discovery:discover_packages(path) discover
[0.272s] Level 1:colcon.colcon_core.package_discovery:discover_packages(path) using defaults
[0.285s] Level 5:colcon.colcon_core.verb:set package 'common_msgs' build argument 'cmake_args' from command line to 'None'
[0.285s] Level 5:colcon.colcon_core.verb:set package 'common_msgs' build argument 'cmake_target' from command line to 'None'
[0.285s] Level 5:colcon.colcon_core.verb:set package 'common_msgs' build argument 'cmake_target_skip_unavailable' from command line to 'False'
[0.285s] Level 5:colcon.colcon_core.verb:set package 'common_msgs' build argument 'cmake_clean_cache' from command line to 'False'
[0.285s] Level 5:colcon.colcon_core.verb:set package 'common_msgs' build argument 'cmake_clean_first' from command line to 'False'
[0.285s] Level 5:colcon.colcon_core.verb:set package 'common_msgs' build argument 'cmake_force_configure' from command line to 'False'
[0.285s] Level 5:colcon.colcon_core.verb:set package 'common_msgs' build argument 'ament_cmake_args' from command line to 'None'
[0.285s] Level 5:colcon.colcon_core.verb:set package 'common_msgs' build argument 'catkin_cmake_args' from command line to 'None'
[0.285s] Level 5:colcon.colcon_core.verb:set package 'common_msgs' build argument 'catkin_skip_building_tests' from command line to 'False'
[0.285s] DEBUG:colcon.colcon_core.verb:Building package 'common_msgs' with the following arguments: {'ament_cmake_args': None, 'build_base': '/ros2_ws/build/common_msgs', 'catkin_cmake_args': None, 'catkin_skip_building_tests': False, 'cmake_args': None, 'cmake_clean_cache': False, 'cmake_clean_first': False, 'cmake_force_configure': False, 'cmake_target': None, 'cmake_target_skip_unavailable': False, 'install_base': '/ros2_ws/install/common_msgs', 'merge_install': False, 'path': '/ros2_ws/src/common_msgs', 'symlink_install': False, 'test_result_base': None}
[0.285s] Level 5:colcon.colcon_core.verb:set package 'fsm_msgs' build argument 'cmake_args' from command line to 'None'
[0.285s] Level 5:colcon.colcon_core.verb:set package 'fsm_msgs' build argument 'cmake_target' from command line to 'None'
[0.286s] Level 5:colcon.colcon_core.verb:set package 'fsm_msgs' build argument 'cmake_target_skip_unavailable' from command line to 'False'
[0.286s] Level 5:colcon.colcon_core.verb:set package 'fsm_msgs' build argument 'cmake_clean_cache' from command line to 'False'
[0.286s] Level 5:colcon.colcon_core.verb:set package 'fsm_msgs' build argument 'cmake_clean_first' from command line to 'False'
[0.286s] Level 5:colcon.colcon_core.verb:set package 'fsm_msgs' build argument 'cmake_force_configure' from command line to 'False'
[0.286s] Level 5:colcon.colcon_core.verb:set package 'fsm_msgs' build argument 'ament_cmake_args' from command line to 'None'
[0.286s] Level 5:colcon.colcon_core.verb:set package 'fsm_msgs' build argument 'catkin_cmake_args' from command line to 'None'
[0.286s] Level 5:colcon.colcon_core.verb:set package 'fsm_msgs' build argument 'catkin_skip_building_tests' from command line to 'False'
[0.286s] DEBUG:colcon.colcon_core.verb:Building package 'fsm_msgs' with the following arguments: {'ament_cmake_args': None, 'build_base': '/ros2_ws/build/fsm_msgs', 'catkin_cmake_args': None, 'catkin_skip_building_tests': False, 'cmake_args': None, 'cmake_clean_cache': False, 'cmake_clean_first': False, 'cmake_force_configure': False, 'cmake_target': None, 'cmake_target_skip_unavailable': False, 'install_base': '/ros2_ws/install/fsm_msgs', 'merge_install': False, 'path': '/ros2_ws/src/fsm_msgs', 'symlink_install': False, 'test_result_base': None}
[0.286s] Level 5:colcon.colcon_core.verb:set package 'localization_msgs' build argument 'cmake_args' from command line to 'None'
[0.286s] Level 5:colcon.colcon_core.verb:set package 'localization_msgs' build argument 'cmake_target' from command line to 'None'
[0.286s] Level 5:colcon.colcon_core.verb:set package 'localization_msgs' build argument 'cmake_target_skip_unavailable' from command line to 'False'
[0.286s] Level 5:colcon.colcon_core.verb:set package 'localization_msgs' build argument 'cmake_clean_cache' from command line to 'False'
[0.286s] Level 5:colcon.colcon_core.verb:set package 'localization_msgs' build argument 'cmake_clean_first' from command line to 'False'
[0.286s] Level 5:colcon.colcon_core.verb:set package 'localization_msgs' build argument 'cmake_force_configure' from command line to 'False'
[0.286s] Level 5:colcon.colcon_core.verb:set package 'localization_msgs' build argument 'ament_cmake_args' from command line to 'None'
[0.286s] Level 5:colcon.colcon_core.verb:set package 'localization_msgs' build argument 'catkin_cmake_args' from command line to 'None'
[0.286s] Level 5:colcon.colcon_core.verb:set package 'localization_msgs' build argument 'catkin_skip_building_tests' from command line to 'False'
[0.286s] DEBUG:colcon.colcon_core.verb:Building package 'localization_msgs' with the following arguments: {'ament_cmake_args': None, 'build_base': '/ros2_ws/build/localization_msgs', 'catkin_cmake_args': None, 'catkin_skip_building_tests': False, 'cmake_args': None, 'cmake_clean_cache': False, 'cmake_clean_first': False, 'cmake_force_configure': False, 'cmake_target': None, 'cmake_target_skip_unavailable': False, 'install_base': '/ros2_ws/install/localization_msgs', 'merge_install': False, 'path': '/ros2_ws/src/localization_msgs', 'symlink_install': False, 'test_result_base': None}
[0.287s] Level 5:colcon.colcon_core.verb:set package 'perception_msgs' build argument 'cmake_args' from command line to 'None'
[0.287s] Level 5:colcon.colcon_core.verb:set package 'perception_msgs' build argument 'cmake_target' from command line to 'None'
[0.287s] Level 5:colcon.colcon_core.verb:set package 'perception_msgs' build argument 'cmake_target_skip_unavailable' from command line to 'False'
[0.287s] Level 5:colcon.colcon_core.verb:set package 'perception_msgs' build argument 'cmake_clean_cache' from command line to 'False'
[0.287s] Level 5:colcon.colcon_core.verb:set package 'perception_msgs' build argument 'cmake_clean_first' from command line to 'False'
[0.287s] Level 5:colcon.colcon_core.verb:set package 'perception_msgs' build argument 'cmake_force_configure' from command line to 'False'
[0.287s] Level 5:colcon.colcon_core.verb:set package 'perception_msgs' build argument 'ament_cmake_args' from command line to 'None'
[0.287s] Level 5:colcon.colcon_core.verb:set package 'perception_msgs' build argument 'catkin_cmake_args' from command line to 'None'
[0.287s] Level 5:colcon.colcon_core.verb:set package 'perception_msgs' build argument 'catkin_skip_building_tests' from command line to 'False'
[0.287s] DEBUG:colcon.colcon_core.verb:Building package 'perception_msgs' with the following arguments: {'ament_cmake_args': None, 'build_base': '/ros2_ws/build/perception_msgs', 'catkin_cmake_args': None, 'catkin_skip_building_tests': False, 'cmake_args': None, 'cmake_clean_cache': False, 'cmake_clean_first': False, 'cmake_force_configure': False, 'cmake_target': None, 'cmake_target_skip_unavailable': False, 'install_base': '/ros2_ws/install/perception_msgs', 'merge_install': False, 'path': '/ros2_ws/src/perception_msgs', 'symlink_install': False, 'test_result_base': None}
[0.288s] Level 5:colcon.colcon_core.verb:set package 'planning_msgs' build argument 'cmake_args' from command line to 'None'
[0.288s] Level 5:colcon.colcon_core.verb:set package 'planning_msgs' build argument 'cmake_target' from command line to 'None'
[0.288s] Level 5:colcon.colcon_core.verb:set package 'planning_msgs' build argument 'cmake_target_skip_unavailable' from command line to 'False'
[0.288s] Level 5:colcon.colcon_core.verb:set package 'planning_msgs' build argument 'cmake_clean_cache' from command line to 'False'
[0.288s] Level 5:colcon.colcon_core.verb:set package 'planning_msgs' build argument 'cmake_clean_first' from command line to 'False'
[0.288s] Level 5:colcon.colcon_core.verb:set package 'planning_msgs' build argument 'cmake_force_configure' from command line to 'False'
[0.288s] Level 5:colcon.colcon_core.verb:set package 'planning_msgs' build argument 'ament_cmake_args' from command line to 'None'
[0.288s] Level 5:colcon.colcon_core.verb:set package 'planning_msgs' build argument 'catkin_cmake_args' from command line to 'None'
[0.288s] Level 5:colcon.colcon_core.verb:set package 'planning_msgs' build argument 'catkin_skip_building_tests' from command line to 'False'
[0.288s] DEBUG:colcon.colcon_core.verb:Building package 'planning_msgs' with the following arguments: {'ament_cmake_args': None, 'build_base': '/ros2_ws/build/planning_msgs', 'catkin_cmake_args': None, 'catkin_skip_building_tests': False, 'cmake_args': None, 'cmake_clean_cache': False, 'cmake_clean_first': False, 'cmake_force_configure': False, 'cmake_target': None, 'cmake_target_skip_unavailable': False, 'install_base': '/ros2_ws/install/planning_msgs', 'merge_install': False, 'path': '/ros2_ws/src/planning_msgs', 'symlink_install': False, 'test_result_base': None}
[0.288s] Level 5:colcon.colcon_core.verb:set package 'cengaver_controller' build argument 'cmake_args' from command line to 'None'
[0.288s] Level 5:colcon.colcon_core.verb:set package 'cengaver_controller' build argument 'cmake_target' from command line to 'None'
[0.288s] Level 5:colcon.colcon_core.verb:set package 'cengaver_controller' build argument 'cmake_target_skip_unavailable' from command line to 'False'
[0.288s] Level 5:colcon.colcon_core.verb:set package 'cengaver_controller' build argument 'cmake_clean_cache' from command line to 'False'
[0.288s] Level 5:colcon.colcon_core.verb:set package 'cengaver_controller' build argument 'cmake_clean_first' from command line to 'False'
[0.288s] Level 5:colcon.colcon_core.verb:set package 'cengaver_controller' build argument 'cmake_force_configure' from command line to 'False'
[0.289s] Level 5:colcon.colcon_core.verb:set package 'cengaver_controller' build argument 'ament_cmake_args' from command line to 'None'
[0.289s] Level 5:colcon.colcon_core.verb:set package 'cengaver_controller' build argument 'catkin_cmake_args' from command line to 'None'
[0.289s] Level 5:colcon.colcon_core.verb:set package 'cengaver_controller' build argument 'catkin_skip_building_tests' from command line to 'False'
[0.289s] DEBUG:colcon.colcon_core.verb:Building package 'cengaver_controller' with the following arguments: {'ament_cmake_args': None, 'build_base': '/ros2_ws/build/cengaver_controller', 'catkin_cmake_args': None, 'catkin_skip_building_tests': False, 'cmake_args': None, 'cmake_clean_cache': False, 'cmake_clean_first': False, 'cmake_force_configure': False, 'cmake_target': None, 'cmake_target_skip_unavailable': False, 'install_base': '/ros2_ws/install/cengaver_controller', 'merge_install': False, 'path': '/ros2_ws/src/controller', 'symlink_install': False, 'test_result_base': None}
[0.289s] Level 5:colcon.colcon_core.verb:set package 'fsm' build argument 'cmake_args' from command line to 'None'
[0.289s] Level 5:colcon.colcon_core.verb:set package 'fsm' build argument 'cmake_target' from command line to 'None'
[0.289s] Level 5:colcon.colcon_core.verb:set package 'fsm' build argument 'cmake_target_skip_unavailable' from command line to 'False'
[0.289s] Level 5:colcon.colcon_core.verb:set package 'fsm' build argument 'cmake_clean_cache' from command line to 'False'
[0.289s] Level 5:colcon.colcon_core.verb:set package 'fsm' build argument 'cmake_clean_first' from command line to 'False'
[0.289s] Level 5:colcon.colcon_core.verb:set package 'fsm' build argument 'cmake_force_configure' from command line to 'False'
[0.289s] Level 5:colcon.colcon_core.verb:set package 'fsm' build argument 'ament_cmake_args' from command line to 'None'
[0.289s] Level 5:colcon.colcon_core.verb:set package 'fsm' build argument 'catkin_cmake_args' from command line to 'None'
[0.289s] Level 5:colcon.colcon_core.verb:set package 'fsm' build argument 'catkin_skip_building_tests' from command line to 'False'
[0.289s] DEBUG:colcon.colcon_core.verb:Building package 'fsm' with the following arguments: {'ament_cmake_args': None, 'build_base': '/ros2_ws/build/fsm', 'catkin_cmake_args': None, 'catkin_skip_building_tests': False, 'cmake_args': None, 'cmake_clean_cache': False, 'cmake_clean_first': False, 'cmake_force_configure': False, 'cmake_target': None, 'cmake_target_skip_unavailable': False, 'install_base': '/ros2_ws/install/fsm', 'merge_install': False, 'path': '/ros2_ws/src/fsm', 'symlink_install': False, 'test_result_base': None}
[0.290s] Level 5:colcon.colcon_core.verb:set package 'localization' build argument 'cmake_args' from command line to 'None'
[0.290s] Level 5:colcon.colcon_core.verb:set package 'localization' build argument 'cmake_target' from command line to 'None'
[0.290s] Level 5:colcon.colcon_core.verb:set package 'localization' build argument 'cmake_target_skip_unavailable' from command line to 'False'
[0.290s] Level 5:colcon.colcon_core.verb:set package 'localization' build argument 'cmake_clean_cache' from command line to 'False'
[0.290s] Level 5:colcon.colcon_core.verb:set package 'localization' build argument 'cmake_clean_first' from command line to 'False'
[0.290s] Level 5:colcon.colcon_core.verb:set package 'localization' build argument 'cmake_force_configure' from command line to 'False'
[0.290s] Level 5:colcon.colcon_core.verb:set package 'localization' build argument 'ament_cmake_args' from command line to 'None'
[0.290s] Level 5:colcon.colcon_core.verb:set package 'localization' build argument 'catkin_cmake_args' from command line to 'None'
[0.290s] Level 5:colcon.colcon_core.verb:set package 'localization' build argument 'catkin_skip_building_tests' from command line to 'False'
[0.290s] DEBUG:colcon.colcon_core.verb:Building package 'localization' with the following arguments: {'ament_cmake_args': None, 'build_base': '/ros2_ws/build/localization', 'catkin_cmake_args': None, 'catkin_skip_building_tests': False, 'cmake_args': None, 'cmake_clean_cache': False, 'cmake_clean_first': False, 'cmake_force_configure': False, 'cmake_target': None, 'cmake_target_skip_unavailable': False, 'install_base': '/ros2_ws/install/localization', 'merge_install': False, 'path': '/ros2_ws/src/localization', 'symlink_install': False, 'test_result_base': None}
[0.290s] Level 5:colcon.colcon_core.verb:set package 'perception' build argument 'cmake_args' from command line to 'None'
[0.291s] Level 5:colcon.colcon_core.verb:set package 'perception' build argument 'cmake_target' from command line to 'None'
[0.291s] Level 5:colcon.colcon_core.verb:set package 'perception' build argument 'cmake_target_skip_unavailable' from command line to 'False'
[0.291s] Level 5:colcon.colcon_core.verb:set package 'perception' build argument 'cmake_clean_cache' from command line to 'False'
[0.291s] Level 5:colcon.colcon_core.verb:set package 'perception' build argument 'cmake_clean_first' from command line to 'False'
[0.291s] Level 5:colcon.colcon_core.verb:set package 'perception' build argument 'cmake_force_configure' from command line to 'False'
[0.291s] Level 5:colcon.colcon_core.verb:set package 'perception' build argument 'ament_cmake_args' from command line to 'None'
[0.291s] Level 5:colcon.colcon_core.verb:set package 'perception' build argument 'catkin_cmake_args' from command line to 'None'
[0.291s] Level 5:colcon.colcon_core.verb:set package 'perception' build argument 'catkin_skip_building_tests' from command line to 'False'
[0.291s] DEBUG:colcon.colcon_core.verb:Building package 'perception' with the following arguments: {'ament_cmake_args': None, 'build_base': '/ros2_ws/build/perception', 'catkin_cmake_args': None, 'catkin_skip_building_tests': False, 'cmake_args': None, 'cmake_clean_cache': False, 'cmake_clean_first': False, 'cmake_force_configure': False, 'cmake_target': None, 'cmake_target_skip_unavailable': False, 'install_base': '/ros2_ws/install/perception', 'merge_install': False, 'path': '/ros2_ws/src/perception', 'symlink_install': False, 'test_result_base': None}
[0.291s] Level 5:colcon.colcon_core.verb:set package 'planning' build argument 'cmake_args' from command line to 'None'
[0.291s] Level 5:colcon.colcon_core.verb:set package 'planning' build argument 'cmake_target' from command line to 'None'
[0.291s] Level 5:colcon.colcon_core.verb:set package 'planning' build argument 'cmake_target_skip_unavailable' from command line to 'False'
[0.291s] Level 5:colcon.colcon_core.verb:set package 'planning' build argument 'cmake_clean_cache' from command line to 'False'
[0.291s] Level 5:colcon.colcon_core.verb:set package 'planning' build argument 'cmake_clean_first' from command line to 'False'
[0.291s] Level 5:colcon.colcon_core.verb:set package 'planning' build argument 'cmake_force_configure' from command line to 'False'
[0.291s] Level 5:colcon.colcon_core.verb:set package 'planning' build argument 'ament_cmake_args' from command line to 'None'
[0.291s] Level 5:colcon.colcon_core.verb:set package 'planning' build argument 'catkin_cmake_args' from command line to 'None'
[0.291s] Level 5:colcon.colcon_core.verb:set package 'planning' build argument 'catkin_skip_building_tests' from command line to 'False'
[0.292s] DEBUG:colcon.colcon_core.verb:Building package 'planning' with the following arguments: {'ament_cmake_args': None, 'build_base': '/ros2_ws/build/planning', 'catkin_cmake_args': None, 'catkin_skip_building_tests': False, 'cmake_args': None, 'cmake_clean_cache': False, 'cmake_clean_first': False, 'cmake_force_configure': False, 'cmake_target': None, 'cmake_target_skip_unavailable': False, 'install_base': '/ros2_ws/install/planning', 'merge_install': False, 'path': '/ros2_ws/src/planning', 'symlink_install': False, 'test_result_base': None}
[0.292s] INFO:colcon.colcon_core.executor:Executing jobs using 'parallel' executor
[0.295s] DEBUG:colcon.colcon_parallel_executor.executor.parallel:run_until_complete
[0.296s] INFO:colcon.colcon_ros.task.ament_cmake.build:Building ROS package in '/ros2_ws/src/planning_msgs' with build type 'ament_cmake'
[0.296s] INFO:colcon.colcon_cmake.task.cmake.build:Building CMake package in '/ros2_ws/src/planning_msgs'
[0.299s] INFO:colcon.colcon_core.plugin_system:Skipping extension 'colcon_core.shell.bat': Not used on non-Windows systems
[0.300s] INFO:colcon.colcon_core.shell:Skip shell extension 'powershell' for command environment: Not usable outside of PowerShell
[0.300s] DEBUG:colcon.colcon_core.shell:Skip shell extension 'dsv' for command environment
[0.305s] INFO:colcon.colcon_ros.task.ament_cmake.build:Building ROS package in '/ros2_ws/src/common_msgs' with build type 'ament_cmake'
[0.306s] INFO:colcon.colcon_cmake.task.cmake.build:Building CMake package in '/ros2_ws/src/common_msgs'
[0.307s] INFO:colcon.colcon_core.shell:Skip shell extension 'powershell' for command environment: Not usable outside of PowerShell
[0.307s] DEBUG:colcon.colcon_core.shell:Skip shell extension 'dsv' for command environment
[0.311s] INFO:colcon.colcon_ros.task.ament_cmake.build:Building ROS package in '/ros2_ws/src/fsm_msgs' with build type 'ament_cmake'
[0.312s] INFO:colcon.colcon_cmake.task.cmake.build:Building CMake package in '/ros2_ws/src/fsm_msgs'
[0.313s] INFO:colcon.colcon_core.shell:Skip shell extension 'powershell' for command environment: Not usable outside of PowerShell
[0.314s] DEBUG:colcon.colcon_core.shell:Skip shell extension 'dsv' for command environment
[0.320s] INFO:colcon.colcon_ros.task.ament_cmake.build:Building ROS package in '/ros2_ws/src/localization_msgs' with build type 'ament_cmake'
[0.321s] INFO:colcon.colcon_cmake.task.cmake.build:Building CMake package in '/ros2_ws/src/localization_msgs'
[0.322s] INFO:colcon.colcon_core.shell:Skip shell extension 'powershell' for command environment: Not usable outside of PowerShell
[0.322s] DEBUG:colcon.colcon_core.shell:Skip shell extension 'dsv' for command environment
[0.329s] INFO:colcon.colcon_ros.task.ament_cmake.build:Building ROS package in '/ros2_ws/src/perception_msgs' with build type 'ament_cmake'
[0.329s] INFO:colcon.colcon_cmake.task.cmake.build:Building CMake package in '/ros2_ws/src/perception_msgs'
[0.330s] INFO:colcon.colcon_core.shell:Skip shell extension 'powershell' for command environment: Not usable outside of PowerShell
[0.330s] DEBUG:colcon.colcon_core.shell:Skip shell extension 'dsv' for command environment
[0.362s] DEBUG:colcon.colcon_core.event_handler.log_command:Invoking command in '/ros2_ws/build/planning_msgs': CMAKE_PREFIX_PATH=/opt/ros/foxy /usr/bin/cmake --build /ros2_ws/build/planning_msgs -- -j10 -l10
[0.369s] DEBUG:colcon.colcon_core.event_handler.log_command:Invoking command in '/ros2_ws/build/common_msgs': CMAKE_PREFIX_PATH=/opt/ros/foxy /usr/bin/cmake --build /ros2_ws/build/common_msgs -- -j10 -l10
[0.384s] DEBUG:colcon.colcon_core.event_handler.log_command:Invoking command in '/ros2_ws/build/fsm_msgs': CMAKE_PREFIX_PATH=/opt/ros/foxy /usr/bin/cmake --build /ros2_ws/build/fsm_msgs -- -j10 -l10
[0.397s] DEBUG:colcon.colcon_core.event_handler.log_command:Invoking command in '/ros2_ws/build/localization_msgs': CMAKE_PREFIX_PATH=/opt/ros/foxy /usr/bin/cmake --build /ros2_ws/build/localization_msgs -- -j10 -l10
[0.411s] DEBUG:colcon.colcon_core.event_handler.log_command:Invoking command in '/ros2_ws/build/perception_msgs': CMAKE_PREFIX_PATH=/opt/ros/foxy /usr/bin/cmake --build /ros2_ws/build/perception_msgs -- -j10 -l10
[2.013s] DEBUG:colcon.colcon_core.event_handler.log_command:Invoked command in '/ros2_ws/build/common_msgs' returned '0': CMAKE_PREFIX_PATH=/opt/ros/foxy /usr/bin/cmake --build /ros2_ws/build/common_msgs -- -j10 -l10
[2.062s] DEBUG:colcon.colcon_core.event_handler.log_command:Invoked command in '/ros2_ws/build/fsm_msgs' returned '0': CMAKE_PREFIX_PATH=/opt/ros/foxy /usr/bin/cmake --build /ros2_ws/build/fsm_msgs -- -j10 -l10
[2.132s] DEBUG:colcon.colcon_core.event_handler.log_command:Invoked command in '/ros2_ws/build/planning_msgs' returned '0': CMAKE_PREFIX_PATH=/opt/ros/foxy /usr/bin/cmake --build /ros2_ws/build/planning_msgs -- -j10 -l10
[2.187s] DEBUG:colcon.colcon_core.event_handler.log_command:Invoked command in '/ros2_ws/build/localization_msgs' returned '0': CMAKE_PREFIX_PATH=/opt/ros/foxy /usr/bin/cmake --build /ros2_ws/build/localization_msgs -- -j10 -l10
[2.194s] DEBUG:colcon.colcon_core.event_handler.log_command:Invoked command in '/ros2_ws/build/perception_msgs' returned '0': CMAKE_PREFIX_PATH=/opt/ros/foxy /usr/bin/cmake --build /ros2_ws/build/perception_msgs -- -j10 -l10
[3.075s] DEBUG:colcon.colcon_core.event_handler.log_command:Invoking command in '/ros2_ws/build/common_msgs': CMAKE_PREFIX_PATH=/opt/ros/foxy /usr/bin/cmake --install /ros2_ws/build/common_msgs
[3.305s] Level 1:colcon.colcon_core.environment:create_environment_scripts_only(common_msgs)
[3.309s] Level 1:colcon.colcon_core.environment:checking '/ros2_ws/install/common_msgs' for CMake module files
[3.311s] DEBUG:colcon.colcon_core.event_handler.log_command:Invoked command in '/ros2_ws/build/common_msgs' returned '0': CMAKE_PREFIX_PATH=/opt/ros/foxy /usr/bin/cmake --install /ros2_ws/build/common_msgs
[3.314s] Level 1:colcon.colcon_core.environment:checking '/ros2_ws/install/common_msgs' for CMake config files
[3.320s] Level 1:colcon.colcon_core.shell:create_environment_hook('common_msgs', 'cmake_prefix_path')
[3.322s] INFO:colcon.colcon_core.shell:Creating environment hook '/ros2_ws/install/common_msgs/share/common_msgs/hook/cmake_prefix_path.ps1'
[3.324s] INFO:colcon.colcon_core.shell:Creating environment descriptor '/ros2_ws/install/common_msgs/share/common_msgs/hook/cmake_prefix_path.dsv'
[3.328s] INFO:colcon.colcon_core.shell:Creating environment hook '/ros2_ws/install/common_msgs/share/common_msgs/hook/cmake_prefix_path.sh'
[3.332s] Level 1:colcon.colcon_core.environment:checking '/ros2_ws/install/common_msgs/lib'
[3.332s] Level 1:colcon.colcon_core.shell:create_environment_hook('common_msgs', 'ld_library_path_lib')
[3.333s] INFO:colcon.colcon_core.shell:Creating environment hook '/ros2_ws/install/common_msgs/share/common_msgs/hook/ld_library_path_lib.ps1'
[3.334s] INFO:colcon.colcon_core.shell:Creating environment descriptor '/ros2_ws/install/common_msgs/share/common_msgs/hook/ld_library_path_lib.dsv'
[3.334s] INFO:colcon.colcon_core.shell:Creating environment hook '/ros2_ws/install/common_msgs/share/common_msgs/hook/ld_library_path_lib.sh'
[3.336s] Level 1:colcon.colcon_core.environment:checking '/ros2_ws/install/common_msgs/bin'
[3.338s] Level 1:colcon.colcon_core.environment:checking '/ros2_ws/install/common_msgs/lib/pkgconfig/common_msgs.pc'
[3.339s] Level 1:colcon.colcon_core.environment:checking '/ros2_ws/install/common_msgs/lib/python3.8/site-packages'
[3.340s] Level 1:colcon.colcon_core.shell:create_environment_hook('common_msgs', 'pythonpath')
[3.341s] INFO:colcon.colcon_core.shell:Creating environment hook '/ros2_ws/install/common_msgs/share/common_msgs/hook/pythonpath.ps1'
[3.344s] INFO:colcon.colcon_core.shell:Creating environment descriptor '/ros2_ws/install/common_msgs/share/common_msgs/hook/pythonpath.dsv'
[3.346s] INFO:colcon.colcon_core.shell:Creating environment hook '/ros2_ws/install/common_msgs/share/common_msgs/hook/pythonpath.sh'
[3.349s] Level 1:colcon.colcon_core.environment:checking '/ros2_ws/install/common_msgs/bin'
[3.350s] INFO:colcon.colcon_core.shell:Creating package script '/ros2_ws/install/common_msgs/share/common_msgs/package.ps1'
[3.352s] INFO:colcon.colcon_core.shell:Creating package descriptor '/ros2_ws/install/common_msgs/share/common_msgs/package.dsv'
[3.353s] INFO:colcon.colcon_core.shell:Creating package script '/ros2_ws/install/common_msgs/share/common_msgs/package.sh'
[3.357s] INFO:colcon.colcon_core.shell:Creating package script '/ros2_ws/install/common_msgs/share/common_msgs/package.bash'
[3.358s] INFO:colcon.colcon_core.shell:Creating package script '/ros2_ws/install/common_msgs/share/common_msgs/package.zsh'
[3.361s] Level 1:colcon.colcon_core.environment:create_file_with_runtime_dependencies(/ros2_ws/install/common_msgs/share/colcon-core/packages/common_msgs)
[3.371s] DEBUG:colcon.colcon_core.event_handler.log_command:Invoking command in '/ros2_ws/build/fsm_msgs': CMAKE_PREFIX_PATH=/opt/ros/foxy /usr/bin/cmake --install /ros2_ws/build/fsm_msgs
[3.600s] Level 1:colcon.colcon_core.environment:create_environment_scripts_only(fsm_msgs)
[3.602s] Level 1:colcon.colcon_core.environment:checking '/ros2_ws/install/fsm_msgs' for CMake module files
[3.603s] DEBUG:colcon.colcon_core.event_handler.log_command:Invoked command in '/ros2_ws/build/fsm_msgs' returned '0': CMAKE_PREFIX_PATH=/opt/ros/foxy /usr/bin/cmake --install /ros2_ws/build/fsm_msgs
[3.608s] Level 1:colcon.colcon_core.environment:checking '/ros2_ws/install/fsm_msgs' for CMake config files
[3.612s] Level 1:colcon.colcon_core.shell:create_environment_hook('fsm_msgs', 'cmake_prefix_path')
[3.613s] INFO:colcon.colcon_core.shell:Creating environment hook '/ros2_ws/install/fsm_msgs/share/fsm_msgs/hook/cmake_prefix_path.ps1'
[3.617s] INFO:colcon.colcon_core.shell:Creating environment descriptor '/ros2_ws/install/fsm_msgs/share/fsm_msgs/hook/cmake_prefix_path.dsv'
[3.621s] INFO:colcon.colcon_core.shell:Creating environment hook '/ros2_ws/install/fsm_msgs/share/fsm_msgs/hook/cmake_prefix_path.sh'
[3.622s] Level 1:colcon.colcon_core.environment:checking '/ros2_ws/install/fsm_msgs/lib'
[3.622s] Level 1:colcon.colcon_core.shell:create_environment_hook('fsm_msgs', 'ld_library_path_lib')
[3.623s] INFO:colcon.colcon_core.shell:Creating environment hook '/ros2_ws/install/fsm_msgs/share/fsm_msgs/hook/ld_library_path_lib.ps1'
[3.626s] INFO:colcon.colcon_core.shell:Creating environment descriptor '/ros2_ws/install/fsm_msgs/share/fsm_msgs/hook/ld_library_path_lib.dsv'
[3.629s] INFO:colcon.colcon_core.shell:Creating environment hook '/ros2_ws/install/fsm_msgs/share/fsm_msgs/hook/ld_library_path_lib.sh'
[3.630s] Level 1:colcon.colcon_core.environment:checking '/ros2_ws/install/fsm_msgs/bin'
[3.630s] Level 1:colcon.colcon_core.environment:checking '/ros2_ws/install/fsm_msgs/lib/pkgconfig/fsm_msgs.pc'
[3.630s] Level 1:colcon.colcon_core.environment:checking '/ros2_ws/install/fsm_msgs/lib/python3.8/site-packages'
[3.630s] Level 1:colcon.colcon_core.shell:create_environment_hook('fsm_msgs', 'pythonpath')
[3.631s] INFO:colcon.colcon_core.shell:Creating environment hook '/ros2_ws/install/fsm_msgs/share/fsm_msgs/hook/pythonpath.ps1'
[3.633s] INFO:colcon.colcon_core.shell:Creating environment descriptor '/ros2_ws/install/fsm_msgs/share/fsm_msgs/hook/pythonpath.dsv'
[3.634s] INFO:colcon.colcon_core.shell:Creating environment hook '/ros2_ws/install/fsm_msgs/share/fsm_msgs/hook/pythonpath.sh'
[3.635s] Level 1:colcon.colcon_core.environment:checking '/ros2_ws/install/fsm_msgs/bin'
[3.637s] INFO:colcon.colcon_core.shell:Creating package script '/ros2_ws/install/fsm_msgs/share/fsm_msgs/package.ps1'
[3.639s] INFO:colcon.colcon_core.shell:Creating package descriptor '/ros2_ws/install/fsm_msgs/share/fsm_msgs/package.dsv'
[3.641s] INFO:colcon.colcon_core.shell:Creating package script '/ros2_ws/install/fsm_msgs/share/fsm_msgs/package.sh'
[3.643s] INFO:colcon.colcon_core.shell:Creating package script '/ros2_ws/install/fsm_msgs/share/fsm_msgs/package.bash'
[3.646s] INFO:colcon.colcon_core.shell:Creating package script '/ros2_ws/install/fsm_msgs/share/fsm_msgs/package.zsh'
[3.647s] Level 1:colcon.colcon_core.environment:create_file_with_runtime_dependencies(/ros2_ws/install/fsm_msgs/share/colcon-core/packages/fsm_msgs)
[4.213s] DEBUG:colcon.colcon_core.event_handler.log_command:Invoking command in '/ros2_ws/build/localization_msgs': CMAKE_PREFIX_PATH=/opt/ros/foxy /usr/bin/cmake --install /ros2_ws/build/localization_msgs
[4.392s] Level 1:colcon.colcon_core.environment:create_environment_scripts_only(common_msgs)
[4.394s] Level 1:colcon.colcon_core.environment:checking '/ros2_ws/install/common_msgs' for CMake module files
[4.398s] Level 1:colcon.colcon_core.environment:checking '/ros2_ws/install/common_msgs' for CMake config files
[4.402s] Level 1:colcon.colcon_core.shell:create_environment_hook('common_msgs', 'cmake_prefix_path')
[4.403s] INFO:colcon.colcon_core.shell:Creating environment hook '/ros2_ws/install/common_msgs/share/common_msgs/hook/cmake_prefix_path.ps1'
[4.405s] INFO:colcon.colcon_core.shell:Creating environment descriptor '/ros2_ws/install/common_msgs/share/common_msgs/hook/cmake_prefix_path.dsv'
[4.406s] INFO:colcon.colcon_core.shell:Creating environment hook '/ros2_ws/install/common_msgs/share/common_msgs/hook/cmake_prefix_path.sh'
[4.410s] Level 1:colcon.colcon_core.environment:checking '/ros2_ws/install/common_msgs/lib'
[4.410s] Level 1:colcon.colcon_core.shell:create_environment_hook('common_msgs', 'ld_library_path_lib')
[4.411s] INFO:colcon.colcon_core.shell:Creating environment hook '/ros2_ws/install/common_msgs/share/common_msgs/hook/ld_library_path_lib.ps1'
[4.412s] INFO:colcon.colcon_core.shell:Creating environment descriptor '/ros2_ws/install/common_msgs/share/common_msgs/hook/ld_library_path_lib.dsv'
[4.412s] INFO:colcon.colcon_core.shell:Creating environment hook '/ros2_ws/install/common_msgs/share/common_msgs/hook/ld_library_path_lib.sh'
[4.413s] Level 1:colcon.colcon_core.environment:checking '/ros2_ws/install/common_msgs/bin'
[4.413s] Level 1:colcon.colcon_core.environment:checking '/ros2_ws/install/common_msgs/lib/pkgconfig/common_msgs.pc'
[4.414s] Level 1:colcon.colcon_core.environment:checking '/ros2_ws/install/common_msgs/lib/python3.8/site-packages'
[4.414s] Level 1:colcon.colcon_core.shell:create_environment_hook('common_msgs', 'pythonpath')
[4.415s] INFO:colcon.colcon_core.shell:Creating environment hook '/ros2_ws/install/common_msgs/share/common_msgs/hook/pythonpath.ps1'
[4.417s] INFO:colcon.colcon_core.shell:Creating environment descriptor '/ros2_ws/install/common_msgs/share/common_msgs/hook/pythonpath.dsv'
[4.419s] INFO:colcon.colcon_core.shell:Creating environment hook '/ros2_ws/install/common_msgs/share/common_msgs/hook/pythonpath.sh'
[4.420s] Level 1:colcon.colcon_core.environment:checking '/ros2_ws/install/common_msgs/bin'
[4.421s] INFO:colcon.colcon_core.shell:Creating package script '/ros2_ws/install/common_msgs/share/common_msgs/package.ps1'
[4.423s] INFO:colcon.colcon_core.shell:Creating package descriptor '/ros2_ws/install/common_msgs/share/common_msgs/package.dsv'
[4.426s] INFO:colcon.colcon_core.shell:Creating package script '/ros2_ws/install/common_msgs/share/common_msgs/package.sh'
[4.428s] INFO:colcon.colcon_core.shell:Creating package script '/ros2_ws/install/common_msgs/share/common_msgs/package.bash'
[4.432s] INFO:colcon.colcon_core.shell:Creating package script '/ros2_ws/install/common_msgs/share/common_msgs/package.zsh'
[4.433s] Level 1:colcon.colcon_core.environment:create_file_with_runtime_dependencies(/ros2_ws/install/common_msgs/share/colcon-core/packages/common_msgs)
[4.469s] Level 1:colcon.colcon_core.environment:create_environment_scripts_only(localization_msgs)
[4.472s] Level 1:colcon.colcon_core.environment:checking '/ros2_ws/install/localization_msgs' for CMake module files
[4.473s] DEBUG:colcon.colcon_core.event_handler.log_command:Invoked command in '/ros2_ws/build/localization_msgs' returned '0': CMAKE_PREFIX_PATH=/opt/ros/foxy /usr/bin/cmake --install /ros2_ws/build/localization_msgs
[4.476s] Level 1:colcon.colcon_core.environment:checking '/ros2_ws/install/localization_msgs' for CMake config files
[4.484s] Level 1:colcon.colcon_core.shell:create_environment_hook('localization_msgs', 'cmake_prefix_path')
[4.485s] INFO:colcon.colcon_core.shell:Creating environment hook '/ros2_ws/install/localization_msgs/share/localization_msgs/hook/cmake_prefix_path.ps1'
[4.486s] INFO:colcon.colcon_core.shell:Creating environment descriptor '/ros2_ws/install/localization_msgs/share/localization_msgs/hook/cmake_prefix_path.dsv'
[4.486s] INFO:colcon.colcon_core.shell:Creating environment hook '/ros2_ws/install/localization_msgs/share/localization_msgs/hook/cmake_prefix_path.sh'
[4.487s] Level 1:colcon.colcon_core.environment:checking '/ros2_ws/install/localization_msgs/lib'
[4.487s] Level 1:colcon.colcon_core.shell:create_environment_hook('localization_msgs', 'ld_library_path_lib')
[4.488s] INFO:colcon.colcon_core.shell:Creating environment hook '/ros2_ws/install/localization_msgs/share/localization_msgs/hook/ld_library_path_lib.ps1'
[4.490s] INFO:colcon.colcon_core.shell:Creating environment descriptor '/ros2_ws/install/localization_msgs/share/localization_msgs/hook/ld_library_path_lib.dsv'
[4.492s] INFO:colcon.colcon_core.shell:Creating environment hook '/ros2_ws/install/localization_msgs/share/localization_msgs/hook/ld_library_path_lib.sh'
[4.492s] Level 1:colcon.colcon_core.environment:checking '/ros2_ws/install/localization_msgs/bin'
[4.492s] Level 1:colcon.colcon_core.environment:checking '/ros2_ws/install/localization_msgs/lib/pkgconfig/localization_msgs.pc'
[4.493s] Level 1:colcon.colcon_core.environment:checking '/ros2_ws/install/localization_msgs/lib/python3.8/site-packages'
[4.493s] Level 1:colcon.colcon_core.shell:create_environment_hook('localization_msgs', 'pythonpath')
[4.493s] INFO:colcon.colcon_core.shell:Creating environment hook '/ros2_ws/install/localization_msgs/share/localization_msgs/hook/pythonpath.ps1'
[4.497s] INFO:colcon.colcon_core.shell:Creating environment descriptor '/ros2_ws/install/localization_msgs/share/localization_msgs/hook/pythonpath.dsv'
[4.498s] INFO:colcon.colcon_core.shell:Creating environment hook '/ros2_ws/install/localization_msgs/share/localization_msgs/hook/pythonpath.sh'
[4.499s] Level 1:colcon.colcon_core.environment:checking '/ros2_ws/install/localization_msgs/bin'
[4.499s] INFO:colcon.colcon_core.shell:Creating package script '/ros2_ws/install/localization_msgs/share/localization_msgs/package.ps1'
[4.500s] INFO:colcon.colcon_core.shell:Creating package descriptor '/ros2_ws/install/localization_msgs/share/localization_msgs/package.dsv'
[4.504s] INFO:colcon.colcon_core.shell:Creating package script '/ros2_ws/install/localization_msgs/share/localization_msgs/package.sh'
[4.506s] INFO:colcon.colcon_core.shell:Creating package script '/ros2_ws/install/localization_msgs/share/localization_msgs/package.bash'
[4.508s] INFO:colcon.colcon_core.shell:Creating package script '/ros2_ws/install/localization_msgs/share/localization_msgs/package.zsh'
[4.509s] Level 1:colcon.colcon_core.environment:create_file_with_runtime_dependencies(/ros2_ws/install/localization_msgs/share/colcon-core/packages/localization_msgs)
[4.906s] Level 1:colcon.colcon_core.environment:create_environment_scripts_only(fsm_msgs)
[4.907s] Level 1:colcon.colcon_core.environment:checking '/ros2_ws/install/fsm_msgs' for CMake module files
[4.916s] Level 1:colcon.colcon_core.environment:checking '/ros2_ws/install/fsm_msgs' for CMake config files
[4.927s] Level 1:colcon.colcon_core.shell:create_environment_hook('fsm_msgs', 'cmake_prefix_path')
[4.928s] INFO:colcon.colcon_core.shell:Creating environment hook '/ros2_ws/install/fsm_msgs/share/fsm_msgs/hook/cmake_prefix_path.ps1'
[4.931s] INFO:colcon.colcon_core.shell:Creating environment descriptor '/ros2_ws/install/fsm_msgs/share/fsm_msgs/hook/cmake_prefix_path.dsv'
[4.931s] INFO:colcon.colcon_core.shell:Creating environment hook '/ros2_ws/install/fsm_msgs/share/fsm_msgs/hook/cmake_prefix_path.sh'
[4.932s] Level 1:colcon.colcon_core.environment:checking '/ros2_ws/install/fsm_msgs/lib'
[4.932s] Level 1:colcon.colcon_core.shell:create_environment_hook('fsm_msgs', 'ld_library_path_lib')
[4.933s] INFO:colcon.colcon_core.shell:Creating environment hook '/ros2_ws/install/fsm_msgs/share/fsm_msgs/hook/ld_library_path_lib.ps1'
[4.933s] INFO:colcon.colcon_core.shell:Creating environment descriptor '/ros2_ws/install/fsm_msgs/share/fsm_msgs/hook/ld_library_path_lib.dsv'
[4.934s] INFO:colcon.colcon_core.shell:Creating environment hook '/ros2_ws/install/fsm_msgs/share/fsm_msgs/hook/ld_library_path_lib.sh'
[4.934s] Level 1:colcon.colcon_core.environment:checking '/ros2_ws/install/fsm_msgs/bin'
[4.934s] Level 1:colcon.colcon_core.environment:checking '/ros2_ws/install/fsm_msgs/lib/pkgconfig/fsm_msgs.pc'
[4.934s] Level 1:colcon.colcon_core.environment:checking '/ros2_ws/install/fsm_msgs/lib/python3.8/site-packages'
[4.935s] Level 1:colcon.colcon_core.shell:create_environment_hook('fsm_msgs', 'pythonpath')
[4.935s] INFO:colcon.colcon_core.shell:Creating environment hook '/ros2_ws/install/fsm_msgs/share/fsm_msgs/hook/pythonpath.ps1'
[4.935s] INFO:colcon.colcon_core.shell:Creating environment descriptor '/ros2_ws/install/fsm_msgs/share/fsm_msgs/hook/pythonpath.dsv'
[4.936s] INFO:colcon.colcon_core.shell:Creating environment hook '/ros2_ws/install/fsm_msgs/share/fsm_msgs/hook/pythonpath.sh'
[4.936s] Level 1:colcon.colcon_core.environment:checking '/ros2_ws/install/fsm_msgs/bin'
[4.937s] INFO:colcon.colcon_core.shell:Creating package script '/ros2_ws/install/fsm_msgs/share/fsm_msgs/package.ps1'
[4.940s] INFO:colcon.colcon_core.shell:Creating package descriptor '/ros2_ws/install/fsm_msgs/share/fsm_msgs/package.dsv'
[4.941s] INFO:colcon.colcon_core.shell:Creating package script '/ros2_ws/install/fsm_msgs/share/fsm_msgs/package.sh'
[4.942s] INFO:colcon.colcon_core.shell:Creating package script '/ros2_ws/install/fsm_msgs/share/fsm_msgs/package.bash'
[4.943s] INFO:colcon.colcon_core.shell:Creating package script '/ros2_ws/install/fsm_msgs/share/fsm_msgs/package.zsh'
[4.945s] Level 1:colcon.colcon_core.environment:create_file_with_runtime_dependencies(/ros2_ws/install/fsm_msgs/share/colcon-core/packages/fsm_msgs)
[4.953s] DEBUG:colcon.colcon_core.event_handler.log_command:Invoking command in '/ros2_ws/build/planning_msgs': CMAKE_PREFIX_PATH=/opt/ros/foxy /usr/bin/cmake --install /ros2_ws/build/planning_msgs
[4.994s] DEBUG:colcon.colcon_core.event_handler.log_command:Invoking command in '/ros2_ws/build/perception_msgs': CMAKE_PREFIX_PATH=/opt/ros/foxy /usr/bin/cmake --install /ros2_ws/build/perception_msgs
[5.201s] Level 1:colcon.colcon_core.environment:create_environment_scripts_only(planning_msgs)
[5.205s] Level 1:colcon.colcon_core.environment:checking '/ros2_ws/install/planning_msgs' for CMake module files
[5.206s] DEBUG:colcon.colcon_core.event_handler.log_command:Invoked command in '/ros2_ws/build/planning_msgs' returned '0': CMAKE_PREFIX_PATH=/opt/ros/foxy /usr/bin/cmake --install /ros2_ws/build/planning_msgs
[5.210s] Level 1:colcon.colcon_core.environment:checking '/ros2_ws/install/planning_msgs' for CMake config files
[5.217s] Level 1:colcon.colcon_core.shell:create_environment_hook('planning_msgs', 'cmake_prefix_path')
[5.217s] INFO:colcon.colcon_core.shell:Creating environment hook '/ros2_ws/install/planning_msgs/share/planning_msgs/hook/cmake_prefix_path.ps1'
[5.220s] INFO:colcon.colcon_core.shell:Creating environment descriptor '/ros2_ws/install/planning_msgs/share/planning_msgs/hook/cmake_prefix_path.dsv'
[5.220s] INFO:colcon.colcon_core.shell:Creating environment hook '/ros2_ws/install/planning_msgs/share/planning_msgs/hook/cmake_prefix_path.sh'
[5.221s] Level 1:colcon.colcon_core.environment:checking '/ros2_ws/install/planning_msgs/lib'
[5.222s] Level 1:colcon.colcon_core.shell:create_environment_hook('planning_msgs', 'ld_library_path_lib')
[5.223s] INFO:colcon.colcon_core.shell:Creating environment hook '/ros2_ws/install/planning_msgs/share/planning_msgs/hook/ld_library_path_lib.ps1'
[5.224s] INFO:colcon.colcon_core.shell:Creating environment descriptor '/ros2_ws/install/planning_msgs/share/planning_msgs/hook/ld_library_path_lib.dsv'
[5.224s] INFO:colcon.colcon_core.shell:Creating environment hook '/ros2_ws/install/planning_msgs/share/planning_msgs/hook/ld_library_path_lib.sh'
[5.225s] Level 1:colcon.colcon_core.environment:checking '/ros2_ws/install/planning_msgs/bin'
[5.225s] Level 1:colcon.colcon_core.environment:checking '/ros2_ws/install/planning_msgs/lib/pkgconfig/planning_msgs.pc'
[5.226s] Level 1:colcon.colcon_core.environment:checking '/ros2_ws/install/planning_msgs/lib/python3.8/site-packages'
[5.226s] Level 1:colcon.colcon_core.shell:create_environment_hook('planning_msgs', 'pythonpath')
[5.227s] INFO:colcon.colcon_core.shell:Creating environment hook '/ros2_ws/install/planning_msgs/share/planning_msgs/hook/pythonpath.ps1'
[5.228s] INFO:colcon.colcon_core.shell:Creating environment descriptor '/ros2_ws/install/planning_msgs/share/planning_msgs/hook/pythonpath.dsv'
[5.229s] INFO:colcon.colcon_core.shell:Creating environment hook '/ros2_ws/install/planning_msgs/share/planning_msgs/hook/pythonpath.sh'
[5.229s] Level 1:colcon.colcon_core.environment:checking '/ros2_ws/install/planning_msgs/bin'
[5.230s] INFO:colcon.colcon_core.shell:Creating package script '/ros2_ws/install/planning_msgs/share/planning_msgs/package.ps1'
[5.231s] INFO:colcon.colcon_core.shell:Creating package descriptor '/ros2_ws/install/planning_msgs/share/planning_msgs/package.dsv'
[5.232s] INFO:colcon.colcon_core.shell:Creating package script '/ros2_ws/install/planning_msgs/share/planning_msgs/package.sh'
[5.233s] INFO:colcon.colcon_core.shell:Creating package script '/ros2_ws/install/planning_msgs/share/planning_msgs/package.bash'
[5.233s] INFO:colcon.colcon_core.shell:Creating package script '/ros2_ws/install/planning_msgs/share/planning_msgs/package.zsh'
[5.234s] Level 1:colcon.colcon_core.environment:create_file_with_runtime_dependencies(/ros2_ws/install/planning_msgs/share/colcon-core/packages/planning_msgs)
[5.254s] Level 1:colcon.colcon_core.environment:create_environment_scripts_only(perception_msgs)
[5.255s] Level 1:colcon.colcon_core.environment:checking '/ros2_ws/install/perception_msgs' for CMake module files
[5.255s] DEBUG:colcon.colcon_core.event_handler.log_command:Invoked command in '/ros2_ws/build/perception_msgs' returned '0': CMAKE_PREFIX_PATH=/opt/ros/foxy /usr/bin/cmake --install /ros2_ws/build/perception_msgs
[5.258s] Level 1:colcon.colcon_core.environment:checking '/ros2_ws/install/perception_msgs' for CMake config files
[5.261s] Level 1:colcon.colcon_core.shell:create_environment_hook('perception_msgs', 'cmake_prefix_path')
[5.263s] INFO:colcon.colcon_core.shell:Creating environment hook '/ros2_ws/install/perception_msgs/share/perception_msgs/hook/cmake_prefix_path.ps1'
[5.266s] INFO:colcon.colcon_core.shell:Creating environment descriptor '/ros2_ws/install/perception_msgs/share/perception_msgs/hook/cmake_prefix_path.dsv'
[5.266s] INFO:colcon.colcon_core.shell:Creating environment hook '/ros2_ws/install/perception_msgs/share/perception_msgs/hook/cmake_prefix_path.sh'
[5.269s] Level 1:colcon.colcon_core.environment:checking '/ros2_ws/install/perception_msgs/lib'
[5.269s] Level 1:colcon.colcon_core.shell:create_environment_hook('perception_msgs', 'ld_library_path_lib')
[5.270s] INFO:colcon.colcon_core.shell:Creating environment hook '/ros2_ws/install/perception_msgs/share/perception_msgs/hook/ld_library_path_lib.ps1'
[5.270s] INFO:colcon.colcon_core.shell:Creating environment descriptor '/ros2_ws/install/perception_msgs/share/perception_msgs/hook/ld_library_path_lib.dsv'
[5.271s] INFO:colcon.colcon_core.shell:Creating environment hook '/ros2_ws/install/perception_msgs/share/perception_msgs/hook/ld_library_path_lib.sh'
[5.271s] Level 1:colcon.colcon_core.environment:checking '/ros2_ws/install/perception_msgs/bin'
[5.271s] Level 1:colcon.colcon_core.environment:checking '/ros2_ws/install/perception_msgs/lib/pkgconfig/perception_msgs.pc'
[5.271s] Level 1:colcon.colcon_core.environment:checking '/ros2_ws/install/perception_msgs/lib/python3.8/site-packages'
[5.271s] Level 1:colcon.colcon_core.shell:create_environment_hook('perception_msgs', 'pythonpath')
[5.272s] INFO:colcon.colcon_core.shell:Creating environment hook '/ros2_ws/install/perception_msgs/share/perception_msgs/hook/pythonpath.ps1'
[5.272s] INFO:colcon.colcon_core.shell:Creating environment descriptor '/ros2_ws/install/perception_msgs/share/perception_msgs/hook/pythonpath.dsv'
[5.272s] INFO:colcon.colcon_core.shell:Creating environment hook '/ros2_ws/install/perception_msgs/share/perception_msgs/hook/pythonpath.sh'
[5.273s] Level 1:colcon.colcon_core.environment:checking '/ros2_ws/install/perception_msgs/bin'
[5.274s] INFO:colcon.colcon_core.shell:Creating package script '/ros2_ws/install/perception_msgs/share/perception_msgs/package.ps1'
[5.274s] INFO:colcon.colcon_core.shell:Creating package descriptor '/ros2_ws/install/perception_msgs/share/perception_msgs/package.dsv'
[5.275s] INFO:colcon.colcon_core.shell:Creating package script '/ros2_ws/install/perception_msgs/share/perception_msgs/package.sh'
[5.275s] INFO:colcon.colcon_core.shell:Creating package script '/ros2_ws/install/perception_msgs/share/perception_msgs/package.bash'
[5.275s] INFO:colcon.colcon_core.shell:Creating package script '/ros2_ws/install/perception_msgs/share/perception_msgs/package.zsh'
[5.276s] Level 1:colcon.colcon_core.environment:create_file_with_runtime_dependencies(/ros2_ws/install/perception_msgs/share/colcon-core/packages/perception_msgs)
[6.415s] Level 1:colcon.colcon_core.environment:create_environment_scripts_only(localization_msgs)
[6.417s] Level 1:colcon.colcon_core.environment:checking '/ros2_ws/install/localization_msgs' for CMake module files
[6.420s] Level 1:colcon.colcon_core.environment:checking '/ros2_ws/install/localization_msgs' for CMake config files
[6.423s] Level 1:colcon.colcon_core.shell:create_environment_hook('localization_msgs', 'cmake_prefix_path')
[6.424s] INFO:colcon.colcon_core.shell:Creating environment hook '/ros2_ws/install/localization_msgs/share/localization_msgs/hook/cmake_prefix_path.ps1'
[6.426s] INFO:colcon.colcon_core.shell:Creating environment descriptor '/ros2_ws/install/localization_msgs/share/localization_msgs/hook/cmake_prefix_path.dsv'
[6.429s] INFO:colcon.colcon_core.shell:Creating environment hook '/ros2_ws/install/localization_msgs/share/localization_msgs/hook/cmake_prefix_path.sh'
[6.430s] Level 1:colcon.colcon_core.environment:checking '/ros2_ws/install/localization_msgs/lib'
[6.430s] Level 1:colcon.colcon_core.shell:create_environment_hook('localization_msgs', 'ld_library_path_lib')
[6.431s] INFO:colcon.colcon_core.shell:Creating environment hook '/ros2_ws/install/localization_msgs/share/localization_msgs/hook/ld_library_path_lib.ps1'
[6.432s] INFO:colcon.colcon_core.shell:Creating environment descriptor '/ros2_ws/install/localization_msgs/share/localization_msgs/hook/ld_library_path_lib.dsv'
[6.433s] INFO:colcon.colcon_core.shell:Creating environment hook '/ros2_ws/install/localization_msgs/share/localization_msgs/hook/ld_library_path_lib.sh'
[6.435s] Level 1:colcon.colcon_core.environment:checking '/ros2_ws/install/localization_msgs/bin'
[6.436s] Level 1:colcon.colcon_core.environment:checking '/ros2_ws/install/localization_msgs/lib/pkgconfig/localization_msgs.pc'
[6.436s] Level 1:colcon.colcon_core.environment:checking '/ros2_ws/install/localization_msgs/lib/python3.8/site-packages'
[6.436s] Level 1:colcon.colcon_core.shell:create_environment_hook('localization_msgs', 'pythonpath')
[6.437s] INFO:colcon.colcon_core.shell:Creating environment hook '/ros2_ws/install/localization_msgs/share/localization_msgs/hook/pythonpath.ps1'
[6.438s] INFO:colcon.colcon_core.shell:Creating environment descriptor '/ros2_ws/install/localization_msgs/share/localization_msgs/hook/pythonpath.dsv'
[6.439s] INFO:colcon.colcon_core.shell:Creating environment hook '/ros2_ws/install/localization_msgs/share/localization_msgs/hook/pythonpath.sh'
[6.439s] Level 1:colcon.colcon_core.environment:checking '/ros2_ws/install/localization_msgs/bin'
[6.440s] INFO:colcon.colcon_core.shell:Creating package script '/ros2_ws/install/localization_msgs/share/localization_msgs/package.ps1'
[6.440s] INFO:colcon.colcon_core.shell:Creating package descriptor '/ros2_ws/install/localization_msgs/share/localization_msgs/package.dsv'
[6.441s] INFO:colcon.colcon_core.shell:Creating package script '/ros2_ws/install/localization_msgs/share/localization_msgs/package.sh'
[6.441s] INFO:colcon.colcon_core.shell:Creating package script '/ros2_ws/install/localization_msgs/share/localization_msgs/package.bash'
[6.441s] INFO:colcon.colcon_core.shell:Creating package script '/ros2_ws/install/localization_msgs/share/localization_msgs/package.zsh'
[6.442s] Level 1:colcon.colcon_core.environment:create_file_with_runtime_dependencies(/ros2_ws/install/localization_msgs/share/colcon-core/packages/localization_msgs)
[6.442s] INFO:colcon.colcon_ros.task.ament_python.build:Building ROS package in '/ros2_ws/src/localization' with build type 'ament_python'
[6.442s] Level 1:colcon.colcon_core.shell:create_environment_hook('localization', 'ament_prefix_path')
[6.443s] INFO:colcon.colcon_core.shell:Creating environment hook '/ros2_ws/install/localization/share/localization/hook/ament_prefix_path.ps1'
[6.446s] INFO:colcon.colcon_core.shell:Creating environment descriptor '/ros2_ws/install/localization/share/localization/hook/ament_prefix_path.dsv'
[6.448s] INFO:colcon.colcon_core.shell:Creating environment hook '/ros2_ws/install/localization/share/localization/hook/ament_prefix_path.sh'
[6.450s] INFO:colcon.colcon_core.shell:Skip shell extension 'powershell' for command environment: Not usable outside of PowerShell
[6.451s] DEBUG:colcon.colcon_core.shell:Skip shell extension 'dsv' for command environment
[6.691s] INFO:colcon.colcon_core.task.python.build:Building Python package in '/ros2_ws/src/localization'
[6.693s] INFO:colcon.colcon_core.shell:Skip shell extension 'powershell' for command environment: Not usable outside of PowerShell
[6.694s] DEBUG:colcon.colcon_core.shell:Skip shell extension 'dsv' for command environment
[7.041s] DEBUG:colcon.colcon_core.event_handler.log_command:Invoking command in '/ros2_ws/src/localization': AMENT_PREFIX_PATH=/ros2_ws/install/localization_msgs:${AMENT_PREFIX_PATH} CMAKE_PREFIX_PATH=/ros2_ws/install/localization_msgs LD_LIBRARY_PATH=/ros2_ws/install/localization_msgs/lib:${LD_LIBRARY_PATH} PYTHONPATH=/ros2_ws/build/localization/prefix_override:/ros2_ws/install/localization/lib/python3.8/site-packages:/ros2_ws/install/localization_msgs/lib/python3.8/site-packages:${PYTHONPATH} /usr/bin/python3 setup.py egg_info --egg-base ../../build/localization build --build-base /ros2_ws/build/localization/build install --record /ros2_ws/build/localization/install.log --single-version-externally-managed
[7.274s] Level 1:colcon.colcon_core.environment:checking '/ros2_ws/install/localization' for CMake module files
[7.275s] DEBUG:colcon.colcon_core.event_handler.log_command:Invoked command in '/ros2_ws/src/localization' returned '0': AMENT_PREFIX_PATH=/ros2_ws/install/localization_msgs:${AMENT_PREFIX_PATH} CMAKE_PREFIX_PATH=/ros2_ws/install/localization_msgs LD_LIBRARY_PATH=/ros2_ws/install/localization_msgs/lib:${LD_LIBRARY_PATH} PYTHONPATH=/ros2_ws/build/localization/prefix_override:/ros2_ws/install/localization/lib/python3.8/site-packages:/ros2_ws/install/localization_msgs/lib/python3.8/site-packages:${PYTHONPATH} /usr/bin/python3 setup.py egg_info --egg-base ../../build/localization build --build-base /ros2_ws/build/localization/build install --record /ros2_ws/build/localization/install.log --single-version-externally-managed
[7.276s] Level 1:colcon.colcon_core.environment:checking '/ros2_ws/install/localization' for CMake config files
[7.278s] Level 1:colcon.colcon_core.environment:checking '/ros2_ws/install/localization/lib'
[7.279s] Level 1:colcon.colcon_core.environment:checking '/ros2_ws/install/localization/bin'
[7.279s] Level 1:colcon.colcon_core.environment:checking '/ros2_ws/install/localization/lib/pkgconfig/localization.pc'
[7.280s] Level 1:colcon.colcon_core.environment:checking '/ros2_ws/install/localization/lib/python3.8/site-packages'
[7.281s] Level 1:colcon.colcon_core.shell:create_environment_hook('localization', 'pythonpath')
[7.284s] INFO:colcon.colcon_core.shell:Creating environment hook '/ros2_ws/install/localization/share/localization/hook/pythonpath.ps1'
[7.284s] INFO:colcon.colcon_core.shell:Creating environment descriptor '/ros2_ws/install/localization/share/localization/hook/pythonpath.dsv'
[7.284s] INFO:colcon.colcon_core.shell:Creating environment hook '/ros2_ws/install/localization/share/localization/hook/pythonpath.sh'
[7.285s] Level 1:colcon.colcon_core.environment:checking '/ros2_ws/install/localization/bin'
[7.285s] Level 1:colcon.colcon_core.environment:create_environment_scripts_only(localization)
[7.286s] INFO:colcon.colcon_core.shell:Creating package script '/ros2_ws/install/localization/share/localization/package.ps1'
[7.288s] INFO:colcon.colcon_core.shell:Creating package descriptor '/ros2_ws/install/localization/share/localization/package.dsv'
[7.289s] INFO:colcon.colcon_core.shell:Creating package script '/ros2_ws/install/localization/share/localization/package.sh'
[7.289s] INFO:colcon.colcon_core.shell:Creating package script '/ros2_ws/install/localization/share/localization/package.bash'
[7.289s] INFO:colcon.colcon_core.shell:Creating package script '/ros2_ws/install/localization/share/localization/package.zsh'
[7.290s] Level 1:colcon.colcon_core.environment:create_file_with_runtime_dependencies(/ros2_ws/install/localization/share/colcon-core/packages/localization)
[7.641s] Level 1:colcon.colcon_core.environment:create_environment_scripts_only(planning_msgs)
[7.642s] Level 1:colcon.colcon_core.environment:checking '/ros2_ws/install/planning_msgs' for CMake module files
[7.645s] Level 1:colcon.colcon_core.environment:checking '/ros2_ws/install/planning_msgs' for CMake config files
[7.648s] Level 1:colcon.colcon_core.shell:create_environment_hook('planning_msgs', 'cmake_prefix_path')
[7.648s] INFO:colcon.colcon_core.shell:Creating environment hook '/ros2_ws/install/planning_msgs/share/planning_msgs/hook/cmake_prefix_path.ps1'
[7.649s] INFO:colcon.colcon_core.shell:Creating environment descriptor '/ros2_ws/install/planning_msgs/share/planning_msgs/hook/cmake_prefix_path.dsv'
[7.650s] INFO:colcon.colcon_core.shell:Creating environment hook '/ros2_ws/install/planning_msgs/share/planning_msgs/hook/cmake_prefix_path.sh'
[7.650s] Level 1:colcon.colcon_core.environment:checking '/ros2_ws/install/planning_msgs/lib'
[7.651s] Level 1:colcon.colcon_core.shell:create_environment_hook('planning_msgs', 'ld_library_path_lib')
[7.651s] INFO:colcon.colcon_core.shell:Creating environment hook '/ros2_ws/install/planning_msgs/share/planning_msgs/hook/ld_library_path_lib.ps1'
[7.652s] INFO:colcon.colcon_core.shell:Creating environment descriptor '/ros2_ws/install/planning_msgs/share/planning_msgs/hook/ld_library_path_lib.dsv'
[7.652s] INFO:colcon.colcon_core.shell:Creating environment hook '/ros2_ws/install/planning_msgs/share/planning_msgs/hook/ld_library_path_lib.sh'
[7.652s] Level 1:colcon.colcon_core.environment:checking '/ros2_ws/install/planning_msgs/bin'
[7.653s] Level 1:colcon.colcon_core.environment:checking '/ros2_ws/install/planning_msgs/lib/pkgconfig/planning_msgs.pc'
[7.653s] Level 1:colcon.colcon_core.environment:checking '/ros2_ws/install/planning_msgs/lib/python3.8/site-packages'
[7.653s] Level 1:colcon.colcon_core.shell:create_environment_hook('planning_msgs', 'pythonpath')
[7.653s] INFO:colcon.colcon_core.shell:Creating environment hook '/ros2_ws/install/planning_msgs/share/planning_msgs/hook/pythonpath.ps1'
[7.654s] INFO:colcon.colcon_core.shell:Creating environment descriptor '/ros2_ws/install/planning_msgs/share/planning_msgs/hook/pythonpath.dsv'
[7.654s] INFO:colcon.colcon_core.shell:Creating environment hook '/ros2_ws/install/planning_msgs/share/planning_msgs/hook/pythonpath.sh'
[7.655s] Level 1:colcon.colcon_core.environment:checking '/ros2_ws/install/planning_msgs/bin'
[7.656s] INFO:colcon.colcon_core.shell:Creating package script '/ros2_ws/install/planning_msgs/share/planning_msgs/package.ps1'
[7.657s] INFO:colcon.colcon_core.shell:Creating package descriptor '/ros2_ws/install/planning_msgs/share/planning_msgs/package.dsv'
[7.657s] INFO:colcon.colcon_core.shell:Creating package script '/ros2_ws/install/planning_msgs/share/planning_msgs/package.sh'
[7.658s] INFO:colcon.colcon_core.shell:Creating package script '/ros2_ws/install/planning_msgs/share/planning_msgs/package.bash'
[7.658s] INFO:colcon.colcon_core.shell:Creating package script '/ros2_ws/install/planning_msgs/share/planning_msgs/package.zsh'
[7.658s] Level 1:colcon.colcon_core.environment:create_file_with_runtime_dependencies(/ros2_ws/install/planning_msgs/share/colcon-core/packages/planning_msgs)
[7.659s] INFO:colcon.colcon_ros.task.ament_python.build:Building ROS package in '/ros2_ws/src/controller' with build type 'ament_python'
[7.659s] Level 1:colcon.colcon_core.shell:create_environment_hook('cengaver_controller', 'ament_prefix_path')
[7.660s] INFO:colcon.colcon_core.shell:Creating environment hook '/ros2_ws/install/cengaver_controller/share/cengaver_controller/hook/ament_prefix_path.ps1'
[7.661s] INFO:colcon.colcon_core.shell:Creating environment descriptor '/ros2_ws/install/cengaver_controller/share/cengaver_controller/hook/ament_prefix_path.dsv'
[7.661s] INFO:colcon.colcon_core.shell:Creating environment hook '/ros2_ws/install/cengaver_controller/share/cengaver_controller/hook/ament_prefix_path.sh'
[7.662s] INFO:colcon.colcon_core.shell:Skip shell extension 'powershell' for command environment: Not usable outside of PowerShell
[7.662s] DEBUG:colcon.colcon_core.shell:Skip shell extension 'dsv' for command environment
[7.691s] Level 1:colcon.colcon_core.environment:create_environment_scripts_only(perception_msgs)
[7.692s] Level 1:colcon.colcon_core.environment:checking '/ros2_ws/install/perception_msgs' for CMake module files
[7.695s] Level 1:colcon.colcon_core.environment:checking '/ros2_ws/install/perception_msgs' for CMake config files
[7.699s] Level 1:colcon.colcon_core.shell:create_environment_hook('perception_msgs', 'cmake_prefix_path')
[7.700s] INFO:colcon.colcon_core.shell:Creating environment hook '/ros2_ws/install/perception_msgs/share/perception_msgs/hook/cmake_prefix_path.ps1'
[7.701s] INFO:colcon.colcon_core.shell:Creating environment descriptor '/ros2_ws/install/perception_msgs/share/perception_msgs/hook/cmake_prefix_path.dsv'
[7.702s] INFO:colcon.colcon_core.shell:Creating environment hook '/ros2_ws/install/perception_msgs/share/perception_msgs/hook/cmake_prefix_path.sh'
[7.703s] Level 1:colcon.colcon_core.environment:checking '/ros2_ws/install/perception_msgs/lib'
[7.703s] Level 1:colcon.colcon_core.shell:create_environment_hook('perception_msgs', 'ld_library_path_lib')
[7.703s] INFO:colcon.colcon_core.shell:Creating environment hook '/ros2_ws/install/perception_msgs/share/perception_msgs/hook/ld_library_path_lib.ps1'
[7.704s] INFO:colcon.colcon_core.shell:Creating environment descriptor '/ros2_ws/install/perception_msgs/share/perception_msgs/hook/ld_library_path_lib.dsv'
[7.704s] INFO:colcon.colcon_core.shell:Creating environment hook '/ros2_ws/install/perception_msgs/share/perception_msgs/hook/ld_library_path_lib.sh'
[7.704s] Level 1:colcon.colcon_core.environment:checking '/ros2_ws/install/perception_msgs/bin'
[7.705s] Level 1:colcon.colcon_core.environment:checking '/ros2_ws/install/perception_msgs/lib/pkgconfig/perception_msgs.pc'
[7.705s] Level 1:colcon.colcon_core.environment:checking '/ros2_ws/install/perception_msgs/lib/python3.8/site-packages'
[7.705s] Level 1:colcon.colcon_core.shell:create_environment_hook('perception_msgs', 'pythonpath')
[7.705s] INFO:colcon.colcon_core.shell:Creating environment hook '/ros2_ws/install/perception_msgs/share/perception_msgs/hook/pythonpath.ps1'
[7.706s] INFO:colcon.colcon_core.shell:Creating environment descriptor '/ros2_ws/install/perception_msgs/share/perception_msgs/hook/pythonpath.dsv'
[7.707s] INFO:colcon.colcon_core.shell:Creating environment hook '/ros2_ws/install/perception_msgs/share/perception_msgs/hook/pythonpath.sh'
[7.707s] Level 1:colcon.colcon_core.environment:checking '/ros2_ws/install/perception_msgs/bin'
[7.708s] INFO:colcon.colcon_core.shell:Creating package script '/ros2_ws/install/perception_msgs/share/perception_msgs/package.ps1'
[7.708s] INFO:colcon.colcon_core.shell:Creating package descriptor '/ros2_ws/install/perception_msgs/share/perception_msgs/package.dsv'
[7.709s] INFO:colcon.colcon_core.shell:Creating package script '/ros2_ws/install/perception_msgs/share/perception_msgs/package.sh'
[7.710s] INFO:colcon.colcon_core.shell:Creating package script '/ros2_ws/install/perception_msgs/share/perception_msgs/package.bash'
[7.710s] INFO:colcon.colcon_core.shell:Creating package script '/ros2_ws/install/perception_msgs/share/perception_msgs/package.zsh'
[7.711s] Level 1:colcon.colcon_core.environment:create_file_with_runtime_dependencies(/ros2_ws/install/perception_msgs/share/colcon-core/packages/perception_msgs)
[7.711s] INFO:colcon.colcon_ros.task.ament_python.build:Building ROS package in '/ros2_ws/src/fsm' with build type 'ament_python'
[7.711s] Level 1:colcon.colcon_core.shell:create_environment_hook('fsm', 'ament_prefix_path')
[7.712s] INFO:colcon.colcon_core.shell:Creating environment hook '/ros2_ws/install/fsm/share/fsm/hook/ament_prefix_path.ps1'
[7.714s] INFO:colcon.colcon_core.shell:Creating environment descriptor '/ros2_ws/install/fsm/share/fsm/hook/ament_prefix_path.dsv'
[7.715s] INFO:colcon.colcon_core.shell:Creating environment hook '/ros2_ws/install/fsm/share/fsm/hook/ament_prefix_path.sh'
[7.716s] INFO:colcon.colcon_core.shell:Skip shell extension 'powershell' for command environment: Not usable outside of PowerShell
[7.716s] DEBUG:colcon.colcon_core.shell:Skip shell extension 'dsv' for command environment
[7.722s] INFO:colcon.colcon_ros.task.ament_python.build:Building ROS package in '/ros2_ws/src/perception' with build type 'ament_python'
[7.724s] Level 1:colcon.colcon_core.shell:create_environment_hook('perception', 'ament_prefix_path')
[7.727s] INFO:colcon.colcon_core.shell:Creating environment hook '/ros2_ws/install/perception/share/perception/hook/ament_prefix_path.ps1'
[7.727s] INFO:colcon.colcon_core.shell:Creating environment descriptor '/ros2_ws/install/perception/share/perception/hook/ament_prefix_path.dsv'
[7.727s] INFO:colcon.colcon_core.shell:Creating environment hook '/ros2_ws/install/perception/share/perception/hook/ament_prefix_path.sh'
[7.729s] INFO:colcon.colcon_core.shell:Skip shell extension 'powershell' for command environment: Not usable outside of PowerShell
[7.729s] DEBUG:colcon.colcon_core.shell:Skip shell extension 'dsv' for command environment
[7.734s] INFO:colcon.colcon_ros.task.ament_python.build:Building ROS package in '/ros2_ws/src/planning' with build type 'ament_python'
[7.734s] Level 1:colcon.colcon_core.shell:create_environment_hook('planning', 'ament_prefix_path')
[7.735s] INFO:colcon.colcon_core.shell:Creating environment hook '/ros2_ws/install/planning/share/planning/hook/ament_prefix_path.ps1'
[7.736s] INFO:colcon.colcon_core.shell:Creating environment descriptor '/ros2_ws/install/planning/share/planning/hook/ament_prefix_path.dsv'
[7.737s] INFO:colcon.colcon_core.shell:Creating environment hook '/ros2_ws/install/planning/share/planning/hook/ament_prefix_path.sh'
[7.739s] INFO:colcon.colcon_core.shell:Skip shell extension 'powershell' for command environment: Not usable outside of PowerShell
[7.740s] DEBUG:colcon.colcon_core.shell:Skip shell extension 'dsv' for command environment
[7.930s] INFO:colcon.colcon_core.task.python.build:Building Python package in '/ros2_ws/src/controller'
[7.931s] INFO:colcon.colcon_core.shell:Skip shell extension 'powershell' for command environment: Not usable outside of PowerShell
[7.931s] DEBUG:colcon.colcon_core.shell:Skip shell extension 'dsv' for command environment
[8.112s] INFO:colcon.colcon_core.task.python.build:Building Python package in '/ros2_ws/src/perception'
[8.113s] INFO:colcon.colcon_core.shell:Skip shell extension 'powershell' for command environment: Not usable outside of PowerShell
[8.113s] DEBUG:colcon.colcon_core.shell:Skip shell extension 'dsv' for command environment
[8.295s] INFO:colcon.colcon_core.task.python.build:Building Python package in '/ros2_ws/src/fsm'
[8.296s] INFO:colcon.colcon_core.shell:Skip shell extension 'powershell' for command environment: Not usable outside of PowerShell
[8.296s] DEBUG:colcon.colcon_core.shell:Skip shell extension 'dsv' for command environment
[8.484s] INFO:colcon.colcon_core.task.python.build:Building Python package in '/ros2_ws/src/planning'
[8.485s] INFO:colcon.colcon_core.shell:Skip shell extension 'powershell' for command environment: Not usable outside of PowerShell
[8.485s] DEBUG:colcon.colcon_core.shell:Skip shell extension 'dsv' for command environment
[8.791s] DEBUG:colcon.colcon_core.event_handler.log_command:Invoking command in '/ros2_ws/src/controller': AMENT_PREFIX_PATH=/ros2_ws/install/planning_msgs:/ros2_ws/install/fsm_msgs:/ros2_ws/install/common_msgs:${AMENT_PREFIX_PATH} CMAKE_PREFIX_PATH=/ros2_ws/install/planning_msgs:/ros2_ws/install/fsm_msgs:/ros2_ws/install/common_msgs LD_LIBRARY_PATH=/ros2_ws/install/planning_msgs/lib:/ros2_ws/install/fsm_msgs/lib:/ros2_ws/install/common_msgs/lib:${LD_LIBRARY_PATH} PYTHONPATH=/ros2_ws/build/cengaver_controller/prefix_override:/ros2_ws/install/cengaver_controller/lib/python3.8/site-packages:/ros2_ws/install/planning_msgs/lib/python3.8/site-packages:/ros2_ws/install/fsm_msgs/lib/python3.8/site-packages:/ros2_ws/install/common_msgs/lib/python3.8/site-packages:${PYTHONPATH} /usr/bin/python3 setup.py egg_info --egg-base ../../build/cengaver_controller build --build-base /ros2_ws/build/cengaver_controller/build install --record /ros2_ws/build/cengaver_controller/install.log --single-version-externally-managed
[8.811s] DEBUG:colcon.colcon_core.event_handler.log_command:Invoking command in '/ros2_ws/src/perception': AMENT_PREFIX_PATH=/ros2_ws/install/planning_msgs:/ros2_ws/install/perception_msgs:${AMENT_PREFIX_PATH} CMAKE_PREFIX_PATH=/ros2_ws/install/planning_msgs:/ros2_ws/install/perception_msgs LD_LIBRARY_PATH=/ros2_ws/install/planning_msgs/lib:/ros2_ws/install/perception_msgs/lib:${LD_LIBRARY_PATH} PYTHONPATH=/ros2_ws/build/perception/prefix_override:/ros2_ws/install/perception/lib/python3.8/site-packages:/ros2_ws/install/planning_msgs/lib/python3.8/site-packages:/ros2_ws/install/perception_msgs/lib/python3.8/site-packages:${PYTHONPATH} /usr/bin/python3 setup.py egg_info --egg-base ../../build/perception build --build-base /ros2_ws/build/perception/build install --record /ros2_ws/build/perception/install.log --single-version-externally-managed
[8.814s] DEBUG:colcon.colcon_core.event_handler.log_command:Invoking command in '/ros2_ws/src/fsm': AMENT_PREFIX_PATH=/ros2_ws/install/planning_msgs:/ros2_ws/install/perception_msgs:/ros2_ws/install/localization_msgs:/ros2_ws/install/fsm_msgs:/ros2_ws/install/common_msgs:${AMENT_PREFIX_PATH} CMAKE_PREFIX_PATH=/ros2_ws/install/planning_msgs:/ros2_ws/install/perception_msgs:/ros2_ws/install/localization_msgs:/ros2_ws/install/fsm_msgs:/ros2_ws/install/common_msgs LD_LIBRARY_PATH=/ros2_ws/install/planning_msgs/lib:/ros2_ws/install/perception_msgs/lib:/ros2_ws/install/localization_msgs/lib:/ros2_ws/install/fsm_msgs/lib:/ros2_ws/install/common_msgs/lib:${LD_LIBRARY_PATH} PYTHONPATH=/ros2_ws/build/fsm/prefix_override:/ros2_ws/install/fsm/lib/python3.8/site-packages:/ros2_ws/install/planning_msgs/lib/python3.8/site-packages:/ros2_ws/install/perception_msgs/lib/python3.8/site-packages:/ros2_ws/install/localization_msgs/lib/python3.8/site-packages:/ros2_ws/install/fsm_msgs/lib/python3.8/site-packages:/ros2_ws/install/common_msgs/lib/python3.8/site-packages:${PYTHONPATH} /usr/bin/python3 setup.py egg_info --egg-base ../../build/fsm build --build-base /ros2_ws/build/fsm/build install --record /ros2_ws/build/fsm/install.log --single-version-externally-managed
[8.910s] DEBUG:colcon.colcon_core.event_handler.log_command:Invoking command in '/ros2_ws/src/planning': AMENT_PREFIX_PATH=/ros2_ws/install/planning_msgs:/ros2_ws/install/perception_msgs:/ros2_ws/install/localization_msgs:/ros2_ws/install/fsm_msgs:/ros2_ws/install/common_msgs:${AMENT_PREFIX_PATH} CMAKE_PREFIX_PATH=/ros2_ws/install/planning_msgs:/ros2_ws/install/perception_msgs:/ros2_ws/install/localization_msgs:/ros2_ws/install/fsm_msgs:/ros2_ws/install/common_msgs LD_LIBRARY_PATH=/ros2_ws/install/planning_msgs/lib:/ros2_ws/install/perception_msgs/lib:/ros2_ws/install/localization_msgs/lib:/ros2_ws/install/fsm_msgs/lib:/ros2_ws/install/common_msgs/lib:${LD_LIBRARY_PATH} PYTHONPATH=/ros2_ws/build/planning/prefix_override:/ros2_ws/install/planning/lib/python3.8/site-packages:/ros2_ws/install/planning_msgs/lib/python3.8/site-packages:/ros2_ws/install/perception_msgs/lib/python3.8/site-packages:/ros2_ws/install/localization_msgs/lib/python3.8/site-packages:/ros2_ws/install/fsm_msgs/lib/python3.8/site-packages:/ros2_ws/install/common_msgs/lib/python3.8/site-packages:${PYTHONPATH} /usr/bin/python3 setup.py egg_info --egg-base ../../build/planning build --build-base /ros2_ws/build/planning/build install --record /ros2_ws/build/planning/install.log --single-version-externally-managed
[9.036s] DEBUG:colcon.colcon_core.event_handler.log_command:Invoked command in '/ros2_ws/src/controller' returned '1': AMENT_PREFIX_PATH=/ros2_ws/install/planning_msgs:/ros2_ws/install/fsm_msgs:/ros2_ws/install/common_msgs:${AMENT_PREFIX_PATH} CMAKE_PREFIX_PATH=/ros2_ws/install/planning_msgs:/ros2_ws/install/fsm_msgs:/ros2_ws/install/common_msgs LD_LIBRARY_PATH=/ros2_ws/install/planning_msgs/lib:/ros2_ws/install/fsm_msgs/lib:/ros2_ws/install/common_msgs/lib:${LD_LIBRARY_PATH} PYTHONPATH=/ros2_ws/build/cengaver_controller/prefix_override:/ros2_ws/install/cengaver_controller/lib/python3.8/site-packages:/ros2_ws/install/planning_msgs/lib/python3.8/site-packages:/ros2_ws/install/fsm_msgs/lib/python3.8/site-packages:/ros2_ws/install/common_msgs/lib/python3.8/site-packages:${PYTHONPATH} /usr/bin/python3 setup.py egg_info --egg-base ../../build/cengaver_controller build --build-base /ros2_ws/build/cengaver_controller/build install --record /ros2_ws/build/cengaver_controller/install.log --single-version-externally-managed
[9.171s] DEBUG:colcon.colcon_parallel_executor.executor.parallel:closing loop
[9.171s] DEBUG:colcon.colcon_parallel_executor.executor.parallel:loop closed
[9.172s] DEBUG:colcon.colcon_parallel_executor.executor.parallel:run_until_complete finished with '1'
[9.172s] DEBUG:colcon.colcon_core.event_reactor:joining thread
[9.176s] INFO:colcon.colcon_core.plugin_system:Skipping extension 'colcon_notification.desktop_notification.notify_send': Could not find 'notify-send'
[9.176s] INFO:colcon.colcon_core.plugin_system:Skipping extension 'colcon_notification.desktop_notification.terminal_notifier': Not used on non-Darwin systems
[9.177s] INFO:colcon.colcon_core.plugin_system:Skipping extension 'colcon_notification.desktop_notification.win32': Not used on non-Windows systems
[9.177s] INFO:colcon.colcon_notification.desktop_notification:Sending desktop notification using 'notify2'
[9.177s] DEBUG:colcon.colcon_notification.desktop_notification.notify2:Failed to initialize notify2: org.freedesktop.DBus.Error.NotSupported: Unable to autolaunch a dbus-daemon without a $DISPLAY for X11
[9.178s] DEBUG:colcon.colcon_core.event_reactor:joined thread
[9.178s] INFO:colcon.colcon_core.shell:Creating prefix script '/ros2_ws/install/local_setup.ps1'
[9.179s] INFO:colcon.colcon_core.shell:Creating prefix util module '/ros2_ws/install/_local_setup_util_ps1.py'
[9.180s] INFO:colcon.colcon_core.shell:Creating prefix chain script '/ros2_ws/install/setup.ps1'
[9.181s] INFO:colcon.colcon_core.shell:Creating prefix script '/ros2_ws/install/local_setup.sh'
[9.182s] INFO:colcon.colcon_core.shell:Creating prefix util module '/ros2_ws/install/_local_setup_util_sh.py'
[9.182s] INFO:colcon.colcon_core.shell:Creating prefix chain script '/ros2_ws/install/setup.sh'
[9.183s] INFO:colcon.colcon_core.shell:Creating prefix script '/ros2_ws/install/local_setup.bash'
[9.184s] INFO:colcon.colcon_core.shell:Creating prefix chain script '/ros2_ws/install/setup.bash'
[9.184s] INFO:colcon.colcon_core.shell:Creating prefix script '/ros2_ws/install/local_setup.zsh'
[9.185s] INFO:colcon.colcon_core.shell:Creating prefix chain script '/ros2_ws/install/setup.zsh'
