[1.291s] Invoking command in '/ros2_ws/src/perception': PYTHONPATH=/ros2_ws/build/perception/prefix_override:/ros2_ws/install/perception/lib/python3.8/site-packages:/ros2_ws/install/planning_msgs/lib/python3.8/site-packages:/ros2_ws/install/perception_msgs/lib/python3.8/site-packages:/ros2_ws/install/planning/lib/python3.8/site-packages:/ros2_ws/install/perception/lib/python3.8/site-packages:/ros2_ws/install/fsm/lib/python3.8/site-packages:/ros2_ws/install/cengaver_controller/lib/python3.8/site-packages:/ros2_ws/install/localization/lib/python3.8/site-packages:/ros2_ws/install/localization_msgs/lib/python3.8/site-packages:/ros2_ws/install/fsm_msgs/lib/python3.8/site-packages:/ros2_ws/install/common_msgs/lib/python3.8/site-packages:/opt/ros/foxy/lib/python3.8/site-packages /usr/bin/python3 setup.py egg_info --egg-base ../../build/perception build --build-base /ros2_ws/build/perception/build install --record /ros2_ws/build/perception/install.log --single-version-externally-managed
[1.512s] running egg_info
[1.513s] writing ../../build/perception/perception.egg-info/PKG-INFO
[1.514s] writing dependency_links to ../../build/perception/perception.egg-info/dependency_links.txt
[1.514s] writing entry points to ../../build/perception/perception.egg-info/entry_points.txt
[1.515s] writing requirements to ../../build/perception/perception.egg-info/requires.txt
[1.515s] writing top-level names to ../../build/perception/perception.egg-info/top_level.txt
[1.549s] reading manifest file '../../build/perception/perception.egg-info/SOURCES.txt'
[1.552s] writing manifest file '../../build/perception/perception.egg-info/SOURCES.txt'
[1.553s] running build
[1.553s] running build_py
[1.554s] copying perception/route_context_utils.py -> /ros2_ws/build/perception/build/lib/perception
[1.561s] copying perception/temporal_filter.py -> /ros2_ws/build/perception/build/lib/perception
[1.563s] copying perception/colour_classifier.py -> /ros2_ws/build/perception/build/lib/perception
[1.565s] running install
[1.566s] running install_lib
[1.569s] copying /ros2_ws/build/perception/build/lib/perception/route_context_utils.py -> /ros2_ws/install/perception/lib/python3.8/site-packages/perception
[1.573s] copying /ros2_ws/build/perception/build/lib/perception/temporal_filter.py -> /ros2_ws/install/perception/lib/python3.8/site-packages/perception
[1.574s] copying /ros2_ws/build/perception/build/lib/perception/colour_classifier.py -> /ros2_ws/install/perception/lib/python3.8/site-packages/perception
[1.577s] byte-compiling /ros2_ws/install/perception/lib/python3.8/site-packages/perception/route_context_utils.py to route_context_utils.cpython-38.pyc
[1.592s] byte-compiling /ros2_ws/install/perception/lib/python3.8/site-packages/perception/temporal_filter.py to temporal_filter.cpython-38.pyc
[1.595s] byte-compiling /ros2_ws/install/perception/lib/python3.8/site-packages/perception/colour_classifier.py to colour_classifier.cpython-38.pyc
[1.597s] running install_data
[1.597s] running install_egg_info
[1.598s] removing '/ros2_ws/install/perception/lib/python3.8/site-packages/perception-0.1.0-py3.8.egg-info' (and everything under it)
[1.599s] Copying ../../build/perception/perception.egg-info to /ros2_ws/install/perception/lib/python3.8/site-packages/perception-0.1.0-py3.8.egg-info
[1.609s] running install_scripts
[1.623s] Installing dummy_perception_publishers script to /ros2_ws/install/perception/lib/perception
[1.624s] Installing fake_image_pub script to /ros2_ws/install/perception/lib/perception
[1.625s] Installing fake_lane_image_pub script to /ros2_ws/install/perception/lib/perception
[1.626s] Installing fake_pointcloud_pub script to /ros2_ws/install/perception/lib/perception
[1.627s] Installing fake_route_context_pub script to /ros2_ws/install/perception/lib/perception
[1.628s] Installing fake_traffic_light_state_pub script to /ros2_ws/install/perception/lib/perception
[1.628s] Installing junction_node script to /ros2_ws/install/perception/lib/perception
[1.628s] Installing lane_node script to /ros2_ws/install/perception/lib/perception
[1.629s] Installing lidar_obstacle_node script to /ros2_ws/install/perception/lib/perception
[1.629s] Installing perception_diagnostics_node script to /ros2_ws/install/perception/lib/perception
[1.630s] Installing stop_target_node script to /ros2_ws/install/perception/lib/perception
[1.630s] Installing traffic_light_node script to /ros2_ws/install/perception/lib/perception
[1.630s] Installing traffic_sign_node script to /ros2_ws/install/perception/lib/perception
[1.635s] writing list of installed files to '/ros2_ws/build/perception/install.log'
[1.653s] Invoked command in '/ros2_ws/src/perception' returned '0': PYTHONPATH=/ros2_ws/build/perception/prefix_override:/ros2_ws/install/perception/lib/python3.8/site-packages:/ros2_ws/install/planning_msgs/lib/python3.8/site-packages:/ros2_ws/install/perception_msgs/lib/python3.8/site-packages:/ros2_ws/install/planning/lib/python3.8/site-packages:/ros2_ws/install/perception/lib/python3.8/site-packages:/ros2_ws/install/fsm/lib/python3.8/site-packages:/ros2_ws/install/cengaver_controller/lib/python3.8/site-packages:/ros2_ws/install/localization/lib/python3.8/site-packages:/ros2_ws/install/localization_msgs/lib/python3.8/site-packages:/ros2_ws/install/fsm_msgs/lib/python3.8/site-packages:/ros2_ws/install/common_msgs/lib/python3.8/site-packages:/opt/ros/foxy/lib/python3.8/site-packages /usr/bin/python3 setup.py egg_info --egg-base ../../build/perception build --build-base /ros2_ws/build/perception/build install --record /ros2_ws/build/perception/install.log --single-version-externally-managed
