[1.299s] Invoking command in '/ros2_ws/src/fsm': PYTHONPATH=/ros2_ws/build/fsm/prefix_override:/ros2_ws/install/fsm/lib/python3.8/site-packages:/ros2_ws/install/planning_msgs/lib/python3.8/site-packages:/ros2_ws/install/perception_msgs/lib/python3.8/site-packages:/ros2_ws/install/localization_msgs/lib/python3.8/site-packages:/ros2_ws/install/fsm_msgs/lib/python3.8/site-packages:/ros2_ws/install/common_msgs/lib/python3.8/site-packages:/ros2_ws/install/planning/lib/python3.8/site-packages:/ros2_ws/install/perception/lib/python3.8/site-packages:/ros2_ws/install/fsm/lib/python3.8/site-packages:/ros2_ws/install/cengaver_controller/lib/python3.8/site-packages:/ros2_ws/install/localization/lib/python3.8/site-packages:/opt/ros/foxy/lib/python3.8/site-packages /usr/bin/python3 setup.py egg_info --egg-base ../../build/fsm build --build-base /ros2_ws/build/fsm/build install --record /ros2_ws/build/fsm/install.log --single-version-externally-managed
[1.507s] running egg_info
[1.508s] writing ../../build/fsm/fsm.egg-info/PKG-INFO
[1.509s] writing dependency_links to ../../build/fsm/fsm.egg-info/dependency_links.txt
[1.511s] writing entry points to ../../build/fsm/fsm.egg-info/entry_points.txt
[1.511s] writing requirements to ../../build/fsm/fsm.egg-info/requires.txt
[1.515s] writing top-level names to ../../build/fsm/fsm.egg-info/top_level.txt
[1.536s] reading manifest file '../../build/fsm/fsm.egg-info/SOURCES.txt'
[1.541s] writing manifest file '../../build/fsm/fsm.egg-info/SOURCES.txt'
[1.541s] running build
[1.541s] running build_py
[1.543s] running install
[1.544s] running install_lib
[1.546s] running install_data
[1.547s] running install_egg_info
[1.548s] removing '/ros2_ws/install/fsm/lib/python3.8/site-packages/fsm-1.0.0-py3.8.egg-info' (and everything under it)
[1.549s] Copying ../../build/fsm/fsm.egg-info to /ros2_ws/install/fsm/lib/python3.8/site-packages/fsm-1.0.0-py3.8.egg-info
[1.559s] running install_scripts
[1.573s] Installing fsm_node script to /ros2_ws/install/fsm/bin
[1.575s] writing list of installed files to '/ros2_ws/build/fsm/install.log'
[1.599s] Invoked command in '/ros2_ws/src/fsm' returned '0': PYTHONPATH=/ros2_ws/build/fsm/prefix_override:/ros2_ws/install/fsm/lib/python3.8/site-packages:/ros2_ws/install/planning_msgs/lib/python3.8/site-packages:/ros2_ws/install/perception_msgs/lib/python3.8/site-packages:/ros2_ws/install/localization_msgs/lib/python3.8/site-packages:/ros2_ws/install/fsm_msgs/lib/python3.8/site-packages:/ros2_ws/install/common_msgs/lib/python3.8/site-packages:/ros2_ws/install/planning/lib/python3.8/site-packages:/ros2_ws/install/perception/lib/python3.8/site-packages:/ros2_ws/install/fsm/lib/python3.8/site-packages:/ros2_ws/install/cengaver_controller/lib/python3.8/site-packages:/ros2_ws/install/localization/lib/python3.8/site-packages:/opt/ros/foxy/lib/python3.8/site-packages /usr/bin/python3 setup.py egg_info --egg-base ../../build/fsm build --build-base /ros2_ws/build/fsm/build install --record /ros2_ws/build/fsm/install.log --single-version-externally-managed
