running egg_info
writing ../../build/localization/localization.egg-info/PKG-INFO
writing dependency_links to ../../build/localization/localization.egg-info/dependency_links.txt
writing entry points to ../../build/localization/localization.egg-info/entry_points.txt
writing requirements to ../../build/localization/localization.egg-info/requires.txt
writing top-level names to ../../build/localization/localization.egg-info/top_level.txt
reading manifest file '../../build/localization/localization.egg-info/SOURCES.txt'
writing manifest file '../../build/localization/localization.egg-info/SOURCES.txt'
running build
running build_py
copying localization/global_localization_node.py -> /ros2_ws/build/localization/build/lib/localization
running install
running install_lib
copying /ros2_ws/build/localization/build/lib/localization/global_localization_node.py -> /ros2_ws/install/localization/lib/python3.8/site-packages/localization
byte-compiling /ros2_ws/install/localization/lib/python3.8/site-packages/localization/global_localization_node.py to global_localization_node.cpython-38.pyc
running install_data
running install_egg_info
removing '/ros2_ws/install/localization/lib/python3.8/site-packages/localization-0.0.1-py3.8.egg-info' (and everything under it)
Copying ../../build/localization/localization.egg-info to /ros2_ws/install/localization/lib/python3.8/site-packages/localization-0.0.1-py3.8.egg-info
running install_scripts
Installing global_localization_node script to /ros2_ws/install/localization/lib/localization
Installing local_ekf_node script to /ros2_ws/install/localization/lib/localization
Installing localization_diagnostics_node script to /ros2_ws/install/localization/lib/localization
Installing map_origin_node script to /ros2_ws/install/localization/lib/localization
Installing raw_gps_node script to /ros2_ws/install/localization/lib/localization
writing list of installed files to '/ros2_ws/build/localization/install.log'
