[1.375s] Invoking command in '/ros2_ws/src/perception': AMENT_PREFIX_PATH=/ros2_ws/install/planning_msgs:/ros2_ws/install/perception_msgs:${AMENT_PREFIX_PATH} CMAKE_PREFIX_PATH=/ros2_ws/install/planning_msgs:/ros2_ws/install/perception_msgs LD_LIBRARY_PATH=/ros2_ws/install/planning_msgs/lib:/ros2_ws/install/perception_msgs/lib:${LD_LIBRARY_PATH} PYTHONPATH=/ros2_ws/build/perception/prefix_override:/ros2_ws/install/perception/lib/python3.8/site-packages:/ros2_ws/install/planning_msgs/lib/python3.8/site-packages:/ros2_ws/install/perception_msgs/lib/python3.8/site-packages:${PYTHONPATH} /usr/bin/python3 setup.py egg_info --egg-base ../../build/perception build --build-base /ros2_ws/build/perception/build install --record /ros2_ws/build/perception/install.log --single-version-externally-managed
[1.571s] running egg_info
[1.571s] writing ../../build/perception/perception.egg-info/PKG-INFO
[1.572s] writing dependency_links to ../../build/perception/perception.egg-info/dependency_links.txt
[1.572s] writing entry points to ../../build/perception/perception.egg-info/entry_points.txt
[1.573s] writing requirements to ../../build/perception/perception.egg-info/requires.txt
[1.574s] writing top-level names to ../../build/perception/perception.egg-info/top_level.txt
[1.601s] reading manifest file '../../build/perception/perception.egg-info/SOURCES.txt'
[1.602s] writing manifest file '../../build/perception/perception.egg-info/SOURCES.txt'
[1.603s] running build
[1.604s] running build_py
[1.605s] running install
[1.605s] running install_lib
[1.607s] running install_data
[1.608s] running install_egg_info
[1.609s] removing '/ros2_ws/install/perception/lib/python3.8/site-packages/perception-0.1.0-py3.8.egg-info' (and everything under it)
[1.611s] Copying ../../build/perception/perception.egg-info to /ros2_ws/install/perception/lib/python3.8/site-packages/perception-0.1.0-py3.8.egg-info
[1.624s] running install_scripts
[1.638s] Installing dummy_perception_publishers script to /ros2_ws/install/perception/lib/perception
[1.639s] Installing fake_image_pub script to /ros2_ws/install/perception/lib/perception
[1.640s] Installing fake_lane_image_pub script to /ros2_ws/install/perception/lib/perception
[1.640s] Installing fake_pointcloud_pub script to /ros2_ws/install/perception/lib/perception
[1.641s] Installing fake_route_context_pub script to /ros2_ws/install/perception/lib/perception
[1.642s] Installing fake_traffic_light_state_pub script to /ros2_ws/install/perception/lib/perception
[1.642s] Installing junction_node script to /ros2_ws/install/perception/lib/perception
[1.643s] Installing lane_node script to /ros2_ws/install/perception/lib/perception
[1.644s] Installing lidar_obstacle_node script to /ros2_ws/install/perception/lib/perception
[1.646s] Installing perception_diagnostics_node script to /ros2_ws/install/perception/lib/perception
[1.647s] Installing stop_target_node script to /ros2_ws/install/perception/lib/perception
[1.649s] Installing traffic_light_node script to /ros2_ws/install/perception/lib/perception
[1.649s] Installing traffic_sign_node script to /ros2_ws/install/perception/lib/perception
[1.650s] writing list of installed files to '/ros2_ws/build/perception/install.log'
[1.695s] Invoked command in '/ros2_ws/src/perception' returned '0': AMENT_PREFIX_PATH=/ros2_ws/install/planning_msgs:/ros2_ws/install/perception_msgs:${AMENT_PREFIX_PATH} CMAKE_PREFIX_PATH=/ros2_ws/install/planning_msgs:/ros2_ws/install/perception_msgs LD_LIBRARY_PATH=/ros2_ws/install/planning_msgs/lib:/ros2_ws/install/perception_msgs/lib:${LD_LIBRARY_PATH} PYTHONPATH=/ros2_ws/build/perception/prefix_override:/ros2_ws/install/perception/lib/python3.8/site-packages:/ros2_ws/install/planning_msgs/lib/python3.8/site-packages:/ros2_ws/install/perception_msgs/lib/python3.8/site-packages:${PYTHONPATH} /usr/bin/python3 setup.py egg_info --egg-base ../../build/perception build --build-base /ros2_ws/build/perception/build install --record /ros2_ws/build/perception/install.log --single-version-externally-managed
