/ros2_ws/install/localization/lib/python3.8/site-packages/localization/global_localization_node.py
/ros2_ws/install/localization/lib/python3.8/site-packages/localization/map_origin_node.py
/ros2_ws/install/localization/lib/python3.8/site-packages/localization/__init__.py
/ros2_ws/install/localization/lib/python3.8/site-packages/localization/localization_diagnostics_node.py
/ros2_ws/install/localization/lib/python3.8/site-packages/localization/local_ekf_node.py
/ros2_ws/install/localization/lib/python3.8/site-packages/localization/raw_gps_node.py
/ros2_ws/install/localization/lib/python3.8/site-packages/localization/__pycache__/global_localization_node.cpython-38.pyc
/ros2_ws/install/localization/lib/python3.8/site-packages/localization/__pycache__/map_origin_node.cpython-38.pyc
/ros2_ws/install/localization/lib/python3.8/site-packages/localization/__pycache__/__init__.cpython-38.pyc
/ros2_ws/install/localization/lib/python3.8/site-packages/localization/__pycache__/localization_diagnostics_node.cpython-38.pyc
/ros2_ws/install/localization/lib/python3.8/site-packages/localization/__pycache__/local_ekf_node.cpython-38.pyc
/ros2_ws/install/localization/lib/python3.8/site-packages/localization/__pycache__/raw_gps_node.cpython-38.pyc
/ros2_ws/install/localization/share/ament_index/resource_index/packages/localization
/ros2_ws/install/localization/share/localization/package.xml
/ros2_ws/install/localization/share/localization/launch/localization.launch.py
/ros2_ws/install/localization/share/localization/config
/ros2_ws/install/localization/lib/python3.8/site-packages/localization-0.0.1-py3.8.egg-info/PKG-INFO
/ros2_ws/install/localization/lib/python3.8/site-packages/localization-0.0.1-py3.8.egg-info/zip-safe
/ros2_ws/install/localization/lib/python3.8/site-packages/localization-0.0.1-py3.8.egg-info/SOURCES.txt
/ros2_ws/install/localization/lib/python3.8/site-packages/localization-0.0.1-py3.8.egg-info/entry_points.txt
/ros2_ws/install/localization/lib/python3.8/site-packages/localization-0.0.1-py3.8.egg-info/requires.txt
/ros2_ws/install/localization/lib/python3.8/site-packages/localization-0.0.1-py3.8.egg-info/top_level.txt
/ros2_ws/install/localization/lib/python3.8/site-packages/localization-0.0.1-py3.8.egg-info/dependency_links.txt
/ros2_ws/install/localization/lib/localization/global_localization_node
/ros2_ws/install/localization/lib/localization/local_ekf_node
/ros2_ws/install/localization/lib/localization/localization_diagnostics_node
/ros2_ws/install/localization/lib/localization/map_origin_node
/ros2_ws/install/localization/lib/localization/raw_gps_node
