[35m[1mScanning dependencies of target perception_msgs__cpp[0m
[  1%] [34m[1mGenerating C code for ROS interfaces[0m
[  2%] [34m[1mGenerating C++ code for ROS interfaces[0m
[35m[1mScanning dependencies of target perception_msgs__rosidl_generator_c[0m
[  4%] [32mBuilding C object CMakeFiles/perception_msgs__rosidl_generator_c.dir/rosidl_generator_c/perception_msgs/msg/detail/obstacle_tracks__functions.c.o[0m
[  4%] [32mBuilding C object CMakeFiles/perception_msgs__rosidl_generator_c.dir/rosidl_generator_c/perception_msgs/msg/detail/traffic_light_state__functions.c.o[0m
[  6%] [32mBuilding C object CMakeFiles/perception_msgs__rosidl_generator_c.dir/rosidl_generator_c/perception_msgs/msg/detail/lane_model__functions.c.o[0m
[  6%] [32mBuilding C object CMakeFiles/perception_msgs__rosidl_generator_c.dir/rosidl_generator_c/perception_msgs/msg/detail/traffic_signs__functions.c.o[0m
[  7%] [32mBuilding C object CMakeFiles/perception_msgs__rosidl_generator_c.dir/rosidl_generator_c/perception_msgs/msg/detail/traffic_sign__functions.c.o[0m
[  9%] [32mBuilding C object CMakeFiles/perception_msgs__rosidl_generator_c.dir/rosidl_generator_c/perception_msgs/msg/detail/perception_diagnostics__functions.c.o[0m
[ 10%] [32mBuilding C object CMakeFiles/perception_msgs__rosidl_generator_c.dir/rosidl_generator_c/perception_msgs/msg/detail/obstacle_track__functions.c.o[0m
[ 10%] [32mBuilding C object CMakeFiles/perception_msgs__rosidl_generator_c.dir/rosidl_generator_c/perception_msgs/msg/detail/junction__functions.c.o[0m
[ 11%] [32mBuilding C object CMakeFiles/perception_msgs__rosidl_generator_c.dir/rosidl_generator_c/perception_msgs/msg/detail/stop_target__functions.c.o[0m
[ 11%] Built target perception_msgs__cpp
[ 12%] [34m[1mGenerating C++ introspection for ROS interfaces[0m
[ 13%] [34m[1mGenerating C++ type support for eProsima Fast-RTPS[0m
[ 14%] [34m[1mGenerating C++ type support dispatch for ROS interfaces[0m
[ 15%] [32m[1mLinking C shared library libperception_msgs__rosidl_generator_c.so[0m
[35m[1mScanning dependencies of target perception_msgs__rosidl_typesupport_introspection_cpp[0m
[ 15%] Built target perception_msgs__rosidl_generator_c
[ 16%] [34m[1mGenerating C type support dispatch for ROS interfaces[0m
[ 17%] [34m[1mGenerating C introspection for ROS interfaces[0m
[ 18%] [32mBuilding CXX object CMakeFiles/perception_msgs__rosidl_typesupport_introspection_cpp.dir/rosidl_typesupport_introspection_cpp/perception_msgs/msg/detail/lane_model__type_support.cpp.o[0m
[ 20%] [32mBuilding CXX object CMakeFiles/perception_msgs__rosidl_typesupport_introspection_cpp.dir/rosidl_typesupport_introspection_cpp/perception_msgs/msg/detail/obstacle_tracks__type_support.cpp.o[0m
[ 22%] [32mBuilding CXX object CMakeFiles/perception_msgs__rosidl_typesupport_introspection_cpp.dir/rosidl_typesupport_introspection_cpp/perception_msgs/msg/detail/traffic_light_state__type_support.cpp.o[0m
[ 22%] [32mBuilding CXX object CMakeFiles/perception_msgs__rosidl_typesupport_introspection_cpp.dir/rosidl_typesupport_introspection_cpp/perception_msgs/msg/detail/traffic_sign__type_support.cpp.o[0m
[ 23%] [32mBuilding CXX object CMakeFiles/perception_msgs__rosidl_typesupport_introspection_cpp.dir/rosidl_typesupport_introspection_cpp/perception_msgs/msg/detail/traffic_signs__type_support.cpp.o[0m
[ 24%] [32mBuilding CXX object CMakeFiles/perception_msgs__rosidl_typesupport_introspection_cpp.dir/rosidl_typesupport_introspection_cpp/perception_msgs/msg/detail/obstacle_track__type_support.cpp.o[0m
[35m[1mScanning dependencies of target perception_msgs__rosidl_typesupport_cpp[0m
[35m[1mScanning dependencies of target perception_msgs__rosidl_typesupport_fastrtps_cpp[0m
[ 25%] [32mBuilding CXX object CMakeFiles/perception_msgs__rosidl_typesupport_cpp.dir/rosidl_typesupport_cpp/perception_msgs/msg/lane_model__type_support.cpp.o[0m
[35m[1mScanning dependencies of target perception_msgs__rosidl_typesupport_c[0m
[ 26%] [32mBuilding CXX object CMakeFiles/perception_msgs__rosidl_typesupport_introspection_cpp.dir/rosidl_typesupport_introspection_cpp/perception_msgs/msg/detail/stop_target__type_support.cpp.o[0m
[ 27%] [32mBuilding CXX object CMakeFiles/perception_msgs__rosidl_typesupport_fastrtps_cpp.dir/rosidl_typesupport_fastrtps_cpp/perception_msgs/msg/detail/dds_fastrtps/lane_model__type_support.cpp.o[0m
[ 28%] [32mBuilding CXX object CMakeFiles/perception_msgs__rosidl_typesupport_introspection_cpp.dir/rosidl_typesupport_introspection_cpp/perception_msgs/msg/detail/junction__type_support.cpp.o[0m
[ 29%] [32mBuilding CXX object CMakeFiles/perception_msgs__rosidl_typesupport_introspection_cpp.dir/rosidl_typesupport_introspection_cpp/perception_msgs/msg/detail/perception_diagnostics__type_support.cpp.o[0m
[ 30%] [32mBuilding CXX object CMakeFiles/perception_msgs__rosidl_typesupport_c.dir/rosidl_typesupport_c/perception_msgs/msg/lane_model__type_support.cpp.o[0m
[ 31%] [32mBuilding CXX object CMakeFiles/perception_msgs__rosidl_typesupport_cpp.dir/rosidl_typesupport_cpp/perception_msgs/msg/traffic_light_state__type_support.cpp.o[0m
[ 32%] [32mBuilding CXX object CMakeFiles/perception_msgs__rosidl_typesupport_fastrtps_cpp.dir/rosidl_typesupport_fastrtps_cpp/perception_msgs/msg/detail/dds_fastrtps/traffic_light_state__type_support.cpp.o[0m
[ 33%] [32mBuilding CXX object CMakeFiles/perception_msgs__rosidl_typesupport_c.dir/rosidl_typesupport_c/perception_msgs/msg/traffic_light_state__type_support.cpp.o[0m
[ 34%] [32mBuilding CXX object CMakeFiles/perception_msgs__rosidl_typesupport_fastrtps_cpp.dir/rosidl_typesupport_fastrtps_cpp/perception_msgs/msg/detail/dds_fastrtps/traffic_sign__type_support.cpp.o[0m
[ 35%] [32mBuilding CXX object CMakeFiles/perception_msgs__rosidl_typesupport_cpp.dir/rosidl_typesupport_cpp/perception_msgs/msg/traffic_sign__type_support.cpp.o[0m
[ 36%] [32mBuilding CXX object CMakeFiles/perception_msgs__rosidl_typesupport_c.dir/rosidl_typesupport_c/perception_msgs/msg/traffic_sign__type_support.cpp.o[0m
[35m[1mScanning dependencies of target perception_msgs__rosidl_typesupport_introspection_c[0m
[ 37%] [32mBuilding CXX object CMakeFiles/perception_msgs__rosidl_typesupport_fastrtps_cpp.dir/rosidl_typesupport_fastrtps_cpp/perception_msgs/msg/detail/dds_fastrtps/traffic_signs__type_support.cpp.o[0m
[ 38%] [32mBuilding C object CMakeFiles/perception_msgs__rosidl_typesupport_introspection_c.dir/rosidl_typesupport_introspection_c/perception_msgs/msg/detail/lane_model__type_support.c.o[0m
[ 40%] [32mBuilding CXX object CMakeFiles/perception_msgs__rosidl_typesupport_c.dir/rosidl_typesupport_c/perception_msgs/msg/traffic_signs__type_support.cpp.o[0m
[ 41%] [32mBuilding CXX object CMakeFiles/perception_msgs__rosidl_typesupport_fastrtps_cpp.dir/rosidl_typesupport_fastrtps_cpp/perception_msgs/msg/detail/dds_fastrtps/obstacle_track__type_support.cpp.o[0m
[ 42%] [32mBuilding CXX object CMakeFiles/perception_msgs__rosidl_typesupport_c.dir/rosidl_typesupport_c/perception_msgs/msg/obstacle_track__type_support.cpp.o[0m
[ 43%] [32mBuilding CXX object CMakeFiles/perception_msgs__rosidl_typesupport_cpp.dir/rosidl_typesupport_cpp/perception_msgs/msg/traffic_signs__type_support.cpp.o[0m
[ 44%] [32m[1mLinking CXX shared library libperception_msgs__rosidl_typesupport_introspection_cpp.so[0m
[ 45%] [32mBuilding C object CMakeFiles/perception_msgs__rosidl_typesupport_introspection_c.dir/rosidl_typesupport_introspection_c/perception_msgs/msg/detail/traffic_light_state__type_support.c.o[0m
[ 46%] [32mBuilding CXX object CMakeFiles/perception_msgs__rosidl_typesupport_fastrtps_cpp.dir/rosidl_typesupport_fastrtps_cpp/perception_msgs/msg/detail/dds_fastrtps/obstacle_tracks__type_support.cpp.o[0m
[ 47%] [32mBuilding CXX object CMakeFiles/perception_msgs__rosidl_typesupport_c.dir/rosidl_typesupport_c/perception_msgs/msg/obstacle_tracks__type_support.cpp.o[0m
[ 48%] [32mBuilding C object CMakeFiles/perception_msgs__rosidl_typesupport_introspection_c.dir/rosidl_typesupport_introspection_c/perception_msgs/msg/detail/traffic_sign__type_support.c.o[0m
[ 49%] [32mBuilding CXX object CMakeFiles/perception_msgs__rosidl_typesupport_fastrtps_cpp.dir/rosidl_typesupport_fastrtps_cpp/perception_msgs/msg/detail/dds_fastrtps/stop_target__type_support.cpp.o[0m
[ 49%] Built target perception_msgs__rosidl_typesupport_introspection_cpp
[ 50%] [32mBuilding CXX object CMakeFiles/perception_msgs__rosidl_typesupport_c.dir/rosidl_typesupport_c/perception_msgs/msg/stop_target__type_support.cpp.o[0m
[ 52%] [32mBuilding CXX object CMakeFiles/perception_msgs__rosidl_typesupport_fastrtps_cpp.dir/rosidl_typesupport_fastrtps_cpp/perception_msgs/msg/detail/dds_fastrtps/junction__type_support.cpp.o[0m
[ 52%] [32mBuilding C object CMakeFiles/perception_msgs__rosidl_typesupport_introspection_c.dir/rosidl_typesupport_introspection_c/perception_msgs/msg/detail/traffic_signs__type_support.c.o[0m
[ 54%] [32mBuilding CXX object CMakeFiles/perception_msgs__rosidl_typesupport_fastrtps_cpp.dir/rosidl_typesupport_fastrtps_cpp/perception_msgs/msg/detail/dds_fastrtps/perception_diagnostics__type_support.cpp.o[0m
[ 54%] [32mBuilding CXX object CMakeFiles/perception_msgs__rosidl_typesupport_c.dir/rosidl_typesupport_c/perception_msgs/msg/junction__type_support.cpp.o[0m
[ 56%] [32mBuilding CXX object CMakeFiles/perception_msgs__rosidl_typesupport_cpp.dir/rosidl_typesupport_cpp/perception_msgs/msg/obstacle_track__type_support.cpp.o[0m
[ 56%] [32mBuilding CXX object CMakeFiles/perception_msgs__rosidl_typesupport_cpp.dir/rosidl_typesupport_cpp/perception_msgs/msg/obstacle_tracks__type_support.cpp.o[0m
[ 57%] [32mBuilding C object CMakeFiles/perception_msgs__rosidl_typesupport_introspection_c.dir/rosidl_typesupport_introspection_c/perception_msgs/msg/detail/obstacle_track__type_support.c.o[0m
[ 58%] [32mBuilding CXX object CMakeFiles/perception_msgs__rosidl_typesupport_cpp.dir/rosidl_typesupport_cpp/perception_msgs/msg/stop_target__type_support.cpp.o[0m
[ 60%] [32mBuilding CXX object CMakeFiles/perception_msgs__rosidl_typesupport_c.dir/rosidl_typesupport_c/perception_msgs/msg/perception_diagnostics__type_support.cpp.o[0m
[ 61%] [32mBuilding CXX object CMakeFiles/perception_msgs__rosidl_typesupport_cpp.dir/rosidl_typesupport_cpp/perception_msgs/msg/junction__type_support.cpp.o[0m
[ 62%] [32mBuilding CXX object CMakeFiles/perception_msgs__rosidl_typesupport_cpp.dir/rosidl_typesupport_cpp/perception_msgs/msg/perception_diagnostics__type_support.cpp.o[0m
[ 63%] [32mBuilding C object CMakeFiles/perception_msgs__rosidl_typesupport_introspection_c.dir/rosidl_typesupport_introspection_c/perception_msgs/msg/detail/obstacle_tracks__type_support.c.o[0m
[ 64%] [32m[1mLinking CXX shared library libperception_msgs__rosidl_typesupport_c.so[0m
[ 65%] [32mBuilding C object CMakeFiles/perception_msgs__rosidl_typesupport_introspection_c.dir/rosidl_typesupport_introspection_c/perception_msgs/msg/detail/stop_target__type_support.c.o[0m
[ 65%] Built target perception_msgs__rosidl_typesupport_c
[ 67%] [32mBuilding C object CMakeFiles/perception_msgs__rosidl_typesupport_introspection_c.dir/rosidl_typesupport_introspection_c/perception_msgs/msg/detail/junction__type_support.c.o[0m
[ 67%] [32mBuilding C object CMakeFiles/perception_msgs__rosidl_typesupport_introspection_c.dir/rosidl_typesupport_introspection_c/perception_msgs/msg/detail/perception_diagnostics__type_support.c.o[0m
[ 68%] [32m[1mLinking CXX shared library libperception_msgs__rosidl_typesupport_cpp.so[0m
[ 69%] [32m[1mLinking CXX shared library libperception_msgs__rosidl_typesupport_fastrtps_cpp.so[0m
[ 70%] [32m[1mLinking C shared library libperception_msgs__rosidl_typesupport_introspection_c.so[0m
[ 70%] Built target perception_msgs__rosidl_typesupport_cpp
[ 70%] Built target perception_msgs__rosidl_typesupport_fastrtps_cpp
[ 70%] Built target perception_msgs__rosidl_typesupport_introspection_c
[ 71%] [34m[1mGenerating C type support for eProsima Fast-RTPS[0m
[35m[1mScanning dependencies of target perception_msgs__rosidl_typesupport_fastrtps_c[0m
[ 72%] [32mBuilding CXX object CMakeFiles/perception_msgs__rosidl_typesupport_fastrtps_c.dir/rosidl_typesupport_fastrtps_c/perception_msgs/msg/detail/lane_model__type_support_c.cpp.o[0m
[ 73%] [32mBuilding CXX object CMakeFiles/perception_msgs__rosidl_typesupport_fastrtps_c.dir/rosidl_typesupport_fastrtps_c/perception_msgs/msg/detail/traffic_signs__type_support_c.cpp.o[0m
[ 74%] [32mBuilding CXX object CMakeFiles/perception_msgs__rosidl_typesupport_fastrtps_c.dir/rosidl_typesupport_fastrtps_c/perception_msgs/msg/detail/traffic_sign__type_support_c.cpp.o[0m
[ 75%] [32mBuilding CXX object CMakeFiles/perception_msgs__rosidl_typesupport_fastrtps_c.dir/rosidl_typesupport_fastrtps_c/perception_msgs/msg/detail/traffic_light_state__type_support_c.cpp.o[0m
[ 76%] [32mBuilding CXX object CMakeFiles/perception_msgs__rosidl_typesupport_fastrtps_c.dir/rosidl_typesupport_fastrtps_c/perception_msgs/msg/detail/perception_diagnostics__type_support_c.cpp.o[0m
[ 77%] [32mBuilding CXX object CMakeFiles/perception_msgs__rosidl_typesupport_fastrtps_c.dir/rosidl_typesupport_fastrtps_c/perception_msgs/msg/detail/junction__type_support_c.cpp.o[0m
[ 78%] [32mBuilding CXX object CMakeFiles/perception_msgs__rosidl_typesupport_fastrtps_c.dir/rosidl_typesupport_fastrtps_c/perception_msgs/msg/detail/stop_target__type_support_c.cpp.o[0m
[ 80%] [32mBuilding CXX object CMakeFiles/perception_msgs__rosidl_typesupport_fastrtps_c.dir/rosidl_typesupport_fastrtps_c/perception_msgs/msg/detail/obstacle_tracks__type_support_c.cpp.o[0m
[ 81%] [32mBuilding CXX object CMakeFiles/perception_msgs__rosidl_typesupport_fastrtps_c.dir/rosidl_typesupport_fastrtps_c/perception_msgs/msg/detail/obstacle_track__type_support_c.cpp.o[0m
[ 82%] [32m[1mLinking CXX shared library libperception_msgs__rosidl_typesupport_fastrtps_c.so[0m
[ 82%] Built target perception_msgs__rosidl_typesupport_fastrtps_c
[35m[1mScanning dependencies of target perception_msgs[0m
[ 82%] Built target perception_msgs
[35m[1mScanning dependencies of target perception_msgs__py[0m
[ 83%] [34m[1mGenerating Python code for ROS interfaces[0m
[ 83%] Built target perception_msgs__py
[35m[1mScanning dependencies of target perception_msgs__python[0m
[ 84%] [32mBuilding C object CMakeFiles/perception_msgs__python.dir/rosidl_generator_py/perception_msgs/msg/_traffic_light_state_s.c.o[0m
[ 85%] [32mBuilding C object CMakeFiles/perception_msgs__python.dir/rosidl_generator_py/perception_msgs/msg/_traffic_sign_s.c.o[0m
[ 86%] [32mBuilding C object CMakeFiles/perception_msgs__python.dir/rosidl_generator_py/perception_msgs/msg/_lane_model_s.c.o[0m
[ 87%] [32mBuilding C object CMakeFiles/perception_msgs__python.dir/rosidl_generator_py/perception_msgs/msg/_junction_s.c.o[0m
[ 88%] [32mBuilding C object CMakeFiles/perception_msgs__python.dir/rosidl_generator_py/perception_msgs/msg/_stop_target_s.c.o[0m
[ 89%] [32mBuilding C object CMakeFiles/perception_msgs__python.dir/rosidl_generator_py/perception_msgs/msg/_perception_diagnostics_s.c.o[0m
[ 90%] [32mBuilding C object CMakeFiles/perception_msgs__python.dir/rosidl_generator_py/perception_msgs/msg/_obstacle_tracks_s.c.o[0m
[ 91%] [32mBuilding C object CMakeFiles/perception_msgs__python.dir/rosidl_generator_py/perception_msgs/msg/_traffic_signs_s.c.o[0m
[ 92%] [32mBuilding C object CMakeFiles/perception_msgs__python.dir/rosidl_generator_py/perception_msgs/msg/_obstacle_track_s.c.o[0m
[ 93%] [32m[1mLinking C shared library rosidl_generator_py/perception_msgs/libperception_msgs__python.so[0m
[ 93%] Built target perception_msgs__python
[35m[1mScanning dependencies of target perception_msgs__rosidl_typesupport_introspection_c__pyext[0m
[35m[1mScanning dependencies of target perception_msgs__rosidl_typesupport_c__pyext[0m
[35m[1mScanning dependencies of target perception_msgs__rosidl_typesupport_fastrtps_c__pyext[0m
[ 94%] [32mBuilding C object CMakeFiles/perception_msgs__rosidl_typesupport_introspection_c__pyext.dir/rosidl_generator_py/perception_msgs/_perception_msgs_s.ep.rosidl_typesupport_introspection_c.c.o[0m
[ 95%] [32mBuilding C object CMakeFiles/perception_msgs__rosidl_typesupport_c__pyext.dir/rosidl_generator_py/perception_msgs/_perception_msgs_s.ep.rosidl_typesupport_c.c.o[0m
[ 96%] [32mBuilding C object CMakeFiles/perception_msgs__rosidl_typesupport_fastrtps_c__pyext.dir/rosidl_generator_py/perception_msgs/_perception_msgs_s.ep.rosidl_typesupport_fastrtps_c.c.o[0m
[ 97%] [32m[1mLinking C shared library rosidl_generator_py/perception_msgs/perception_msgs_s__rosidl_typesupport_introspection_c.cpython-38-x86_64-linux-gnu.so[0m
[ 98%] [32m[1mLinking C shared library rosidl_generator_py/perception_msgs/perception_msgs_s__rosidl_typesupport_c.cpython-38-x86_64-linux-gnu.so[0m
[100%] [32m[1mLinking CXX shared library rosidl_generator_py/perception_msgs/perception_msgs_s__rosidl_typesupport_fastrtps_c.cpython-38-x86_64-linux-gnu.so[0m
[100%] Built target perception_msgs__rosidl_typesupport_introspection_c__pyext
[100%] Built target perception_msgs__rosidl_typesupport_c__pyext
[100%] Built target perception_msgs__rosidl_typesupport_fastrtps_c__pyext
-- Install configuration: ""
-- Installing: /ros2_ws/install/perception_msgs/share/ament_index/resource_index/rosidl_interfaces/perception_msgs
-- Installing: /ros2_ws/install/perception_msgs/include/perception_msgs
-- Installing: /ros2_ws/install/perception_msgs/include/perception_msgs/msg
-- Installing: /ros2_ws/install/perception_msgs/include/perception_msgs/msg/obstacle_track.h
-- Installing: /ros2_ws/install/perception_msgs/include/perception_msgs/msg/rosidl_generator_c__visibility_control.h
-- Installing: /ros2_ws/install/perception_msgs/include/perception_msgs/msg/obstacle_tracks.h
-- Installing: /ros2_ws/install/perception_msgs/include/perception_msgs/msg/traffic_light_state.h
-- Installing: /ros2_ws/install/perception_msgs/include/perception_msgs/msg/detail
-- Installing: /ros2_ws/install/perception_msgs/include/perception_msgs/msg/detail/perception_diagnostics__functions.h
-- Installing: /ros2_ws/install/perception_msgs/include/perception_msgs/msg/detail/obstacle_tracks__struct.h
-- Installing: /ros2_ws/install/perception_msgs/include/perception_msgs/msg/detail/lane_model__struct.h
-- Installing: /ros2_ws/install/perception_msgs/include/perception_msgs/msg/detail/obstacle_tracks__functions.c
-- Installing: /ros2_ws/install/perception_msgs/include/perception_msgs/msg/detail/stop_target__functions.c
-- Installing: /ros2_ws/install/perception_msgs/include/perception_msgs/msg/detail/perception_diagnostics__type_support.h
-- Installing: /ros2_ws/install/perception_msgs/include/perception_msgs/msg/detail/obstacle_track__functions.c
-- Installing: /ros2_ws/install/perception_msgs/include/perception_msgs/msg/detail/stop_target__type_support.h
-- Installing: /ros2_ws/install/perception_msgs/include/perception_msgs/msg/detail/traffic_light_state__functions.c
-- Installing: /ros2_ws/install/perception_msgs/include/perception_msgs/msg/detail/traffic_sign__struct.h
-- Installing: /ros2_ws/install/perception_msgs/include/perception_msgs/msg/detail/lane_model__functions.h
-- Installing: /ros2_ws/install/perception_msgs/include/perception_msgs/msg/detail/traffic_sign__functions.h
-- Installing: /ros2_ws/install/perception_msgs/include/perception_msgs/msg/detail/traffic_signs__functions.c
-- Installing: /ros2_ws/install/perception_msgs/include/perception_msgs/msg/detail/traffic_light_state__type_support.h
-- Installing: /ros2_ws/install/perception_msgs/include/perception_msgs/msg/detail/junction__functions.h
-- Installing: /ros2_ws/install/perception_msgs/include/perception_msgs/msg/detail/junction__struct.h
-- Installing: /ros2_ws/install/perception_msgs/include/perception_msgs/msg/detail/perception_diagnostics__functions.c
-- Installing: /ros2_ws/install/perception_msgs/include/perception_msgs/msg/detail/stop_target__struct.h
-- Installing: /ros2_ws/install/perception_msgs/include/perception_msgs/msg/detail/obstacle_tracks__functions.h
-- Installing: /ros2_ws/install/perception_msgs/include/perception_msgs/msg/detail/perception_diagnostics__struct.h
-- Installing: /ros2_ws/install/perception_msgs/include/perception_msgs/msg/detail/stop_target__functions.h
-- Installing: /ros2_ws/install/perception_msgs/include/perception_msgs/msg/detail/obstacle_tracks__type_support.h
-- Installing: /ros2_ws/install/perception_msgs/include/perception_msgs/msg/detail/obstacle_track__struct.h
-- Installing: /ros2_ws/install/perception_msgs/include/perception_msgs/msg/detail/traffic_sign__type_support.h
-- Installing: /ros2_ws/install/perception_msgs/include/perception_msgs/msg/detail/obstacle_track__type_support.h
-- Installing: /ros2_ws/install/perception_msgs/include/perception_msgs/msg/detail/lane_model__type_support.h
-- Installing: /ros2_ws/install/perception_msgs/include/perception_msgs/msg/detail/traffic_light_state__functions.h
-- Installing: /ros2_ws/install/perception_msgs/include/perception_msgs/msg/detail/obstacle_track__functions.h
-- Installing: /ros2_ws/install/perception_msgs/include/perception_msgs/msg/detail/traffic_signs__type_support.h
-- Installing: /ros2_ws/install/perception_msgs/include/perception_msgs/msg/detail/junction__type_support.h
-- Installing: /ros2_ws/install/perception_msgs/include/perception_msgs/msg/detail/traffic_signs__struct.h
-- Installing: /ros2_ws/install/perception_msgs/include/perception_msgs/msg/detail/junction__functions.c
-- Installing: /ros2_ws/install/perception_msgs/include/perception_msgs/msg/detail/traffic_signs__functions.h
-- Installing: /ros2_ws/install/perception_msgs/include/perception_msgs/msg/detail/lane_model__functions.c
-- Installing: /ros2_ws/install/perception_msgs/include/perception_msgs/msg/detail/traffic_light_state__struct.h
-- Installing: /ros2_ws/install/perception_msgs/include/perception_msgs/msg/detail/traffic_sign__functions.c
-- Installing: /ros2_ws/install/perception_msgs/include/perception_msgs/msg/junction.h
-- Installing: /ros2_ws/install/perception_msgs/include/perception_msgs/msg/lane_model.h
-- Installing: /ros2_ws/install/perception_msgs/include/perception_msgs/msg/perception_diagnostics.h
-- Installing: /ros2_ws/install/perception_msgs/include/perception_msgs/msg/traffic_signs.h
-- Installing: /ros2_ws/install/perception_msgs/include/perception_msgs/msg/stop_target.h
-- Installing: /ros2_ws/install/perception_msgs/include/perception_msgs/msg/traffic_sign.h
-- Installing: /ros2_ws/install/perception_msgs/share/perception_msgs/environment/library_path.sh
-- Installing: /ros2_ws/install/perception_msgs/share/perception_msgs/environment/library_path.dsv
-- Installing: /ros2_ws/install/perception_msgs/lib/libperception_msgs__rosidl_generator_c.so
-- Set runtime path of "/ros2_ws/install/perception_msgs/lib/libperception_msgs__rosidl_generator_c.so" to ""
-- Up-to-date: /ros2_ws/install/perception_msgs/include/perception_msgs
-- Up-to-date: /ros2_ws/install/perception_msgs/include/perception_msgs/msg
-- Up-to-date: /ros2_ws/install/perception_msgs/include/perception_msgs/msg/detail
-- Installing: /ros2_ws/install/perception_msgs/include/perception_msgs/msg/detail/stop_target__rosidl_typesupport_fastrtps_c.h
-- Installing: /ros2_ws/install/perception_msgs/include/perception_msgs/msg/detail/obstacle_track__rosidl_typesupport_fastrtps_c.h
-- Installing: /ros2_ws/install/perception_msgs/include/perception_msgs/msg/detail/traffic_sign__rosidl_typesupport_fastrtps_c.h
-- Installing: /ros2_ws/install/perception_msgs/include/perception_msgs/msg/detail/traffic_signs__rosidl_typesupport_fastrtps_c.h
-- Installing: /ros2_ws/install/perception_msgs/include/perception_msgs/msg/detail/junction__rosidl_typesupport_fastrtps_c.h
-- Installing: /ros2_ws/install/perception_msgs/include/perception_msgs/msg/detail/obstacle_tracks__rosidl_typesupport_fastrtps_c.h
-- Installing: /ros2_ws/install/perception_msgs/include/perception_msgs/msg/detail/perception_diagnostics__rosidl_typesupport_fastrtps_c.h
-- Installing: /ros2_ws/install/perception_msgs/include/perception_msgs/msg/detail/traffic_light_state__rosidl_typesupport_fastrtps_c.h
-- Installing: /ros2_ws/install/perception_msgs/include/perception_msgs/msg/detail/lane_model__rosidl_typesupport_fastrtps_c.h
-- Installing: /ros2_ws/install/perception_msgs/include/perception_msgs/msg/rosidl_typesupport_fastrtps_c__visibility_control.h
-- Installing: /ros2_ws/install/perception_msgs/lib/libperception_msgs__rosidl_typesupport_fastrtps_c.so
-- Set runtime path of "/ros2_ws/install/perception_msgs/lib/libperception_msgs__rosidl_typesupport_fastrtps_c.so" to ""
-- Up-to-date: /ros2_ws/install/perception_msgs/include/perception_msgs
-- Up-to-date: /ros2_ws/install/perception_msgs/include/perception_msgs/msg
-- Installing: /ros2_ws/install/perception_msgs/include/perception_msgs/msg/rosidl_typesupport_fastrtps_cpp__visibility_control.h
-- Up-to-date: /ros2_ws/install/perception_msgs/include/perception_msgs/msg/detail
-- Installing: /ros2_ws/install/perception_msgs/include/perception_msgs/msg/detail/obstacle_tracks__rosidl_typesupport_fastrtps_cpp.hpp
-- Installing: /ros2_ws/install/perception_msgs/include/perception_msgs/msg/detail/lane_model__rosidl_typesupport_fastrtps_cpp.hpp
-- Installing: /ros2_ws/install/perception_msgs/include/perception_msgs/msg/detail/stop_target__rosidl_typesupport_fastrtps_cpp.hpp
-- Installing: /ros2_ws/install/perception_msgs/include/perception_msgs/msg/detail/perception_diagnostics__rosidl_typesupport_fastrtps_cpp.hpp
-- Installing: /ros2_ws/install/perception_msgs/include/perception_msgs/msg/detail/traffic_light_state__rosidl_typesupport_fastrtps_cpp.hpp
-- Installing: /ros2_ws/install/perception_msgs/include/perception_msgs/msg/detail/obstacle_track__rosidl_typesupport_fastrtps_cpp.hpp
-- Installing: /ros2_ws/install/perception_msgs/include/perception_msgs/msg/detail/traffic_signs__rosidl_typesupport_fastrtps_cpp.hpp
-- Installing: /ros2_ws/install/perception_msgs/include/perception_msgs/msg/detail/dds_fastrtps
-- Installing: /ros2_ws/install/perception_msgs/include/perception_msgs/msg/detail/junction__rosidl_typesupport_fastrtps_cpp.hpp
-- Installing: /ros2_ws/install/perception_msgs/include/perception_msgs/msg/detail/traffic_sign__rosidl_typesupport_fastrtps_cpp.hpp
-- Installing: /ros2_ws/install/perception_msgs/lib/libperception_msgs__rosidl_typesupport_fastrtps_cpp.so
-- Set runtime path of "/ros2_ws/install/perception_msgs/lib/libperception_msgs__rosidl_typesupport_fastrtps_cpp.so" to ""
-- Up-to-date: /ros2_ws/install/perception_msgs/include/perception_msgs
-- Up-to-date: /ros2_ws/install/perception_msgs/include/perception_msgs/msg
-- Up-to-date: /ros2_ws/install/perception_msgs/include/perception_msgs/msg/detail
-- Installing: /ros2_ws/install/perception_msgs/include/perception_msgs/msg/detail/stop_target__rosidl_typesupport_introspection_c.h
-- Installing: /ros2_ws/install/perception_msgs/include/perception_msgs/msg/detail/traffic_light_state__rosidl_typesupport_introspection_c.h
-- Installing: /ros2_ws/install/perception_msgs/include/perception_msgs/msg/detail/traffic_sign__type_support.c
-- Installing: /ros2_ws/install/perception_msgs/include/perception_msgs/msg/detail/obstacle_tracks__type_support.c
-- Installing: /ros2_ws/install/perception_msgs/include/perception_msgs/msg/detail/traffic_signs__rosidl_typesupport_introspection_c.h
-- Installing: /ros2_ws/install/perception_msgs/include/perception_msgs/msg/detail/traffic_sign__rosidl_typesupport_introspection_c.h
-- Installing: /ros2_ws/install/perception_msgs/include/perception_msgs/msg/detail/traffic_signs__type_support.c
-- Installing: /ros2_ws/install/perception_msgs/include/perception_msgs/msg/detail/lane_model__type_support.c
-- Installing: /ros2_ws/install/perception_msgs/include/perception_msgs/msg/detail/obstacle_track__type_support.c
-- Installing: /ros2_ws/install/perception_msgs/include/perception_msgs/msg/detail/junction__rosidl_typesupport_introspection_c.h
-- Installing: /ros2_ws/install/perception_msgs/include/perception_msgs/msg/detail/junction__type_support.c
-- Installing: /ros2_ws/install/perception_msgs/include/perception_msgs/msg/detail/perception_diagnostics__type_support.c
-- Installing: /ros2_ws/install/perception_msgs/include/perception_msgs/msg/detail/stop_target__type_support.c
-- Installing: /ros2_ws/install/perception_msgs/include/perception_msgs/msg/detail/lane_model__rosidl_typesupport_introspection_c.h
-- Installing: /ros2_ws/install/perception_msgs/include/perception_msgs/msg/detail/traffic_light_state__type_support.c
-- Installing: /ros2_ws/install/perception_msgs/include/perception_msgs/msg/detail/obstacle_tracks__rosidl_typesupport_introspection_c.h
-- Installing: /ros2_ws/install/perception_msgs/include/perception_msgs/msg/detail/obstacle_track__rosidl_typesupport_introspection_c.h
-- Installing: /ros2_ws/install/perception_msgs/include/perception_msgs/msg/detail/perception_diagnostics__rosidl_typesupport_introspection_c.h
-- Installing: /ros2_ws/install/perception_msgs/include/perception_msgs/msg/rosidl_typesupport_introspection_c__visibility_control.h
-- Installing: /ros2_ws/install/perception_msgs/lib/libperception_msgs__rosidl_typesupport_introspection_c.so
-- Set runtime path of "/ros2_ws/install/perception_msgs/lib/libperception_msgs__rosidl_typesupport_introspection_c.so" to ""
-- Installing: /ros2_ws/install/perception_msgs/lib/libperception_msgs__rosidl_typesupport_c.so
-- Set runtime path of "/ros2_ws/install/perception_msgs/lib/libperception_msgs__rosidl_typesupport_c.so" to ""
-- Up-to-date: /ros2_ws/install/perception_msgs/include/perception_msgs
-- Up-to-date: /ros2_ws/install/perception_msgs/include/perception_msgs/msg
-- Installing: /ros2_ws/install/perception_msgs/include/perception_msgs/msg/lane_model.hpp
-- Installing: /ros2_ws/install/perception_msgs/include/perception_msgs/msg/obstacle_tracks.hpp
-- Installing: /ros2_ws/install/perception_msgs/include/perception_msgs/msg/stop_target.hpp
-- Installing: /ros2_ws/install/perception_msgs/include/perception_msgs/msg/traffic_sign.hpp
-- Installing: /ros2_ws/install/perception_msgs/include/perception_msgs/msg/obstacle_track.hpp
-- Up-to-date: /ros2_ws/install/perception_msgs/include/perception_msgs/msg/detail
-- Installing: /ros2_ws/install/perception_msgs/include/perception_msgs/msg/detail/traffic_signs__builder.hpp
-- Installing: /ros2_ws/install/perception_msgs/include/perception_msgs/msg/detail/stop_target__traits.hpp
-- Installing: /ros2_ws/install/perception_msgs/include/perception_msgs/msg/detail/obstacle_track__traits.hpp
-- Installing: /ros2_ws/install/perception_msgs/include/perception_msgs/msg/detail/traffic_signs__traits.hpp
-- Installing: /ros2_ws/install/perception_msgs/include/perception_msgs/msg/detail/traffic_light_state__struct.hpp
-- Installing: /ros2_ws/install/perception_msgs/include/perception_msgs/msg/detail/obstacle_track__builder.hpp
-- Installing: /ros2_ws/install/perception_msgs/include/perception_msgs/msg/detail/traffic_light_state__builder.hpp
-- Installing: /ros2_ws/install/perception_msgs/include/perception_msgs/msg/detail/obstacle_tracks__struct.hpp
-- Installing: /ros2_ws/install/perception_msgs/include/perception_msgs/msg/detail/perception_diagnostics__traits.hpp
-- Installing: /ros2_ws/install/perception_msgs/include/perception_msgs/msg/detail/stop_target__builder.hpp
-- Installing: /ros2_ws/install/perception_msgs/include/perception_msgs/msg/detail/obstacle_tracks__builder.hpp
-- Installing: /ros2_ws/install/perception_msgs/include/perception_msgs/msg/detail/obstacle_tracks__type_support.hpp
-- Installing: /ros2_ws/install/perception_msgs/include/perception_msgs/msg/detail/traffic_sign__struct.hpp
-- Installing: /ros2_ws/install/perception_msgs/include/perception_msgs/msg/detail/lane_model__struct.hpp
-- Installing: /ros2_ws/install/perception_msgs/include/perception_msgs/msg/detail/junction__traits.hpp
-- Installing: /ros2_ws/install/perception_msgs/include/perception_msgs/msg/detail/obstacle_track__struct.hpp
-- Installing: /ros2_ws/install/perception_msgs/include/perception_msgs/msg/detail/traffic_signs__struct.hpp
-- Installing: /ros2_ws/install/perception_msgs/include/perception_msgs/msg/detail/junction__builder.hpp
-- Installing: /ros2_ws/install/perception_msgs/include/perception_msgs/msg/detail/stop_target__struct.hpp
-- Installing: /ros2_ws/install/perception_msgs/include/perception_msgs/msg/detail/junction__type_support.hpp
-- Installing: /ros2_ws/install/perception_msgs/include/perception_msgs/msg/detail/traffic_sign__builder.hpp
-- Installing: /ros2_ws/install/perception_msgs/include/perception_msgs/msg/detail/lane_model__builder.hpp
-- Installing: /ros2_ws/install/perception_msgs/include/perception_msgs/msg/detail/perception_diagnostics__struct.hpp
-- Installing: /ros2_ws/install/perception_msgs/include/perception_msgs/msg/detail/obstacle_tracks__traits.hpp
-- Installing: /ros2_ws/install/perception_msgs/include/perception_msgs/msg/detail/traffic_light_state__type_support.hpp
-- Installing: /ros2_ws/install/perception_msgs/include/perception_msgs/msg/detail/traffic_light_state__traits.hpp
-- Installing: /ros2_ws/install/perception_msgs/include/perception_msgs/msg/detail/traffic_sign__traits.hpp
-- Installing: /ros2_ws/install/perception_msgs/include/perception_msgs/msg/detail/perception_diagnostics__type_support.hpp
-- Installing: /ros2_ws/install/perception_msgs/include/perception_msgs/msg/detail/lane_model__traits.hpp
-- Installing: /ros2_ws/install/perception_msgs/include/perception_msgs/msg/detail/stop_target__type_support.hpp
-- Installing: /ros2_ws/install/perception_msgs/include/perception_msgs/msg/detail/lane_model__type_support.hpp
-- Installing: /ros2_ws/install/perception_msgs/include/perception_msgs/msg/detail/traffic_sign__type_support.hpp
-- Installing: /ros2_ws/install/perception_msgs/include/perception_msgs/msg/detail/traffic_signs__type_support.hpp
-- Installing: /ros2_ws/install/perception_msgs/include/perception_msgs/msg/detail/obstacle_track__type_support.hpp
-- Installing: /ros2_ws/install/perception_msgs/include/perception_msgs/msg/detail/junction__struct.hpp
-- Installing: /ros2_ws/install/perception_msgs/include/perception_msgs/msg/detail/perception_diagnostics__builder.hpp
-- Installing: /ros2_ws/install/perception_msgs/include/perception_msgs/msg/rosidl_generator_cpp__visibility_control.hpp
-- Installing: /ros2_ws/install/perception_msgs/include/perception_msgs/msg/traffic_light_state.hpp
-- Installing: /ros2_ws/install/perception_msgs/include/perception_msgs/msg/traffic_signs.hpp
-- Installing: /ros2_ws/install/perception_msgs/include/perception_msgs/msg/perception_diagnostics.hpp
-- Installing: /ros2_ws/install/perception_msgs/include/perception_msgs/msg/junction.hpp
-- Up-to-date: /ros2_ws/install/perception_msgs/include/perception_msgs
-- Up-to-date: /ros2_ws/install/perception_msgs/include/perception_msgs/msg
-- Up-to-date: /ros2_ws/install/perception_msgs/include/perception_msgs/msg/detail
-- Installing: /ros2_ws/install/perception_msgs/include/perception_msgs/msg/detail/perception_diagnostics__type_support.cpp
-- Installing: /ros2_ws/install/perception_msgs/include/perception_msgs/msg/detail/stop_target__type_support.cpp
-- Installing: /ros2_ws/install/perception_msgs/include/perception_msgs/msg/detail/obstacle_tracks__rosidl_typesupport_introspection_cpp.hpp
-- Installing: /ros2_ws/install/perception_msgs/include/perception_msgs/msg/detail/traffic_sign__type_support.cpp
-- Installing: /ros2_ws/install/perception_msgs/include/perception_msgs/msg/detail/lane_model__type_support.cpp
-- Installing: /ros2_ws/install/perception_msgs/include/perception_msgs/msg/detail/traffic_signs__type_support.cpp
-- Installing: /ros2_ws/install/perception_msgs/include/perception_msgs/msg/detail/obstacle_track__type_support.cpp
-- Installing: /ros2_ws/install/perception_msgs/include/perception_msgs/msg/detail/obstacle_track__rosidl_typesupport_introspection_cpp.hpp
-- Installing: /ros2_ws/install/perception_msgs/include/perception_msgs/msg/detail/junction__rosidl_typesupport_introspection_cpp.hpp
-- Installing: /ros2_ws/install/perception_msgs/include/perception_msgs/msg/detail/stop_target__rosidl_typesupport_introspection_cpp.hpp
-- Installing: /ros2_ws/install/perception_msgs/include/perception_msgs/msg/detail/perception_diagnostics__rosidl_typesupport_introspection_cpp.hpp
-- Installing: /ros2_ws/install/perception_msgs/include/perception_msgs/msg/detail/traffic_light_state__rosidl_typesupport_introspection_cpp.hpp
-- Installing: /ros2_ws/install/perception_msgs/include/perception_msgs/msg/detail/junction__type_support.cpp
-- Installing: /ros2_ws/install/perception_msgs/include/perception_msgs/msg/detail/traffic_light_state__type_support.cpp
-- Installing: /ros2_ws/install/perception_msgs/include/perception_msgs/msg/detail/lane_model__rosidl_typesupport_introspection_cpp.hpp
-- Installing: /ros2_ws/install/perception_msgs/include/perception_msgs/msg/detail/obstacle_tracks__type_support.cpp
-- Installing: /ros2_ws/install/perception_msgs/include/perception_msgs/msg/detail/traffic_sign__rosidl_typesupport_introspection_cpp.hpp
-- Installing: /ros2_ws/install/perception_msgs/include/perception_msgs/msg/detail/traffic_signs__rosidl_typesupport_introspection_cpp.hpp
-- Installing: /ros2_ws/install/perception_msgs/lib/libperception_msgs__rosidl_typesupport_introspection_cpp.so
-- Set runtime path of "/ros2_ws/install/perception_msgs/lib/libperception_msgs__rosidl_typesupport_introspection_cpp.so" to ""
-- Installing: /ros2_ws/install/perception_msgs/lib/libperception_msgs__rosidl_typesupport_cpp.so
-- Set runtime path of "/ros2_ws/install/perception_msgs/lib/libperception_msgs__rosidl_typesupport_cpp.so" to ""
-- Installing: /ros2_ws/install/perception_msgs/share/perception_msgs/environment/pythonpath.sh
-- Installing: /ros2_ws/install/perception_msgs/share/perception_msgs/environment/pythonpath.dsv
-- Installing: /ros2_ws/install/perception_msgs/lib/python3.8/site-packages/perception_msgs/__init__.py
Compiling '/ros2_ws/install/perception_msgs/lib/python3.8/site-packages/perception_msgs/__init__.py'...
-- Installing: /ros2_ws/install/perception_msgs/lib/python3.8/site-packages/perception_msgs/msg
-- Installing: /ros2_ws/install/perception_msgs/lib/python3.8/site-packages/perception_msgs/msg/_lane_model.py
-- Installing: /ros2_ws/install/perception_msgs/lib/python3.8/site-packages/perception_msgs/msg/_lane_model_s.c
-- Installing: /ros2_ws/install/perception_msgs/lib/python3.8/site-packages/perception_msgs/msg/_stop_target.py
-- Installing: /ros2_ws/install/perception_msgs/lib/python3.8/site-packages/perception_msgs/msg/_traffic_sign.py
-- Installing: /ros2_ws/install/perception_msgs/lib/python3.8/site-packages/perception_msgs/msg/_obstacle_tracks.py
-- Installing: /ros2_ws/install/perception_msgs/lib/python3.8/site-packages/perception_msgs/msg/_obstacle_tracks_s.c
-- Installing: /ros2_ws/install/perception_msgs/lib/python3.8/site-packages/perception_msgs/msg/_obstacle_track.py
-- Installing: /ros2_ws/install/perception_msgs/lib/python3.8/site-packages/perception_msgs/msg/_perception_diagnostics.py
-- Installing: /ros2_ws/install/perception_msgs/lib/python3.8/site-packages/perception_msgs/msg/_obstacle_track_s.c
-- Installing: /ros2_ws/install/perception_msgs/lib/python3.8/site-packages/perception_msgs/msg/__init__.py
-- Installing: /ros2_ws/install/perception_msgs/lib/python3.8/site-packages/perception_msgs/msg/_traffic_sign_s.c
-- Installing: /ros2_ws/install/perception_msgs/lib/python3.8/site-packages/perception_msgs/msg/_junction_s.c
-- Installing: /ros2_ws/install/perception_msgs/lib/python3.8/site-packages/perception_msgs/msg/_junction.py
-- Installing: /ros2_ws/install/perception_msgs/lib/python3.8/site-packages/perception_msgs/msg/_stop_target_s.c
-- Installing: /ros2_ws/install/perception_msgs/lib/python3.8/site-packages/perception_msgs/msg/_traffic_light_state.py
-- Installing: /ros2_ws/install/perception_msgs/lib/python3.8/site-packages/perception_msgs/msg/_traffic_signs_s.c
-- Installing: /ros2_ws/install/perception_msgs/lib/python3.8/site-packages/perception_msgs/msg/_perception_diagnostics_s.c
-- Installing: /ros2_ws/install/perception_msgs/lib/python3.8/site-packages/perception_msgs/msg/_traffic_signs.py
-- Installing: /ros2_ws/install/perception_msgs/lib/python3.8/site-packages/perception_msgs/msg/_traffic_light_state_s.c
-- Installing: /ros2_ws/install/perception_msgs/lib/python3.8/site-packages/perception_msgs/perception_msgs_s__rosidl_typesupport_fastrtps_c.cpython-38-x86_64-linux-gnu.so
-- Set runtime path of "/ros2_ws/install/perception_msgs/lib/python3.8/site-packages/perception_msgs/perception_msgs_s__rosidl_typesupport_fastrtps_c.cpython-38-x86_64-linux-gnu.so" to ""
-- Installing: /ros2_ws/install/perception_msgs/lib/python3.8/site-packages/perception_msgs/perception_msgs_s__rosidl_typesupport_introspection_c.cpython-38-x86_64-linux-gnu.so
-- Set runtime path of "/ros2_ws/install/perception_msgs/lib/python3.8/site-packages/perception_msgs/perception_msgs_s__rosidl_typesupport_introspection_c.cpython-38-x86_64-linux-gnu.so" to ""
-- Installing: /ros2_ws/install/perception_msgs/lib/python3.8/site-packages/perception_msgs/perception_msgs_s__rosidl_typesupport_c.cpython-38-x86_64-linux-gnu.so
-- Set runtime path of "/ros2_ws/install/perception_msgs/lib/python3.8/site-packages/perception_msgs/perception_msgs_s__rosidl_typesupport_c.cpython-38-x86_64-linux-gnu.so" to ""
-- Installing: /ros2_ws/install/perception_msgs/lib/libperception_msgs__python.so
-- Set runtime path of "/ros2_ws/install/perception_msgs/lib/libperception_msgs__python.so" to ""
-- Installing: /ros2_ws/install/perception_msgs/share/perception_msgs/msg/LaneModel.idl
-- Installing: /ros2_ws/install/perception_msgs/share/perception_msgs/msg/TrafficLightState.idl
-- Installing: /ros2_ws/install/perception_msgs/share/perception_msgs/msg/TrafficSign.idl
-- Installing: /ros2_ws/install/perception_msgs/share/perception_msgs/msg/TrafficSigns.idl
-- Installing: /ros2_ws/install/perception_msgs/share/perception_msgs/msg/ObstacleTrack.idl
-- Installing: /ros2_ws/install/perception_msgs/share/perception_msgs/msg/ObstacleTracks.idl
-- Installing: /ros2_ws/install/perception_msgs/share/perception_msgs/msg/StopTarget.idl
-- Installing: /ros2_ws/install/perception_msgs/share/perception_msgs/msg/Junction.idl
-- Installing: /ros2_ws/install/perception_msgs/share/perception_msgs/msg/PerceptionDiagnostics.idl
-- Installing: /ros2_ws/install/perception_msgs/share/perception_msgs/msg/LaneModel.msg
-- Installing: /ros2_ws/install/perception_msgs/share/perception_msgs/msg/TrafficLightState.msg
-- Installing: /ros2_ws/install/perception_msgs/share/perception_msgs/msg/TrafficSign.msg
-- Installing: /ros2_ws/install/perception_msgs/share/perception_msgs/msg/TrafficSigns.msg
-- Installing: /ros2_ws/install/perception_msgs/share/perception_msgs/msg/ObstacleTrack.msg
-- Installing: /ros2_ws/install/perception_msgs/share/perception_msgs/msg/ObstacleTracks.msg
-- Installing: /ros2_ws/install/perception_msgs/share/perception_msgs/msg/StopTarget.msg
-- Installing: /ros2_ws/install/perception_msgs/share/perception_msgs/msg/Junction.msg
-- Installing: /ros2_ws/install/perception_msgs/share/perception_msgs/msg/PerceptionDiagnostics.msg
-- Installing: /ros2_ws/install/perception_msgs/share/ament_index/resource_index/package_run_dependencies/perception_msgs
-- Installing: /ros2_ws/install/perception_msgs/share/ament_index/resource_index/parent_prefix_path/perception_msgs
-- Installing: /ros2_ws/install/perception_msgs/share/perception_msgs/environment/ament_prefix_path.sh
-- Installing: /ros2_ws/install/perception_msgs/share/perception_msgs/environment/ament_prefix_path.dsv
-- Installing: /ros2_ws/install/perception_msgs/share/perception_msgs/environment/path.sh
-- Installing: /ros2_ws/install/perception_msgs/share/perception_msgs/environment/path.dsv
-- Installing: /ros2_ws/install/perception_msgs/share/perception_msgs/local_setup.bash
-- Installing: /ros2_ws/install/perception_msgs/share/perception_msgs/local_setup.sh
-- Installing: /ros2_ws/install/perception_msgs/share/perception_msgs/local_setup.zsh
-- Installing: /ros2_ws/install/perception_msgs/share/perception_msgs/local_setup.dsv
-- Installing: /ros2_ws/install/perception_msgs/share/perception_msgs/package.dsv
-- Installing: /ros2_ws/install/perception_msgs/share/ament_index/resource_index/packages/perception_msgs
-- Installing: /ros2_ws/install/perception_msgs/share/perception_msgs/cmake/perception_msgs__rosidl_generator_cExport.cmake
-- Installing: /ros2_ws/install/perception_msgs/share/perception_msgs/cmake/perception_msgs__rosidl_generator_cExport-noconfig.cmake
-- Installing: /ros2_ws/install/perception_msgs/share/perception_msgs/cmake/perception_msgs__rosidl_typesupport_introspection_cExport.cmake
-- Installing: /ros2_ws/install/perception_msgs/share/perception_msgs/cmake/perception_msgs__rosidl_typesupport_introspection_cExport-noconfig.cmake
-- Installing: /ros2_ws/install/perception_msgs/share/perception_msgs/cmake/perception_msgs__rosidl_typesupport_cExport.cmake
-- Installing: /ros2_ws/install/perception_msgs/share/perception_msgs/cmake/perception_msgs__rosidl_typesupport_cExport-noconfig.cmake
-- Installing: /ros2_ws/install/perception_msgs/share/perception_msgs/cmake/perception_msgs__rosidl_generator_cppExport.cmake
-- Installing: /ros2_ws/install/perception_msgs/share/perception_msgs/cmake/perception_msgs__rosidl_typesupport_introspection_cppExport.cmake
-- Installing: /ros2_ws/install/perception_msgs/share/perception_msgs/cmake/perception_msgs__rosidl_typesupport_introspection_cppExport-noconfig.cmake
-- Installing: /ros2_ws/install/perception_msgs/share/perception_msgs/cmake/perception_msgs__rosidl_typesupport_cppExport.cmake
-- Installing: /ros2_ws/install/perception_msgs/share/perception_msgs/cmake/perception_msgs__rosidl_typesupport_cppExport-noconfig.cmake
-- Installing: /ros2_ws/install/perception_msgs/share/perception_msgs/cmake/rosidl_cmake-extras.cmake
-- Installing: /ros2_ws/install/perception_msgs/share/perception_msgs/cmake/ament_cmake_export_dependencies-extras.cmake
-- Installing: /ros2_ws/install/perception_msgs/share/perception_msgs/cmake/ament_cmake_export_libraries-extras.cmake
-- Installing: /ros2_ws/install/perception_msgs/share/perception_msgs/cmake/ament_cmake_export_targets-extras.cmake
-- Installing: /ros2_ws/install/perception_msgs/share/perception_msgs/cmake/ament_cmake_export_include_directories-extras.cmake
-- Installing: /ros2_ws/install/perception_msgs/share/perception_msgs/cmake/rosidl_cmake_export_typesupport_libraries-extras.cmake
-- Installing: /ros2_ws/install/perception_msgs/share/perception_msgs/cmake/rosidl_cmake_export_typesupport_targets-extras.cmake
-- Installing: /ros2_ws/install/perception_msgs/share/perception_msgs/cmake/perception_msgsConfig.cmake
-- Installing: /ros2_ws/install/perception_msgs/share/perception_msgs/cmake/perception_msgsConfig-version.cmake
-- Installing: /ros2_ws/install/perception_msgs/share/perception_msgs/package.xml
