[0.067s] Invoking command in '/ros2_ws/build/perception_msgs': CMAKE_PREFIX_PATH=/opt/ros/foxy /usr/bin/cmake --build /ros2_ws/build/perception_msgs -- -j10 -l10
[0.342s] [35m[1mScanning dependencies of target perception_msgs__cpp[0m
[0.354s] [  1%] [34m[1mGenerating C code for ROS interfaces[0m
[0.494s] [  2%] [34m[1mGenerating C++ code for ROS interfaces[0m
[2.792s] [35m[1mScanning dependencies of target perception_msgs__rosidl_generator_c[0m
[3.252s] [  4%] [32mBuilding C object CMakeFiles/perception_msgs__rosidl_generator_c.dir/rosidl_generator_c/perception_msgs/msg/detail/obstacle_tracks__functions.c.o[0m
[3.261s] [  4%] [32mBuilding C object CMakeFiles/perception_msgs__rosidl_generator_c.dir/rosidl_generator_c/perception_msgs/msg/detail/traffic_light_state__functions.c.o[0m
[3.274s] [  6%] [32mBuilding C object CMakeFiles/perception_msgs__rosidl_generator_c.dir/rosidl_generator_c/perception_msgs/msg/detail/lane_model__functions.c.o[0m
[3.281s] [  6%] [32mBuilding C object CMakeFiles/perception_msgs__rosidl_generator_c.dir/rosidl_generator_c/perception_msgs/msg/detail/traffic_signs__functions.c.o[0m
[3.292s] [  7%] [32mBuilding C object CMakeFiles/perception_msgs__rosidl_generator_c.dir/rosidl_generator_c/perception_msgs/msg/detail/traffic_sign__functions.c.o[0m
[3.350s] [  9%] [32mBuilding C object CMakeFiles/perception_msgs__rosidl_generator_c.dir/rosidl_generator_c/perception_msgs/msg/detail/perception_diagnostics__functions.c.o[0m
[3.354s] [ 10%] [32mBuilding C object CMakeFiles/perception_msgs__rosidl_generator_c.dir/rosidl_generator_c/perception_msgs/msg/detail/obstacle_track__functions.c.o[0m
[3.360s] [ 10%] [32mBuilding C object CMakeFiles/perception_msgs__rosidl_generator_c.dir/rosidl_generator_c/perception_msgs/msg/detail/junction__functions.c.o[0m
[3.362s] [ 11%] [32mBuilding C object CMakeFiles/perception_msgs__rosidl_generator_c.dir/rosidl_generator_c/perception_msgs/msg/detail/stop_target__functions.c.o[0m
[3.484s] [ 11%] Built target perception_msgs__cpp
[3.809s] [ 12%] [34m[1mGenerating C++ introspection for ROS interfaces[0m
[4.634s] [ 13%] [34m[1mGenerating C++ type support for eProsima Fast-RTPS[0m
[5.194s] [ 14%] [34m[1mGenerating C++ type support dispatch for ROS interfaces[0m
[5.869s] [ 15%] [32m[1mLinking C shared library libperception_msgs__rosidl_generator_c.so[0m
[6.364s] [35m[1mScanning dependencies of target perception_msgs__rosidl_typesupport_introspection_cpp[0m
[6.527s] [ 15%] Built target perception_msgs__rosidl_generator_c
[6.759s] [ 16%] [34m[1mGenerating C type support dispatch for ROS interfaces[0m
[6.808s] [ 17%] [34m[1mGenerating C introspection for ROS interfaces[0m
[7.078s] [ 18%] [32mBuilding CXX object CMakeFiles/perception_msgs__rosidl_typesupport_introspection_cpp.dir/rosidl_typesupport_introspection_cpp/perception_msgs/msg/detail/lane_model__type_support.cpp.o[0m
[7.096s] [ 20%] [32mBuilding CXX object CMakeFiles/perception_msgs__rosidl_typesupport_introspection_cpp.dir/rosidl_typesupport_introspection_cpp/perception_msgs/msg/detail/obstacle_tracks__type_support.cpp.o[0m
[7.170s] [ 22%] [32mBuilding CXX object CMakeFiles/perception_msgs__rosidl_typesupport_introspection_cpp.dir/rosidl_typesupport_introspection_cpp/perception_msgs/msg/detail/traffic_light_state__type_support.cpp.o[0m
[7.170s] [ 22%] [32mBuilding CXX object CMakeFiles/perception_msgs__rosidl_typesupport_introspection_cpp.dir/rosidl_typesupport_introspection_cpp/perception_msgs/msg/detail/traffic_sign__type_support.cpp.o[0m
[7.170s] [ 23%] [32mBuilding CXX object CMakeFiles/perception_msgs__rosidl_typesupport_introspection_cpp.dir/rosidl_typesupport_introspection_cpp/perception_msgs/msg/detail/traffic_signs__type_support.cpp.o[0m
[7.322s] [ 24%] [32mBuilding CXX object CMakeFiles/perception_msgs__rosidl_typesupport_introspection_cpp.dir/rosidl_typesupport_introspection_cpp/perception_msgs/msg/detail/obstacle_track__type_support.cpp.o[0m
[8.258s] [35m[1mScanning dependencies of target perception_msgs__rosidl_typesupport_cpp[0m
[9.185s] [35m[1mScanning dependencies of target perception_msgs__rosidl_typesupport_fastrtps_cpp[0m
[9.319s] [ 25%] [32mBuilding CXX object CMakeFiles/perception_msgs__rosidl_typesupport_cpp.dir/rosidl_typesupport_cpp/perception_msgs/msg/lane_model__type_support.cpp.o[0m
[9.871s] [35m[1mScanning dependencies of target perception_msgs__rosidl_typesupport_c[0m
[9.981s] [ 26%] [32mBuilding CXX object CMakeFiles/perception_msgs__rosidl_typesupport_introspection_cpp.dir/rosidl_typesupport_introspection_cpp/perception_msgs/msg/detail/stop_target__type_support.cpp.o[0m
[10.024s] [ 27%] [32mBuilding CXX object CMakeFiles/perception_msgs__rosidl_typesupport_fastrtps_cpp.dir/rosidl_typesupport_fastrtps_cpp/perception_msgs/msg/detail/dds_fastrtps/lane_model__type_support.cpp.o[0m
[10.230s] [ 28%] [32mBuilding CXX object CMakeFiles/perception_msgs__rosidl_typesupport_introspection_cpp.dir/rosidl_typesupport_introspection_cpp/perception_msgs/msg/detail/junction__type_support.cpp.o[0m
[10.392s] [ 29%] [32mBuilding CXX object CMakeFiles/perception_msgs__rosidl_typesupport_introspection_cpp.dir/rosidl_typesupport_introspection_cpp/perception_msgs/msg/detail/perception_diagnostics__type_support.cpp.o[0m
[10.458s] [ 30%] [32mBuilding CXX object CMakeFiles/perception_msgs__rosidl_typesupport_c.dir/rosidl_typesupport_c/perception_msgs/msg/lane_model__type_support.cpp.o[0m
[10.686s] [ 31%] [32mBuilding CXX object CMakeFiles/perception_msgs__rosidl_typesupport_cpp.dir/rosidl_typesupport_cpp/perception_msgs/msg/traffic_light_state__type_support.cpp.o[0m
[10.839s] [ 32%] [32mBuilding CXX object CMakeFiles/perception_msgs__rosidl_typesupport_fastrtps_cpp.dir/rosidl_typesupport_fastrtps_cpp/perception_msgs/msg/detail/dds_fastrtps/traffic_light_state__type_support.cpp.o[0m
[10.869s] [ 33%] [32mBuilding CXX object CMakeFiles/perception_msgs__rosidl_typesupport_c.dir/rosidl_typesupport_c/perception_msgs/msg/traffic_light_state__type_support.cpp.o[0m
[10.973s] [ 34%] [32mBuilding CXX object CMakeFiles/perception_msgs__rosidl_typesupport_fastrtps_cpp.dir/rosidl_typesupport_fastrtps_cpp/perception_msgs/msg/detail/dds_fastrtps/traffic_sign__type_support.cpp.o[0m
[11.400s] [ 35%] [32mBuilding CXX object CMakeFiles/perception_msgs__rosidl_typesupport_cpp.dir/rosidl_typesupport_cpp/perception_msgs/msg/traffic_sign__type_support.cpp.o[0m
[11.664s] [ 36%] [32mBuilding CXX object CMakeFiles/perception_msgs__rosidl_typesupport_c.dir/rosidl_typesupport_c/perception_msgs/msg/traffic_sign__type_support.cpp.o[0m
[11.713s] [35m[1mScanning dependencies of target perception_msgs__rosidl_typesupport_introspection_c[0m
[12.153s] [ 37%] [32mBuilding CXX object CMakeFiles/perception_msgs__rosidl_typesupport_fastrtps_cpp.dir/rosidl_typesupport_fastrtps_cpp/perception_msgs/msg/detail/dds_fastrtps/traffic_signs__type_support.cpp.o[0m
[12.175s] [ 38%] [32mBuilding C object CMakeFiles/perception_msgs__rosidl_typesupport_introspection_c.dir/rosidl_typesupport_introspection_c/perception_msgs/msg/detail/lane_model__type_support.c.o[0m
[12.310s] [ 40%] [32mBuilding CXX object CMakeFiles/perception_msgs__rosidl_typesupport_c.dir/rosidl_typesupport_c/perception_msgs/msg/traffic_signs__type_support.cpp.o[0m
[12.629s] [ 41%] [32mBuilding CXX object CMakeFiles/perception_msgs__rosidl_typesupport_fastrtps_cpp.dir/rosidl_typesupport_fastrtps_cpp/perception_msgs/msg/detail/dds_fastrtps/obstacle_track__type_support.cpp.o[0m
[12.814s] [ 42%] [32mBuilding CXX object CMakeFiles/perception_msgs__rosidl_typesupport_c.dir/rosidl_typesupport_c/perception_msgs/msg/obstacle_track__type_support.cpp.o[0m
[12.991s] [ 43%] [32mBuilding CXX object CMakeFiles/perception_msgs__rosidl_typesupport_cpp.dir/rosidl_typesupport_cpp/perception_msgs/msg/traffic_signs__type_support.cpp.o[0m
[12.997s] [ 44%] [32m[1mLinking CXX shared library libperception_msgs__rosidl_typesupport_introspection_cpp.so[0m
[13.031s] [ 45%] [32mBuilding C object CMakeFiles/perception_msgs__rosidl_typesupport_introspection_c.dir/rosidl_typesupport_introspection_c/perception_msgs/msg/detail/traffic_light_state__type_support.c.o[0m
[13.063s] [ 46%] [32mBuilding CXX object CMakeFiles/perception_msgs__rosidl_typesupport_fastrtps_cpp.dir/rosidl_typesupport_fastrtps_cpp/perception_msgs/msg/detail/dds_fastrtps/obstacle_tracks__type_support.cpp.o[0m
[13.073s] [ 47%] [32mBuilding CXX object CMakeFiles/perception_msgs__rosidl_typesupport_c.dir/rosidl_typesupport_c/perception_msgs/msg/obstacle_tracks__type_support.cpp.o[0m
[13.359s] [ 48%] [32mBuilding C object CMakeFiles/perception_msgs__rosidl_typesupport_introspection_c.dir/rosidl_typesupport_introspection_c/perception_msgs/msg/detail/traffic_sign__type_support.c.o[0m
[13.662s] [ 49%] [32mBuilding CXX object CMakeFiles/perception_msgs__rosidl_typesupport_fastrtps_cpp.dir/rosidl_typesupport_fastrtps_cpp/perception_msgs/msg/detail/dds_fastrtps/stop_target__type_support.cpp.o[0m
[13.755s] [ 49%] Built target perception_msgs__rosidl_typesupport_introspection_cpp
[13.829s] [ 50%] [32mBuilding CXX object CMakeFiles/perception_msgs__rosidl_typesupport_c.dir/rosidl_typesupport_c/perception_msgs/msg/stop_target__type_support.cpp.o[0m
[13.896s] [ 52%] [32mBuilding CXX object CMakeFiles/perception_msgs__rosidl_typesupport_fastrtps_cpp.dir/rosidl_typesupport_fastrtps_cpp/perception_msgs/msg/detail/dds_fastrtps/junction__type_support.cpp.o[0m
[13.908s] [ 52%] [32mBuilding C object CMakeFiles/perception_msgs__rosidl_typesupport_introspection_c.dir/rosidl_typesupport_introspection_c/perception_msgs/msg/detail/traffic_signs__type_support.c.o[0m
[14.145s] [ 54%] [32mBuilding CXX object CMakeFiles/perception_msgs__rosidl_typesupport_fastrtps_cpp.dir/rosidl_typesupport_fastrtps_cpp/perception_msgs/msg/detail/dds_fastrtps/perception_diagnostics__type_support.cpp.o[0m
[14.166s] [ 54%] [32mBuilding CXX object CMakeFiles/perception_msgs__rosidl_typesupport_c.dir/rosidl_typesupport_c/perception_msgs/msg/junction__type_support.cpp.o[0m
[14.529s] [ 56%] [32mBuilding CXX object CMakeFiles/perception_msgs__rosidl_typesupport_cpp.dir/rosidl_typesupport_cpp/perception_msgs/msg/obstacle_track__type_support.cpp.o[0m
[14.541s] [ 56%] [32mBuilding CXX object CMakeFiles/perception_msgs__rosidl_typesupport_cpp.dir/rosidl_typesupport_cpp/perception_msgs/msg/obstacle_tracks__type_support.cpp.o[0m
[14.760s] [ 57%] [32mBuilding C object CMakeFiles/perception_msgs__rosidl_typesupport_introspection_c.dir/rosidl_typesupport_introspection_c/perception_msgs/msg/detail/obstacle_track__type_support.c.o[0m
[14.806s] [ 58%] [32mBuilding CXX object CMakeFiles/perception_msgs__rosidl_typesupport_cpp.dir/rosidl_typesupport_cpp/perception_msgs/msg/stop_target__type_support.cpp.o[0m
[14.894s] [ 60%] [32mBuilding CXX object CMakeFiles/perception_msgs__rosidl_typesupport_c.dir/rosidl_typesupport_c/perception_msgs/msg/perception_diagnostics__type_support.cpp.o[0m
[14.913s] [ 61%] [32mBuilding CXX object CMakeFiles/perception_msgs__rosidl_typesupport_cpp.dir/rosidl_typesupport_cpp/perception_msgs/msg/junction__type_support.cpp.o[0m
[15.278s] [ 62%] [32mBuilding CXX object CMakeFiles/perception_msgs__rosidl_typesupport_cpp.dir/rosidl_typesupport_cpp/perception_msgs/msg/perception_diagnostics__type_support.cpp.o[0m
[15.286s] [ 63%] [32mBuilding C object CMakeFiles/perception_msgs__rosidl_typesupport_introspection_c.dir/rosidl_typesupport_introspection_c/perception_msgs/msg/detail/obstacle_tracks__type_support.c.o[0m
[15.461s] [ 64%] [32m[1mLinking CXX shared library libperception_msgs__rosidl_typesupport_c.so[0m
[15.772s] [ 65%] [32mBuilding C object CMakeFiles/perception_msgs__rosidl_typesupport_introspection_c.dir/rosidl_typesupport_introspection_c/perception_msgs/msg/detail/stop_target__type_support.c.o[0m
[15.964s] [ 65%] Built target perception_msgs__rosidl_typesupport_c
[16.128s] [ 67%] [32mBuilding C object CMakeFiles/perception_msgs__rosidl_typesupport_introspection_c.dir/rosidl_typesupport_introspection_c/perception_msgs/msg/detail/junction__type_support.c.o[0m
[16.153s] [ 67%] [32mBuilding C object CMakeFiles/perception_msgs__rosidl_typesupport_introspection_c.dir/rosidl_typesupport_introspection_c/perception_msgs/msg/detail/perception_diagnostics__type_support.c.o[0m
[16.497s] [ 68%] [32m[1mLinking CXX shared library libperception_msgs__rosidl_typesupport_cpp.so[0m
[16.590s] [ 69%] [32m[1mLinking CXX shared library libperception_msgs__rosidl_typesupport_fastrtps_cpp.so[0m
[16.919s] [ 70%] [32m[1mLinking C shared library libperception_msgs__rosidl_typesupport_introspection_c.so[0m
[17.137s] [ 70%] Built target perception_msgs__rosidl_typesupport_cpp
[17.300s] [ 70%] Built target perception_msgs__rosidl_typesupport_fastrtps_cpp
[17.386s] [ 70%] Built target perception_msgs__rosidl_typesupport_introspection_c
[17.520s] [ 71%] [34m[1mGenerating C type support for eProsima Fast-RTPS[0m
[18.573s] [35m[1mScanning dependencies of target perception_msgs__rosidl_typesupport_fastrtps_c[0m
[18.796s] [ 72%] [32mBuilding CXX object CMakeFiles/perception_msgs__rosidl_typesupport_fastrtps_c.dir/rosidl_typesupport_fastrtps_c/perception_msgs/msg/detail/lane_model__type_support_c.cpp.o[0m
[18.806s] [ 73%] [32mBuilding CXX object CMakeFiles/perception_msgs__rosidl_typesupport_fastrtps_c.dir/rosidl_typesupport_fastrtps_c/perception_msgs/msg/detail/traffic_signs__type_support_c.cpp.o[0m
[18.812s] [ 74%] [32mBuilding CXX object CMakeFiles/perception_msgs__rosidl_typesupport_fastrtps_c.dir/rosidl_typesupport_fastrtps_c/perception_msgs/msg/detail/traffic_sign__type_support_c.cpp.o[0m
[18.817s] [ 75%] [32mBuilding CXX object CMakeFiles/perception_msgs__rosidl_typesupport_fastrtps_c.dir/rosidl_typesupport_fastrtps_c/perception_msgs/msg/detail/traffic_light_state__type_support_c.cpp.o[0m
[19.595s] [ 76%] [32mBuilding CXX object CMakeFiles/perception_msgs__rosidl_typesupport_fastrtps_c.dir/rosidl_typesupport_fastrtps_c/perception_msgs/msg/detail/perception_diagnostics__type_support_c.cpp.o[0m
[19.606s] [ 77%] [32mBuilding CXX object CMakeFiles/perception_msgs__rosidl_typesupport_fastrtps_c.dir/rosidl_typesupport_fastrtps_c/perception_msgs/msg/detail/junction__type_support_c.cpp.o[0m
[19.624s] [ 78%] [32mBuilding CXX object CMakeFiles/perception_msgs__rosidl_typesupport_fastrtps_c.dir/rosidl_typesupport_fastrtps_c/perception_msgs/msg/detail/stop_target__type_support_c.cpp.o[0m
[19.636s] [ 80%] [32mBuilding CXX object CMakeFiles/perception_msgs__rosidl_typesupport_fastrtps_c.dir/rosidl_typesupport_fastrtps_c/perception_msgs/msg/detail/obstacle_tracks__type_support_c.cpp.o[0m
[20.476s] [ 81%] [32mBuilding CXX object CMakeFiles/perception_msgs__rosidl_typesupport_fastrtps_c.dir/rosidl_typesupport_fastrtps_c/perception_msgs/msg/detail/obstacle_track__type_support_c.cpp.o[0m
[21.254s] [ 82%] [32m[1mLinking CXX shared library libperception_msgs__rosidl_typesupport_fastrtps_c.so[0m
[21.711s] [ 82%] Built target perception_msgs__rosidl_typesupport_fastrtps_c
[21.801s] [35m[1mScanning dependencies of target perception_msgs[0m
[21.879s] [ 82%] Built target perception_msgs
[21.957s] [35m[1mScanning dependencies of target perception_msgs__py[0m
[22.055s] [ 83%] [34m[1mGenerating Python code for ROS interfaces[0m
[24.000s] [ 83%] Built target perception_msgs__py
[24.070s] [35m[1mScanning dependencies of target perception_msgs__python[0m
[24.404s] [ 84%] [32mBuilding C object CMakeFiles/perception_msgs__python.dir/rosidl_generator_py/perception_msgs/msg/_traffic_light_state_s.c.o[0m
[24.408s] [ 85%] [32mBuilding C object CMakeFiles/perception_msgs__python.dir/rosidl_generator_py/perception_msgs/msg/_traffic_sign_s.c.o[0m
[24.415s] [ 86%] [32mBuilding C object CMakeFiles/perception_msgs__python.dir/rosidl_generator_py/perception_msgs/msg/_lane_model_s.c.o[0m
[24.801s] [ 87%] [32mBuilding C object CMakeFiles/perception_msgs__python.dir/rosidl_generator_py/perception_msgs/msg/_junction_s.c.o[0m
[24.808s] [ 88%] [32mBuilding C object CMakeFiles/perception_msgs__python.dir/rosidl_generator_py/perception_msgs/msg/_stop_target_s.c.o[0m
[24.811s] [ 89%] [32mBuilding C object CMakeFiles/perception_msgs__python.dir/rosidl_generator_py/perception_msgs/msg/_perception_diagnostics_s.c.o[0m
[24.821s] [ 90%] [32mBuilding C object CMakeFiles/perception_msgs__python.dir/rosidl_generator_py/perception_msgs/msg/_obstacle_tracks_s.c.o[0m
[25.147s] [ 91%] [32mBuilding C object CMakeFiles/perception_msgs__python.dir/rosidl_generator_py/perception_msgs/msg/_traffic_signs_s.c.o[0m
[25.155s] [ 92%] [32mBuilding C object CMakeFiles/perception_msgs__python.dir/rosidl_generator_py/perception_msgs/msg/_obstacle_track_s.c.o[0m
[25.511s] [ 93%] [32m[1mLinking C shared library rosidl_generator_py/perception_msgs/libperception_msgs__python.so[0m
[25.679s] [ 93%] Built target perception_msgs__python
[25.753s] [35m[1mScanning dependencies of target perception_msgs__rosidl_typesupport_introspection_c__pyext[0m
[25.759s] [35m[1mScanning dependencies of target perception_msgs__rosidl_typesupport_c__pyext[0m
[25.776s] [35m[1mScanning dependencies of target perception_msgs__rosidl_typesupport_fastrtps_c__pyext[0m
[25.939s] [ 94%] [32mBuilding C object CMakeFiles/perception_msgs__rosidl_typesupport_introspection_c__pyext.dir/rosidl_generator_py/perception_msgs/_perception_msgs_s.ep.rosidl_typesupport_introspection_c.c.o[0m
[25.952s] [ 95%] [32mBuilding C object CMakeFiles/perception_msgs__rosidl_typesupport_c__pyext.dir/rosidl_generator_py/perception_msgs/_perception_msgs_s.ep.rosidl_typesupport_c.c.o[0m
[25.982s] [ 96%] [32mBuilding C object CMakeFiles/perception_msgs__rosidl_typesupport_fastrtps_c__pyext.dir/rosidl_generator_py/perception_msgs/_perception_msgs_s.ep.rosidl_typesupport_fastrtps_c.c.o[0m
[26.339s] [ 97%] [32m[1mLinking C shared library rosidl_generator_py/perception_msgs/perception_msgs_s__rosidl_typesupport_introspection_c.cpython-38-x86_64-linux-gnu.so[0m
[26.371s] [ 98%] [32m[1mLinking C shared library rosidl_generator_py/perception_msgs/perception_msgs_s__rosidl_typesupport_c.cpython-38-x86_64-linux-gnu.so[0m
[26.392s] [100%] [32m[1mLinking CXX shared library rosidl_generator_py/perception_msgs/perception_msgs_s__rosidl_typesupport_fastrtps_c.cpython-38-x86_64-linux-gnu.so[0m
[26.508s] [100%] Built target perception_msgs__rosidl_typesupport_introspection_c__pyext
[26.525s] [100%] Built target perception_msgs__rosidl_typesupport_c__pyext
[26.571s] [100%] Built target perception_msgs__rosidl_typesupport_fastrtps_c__pyext
[26.651s] Invoked command in '/ros2_ws/build/perception_msgs' returned '0': CMAKE_PREFIX_PATH=/opt/ros/foxy /usr/bin/cmake --build /ros2_ws/build/perception_msgs -- -j10 -l10
[29.214s] Invoking command in '/ros2_ws/build/perception_msgs': CMAKE_PREFIX_PATH=/opt/ros/foxy /usr/bin/cmake --install /ros2_ws/build/perception_msgs
[29.245s] -- Install configuration: ""
[29.248s] -- Installing: /ros2_ws/install/perception_msgs/share/ament_index/resource_index/rosidl_interfaces/perception_msgs
[29.251s] -- Installing: /ros2_ws/install/perception_msgs/include/perception_msgs
[29.252s] -- Installing: /ros2_ws/install/perception_msgs/include/perception_msgs/msg
[29.254s] -- Installing: /ros2_ws/install/perception_msgs/include/perception_msgs/msg/obstacle_track.h
[29.257s] -- Installing: /ros2_ws/install/perception_msgs/include/perception_msgs/msg/rosidl_generator_c__visibility_control.h
[29.259s] -- Installing: /ros2_ws/install/perception_msgs/include/perception_msgs/msg/obstacle_tracks.h
[29.260s] -- Installing: /ros2_ws/install/perception_msgs/include/perception_msgs/msg/traffic_light_state.h
[29.261s] -- Installing: /ros2_ws/install/perception_msgs/include/perception_msgs/msg/detail
[29.262s] -- Installing: /ros2_ws/install/perception_msgs/include/perception_msgs/msg/detail/perception_diagnostics__functions.h
[29.264s] -- Installing: /ros2_ws/install/perception_msgs/include/perception_msgs/msg/detail/obstacle_tracks__struct.h
[29.268s] -- Installing: /ros2_ws/install/perception_msgs/include/perception_msgs/msg/detail/lane_model__struct.h
[29.270s] -- Installing: /ros2_ws/install/perception_msgs/include/perception_msgs/msg/detail/obstacle_tracks__functions.c
[29.271s] -- Installing: /ros2_ws/install/perception_msgs/include/perception_msgs/msg/detail/stop_target__functions.c
[29.272s] -- Installing: /ros2_ws/install/perception_msgs/include/perception_msgs/msg/detail/perception_diagnostics__type_support.h
[29.274s] -- Installing: /ros2_ws/install/perception_msgs/include/perception_msgs/msg/detail/obstacle_track__functions.c
[29.276s] -- Installing: /ros2_ws/install/perception_msgs/include/perception_msgs/msg/detail/stop_target__type_support.h
[29.277s] -- Installing: /ros2_ws/install/perception_msgs/include/perception_msgs/msg/detail/traffic_light_state__functions.c
[29.279s] -- Installing: /ros2_ws/install/perception_msgs/include/perception_msgs/msg/detail/traffic_sign__struct.h
[29.280s] -- Installing: /ros2_ws/install/perception_msgs/include/perception_msgs/msg/detail/lane_model__functions.h
[29.281s] -- Installing: /ros2_ws/install/perception_msgs/include/perception_msgs/msg/detail/traffic_sign__functions.h
[29.282s] -- Installing: /ros2_ws/install/perception_msgs/include/perception_msgs/msg/detail/traffic_signs__functions.c
[29.283s] -- Installing: /ros2_ws/install/perception_msgs/include/perception_msgs/msg/detail/traffic_light_state__type_support.h
[29.285s] -- Installing: /ros2_ws/install/perception_msgs/include/perception_msgs/msg/detail/junction__functions.h
[29.286s] -- Installing: /ros2_ws/install/perception_msgs/include/perception_msgs/msg/detail/junction__struct.h
[29.287s] -- Installing: /ros2_ws/install/perception_msgs/include/perception_msgs/msg/detail/perception_diagnostics__functions.c
[29.288s] -- Installing: /ros2_ws/install/perception_msgs/include/perception_msgs/msg/detail/stop_target__struct.h
[29.289s] -- Installing: /ros2_ws/install/perception_msgs/include/perception_msgs/msg/detail/obstacle_tracks__functions.h
[29.291s] -- Installing: /ros2_ws/install/perception_msgs/include/perception_msgs/msg/detail/perception_diagnostics__struct.h
[29.292s] -- Installing: /ros2_ws/install/perception_msgs/include/perception_msgs/msg/detail/stop_target__functions.h
[29.293s] -- Installing: /ros2_ws/install/perception_msgs/include/perception_msgs/msg/detail/obstacle_tracks__type_support.h
[29.294s] -- Installing: /ros2_ws/install/perception_msgs/include/perception_msgs/msg/detail/obstacle_track__struct.h
[29.299s] -- Installing: /ros2_ws/install/perception_msgs/include/perception_msgs/msg/detail/traffic_sign__type_support.h
[29.300s] -- Installing: /ros2_ws/install/perception_msgs/include/perception_msgs/msg/detail/obstacle_track__type_support.h
[29.302s] -- Installing: /ros2_ws/install/perception_msgs/include/perception_msgs/msg/detail/lane_model__type_support.h
[29.303s] -- Installing: /ros2_ws/install/perception_msgs/include/perception_msgs/msg/detail/traffic_light_state__functions.h
[29.304s] -- Installing: /ros2_ws/install/perception_msgs/include/perception_msgs/msg/detail/obstacle_track__functions.h
[29.305s] -- Installing: /ros2_ws/install/perception_msgs/include/perception_msgs/msg/detail/traffic_signs__type_support.h
[29.306s] -- Installing: /ros2_ws/install/perception_msgs/include/perception_msgs/msg/detail/junction__type_support.h
[29.307s] -- Installing: /ros2_ws/install/perception_msgs/include/perception_msgs/msg/detail/traffic_signs__struct.h
[29.309s] -- Installing: /ros2_ws/install/perception_msgs/include/perception_msgs/msg/detail/junction__functions.c
[29.314s] -- Installing: /ros2_ws/install/perception_msgs/include/perception_msgs/msg/detail/traffic_signs__functions.h
[29.315s] -- Installing: /ros2_ws/install/perception_msgs/include/perception_msgs/msg/detail/lane_model__functions.c
[29.316s] -- Installing: /ros2_ws/install/perception_msgs/include/perception_msgs/msg/detail/traffic_light_state__struct.h
[29.318s] -- Installing: /ros2_ws/install/perception_msgs/include/perception_msgs/msg/detail/traffic_sign__functions.c
[29.320s] -- Installing: /ros2_ws/install/perception_msgs/include/perception_msgs/msg/junction.h
[29.320s] -- Installing: /ros2_ws/install/perception_msgs/include/perception_msgs/msg/lane_model.h
[29.322s] -- Installing: /ros2_ws/install/perception_msgs/include/perception_msgs/msg/perception_diagnostics.h
[29.323s] -- Installing: /ros2_ws/install/perception_msgs/include/perception_msgs/msg/traffic_signs.h
[29.326s] -- Installing: /ros2_ws/install/perception_msgs/include/perception_msgs/msg/stop_target.h
[29.328s] -- Installing: /ros2_ws/install/perception_msgs/include/perception_msgs/msg/traffic_sign.h
[29.329s] -- Installing: /ros2_ws/install/perception_msgs/share/perception_msgs/environment/library_path.sh
[29.331s] -- Installing: /ros2_ws/install/perception_msgs/share/perception_msgs/environment/library_path.dsv
[29.336s] -- Installing: /ros2_ws/install/perception_msgs/lib/libperception_msgs__rosidl_generator_c.so
[29.339s] -- Set runtime path of "/ros2_ws/install/perception_msgs/lib/libperception_msgs__rosidl_generator_c.so" to ""
[29.339s] -- Up-to-date: /ros2_ws/install/perception_msgs/include/perception_msgs
[29.339s] -- Up-to-date: /ros2_ws/install/perception_msgs/include/perception_msgs/msg
[29.340s] -- Up-to-date: /ros2_ws/install/perception_msgs/include/perception_msgs/msg/detail
[29.340s] -- Installing: /ros2_ws/install/perception_msgs/include/perception_msgs/msg/detail/stop_target__rosidl_typesupport_fastrtps_c.h
[29.342s] -- Installing: /ros2_ws/install/perception_msgs/include/perception_msgs/msg/detail/obstacle_track__rosidl_typesupport_fastrtps_c.h
[29.345s] -- Installing: /ros2_ws/install/perception_msgs/include/perception_msgs/msg/detail/traffic_sign__rosidl_typesupport_fastrtps_c.h
[29.347s] -- Installing: /ros2_ws/install/perception_msgs/include/perception_msgs/msg/detail/traffic_signs__rosidl_typesupport_fastrtps_c.h
[29.350s] -- Installing: /ros2_ws/install/perception_msgs/include/perception_msgs/msg/detail/junction__rosidl_typesupport_fastrtps_c.h
[29.351s] -- Installing: /ros2_ws/install/perception_msgs/include/perception_msgs/msg/detail/obstacle_tracks__rosidl_typesupport_fastrtps_c.h
[29.352s] -- Installing: /ros2_ws/install/perception_msgs/include/perception_msgs/msg/detail/perception_diagnostics__rosidl_typesupport_fastrtps_c.h
[29.355s] -- Installing: /ros2_ws/install/perception_msgs/include/perception_msgs/msg/detail/traffic_light_state__rosidl_typesupport_fastrtps_c.h
[29.356s] -- Installing: /ros2_ws/install/perception_msgs/include/perception_msgs/msg/detail/lane_model__rosidl_typesupport_fastrtps_c.h
[29.358s] -- Installing: /ros2_ws/install/perception_msgs/include/perception_msgs/msg/rosidl_typesupport_fastrtps_c__visibility_control.h
[29.359s] -- Installing: /ros2_ws/install/perception_msgs/lib/libperception_msgs__rosidl_typesupport_fastrtps_c.so
[29.362s] -- Set runtime path of "/ros2_ws/install/perception_msgs/lib/libperception_msgs__rosidl_typesupport_fastrtps_c.so" to ""
[29.362s] -- Up-to-date: /ros2_ws/install/perception_msgs/include/perception_msgs
[29.364s] -- Up-to-date: /ros2_ws/install/perception_msgs/include/perception_msgs/msg
[29.365s] -- Installing: /ros2_ws/install/perception_msgs/include/perception_msgs/msg/rosidl_typesupport_fastrtps_cpp__visibility_control.h
[29.366s] -- Up-to-date: /ros2_ws/install/perception_msgs/include/perception_msgs/msg/detail
[29.367s] -- Installing: /ros2_ws/install/perception_msgs/include/perception_msgs/msg/detail/obstacle_tracks__rosidl_typesupport_fastrtps_cpp.hpp
[29.370s] -- Installing: /ros2_ws/install/perception_msgs/include/perception_msgs/msg/detail/lane_model__rosidl_typesupport_fastrtps_cpp.hpp
[29.374s] -- Installing: /ros2_ws/install/perception_msgs/include/perception_msgs/msg/detail/stop_target__rosidl_typesupport_fastrtps_cpp.hpp
[29.375s] -- Installing: /ros2_ws/install/perception_msgs/include/perception_msgs/msg/detail/perception_diagnostics__rosidl_typesupport_fastrtps_cpp.hpp
[29.377s] -- Installing: /ros2_ws/install/perception_msgs/include/perception_msgs/msg/detail/traffic_light_state__rosidl_typesupport_fastrtps_cpp.hpp
[29.378s] -- Installing: /ros2_ws/install/perception_msgs/include/perception_msgs/msg/detail/obstacle_track__rosidl_typesupport_fastrtps_cpp.hpp
[29.380s] -- Installing: /ros2_ws/install/perception_msgs/include/perception_msgs/msg/detail/traffic_signs__rosidl_typesupport_fastrtps_cpp.hpp
[29.382s] -- Installing: /ros2_ws/install/perception_msgs/include/perception_msgs/msg/detail/dds_fastrtps
[29.383s] -- Installing: /ros2_ws/install/perception_msgs/include/perception_msgs/msg/detail/junction__rosidl_typesupport_fastrtps_cpp.hpp
[29.385s] -- Installing: /ros2_ws/install/perception_msgs/include/perception_msgs/msg/detail/traffic_sign__rosidl_typesupport_fastrtps_cpp.hpp
[29.389s] -- Installing: /ros2_ws/install/perception_msgs/lib/libperception_msgs__rosidl_typesupport_fastrtps_cpp.so
[29.392s] -- Set runtime path of "/ros2_ws/install/perception_msgs/lib/libperception_msgs__rosidl_typesupport_fastrtps_cpp.so" to ""
[29.392s] -- Up-to-date: /ros2_ws/install/perception_msgs/include/perception_msgs
[29.392s] -- Up-to-date: /ros2_ws/install/perception_msgs/include/perception_msgs/msg
[29.393s] -- Up-to-date: /ros2_ws/install/perception_msgs/include/perception_msgs/msg/detail
[29.393s] -- Installing: /ros2_ws/install/perception_msgs/include/perception_msgs/msg/detail/stop_target__rosidl_typesupport_introspection_c.h
[29.397s] -- Installing: /ros2_ws/install/perception_msgs/include/perception_msgs/msg/detail/traffic_light_state__rosidl_typesupport_introspection_c.h
[29.401s] -- Installing: /ros2_ws/install/perception_msgs/include/perception_msgs/msg/detail/traffic_sign__type_support.c
[29.401s] -- Installing: /ros2_ws/install/perception_msgs/include/perception_msgs/msg/detail/obstacle_tracks__type_support.c
[29.401s] -- Installing: /ros2_ws/install/perception_msgs/include/perception_msgs/msg/detail/traffic_signs__rosidl_typesupport_introspection_c.h
[29.403s] -- Installing: /ros2_ws/install/perception_msgs/include/perception_msgs/msg/detail/traffic_sign__rosidl_typesupport_introspection_c.h
[29.403s] -- Installing: /ros2_ws/install/perception_msgs/include/perception_msgs/msg/detail/traffic_signs__type_support.c
[29.407s] -- Installing: /ros2_ws/install/perception_msgs/include/perception_msgs/msg/detail/lane_model__type_support.c
[29.414s] -- Installing: /ros2_ws/install/perception_msgs/include/perception_msgs/msg/detail/obstacle_track__type_support.c
[29.418s] -- Installing: /ros2_ws/install/perception_msgs/include/perception_msgs/msg/detail/junction__rosidl_typesupport_introspection_c.h
[29.419s] -- Installing: /ros2_ws/install/perception_msgs/include/perception_msgs/msg/detail/junction__type_support.c
[29.420s] -- Installing: /ros2_ws/install/perception_msgs/include/perception_msgs/msg/detail/perception_diagnostics__type_support.c
[29.421s] -- Installing: /ros2_ws/install/perception_msgs/include/perception_msgs/msg/detail/stop_target__type_support.c
[29.423s] -- Installing: /ros2_ws/install/perception_msgs/include/perception_msgs/msg/detail/lane_model__rosidl_typesupport_introspection_c.h
[29.427s] -- Installing: /ros2_ws/install/perception_msgs/include/perception_msgs/msg/detail/traffic_light_state__type_support.c
[29.428s] -- Installing: /ros2_ws/install/perception_msgs/include/perception_msgs/msg/detail/obstacle_tracks__rosidl_typesupport_introspection_c.h
[29.431s] -- Installing: /ros2_ws/install/perception_msgs/include/perception_msgs/msg/detail/obstacle_track__rosidl_typesupport_introspection_c.h
[29.432s] -- Installing: /ros2_ws/install/perception_msgs/include/perception_msgs/msg/detail/perception_diagnostics__rosidl_typesupport_introspection_c.h
[29.433s] -- Installing: /ros2_ws/install/perception_msgs/include/perception_msgs/msg/rosidl_typesupport_introspection_c__visibility_control.h
[29.435s] -- Installing: /ros2_ws/install/perception_msgs/lib/libperception_msgs__rosidl_typesupport_introspection_c.so
[29.436s] -- Set runtime path of "/ros2_ws/install/perception_msgs/lib/libperception_msgs__rosidl_typesupport_introspection_c.so" to ""
[29.438s] -- Installing: /ros2_ws/install/perception_msgs/lib/libperception_msgs__rosidl_typesupport_c.so
[29.440s] -- Set runtime path of "/ros2_ws/install/perception_msgs/lib/libperception_msgs__rosidl_typesupport_c.so" to ""
[29.440s] -- Up-to-date: /ros2_ws/install/perception_msgs/include/perception_msgs
[29.441s] -- Up-to-date: /ros2_ws/install/perception_msgs/include/perception_msgs/msg
[29.442s] -- Installing: /ros2_ws/install/perception_msgs/include/perception_msgs/msg/lane_model.hpp
[29.443s] -- Installing: /ros2_ws/install/perception_msgs/include/perception_msgs/msg/obstacle_tracks.hpp
[29.446s] -- Installing: /ros2_ws/install/perception_msgs/include/perception_msgs/msg/stop_target.hpp
[29.448s] -- Installing: /ros2_ws/install/perception_msgs/include/perception_msgs/msg/traffic_sign.hpp
[29.449s] -- Installing: /ros2_ws/install/perception_msgs/include/perception_msgs/msg/obstacle_track.hpp
[29.450s] -- Up-to-date: /ros2_ws/install/perception_msgs/include/perception_msgs/msg/detail
[29.451s] -- Installing: /ros2_ws/install/perception_msgs/include/perception_msgs/msg/detail/traffic_signs__builder.hpp
[29.454s] -- Installing: /ros2_ws/install/perception_msgs/include/perception_msgs/msg/detail/stop_target__traits.hpp
[29.456s] -- Installing: /ros2_ws/install/perception_msgs/include/perception_msgs/msg/detail/obstacle_track__traits.hpp
[29.459s] -- Installing: /ros2_ws/install/perception_msgs/include/perception_msgs/msg/detail/traffic_signs__traits.hpp
[29.461s] -- Installing: /ros2_ws/install/perception_msgs/include/perception_msgs/msg/detail/traffic_light_state__struct.hpp
[29.462s] -- Installing: /ros2_ws/install/perception_msgs/include/perception_msgs/msg/detail/obstacle_track__builder.hpp
[29.463s] -- Installing: /ros2_ws/install/perception_msgs/include/perception_msgs/msg/detail/traffic_light_state__builder.hpp
[29.465s] -- Installing: /ros2_ws/install/perception_msgs/include/perception_msgs/msg/detail/obstacle_tracks__struct.hpp
[29.467s] -- Installing: /ros2_ws/install/perception_msgs/include/perception_msgs/msg/detail/perception_diagnostics__traits.hpp
[29.469s] -- Installing: /ros2_ws/install/perception_msgs/include/perception_msgs/msg/detail/stop_target__builder.hpp
[29.470s] -- Installing: /ros2_ws/install/perception_msgs/include/perception_msgs/msg/detail/obstacle_tracks__builder.hpp
[29.475s] -- Installing: /ros2_ws/install/perception_msgs/include/perception_msgs/msg/detail/obstacle_tracks__type_support.hpp
[29.476s] -- Installing: /ros2_ws/install/perception_msgs/include/perception_msgs/msg/detail/traffic_sign__struct.hpp
[29.477s] -- Installing: /ros2_ws/install/perception_msgs/include/perception_msgs/msg/detail/lane_model__struct.hpp
[29.478s] -- Installing: /ros2_ws/install/perception_msgs/include/perception_msgs/msg/detail/junction__traits.hpp
[29.479s] -- Installing: /ros2_ws/install/perception_msgs/include/perception_msgs/msg/detail/obstacle_track__struct.hpp
[29.480s] -- Installing: /ros2_ws/install/perception_msgs/include/perception_msgs/msg/detail/traffic_signs__struct.hpp
[29.481s] -- Installing: /ros2_ws/install/perception_msgs/include/perception_msgs/msg/detail/junction__builder.hpp
[29.483s] -- Installing: /ros2_ws/install/perception_msgs/include/perception_msgs/msg/detail/stop_target__struct.hpp
[29.486s] -- Installing: /ros2_ws/install/perception_msgs/include/perception_msgs/msg/detail/junction__type_support.hpp
[29.489s] -- Installing: /ros2_ws/install/perception_msgs/include/perception_msgs/msg/detail/traffic_sign__builder.hpp
[29.490s] -- Installing: /ros2_ws/install/perception_msgs/include/perception_msgs/msg/detail/lane_model__builder.hpp
[29.491s] -- Installing: /ros2_ws/install/perception_msgs/include/perception_msgs/msg/detail/perception_diagnostics__struct.hpp
[29.492s] -- Installing: /ros2_ws/install/perception_msgs/include/perception_msgs/msg/detail/obstacle_tracks__traits.hpp
[29.493s] -- Installing: /ros2_ws/install/perception_msgs/include/perception_msgs/msg/detail/traffic_light_state__type_support.hpp
[29.494s] -- Installing: /ros2_ws/install/perception_msgs/include/perception_msgs/msg/detail/traffic_light_state__traits.hpp
[29.495s] -- Installing: /ros2_ws/install/perception_msgs/include/perception_msgs/msg/detail/traffic_sign__traits.hpp
[29.498s] -- Installing: /ros2_ws/install/perception_msgs/include/perception_msgs/msg/detail/perception_diagnostics__type_support.hpp
[29.499s] -- Installing: /ros2_ws/install/perception_msgs/include/perception_msgs/msg/detail/lane_model__traits.hpp
[29.502s] -- Installing: /ros2_ws/install/perception_msgs/include/perception_msgs/msg/detail/stop_target__type_support.hpp
[29.504s] -- Installing: /ros2_ws/install/perception_msgs/include/perception_msgs/msg/detail/lane_model__type_support.hpp
[29.505s] -- Installing: /ros2_ws/install/perception_msgs/include/perception_msgs/msg/detail/traffic_sign__type_support.hpp
[29.506s] -- Installing: /ros2_ws/install/perception_msgs/include/perception_msgs/msg/detail/traffic_signs__type_support.hpp
[29.508s] -- Installing: /ros2_ws/install/perception_msgs/include/perception_msgs/msg/detail/obstacle_track__type_support.hpp
[29.509s] -- Installing: /ros2_ws/install/perception_msgs/include/perception_msgs/msg/detail/junction__struct.hpp
[29.512s] -- Installing: /ros2_ws/install/perception_msgs/include/perception_msgs/msg/detail/perception_diagnostics__builder.hpp
[29.513s] -- Installing: /ros2_ws/install/perception_msgs/include/perception_msgs/msg/rosidl_generator_cpp__visibility_control.hpp
[29.514s] -- Installing: /ros2_ws/install/perception_msgs/include/perception_msgs/msg/traffic_light_state.hpp
[29.518s] -- Installing: /ros2_ws/install/perception_msgs/include/perception_msgs/msg/traffic_signs.hpp
[29.522s] -- Installing: /ros2_ws/install/perception_msgs/include/perception_msgs/msg/perception_diagnostics.hpp
[29.523s] -- Installing: /ros2_ws/install/perception_msgs/include/perception_msgs/msg/junction.hpp
[29.524s] -- Up-to-date: /ros2_ws/install/perception_msgs/include/perception_msgs
[29.525s] -- Up-to-date: /ros2_ws/install/perception_msgs/include/perception_msgs/msg
[29.525s] -- Up-to-date: /ros2_ws/install/perception_msgs/include/perception_msgs/msg/detail
[29.526s] -- Installing: /ros2_ws/install/perception_msgs/include/perception_msgs/msg/detail/perception_diagnostics__type_support.cpp
[29.529s] -- Installing: /ros2_ws/install/perception_msgs/include/perception_msgs/msg/detail/stop_target__type_support.cpp
[29.531s] -- Installing: /ros2_ws/install/perception_msgs/include/perception_msgs/msg/detail/obstacle_tracks__rosidl_typesupport_introspection_cpp.hpp
[29.533s] -- Installing: /ros2_ws/install/perception_msgs/include/perception_msgs/msg/detail/traffic_sign__type_support.cpp
[29.535s] -- Installing: /ros2_ws/install/perception_msgs/include/perception_msgs/msg/detail/lane_model__type_support.cpp
[29.538s] -- Installing: /ros2_ws/install/perception_msgs/include/perception_msgs/msg/detail/traffic_signs__type_support.cpp
[29.542s] -- Installing: /ros2_ws/install/perception_msgs/include/perception_msgs/msg/detail/obstacle_track__type_support.cpp
[29.543s] -- Installing: /ros2_ws/install/perception_msgs/include/perception_msgs/msg/detail/obstacle_track__rosidl_typesupport_introspection_cpp.hpp
[29.544s] -- Installing: /ros2_ws/install/perception_msgs/include/perception_msgs/msg/detail/junction__rosidl_typesupport_introspection_cpp.hpp
[29.545s] -- Installing: /ros2_ws/install/perception_msgs/include/perception_msgs/msg/detail/stop_target__rosidl_typesupport_introspection_cpp.hpp
[29.546s] -- Installing: /ros2_ws/install/perception_msgs/include/perception_msgs/msg/detail/perception_diagnostics__rosidl_typesupport_introspection_cpp.hpp
[29.547s] -- Installing: /ros2_ws/install/perception_msgs/include/perception_msgs/msg/detail/traffic_light_state__rosidl_typesupport_introspection_cpp.hpp
[29.551s] -- Installing: /ros2_ws/install/perception_msgs/include/perception_msgs/msg/detail/junction__type_support.cpp
[29.552s] -- Installing: /ros2_ws/install/perception_msgs/include/perception_msgs/msg/detail/traffic_light_state__type_support.cpp
[29.556s] -- Installing: /ros2_ws/install/perception_msgs/include/perception_msgs/msg/detail/lane_model__rosidl_typesupport_introspection_cpp.hpp
[29.557s] -- Installing: /ros2_ws/install/perception_msgs/include/perception_msgs/msg/detail/obstacle_tracks__type_support.cpp
[29.558s] -- Installing: /ros2_ws/install/perception_msgs/include/perception_msgs/msg/detail/traffic_sign__rosidl_typesupport_introspection_cpp.hpp
[29.559s] -- Installing: /ros2_ws/install/perception_msgs/include/perception_msgs/msg/detail/traffic_signs__rosidl_typesupport_introspection_cpp.hpp
[29.561s] -- Installing: /ros2_ws/install/perception_msgs/lib/libperception_msgs__rosidl_typesupport_introspection_cpp.so
[29.565s] -- Set runtime path of "/ros2_ws/install/perception_msgs/lib/libperception_msgs__rosidl_typesupport_introspection_cpp.so" to ""
[29.566s] -- Installing: /ros2_ws/install/perception_msgs/lib/libperception_msgs__rosidl_typesupport_cpp.so
[29.570s] -- Set runtime path of "/ros2_ws/install/perception_msgs/lib/libperception_msgs__rosidl_typesupport_cpp.so" to ""
[29.570s] -- Installing: /ros2_ws/install/perception_msgs/share/perception_msgs/environment/pythonpath.sh
[29.571s] -- Installing: /ros2_ws/install/perception_msgs/share/perception_msgs/environment/pythonpath.dsv
[29.574s] -- Installing: /ros2_ws/install/perception_msgs/lib/python3.8/site-packages/perception_msgs/__init__.py
[29.661s] Compiling '/ros2_ws/install/perception_msgs/lib/python3.8/site-packages/perception_msgs/__init__.py'...
[29.664s] -- Installing: /ros2_ws/install/perception_msgs/lib/python3.8/site-packages/perception_msgs/msg
[29.665s] -- Installing: /ros2_ws/install/perception_msgs/lib/python3.8/site-packages/perception_msgs/msg/_lane_model.py
[29.669s] -- Installing: /ros2_ws/install/perception_msgs/lib/python3.8/site-packages/perception_msgs/msg/_lane_model_s.c
[29.670s] -- Installing: /ros2_ws/install/perception_msgs/lib/python3.8/site-packages/perception_msgs/msg/_stop_target.py
[29.673s] -- Installing: /ros2_ws/install/perception_msgs/lib/python3.8/site-packages/perception_msgs/msg/_traffic_sign.py
[29.674s] -- Installing: /ros2_ws/install/perception_msgs/lib/python3.8/site-packages/perception_msgs/msg/_obstacle_tracks.py
[29.675s] -- Installing: /ros2_ws/install/perception_msgs/lib/python3.8/site-packages/perception_msgs/msg/_obstacle_tracks_s.c
[29.676s] -- Installing: /ros2_ws/install/perception_msgs/lib/python3.8/site-packages/perception_msgs/msg/_obstacle_track.py
[29.678s] -- Installing: /ros2_ws/install/perception_msgs/lib/python3.8/site-packages/perception_msgs/msg/_perception_diagnostics.py
[29.679s] -- Installing: /ros2_ws/install/perception_msgs/lib/python3.8/site-packages/perception_msgs/msg/_obstacle_track_s.c
[29.681s] -- Installing: /ros2_ws/install/perception_msgs/lib/python3.8/site-packages/perception_msgs/msg/__init__.py
[29.682s] -- Installing: /ros2_ws/install/perception_msgs/lib/python3.8/site-packages/perception_msgs/msg/_traffic_sign_s.c
[29.683s] -- Installing: /ros2_ws/install/perception_msgs/lib/python3.8/site-packages/perception_msgs/msg/_junction_s.c
[29.688s] -- Installing: /ros2_ws/install/perception_msgs/lib/python3.8/site-packages/perception_msgs/msg/_junction.py
[29.689s] -- Installing: /ros2_ws/install/perception_msgs/lib/python3.8/site-packages/perception_msgs/msg/_stop_target_s.c
[29.690s] -- Installing: /ros2_ws/install/perception_msgs/lib/python3.8/site-packages/perception_msgs/msg/_traffic_light_state.py
[29.691s] -- Installing: /ros2_ws/install/perception_msgs/lib/python3.8/site-packages/perception_msgs/msg/_traffic_signs_s.c
[29.693s] -- Installing: /ros2_ws/install/perception_msgs/lib/python3.8/site-packages/perception_msgs/msg/_perception_diagnostics_s.c
[29.694s] -- Installing: /ros2_ws/install/perception_msgs/lib/python3.8/site-packages/perception_msgs/msg/_traffic_signs.py
[29.696s] -- Installing: /ros2_ws/install/perception_msgs/lib/python3.8/site-packages/perception_msgs/msg/_traffic_light_state_s.c
[29.698s] -- Installing: /ros2_ws/install/perception_msgs/lib/python3.8/site-packages/perception_msgs/perception_msgs_s__rosidl_typesupport_fastrtps_c.cpython-38-x86_64-linux-gnu.so
[29.704s] -- Set runtime path of "/ros2_ws/install/perception_msgs/lib/python3.8/site-packages/perception_msgs/perception_msgs_s__rosidl_typesupport_fastrtps_c.cpython-38-x86_64-linux-gnu.so" to ""
[29.705s] -- Installing: /ros2_ws/install/perception_msgs/lib/python3.8/site-packages/perception_msgs/perception_msgs_s__rosidl_typesupport_introspection_c.cpython-38-x86_64-linux-gnu.so
[29.707s] -- Set runtime path of "/ros2_ws/install/perception_msgs/lib/python3.8/site-packages/perception_msgs/perception_msgs_s__rosidl_typesupport_introspection_c.cpython-38-x86_64-linux-gnu.so" to ""
[29.708s] -- Installing: /ros2_ws/install/perception_msgs/lib/python3.8/site-packages/perception_msgs/perception_msgs_s__rosidl_typesupport_c.cpython-38-x86_64-linux-gnu.so
[29.710s] -- Set runtime path of "/ros2_ws/install/perception_msgs/lib/python3.8/site-packages/perception_msgs/perception_msgs_s__rosidl_typesupport_c.cpython-38-x86_64-linux-gnu.so" to ""
[29.710s] -- Installing: /ros2_ws/install/perception_msgs/lib/libperception_msgs__python.so
[29.712s] -- Set runtime path of "/ros2_ws/install/perception_msgs/lib/libperception_msgs__python.so" to ""
[29.713s] -- Installing: /ros2_ws/install/perception_msgs/share/perception_msgs/msg/LaneModel.idl
[29.714s] -- Installing: /ros2_ws/install/perception_msgs/share/perception_msgs/msg/TrafficLightState.idl
[29.715s] -- Installing: /ros2_ws/install/perception_msgs/share/perception_msgs/msg/TrafficSign.idl
[29.716s] -- Installing: /ros2_ws/install/perception_msgs/share/perception_msgs/msg/TrafficSigns.idl
[29.717s] -- Installing: /ros2_ws/install/perception_msgs/share/perception_msgs/msg/ObstacleTrack.idl
[29.719s] -- Installing: /ros2_ws/install/perception_msgs/share/perception_msgs/msg/ObstacleTracks.idl
[29.723s] -- Installing: /ros2_ws/install/perception_msgs/share/perception_msgs/msg/StopTarget.idl
[29.724s] -- Installing: /ros2_ws/install/perception_msgs/share/perception_msgs/msg/Junction.idl
[29.725s] -- Installing: /ros2_ws/install/perception_msgs/share/perception_msgs/msg/PerceptionDiagnostics.idl
[29.727s] -- Installing: /ros2_ws/install/perception_msgs/share/perception_msgs/msg/LaneModel.msg
[29.728s] -- Installing: /ros2_ws/install/perception_msgs/share/perception_msgs/msg/TrafficLightState.msg
[29.729s] -- Installing: /ros2_ws/install/perception_msgs/share/perception_msgs/msg/TrafficSign.msg
[29.731s] -- Installing: /ros2_ws/install/perception_msgs/share/perception_msgs/msg/TrafficSigns.msg
[29.732s] -- Installing: /ros2_ws/install/perception_msgs/share/perception_msgs/msg/ObstacleTrack.msg
[29.733s] -- Installing: /ros2_ws/install/perception_msgs/share/perception_msgs/msg/ObstacleTracks.msg
[29.734s] -- Installing: /ros2_ws/install/perception_msgs/share/perception_msgs/msg/StopTarget.msg
[29.735s] -- Installing: /ros2_ws/install/perception_msgs/share/perception_msgs/msg/Junction.msg
[29.737s] -- Installing: /ros2_ws/install/perception_msgs/share/perception_msgs/msg/PerceptionDiagnostics.msg
[29.738s] -- Installing: /ros2_ws/install/perception_msgs/share/ament_index/resource_index/package_run_dependencies/perception_msgs
[29.741s] -- Installing: /ros2_ws/install/perception_msgs/share/ament_index/resource_index/parent_prefix_path/perception_msgs
[29.743s] -- Installing: /ros2_ws/install/perception_msgs/share/perception_msgs/environment/ament_prefix_path.sh
[29.744s] -- Installing: /ros2_ws/install/perception_msgs/share/perception_msgs/environment/ament_prefix_path.dsv
[29.745s] -- Installing: /ros2_ws/install/perception_msgs/share/perception_msgs/environment/path.sh
[29.746s] -- Installing: /ros2_ws/install/perception_msgs/share/perception_msgs/environment/path.dsv
[29.748s] -- Installing: /ros2_ws/install/perception_msgs/share/perception_msgs/local_setup.bash
[29.750s] -- Installing: /ros2_ws/install/perception_msgs/share/perception_msgs/local_setup.sh
[29.753s] -- Installing: /ros2_ws/install/perception_msgs/share/perception_msgs/local_setup.zsh
[29.754s] -- Installing: /ros2_ws/install/perception_msgs/share/perception_msgs/local_setup.dsv
[29.756s] -- Installing: /ros2_ws/install/perception_msgs/share/perception_msgs/package.dsv
[29.757s] -- Installing: /ros2_ws/install/perception_msgs/share/ament_index/resource_index/packages/perception_msgs
[29.761s] -- Installing: /ros2_ws/install/perception_msgs/share/perception_msgs/cmake/perception_msgs__rosidl_generator_cExport.cmake
[29.764s] -- Installing: /ros2_ws/install/perception_msgs/share/perception_msgs/cmake/perception_msgs__rosidl_generator_cExport-noconfig.cmake
[29.767s] -- Installing: /ros2_ws/install/perception_msgs/share/perception_msgs/cmake/perception_msgs__rosidl_typesupport_introspection_cExport.cmake
[29.768s] -- Installing: /ros2_ws/install/perception_msgs/share/perception_msgs/cmake/perception_msgs__rosidl_typesupport_introspection_cExport-noconfig.cmake
[29.769s] -- Installing: /ros2_ws/install/perception_msgs/share/perception_msgs/cmake/perception_msgs__rosidl_typesupport_cExport.cmake
[29.770s] -- Installing: /ros2_ws/install/perception_msgs/share/perception_msgs/cmake/perception_msgs__rosidl_typesupport_cExport-noconfig.cmake
[29.772s] -- Installing: /ros2_ws/install/perception_msgs/share/perception_msgs/cmake/perception_msgs__rosidl_generator_cppExport.cmake
[29.773s] -- Installing: /ros2_ws/install/perception_msgs/share/perception_msgs/cmake/perception_msgs__rosidl_typesupport_introspection_cppExport.cmake
[29.774s] -- Installing: /ros2_ws/install/perception_msgs/share/perception_msgs/cmake/perception_msgs__rosidl_typesupport_introspection_cppExport-noconfig.cmake
[29.775s] -- Installing: /ros2_ws/install/perception_msgs/share/perception_msgs/cmake/perception_msgs__rosidl_typesupport_cppExport.cmake
[29.778s] -- Installing: /ros2_ws/install/perception_msgs/share/perception_msgs/cmake/perception_msgs__rosidl_typesupport_cppExport-noconfig.cmake
[29.782s] -- Installing: /ros2_ws/install/perception_msgs/share/perception_msgs/cmake/rosidl_cmake-extras.cmake
[29.783s] -- Installing: /ros2_ws/install/perception_msgs/share/perception_msgs/cmake/ament_cmake_export_dependencies-extras.cmake
[29.785s] -- Installing: /ros2_ws/install/perception_msgs/share/perception_msgs/cmake/ament_cmake_export_libraries-extras.cmake
[29.786s] -- Installing: /ros2_ws/install/perception_msgs/share/perception_msgs/cmake/ament_cmake_export_targets-extras.cmake
[29.789s] -- Installing: /ros2_ws/install/perception_msgs/share/perception_msgs/cmake/ament_cmake_export_include_directories-extras.cmake
[29.794s] -- Installing: /ros2_ws/install/perception_msgs/share/perception_msgs/cmake/rosidl_cmake_export_typesupport_libraries-extras.cmake
[29.795s] -- Installing: /ros2_ws/install/perception_msgs/share/perception_msgs/cmake/rosidl_cmake_export_typesupport_targets-extras.cmake
[29.797s] -- Installing: /ros2_ws/install/perception_msgs/share/perception_msgs/cmake/perception_msgsConfig.cmake
[29.798s] -- Installing: /ros2_ws/install/perception_msgs/share/perception_msgs/cmake/perception_msgsConfig-version.cmake
[29.800s] -- Installing: /ros2_ws/install/perception_msgs/share/perception_msgs/package.xml
