[0.055s] Invoking command in '/ros2_ws/build/planning_msgs': CMAKE_PREFIX_PATH=/opt/ros/foxy /usr/bin/cmake --build /ros2_ws/build/planning_msgs -- -j10 -l10
[0.411s] [  1%] Built target planning_msgs__cpp
[0.535s] [ 12%] Built target planning_msgs__rosidl_generator_c
[0.847s] [ 30%] Built target planning_msgs__rosidl_typesupport_introspection_cpp
[0.857s] [ 35%] Built target planning_msgs__rosidl_typesupport_fastrtps_cpp
[0.927s] [ 47%] Built target planning_msgs__rosidl_typesupport_cpp
[0.995s] [ 58%] Built target planning_msgs__rosidl_typesupport_introspection_c
[1.007s] [ 70%] Built target planning_msgs__rosidl_typesupport_c
[1.124s] [ 82%] Built target planning_msgs__rosidl_typesupport_fastrtps_c
[1.280s] [ 82%] Built target planning_msgs
[1.440s] [ 83%] Built target planning_msgs__py
[1.622s] [ 93%] Built target planning_msgs__python
[1.821s] [ 95%] Built target planning_msgs__rosidl_typesupport_c__pyext
[1.825s] [ 97%] Built target planning_msgs__rosidl_typesupport_introspection_c__pyext
[1.861s] [100%] Built target planning_msgs__rosidl_typesupport_fastrtps_c__pyext
[1.945s] Invoked command in '/ros2_ws/build/planning_msgs' returned '0': CMAKE_PREFIX_PATH=/opt/ros/foxy /usr/bin/cmake --build /ros2_ws/build/planning_msgs -- -j10 -l10
[4.766s] Invoking command in '/ros2_ws/build/planning_msgs': CMAKE_PREFIX_PATH=/opt/ros/foxy /usr/bin/cmake --install /ros2_ws/build/planning_msgs
[4.799s] -- Install configuration: ""
[4.801s] -- Up-to-date: /ros2_ws/install/planning_msgs/share/ament_index/resource_index/rosidl_interfaces/planning_msgs
[4.801s] -- Up-to-date: /ros2_ws/install/planning_msgs/include/planning_msgs
[4.802s] -- Up-to-date: /ros2_ws/install/planning_msgs/include/planning_msgs/msg
[4.802s] -- Up-to-date: /ros2_ws/install/planning_msgs/include/planning_msgs/msg/planning_status.h
[4.803s] -- Up-to-date: /ros2_ws/install/planning_msgs/include/planning_msgs/msg/rosidl_generator_c__visibility_control.h
[4.803s] -- Up-to-date: /ros2_ws/install/planning_msgs/include/planning_msgs/msg/active_route_context.h
[4.803s] -- Up-to-date: /ros2_ws/install/planning_msgs/include/planning_msgs/msg/target_speed.h
[4.803s] -- Up-to-date: /ros2_ws/install/planning_msgs/include/planning_msgs/msg/trajectory_point.h
[4.804s] -- Up-to-date: /ros2_ws/install/planning_msgs/include/planning_msgs/msg/trajectory.h
[4.804s] -- Up-to-date: /ros2_ws/install/planning_msgs/include/planning_msgs/msg/fsm_request.h
[4.805s] -- Up-to-date: /ros2_ws/install/planning_msgs/include/planning_msgs/msg/detail
[4.806s] -- Up-to-date: /ros2_ws/install/planning_msgs/include/planning_msgs/msg/detail/fsm_request__type_support.h
[4.809s] -- Up-to-date: /ros2_ws/install/planning_msgs/include/planning_msgs/msg/detail/controller_feedback__functions.h
[4.811s] -- Up-to-date: /ros2_ws/install/planning_msgs/include/planning_msgs/msg/detail/active_route_context__struct.h
[4.811s] -- Up-to-date: /ros2_ws/install/planning_msgs/include/planning_msgs/msg/detail/target_speed__struct.h
[4.813s] -- Up-to-date: /ros2_ws/install/planning_msgs/include/planning_msgs/msg/detail/active_route_context__type_support.h
[4.814s] -- Up-to-date: /ros2_ws/install/planning_msgs/include/planning_msgs/msg/detail/planning_status__struct.h
[4.814s] -- Up-to-date: /ros2_ws/install/planning_msgs/include/planning_msgs/msg/detail/trajectory_point__type_support.h
[4.815s] -- Up-to-date: /ros2_ws/install/planning_msgs/include/planning_msgs/msg/detail/active_route_context__functions.h
[4.815s] -- Up-to-date: /ros2_ws/install/planning_msgs/include/planning_msgs/msg/detail/fsm_request__functions.c
[4.816s] -- Up-to-date: /ros2_ws/install/planning_msgs/include/planning_msgs/msg/detail/goal_reached__type_support.h
[4.816s] -- Up-to-date: /ros2_ws/install/planning_msgs/include/planning_msgs/msg/detail/goal_reached__functions.c
[4.819s] -- Up-to-date: /ros2_ws/install/planning_msgs/include/planning_msgs/msg/detail/planning_status__functions.h
[4.819s] -- Up-to-date: /ros2_ws/install/planning_msgs/include/planning_msgs/msg/detail/planning_status__type_support.h
[4.820s] -- Up-to-date: /ros2_ws/install/planning_msgs/include/planning_msgs/msg/detail/trajectory_point__struct.h
[4.820s] -- Up-to-date: /ros2_ws/install/planning_msgs/include/planning_msgs/msg/detail/trajectory__functions.c
[4.820s] -- Up-to-date: /ros2_ws/install/planning_msgs/include/planning_msgs/msg/detail/target_speed__functions.c
[4.820s] -- Up-to-date: /ros2_ws/install/planning_msgs/include/planning_msgs/msg/detail/park_complete__functions.c
[4.820s] -- Up-to-date: /ros2_ws/install/planning_msgs/include/planning_msgs/msg/detail/goal_reached__struct.h
[4.820s] -- Up-to-date: /ros2_ws/install/planning_msgs/include/planning_msgs/msg/detail/trajectory_point__functions.h
[4.822s] -- Up-to-date: /ros2_ws/install/planning_msgs/include/planning_msgs/msg/detail/controller_feedback__struct.h
[4.823s] -- Up-to-date: /ros2_ws/install/planning_msgs/include/planning_msgs/msg/detail/park_complete__type_support.h
[4.826s] -- Up-to-date: /ros2_ws/install/planning_msgs/include/planning_msgs/msg/detail/trajectory__struct.h
[4.827s] -- Up-to-date: /ros2_ws/install/planning_msgs/include/planning_msgs/msg/detail/controller_feedback__type_support.h
[4.827s] -- Up-to-date: /ros2_ws/install/planning_msgs/include/planning_msgs/msg/detail/fsm_request__struct.h
[4.827s] -- Up-to-date: /ros2_ws/install/planning_msgs/include/planning_msgs/msg/detail/controller_feedback__functions.c
[4.828s] -- Up-to-date: /ros2_ws/install/planning_msgs/include/planning_msgs/msg/detail/goal_reached__functions.h
[4.828s] -- Up-to-date: /ros2_ws/install/planning_msgs/include/planning_msgs/msg/detail/planning_status__functions.c
[4.828s] -- Up-to-date: /ros2_ws/install/planning_msgs/include/planning_msgs/msg/detail/fsm_request__functions.h
[4.828s] -- Up-to-date: /ros2_ws/install/planning_msgs/include/planning_msgs/msg/detail/active_route_context__functions.c
[4.829s] -- Up-to-date: /ros2_ws/install/planning_msgs/include/planning_msgs/msg/detail/park_complete__struct.h
[4.829s] -- Up-to-date: /ros2_ws/install/planning_msgs/include/planning_msgs/msg/detail/target_speed__type_support.h
[4.830s] -- Up-to-date: /ros2_ws/install/planning_msgs/include/planning_msgs/msg/detail/trajectory__type_support.h
[4.830s] -- Up-to-date: /ros2_ws/install/planning_msgs/include/planning_msgs/msg/detail/trajectory_point__functions.c
[4.830s] -- Up-to-date: /ros2_ws/install/planning_msgs/include/planning_msgs/msg/detail/target_speed__functions.h
[4.833s] -- Up-to-date: /ros2_ws/install/planning_msgs/include/planning_msgs/msg/detail/park_complete__functions.h
[4.833s] -- Up-to-date: /ros2_ws/install/planning_msgs/include/planning_msgs/msg/detail/trajectory__functions.h
[4.833s] -- Up-to-date: /ros2_ws/install/planning_msgs/include/planning_msgs/msg/goal_reached.h
[4.833s] -- Up-to-date: /ros2_ws/install/planning_msgs/include/planning_msgs/msg/controller_feedback.h
[4.833s] -- Up-to-date: /ros2_ws/install/planning_msgs/include/planning_msgs/msg/park_complete.h
[4.833s] -- Up-to-date: /ros2_ws/install/planning_msgs/share/planning_msgs/environment/library_path.sh
[4.834s] -- Up-to-date: /ros2_ws/install/planning_msgs/share/planning_msgs/environment/library_path.dsv
[4.834s] -- Up-to-date: /ros2_ws/install/planning_msgs/lib/libplanning_msgs__rosidl_generator_c.so
[4.834s] -- Up-to-date: /ros2_ws/install/planning_msgs/include/planning_msgs
[4.834s] -- Up-to-date: /ros2_ws/install/planning_msgs/include/planning_msgs/msg
[4.835s] -- Up-to-date: /ros2_ws/install/planning_msgs/include/planning_msgs/msg/detail
[4.835s] -- Up-to-date: /ros2_ws/install/planning_msgs/include/planning_msgs/msg/detail/trajectory_point__rosidl_typesupport_fastrtps_c.h
[4.835s] -- Up-to-date: /ros2_ws/install/planning_msgs/include/planning_msgs/msg/detail/target_speed__rosidl_typesupport_fastrtps_c.h
[4.835s] -- Up-to-date: /ros2_ws/install/planning_msgs/include/planning_msgs/msg/detail/fsm_request__rosidl_typesupport_fastrtps_c.h
[4.836s] -- Up-to-date: /ros2_ws/install/planning_msgs/include/planning_msgs/msg/detail/goal_reached__rosidl_typesupport_fastrtps_c.h
[4.836s] -- Up-to-date: /ros2_ws/install/planning_msgs/include/planning_msgs/msg/detail/trajectory__rosidl_typesupport_fastrtps_c.h
[4.836s] -- Up-to-date: /ros2_ws/install/planning_msgs/include/planning_msgs/msg/detail/park_complete__rosidl_typesupport_fastrtps_c.h
[4.836s] -- Up-to-date: /ros2_ws/install/planning_msgs/include/planning_msgs/msg/detail/controller_feedback__rosidl_typesupport_fastrtps_c.h
[4.836s] -- Up-to-date: /ros2_ws/install/planning_msgs/include/planning_msgs/msg/detail/active_route_context__rosidl_typesupport_fastrtps_c.h
[4.837s] -- Up-to-date: /ros2_ws/install/planning_msgs/include/planning_msgs/msg/detail/planning_status__rosidl_typesupport_fastrtps_c.h
[4.837s] -- Up-to-date: /ros2_ws/install/planning_msgs/include/planning_msgs/msg/rosidl_typesupport_fastrtps_c__visibility_control.h
[4.837s] -- Up-to-date: /ros2_ws/install/planning_msgs/lib/libplanning_msgs__rosidl_typesupport_fastrtps_c.so
[4.838s] -- Up-to-date: /ros2_ws/install/planning_msgs/include/planning_msgs
[4.839s] -- Up-to-date: /ros2_ws/install/planning_msgs/include/planning_msgs/msg
[4.839s] -- Up-to-date: /ros2_ws/install/planning_msgs/include/planning_msgs/msg/rosidl_typesupport_fastrtps_cpp__visibility_control.h
[4.839s] -- Up-to-date: /ros2_ws/install/planning_msgs/include/planning_msgs/msg/detail
[4.840s] -- Up-to-date: /ros2_ws/install/planning_msgs/include/planning_msgs/msg/detail/active_route_context__rosidl_typesupport_fastrtps_cpp.hpp
[4.840s] -- Up-to-date: /ros2_ws/install/planning_msgs/include/planning_msgs/msg/detail/trajectory_point__rosidl_typesupport_fastrtps_cpp.hpp
[4.840s] -- Up-to-date: /ros2_ws/install/planning_msgs/include/planning_msgs/msg/detail/fsm_request__rosidl_typesupport_fastrtps_cpp.hpp
[4.841s] -- Up-to-date: /ros2_ws/install/planning_msgs/include/planning_msgs/msg/detail/controller_feedback__rosidl_typesupport_fastrtps_cpp.hpp
[4.842s] -- Up-to-date: /ros2_ws/install/planning_msgs/include/planning_msgs/msg/detail/planning_status__rosidl_typesupport_fastrtps_cpp.hpp
[4.842s] -- Up-to-date: /ros2_ws/install/planning_msgs/include/planning_msgs/msg/detail/goal_reached__rosidl_typesupport_fastrtps_cpp.hpp
[4.843s] -- Up-to-date: /ros2_ws/install/planning_msgs/include/planning_msgs/msg/detail/trajectory__rosidl_typesupport_fastrtps_cpp.hpp
[4.843s] -- Up-to-date: /ros2_ws/install/planning_msgs/include/planning_msgs/msg/detail/park_complete__rosidl_typesupport_fastrtps_cpp.hpp
[4.844s] -- Up-to-date: /ros2_ws/install/planning_msgs/include/planning_msgs/msg/detail/target_speed__rosidl_typesupport_fastrtps_cpp.hpp
[4.844s] -- Up-to-date: /ros2_ws/install/planning_msgs/include/planning_msgs/msg/detail/dds_fastrtps
[4.845s] -- Up-to-date: /ros2_ws/install/planning_msgs/lib/libplanning_msgs__rosidl_typesupport_fastrtps_cpp.so
[4.845s] -- Up-to-date: /ros2_ws/install/planning_msgs/include/planning_msgs
[4.845s] -- Up-to-date: /ros2_ws/install/planning_msgs/include/planning_msgs/msg
[4.845s] -- Up-to-date: /ros2_ws/install/planning_msgs/include/planning_msgs/msg/detail
[4.846s] -- Up-to-date: /ros2_ws/install/planning_msgs/include/planning_msgs/msg/detail/active_route_context__rosidl_typesupport_introspection_c.h
[4.846s] -- Up-to-date: /ros2_ws/install/planning_msgs/include/planning_msgs/msg/detail/controller_feedback__type_support.c
[4.847s] -- Up-to-date: /ros2_ws/install/planning_msgs/include/planning_msgs/msg/detail/goal_reached__rosidl_typesupport_introspection_c.h
[4.847s] -- Up-to-date: /ros2_ws/install/planning_msgs/include/planning_msgs/msg/detail/trajectory__type_support.c
[4.849s] -- Up-to-date: /ros2_ws/install/planning_msgs/include/planning_msgs/msg/detail/target_speed__type_support.c
[4.853s] -- Up-to-date: /ros2_ws/install/planning_msgs/include/planning_msgs/msg/detail/active_route_context__type_support.c
[4.853s] -- Up-to-date: /ros2_ws/install/planning_msgs/include/planning_msgs/msg/detail/fsm_request__type_support.c
[4.853s] -- Up-to-date: /ros2_ws/install/planning_msgs/include/planning_msgs/msg/detail/goal_reached__type_support.c
[4.854s] -- Up-to-date: /ros2_ws/install/planning_msgs/include/planning_msgs/msg/detail/target_speed__rosidl_typesupport_introspection_c.h
[4.854s] -- Up-to-date: /ros2_ws/install/planning_msgs/include/planning_msgs/msg/detail/controller_feedback__rosidl_typesupport_introspection_c.h
[4.854s] -- Up-to-date: /ros2_ws/install/planning_msgs/include/planning_msgs/msg/detail/trajectory_point__type_support.c
[4.855s] -- Up-to-date: /ros2_ws/install/planning_msgs/include/planning_msgs/msg/detail/park_complete__rosidl_typesupport_introspection_c.h
[4.855s] -- Up-to-date: /ros2_ws/install/planning_msgs/include/planning_msgs/msg/detail/planning_status__rosidl_typesupport_introspection_c.h
[4.856s] -- Up-to-date: /ros2_ws/install/planning_msgs/include/planning_msgs/msg/detail/fsm_request__rosidl_typesupport_introspection_c.h
[4.856s] -- Up-to-date: /ros2_ws/install/planning_msgs/include/planning_msgs/msg/detail/trajectory__rosidl_typesupport_introspection_c.h
[4.856s] -- Up-to-date: /ros2_ws/install/planning_msgs/include/planning_msgs/msg/detail/planning_status__type_support.c
[4.857s] -- Up-to-date: /ros2_ws/install/planning_msgs/include/planning_msgs/msg/detail/park_complete__type_support.c
[4.857s] -- Up-to-date: /ros2_ws/install/planning_msgs/include/planning_msgs/msg/detail/trajectory_point__rosidl_typesupport_introspection_c.h
[4.857s] -- Up-to-date: /ros2_ws/install/planning_msgs/include/planning_msgs/msg/rosidl_typesupport_introspection_c__visibility_control.h
[4.858s] -- Up-to-date: /ros2_ws/install/planning_msgs/lib/libplanning_msgs__rosidl_typesupport_introspection_c.so
[4.858s] -- Up-to-date: /ros2_ws/install/planning_msgs/lib/libplanning_msgs__rosidl_typesupport_c.so
[4.858s] -- Up-to-date: /ros2_ws/install/planning_msgs/include/planning_msgs
[4.859s] -- Up-to-date: /ros2_ws/install/planning_msgs/include/planning_msgs/msg
[4.859s] -- Up-to-date: /ros2_ws/install/planning_msgs/include/planning_msgs/msg/fsm_request.hpp
[4.859s] -- Up-to-date: /ros2_ws/install/planning_msgs/include/planning_msgs/msg/trajectory.hpp
[4.861s] -- Up-to-date: /ros2_ws/install/planning_msgs/include/planning_msgs/msg/active_route_context.hpp
[4.861s] -- Up-to-date: /ros2_ws/install/planning_msgs/include/planning_msgs/msg/trajectory_point.hpp
[4.862s] -- Up-to-date: /ros2_ws/install/planning_msgs/include/planning_msgs/msg/goal_reached.hpp
[4.862s] -- Up-to-date: /ros2_ws/install/planning_msgs/include/planning_msgs/msg/park_complete.hpp
[4.862s] -- Up-to-date: /ros2_ws/install/planning_msgs/include/planning_msgs/msg/detail
[4.863s] -- Up-to-date: /ros2_ws/install/planning_msgs/include/planning_msgs/msg/detail/trajectory__traits.hpp
[4.863s] -- Up-to-date: /ros2_ws/install/planning_msgs/include/planning_msgs/msg/detail/target_speed__builder.hpp
[4.863s] -- Up-to-date: /ros2_ws/install/planning_msgs/include/planning_msgs/msg/detail/park_complete__builder.hpp
[4.864s] -- Up-to-date: /ros2_ws/install/planning_msgs/include/planning_msgs/msg/detail/trajectory_point__traits.hpp
[4.865s] -- Up-to-date: /ros2_ws/install/planning_msgs/include/planning_msgs/msg/detail/trajectory__builder.hpp
[4.865s] -- Up-to-date: /ros2_ws/install/planning_msgs/include/planning_msgs/msg/detail/park_complete__traits.hpp
[4.866s] -- Up-to-date: /ros2_ws/install/planning_msgs/include/planning_msgs/msg/detail/active_route_context__type_support.hpp
[4.866s] -- Up-to-date: /ros2_ws/install/planning_msgs/include/planning_msgs/msg/detail/planning_status__type_support.hpp
[4.866s] -- Up-to-date: /ros2_ws/install/planning_msgs/include/planning_msgs/msg/detail/controller_feedback__type_support.hpp
[4.867s] -- Up-to-date: /ros2_ws/install/planning_msgs/include/planning_msgs/msg/detail/target_speed__struct.hpp
[4.867s] -- Up-to-date: /ros2_ws/install/planning_msgs/include/planning_msgs/msg/detail/goal_reached__type_support.hpp
[4.867s] -- Up-to-date: /ros2_ws/install/planning_msgs/include/planning_msgs/msg/detail/trajectory_point__type_support.hpp
[4.867s] -- Up-to-date: /ros2_ws/install/planning_msgs/include/planning_msgs/msg/detail/target_speed__type_support.hpp
[4.868s] -- Up-to-date: /ros2_ws/install/planning_msgs/include/planning_msgs/msg/detail/fsm_request__builder.hpp
[4.868s] -- Up-to-date: /ros2_ws/install/planning_msgs/include/planning_msgs/msg/detail/goal_reached__builder.hpp
[4.868s] -- Up-to-date: /ros2_ws/install/planning_msgs/include/planning_msgs/msg/detail/planning_status__traits.hpp
[4.869s] -- Up-to-date: /ros2_ws/install/planning_msgs/include/planning_msgs/msg/detail/active_route_context__struct.hpp
[4.869s] -- Up-to-date: /ros2_ws/install/planning_msgs/include/planning_msgs/msg/detail/goal_reached__traits.hpp
[4.869s] -- Up-to-date: /ros2_ws/install/planning_msgs/include/planning_msgs/msg/detail/fsm_request__traits.hpp
[4.869s] -- Up-to-date: /ros2_ws/install/planning_msgs/include/planning_msgs/msg/detail/controller_feedback__traits.hpp
[4.870s] -- Up-to-date: /ros2_ws/install/planning_msgs/include/planning_msgs/msg/detail/trajectory_point__builder.hpp
[4.870s] -- Up-to-date: /ros2_ws/install/planning_msgs/include/planning_msgs/msg/detail/park_complete__struct.hpp
[4.871s] -- Up-to-date: /ros2_ws/install/planning_msgs/include/planning_msgs/msg/detail/trajectory__struct.hpp
[4.872s] -- Up-to-date: /ros2_ws/install/planning_msgs/include/planning_msgs/msg/detail/trajectory_point__struct.hpp
[4.872s] -- Up-to-date: /ros2_ws/install/planning_msgs/include/planning_msgs/msg/detail/target_speed__traits.hpp
[4.873s] -- Up-to-date: /ros2_ws/install/planning_msgs/include/planning_msgs/msg/detail/planning_status__builder.hpp
[4.873s] -- Up-to-date: /ros2_ws/install/planning_msgs/include/planning_msgs/msg/detail/active_route_context__builder.hpp
[4.873s] -- Up-to-date: /ros2_ws/install/planning_msgs/include/planning_msgs/msg/detail/trajectory__type_support.hpp
[4.874s] -- Up-to-date: /ros2_ws/install/planning_msgs/include/planning_msgs/msg/detail/fsm_request__type_support.hpp
[4.875s] -- Up-to-date: /ros2_ws/install/planning_msgs/include/planning_msgs/msg/detail/controller_feedback__struct.hpp
[4.875s] -- Up-to-date: /ros2_ws/install/planning_msgs/include/planning_msgs/msg/detail/fsm_request__struct.hpp
[4.875s] -- Up-to-date: /ros2_ws/install/planning_msgs/include/planning_msgs/msg/detail/controller_feedback__builder.hpp
[4.876s] -- Up-to-date: /ros2_ws/install/planning_msgs/include/planning_msgs/msg/detail/park_complete__type_support.hpp
[4.876s] -- Up-to-date: /ros2_ws/install/planning_msgs/include/planning_msgs/msg/detail/planning_status__struct.hpp
[4.876s] -- Up-to-date: /ros2_ws/install/planning_msgs/include/planning_msgs/msg/detail/active_route_context__traits.hpp
[4.877s] -- Up-to-date: /ros2_ws/install/planning_msgs/include/planning_msgs/msg/detail/goal_reached__struct.hpp
[4.878s] -- Up-to-date: /ros2_ws/install/planning_msgs/include/planning_msgs/msg/rosidl_generator_cpp__visibility_control.hpp
[4.879s] -- Up-to-date: /ros2_ws/install/planning_msgs/include/planning_msgs/msg/planning_status.hpp
[4.879s] -- Up-to-date: /ros2_ws/install/planning_msgs/include/planning_msgs/msg/target_speed.hpp
[4.880s] -- Up-to-date: /ros2_ws/install/planning_msgs/include/planning_msgs/msg/controller_feedback.hpp
[4.881s] -- Up-to-date: /ros2_ws/install/planning_msgs/include/planning_msgs
[4.881s] -- Up-to-date: /ros2_ws/install/planning_msgs/include/planning_msgs/msg
[4.882s] -- Up-to-date: /ros2_ws/install/planning_msgs/include/planning_msgs/msg/detail
[4.882s] -- Up-to-date: /ros2_ws/install/planning_msgs/include/planning_msgs/msg/detail/fsm_request__rosidl_typesupport_introspection_cpp.hpp
[4.883s] -- Up-to-date: /ros2_ws/install/planning_msgs/include/planning_msgs/msg/detail/trajectory__type_support.cpp
[4.884s] -- Up-to-date: /ros2_ws/install/planning_msgs/include/planning_msgs/msg/detail/controller_feedback__rosidl_typesupport_introspection_cpp.hpp
[4.885s] -- Up-to-date: /ros2_ws/install/planning_msgs/include/planning_msgs/msg/detail/fsm_request__type_support.cpp
[4.885s] -- Up-to-date: /ros2_ws/install/planning_msgs/include/planning_msgs/msg/detail/goal_reached__rosidl_typesupport_introspection_cpp.hpp
[4.887s] -- Up-to-date: /ros2_ws/install/planning_msgs/include/planning_msgs/msg/detail/park_complete__type_support.cpp
[4.887s] -- Up-to-date: /ros2_ws/install/planning_msgs/include/planning_msgs/msg/detail/target_speed__rosidl_typesupport_introspection_cpp.hpp
[4.888s] -- Up-to-date: /ros2_ws/install/planning_msgs/include/planning_msgs/msg/detail/park_complete__rosidl_typesupport_introspection_cpp.hpp
[4.888s] -- Up-to-date: /ros2_ws/install/planning_msgs/include/planning_msgs/msg/detail/planning_status__rosidl_typesupport_introspection_cpp.hpp
[4.888s] -- Up-to-date: /ros2_ws/install/planning_msgs/include/planning_msgs/msg/detail/goal_reached__type_support.cpp
[4.889s] -- Up-to-date: /ros2_ws/install/planning_msgs/include/planning_msgs/msg/detail/trajectory_point__type_support.cpp
[4.890s] -- Up-to-date: /ros2_ws/install/planning_msgs/include/planning_msgs/msg/detail/target_speed__type_support.cpp
[4.890s] -- Up-to-date: /ros2_ws/install/planning_msgs/include/planning_msgs/msg/detail/trajectory_point__rosidl_typesupport_introspection_cpp.hpp
[4.890s] -- Up-to-date: /ros2_ws/install/planning_msgs/include/planning_msgs/msg/detail/planning_status__type_support.cpp
[4.890s] -- Up-to-date: /ros2_ws/install/planning_msgs/include/planning_msgs/msg/detail/active_route_context__type_support.cpp
[4.891s] -- Up-to-date: /ros2_ws/install/planning_msgs/include/planning_msgs/msg/detail/trajectory__rosidl_typesupport_introspection_cpp.hpp
[4.892s] -- Up-to-date: /ros2_ws/install/planning_msgs/include/planning_msgs/msg/detail/controller_feedback__type_support.cpp
[4.893s] -- Up-to-date: /ros2_ws/install/planning_msgs/include/planning_msgs/msg/detail/active_route_context__rosidl_typesupport_introspection_cpp.hpp
[4.895s] -- Up-to-date: /ros2_ws/install/planning_msgs/lib/libplanning_msgs__rosidl_typesupport_introspection_cpp.so
[4.897s] -- Up-to-date: /ros2_ws/install/planning_msgs/lib/libplanning_msgs__rosidl_typesupport_cpp.so
[4.899s] -- Up-to-date: /ros2_ws/install/planning_msgs/share/planning_msgs/environment/pythonpath.sh
[4.899s] -- Up-to-date: /ros2_ws/install/planning_msgs/share/planning_msgs/environment/pythonpath.dsv
[4.900s] -- Up-to-date: /ros2_ws/install/planning_msgs/lib/python3.8/site-packages/planning_msgs/__init__.py
[4.975s] -- Up-to-date: /ros2_ws/install/planning_msgs/lib/python3.8/site-packages/planning_msgs/msg
[4.976s] -- Up-to-date: /ros2_ws/install/planning_msgs/lib/python3.8/site-packages/planning_msgs/msg/_trajectory_point_s.c
[4.977s] -- Up-to-date: /ros2_ws/install/planning_msgs/lib/python3.8/site-packages/planning_msgs/msg/_trajectory.py
[4.977s] -- Up-to-date: /ros2_ws/install/planning_msgs/lib/python3.8/site-packages/planning_msgs/msg/_trajectory_s.c
[4.977s] -- Up-to-date: /ros2_ws/install/planning_msgs/lib/python3.8/site-packages/planning_msgs/msg/_target_speed.py
[4.978s] -- Up-to-date: /ros2_ws/install/planning_msgs/lib/python3.8/site-packages/planning_msgs/msg/_target_speed_s.c
[4.978s] -- Up-to-date: /ros2_ws/install/planning_msgs/lib/python3.8/site-packages/planning_msgs/msg/_park_complete.py
[4.978s] -- Up-to-date: /ros2_ws/install/planning_msgs/lib/python3.8/site-packages/planning_msgs/msg/_trajectory_point.py
[4.978s] -- Up-to-date: /ros2_ws/install/planning_msgs/lib/python3.8/site-packages/planning_msgs/msg/__init__.py
[4.979s] -- Up-to-date: /ros2_ws/install/planning_msgs/lib/python3.8/site-packages/planning_msgs/msg/_goal_reached.py
[4.979s] -- Up-to-date: /ros2_ws/install/planning_msgs/lib/python3.8/site-packages/planning_msgs/msg/_goal_reached_s.c
[4.979s] -- Up-to-date: /ros2_ws/install/planning_msgs/lib/python3.8/site-packages/planning_msgs/msg/_park_complete_s.c
[4.980s] -- Up-to-date: /ros2_ws/install/planning_msgs/lib/python3.8/site-packages/planning_msgs/msg/_fsm_request_s.c
[4.980s] -- Up-to-date: /ros2_ws/install/planning_msgs/lib/python3.8/site-packages/planning_msgs/msg/_fsm_request.py
[4.980s] -- Up-to-date: /ros2_ws/install/planning_msgs/lib/python3.8/site-packages/planning_msgs/msg/_controller_feedback_s.c
[4.981s] -- Up-to-date: /ros2_ws/install/planning_msgs/lib/python3.8/site-packages/planning_msgs/msg/_active_route_context_s.c
[4.981s] -- Up-to-date: /ros2_ws/install/planning_msgs/lib/python3.8/site-packages/planning_msgs/msg/_planning_status_s.c
[4.982s] -- Up-to-date: /ros2_ws/install/planning_msgs/lib/python3.8/site-packages/planning_msgs/msg/_controller_feedback.py
[4.983s] -- Up-to-date: /ros2_ws/install/planning_msgs/lib/python3.8/site-packages/planning_msgs/msg/_active_route_context.py
[4.983s] -- Up-to-date: /ros2_ws/install/planning_msgs/lib/python3.8/site-packages/planning_msgs/msg/_planning_status.py
[4.983s] -- Up-to-date: /ros2_ws/install/planning_msgs/lib/python3.8/site-packages/planning_msgs/planning_msgs_s__rosidl_typesupport_fastrtps_c.cpython-38-x86_64-linux-gnu.so
[4.987s] -- Up-to-date: /ros2_ws/install/planning_msgs/lib/python3.8/site-packages/planning_msgs/planning_msgs_s__rosidl_typesupport_introspection_c.cpython-38-x86_64-linux-gnu.so
[4.988s] -- Up-to-date: /ros2_ws/install/planning_msgs/lib/python3.8/site-packages/planning_msgs/planning_msgs_s__rosidl_typesupport_c.cpython-38-x86_64-linux-gnu.so
[4.989s] -- Up-to-date: /ros2_ws/install/planning_msgs/lib/libplanning_msgs__python.so
[4.989s] -- Up-to-date: /ros2_ws/install/planning_msgs/share/planning_msgs/msg/TrajectoryPoint.idl
[4.989s] -- Up-to-date: /ros2_ws/install/planning_msgs/share/planning_msgs/msg/Trajectory.idl
[4.990s] -- Up-to-date: /ros2_ws/install/planning_msgs/share/planning_msgs/msg/TargetSpeed.idl
[4.990s] -- Up-to-date: /ros2_ws/install/planning_msgs/share/planning_msgs/msg/PlanningStatus.idl
[4.990s] -- Up-to-date: /ros2_ws/install/planning_msgs/share/planning_msgs/msg/ActiveRouteContext.idl
[4.991s] -- Up-to-date: /ros2_ws/install/planning_msgs/share/planning_msgs/msg/GoalReached.idl
[4.992s] -- Up-to-date: /ros2_ws/install/planning_msgs/share/planning_msgs/msg/ParkComplete.idl
[4.992s] -- Up-to-date: /ros2_ws/install/planning_msgs/share/planning_msgs/msg/ControllerFeedback.idl
[4.992s] -- Up-to-date: /ros2_ws/install/planning_msgs/share/planning_msgs/msg/FSMRequest.idl
[4.993s] -- Up-to-date: /ros2_ws/install/planning_msgs/share/planning_msgs/msg/TrajectoryPoint.msg
[4.993s] -- Up-to-date: /ros2_ws/install/planning_msgs/share/planning_msgs/msg/Trajectory.msg
[4.994s] -- Up-to-date: /ros2_ws/install/planning_msgs/share/planning_msgs/msg/TargetSpeed.msg
[4.994s] -- Up-to-date: /ros2_ws/install/planning_msgs/share/planning_msgs/msg/PlanningStatus.msg
[4.995s] -- Up-to-date: /ros2_ws/install/planning_msgs/share/planning_msgs/msg/ActiveRouteContext.msg
[4.995s] -- Up-to-date: /ros2_ws/install/planning_msgs/share/planning_msgs/msg/GoalReached.msg
[4.995s] -- Up-to-date: /ros2_ws/install/planning_msgs/share/planning_msgs/msg/ParkComplete.msg
[4.996s] -- Up-to-date: /ros2_ws/install/planning_msgs/share/planning_msgs/msg/ControllerFeedback.msg
[4.996s] -- Up-to-date: /ros2_ws/install/planning_msgs/share/planning_msgs/msg/FSMRequest.msg
[4.997s] -- Up-to-date: /ros2_ws/install/planning_msgs/share/ament_index/resource_index/package_run_dependencies/planning_msgs
[4.997s] -- Up-to-date: /ros2_ws/install/planning_msgs/share/ament_index/resource_index/parent_prefix_path/planning_msgs
[4.998s] -- Up-to-date: /ros2_ws/install/planning_msgs/share/planning_msgs/environment/ament_prefix_path.sh
[4.998s] -- Up-to-date: /ros2_ws/install/planning_msgs/share/planning_msgs/environment/ament_prefix_path.dsv
[4.999s] -- Up-to-date: /ros2_ws/install/planning_msgs/share/planning_msgs/environment/path.sh
[4.999s] -- Up-to-date: /ros2_ws/install/planning_msgs/share/planning_msgs/environment/path.dsv
[5.001s] -- Up-to-date: /ros2_ws/install/planning_msgs/share/planning_msgs/local_setup.bash
[5.002s] -- Up-to-date: /ros2_ws/install/planning_msgs/share/planning_msgs/local_setup.sh
[5.002s] -- Up-to-date: /ros2_ws/install/planning_msgs/share/planning_msgs/local_setup.zsh
[5.002s] -- Up-to-date: /ros2_ws/install/planning_msgs/share/planning_msgs/local_setup.dsv
[5.002s] -- Installing: /ros2_ws/install/planning_msgs/share/planning_msgs/package.dsv
[5.004s] -- Up-to-date: /ros2_ws/install/planning_msgs/share/ament_index/resource_index/packages/planning_msgs
[5.005s] -- Up-to-date: /ros2_ws/install/planning_msgs/share/planning_msgs/cmake/planning_msgs__rosidl_generator_cExport.cmake
[5.005s] -- Up-to-date: /ros2_ws/install/planning_msgs/share/planning_msgs/cmake/planning_msgs__rosidl_generator_cExport-noconfig.cmake
[5.006s] -- Up-to-date: /ros2_ws/install/planning_msgs/share/planning_msgs/cmake/planning_msgs__rosidl_typesupport_introspection_cExport.cmake
[5.007s] -- Up-to-date: /ros2_ws/install/planning_msgs/share/planning_msgs/cmake/planning_msgs__rosidl_typesupport_introspection_cExport-noconfig.cmake
[5.008s] -- Up-to-date: /ros2_ws/install/planning_msgs/share/planning_msgs/cmake/planning_msgs__rosidl_typesupport_cExport.cmake
[5.009s] -- Up-to-date: /ros2_ws/install/planning_msgs/share/planning_msgs/cmake/planning_msgs__rosidl_typesupport_cExport-noconfig.cmake
[5.011s] -- Up-to-date: /ros2_ws/install/planning_msgs/share/planning_msgs/cmake/planning_msgs__rosidl_generator_cppExport.cmake
[5.012s] -- Up-to-date: /ros2_ws/install/planning_msgs/share/planning_msgs/cmake/planning_msgs__rosidl_typesupport_introspection_cppExport.cmake
[5.013s] -- Up-to-date: /ros2_ws/install/planning_msgs/share/planning_msgs/cmake/planning_msgs__rosidl_typesupport_introspection_cppExport-noconfig.cmake
[5.013s] -- Up-to-date: /ros2_ws/install/planning_msgs/share/planning_msgs/cmake/planning_msgs__rosidl_typesupport_cppExport.cmake
[5.014s] -- Up-to-date: /ros2_ws/install/planning_msgs/share/planning_msgs/cmake/planning_msgs__rosidl_typesupport_cppExport-noconfig.cmake
[5.014s] -- Up-to-date: /ros2_ws/install/planning_msgs/share/planning_msgs/cmake/rosidl_cmake-extras.cmake
[5.014s] -- Up-to-date: /ros2_ws/install/planning_msgs/share/planning_msgs/cmake/ament_cmake_export_dependencies-extras.cmake
[5.014s] -- Up-to-date: /ros2_ws/install/planning_msgs/share/planning_msgs/cmake/ament_cmake_export_libraries-extras.cmake
[5.015s] -- Up-to-date: /ros2_ws/install/planning_msgs/share/planning_msgs/cmake/ament_cmake_export_targets-extras.cmake
[5.015s] -- Up-to-date: /ros2_ws/install/planning_msgs/share/planning_msgs/cmake/ament_cmake_export_include_directories-extras.cmake
[5.015s] -- Up-to-date: /ros2_ws/install/planning_msgs/share/planning_msgs/cmake/rosidl_cmake_export_typesupport_libraries-extras.cmake
[5.016s] -- Up-to-date: /ros2_ws/install/planning_msgs/share/planning_msgs/cmake/rosidl_cmake_export_typesupport_targets-extras.cmake
[5.017s] -- Up-to-date: /ros2_ws/install/planning_msgs/share/planning_msgs/cmake/planning_msgsConfig.cmake
[5.017s] -- Up-to-date: /ros2_ws/install/planning_msgs/share/planning_msgs/cmake/planning_msgsConfig-version.cmake
[5.017s] -- Up-to-date: /ros2_ws/install/planning_msgs/share/planning_msgs/package.xml
[5.026s] Invoked command in '/ros2_ws/build/planning_msgs' returned '0': CMAKE_PREFIX_PATH=/opt/ros/foxy /usr/bin/cmake --install /ros2_ws/build/planning_msgs
