[0.110s] Invoking command in '/ros2_ws/build/fsm_msgs': CMAKE_PREFIX_PATH=/opt/ros/foxy /usr/bin/cmake /ros2_ws/src/fsm_msgs -DCMAKE_INSTALL_PREFIX=/ros2_ws/install/fsm_msgs
[0.572s] -- The C compiler identification is GNU 9.4.0
[0.862s] -- The CXX compiler identification is GNU 9.4.0
[0.879s] -- Check for working C compiler: /usr/bin/cc
[1.370s] -- Check for working C compiler: /usr/bin/cc -- works
[1.370s] -- Detecting C compiler ABI info
[1.781s] -- Detecting C compiler ABI info - done
[1.810s] -- Detecting C compile features
[1.811s] -- Detecting C compile features - done
[1.817s] -- Check for working CXX compiler: /usr/bin/c++
[2.254s] -- Check for working CXX compiler: /usr/bin/c++ -- works
[2.258s] -- Detecting CXX compiler ABI info
[2.770s] -- Detecting CXX compiler ABI info - done
[2.800s] -- Detecting CXX compile features
[2.801s] -- Detecting CXX compile features - done
[2.813s] -- Found ament_cmake: 0.9.12 (/opt/ros/foxy/share/ament_cmake/cmake)
[2.916s] -- Found PythonInterp: /usr/bin/python3 (found suitable version "3.8.10", minimum required is "3") 
[2.917s] -- Using PYTHON_EXECUTABLE: /usr/bin/python3
[3.155s] -- Found rosidl_default_generators: 1.0.1 (/opt/ros/foxy/share/rosidl_default_generators/cmake)
[3.159s] -- Using all available rosidl_typesupport_c: rosidl_typesupport_fastrtps_c;rosidl_typesupport_introspection_c
[3.165s] -- Found rosidl_adapter: 1.3.1 (/opt/ros/foxy/share/rosidl_adapter/cmake)
[3.525s] -- Found OpenSSL: /usr/lib/x86_64-linux-gnu/libcrypto.so (found version "1.1.1f")  
[3.557s] -- Found FastRTPS: /opt/ros/foxy/include  
[3.626s] -- Using all available rosidl_typesupport_cpp: rosidl_typesupport_fastrtps_cpp;rosidl_typesupport_introspection_cpp
[3.641s] -- Found std_msgs: 2.0.5 (/opt/ros/foxy/share/std_msgs/cmake)
[3.739s] -- Found PythonInterp: /usr/bin/python3 (found version "3.8.10") 
[4.058s] -- Found ament_cmake_ros: 0.9.2 (/opt/ros/foxy/share/ament_cmake_ros/cmake)
[4.319s] -- Using all available rosidl_typesupport_c: rosidl_typesupport_fastrtps_c;rosidl_typesupport_introspection_c
[4.456s] -- Using all available rosidl_typesupport_cpp: rosidl_typesupport_fastrtps_cpp;rosidl_typesupport_introspection_cpp
[4.526s] -- Found PythonInterp: /usr/bin/python3 (found suitable version "3.8.10", minimum required is "3.5") 
[4.526s] -- Found python_cmake_module: 0.8.1 (/opt/ros/foxy/share/python_cmake_module/cmake)
[4.596s] -- Found PythonLibs: /usr/lib/x86_64-linux-gnu/libpython3.8.so (found suitable version "3.8.10", minimum required is "3.5") 
[4.597s] -- Using PYTHON_EXECUTABLE: /usr/bin/python3
[4.598s] -- Using PYTHON_INCLUDE_DIRS: /usr/include/python3.8
[4.599s] -- Using PYTHON_LIBRARIES: /usr/lib/x86_64-linux-gnu/libpython3.8.so
[4.662s] -- Found PythonExtra: .so  
[4.868s] -- Configuring done
[5.043s] -- Generating done
[5.060s] -- Build files have been written to: /ros2_ws/build/fsm_msgs
