[0.071s] Invoking command in '/ros2_ws/build/fsm_msgs': CMAKE_PREFIX_PATH=/opt/ros/foxy /usr/bin/cmake --build /ros2_ws/build/fsm_msgs -- -j10 -l10
[0.497s] [  6%] Built target fsm_msgs__cpp
[0.535s] [ 12%] Built target fsm_msgs__rosidl_generator_c
[0.907s] [ 34%] Built target fsm_msgs__rosidl_typesupport_fastrtps_cpp
[0.917s] [ 46%] Built target fsm_msgs__rosidl_typesupport_c
[0.927s] [ 51%] Built target fsm_msgs__rosidl_typesupport_introspection_c
[0.932s] [ 65%] Built target fsm_msgs__rosidl_typesupport_cpp
[0.934s] [ 65%] Built target fsm_msgs__rosidl_typesupport_introspection_cpp
[1.079s] [ 76%] Built target fsm_msgs__rosidl_typesupport_fastrtps_c
[1.204s] [ 76%] Built target fsm_msgs
[1.329s] [ 78%] Built target fsm_msgs__py
[1.464s] [ 87%] Built target fsm_msgs__python
[1.659s] [ 91%] Built target fsm_msgs__rosidl_typesupport_fastrtps_c__pyext
[1.678s] [ 95%] Built target fsm_msgs__rosidl_typesupport_introspection_c__pyext
[1.690s] [100%] Built target fsm_msgs__rosidl_typesupport_c__pyext
[1.748s] Invoked command in '/ros2_ws/build/fsm_msgs' returned '0': CMAKE_PREFIX_PATH=/opt/ros/foxy /usr/bin/cmake --build /ros2_ws/build/fsm_msgs -- -j10 -l10
[3.074s] Invoking command in '/ros2_ws/build/fsm_msgs': CMAKE_PREFIX_PATH=/opt/ros/foxy /usr/bin/cmake --install /ros2_ws/build/fsm_msgs
[3.113s] -- Install configuration: ""
[3.114s] -- Up-to-date: /ros2_ws/install/fsm_msgs/share/ament_index/resource_index/rosidl_interfaces/fsm_msgs
[3.115s] -- Up-to-date: /ros2_ws/install/fsm_msgs/include/fsm_msgs
[3.115s] -- Up-to-date: /ros2_ws/install/fsm_msgs/include/fsm_msgs/msg
[3.116s] -- Up-to-date: /ros2_ws/install/fsm_msgs/include/fsm_msgs/msg/rosidl_generator_c__visibility_control.h
[3.116s] -- Up-to-date: /ros2_ws/install/fsm_msgs/include/fsm_msgs/msg/current_mode.h
[3.117s] -- Up-to-date: /ros2_ws/install/fsm_msgs/include/fsm_msgs/msg/fsm_event.h
[3.117s] -- Up-to-date: /ros2_ws/install/fsm_msgs/include/fsm_msgs/msg/mission_state.h
[3.118s] -- Up-to-date: /ros2_ws/install/fsm_msgs/include/fsm_msgs/msg/detail
[3.118s] -- Up-to-date: /ros2_ws/install/fsm_msgs/include/fsm_msgs/msg/detail/current_mode__type_support.h
[3.119s] -- Up-to-date: /ros2_ws/install/fsm_msgs/include/fsm_msgs/msg/detail/mission_state__struct.h
[3.119s] -- Up-to-date: /ros2_ws/install/fsm_msgs/include/fsm_msgs/msg/detail/fsm_event__functions.h
[3.120s] -- Up-to-date: /ros2_ws/install/fsm_msgs/include/fsm_msgs/msg/detail/mission_state__functions.c
[3.121s] -- Up-to-date: /ros2_ws/install/fsm_msgs/include/fsm_msgs/msg/detail/current_mode__functions.h
[3.124s] -- Up-to-date: /ros2_ws/install/fsm_msgs/include/fsm_msgs/msg/detail/fsm_event__struct.h
[3.124s] -- Up-to-date: /ros2_ws/install/fsm_msgs/include/fsm_msgs/msg/detail/fsm_event__type_support.h
[3.124s] -- Up-to-date: /ros2_ws/install/fsm_msgs/include/fsm_msgs/msg/detail/current_mode__struct.h
[3.124s] -- Up-to-date: /ros2_ws/install/fsm_msgs/include/fsm_msgs/msg/detail/mission_state__type_support.h
[3.124s] -- Up-to-date: /ros2_ws/install/fsm_msgs/include/fsm_msgs/msg/detail/current_mode__functions.c
[3.125s] -- Up-to-date: /ros2_ws/install/fsm_msgs/include/fsm_msgs/msg/detail/mission_state__functions.h
[3.125s] -- Up-to-date: /ros2_ws/install/fsm_msgs/include/fsm_msgs/msg/detail/fsm_event__functions.c
[3.125s] -- Up-to-date: /ros2_ws/install/fsm_msgs/share/fsm_msgs/environment/library_path.sh
[3.125s] -- Up-to-date: /ros2_ws/install/fsm_msgs/share/fsm_msgs/environment/library_path.dsv
[3.126s] -- Up-to-date: /ros2_ws/install/fsm_msgs/lib/libfsm_msgs__rosidl_generator_c.so
[3.126s] -- Up-to-date: /ros2_ws/install/fsm_msgs/include/fsm_msgs
[3.127s] -- Up-to-date: /ros2_ws/install/fsm_msgs/include/fsm_msgs/msg
[3.127s] -- Up-to-date: /ros2_ws/install/fsm_msgs/include/fsm_msgs/msg/detail
[3.128s] -- Up-to-date: /ros2_ws/install/fsm_msgs/include/fsm_msgs/msg/detail/current_mode__rosidl_typesupport_fastrtps_c.h
[3.128s] -- Up-to-date: /ros2_ws/install/fsm_msgs/include/fsm_msgs/msg/detail/mission_state__rosidl_typesupport_fastrtps_c.h
[3.128s] -- Up-to-date: /ros2_ws/install/fsm_msgs/include/fsm_msgs/msg/detail/fsm_event__rosidl_typesupport_fastrtps_c.h
[3.129s] -- Up-to-date: /ros2_ws/install/fsm_msgs/include/fsm_msgs/msg/rosidl_typesupport_fastrtps_c__visibility_control.h
[3.131s] -- Up-to-date: /ros2_ws/install/fsm_msgs/lib/libfsm_msgs__rosidl_typesupport_fastrtps_c.so
[3.132s] -- Up-to-date: /ros2_ws/install/fsm_msgs/include/fsm_msgs
[3.134s] -- Up-to-date: /ros2_ws/install/fsm_msgs/include/fsm_msgs/msg
[3.135s] -- Up-to-date: /ros2_ws/install/fsm_msgs/include/fsm_msgs/msg/rosidl_typesupport_fastrtps_cpp__visibility_control.h
[3.137s] -- Up-to-date: /ros2_ws/install/fsm_msgs/include/fsm_msgs/msg/detail
[3.138s] -- Up-to-date: /ros2_ws/install/fsm_msgs/include/fsm_msgs/msg/detail/current_mode__rosidl_typesupport_fastrtps_cpp.hpp
[3.139s] -- Up-to-date: /ros2_ws/install/fsm_msgs/include/fsm_msgs/msg/detail/dds_fastrtps
[3.139s] -- Up-to-date: /ros2_ws/install/fsm_msgs/include/fsm_msgs/msg/detail/fsm_event__rosidl_typesupport_fastrtps_cpp.hpp
[3.140s] -- Up-to-date: /ros2_ws/install/fsm_msgs/include/fsm_msgs/msg/detail/mission_state__rosidl_typesupport_fastrtps_cpp.hpp
[3.141s] -- Up-to-date: /ros2_ws/install/fsm_msgs/lib/libfsm_msgs__rosidl_typesupport_fastrtps_cpp.so
[3.141s] -- Up-to-date: /ros2_ws/install/fsm_msgs/include/fsm_msgs
[3.141s] -- Up-to-date: /ros2_ws/install/fsm_msgs/include/fsm_msgs/msg
[3.142s] -- Up-to-date: /ros2_ws/install/fsm_msgs/include/fsm_msgs/msg/detail
[3.142s] -- Up-to-date: /ros2_ws/install/fsm_msgs/include/fsm_msgs/msg/detail/mission_state__type_support.c
[3.143s] -- Up-to-date: /ros2_ws/install/fsm_msgs/include/fsm_msgs/msg/detail/mission_state__rosidl_typesupport_introspection_c.h
[3.144s] -- Up-to-date: /ros2_ws/install/fsm_msgs/include/fsm_msgs/msg/detail/current_mode__rosidl_typesupport_introspection_c.h
[3.144s] -- Up-to-date: /ros2_ws/install/fsm_msgs/include/fsm_msgs/msg/detail/current_mode__type_support.c
[3.146s] -- Up-to-date: /ros2_ws/install/fsm_msgs/include/fsm_msgs/msg/detail/fsm_event__rosidl_typesupport_introspection_c.h
[3.146s] -- Up-to-date: /ros2_ws/install/fsm_msgs/include/fsm_msgs/msg/detail/fsm_event__type_support.c
[3.147s] -- Up-to-date: /ros2_ws/install/fsm_msgs/include/fsm_msgs/msg/rosidl_typesupport_introspection_c__visibility_control.h
[3.147s] -- Up-to-date: /ros2_ws/install/fsm_msgs/lib/libfsm_msgs__rosidl_typesupport_introspection_c.so
[3.150s] -- Up-to-date: /ros2_ws/install/fsm_msgs/lib/libfsm_msgs__rosidl_typesupport_c.so
[3.151s] -- Up-to-date: /ros2_ws/install/fsm_msgs/include/fsm_msgs
[3.151s] -- Up-to-date: /ros2_ws/install/fsm_msgs/include/fsm_msgs/msg
[3.152s] -- Up-to-date: /ros2_ws/install/fsm_msgs/include/fsm_msgs/msg/fsm_event.hpp
[3.152s] -- Up-to-date: /ros2_ws/install/fsm_msgs/include/fsm_msgs/msg/current_mode.hpp
[3.152s] -- Up-to-date: /ros2_ws/install/fsm_msgs/include/fsm_msgs/msg/mission_state.hpp
[3.153s] -- Up-to-date: /ros2_ws/install/fsm_msgs/include/fsm_msgs/msg/detail
[3.153s] -- Up-to-date: /ros2_ws/install/fsm_msgs/include/fsm_msgs/msg/detail/mission_state__type_support.hpp
[3.154s] -- Up-to-date: /ros2_ws/install/fsm_msgs/include/fsm_msgs/msg/detail/mission_state__builder.hpp
[3.154s] -- Up-to-date: /ros2_ws/install/fsm_msgs/include/fsm_msgs/msg/detail/mission_state__traits.hpp
[3.155s] -- Up-to-date: /ros2_ws/install/fsm_msgs/include/fsm_msgs/msg/detail/fsm_event__struct.hpp
[3.155s] -- Up-to-date: /ros2_ws/install/fsm_msgs/include/fsm_msgs/msg/detail/current_mode__struct.hpp
[3.156s] -- Up-to-date: /ros2_ws/install/fsm_msgs/include/fsm_msgs/msg/detail/current_mode__type_support.hpp
[3.156s] -- Up-to-date: /ros2_ws/install/fsm_msgs/include/fsm_msgs/msg/detail/fsm_event__type_support.hpp
[3.157s] -- Up-to-date: /ros2_ws/install/fsm_msgs/include/fsm_msgs/msg/detail/fsm_event__traits.hpp
[3.157s] -- Up-to-date: /ros2_ws/install/fsm_msgs/include/fsm_msgs/msg/detail/current_mode__builder.hpp
[3.159s] -- Up-to-date: /ros2_ws/install/fsm_msgs/include/fsm_msgs/msg/detail/mission_state__struct.hpp
[3.159s] -- Up-to-date: /ros2_ws/install/fsm_msgs/include/fsm_msgs/msg/detail/fsm_event__builder.hpp
[3.160s] -- Up-to-date: /ros2_ws/install/fsm_msgs/include/fsm_msgs/msg/detail/current_mode__traits.hpp
[3.160s] -- Up-to-date: /ros2_ws/install/fsm_msgs/include/fsm_msgs/msg/rosidl_generator_cpp__visibility_control.hpp
[3.160s] -- Up-to-date: /ros2_ws/install/fsm_msgs/include/fsm_msgs
[3.161s] -- Up-to-date: /ros2_ws/install/fsm_msgs/include/fsm_msgs/msg
[3.161s] -- Up-to-date: /ros2_ws/install/fsm_msgs/include/fsm_msgs/msg/detail
[3.162s] -- Up-to-date: /ros2_ws/install/fsm_msgs/include/fsm_msgs/msg/detail/current_mode__rosidl_typesupport_introspection_cpp.hpp
[3.162s] -- Up-to-date: /ros2_ws/install/fsm_msgs/include/fsm_msgs/msg/detail/fsm_event__type_support.cpp
[3.162s] -- Up-to-date: /ros2_ws/install/fsm_msgs/include/fsm_msgs/msg/detail/fsm_event__rosidl_typesupport_introspection_cpp.hpp
[3.163s] -- Up-to-date: /ros2_ws/install/fsm_msgs/include/fsm_msgs/msg/detail/current_mode__type_support.cpp
[3.163s] -- Up-to-date: /ros2_ws/install/fsm_msgs/include/fsm_msgs/msg/detail/mission_state__rosidl_typesupport_introspection_cpp.hpp
[3.164s] -- Up-to-date: /ros2_ws/install/fsm_msgs/include/fsm_msgs/msg/detail/mission_state__type_support.cpp
[3.165s] -- Up-to-date: /ros2_ws/install/fsm_msgs/lib/libfsm_msgs__rosidl_typesupport_introspection_cpp.so
[3.166s] -- Up-to-date: /ros2_ws/install/fsm_msgs/lib/libfsm_msgs__rosidl_typesupport_cpp.so
[3.167s] -- Up-to-date: /ros2_ws/install/fsm_msgs/share/fsm_msgs/environment/pythonpath.sh
[3.167s] -- Up-to-date: /ros2_ws/install/fsm_msgs/share/fsm_msgs/environment/pythonpath.dsv
[3.168s] -- Up-to-date: /ros2_ws/install/fsm_msgs/lib/python3.8/site-packages/fsm_msgs/__init__.py
[3.256s] -- Up-to-date: /ros2_ws/install/fsm_msgs/lib/python3.8/site-packages/fsm_msgs/msg
[3.257s] -- Up-to-date: /ros2_ws/install/fsm_msgs/lib/python3.8/site-packages/fsm_msgs/msg/_current_mode.py
[3.258s] -- Up-to-date: /ros2_ws/install/fsm_msgs/lib/python3.8/site-packages/fsm_msgs/msg/_fsm_event.py
[3.258s] -- Up-to-date: /ros2_ws/install/fsm_msgs/lib/python3.8/site-packages/fsm_msgs/msg/_mission_state_s.c
[3.259s] -- Up-to-date: /ros2_ws/install/fsm_msgs/lib/python3.8/site-packages/fsm_msgs/msg/__init__.py
[3.259s] -- Up-to-date: /ros2_ws/install/fsm_msgs/lib/python3.8/site-packages/fsm_msgs/msg/_fsm_event_s.c
[3.260s] -- Up-to-date: /ros2_ws/install/fsm_msgs/lib/python3.8/site-packages/fsm_msgs/msg/_mission_state.py
[3.262s] -- Up-to-date: /ros2_ws/install/fsm_msgs/lib/python3.8/site-packages/fsm_msgs/msg/_current_mode_s.c
[3.263s] -- Up-to-date: /ros2_ws/install/fsm_msgs/lib/python3.8/site-packages/fsm_msgs/fsm_msgs_s__rosidl_typesupport_fastrtps_c.cpython-38-x86_64-linux-gnu.so
[3.267s] -- Up-to-date: /ros2_ws/install/fsm_msgs/lib/python3.8/site-packages/fsm_msgs/fsm_msgs_s__rosidl_typesupport_introspection_c.cpython-38-x86_64-linux-gnu.so
[3.270s] -- Up-to-date: /ros2_ws/install/fsm_msgs/lib/python3.8/site-packages/fsm_msgs/fsm_msgs_s__rosidl_typesupport_c.cpython-38-x86_64-linux-gnu.so
[3.272s] -- Up-to-date: /ros2_ws/install/fsm_msgs/lib/libfsm_msgs__python.so
[3.276s] -- Up-to-date: /ros2_ws/install/fsm_msgs/share/fsm_msgs/msg/CurrentMode.idl
[3.276s] -- Up-to-date: /ros2_ws/install/fsm_msgs/share/fsm_msgs/msg/MissionState.idl
[3.277s] -- Up-to-date: /ros2_ws/install/fsm_msgs/share/fsm_msgs/msg/FSMEvent.idl
[3.277s] -- Up-to-date: /ros2_ws/install/fsm_msgs/share/fsm_msgs/msg/CurrentMode.msg
[3.278s] -- Up-to-date: /ros2_ws/install/fsm_msgs/share/fsm_msgs/msg/MissionState.msg
[3.280s] -- Up-to-date: /ros2_ws/install/fsm_msgs/share/fsm_msgs/msg/FSMEvent.msg
[3.280s] -- Up-to-date: /ros2_ws/install/fsm_msgs/share/ament_index/resource_index/package_run_dependencies/fsm_msgs
[3.282s] -- Up-to-date: /ros2_ws/install/fsm_msgs/share/ament_index/resource_index/parent_prefix_path/fsm_msgs
[3.283s] -- Up-to-date: /ros2_ws/install/fsm_msgs/share/fsm_msgs/environment/ament_prefix_path.sh
[3.283s] -- Up-to-date: /ros2_ws/install/fsm_msgs/share/fsm_msgs/environment/ament_prefix_path.dsv
[3.284s] -- Up-to-date: /ros2_ws/install/fsm_msgs/share/fsm_msgs/environment/path.sh
[3.285s] -- Up-to-date: /ros2_ws/install/fsm_msgs/share/fsm_msgs/environment/path.dsv
[3.285s] -- Up-to-date: /ros2_ws/install/fsm_msgs/share/fsm_msgs/local_setup.bash
[3.286s] -- Up-to-date: /ros2_ws/install/fsm_msgs/share/fsm_msgs/local_setup.sh
[3.287s] -- Up-to-date: /ros2_ws/install/fsm_msgs/share/fsm_msgs/local_setup.zsh
[3.288s] -- Up-to-date: /ros2_ws/install/fsm_msgs/share/fsm_msgs/local_setup.dsv
[3.289s] -- Installing: /ros2_ws/install/fsm_msgs/share/fsm_msgs/package.dsv
[3.290s] -- Up-to-date: /ros2_ws/install/fsm_msgs/share/ament_index/resource_index/packages/fsm_msgs
[3.293s] -- Up-to-date: /ros2_ws/install/fsm_msgs/share/fsm_msgs/cmake/fsm_msgs__rosidl_generator_cExport.cmake
[3.294s] -- Up-to-date: /ros2_ws/install/fsm_msgs/share/fsm_msgs/cmake/fsm_msgs__rosidl_generator_cExport-noconfig.cmake
[3.295s] -- Up-to-date: /ros2_ws/install/fsm_msgs/share/fsm_msgs/cmake/fsm_msgs__rosidl_typesupport_introspection_cExport.cmake
[3.296s] -- Up-to-date: /ros2_ws/install/fsm_msgs/share/fsm_msgs/cmake/fsm_msgs__rosidl_typesupport_introspection_cExport-noconfig.cmake
[3.298s] -- Up-to-date: /ros2_ws/install/fsm_msgs/share/fsm_msgs/cmake/fsm_msgs__rosidl_typesupport_cExport.cmake
[3.298s] -- Up-to-date: /ros2_ws/install/fsm_msgs/share/fsm_msgs/cmake/fsm_msgs__rosidl_typesupport_cExport-noconfig.cmake
[3.300s] -- Up-to-date: /ros2_ws/install/fsm_msgs/share/fsm_msgs/cmake/fsm_msgs__rosidl_generator_cppExport.cmake
[3.303s] -- Up-to-date: /ros2_ws/install/fsm_msgs/share/fsm_msgs/cmake/fsm_msgs__rosidl_typesupport_introspection_cppExport.cmake
[3.304s] -- Up-to-date: /ros2_ws/install/fsm_msgs/share/fsm_msgs/cmake/fsm_msgs__rosidl_typesupport_introspection_cppExport-noconfig.cmake
[3.305s] -- Up-to-date: /ros2_ws/install/fsm_msgs/share/fsm_msgs/cmake/fsm_msgs__rosidl_typesupport_cppExport.cmake
[3.306s] -- Up-to-date: /ros2_ws/install/fsm_msgs/share/fsm_msgs/cmake/fsm_msgs__rosidl_typesupport_cppExport-noconfig.cmake
[3.306s] -- Up-to-date: /ros2_ws/install/fsm_msgs/share/fsm_msgs/cmake/rosidl_cmake-extras.cmake
[3.306s] -- Up-to-date: /ros2_ws/install/fsm_msgs/share/fsm_msgs/cmake/ament_cmake_export_dependencies-extras.cmake
[3.306s] -- Up-to-date: /ros2_ws/install/fsm_msgs/share/fsm_msgs/cmake/ament_cmake_export_libraries-extras.cmake
[3.307s] -- Up-to-date: /ros2_ws/install/fsm_msgs/share/fsm_msgs/cmake/ament_cmake_export_targets-extras.cmake
[3.308s] -- Up-to-date: /ros2_ws/install/fsm_msgs/share/fsm_msgs/cmake/ament_cmake_export_include_directories-extras.cmake
[3.309s] -- Up-to-date: /ros2_ws/install/fsm_msgs/share/fsm_msgs/cmake/rosidl_cmake_export_typesupport_libraries-extras.cmake
[3.309s] -- Up-to-date: /ros2_ws/install/fsm_msgs/share/fsm_msgs/cmake/rosidl_cmake_export_typesupport_targets-extras.cmake
[3.310s] -- Up-to-date: /ros2_ws/install/fsm_msgs/share/fsm_msgs/cmake/fsm_msgsConfig.cmake
[3.310s] -- Up-to-date: /ros2_ws/install/fsm_msgs/share/fsm_msgs/cmake/fsm_msgsConfig-version.cmake
[3.310s] -- Up-to-date: /ros2_ws/install/fsm_msgs/share/fsm_msgs/package.xml
[3.317s] Invoked command in '/ros2_ws/build/fsm_msgs' returned '0': CMAKE_PREFIX_PATH=/opt/ros/foxy /usr/bin/cmake --install /ros2_ws/build/fsm_msgs
