[  1%] [34m[1mGenerating C code for ROS interfaces[0m
[35m[1mScanning dependencies of target localization_msgs__cpp[0m
[  2%] [34m[1mGenerating C++ code for ROS interfaces[0m
[35m[1mScanning dependencies of target localization_msgs__rosidl_generator_c[0m
[  2%] Built target localization_msgs__cpp
[  5%] [32mBuilding C object CMakeFiles/localization_msgs__rosidl_generator_c.dir/rosidl_generator_c/localization_msgs/msg/detail/localization_pose__functions.c.o[0m
[  5%] [32mBuilding C object CMakeFiles/localization_msgs__rosidl_generator_c.dir/rosidl_generator_c/localization_msgs/msg/detail/localization_odometry__functions.c.o[0m
[  7%] [32mBuilding C object CMakeFiles/localization_msgs__rosidl_generator_c.dir/rosidl_generator_c/localization_msgs/msg/detail/raw_gps__functions.c.o[0m
[  9%] [32mBuilding C object CMakeFiles/localization_msgs__rosidl_generator_c.dir/rosidl_generator_c/localization_msgs/msg/detail/map_origin__functions.c.o[0m
[  9%] [32mBuilding C object CMakeFiles/localization_msgs__rosidl_generator_c.dir/rosidl_generator_c/localization_msgs/msg/detail/localization_status__functions.c.o[0m
[ 11%] [32mBuilding C object CMakeFiles/localization_msgs__rosidl_generator_c.dir/rosidl_generator_c/localization_msgs/msg/detail/localization_diagnostics__functions.c.o[0m
[ 12%] [34m[1mGenerating C++ type support dispatch for ROS interfaces[0m
[ 14%] [34m[1mGenerating C++ type support for eProsima Fast-RTPS[0m
[ 15%] [34m[1mGenerating C++ introspection for ROS interfaces[0m
[ 16%] [32m[1mLinking C shared library liblocalization_msgs__rosidl_generator_c.so[0m
[35m[1mScanning dependencies of target localization_msgs__rosidl_typesupport_introspection_cpp[0m
[35m[1mScanning dependencies of target localization_msgs__rosidl_typesupport_fastrtps_cpp[0m
[35m[1mScanning dependencies of target localization_msgs__rosidl_typesupport_cpp[0m
[ 18%] [32mBuilding CXX object CMakeFiles/localization_msgs__rosidl_typesupport_introspection_cpp.dir/rosidl_typesupport_introspection_cpp/localization_msgs/msg/detail/localization_pose__type_support.cpp.o[0m
[ 19%] [32mBuilding CXX object CMakeFiles/localization_msgs__rosidl_typesupport_introspection_cpp.dir/rosidl_typesupport_introspection_cpp/localization_msgs/msg/detail/raw_gps__type_support.cpp.o[0m
[ 22%] [32mBuilding CXX object CMakeFiles/localization_msgs__rosidl_typesupport_introspection_cpp.dir/rosidl_typesupport_introspection_cpp/localization_msgs/msg/detail/localization_diagnostics__type_support.cpp.o[0m
[ 22%] [32mBuilding CXX object CMakeFiles/localization_msgs__rosidl_typesupport_introspection_cpp.dir/rosidl_typesupport_introspection_cpp/localization_msgs/msg/detail/localization_status__type_support.cpp.o[0m
[ 23%] [32mBuilding CXX object CMakeFiles/localization_msgs__rosidl_typesupport_introspection_cpp.dir/rosidl_typesupport_introspection_cpp/localization_msgs/msg/detail/map_origin__type_support.cpp.o[0m
[ 25%] [32mBuilding CXX object CMakeFiles/localization_msgs__rosidl_typesupport_introspection_cpp.dir/rosidl_typesupport_introspection_cpp/localization_msgs/msg/detail/localization_odometry__type_support.cpp.o[0m
[ 26%] [32mBuilding CXX object CMakeFiles/localization_msgs__rosidl_typesupport_cpp.dir/rosidl_typesupport_cpp/localization_msgs/msg/localization_odometry__type_support.cpp.o[0m
[ 26%] Built target localization_msgs__rosidl_generator_c
[ 28%] [32mBuilding CXX object CMakeFiles/localization_msgs__rosidl_typesupport_fastrtps_cpp.dir/rosidl_typesupport_fastrtps_cpp/localization_msgs/msg/detail/dds_fastrtps/localization_pose__type_support.cpp.o[0m
[ 29%] [32mBuilding CXX object CMakeFiles/localization_msgs__rosidl_typesupport_cpp.dir/rosidl_typesupport_cpp/localization_msgs/msg/localization_pose__type_support.cpp.o[0m
[ 30%] [34m[1mGenerating C introspection for ROS interfaces[0m
[ 32%] [34m[1mGenerating C type support dispatch for ROS interfaces[0m
[ 33%] [32mBuilding CXX object CMakeFiles/localization_msgs__rosidl_typesupport_cpp.dir/rosidl_typesupport_cpp/localization_msgs/msg/localization_status__type_support.cpp.o[0m
[35m[1mScanning dependencies of target localization_msgs__rosidl_typesupport_introspection_c[0m
[ 35%] [32mBuilding CXX object CMakeFiles/localization_msgs__rosidl_typesupport_cpp.dir/rosidl_typesupport_cpp/localization_msgs/msg/localization_diagnostics__type_support.cpp.o[0m
[ 36%] [32mBuilding CXX object CMakeFiles/localization_msgs__rosidl_typesupport_cpp.dir/rosidl_typesupport_cpp/localization_msgs/msg/map_origin__type_support.cpp.o[0m
[ 40%] [32mBuilding CXX object CMakeFiles/localization_msgs__rosidl_typesupport_fastrtps_cpp.dir/rosidl_typesupport_fastrtps_cpp/localization_msgs/msg/detail/dds_fastrtps/localization_odometry__type_support.cpp.o[0m
[ 40%] [32mBuilding CXX object CMakeFiles/localization_msgs__rosidl_typesupport_fastrtps_cpp.dir/rosidl_typesupport_fastrtps_cpp/localization_msgs/msg/detail/dds_fastrtps/localization_status__type_support.cpp.o[0m
[ 40%] [32mBuilding C object CMakeFiles/localization_msgs__rosidl_typesupport_introspection_c.dir/rosidl_typesupport_introspection_c/localization_msgs/msg/detail/localization_pose__type_support.c.o[0m
[ 42%] [32mBuilding CXX object CMakeFiles/localization_msgs__rosidl_typesupport_fastrtps_cpp.dir/rosidl_typesupport_fastrtps_cpp/localization_msgs/msg/detail/dds_fastrtps/localization_diagnostics__type_support.cpp.o[0m
[ 43%] [32m[1mLinking CXX shared library liblocalization_msgs__rosidl_typesupport_introspection_cpp.so[0m
[ 45%] [32mBuilding CXX object CMakeFiles/localization_msgs__rosidl_typesupport_fastrtps_cpp.dir/rosidl_typesupport_fastrtps_cpp/localization_msgs/msg/detail/dds_fastrtps/map_origin__type_support.cpp.o[0m
[ 46%] [32mBuilding CXX object CMakeFiles/localization_msgs__rosidl_typesupport_cpp.dir/rosidl_typesupport_cpp/localization_msgs/msg/raw_gps__type_support.cpp.o[0m
[ 47%] [32mBuilding C object CMakeFiles/localization_msgs__rosidl_typesupport_introspection_c.dir/rosidl_typesupport_introspection_c/localization_msgs/msg/detail/localization_odometry__type_support.c.o[0m
[ 47%] Built target localization_msgs__rosidl_typesupport_introspection_cpp
[ 49%] [32mBuilding C object CMakeFiles/localization_msgs__rosidl_typesupport_introspection_c.dir/rosidl_typesupport_introspection_c/localization_msgs/msg/detail/localization_status__type_support.c.o[0m
[35m[1mScanning dependencies of target localization_msgs__rosidl_typesupport_c[0m
[ 50%] [32mBuilding CXX object CMakeFiles/localization_msgs__rosidl_typesupport_c.dir/rosidl_typesupport_c/localization_msgs/msg/localization_pose__type_support.cpp.o[0m
[ 52%] [32mBuilding CXX object CMakeFiles/localization_msgs__rosidl_typesupport_c.dir/rosidl_typesupport_c/localization_msgs/msg/localization_odometry__type_support.cpp.o[0m
[ 53%] [32mBuilding C object CMakeFiles/localization_msgs__rosidl_typesupport_introspection_c.dir/rosidl_typesupport_introspection_c/localization_msgs/msg/detail/localization_diagnostics__type_support.c.o[0m
[ 54%] [32mBuilding C object CMakeFiles/localization_msgs__rosidl_typesupport_introspection_c.dir/rosidl_typesupport_introspection_c/localization_msgs/msg/detail/map_origin__type_support.c.o[0m
[ 56%] [32mBuilding CXX object CMakeFiles/localization_msgs__rosidl_typesupport_fastrtps_cpp.dir/rosidl_typesupport_fastrtps_cpp/localization_msgs/msg/detail/dds_fastrtps/raw_gps__type_support.cpp.o[0m
[ 57%] [32mBuilding CXX object CMakeFiles/localization_msgs__rosidl_typesupport_c.dir/rosidl_typesupport_c/localization_msgs/msg/localization_status__type_support.cpp.o[0m
[ 59%] [32mBuilding C object CMakeFiles/localization_msgs__rosidl_typesupport_introspection_c.dir/rosidl_typesupport_introspection_c/localization_msgs/msg/detail/raw_gps__type_support.c.o[0m
[ 61%] [32m[1mLinking CXX shared library liblocalization_msgs__rosidl_typesupport_cpp.so[0m
[ 61%] [32mBuilding CXX object CMakeFiles/localization_msgs__rosidl_typesupport_c.dir/rosidl_typesupport_c/localization_msgs/msg/map_origin__type_support.cpp.o[0m
[ 63%] [32mBuilding CXX object CMakeFiles/localization_msgs__rosidl_typesupport_c.dir/rosidl_typesupport_c/localization_msgs/msg/localization_diagnostics__type_support.cpp.o[0m
[ 64%] [32mBuilding CXX object CMakeFiles/localization_msgs__rosidl_typesupport_c.dir/rosidl_typesupport_c/localization_msgs/msg/raw_gps__type_support.cpp.o[0m
[ 64%] Built target localization_msgs__rosidl_typesupport_cpp
[ 66%] [32m[1mLinking C shared library liblocalization_msgs__rosidl_typesupport_introspection_c.so[0m
[ 67%] [32m[1mLinking CXX shared library liblocalization_msgs__rosidl_typesupport_c.so[0m
[ 69%] [32m[1mLinking CXX shared library liblocalization_msgs__rosidl_typesupport_fastrtps_cpp.so[0m
[ 69%] Built target localization_msgs__rosidl_typesupport_c
[ 69%] Built target localization_msgs__rosidl_typesupport_introspection_c
[ 69%] Built target localization_msgs__rosidl_typesupport_fastrtps_cpp
[ 70%] [34m[1mGenerating C type support for eProsima Fast-RTPS[0m
[35m[1mScanning dependencies of target localization_msgs__rosidl_typesupport_fastrtps_c[0m
[ 74%] [32mBuilding CXX object CMakeFiles/localization_msgs__rosidl_typesupport_fastrtps_c.dir/rosidl_typesupport_fastrtps_c/localization_msgs/msg/detail/localization_pose__type_support_c.cpp.o[0m
[ 74%] [32mBuilding CXX object CMakeFiles/localization_msgs__rosidl_typesupport_fastrtps_c.dir/rosidl_typesupport_fastrtps_c/localization_msgs/msg/detail/localization_diagnostics__type_support_c.cpp.o[0m
[ 74%] [32mBuilding CXX object CMakeFiles/localization_msgs__rosidl_typesupport_fastrtps_c.dir/rosidl_typesupport_fastrtps_c/localization_msgs/msg/detail/localization_status__type_support_c.cpp.o[0m
[ 76%] [32mBuilding CXX object CMakeFiles/localization_msgs__rosidl_typesupport_fastrtps_c.dir/rosidl_typesupport_fastrtps_c/localization_msgs/msg/detail/localization_odometry__type_support_c.cpp.o[0m
[ 78%] [32mBuilding CXX object CMakeFiles/localization_msgs__rosidl_typesupport_fastrtps_c.dir/rosidl_typesupport_fastrtps_c/localization_msgs/msg/detail/raw_gps__type_support_c.cpp.o[0m
[ 78%] [32mBuilding CXX object CMakeFiles/localization_msgs__rosidl_typesupport_fastrtps_c.dir/rosidl_typesupport_fastrtps_c/localization_msgs/msg/detail/map_origin__type_support_c.cpp.o[0m
[ 80%] [32m[1mLinking CXX shared library liblocalization_msgs__rosidl_typesupport_fastrtps_c.so[0m
[ 80%] Built target localization_msgs__rosidl_typesupport_fastrtps_c
[35m[1mScanning dependencies of target localization_msgs[0m
[ 80%] Built target localization_msgs
[35m[1mScanning dependencies of target localization_msgs__py[0m
[ 81%] [34m[1mGenerating Python code for ROS interfaces[0m
[ 81%] Built target localization_msgs__py
[35m[1mScanning dependencies of target localization_msgs__python[0m
[ 84%] [32mBuilding C object CMakeFiles/localization_msgs__python.dir/rosidl_generator_py/localization_msgs/msg/_localization_pose_s.c.o[0m
[ 84%] [32mBuilding C object CMakeFiles/localization_msgs__python.dir/rosidl_generator_py/localization_msgs/msg/_localization_odometry_s.c.o[0m
[ 85%] [32mBuilding C object CMakeFiles/localization_msgs__python.dir/rosidl_generator_py/localization_msgs/msg/_localization_status_s.c.o[0m
[ 88%] [32mBuilding C object CMakeFiles/localization_msgs__python.dir/rosidl_generator_py/localization_msgs/msg/_raw_gps_s.c.o[0m
[ 88%] [32mBuilding C object CMakeFiles/localization_msgs__python.dir/rosidl_generator_py/localization_msgs/msg/_map_origin_s.c.o[0m
[ 90%] [32mBuilding C object CMakeFiles/localization_msgs__python.dir/rosidl_generator_py/localization_msgs/msg/_localization_diagnostics_s.c.o[0m
[ 91%] [32m[1mLinking C shared library rosidl_generator_py/localization_msgs/liblocalization_msgs__python.so[0m
[ 91%] Built target localization_msgs__python
[35m[1mScanning dependencies of target localization_msgs__rosidl_typesupport_introspection_c__pyext[0m
[35m[1mScanning dependencies of target localization_msgs__rosidl_typesupport_fastrtps_c__pyext[0m
[35m[1mScanning dependencies of target localization_msgs__rosidl_typesupport_c__pyext[0m
[ 92%] [32mBuilding C object CMakeFiles/localization_msgs__rosidl_typesupport_introspection_c__pyext.dir/rosidl_generator_py/localization_msgs/_localization_msgs_s.ep.rosidl_typesupport_introspection_c.c.o[0m
[ 94%] [32mBuilding C object CMakeFiles/localization_msgs__rosidl_typesupport_fastrtps_c__pyext.dir/rosidl_generator_py/localization_msgs/_localization_msgs_s.ep.rosidl_typesupport_fastrtps_c.c.o[0m
[ 95%] [32mBuilding C object CMakeFiles/localization_msgs__rosidl_typesupport_c__pyext.dir/rosidl_generator_py/localization_msgs/_localization_msgs_s.ep.rosidl_typesupport_c.c.o[0m
[ 97%] [32m[1mLinking C shared library rosidl_generator_py/localization_msgs/localization_msgs_s__rosidl_typesupport_introspection_c.cpython-38-x86_64-linux-gnu.so[0m
[ 98%] [32m[1mLinking CXX shared library rosidl_generator_py/localization_msgs/localization_msgs_s__rosidl_typesupport_fastrtps_c.cpython-38-x86_64-linux-gnu.so[0m
[100%] [32m[1mLinking C shared library rosidl_generator_py/localization_msgs/localization_msgs_s__rosidl_typesupport_c.cpython-38-x86_64-linux-gnu.so[0m
[100%] Built target localization_msgs__rosidl_typesupport_introspection_c__pyext
[100%] Built target localization_msgs__rosidl_typesupport_c__pyext
[100%] Built target localization_msgs__rosidl_typesupport_fastrtps_c__pyext
-- Install configuration: ""
-- Installing: /ros2_ws/install/localization_msgs/share/ament_index/resource_index/rosidl_interfaces/localization_msgs
-- Installing: /ros2_ws/install/localization_msgs/include/localization_msgs
-- Installing: /ros2_ws/install/localization_msgs/include/localization_msgs/msg
-- Installing: /ros2_ws/install/localization_msgs/include/localization_msgs/msg/map_origin.h
-- Installing: /ros2_ws/install/localization_msgs/include/localization_msgs/msg/rosidl_generator_c__visibility_control.h
-- Installing: /ros2_ws/install/localization_msgs/include/localization_msgs/msg/localization_odometry.h
-- Installing: /ros2_ws/install/localization_msgs/include/localization_msgs/msg/detail
-- Installing: /ros2_ws/install/localization_msgs/include/localization_msgs/msg/detail/map_origin__functions.h
-- Installing: /ros2_ws/install/localization_msgs/include/localization_msgs/msg/detail/localization_diagnostics__type_support.h
-- Installing: /ros2_ws/install/localization_msgs/include/localization_msgs/msg/detail/localization_odometry__functions.c
-- Installing: /ros2_ws/install/localization_msgs/include/localization_msgs/msg/detail/raw_gps__functions.c
-- Installing: /ros2_ws/install/localization_msgs/include/localization_msgs/msg/detail/localization_diagnostics__functions.c
-- Installing: /ros2_ws/install/localization_msgs/include/localization_msgs/msg/detail/map_origin__struct.h
-- Installing: /ros2_ws/install/localization_msgs/include/localization_msgs/msg/detail/localization_pose__type_support.h
-- Installing: /ros2_ws/install/localization_msgs/include/localization_msgs/msg/detail/raw_gps__struct.h
-- Installing: /ros2_ws/install/localization_msgs/include/localization_msgs/msg/detail/map_origin__type_support.h
-- Installing: /ros2_ws/install/localization_msgs/include/localization_msgs/msg/detail/localization_odometry__struct.h
-- Installing: /ros2_ws/install/localization_msgs/include/localization_msgs/msg/detail/localization_pose__functions.h
-- Installing: /ros2_ws/install/localization_msgs/include/localization_msgs/msg/detail/localization_status__functions.h
-- Installing: /ros2_ws/install/localization_msgs/include/localization_msgs/msg/detail/localization_odometry__type_support.h
-- Installing: /ros2_ws/install/localization_msgs/include/localization_msgs/msg/detail/localization_status__struct.h
-- Installing: /ros2_ws/install/localization_msgs/include/localization_msgs/msg/detail/localization_diagnostics__struct.h
-- Installing: /ros2_ws/install/localization_msgs/include/localization_msgs/msg/detail/map_origin__functions.c
-- Installing: /ros2_ws/install/localization_msgs/include/localization_msgs/msg/detail/localization_status__type_support.h
-- Installing: /ros2_ws/install/localization_msgs/include/localization_msgs/msg/detail/localization_diagnostics__functions.h
-- Installing: /ros2_ws/install/localization_msgs/include/localization_msgs/msg/detail/raw_gps__functions.h
-- Installing: /ros2_ws/install/localization_msgs/include/localization_msgs/msg/detail/localization_pose__struct.h
-- Installing: /ros2_ws/install/localization_msgs/include/localization_msgs/msg/detail/localization_odometry__functions.h
-- Installing: /ros2_ws/install/localization_msgs/include/localization_msgs/msg/detail/raw_gps__type_support.h
-- Installing: /ros2_ws/install/localization_msgs/include/localization_msgs/msg/detail/localization_status__functions.c
-- Installing: /ros2_ws/install/localization_msgs/include/localization_msgs/msg/detail/localization_pose__functions.c
-- Installing: /ros2_ws/install/localization_msgs/include/localization_msgs/msg/localization_pose.h
-- Installing: /ros2_ws/install/localization_msgs/include/localization_msgs/msg/localization_diagnostics.h
-- Installing: /ros2_ws/install/localization_msgs/include/localization_msgs/msg/localization_status.h
-- Installing: /ros2_ws/install/localization_msgs/include/localization_msgs/msg/raw_gps.h
-- Installing: /ros2_ws/install/localization_msgs/share/localization_msgs/environment/library_path.sh
-- Installing: /ros2_ws/install/localization_msgs/share/localization_msgs/environment/library_path.dsv
-- Installing: /ros2_ws/install/localization_msgs/lib/liblocalization_msgs__rosidl_generator_c.so
-- Set runtime path of "/ros2_ws/install/localization_msgs/lib/liblocalization_msgs__rosidl_generator_c.so" to ""
-- Up-to-date: /ros2_ws/install/localization_msgs/include/localization_msgs
-- Up-to-date: /ros2_ws/install/localization_msgs/include/localization_msgs/msg
-- Up-to-date: /ros2_ws/install/localization_msgs/include/localization_msgs/msg/detail
-- Installing: /ros2_ws/install/localization_msgs/include/localization_msgs/msg/detail/raw_gps__rosidl_typesupport_fastrtps_c.h
-- Installing: /ros2_ws/install/localization_msgs/include/localization_msgs/msg/detail/localization_status__rosidl_typesupport_fastrtps_c.h
-- Installing: /ros2_ws/install/localization_msgs/include/localization_msgs/msg/detail/localization_diagnostics__rosidl_typesupport_fastrtps_c.h
-- Installing: /ros2_ws/install/localization_msgs/include/localization_msgs/msg/detail/localization_pose__rosidl_typesupport_fastrtps_c.h
-- Installing: /ros2_ws/install/localization_msgs/include/localization_msgs/msg/detail/map_origin__rosidl_typesupport_fastrtps_c.h
-- Installing: /ros2_ws/install/localization_msgs/include/localization_msgs/msg/detail/localization_odometry__rosidl_typesupport_fastrtps_c.h
-- Installing: /ros2_ws/install/localization_msgs/include/localization_msgs/msg/rosidl_typesupport_fastrtps_c__visibility_control.h
-- Installing: /ros2_ws/install/localization_msgs/lib/liblocalization_msgs__rosidl_typesupport_fastrtps_c.so
-- Set runtime path of "/ros2_ws/install/localization_msgs/lib/liblocalization_msgs__rosidl_typesupport_fastrtps_c.so" to ""
-- Up-to-date: /ros2_ws/install/localization_msgs/include/localization_msgs
-- Up-to-date: /ros2_ws/install/localization_msgs/include/localization_msgs/msg
-- Installing: /ros2_ws/install/localization_msgs/include/localization_msgs/msg/rosidl_typesupport_fastrtps_cpp__visibility_control.h
-- Up-to-date: /ros2_ws/install/localization_msgs/include/localization_msgs/msg/detail
-- Installing: /ros2_ws/install/localization_msgs/include/localization_msgs/msg/detail/localization_diagnostics__rosidl_typesupport_fastrtps_cpp.hpp
-- Installing: /ros2_ws/install/localization_msgs/include/localization_msgs/msg/detail/map_origin__rosidl_typesupport_fastrtps_cpp.hpp
-- Installing: /ros2_ws/install/localization_msgs/include/localization_msgs/msg/detail/raw_gps__rosidl_typesupport_fastrtps_cpp.hpp
-- Installing: /ros2_ws/install/localization_msgs/include/localization_msgs/msg/detail/localization_status__rosidl_typesupport_fastrtps_cpp.hpp
-- Installing: /ros2_ws/install/localization_msgs/include/localization_msgs/msg/detail/localization_odometry__rosidl_typesupport_fastrtps_cpp.hpp
-- Installing: /ros2_ws/install/localization_msgs/include/localization_msgs/msg/detail/dds_fastrtps
-- Installing: /ros2_ws/install/localization_msgs/include/localization_msgs/msg/detail/localization_pose__rosidl_typesupport_fastrtps_cpp.hpp
-- Installing: /ros2_ws/install/localization_msgs/lib/liblocalization_msgs__rosidl_typesupport_fastrtps_cpp.so
-- Set runtime path of "/ros2_ws/install/localization_msgs/lib/liblocalization_msgs__rosidl_typesupport_fastrtps_cpp.so" to ""
-- Up-to-date: /ros2_ws/install/localization_msgs/include/localization_msgs
-- Up-to-date: /ros2_ws/install/localization_msgs/include/localization_msgs/msg
-- Up-to-date: /ros2_ws/install/localization_msgs/include/localization_msgs/msg/detail
-- Installing: /ros2_ws/install/localization_msgs/include/localization_msgs/msg/detail/localization_status__type_support.c
-- Installing: /ros2_ws/install/localization_msgs/include/localization_msgs/msg/detail/localization_odometry__type_support.c
-- Installing: /ros2_ws/install/localization_msgs/include/localization_msgs/msg/detail/localization_odometry__rosidl_typesupport_introspection_c.h
-- Installing: /ros2_ws/install/localization_msgs/include/localization_msgs/msg/detail/raw_gps__type_support.c
-- Installing: /ros2_ws/install/localization_msgs/include/localization_msgs/msg/detail/localization_status__rosidl_typesupport_introspection_c.h
-- Installing: /ros2_ws/install/localization_msgs/include/localization_msgs/msg/detail/localization_diagnostics__type_support.c
-- Installing: /ros2_ws/install/localization_msgs/include/localization_msgs/msg/detail/map_origin__type_support.c
-- Installing: /ros2_ws/install/localization_msgs/include/localization_msgs/msg/detail/map_origin__rosidl_typesupport_introspection_c.h
-- Installing: /ros2_ws/install/localization_msgs/include/localization_msgs/msg/detail/localization_pose__type_support.c
-- Installing: /ros2_ws/install/localization_msgs/include/localization_msgs/msg/detail/raw_gps__rosidl_typesupport_introspection_c.h
-- Installing: /ros2_ws/install/localization_msgs/include/localization_msgs/msg/detail/localization_diagnostics__rosidl_typesupport_introspection_c.h
-- Installing: /ros2_ws/install/localization_msgs/include/localization_msgs/msg/detail/localization_pose__rosidl_typesupport_introspection_c.h
-- Installing: /ros2_ws/install/localization_msgs/include/localization_msgs/msg/rosidl_typesupport_introspection_c__visibility_control.h
-- Installing: /ros2_ws/install/localization_msgs/lib/liblocalization_msgs__rosidl_typesupport_introspection_c.so
-- Set runtime path of "/ros2_ws/install/localization_msgs/lib/liblocalization_msgs__rosidl_typesupport_introspection_c.so" to ""
-- Installing: /ros2_ws/install/localization_msgs/lib/liblocalization_msgs__rosidl_typesupport_c.so
-- Set runtime path of "/ros2_ws/install/localization_msgs/lib/liblocalization_msgs__rosidl_typesupport_c.so" to ""
-- Up-to-date: /ros2_ws/install/localization_msgs/include/localization_msgs
-- Up-to-date: /ros2_ws/install/localization_msgs/include/localization_msgs/msg
-- Installing: /ros2_ws/install/localization_msgs/include/localization_msgs/msg/raw_gps.hpp
-- Up-to-date: /ros2_ws/install/localization_msgs/include/localization_msgs/msg/detail
-- Installing: /ros2_ws/install/localization_msgs/include/localization_msgs/msg/detail/localization_odometry__type_support.hpp
-- Installing: /ros2_ws/install/localization_msgs/include/localization_msgs/msg/detail/map_origin__type_support.hpp
-- Installing: /ros2_ws/install/localization_msgs/include/localization_msgs/msg/detail/localization_odometry__struct.hpp
-- Installing: /ros2_ws/install/localization_msgs/include/localization_msgs/msg/detail/localization_diagnostics__struct.hpp
-- Installing: /ros2_ws/install/localization_msgs/include/localization_msgs/msg/detail/localization_status__struct.hpp
-- Installing: /ros2_ws/install/localization_msgs/include/localization_msgs/msg/detail/localization_pose__traits.hpp
-- Installing: /ros2_ws/install/localization_msgs/include/localization_msgs/msg/detail/raw_gps__struct.hpp
-- Installing: /ros2_ws/install/localization_msgs/include/localization_msgs/msg/detail/localization_pose__type_support.hpp
-- Installing: /ros2_ws/install/localization_msgs/include/localization_msgs/msg/detail/localization_odometry__builder.hpp
-- Installing: /ros2_ws/install/localization_msgs/include/localization_msgs/msg/detail/localization_diagnostics__builder.hpp
-- Installing: /ros2_ws/install/localization_msgs/include/localization_msgs/msg/detail/localization_diagnostics__type_support.hpp
-- Installing: /ros2_ws/install/localization_msgs/include/localization_msgs/msg/detail/raw_gps__builder.hpp
-- Installing: /ros2_ws/install/localization_msgs/include/localization_msgs/msg/detail/map_origin__traits.hpp
-- Installing: /ros2_ws/install/localization_msgs/include/localization_msgs/msg/detail/raw_gps__type_support.hpp
-- Installing: /ros2_ws/install/localization_msgs/include/localization_msgs/msg/detail/localization_status__type_support.hpp
-- Installing: /ros2_ws/install/localization_msgs/include/localization_msgs/msg/detail/localization_diagnostics__traits.hpp
-- Installing: /ros2_ws/install/localization_msgs/include/localization_msgs/msg/detail/localization_status__builder.hpp
-- Installing: /ros2_ws/install/localization_msgs/include/localization_msgs/msg/detail/localization_pose__builder.hpp
-- Installing: /ros2_ws/install/localization_msgs/include/localization_msgs/msg/detail/localization_odometry__traits.hpp
-- Installing: /ros2_ws/install/localization_msgs/include/localization_msgs/msg/detail/localization_status__traits.hpp
-- Installing: /ros2_ws/install/localization_msgs/include/localization_msgs/msg/detail/localization_pose__struct.hpp
-- Installing: /ros2_ws/install/localization_msgs/include/localization_msgs/msg/detail/raw_gps__traits.hpp
-- Installing: /ros2_ws/install/localization_msgs/include/localization_msgs/msg/detail/map_origin__builder.hpp
-- Installing: /ros2_ws/install/localization_msgs/include/localization_msgs/msg/detail/map_origin__struct.hpp
-- Installing: /ros2_ws/install/localization_msgs/include/localization_msgs/msg/rosidl_generator_cpp__visibility_control.hpp
-- Installing: /ros2_ws/install/localization_msgs/include/localization_msgs/msg/map_origin.hpp
-- Installing: /ros2_ws/install/localization_msgs/include/localization_msgs/msg/localization_status.hpp
-- Installing: /ros2_ws/install/localization_msgs/include/localization_msgs/msg/localization_diagnostics.hpp
-- Installing: /ros2_ws/install/localization_msgs/include/localization_msgs/msg/localization_odometry.hpp
-- Installing: /ros2_ws/install/localization_msgs/include/localization_msgs/msg/localization_pose.hpp
-- Up-to-date: /ros2_ws/install/localization_msgs/include/localization_msgs
-- Up-to-date: /ros2_ws/install/localization_msgs/include/localization_msgs/msg
-- Up-to-date: /ros2_ws/install/localization_msgs/include/localization_msgs/msg/detail
-- Installing: /ros2_ws/install/localization_msgs/include/localization_msgs/msg/detail/localization_status__rosidl_typesupport_introspection_cpp.hpp
-- Installing: /ros2_ws/install/localization_msgs/include/localization_msgs/msg/detail/raw_gps__type_support.cpp
-- Installing: /ros2_ws/install/localization_msgs/include/localization_msgs/msg/detail/localization_status__type_support.cpp
-- Installing: /ros2_ws/install/localization_msgs/include/localization_msgs/msg/detail/localization_pose__rosidl_typesupport_introspection_cpp.hpp
-- Installing: /ros2_ws/install/localization_msgs/include/localization_msgs/msg/detail/localization_pose__type_support.cpp
-- Installing: /ros2_ws/install/localization_msgs/include/localization_msgs/msg/detail/localization_diagnostics__type_support.cpp
-- Installing: /ros2_ws/install/localization_msgs/include/localization_msgs/msg/detail/localization_odometry__rosidl_typesupport_introspection_cpp.hpp
-- Installing: /ros2_ws/install/localization_msgs/include/localization_msgs/msg/detail/map_origin__rosidl_typesupport_introspection_cpp.hpp
-- Installing: /ros2_ws/install/localization_msgs/include/localization_msgs/msg/detail/localization_odometry__type_support.cpp
-- Installing: /ros2_ws/install/localization_msgs/include/localization_msgs/msg/detail/localization_diagnostics__rosidl_typesupport_introspection_cpp.hpp
-- Installing: /ros2_ws/install/localization_msgs/include/localization_msgs/msg/detail/map_origin__type_support.cpp
-- Installing: /ros2_ws/install/localization_msgs/include/localization_msgs/msg/detail/raw_gps__rosidl_typesupport_introspection_cpp.hpp
-- Installing: /ros2_ws/install/localization_msgs/lib/liblocalization_msgs__rosidl_typesupport_introspection_cpp.so
-- Set runtime path of "/ros2_ws/install/localization_msgs/lib/liblocalization_msgs__rosidl_typesupport_introspection_cpp.so" to ""
-- Installing: /ros2_ws/install/localization_msgs/lib/liblocalization_msgs__rosidl_typesupport_cpp.so
-- Set runtime path of "/ros2_ws/install/localization_msgs/lib/liblocalization_msgs__rosidl_typesupport_cpp.so" to ""
-- Installing: /ros2_ws/install/localization_msgs/share/localization_msgs/environment/pythonpath.sh
-- Installing: /ros2_ws/install/localization_msgs/share/localization_msgs/environment/pythonpath.dsv
-- Installing: /ros2_ws/install/localization_msgs/lib/python3.8/site-packages/localization_msgs/__init__.py
Compiling '/ros2_ws/install/localization_msgs/lib/python3.8/site-packages/localization_msgs/__init__.py'...
-- Installing: /ros2_ws/install/localization_msgs/lib/python3.8/site-packages/localization_msgs/msg
-- Installing: /ros2_ws/install/localization_msgs/lib/python3.8/site-packages/localization_msgs/msg/_raw_gps.py
-- Installing: /ros2_ws/install/localization_msgs/lib/python3.8/site-packages/localization_msgs/msg/_raw_gps_s.c
-- Installing: /ros2_ws/install/localization_msgs/lib/python3.8/site-packages/localization_msgs/msg/_map_origin.py
-- Installing: /ros2_ws/install/localization_msgs/lib/python3.8/site-packages/localization_msgs/msg/_localization_status.py
-- Installing: /ros2_ws/install/localization_msgs/lib/python3.8/site-packages/localization_msgs/msg/_localization_odometry.py
-- Installing: /ros2_ws/install/localization_msgs/lib/python3.8/site-packages/localization_msgs/msg/_localization_pose_s.c
-- Installing: /ros2_ws/install/localization_msgs/lib/python3.8/site-packages/localization_msgs/msg/__init__.py
-- Installing: /ros2_ws/install/localization_msgs/lib/python3.8/site-packages/localization_msgs/msg/_localization_pose.py
-- Installing: /ros2_ws/install/localization_msgs/lib/python3.8/site-packages/localization_msgs/msg/_map_origin_s.c
-- Installing: /ros2_ws/install/localization_msgs/lib/python3.8/site-packages/localization_msgs/msg/_localization_odometry_s.c
-- Installing: /ros2_ws/install/localization_msgs/lib/python3.8/site-packages/localization_msgs/msg/_localization_status_s.c
-- Installing: /ros2_ws/install/localization_msgs/lib/python3.8/site-packages/localization_msgs/msg/_localization_diagnostics_s.c
-- Installing: /ros2_ws/install/localization_msgs/lib/python3.8/site-packages/localization_msgs/msg/_localization_diagnostics.py
-- Installing: /ros2_ws/install/localization_msgs/lib/python3.8/site-packages/localization_msgs/localization_msgs_s__rosidl_typesupport_fastrtps_c.cpython-38-x86_64-linux-gnu.so
-- Set runtime path of "/ros2_ws/install/localization_msgs/lib/python3.8/site-packages/localization_msgs/localization_msgs_s__rosidl_typesupport_fastrtps_c.cpython-38-x86_64-linux-gnu.so" to ""
-- Installing: /ros2_ws/install/localization_msgs/lib/python3.8/site-packages/localization_msgs/localization_msgs_s__rosidl_typesupport_introspection_c.cpython-38-x86_64-linux-gnu.so
-- Set runtime path of "/ros2_ws/install/localization_msgs/lib/python3.8/site-packages/localization_msgs/localization_msgs_s__rosidl_typesupport_introspection_c.cpython-38-x86_64-linux-gnu.so" to ""
-- Installing: /ros2_ws/install/localization_msgs/lib/python3.8/site-packages/localization_msgs/localization_msgs_s__rosidl_typesupport_c.cpython-38-x86_64-linux-gnu.so
-- Set runtime path of "/ros2_ws/install/localization_msgs/lib/python3.8/site-packages/localization_msgs/localization_msgs_s__rosidl_typesupport_c.cpython-38-x86_64-linux-gnu.so" to ""
-- Installing: /ros2_ws/install/localization_msgs/lib/liblocalization_msgs__python.so
-- Set runtime path of "/ros2_ws/install/localization_msgs/lib/liblocalization_msgs__python.so" to ""
-- Installing: /ros2_ws/install/localization_msgs/share/localization_msgs/msg/LocalizationPose.idl
-- Installing: /ros2_ws/install/localization_msgs/share/localization_msgs/msg/LocalizationOdometry.idl
-- Installing: /ros2_ws/install/localization_msgs/share/localization_msgs/msg/LocalizationStatus.idl
-- Installing: /ros2_ws/install/localization_msgs/share/localization_msgs/msg/LocalizationDiagnostics.idl
-- Installing: /ros2_ws/install/localization_msgs/share/localization_msgs/msg/MapOrigin.idl
-- Installing: /ros2_ws/install/localization_msgs/share/localization_msgs/msg/RawGps.idl
-- Installing: /ros2_ws/install/localization_msgs/share/localization_msgs/msg/LocalizationPose.msg
-- Installing: /ros2_ws/install/localization_msgs/share/localization_msgs/msg/LocalizationOdometry.msg
-- Installing: /ros2_ws/install/localization_msgs/share/localization_msgs/msg/LocalizationStatus.msg
-- Installing: /ros2_ws/install/localization_msgs/share/localization_msgs/msg/LocalizationDiagnostics.msg
-- Installing: /ros2_ws/install/localization_msgs/share/localization_msgs/msg/MapOrigin.msg
-- Installing: /ros2_ws/install/localization_msgs/share/localization_msgs/msg/RawGps.msg
-- Installing: /ros2_ws/install/localization_msgs/share/ament_index/resource_index/package_run_dependencies/localization_msgs
-- Installing: /ros2_ws/install/localization_msgs/share/ament_index/resource_index/parent_prefix_path/localization_msgs
-- Installing: /ros2_ws/install/localization_msgs/share/localization_msgs/environment/ament_prefix_path.sh
-- Installing: /ros2_ws/install/localization_msgs/share/localization_msgs/environment/ament_prefix_path.dsv
-- Installing: /ros2_ws/install/localization_msgs/share/localization_msgs/environment/path.sh
-- Installing: /ros2_ws/install/localization_msgs/share/localization_msgs/environment/path.dsv
-- Installing: /ros2_ws/install/localization_msgs/share/localization_msgs/local_setup.bash
-- Installing: /ros2_ws/install/localization_msgs/share/localization_msgs/local_setup.sh
-- Installing: /ros2_ws/install/localization_msgs/share/localization_msgs/local_setup.zsh
-- Installing: /ros2_ws/install/localization_msgs/share/localization_msgs/local_setup.dsv
-- Installing: /ros2_ws/install/localization_msgs/share/localization_msgs/package.dsv
-- Installing: /ros2_ws/install/localization_msgs/share/ament_index/resource_index/packages/localization_msgs
-- Installing: /ros2_ws/install/localization_msgs/share/localization_msgs/cmake/localization_msgs__rosidl_generator_cExport.cmake
-- Installing: /ros2_ws/install/localization_msgs/share/localization_msgs/cmake/localization_msgs__rosidl_generator_cExport-noconfig.cmake
-- Installing: /ros2_ws/install/localization_msgs/share/localization_msgs/cmake/localization_msgs__rosidl_typesupport_introspection_cExport.cmake
-- Installing: /ros2_ws/install/localization_msgs/share/localization_msgs/cmake/localization_msgs__rosidl_typesupport_introspection_cExport-noconfig.cmake
-- Installing: /ros2_ws/install/localization_msgs/share/localization_msgs/cmake/localization_msgs__rosidl_typesupport_cExport.cmake
-- Installing: /ros2_ws/install/localization_msgs/share/localization_msgs/cmake/localization_msgs__rosidl_typesupport_cExport-noconfig.cmake
-- Installing: /ros2_ws/install/localization_msgs/share/localization_msgs/cmake/localization_msgs__rosidl_generator_cppExport.cmake
-- Installing: /ros2_ws/install/localization_msgs/share/localization_msgs/cmake/localization_msgs__rosidl_typesupport_introspection_cppExport.cmake
-- Installing: /ros2_ws/install/localization_msgs/share/localization_msgs/cmake/localization_msgs__rosidl_typesupport_introspection_cppExport-noconfig.cmake
-- Installing: /ros2_ws/install/localization_msgs/share/localization_msgs/cmake/localization_msgs__rosidl_typesupport_cppExport.cmake
-- Installing: /ros2_ws/install/localization_msgs/share/localization_msgs/cmake/localization_msgs__rosidl_typesupport_cppExport-noconfig.cmake
-- Installing: /ros2_ws/install/localization_msgs/share/localization_msgs/cmake/rosidl_cmake-extras.cmake
-- Installing: /ros2_ws/install/localization_msgs/share/localization_msgs/cmake/ament_cmake_export_dependencies-extras.cmake
-- Installing: /ros2_ws/install/localization_msgs/share/localization_msgs/cmake/ament_cmake_export_libraries-extras.cmake
-- Installing: /ros2_ws/install/localization_msgs/share/localization_msgs/cmake/ament_cmake_export_targets-extras.cmake
-- Installing: /ros2_ws/install/localization_msgs/share/localization_msgs/cmake/ament_cmake_export_include_directories-extras.cmake
-- Installing: /ros2_ws/install/localization_msgs/share/localization_msgs/cmake/rosidl_cmake_export_typesupport_libraries-extras.cmake
-- Installing: /ros2_ws/install/localization_msgs/share/localization_msgs/cmake/rosidl_cmake_export_typesupport_targets-extras.cmake
-- Installing: /ros2_ws/install/localization_msgs/share/localization_msgs/cmake/localization_msgsConfig.cmake
-- Installing: /ros2_ws/install/localization_msgs/share/localization_msgs/cmake/localization_msgsConfig-version.cmake
-- Installing: /ros2_ws/install/localization_msgs/share/localization_msgs/package.xml
