[0.059s] Invoking command in '/ros2_ws/build/localization_msgs': CMAKE_PREFIX_PATH=/opt/ros/foxy /usr/bin/cmake --build /ros2_ws/build/localization_msgs -- -j10 -l10
[0.312s] [  1%] [34m[1mGenerating C code for ROS interfaces[0m
[0.320s] [35m[1mScanning dependencies of target localization_msgs__cpp[0m
[0.441s] [  2%] [34m[1mGenerating C++ code for ROS interfaces[0m
[1.693s] [35m[1mScanning dependencies of target localization_msgs__rosidl_generator_c[0m
[2.040s] [  2%] Built target localization_msgs__cpp
[2.175s] [  5%] [32mBuilding C object CMakeFiles/localization_msgs__rosidl_generator_c.dir/rosidl_generator_c/localization_msgs/msg/detail/localization_pose__functions.c.o[0m
[2.180s] [  5%] [32mBuilding C object CMakeFiles/localization_msgs__rosidl_generator_c.dir/rosidl_generator_c/localization_msgs/msg/detail/localization_odometry__functions.c.o[0m
[2.208s] [  7%] [32mBuilding C object CMakeFiles/localization_msgs__rosidl_generator_c.dir/rosidl_generator_c/localization_msgs/msg/detail/raw_gps__functions.c.o[0m
[2.219s] [  9%] [32mBuilding C object CMakeFiles/localization_msgs__rosidl_generator_c.dir/rosidl_generator_c/localization_msgs/msg/detail/map_origin__functions.c.o[0m
[2.223s] [  9%] [32mBuilding C object CMakeFiles/localization_msgs__rosidl_generator_c.dir/rosidl_generator_c/localization_msgs/msg/detail/localization_status__functions.c.o[0m
[2.246s] [ 11%] [32mBuilding C object CMakeFiles/localization_msgs__rosidl_generator_c.dir/rosidl_generator_c/localization_msgs/msg/detail/localization_diagnostics__functions.c.o[0m
[2.301s] [ 12%] [34m[1mGenerating C++ type support dispatch for ROS interfaces[0m
[2.312s] [ 14%] [34m[1mGenerating C++ type support for eProsima Fast-RTPS[0m
[2.361s] [ 15%] [34m[1mGenerating C++ introspection for ROS interfaces[0m
[3.941s] [ 16%] [32m[1mLinking C shared library liblocalization_msgs__rosidl_generator_c.so[0m
[4.078s] [35m[1mScanning dependencies of target localization_msgs__rosidl_typesupport_introspection_cpp[0m
[4.211s] [35m[1mScanning dependencies of target localization_msgs__rosidl_typesupport_fastrtps_cpp[0m
[4.284s] [35m[1mScanning dependencies of target localization_msgs__rosidl_typesupport_cpp[0m
[4.667s] [ 18%] [32mBuilding CXX object CMakeFiles/localization_msgs__rosidl_typesupport_introspection_cpp.dir/rosidl_typesupport_introspection_cpp/localization_msgs/msg/detail/localization_pose__type_support.cpp.o[0m
[4.698s] [ 19%] [32mBuilding CXX object CMakeFiles/localization_msgs__rosidl_typesupport_introspection_cpp.dir/rosidl_typesupport_introspection_cpp/localization_msgs/msg/detail/raw_gps__type_support.cpp.o[0m
[4.726s] [ 22%] [32mBuilding CXX object CMakeFiles/localization_msgs__rosidl_typesupport_introspection_cpp.dir/rosidl_typesupport_introspection_cpp/localization_msgs/msg/detail/localization_diagnostics__type_support.cpp.o[0m
[4.727s] [ 22%] [32mBuilding CXX object CMakeFiles/localization_msgs__rosidl_typesupport_introspection_cpp.dir/rosidl_typesupport_introspection_cpp/localization_msgs/msg/detail/localization_status__type_support.cpp.o[0m
[4.783s] [ 23%] [32mBuilding CXX object CMakeFiles/localization_msgs__rosidl_typesupport_introspection_cpp.dir/rosidl_typesupport_introspection_cpp/localization_msgs/msg/detail/map_origin__type_support.cpp.o[0m
[4.788s] [ 25%] [32mBuilding CXX object CMakeFiles/localization_msgs__rosidl_typesupport_introspection_cpp.dir/rosidl_typesupport_introspection_cpp/localization_msgs/msg/detail/localization_odometry__type_support.cpp.o[0m
[4.862s] [ 26%] [32mBuilding CXX object CMakeFiles/localization_msgs__rosidl_typesupport_cpp.dir/rosidl_typesupport_cpp/localization_msgs/msg/localization_odometry__type_support.cpp.o[0m
[4.877s] [ 26%] Built target localization_msgs__rosidl_generator_c
[4.912s] [ 28%] [32mBuilding CXX object CMakeFiles/localization_msgs__rosidl_typesupport_fastrtps_cpp.dir/rosidl_typesupport_fastrtps_cpp/localization_msgs/msg/detail/dds_fastrtps/localization_pose__type_support.cpp.o[0m
[4.929s] [ 29%] [32mBuilding CXX object CMakeFiles/localization_msgs__rosidl_typesupport_cpp.dir/rosidl_typesupport_cpp/localization_msgs/msg/localization_pose__type_support.cpp.o[0m
[5.334s] [ 30%] [34m[1mGenerating C introspection for ROS interfaces[0m
[7.978s] [ 32%] [34m[1mGenerating C type support dispatch for ROS interfaces[0m
[8.098s] [ 33%] [32mBuilding CXX object CMakeFiles/localization_msgs__rosidl_typesupport_cpp.dir/rosidl_typesupport_cpp/localization_msgs/msg/localization_status__type_support.cpp.o[0m
[8.277s] [35m[1mScanning dependencies of target localization_msgs__rosidl_typesupport_introspection_c[0m
[8.482s] [ 35%] [32mBuilding CXX object CMakeFiles/localization_msgs__rosidl_typesupport_cpp.dir/rosidl_typesupport_cpp/localization_msgs/msg/localization_diagnostics__type_support.cpp.o[0m
[8.558s] [ 36%] [32mBuilding CXX object CMakeFiles/localization_msgs__rosidl_typesupport_cpp.dir/rosidl_typesupport_cpp/localization_msgs/msg/map_origin__type_support.cpp.o[0m
[8.780s] [ 40%] [32mBuilding CXX object CMakeFiles/localization_msgs__rosidl_typesupport_fastrtps_cpp.dir/rosidl_typesupport_fastrtps_cpp/localization_msgs/msg/detail/dds_fastrtps/localization_odometry__type_support.cpp.o[0m
[8.783s] [ 40%] [32mBuilding CXX object CMakeFiles/localization_msgs__rosidl_typesupport_fastrtps_cpp.dir/rosidl_typesupport_fastrtps_cpp/localization_msgs/msg/detail/dds_fastrtps/localization_status__type_support.cpp.o[0m
[8.790s] [ 40%] [32mBuilding C object CMakeFiles/localization_msgs__rosidl_typesupport_introspection_c.dir/rosidl_typesupport_introspection_c/localization_msgs/msg/detail/localization_pose__type_support.c.o[0m
[8.854s] [ 42%] [32mBuilding CXX object CMakeFiles/localization_msgs__rosidl_typesupport_fastrtps_cpp.dir/rosidl_typesupport_fastrtps_cpp/localization_msgs/msg/detail/dds_fastrtps/localization_diagnostics__type_support.cpp.o[0m
[9.055s] [ 43%] [32m[1mLinking CXX shared library liblocalization_msgs__rosidl_typesupport_introspection_cpp.so[0m
[9.128s] [ 45%] [32mBuilding CXX object CMakeFiles/localization_msgs__rosidl_typesupport_fastrtps_cpp.dir/rosidl_typesupport_fastrtps_cpp/localization_msgs/msg/detail/dds_fastrtps/map_origin__type_support.cpp.o[0m
[9.508s] [ 46%] [32mBuilding CXX object CMakeFiles/localization_msgs__rosidl_typesupport_cpp.dir/rosidl_typesupport_cpp/localization_msgs/msg/raw_gps__type_support.cpp.o[0m
[9.739s] [ 47%] [32mBuilding C object CMakeFiles/localization_msgs__rosidl_typesupport_introspection_c.dir/rosidl_typesupport_introspection_c/localization_msgs/msg/detail/localization_odometry__type_support.c.o[0m
[9.780s] [ 47%] Built target localization_msgs__rosidl_typesupport_introspection_cpp
[9.919s] [ 49%] [32mBuilding C object CMakeFiles/localization_msgs__rosidl_typesupport_introspection_c.dir/rosidl_typesupport_introspection_c/localization_msgs/msg/detail/localization_status__type_support.c.o[0m
[9.967s] [35m[1mScanning dependencies of target localization_msgs__rosidl_typesupport_c[0m
[10.495s] [ 50%] [32mBuilding CXX object CMakeFiles/localization_msgs__rosidl_typesupport_c.dir/rosidl_typesupport_c/localization_msgs/msg/localization_pose__type_support.cpp.o[0m
[10.555s] [ 52%] [32mBuilding CXX object CMakeFiles/localization_msgs__rosidl_typesupport_c.dir/rosidl_typesupport_c/localization_msgs/msg/localization_odometry__type_support.cpp.o[0m
[10.713s] [ 53%] [32mBuilding C object CMakeFiles/localization_msgs__rosidl_typesupport_introspection_c.dir/rosidl_typesupport_introspection_c/localization_msgs/msg/detail/localization_diagnostics__type_support.c.o[0m
[10.828s] [ 54%] [32mBuilding C object CMakeFiles/localization_msgs__rosidl_typesupport_introspection_c.dir/rosidl_typesupport_introspection_c/localization_msgs/msg/detail/map_origin__type_support.c.o[0m
[11.143s] [ 56%] [32mBuilding CXX object CMakeFiles/localization_msgs__rosidl_typesupport_fastrtps_cpp.dir/rosidl_typesupport_fastrtps_cpp/localization_msgs/msg/detail/dds_fastrtps/raw_gps__type_support.cpp.o[0m
[11.377s] [ 57%] [32mBuilding CXX object CMakeFiles/localization_msgs__rosidl_typesupport_c.dir/rosidl_typesupport_c/localization_msgs/msg/localization_status__type_support.cpp.o[0m
[11.527s] [ 59%] [32mBuilding C object CMakeFiles/localization_msgs__rosidl_typesupport_introspection_c.dir/rosidl_typesupport_introspection_c/localization_msgs/msg/detail/raw_gps__type_support.c.o[0m
[11.616s] [ 61%] [32m[1mLinking CXX shared library liblocalization_msgs__rosidl_typesupport_cpp.so[0m
[11.640s] [ 61%] [32mBuilding CXX object CMakeFiles/localization_msgs__rosidl_typesupport_c.dir/rosidl_typesupport_c/localization_msgs/msg/map_origin__type_support.cpp.o[0m
[11.665s] [ 63%] [32mBuilding CXX object CMakeFiles/localization_msgs__rosidl_typesupport_c.dir/rosidl_typesupport_c/localization_msgs/msg/localization_diagnostics__type_support.cpp.o[0m
[11.683s] [ 64%] [32mBuilding CXX object CMakeFiles/localization_msgs__rosidl_typesupport_c.dir/rosidl_typesupport_c/localization_msgs/msg/raw_gps__type_support.cpp.o[0m
[12.219s] [ 64%] Built target localization_msgs__rosidl_typesupport_cpp
[12.302s] [ 66%] [32m[1mLinking C shared library liblocalization_msgs__rosidl_typesupport_introspection_c.so[0m
[12.394s] [ 67%] [32m[1mLinking CXX shared library liblocalization_msgs__rosidl_typesupport_c.so[0m
[13.010s] [ 69%] [32m[1mLinking CXX shared library liblocalization_msgs__rosidl_typesupport_fastrtps_cpp.so[0m
[13.025s] [ 69%] Built target localization_msgs__rosidl_typesupport_c
[13.026s] [ 69%] Built target localization_msgs__rosidl_typesupport_introspection_c
[13.697s] [ 69%] Built target localization_msgs__rosidl_typesupport_fastrtps_cpp
[13.961s] [ 70%] [34m[1mGenerating C type support for eProsima Fast-RTPS[0m
[15.601s] [35m[1mScanning dependencies of target localization_msgs__rosidl_typesupport_fastrtps_c[0m
[16.205s] [ 74%] [32mBuilding CXX object CMakeFiles/localization_msgs__rosidl_typesupport_fastrtps_c.dir/rosidl_typesupport_fastrtps_c/localization_msgs/msg/detail/localization_pose__type_support_c.cpp.o[0m
[16.218s] [ 74%] [32mBuilding CXX object CMakeFiles/localization_msgs__rosidl_typesupport_fastrtps_c.dir/rosidl_typesupport_fastrtps_c/localization_msgs/msg/detail/localization_diagnostics__type_support_c.cpp.o[0m
[16.220s] [ 74%] [32mBuilding CXX object CMakeFiles/localization_msgs__rosidl_typesupport_fastrtps_c.dir/rosidl_typesupport_fastrtps_c/localization_msgs/msg/detail/localization_status__type_support_c.cpp.o[0m
[16.224s] [ 76%] [32mBuilding CXX object CMakeFiles/localization_msgs__rosidl_typesupport_fastrtps_c.dir/rosidl_typesupport_fastrtps_c/localization_msgs/msg/detail/localization_odometry__type_support_c.cpp.o[0m
[17.854s] [ 78%] [32mBuilding CXX object CMakeFiles/localization_msgs__rosidl_typesupport_fastrtps_c.dir/rosidl_typesupport_fastrtps_c/localization_msgs/msg/detail/raw_gps__type_support_c.cpp.o[0m
[17.855s] [ 78%] [32mBuilding CXX object CMakeFiles/localization_msgs__rosidl_typesupport_fastrtps_c.dir/rosidl_typesupport_fastrtps_c/localization_msgs/msg/detail/map_origin__type_support_c.cpp.o[0m
[18.566s] [ 80%] [32m[1mLinking CXX shared library liblocalization_msgs__rosidl_typesupport_fastrtps_c.so[0m
[18.777s] [ 80%] Built target localization_msgs__rosidl_typesupport_fastrtps_c
[18.853s] [35m[1mScanning dependencies of target localization_msgs[0m
[18.943s] [ 80%] Built target localization_msgs
[19.058s] [35m[1mScanning dependencies of target localization_msgs__py[0m
[19.137s] [ 81%] [34m[1mGenerating Python code for ROS interfaces[0m
[20.721s] [ 81%] Built target localization_msgs__py
[20.809s] [35m[1mScanning dependencies of target localization_msgs__python[0m
[21.242s] [ 84%] [32mBuilding C object CMakeFiles/localization_msgs__python.dir/rosidl_generator_py/localization_msgs/msg/_localization_pose_s.c.o[0m
[21.243s] [ 84%] [32mBuilding C object CMakeFiles/localization_msgs__python.dir/rosidl_generator_py/localization_msgs/msg/_localization_odometry_s.c.o[0m
[21.246s] [ 85%] [32mBuilding C object CMakeFiles/localization_msgs__python.dir/rosidl_generator_py/localization_msgs/msg/_localization_status_s.c.o[0m
[21.788s] [ 88%] [32mBuilding C object CMakeFiles/localization_msgs__python.dir/rosidl_generator_py/localization_msgs/msg/_raw_gps_s.c.o[0m
[21.788s] [ 88%] [32mBuilding C object CMakeFiles/localization_msgs__python.dir/rosidl_generator_py/localization_msgs/msg/_map_origin_s.c.o[0m
[21.806s] [ 90%] [32mBuilding C object CMakeFiles/localization_msgs__python.dir/rosidl_generator_py/localization_msgs/msg/_localization_diagnostics_s.c.o[0m
[22.359s] [ 91%] [32m[1mLinking C shared library rosidl_generator_py/localization_msgs/liblocalization_msgs__python.so[0m
[22.641s] [ 91%] Built target localization_msgs__python
[22.777s] [35m[1mScanning dependencies of target localization_msgs__rosidl_typesupport_introspection_c__pyext[0m
[22.779s] [35m[1mScanning dependencies of target localization_msgs__rosidl_typesupport_fastrtps_c__pyext[0m
[22.781s] [35m[1mScanning dependencies of target localization_msgs__rosidl_typesupport_c__pyext[0m
[22.991s] [ 92%] [32mBuilding C object CMakeFiles/localization_msgs__rosidl_typesupport_introspection_c__pyext.dir/rosidl_generator_py/localization_msgs/_localization_msgs_s.ep.rosidl_typesupport_introspection_c.c.o[0m
[23.021s] [ 94%] [32mBuilding C object CMakeFiles/localization_msgs__rosidl_typesupport_fastrtps_c__pyext.dir/rosidl_generator_py/localization_msgs/_localization_msgs_s.ep.rosidl_typesupport_fastrtps_c.c.o[0m
[23.039s] [ 95%] [32mBuilding C object CMakeFiles/localization_msgs__rosidl_typesupport_c__pyext.dir/rosidl_generator_py/localization_msgs/_localization_msgs_s.ep.rosidl_typesupport_c.c.o[0m
[23.419s] [ 97%] [32m[1mLinking C shared library rosidl_generator_py/localization_msgs/localization_msgs_s__rosidl_typesupport_introspection_c.cpython-38-x86_64-linux-gnu.so[0m
[23.439s] [ 98%] [32m[1mLinking CXX shared library rosidl_generator_py/localization_msgs/localization_msgs_s__rosidl_typesupport_fastrtps_c.cpython-38-x86_64-linux-gnu.so[0m
[23.465s] [100%] [32m[1mLinking C shared library rosidl_generator_py/localization_msgs/localization_msgs_s__rosidl_typesupport_c.cpython-38-x86_64-linux-gnu.so[0m
[23.603s] [100%] Built target localization_msgs__rosidl_typesupport_introspection_c__pyext
[23.632s] [100%] Built target localization_msgs__rosidl_typesupport_c__pyext
[23.635s] [100%] Built target localization_msgs__rosidl_typesupport_fastrtps_c__pyext
[23.684s] Invoked command in '/ros2_ws/build/localization_msgs' returned '0': CMAKE_PREFIX_PATH=/opt/ros/foxy /usr/bin/cmake --build /ros2_ws/build/localization_msgs -- -j10 -l10
[25.979s] Invoking command in '/ros2_ws/build/localization_msgs': CMAKE_PREFIX_PATH=/opt/ros/foxy /usr/bin/cmake --install /ros2_ws/build/localization_msgs
[26.025s] -- Install configuration: ""
[26.028s] -- Installing: /ros2_ws/install/localization_msgs/share/ament_index/resource_index/rosidl_interfaces/localization_msgs
[26.033s] -- Installing: /ros2_ws/install/localization_msgs/include/localization_msgs
[26.036s] -- Installing: /ros2_ws/install/localization_msgs/include/localization_msgs/msg
[26.039s] -- Installing: /ros2_ws/install/localization_msgs/include/localization_msgs/msg/map_origin.h
[26.041s] -- Installing: /ros2_ws/install/localization_msgs/include/localization_msgs/msg/rosidl_generator_c__visibility_control.h
[26.043s] -- Installing: /ros2_ws/install/localization_msgs/include/localization_msgs/msg/localization_odometry.h
[26.046s] -- Installing: /ros2_ws/install/localization_msgs/include/localization_msgs/msg/detail
[26.048s] -- Installing: /ros2_ws/install/localization_msgs/include/localization_msgs/msg/detail/map_origin__functions.h
[26.051s] -- Installing: /ros2_ws/install/localization_msgs/include/localization_msgs/msg/detail/localization_diagnostics__type_support.h
[26.054s] -- Installing: /ros2_ws/install/localization_msgs/include/localization_msgs/msg/detail/localization_odometry__functions.c
[26.057s] -- Installing: /ros2_ws/install/localization_msgs/include/localization_msgs/msg/detail/raw_gps__functions.c
[26.059s] -- Installing: /ros2_ws/install/localization_msgs/include/localization_msgs/msg/detail/localization_diagnostics__functions.c
[26.062s] -- Installing: /ros2_ws/install/localization_msgs/include/localization_msgs/msg/detail/map_origin__struct.h
[26.065s] -- Installing: /ros2_ws/install/localization_msgs/include/localization_msgs/msg/detail/localization_pose__type_support.h
[26.068s] -- Installing: /ros2_ws/install/localization_msgs/include/localization_msgs/msg/detail/raw_gps__struct.h
[26.070s] -- Installing: /ros2_ws/install/localization_msgs/include/localization_msgs/msg/detail/map_origin__type_support.h
[26.073s] -- Installing: /ros2_ws/install/localization_msgs/include/localization_msgs/msg/detail/localization_odometry__struct.h
[26.075s] -- Installing: /ros2_ws/install/localization_msgs/include/localization_msgs/msg/detail/localization_pose__functions.h
[26.077s] -- Installing: /ros2_ws/install/localization_msgs/include/localization_msgs/msg/detail/localization_status__functions.h
[26.080s] -- Installing: /ros2_ws/install/localization_msgs/include/localization_msgs/msg/detail/localization_odometry__type_support.h
[26.083s] -- Installing: /ros2_ws/install/localization_msgs/include/localization_msgs/msg/detail/localization_status__struct.h
[26.086s] -- Installing: /ros2_ws/install/localization_msgs/include/localization_msgs/msg/detail/localization_diagnostics__struct.h
[26.088s] -- Installing: /ros2_ws/install/localization_msgs/include/localization_msgs/msg/detail/map_origin__functions.c
[26.091s] -- Installing: /ros2_ws/install/localization_msgs/include/localization_msgs/msg/detail/localization_status__type_support.h
[26.093s] -- Installing: /ros2_ws/install/localization_msgs/include/localization_msgs/msg/detail/localization_diagnostics__functions.h
[26.096s] -- Installing: /ros2_ws/install/localization_msgs/include/localization_msgs/msg/detail/raw_gps__functions.h
[26.098s] -- Installing: /ros2_ws/install/localization_msgs/include/localization_msgs/msg/detail/localization_pose__struct.h
[26.101s] -- Installing: /ros2_ws/install/localization_msgs/include/localization_msgs/msg/detail/localization_odometry__functions.h
[26.104s] -- Installing: /ros2_ws/install/localization_msgs/include/localization_msgs/msg/detail/raw_gps__type_support.h
[26.108s] -- Installing: /ros2_ws/install/localization_msgs/include/localization_msgs/msg/detail/localization_status__functions.c
[26.111s] -- Installing: /ros2_ws/install/localization_msgs/include/localization_msgs/msg/detail/localization_pose__functions.c
[26.115s] -- Installing: /ros2_ws/install/localization_msgs/include/localization_msgs/msg/localization_pose.h
[26.117s] -- Installing: /ros2_ws/install/localization_msgs/include/localization_msgs/msg/localization_diagnostics.h
[26.120s] -- Installing: /ros2_ws/install/localization_msgs/include/localization_msgs/msg/localization_status.h
[26.123s] -- Installing: /ros2_ws/install/localization_msgs/include/localization_msgs/msg/raw_gps.h
[26.128s] -- Installing: /ros2_ws/install/localization_msgs/share/localization_msgs/environment/library_path.sh
[26.131s] -- Installing: /ros2_ws/install/localization_msgs/share/localization_msgs/environment/library_path.dsv
[26.136s] -- Installing: /ros2_ws/install/localization_msgs/lib/liblocalization_msgs__rosidl_generator_c.so
[26.143s] -- Set runtime path of "/ros2_ws/install/localization_msgs/lib/liblocalization_msgs__rosidl_generator_c.so" to ""
[26.144s] -- Up-to-date: /ros2_ws/install/localization_msgs/include/localization_msgs
[26.145s] -- Up-to-date: /ros2_ws/install/localization_msgs/include/localization_msgs/msg
[26.146s] -- Up-to-date: /ros2_ws/install/localization_msgs/include/localization_msgs/msg/detail
[26.147s] -- Installing: /ros2_ws/install/localization_msgs/include/localization_msgs/msg/detail/raw_gps__rosidl_typesupport_fastrtps_c.h
[26.149s] -- Installing: /ros2_ws/install/localization_msgs/include/localization_msgs/msg/detail/localization_status__rosidl_typesupport_fastrtps_c.h
[26.151s] -- Installing: /ros2_ws/install/localization_msgs/include/localization_msgs/msg/detail/localization_diagnostics__rosidl_typesupport_fastrtps_c.h
[26.155s] -- Installing: /ros2_ws/install/localization_msgs/include/localization_msgs/msg/detail/localization_pose__rosidl_typesupport_fastrtps_c.h
[26.157s] -- Installing: /ros2_ws/install/localization_msgs/include/localization_msgs/msg/detail/map_origin__rosidl_typesupport_fastrtps_c.h
[26.160s] -- Installing: /ros2_ws/install/localization_msgs/include/localization_msgs/msg/detail/localization_odometry__rosidl_typesupport_fastrtps_c.h
[26.162s] -- Installing: /ros2_ws/install/localization_msgs/include/localization_msgs/msg/rosidl_typesupport_fastrtps_c__visibility_control.h
[26.166s] -- Installing: /ros2_ws/install/localization_msgs/lib/liblocalization_msgs__rosidl_typesupport_fastrtps_c.so
[26.172s] -- Set runtime path of "/ros2_ws/install/localization_msgs/lib/liblocalization_msgs__rosidl_typesupport_fastrtps_c.so" to ""
[26.173s] -- Up-to-date: /ros2_ws/install/localization_msgs/include/localization_msgs
[26.173s] -- Up-to-date: /ros2_ws/install/localization_msgs/include/localization_msgs/msg
[26.174s] -- Installing: /ros2_ws/install/localization_msgs/include/localization_msgs/msg/rosidl_typesupport_fastrtps_cpp__visibility_control.h
[26.176s] -- Up-to-date: /ros2_ws/install/localization_msgs/include/localization_msgs/msg/detail
[26.177s] -- Installing: /ros2_ws/install/localization_msgs/include/localization_msgs/msg/detail/localization_diagnostics__rosidl_typesupport_fastrtps_cpp.hpp
[26.181s] -- Installing: /ros2_ws/install/localization_msgs/include/localization_msgs/msg/detail/map_origin__rosidl_typesupport_fastrtps_cpp.hpp
[26.184s] -- Installing: /ros2_ws/install/localization_msgs/include/localization_msgs/msg/detail/raw_gps__rosidl_typesupport_fastrtps_cpp.hpp
[26.187s] -- Installing: /ros2_ws/install/localization_msgs/include/localization_msgs/msg/detail/localization_status__rosidl_typesupport_fastrtps_cpp.hpp
[26.189s] -- Installing: /ros2_ws/install/localization_msgs/include/localization_msgs/msg/detail/localization_odometry__rosidl_typesupport_fastrtps_cpp.hpp
[26.192s] -- Installing: /ros2_ws/install/localization_msgs/include/localization_msgs/msg/detail/dds_fastrtps
[26.195s] -- Installing: /ros2_ws/install/localization_msgs/include/localization_msgs/msg/detail/localization_pose__rosidl_typesupport_fastrtps_cpp.hpp
[26.197s] -- Installing: /ros2_ws/install/localization_msgs/lib/liblocalization_msgs__rosidl_typesupport_fastrtps_cpp.so
[26.205s] -- Set runtime path of "/ros2_ws/install/localization_msgs/lib/liblocalization_msgs__rosidl_typesupport_fastrtps_cpp.so" to ""
[26.207s] -- Up-to-date: /ros2_ws/install/localization_msgs/include/localization_msgs
[26.209s] -- Up-to-date: /ros2_ws/install/localization_msgs/include/localization_msgs/msg
[26.209s] -- Up-to-date: /ros2_ws/install/localization_msgs/include/localization_msgs/msg/detail
[26.211s] -- Installing: /ros2_ws/install/localization_msgs/include/localization_msgs/msg/detail/localization_status__type_support.c
[26.212s] -- Installing: /ros2_ws/install/localization_msgs/include/localization_msgs/msg/detail/localization_odometry__type_support.c
[26.216s] -- Installing: /ros2_ws/install/localization_msgs/include/localization_msgs/msg/detail/localization_odometry__rosidl_typesupport_introspection_c.h
[26.218s] -- Installing: /ros2_ws/install/localization_msgs/include/localization_msgs/msg/detail/raw_gps__type_support.c
[26.220s] -- Installing: /ros2_ws/install/localization_msgs/include/localization_msgs/msg/detail/localization_status__rosidl_typesupport_introspection_c.h
[26.222s] -- Installing: /ros2_ws/install/localization_msgs/include/localization_msgs/msg/detail/localization_diagnostics__type_support.c
[26.225s] -- Installing: /ros2_ws/install/localization_msgs/include/localization_msgs/msg/detail/map_origin__type_support.c
[26.228s] -- Installing: /ros2_ws/install/localization_msgs/include/localization_msgs/msg/detail/map_origin__rosidl_typesupport_introspection_c.h
[26.231s] -- Installing: /ros2_ws/install/localization_msgs/include/localization_msgs/msg/detail/localization_pose__type_support.c
[26.234s] -- Installing: /ros2_ws/install/localization_msgs/include/localization_msgs/msg/detail/raw_gps__rosidl_typesupport_introspection_c.h
[26.237s] -- Installing: /ros2_ws/install/localization_msgs/include/localization_msgs/msg/detail/localization_diagnostics__rosidl_typesupport_introspection_c.h
[26.241s] -- Installing: /ros2_ws/install/localization_msgs/include/localization_msgs/msg/detail/localization_pose__rosidl_typesupport_introspection_c.h
[26.243s] -- Installing: /ros2_ws/install/localization_msgs/include/localization_msgs/msg/rosidl_typesupport_introspection_c__visibility_control.h
[26.247s] -- Installing: /ros2_ws/install/localization_msgs/lib/liblocalization_msgs__rosidl_typesupport_introspection_c.so
[26.251s] -- Set runtime path of "/ros2_ws/install/localization_msgs/lib/liblocalization_msgs__rosidl_typesupport_introspection_c.so" to ""
[26.251s] -- Installing: /ros2_ws/install/localization_msgs/lib/liblocalization_msgs__rosidl_typesupport_c.so
[26.255s] -- Set runtime path of "/ros2_ws/install/localization_msgs/lib/liblocalization_msgs__rosidl_typesupport_c.so" to ""
[26.256s] -- Up-to-date: /ros2_ws/install/localization_msgs/include/localization_msgs
[26.257s] -- Up-to-date: /ros2_ws/install/localization_msgs/include/localization_msgs/msg
[26.257s] -- Installing: /ros2_ws/install/localization_msgs/include/localization_msgs/msg/raw_gps.hpp
[26.260s] -- Up-to-date: /ros2_ws/install/localization_msgs/include/localization_msgs/msg/detail
[26.260s] -- Installing: /ros2_ws/install/localization_msgs/include/localization_msgs/msg/detail/localization_odometry__type_support.hpp
[26.265s] -- Installing: /ros2_ws/install/localization_msgs/include/localization_msgs/msg/detail/map_origin__type_support.hpp
[26.270s] -- Installing: /ros2_ws/install/localization_msgs/include/localization_msgs/msg/detail/localization_odometry__struct.hpp
[26.271s] -- Installing: /ros2_ws/install/localization_msgs/include/localization_msgs/msg/detail/localization_diagnostics__struct.hpp
[26.273s] -- Installing: /ros2_ws/install/localization_msgs/include/localization_msgs/msg/detail/localization_status__struct.hpp
[26.275s] -- Installing: /ros2_ws/install/localization_msgs/include/localization_msgs/msg/detail/localization_pose__traits.hpp
[26.276s] -- Installing: /ros2_ws/install/localization_msgs/include/localization_msgs/msg/detail/raw_gps__struct.hpp
[26.279s] -- Installing: /ros2_ws/install/localization_msgs/include/localization_msgs/msg/detail/localization_pose__type_support.hpp
[26.281s] -- Installing: /ros2_ws/install/localization_msgs/include/localization_msgs/msg/detail/localization_odometry__builder.hpp
[26.285s] -- Installing: /ros2_ws/install/localization_msgs/include/localization_msgs/msg/detail/localization_diagnostics__builder.hpp
[26.288s] -- Installing: /ros2_ws/install/localization_msgs/include/localization_msgs/msg/detail/localization_diagnostics__type_support.hpp
[26.290s] -- Installing: /ros2_ws/install/localization_msgs/include/localization_msgs/msg/detail/raw_gps__builder.hpp
[26.292s] -- Installing: /ros2_ws/install/localization_msgs/include/localization_msgs/msg/detail/map_origin__traits.hpp
[26.295s] -- Installing: /ros2_ws/install/localization_msgs/include/localization_msgs/msg/detail/raw_gps__type_support.hpp
[26.297s] -- Installing: /ros2_ws/install/localization_msgs/include/localization_msgs/msg/detail/localization_status__type_support.hpp
[26.298s] -- Installing: /ros2_ws/install/localization_msgs/include/localization_msgs/msg/detail/localization_diagnostics__traits.hpp
[26.301s] -- Installing: /ros2_ws/install/localization_msgs/include/localization_msgs/msg/detail/localization_status__builder.hpp
[26.303s] -- Installing: /ros2_ws/install/localization_msgs/include/localization_msgs/msg/detail/localization_pose__builder.hpp
[26.304s] -- Installing: /ros2_ws/install/localization_msgs/include/localization_msgs/msg/detail/localization_odometry__traits.hpp
[26.306s] -- Installing: /ros2_ws/install/localization_msgs/include/localization_msgs/msg/detail/localization_status__traits.hpp
[26.308s] -- Installing: /ros2_ws/install/localization_msgs/include/localization_msgs/msg/detail/localization_pose__struct.hpp
[26.311s] -- Installing: /ros2_ws/install/localization_msgs/include/localization_msgs/msg/detail/raw_gps__traits.hpp
[26.315s] -- Installing: /ros2_ws/install/localization_msgs/include/localization_msgs/msg/detail/map_origin__builder.hpp
[26.321s] -- Installing: /ros2_ws/install/localization_msgs/include/localization_msgs/msg/detail/map_origin__struct.hpp
[26.323s] -- Installing: /ros2_ws/install/localization_msgs/include/localization_msgs/msg/rosidl_generator_cpp__visibility_control.hpp
[26.326s] -- Installing: /ros2_ws/install/localization_msgs/include/localization_msgs/msg/map_origin.hpp
[26.329s] -- Installing: /ros2_ws/install/localization_msgs/include/localization_msgs/msg/localization_status.hpp
[26.331s] -- Installing: /ros2_ws/install/localization_msgs/include/localization_msgs/msg/localization_diagnostics.hpp
[26.332s] -- Installing: /ros2_ws/install/localization_msgs/include/localization_msgs/msg/localization_odometry.hpp
[26.335s] -- Installing: /ros2_ws/install/localization_msgs/include/localization_msgs/msg/localization_pose.hpp
[26.337s] -- Up-to-date: /ros2_ws/install/localization_msgs/include/localization_msgs
[26.338s] -- Up-to-date: /ros2_ws/install/localization_msgs/include/localization_msgs/msg
[26.340s] -- Up-to-date: /ros2_ws/install/localization_msgs/include/localization_msgs/msg/detail
[26.341s] -- Installing: /ros2_ws/install/localization_msgs/include/localization_msgs/msg/detail/localization_status__rosidl_typesupport_introspection_cpp.hpp
[26.343s] -- Installing: /ros2_ws/install/localization_msgs/include/localization_msgs/msg/detail/raw_gps__type_support.cpp
[26.347s] -- Installing: /ros2_ws/install/localization_msgs/include/localization_msgs/msg/detail/localization_status__type_support.cpp
[26.350s] -- Installing: /ros2_ws/install/localization_msgs/include/localization_msgs/msg/detail/localization_pose__rosidl_typesupport_introspection_cpp.hpp
[26.352s] -- Installing: /ros2_ws/install/localization_msgs/include/localization_msgs/msg/detail/localization_pose__type_support.cpp
[26.356s] -- Installing: /ros2_ws/install/localization_msgs/include/localization_msgs/msg/detail/localization_diagnostics__type_support.cpp
[26.359s] -- Installing: /ros2_ws/install/localization_msgs/include/localization_msgs/msg/detail/localization_odometry__rosidl_typesupport_introspection_cpp.hpp
[26.360s] -- Installing: /ros2_ws/install/localization_msgs/include/localization_msgs/msg/detail/map_origin__rosidl_typesupport_introspection_cpp.hpp
[26.362s] -- Installing: /ros2_ws/install/localization_msgs/include/localization_msgs/msg/detail/localization_odometry__type_support.cpp
[26.364s] -- Installing: /ros2_ws/install/localization_msgs/include/localization_msgs/msg/detail/localization_diagnostics__rosidl_typesupport_introspection_cpp.hpp
[26.369s] -- Installing: /ros2_ws/install/localization_msgs/include/localization_msgs/msg/detail/map_origin__type_support.cpp
[26.371s] -- Installing: /ros2_ws/install/localization_msgs/include/localization_msgs/msg/detail/raw_gps__rosidl_typesupport_introspection_cpp.hpp
[26.377s] -- Installing: /ros2_ws/install/localization_msgs/lib/liblocalization_msgs__rosidl_typesupport_introspection_cpp.so
[26.385s] -- Set runtime path of "/ros2_ws/install/localization_msgs/lib/liblocalization_msgs__rosidl_typesupport_introspection_cpp.so" to ""
[26.385s] -- Installing: /ros2_ws/install/localization_msgs/lib/liblocalization_msgs__rosidl_typesupport_cpp.so
[26.388s] -- Set runtime path of "/ros2_ws/install/localization_msgs/lib/liblocalization_msgs__rosidl_typesupport_cpp.so" to ""
[26.389s] -- Installing: /ros2_ws/install/localization_msgs/share/localization_msgs/environment/pythonpath.sh
[26.392s] -- Installing: /ros2_ws/install/localization_msgs/share/localization_msgs/environment/pythonpath.dsv
[26.394s] -- Installing: /ros2_ws/install/localization_msgs/lib/python3.8/site-packages/localization_msgs/__init__.py
[26.480s] Compiling '/ros2_ws/install/localization_msgs/lib/python3.8/site-packages/localization_msgs/__init__.py'...
[26.484s] -- Installing: /ros2_ws/install/localization_msgs/lib/python3.8/site-packages/localization_msgs/msg
[26.486s] -- Installing: /ros2_ws/install/localization_msgs/lib/python3.8/site-packages/localization_msgs/msg/_raw_gps.py
[26.488s] -- Installing: /ros2_ws/install/localization_msgs/lib/python3.8/site-packages/localization_msgs/msg/_raw_gps_s.c
[26.492s] -- Installing: /ros2_ws/install/localization_msgs/lib/python3.8/site-packages/localization_msgs/msg/_map_origin.py
[26.499s] -- Installing: /ros2_ws/install/localization_msgs/lib/python3.8/site-packages/localization_msgs/msg/_localization_status.py
[26.503s] -- Installing: /ros2_ws/install/localization_msgs/lib/python3.8/site-packages/localization_msgs/msg/_localization_odometry.py
[26.505s] -- Installing: /ros2_ws/install/localization_msgs/lib/python3.8/site-packages/localization_msgs/msg/_localization_pose_s.c
[26.509s] -- Installing: /ros2_ws/install/localization_msgs/lib/python3.8/site-packages/localization_msgs/msg/__init__.py
[26.513s] -- Installing: /ros2_ws/install/localization_msgs/lib/python3.8/site-packages/localization_msgs/msg/_localization_pose.py
[26.518s] -- Installing: /ros2_ws/install/localization_msgs/lib/python3.8/site-packages/localization_msgs/msg/_map_origin_s.c
[26.520s] -- Installing: /ros2_ws/install/localization_msgs/lib/python3.8/site-packages/localization_msgs/msg/_localization_odometry_s.c
[26.523s] -- Installing: /ros2_ws/install/localization_msgs/lib/python3.8/site-packages/localization_msgs/msg/_localization_status_s.c
[26.527s] -- Installing: /ros2_ws/install/localization_msgs/lib/python3.8/site-packages/localization_msgs/msg/_localization_diagnostics_s.c
[26.531s] -- Installing: /ros2_ws/install/localization_msgs/lib/python3.8/site-packages/localization_msgs/msg/_localization_diagnostics.py
[26.534s] -- Installing: /ros2_ws/install/localization_msgs/lib/python3.8/site-packages/localization_msgs/localization_msgs_s__rosidl_typesupport_fastrtps_c.cpython-38-x86_64-linux-gnu.so
[26.542s] -- Set runtime path of "/ros2_ws/install/localization_msgs/lib/python3.8/site-packages/localization_msgs/localization_msgs_s__rosidl_typesupport_fastrtps_c.cpython-38-x86_64-linux-gnu.so" to ""
[26.543s] -- Installing: /ros2_ws/install/localization_msgs/lib/python3.8/site-packages/localization_msgs/localization_msgs_s__rosidl_typesupport_introspection_c.cpython-38-x86_64-linux-gnu.so
[26.546s] -- Set runtime path of "/ros2_ws/install/localization_msgs/lib/python3.8/site-packages/localization_msgs/localization_msgs_s__rosidl_typesupport_introspection_c.cpython-38-x86_64-linux-gnu.so" to ""
[26.546s] -- Installing: /ros2_ws/install/localization_msgs/lib/python3.8/site-packages/localization_msgs/localization_msgs_s__rosidl_typesupport_c.cpython-38-x86_64-linux-gnu.so
[26.549s] -- Set runtime path of "/ros2_ws/install/localization_msgs/lib/python3.8/site-packages/localization_msgs/localization_msgs_s__rosidl_typesupport_c.cpython-38-x86_64-linux-gnu.so" to ""
[26.550s] -- Installing: /ros2_ws/install/localization_msgs/lib/liblocalization_msgs__python.so
[26.555s] -- Set runtime path of "/ros2_ws/install/localization_msgs/lib/liblocalization_msgs__python.so" to ""
[26.556s] -- Installing: /ros2_ws/install/localization_msgs/share/localization_msgs/msg/LocalizationPose.idl
[26.558s] -- Installing: /ros2_ws/install/localization_msgs/share/localization_msgs/msg/LocalizationOdometry.idl
[26.561s] -- Installing: /ros2_ws/install/localization_msgs/share/localization_msgs/msg/LocalizationStatus.idl
[26.564s] -- Installing: /ros2_ws/install/localization_msgs/share/localization_msgs/msg/LocalizationDiagnostics.idl
[26.567s] -- Installing: /ros2_ws/install/localization_msgs/share/localization_msgs/msg/MapOrigin.idl
[26.569s] -- Installing: /ros2_ws/install/localization_msgs/share/localization_msgs/msg/RawGps.idl
[26.570s] -- Installing: /ros2_ws/install/localization_msgs/share/localization_msgs/msg/LocalizationPose.msg
[26.572s] -- Installing: /ros2_ws/install/localization_msgs/share/localization_msgs/msg/LocalizationOdometry.msg
[26.575s] -- Installing: /ros2_ws/install/localization_msgs/share/localization_msgs/msg/LocalizationStatus.msg
[26.577s] -- Installing: /ros2_ws/install/localization_msgs/share/localization_msgs/msg/LocalizationDiagnostics.msg
[26.580s] -- Installing: /ros2_ws/install/localization_msgs/share/localization_msgs/msg/MapOrigin.msg
[26.581s] -- Installing: /ros2_ws/install/localization_msgs/share/localization_msgs/msg/RawGps.msg
[26.584s] -- Installing: /ros2_ws/install/localization_msgs/share/ament_index/resource_index/package_run_dependencies/localization_msgs
[26.587s] -- Installing: /ros2_ws/install/localization_msgs/share/ament_index/resource_index/parent_prefix_path/localization_msgs
[26.590s] -- Installing: /ros2_ws/install/localization_msgs/share/localization_msgs/environment/ament_prefix_path.sh
[26.591s] -- Installing: /ros2_ws/install/localization_msgs/share/localization_msgs/environment/ament_prefix_path.dsv
[26.593s] -- Installing: /ros2_ws/install/localization_msgs/share/localization_msgs/environment/path.sh
[26.595s] -- Installing: /ros2_ws/install/localization_msgs/share/localization_msgs/environment/path.dsv
[26.598s] -- Installing: /ros2_ws/install/localization_msgs/share/localization_msgs/local_setup.bash
[26.600s] -- Installing: /ros2_ws/install/localization_msgs/share/localization_msgs/local_setup.sh
[26.601s] -- Installing: /ros2_ws/install/localization_msgs/share/localization_msgs/local_setup.zsh
[26.603s] -- Installing: /ros2_ws/install/localization_msgs/share/localization_msgs/local_setup.dsv
[26.606s] -- Installing: /ros2_ws/install/localization_msgs/share/localization_msgs/package.dsv
[26.608s] -- Installing: /ros2_ws/install/localization_msgs/share/ament_index/resource_index/packages/localization_msgs
[26.610s] -- Installing: /ros2_ws/install/localization_msgs/share/localization_msgs/cmake/localization_msgs__rosidl_generator_cExport.cmake
[26.612s] -- Installing: /ros2_ws/install/localization_msgs/share/localization_msgs/cmake/localization_msgs__rosidl_generator_cExport-noconfig.cmake
[26.615s] -- Installing: /ros2_ws/install/localization_msgs/share/localization_msgs/cmake/localization_msgs__rosidl_typesupport_introspection_cExport.cmake
[26.618s] -- Installing: /ros2_ws/install/localization_msgs/share/localization_msgs/cmake/localization_msgs__rosidl_typesupport_introspection_cExport-noconfig.cmake
[26.622s] -- Installing: /ros2_ws/install/localization_msgs/share/localization_msgs/cmake/localization_msgs__rosidl_typesupport_cExport.cmake
[26.625s] -- Installing: /ros2_ws/install/localization_msgs/share/localization_msgs/cmake/localization_msgs__rosidl_typesupport_cExport-noconfig.cmake
[26.628s] -- Installing: /ros2_ws/install/localization_msgs/share/localization_msgs/cmake/localization_msgs__rosidl_generator_cppExport.cmake
[26.630s] -- Installing: /ros2_ws/install/localization_msgs/share/localization_msgs/cmake/localization_msgs__rosidl_typesupport_introspection_cppExport.cmake
[26.633s] -- Installing: /ros2_ws/install/localization_msgs/share/localization_msgs/cmake/localization_msgs__rosidl_typesupport_introspection_cppExport-noconfig.cmake
[26.636s] -- Installing: /ros2_ws/install/localization_msgs/share/localization_msgs/cmake/localization_msgs__rosidl_typesupport_cppExport.cmake
[26.638s] -- Installing: /ros2_ws/install/localization_msgs/share/localization_msgs/cmake/localization_msgs__rosidl_typesupport_cppExport-noconfig.cmake
[26.641s] -- Installing: /ros2_ws/install/localization_msgs/share/localization_msgs/cmake/rosidl_cmake-extras.cmake
[26.646s] -- Installing: /ros2_ws/install/localization_msgs/share/localization_msgs/cmake/ament_cmake_export_dependencies-extras.cmake
[26.648s] -- Installing: /ros2_ws/install/localization_msgs/share/localization_msgs/cmake/ament_cmake_export_libraries-extras.cmake
[26.649s] -- Installing: /ros2_ws/install/localization_msgs/share/localization_msgs/cmake/ament_cmake_export_targets-extras.cmake
[26.651s] -- Installing: /ros2_ws/install/localization_msgs/share/localization_msgs/cmake/ament_cmake_export_include_directories-extras.cmake
[26.654s] -- Installing: /ros2_ws/install/localization_msgs/share/localization_msgs/cmake/rosidl_cmake_export_typesupport_libraries-extras.cmake
[26.656s] -- Installing: /ros2_ws/install/localization_msgs/share/localization_msgs/cmake/rosidl_cmake_export_typesupport_targets-extras.cmake
[26.660s] -- Installing: /ros2_ws/install/localization_msgs/share/localization_msgs/cmake/localization_msgsConfig.cmake
[26.660s] -- Installing: /ros2_ws/install/localization_msgs/share/localization_msgs/cmake/localization_msgsConfig-version.cmake
[26.662s] -- Installing: /ros2_ws/install/localization_msgs/share/localization_msgs/package.xml
[26.670s] Invoked command in '/ros2_ws/build/localization_msgs' returned '0': CMAKE_PREFIX_PATH=/opt/ros/foxy /usr/bin/cmake --install /ros2_ws/build/localization_msgs
