running egg_info
creating ../../build/fsm/fsm.egg-info
writing ../../build/fsm/fsm.egg-info/PKG-INFO
writing dependency_links to ../../build/fsm/fsm.egg-info/dependency_links.txt
writing entry points to ../../build/fsm/fsm.egg-info/entry_points.txt
writing requirements to ../../build/fsm/fsm.egg-info/requires.txt
writing top-level names to ../../build/fsm/fsm.egg-info/top_level.txt
writing manifest file '../../build/fsm/fsm.egg-info/SOURCES.txt'
reading manifest file '../../build/fsm/fsm.egg-info/SOURCES.txt'
writing manifest file '../../build/fsm/fsm.egg-info/SOURCES.txt'
running build
running build_py
creating /ros2_ws/build/fsm/build
creating /ros2_ws/build/fsm/build/lib
creating /ros2_ws/build/fsm/build/lib/fsm
copying fsm/event_handler.py -> /ros2_ws/build/fsm/build/lib/fsm
copying fsm/transition_rules.py -> /ros2_ws/build/fsm/build/lib/fsm
copying fsm/mission_state_manager.py -> /ros2_ws/build/fsm/build/lib/fsm
copying fsm/__init__.py -> /ros2_ws/build/fsm/build/lib/fsm
copying fsm/fsm_node.py -> /ros2_ws/build/fsm/build/lib/fsm
copying fsm/mode_manager.py -> /ros2_ws/build/fsm/build/lib/fsm
running install
running install_lib
creating /ros2_ws/install/fsm/lib/python3.8/site-packages/fsm
copying /ros2_ws/build/fsm/build/lib/fsm/event_handler.py -> /ros2_ws/install/fsm/lib/python3.8/site-packages/fsm
copying /ros2_ws/build/fsm/build/lib/fsm/transition_rules.py -> /ros2_ws/install/fsm/lib/python3.8/site-packages/fsm
copying /ros2_ws/build/fsm/build/lib/fsm/mission_state_manager.py -> /ros2_ws/install/fsm/lib/python3.8/site-packages/fsm
copying /ros2_ws/build/fsm/build/lib/fsm/__init__.py -> /ros2_ws/install/fsm/lib/python3.8/site-packages/fsm
copying /ros2_ws/build/fsm/build/lib/fsm/fsm_node.py -> /ros2_ws/install/fsm/lib/python3.8/site-packages/fsm
copying /ros2_ws/build/fsm/build/lib/fsm/mode_manager.py -> /ros2_ws/install/fsm/lib/python3.8/site-packages/fsm
byte-compiling /ros2_ws/install/fsm/lib/python3.8/site-packages/fsm/event_handler.py to event_handler.cpython-38.pyc
byte-compiling /ros2_ws/install/fsm/lib/python3.8/site-packages/fsm/transition_rules.py to transition_rules.cpython-38.pyc
byte-compiling /ros2_ws/install/fsm/lib/python3.8/site-packages/fsm/mission_state_manager.py to mission_state_manager.cpython-38.pyc
byte-compiling /ros2_ws/install/fsm/lib/python3.8/site-packages/fsm/__init__.py to __init__.cpython-38.pyc
byte-compiling /ros2_ws/install/fsm/lib/python3.8/site-packages/fsm/fsm_node.py to fsm_node.cpython-38.pyc
byte-compiling /ros2_ws/install/fsm/lib/python3.8/site-packages/fsm/mode_manager.py to mode_manager.cpython-38.pyc
running install_data
creating /ros2_ws/install/fsm/share
creating /ros2_ws/install/fsm/share/ament_index
creating /ros2_ws/install/fsm/share/ament_index/resource_index
creating /ros2_ws/install/fsm/share/ament_index/resource_index/packages
