[0.108s] Invoking command in '/ros2_ws/build/perception_msgs': CMAKE_PREFIX_PATH=/opt/ros/foxy /usr/bin/cmake /ros2_ws/src/perception_msgs -DCMAKE_INSTALL_PREFIX=/ros2_ws/install/perception_msgs
[0.564s] -- The C compiler identification is GNU 9.4.0
[0.845s] -- The CXX compiler identification is GNU 9.4.0
[0.861s] -- Check for working C compiler: /usr/bin/cc
[1.322s] -- Check for working C compiler: /usr/bin/cc -- works
[1.326s] -- Detecting C compiler ABI info
[1.725s] -- Detecting C compiler ABI info - done
[1.738s] -- Detecting C compile features
[1.738s] -- Detecting C compile features - done
[1.743s] -- Check for working CXX compiler: /usr/bin/c++
[2.199s] -- Check for working CXX compiler: /usr/bin/c++ -- works
[2.200s] -- Detecting CXX compiler ABI info
[2.695s] -- Detecting CXX compiler ABI info - done
[2.715s] -- Detecting CXX compile features
[2.717s] -- Detecting CXX compile features - done
[2.744s] -- Found ament_cmake: 0.9.12 (/opt/ros/foxy/share/ament_cmake/cmake)
[2.850s] -- Found PythonInterp: /usr/bin/python3 (found suitable version "3.8.10", minimum required is "3") 
[2.851s] -- Using PYTHON_EXECUTABLE: /usr/bin/python3
[3.109s] -- Found rosidl_default_generators: 1.0.1 (/opt/ros/foxy/share/rosidl_default_generators/cmake)
[3.115s] -- Using all available rosidl_typesupport_c: rosidl_typesupport_fastrtps_c;rosidl_typesupport_introspection_c
[3.118s] -- Found rosidl_adapter: 1.3.1 (/opt/ros/foxy/share/rosidl_adapter/cmake)
[3.500s] -- Found OpenSSL: /usr/lib/x86_64-linux-gnu/libcrypto.so (found version "1.1.1f")  
[3.533s] -- Found FastRTPS: /opt/ros/foxy/include  
[3.598s] -- Using all available rosidl_typesupport_cpp: rosidl_typesupport_fastrtps_cpp;rosidl_typesupport_introspection_cpp
[3.617s] -- Found std_msgs: 2.0.5 (/opt/ros/foxy/share/std_msgs/cmake)
[3.641s] -- Found geometry_msgs: 2.0.5 (/opt/ros/foxy/share/geometry_msgs/cmake)
[3.757s] -- Found PythonInterp: /usr/bin/python3 (found version "3.8.10") 
[4.146s] -- Found ament_cmake_ros: 0.9.2 (/opt/ros/foxy/share/ament_cmake_ros/cmake)
[4.526s] -- Using all available rosidl_typesupport_c: rosidl_typesupport_fastrtps_c;rosidl_typesupport_introspection_c
[4.740s] -- Using all available rosidl_typesupport_cpp: rosidl_typesupport_fastrtps_cpp;rosidl_typesupport_introspection_cpp
[4.820s] -- Found PythonInterp: /usr/bin/python3 (found suitable version "3.8.10", minimum required is "3.5") 
[4.820s] -- Found python_cmake_module: 0.8.1 (/opt/ros/foxy/share/python_cmake_module/cmake)
[4.887s] -- Found PythonLibs: /usr/lib/x86_64-linux-gnu/libpython3.8.so (found suitable version "3.8.10", minimum required is "3.5") 
[4.888s] -- Using PYTHON_EXECUTABLE: /usr/bin/python3
[4.889s] -- Using PYTHON_INCLUDE_DIRS: /usr/include/python3.8
[4.889s] -- Using PYTHON_LIBRARIES: /usr/lib/x86_64-linux-gnu/libpython3.8.so
[4.960s] -- Found PythonExtra: .so  
[5.152s] -- Configuring done
[5.319s] -- Generating done
[5.333s] -- Build files have been written to: /ros2_ws/build/perception_msgs
