[0.053s] Invoking command in '/ros2_ws/build/planning_msgs': CMAKE_PREFIX_PATH=/opt/ros/foxy /usr/bin/cmake --build /ros2_ws/build/planning_msgs -- -j10 -l10
[0.375s] [  1%] Built target planning_msgs__cpp
[0.443s] [ 12%] Built target planning_msgs__rosidl_generator_c
[0.806s] [ 38%] Built target planning_msgs__rosidl_typesupport_fastrtps_cpp
[0.811s] [ 46%] Built target planning_msgs__rosidl_typesupport_introspection_cpp
[0.821s] [ 47%] Built target planning_msgs__rosidl_typesupport_cpp
[0.843s] [ 58%] Built target planning_msgs__rosidl_typesupport_c
[0.871s] [ 70%] Built target planning_msgs__rosidl_typesupport_introspection_c
[0.982s] [ 82%] Built target planning_msgs__rosidl_typesupport_fastrtps_c
[1.101s] [ 82%] Built target planning_msgs
[1.238s] [ 83%] Built target planning_msgs__py
[1.384s] [ 93%] Built target planning_msgs__python
[1.605s] [ 95%] Built target planning_msgs__rosidl_typesupport_c__pyext
[1.627s] [ 97%] Built target planning_msgs__rosidl_typesupport_introspection_c__pyext
[1.653s] [100%] Built target planning_msgs__rosidl_typesupport_fastrtps_c__pyext
[1.723s] Invoked command in '/ros2_ws/build/planning_msgs' returned '0': CMAKE_PREFIX_PATH=/opt/ros/foxy /usr/bin/cmake --build /ros2_ws/build/planning_msgs -- -j10 -l10
[4.599s] Invoking command in '/ros2_ws/build/planning_msgs': CMAKE_PREFIX_PATH=/opt/ros/foxy /usr/bin/cmake --install /ros2_ws/build/planning_msgs
[4.638s] -- Install configuration: ""
[4.641s] -- Up-to-date: /ros2_ws/install/planning_msgs/share/ament_index/resource_index/rosidl_interfaces/planning_msgs
[4.643s] -- Up-to-date: /ros2_ws/install/planning_msgs/include/planning_msgs
[4.644s] -- Up-to-date: /ros2_ws/install/planning_msgs/include/planning_msgs/msg
[4.645s] -- Up-to-date: /ros2_ws/install/planning_msgs/include/planning_msgs/msg/planning_status.h
[4.645s] -- Up-to-date: /ros2_ws/install/planning_msgs/include/planning_msgs/msg/rosidl_generator_c__visibility_control.h
[4.646s] -- Up-to-date: /ros2_ws/install/planning_msgs/include/planning_msgs/msg/active_route_context.h
[4.646s] -- Up-to-date: /ros2_ws/install/planning_msgs/include/planning_msgs/msg/target_speed.h
[4.647s] -- Up-to-date: /ros2_ws/install/planning_msgs/include/planning_msgs/msg/trajectory_point.h
[4.648s] -- Up-to-date: /ros2_ws/install/planning_msgs/include/planning_msgs/msg/trajectory.h
[4.650s] -- Up-to-date: /ros2_ws/install/planning_msgs/include/planning_msgs/msg/fsm_request.h
[4.650s] -- Up-to-date: /ros2_ws/install/planning_msgs/include/planning_msgs/msg/detail
[4.652s] -- Up-to-date: /ros2_ws/install/planning_msgs/include/planning_msgs/msg/detail/fsm_request__type_support.h
[4.652s] -- Up-to-date: /ros2_ws/install/planning_msgs/include/planning_msgs/msg/detail/controller_feedback__functions.h
[4.653s] -- Up-to-date: /ros2_ws/install/planning_msgs/include/planning_msgs/msg/detail/active_route_context__struct.h
[4.654s] -- Up-to-date: /ros2_ws/install/planning_msgs/include/planning_msgs/msg/detail/target_speed__struct.h
[4.655s] -- Up-to-date: /ros2_ws/install/planning_msgs/include/planning_msgs/msg/detail/active_route_context__type_support.h
[4.656s] -- Up-to-date: /ros2_ws/install/planning_msgs/include/planning_msgs/msg/detail/planning_status__struct.h
[4.657s] -- Up-to-date: /ros2_ws/install/planning_msgs/include/planning_msgs/msg/detail/trajectory_point__type_support.h
[4.657s] -- Up-to-date: /ros2_ws/install/planning_msgs/include/planning_msgs/msg/detail/active_route_context__functions.h
[4.658s] -- Up-to-date: /ros2_ws/install/planning_msgs/include/planning_msgs/msg/detail/fsm_request__functions.c
[4.660s] -- Up-to-date: /ros2_ws/install/planning_msgs/include/planning_msgs/msg/detail/goal_reached__type_support.h
[4.661s] -- Up-to-date: /ros2_ws/install/planning_msgs/include/planning_msgs/msg/detail/goal_reached__functions.c
[4.661s] -- Up-to-date: /ros2_ws/install/planning_msgs/include/planning_msgs/msg/detail/planning_status__functions.h
[4.663s] -- Up-to-date: /ros2_ws/install/planning_msgs/include/planning_msgs/msg/detail/planning_status__type_support.h
[4.663s] -- Up-to-date: /ros2_ws/install/planning_msgs/include/planning_msgs/msg/detail/trajectory_point__struct.h
[4.664s] -- Up-to-date: /ros2_ws/install/planning_msgs/include/planning_msgs/msg/detail/trajectory__functions.c
[4.665s] -- Up-to-date: /ros2_ws/install/planning_msgs/include/planning_msgs/msg/detail/target_speed__functions.c
[4.665s] -- Up-to-date: /ros2_ws/install/planning_msgs/include/planning_msgs/msg/detail/park_complete__functions.c
[4.669s] -- Up-to-date: /ros2_ws/install/planning_msgs/include/planning_msgs/msg/detail/goal_reached__struct.h
[4.670s] -- Up-to-date: /ros2_ws/install/planning_msgs/include/planning_msgs/msg/detail/trajectory_point__functions.h
[4.671s] -- Up-to-date: /ros2_ws/install/planning_msgs/include/planning_msgs/msg/detail/controller_feedback__struct.h
[4.671s] -- Up-to-date: /ros2_ws/install/planning_msgs/include/planning_msgs/msg/detail/park_complete__type_support.h
[4.672s] -- Up-to-date: /ros2_ws/install/planning_msgs/include/planning_msgs/msg/detail/trajectory__struct.h
[4.672s] -- Up-to-date: /ros2_ws/install/planning_msgs/include/planning_msgs/msg/detail/controller_feedback__type_support.h
[4.672s] -- Up-to-date: /ros2_ws/install/planning_msgs/include/planning_msgs/msg/detail/fsm_request__struct.h
[4.673s] -- Up-to-date: /ros2_ws/install/planning_msgs/include/planning_msgs/msg/detail/controller_feedback__functions.c
[4.673s] -- Up-to-date: /ros2_ws/install/planning_msgs/include/planning_msgs/msg/detail/goal_reached__functions.h
[4.674s] -- Up-to-date: /ros2_ws/install/planning_msgs/include/planning_msgs/msg/detail/planning_status__functions.c
[4.674s] -- Up-to-date: /ros2_ws/install/planning_msgs/include/planning_msgs/msg/detail/fsm_request__functions.h
[4.676s] -- Up-to-date: /ros2_ws/install/planning_msgs/include/planning_msgs/msg/detail/active_route_context__functions.c
[4.677s] -- Up-to-date: /ros2_ws/install/planning_msgs/include/planning_msgs/msg/detail/park_complete__struct.h
[4.677s] -- Up-to-date: /ros2_ws/install/planning_msgs/include/planning_msgs/msg/detail/target_speed__type_support.h
[4.678s] -- Up-to-date: /ros2_ws/install/planning_msgs/include/planning_msgs/msg/detail/trajectory__type_support.h
[4.678s] -- Up-to-date: /ros2_ws/install/planning_msgs/include/planning_msgs/msg/detail/trajectory_point__functions.c
[4.679s] -- Up-to-date: /ros2_ws/install/planning_msgs/include/planning_msgs/msg/detail/target_speed__functions.h
[4.679s] -- Up-to-date: /ros2_ws/install/planning_msgs/include/planning_msgs/msg/detail/park_complete__functions.h
[4.680s] -- Up-to-date: /ros2_ws/install/planning_msgs/include/planning_msgs/msg/detail/trajectory__functions.h
[4.680s] -- Up-to-date: /ros2_ws/install/planning_msgs/include/planning_msgs/msg/goal_reached.h
[4.682s] -- Up-to-date: /ros2_ws/install/planning_msgs/include/planning_msgs/msg/controller_feedback.h
[4.682s] -- Up-to-date: /ros2_ws/install/planning_msgs/include/planning_msgs/msg/park_complete.h
[4.683s] -- Up-to-date: /ros2_ws/install/planning_msgs/share/planning_msgs/environment/library_path.sh
[4.683s] -- Up-to-date: /ros2_ws/install/planning_msgs/share/planning_msgs/environment/library_path.dsv
[4.685s] -- Up-to-date: /ros2_ws/install/planning_msgs/lib/libplanning_msgs__rosidl_generator_c.so
[4.688s] -- Up-to-date: /ros2_ws/install/planning_msgs/include/planning_msgs
[4.688s] -- Up-to-date: /ros2_ws/install/planning_msgs/include/planning_msgs/msg
[4.689s] -- Up-to-date: /ros2_ws/install/planning_msgs/include/planning_msgs/msg/detail
[4.689s] -- Up-to-date: /ros2_ws/install/planning_msgs/include/planning_msgs/msg/detail/trajectory_point__rosidl_typesupport_fastrtps_c.h
[4.691s] -- Up-to-date: /ros2_ws/install/planning_msgs/include/planning_msgs/msg/detail/target_speed__rosidl_typesupport_fastrtps_c.h
[4.691s] -- Up-to-date: /ros2_ws/install/planning_msgs/include/planning_msgs/msg/detail/fsm_request__rosidl_typesupport_fastrtps_c.h
[4.692s] -- Up-to-date: /ros2_ws/install/planning_msgs/include/planning_msgs/msg/detail/goal_reached__rosidl_typesupport_fastrtps_c.h
[4.692s] -- Up-to-date: /ros2_ws/install/planning_msgs/include/planning_msgs/msg/detail/trajectory__rosidl_typesupport_fastrtps_c.h
[4.692s] -- Up-to-date: /ros2_ws/install/planning_msgs/include/planning_msgs/msg/detail/park_complete__rosidl_typesupport_fastrtps_c.h
[4.692s] -- Up-to-date: /ros2_ws/install/planning_msgs/include/planning_msgs/msg/detail/controller_feedback__rosidl_typesupport_fastrtps_c.h
[4.693s] -- Up-to-date: /ros2_ws/install/planning_msgs/include/planning_msgs/msg/detail/active_route_context__rosidl_typesupport_fastrtps_c.h
[4.693s] -- Up-to-date: /ros2_ws/install/planning_msgs/include/planning_msgs/msg/detail/planning_status__rosidl_typesupport_fastrtps_c.h
[4.694s] -- Up-to-date: /ros2_ws/install/planning_msgs/include/planning_msgs/msg/rosidl_typesupport_fastrtps_c__visibility_control.h
[4.694s] -- Up-to-date: /ros2_ws/install/planning_msgs/lib/libplanning_msgs__rosidl_typesupport_fastrtps_c.so
[4.694s] -- Up-to-date: /ros2_ws/install/planning_msgs/include/planning_msgs
[4.694s] -- Up-to-date: /ros2_ws/install/planning_msgs/include/planning_msgs/msg
[4.695s] -- Up-to-date: /ros2_ws/install/planning_msgs/include/planning_msgs/msg/rosidl_typesupport_fastrtps_cpp__visibility_control.h
[4.695s] -- Up-to-date: /ros2_ws/install/planning_msgs/include/planning_msgs/msg/detail
[4.695s] -- Up-to-date: /ros2_ws/install/planning_msgs/include/planning_msgs/msg/detail/active_route_context__rosidl_typesupport_fastrtps_cpp.hpp
[4.695s] -- Up-to-date: /ros2_ws/install/planning_msgs/include/planning_msgs/msg/detail/trajectory_point__rosidl_typesupport_fastrtps_cpp.hpp
[4.696s] -- Up-to-date: /ros2_ws/install/planning_msgs/include/planning_msgs/msg/detail/fsm_request__rosidl_typesupport_fastrtps_cpp.hpp
[4.696s] -- Up-to-date: /ros2_ws/install/planning_msgs/include/planning_msgs/msg/detail/controller_feedback__rosidl_typesupport_fastrtps_cpp.hpp
[4.696s] -- Up-to-date: /ros2_ws/install/planning_msgs/include/planning_msgs/msg/detail/planning_status__rosidl_typesupport_fastrtps_cpp.hpp
[4.699s] -- Up-to-date: /ros2_ws/install/planning_msgs/include/planning_msgs/msg/detail/goal_reached__rosidl_typesupport_fastrtps_cpp.hpp
[4.699s] -- Up-to-date: /ros2_ws/install/planning_msgs/include/planning_msgs/msg/detail/trajectory__rosidl_typesupport_fastrtps_cpp.hpp
[4.699s] -- Up-to-date: /ros2_ws/install/planning_msgs/include/planning_msgs/msg/detail/park_complete__rosidl_typesupport_fastrtps_cpp.hpp
[4.700s] -- Up-to-date: /ros2_ws/install/planning_msgs/include/planning_msgs/msg/detail/target_speed__rosidl_typesupport_fastrtps_cpp.hpp
[4.700s] -- Up-to-date: /ros2_ws/install/planning_msgs/include/planning_msgs/msg/detail/dds_fastrtps
[4.700s] -- Up-to-date: /ros2_ws/install/planning_msgs/lib/libplanning_msgs__rosidl_typesupport_fastrtps_cpp.so
[4.700s] -- Up-to-date: /ros2_ws/install/planning_msgs/include/planning_msgs
[4.700s] -- Up-to-date: /ros2_ws/install/planning_msgs/include/planning_msgs/msg
[4.700s] -- Up-to-date: /ros2_ws/install/planning_msgs/include/planning_msgs/msg/detail
[4.701s] -- Up-to-date: /ros2_ws/install/planning_msgs/include/planning_msgs/msg/detail/active_route_context__rosidl_typesupport_introspection_c.h
[4.701s] -- Up-to-date: /ros2_ws/install/planning_msgs/include/planning_msgs/msg/detail/controller_feedback__type_support.c
[4.701s] -- Up-to-date: /ros2_ws/install/planning_msgs/include/planning_msgs/msg/detail/goal_reached__rosidl_typesupport_introspection_c.h
[4.701s] -- Up-to-date: /ros2_ws/install/planning_msgs/include/planning_msgs/msg/detail/trajectory__type_support.c
[4.702s] -- Up-to-date: /ros2_ws/install/planning_msgs/include/planning_msgs/msg/detail/target_speed__type_support.c
[4.702s] -- Up-to-date: /ros2_ws/install/planning_msgs/include/planning_msgs/msg/detail/active_route_context__type_support.c
[4.702s] -- Up-to-date: /ros2_ws/install/planning_msgs/include/planning_msgs/msg/detail/fsm_request__type_support.c
[4.703s] -- Up-to-date: /ros2_ws/install/planning_msgs/include/planning_msgs/msg/detail/goal_reached__type_support.c
[4.703s] -- Up-to-date: /ros2_ws/install/planning_msgs/include/planning_msgs/msg/detail/target_speed__rosidl_typesupport_introspection_c.h
[4.704s] -- Up-to-date: /ros2_ws/install/planning_msgs/include/planning_msgs/msg/detail/controller_feedback__rosidl_typesupport_introspection_c.h
[4.704s] -- Up-to-date: /ros2_ws/install/planning_msgs/include/planning_msgs/msg/detail/trajectory_point__type_support.c
[4.704s] -- Up-to-date: /ros2_ws/install/planning_msgs/include/planning_msgs/msg/detail/park_complete__rosidl_typesupport_introspection_c.h
[4.705s] -- Up-to-date: /ros2_ws/install/planning_msgs/include/planning_msgs/msg/detail/planning_status__rosidl_typesupport_introspection_c.h
[4.705s] -- Up-to-date: /ros2_ws/install/planning_msgs/include/planning_msgs/msg/detail/fsm_request__rosidl_typesupport_introspection_c.h
[4.706s] -- Up-to-date: /ros2_ws/install/planning_msgs/include/planning_msgs/msg/detail/trajectory__rosidl_typesupport_introspection_c.h
[4.706s] -- Up-to-date: /ros2_ws/install/planning_msgs/include/planning_msgs/msg/detail/planning_status__type_support.c
[4.706s] -- Up-to-date: /ros2_ws/install/planning_msgs/include/planning_msgs/msg/detail/park_complete__type_support.c
[4.707s] -- Up-to-date: /ros2_ws/install/planning_msgs/include/planning_msgs/msg/detail/trajectory_point__rosidl_typesupport_introspection_c.h
[4.707s] -- Up-to-date: /ros2_ws/install/planning_msgs/include/planning_msgs/msg/rosidl_typesupport_introspection_c__visibility_control.h
[4.707s] -- Up-to-date: /ros2_ws/install/planning_msgs/lib/libplanning_msgs__rosidl_typesupport_introspection_c.so
[4.707s] -- Up-to-date: /ros2_ws/install/planning_msgs/lib/libplanning_msgs__rosidl_typesupport_c.so
[4.708s] -- Up-to-date: /ros2_ws/install/planning_msgs/include/planning_msgs
[4.708s] -- Up-to-date: /ros2_ws/install/planning_msgs/include/planning_msgs/msg
[4.708s] -- Up-to-date: /ros2_ws/install/planning_msgs/include/planning_msgs/msg/fsm_request.hpp
[4.709s] -- Up-to-date: /ros2_ws/install/planning_msgs/include/planning_msgs/msg/trajectory.hpp
[4.709s] -- Up-to-date: /ros2_ws/install/planning_msgs/include/planning_msgs/msg/active_route_context.hpp
[4.709s] -- Up-to-date: /ros2_ws/install/planning_msgs/include/planning_msgs/msg/trajectory_point.hpp
[4.709s] -- Up-to-date: /ros2_ws/install/planning_msgs/include/planning_msgs/msg/goal_reached.hpp
[4.709s] -- Up-to-date: /ros2_ws/install/planning_msgs/include/planning_msgs/msg/park_complete.hpp
[4.710s] -- Up-to-date: /ros2_ws/install/planning_msgs/include/planning_msgs/msg/detail
[4.710s] -- Up-to-date: /ros2_ws/install/planning_msgs/include/planning_msgs/msg/detail/trajectory__traits.hpp
[4.711s] -- Up-to-date: /ros2_ws/install/planning_msgs/include/planning_msgs/msg/detail/target_speed__builder.hpp
[4.711s] -- Up-to-date: /ros2_ws/install/planning_msgs/include/planning_msgs/msg/detail/park_complete__builder.hpp
[4.711s] -- Up-to-date: /ros2_ws/install/planning_msgs/include/planning_msgs/msg/detail/trajectory_point__traits.hpp
[4.711s] -- Up-to-date: /ros2_ws/install/planning_msgs/include/planning_msgs/msg/detail/trajectory__builder.hpp
[4.712s] -- Up-to-date: /ros2_ws/install/planning_msgs/include/planning_msgs/msg/detail/park_complete__traits.hpp
[4.712s] -- Up-to-date: /ros2_ws/install/planning_msgs/include/planning_msgs/msg/detail/active_route_context__type_support.hpp
[4.712s] -- Up-to-date: /ros2_ws/install/planning_msgs/include/planning_msgs/msg/detail/planning_status__type_support.hpp
[4.713s] -- Up-to-date: /ros2_ws/install/planning_msgs/include/planning_msgs/msg/detail/controller_feedback__type_support.hpp
[4.713s] -- Up-to-date: /ros2_ws/install/planning_msgs/include/planning_msgs/msg/detail/target_speed__struct.hpp
[4.714s] -- Up-to-date: /ros2_ws/install/planning_msgs/include/planning_msgs/msg/detail/goal_reached__type_support.hpp
[4.714s] -- Up-to-date: /ros2_ws/install/planning_msgs/include/planning_msgs/msg/detail/trajectory_point__type_support.hpp
[4.714s] -- Up-to-date: /ros2_ws/install/planning_msgs/include/planning_msgs/msg/detail/target_speed__type_support.hpp
[4.715s] -- Up-to-date: /ros2_ws/install/planning_msgs/include/planning_msgs/msg/detail/fsm_request__builder.hpp
[4.715s] -- Up-to-date: /ros2_ws/install/planning_msgs/include/planning_msgs/msg/detail/goal_reached__builder.hpp
[4.715s] -- Up-to-date: /ros2_ws/install/planning_msgs/include/planning_msgs/msg/detail/planning_status__traits.hpp
[4.715s] -- Up-to-date: /ros2_ws/install/planning_msgs/include/planning_msgs/msg/detail/active_route_context__struct.hpp
[4.716s] -- Up-to-date: /ros2_ws/install/planning_msgs/include/planning_msgs/msg/detail/goal_reached__traits.hpp
[4.716s] -- Up-to-date: /ros2_ws/install/planning_msgs/include/planning_msgs/msg/detail/fsm_request__traits.hpp
[4.716s] -- Up-to-date: /ros2_ws/install/planning_msgs/include/planning_msgs/msg/detail/controller_feedback__traits.hpp
[4.717s] -- Up-to-date: /ros2_ws/install/planning_msgs/include/planning_msgs/msg/detail/trajectory_point__builder.hpp
[4.717s] -- Up-to-date: /ros2_ws/install/planning_msgs/include/planning_msgs/msg/detail/park_complete__struct.hpp
[4.717s] -- Up-to-date: /ros2_ws/install/planning_msgs/include/planning_msgs/msg/detail/trajectory__struct.hpp
[4.717s] -- Up-to-date: /ros2_ws/install/planning_msgs/include/planning_msgs/msg/detail/trajectory_point__struct.hpp
[4.718s] -- Up-to-date: /ros2_ws/install/planning_msgs/include/planning_msgs/msg/detail/target_speed__traits.hpp
[4.718s] -- Up-to-date: /ros2_ws/install/planning_msgs/include/planning_msgs/msg/detail/planning_status__builder.hpp
[4.720s] -- Up-to-date: /ros2_ws/install/planning_msgs/include/planning_msgs/msg/detail/active_route_context__builder.hpp
[4.721s] -- Up-to-date: /ros2_ws/install/planning_msgs/include/planning_msgs/msg/detail/trajectory__type_support.hpp
[4.721s] -- Up-to-date: /ros2_ws/install/planning_msgs/include/planning_msgs/msg/detail/fsm_request__type_support.hpp
[4.723s] -- Up-to-date: /ros2_ws/install/planning_msgs/include/planning_msgs/msg/detail/controller_feedback__struct.hpp
[4.724s] -- Up-to-date: /ros2_ws/install/planning_msgs/include/planning_msgs/msg/detail/fsm_request__struct.hpp
[4.725s] -- Up-to-date: /ros2_ws/install/planning_msgs/include/planning_msgs/msg/detail/controller_feedback__builder.hpp
[4.726s] -- Up-to-date: /ros2_ws/install/planning_msgs/include/planning_msgs/msg/detail/park_complete__type_support.hpp
[4.726s] -- Up-to-date: /ros2_ws/install/planning_msgs/include/planning_msgs/msg/detail/planning_status__struct.hpp
[4.727s] -- Up-to-date: /ros2_ws/install/planning_msgs/include/planning_msgs/msg/detail/active_route_context__traits.hpp
[4.727s] -- Up-to-date: /ros2_ws/install/planning_msgs/include/planning_msgs/msg/detail/goal_reached__struct.hpp
[4.727s] -- Up-to-date: /ros2_ws/install/planning_msgs/include/planning_msgs/msg/rosidl_generator_cpp__visibility_control.hpp
[4.728s] -- Up-to-date: /ros2_ws/install/planning_msgs/include/planning_msgs/msg/planning_status.hpp
[4.729s] -- Up-to-date: /ros2_ws/install/planning_msgs/include/planning_msgs/msg/target_speed.hpp
[4.729s] -- Up-to-date: /ros2_ws/install/planning_msgs/include/planning_msgs/msg/controller_feedback.hpp
[4.729s] -- Up-to-date: /ros2_ws/install/planning_msgs/include/planning_msgs
[4.729s] -- Up-to-date: /ros2_ws/install/planning_msgs/include/planning_msgs/msg
[4.730s] -- Up-to-date: /ros2_ws/install/planning_msgs/include/planning_msgs/msg/detail
[4.730s] -- Up-to-date: /ros2_ws/install/planning_msgs/include/planning_msgs/msg/detail/fsm_request__rosidl_typesupport_introspection_cpp.hpp
[4.730s] -- Up-to-date: /ros2_ws/install/planning_msgs/include/planning_msgs/msg/detail/trajectory__type_support.cpp
[4.730s] -- Up-to-date: /ros2_ws/install/planning_msgs/include/planning_msgs/msg/detail/controller_feedback__rosidl_typesupport_introspection_cpp.hpp
[4.730s] -- Up-to-date: /ros2_ws/install/planning_msgs/include/planning_msgs/msg/detail/fsm_request__type_support.cpp
[4.733s] -- Up-to-date: /ros2_ws/install/planning_msgs/include/planning_msgs/msg/detail/goal_reached__rosidl_typesupport_introspection_cpp.hpp
[4.735s] -- Up-to-date: /ros2_ws/install/planning_msgs/include/planning_msgs/msg/detail/park_complete__type_support.cpp
[4.735s] -- Up-to-date: /ros2_ws/install/planning_msgs/include/planning_msgs/msg/detail/target_speed__rosidl_typesupport_introspection_cpp.hpp
[4.736s] -- Up-to-date: /ros2_ws/install/planning_msgs/include/planning_msgs/msg/detail/park_complete__rosidl_typesupport_introspection_cpp.hpp
[4.737s] -- Up-to-date: /ros2_ws/install/planning_msgs/include/planning_msgs/msg/detail/planning_status__rosidl_typesupport_introspection_cpp.hpp
[4.740s] -- Up-to-date: /ros2_ws/install/planning_msgs/include/planning_msgs/msg/detail/goal_reached__type_support.cpp
[4.741s] -- Up-to-date: /ros2_ws/install/planning_msgs/include/planning_msgs/msg/detail/trajectory_point__type_support.cpp
[4.742s] -- Up-to-date: /ros2_ws/install/planning_msgs/include/planning_msgs/msg/detail/target_speed__type_support.cpp
[4.742s] -- Up-to-date: /ros2_ws/install/planning_msgs/include/planning_msgs/msg/detail/trajectory_point__rosidl_typesupport_introspection_cpp.hpp
[4.742s] -- Up-to-date: /ros2_ws/install/planning_msgs/include/planning_msgs/msg/detail/planning_status__type_support.cpp
[4.742s] -- Up-to-date: /ros2_ws/install/planning_msgs/include/planning_msgs/msg/detail/active_route_context__type_support.cpp
[4.742s] -- Up-to-date: /ros2_ws/install/planning_msgs/include/planning_msgs/msg/detail/trajectory__rosidl_typesupport_introspection_cpp.hpp
[4.744s] -- Up-to-date: /ros2_ws/install/planning_msgs/include/planning_msgs/msg/detail/controller_feedback__type_support.cpp
[4.744s] -- Up-to-date: /ros2_ws/install/planning_msgs/include/planning_msgs/msg/detail/active_route_context__rosidl_typesupport_introspection_cpp.hpp
[4.745s] -- Up-to-date: /ros2_ws/install/planning_msgs/lib/libplanning_msgs__rosidl_typesupport_introspection_cpp.so
[4.746s] -- Up-to-date: /ros2_ws/install/planning_msgs/lib/libplanning_msgs__rosidl_typesupport_cpp.so
[4.746s] -- Up-to-date: /ros2_ws/install/planning_msgs/share/planning_msgs/environment/pythonpath.sh
[4.746s] -- Up-to-date: /ros2_ws/install/planning_msgs/share/planning_msgs/environment/pythonpath.dsv
[4.746s] -- Up-to-date: /ros2_ws/install/planning_msgs/lib/python3.8/site-packages/planning_msgs/__init__.py
[4.813s] -- Up-to-date: /ros2_ws/install/planning_msgs/lib/python3.8/site-packages/planning_msgs/msg
[4.813s] -- Up-to-date: /ros2_ws/install/planning_msgs/lib/python3.8/site-packages/planning_msgs/msg/_trajectory_point_s.c
[4.814s] -- Up-to-date: /ros2_ws/install/planning_msgs/lib/python3.8/site-packages/planning_msgs/msg/_trajectory.py
[4.814s] -- Up-to-date: /ros2_ws/install/planning_msgs/lib/python3.8/site-packages/planning_msgs/msg/_trajectory_s.c
[4.815s] -- Up-to-date: /ros2_ws/install/planning_msgs/lib/python3.8/site-packages/planning_msgs/msg/_target_speed.py
[4.817s] -- Up-to-date: /ros2_ws/install/planning_msgs/lib/python3.8/site-packages/planning_msgs/msg/_target_speed_s.c
[4.818s] -- Up-to-date: /ros2_ws/install/planning_msgs/lib/python3.8/site-packages/planning_msgs/msg/_park_complete.py
[4.818s] -- Up-to-date: /ros2_ws/install/planning_msgs/lib/python3.8/site-packages/planning_msgs/msg/_trajectory_point.py
[4.819s] -- Up-to-date: /ros2_ws/install/planning_msgs/lib/python3.8/site-packages/planning_msgs/msg/__init__.py
[4.819s] -- Up-to-date: /ros2_ws/install/planning_msgs/lib/python3.8/site-packages/planning_msgs/msg/_goal_reached.py
[4.820s] -- Up-to-date: /ros2_ws/install/planning_msgs/lib/python3.8/site-packages/planning_msgs/msg/_goal_reached_s.c
[4.820s] -- Up-to-date: /ros2_ws/install/planning_msgs/lib/python3.8/site-packages/planning_msgs/msg/_park_complete_s.c
[4.820s] -- Up-to-date: /ros2_ws/install/planning_msgs/lib/python3.8/site-packages/planning_msgs/msg/_fsm_request_s.c
[4.821s] -- Up-to-date: /ros2_ws/install/planning_msgs/lib/python3.8/site-packages/planning_msgs/msg/_fsm_request.py
[4.821s] -- Up-to-date: /ros2_ws/install/planning_msgs/lib/python3.8/site-packages/planning_msgs/msg/_controller_feedback_s.c
[4.823s] -- Up-to-date: /ros2_ws/install/planning_msgs/lib/python3.8/site-packages/planning_msgs/msg/_active_route_context_s.c
[4.823s] -- Up-to-date: /ros2_ws/install/planning_msgs/lib/python3.8/site-packages/planning_msgs/msg/_planning_status_s.c
[4.824s] -- Up-to-date: /ros2_ws/install/planning_msgs/lib/python3.8/site-packages/planning_msgs/msg/_controller_feedback.py
[4.824s] -- Up-to-date: /ros2_ws/install/planning_msgs/lib/python3.8/site-packages/planning_msgs/msg/_active_route_context.py
[4.825s] -- Up-to-date: /ros2_ws/install/planning_msgs/lib/python3.8/site-packages/planning_msgs/msg/_planning_status.py
[4.825s] -- Up-to-date: /ros2_ws/install/planning_msgs/lib/python3.8/site-packages/planning_msgs/planning_msgs_s__rosidl_typesupport_fastrtps_c.cpython-38-x86_64-linux-gnu.so
[4.826s] -- Up-to-date: /ros2_ws/install/planning_msgs/lib/python3.8/site-packages/planning_msgs/planning_msgs_s__rosidl_typesupport_introspection_c.cpython-38-x86_64-linux-gnu.so
[4.826s] -- Up-to-date: /ros2_ws/install/planning_msgs/lib/python3.8/site-packages/planning_msgs/planning_msgs_s__rosidl_typesupport_c.cpython-38-x86_64-linux-gnu.so
[4.827s] -- Up-to-date: /ros2_ws/install/planning_msgs/lib/libplanning_msgs__python.so
[4.827s] -- Up-to-date: /ros2_ws/install/planning_msgs/share/planning_msgs/msg/TrajectoryPoint.idl
[4.831s] -- Up-to-date: /ros2_ws/install/planning_msgs/share/planning_msgs/msg/Trajectory.idl
[4.831s] -- Up-to-date: /ros2_ws/install/planning_msgs/share/planning_msgs/msg/TargetSpeed.idl
[4.832s] -- Up-to-date: /ros2_ws/install/planning_msgs/share/planning_msgs/msg/PlanningStatus.idl
[4.832s] -- Up-to-date: /ros2_ws/install/planning_msgs/share/planning_msgs/msg/ActiveRouteContext.idl
[4.832s] -- Up-to-date: /ros2_ws/install/planning_msgs/share/planning_msgs/msg/GoalReached.idl
[4.832s] -- Up-to-date: /ros2_ws/install/planning_msgs/share/planning_msgs/msg/ParkComplete.idl
[4.832s] -- Up-to-date: /ros2_ws/install/planning_msgs/share/planning_msgs/msg/ControllerFeedback.idl
[4.833s] -- Up-to-date: /ros2_ws/install/planning_msgs/share/planning_msgs/msg/FSMRequest.idl
[4.833s] -- Up-to-date: /ros2_ws/install/planning_msgs/share/planning_msgs/msg/TrajectoryPoint.msg
[4.833s] -- Up-to-date: /ros2_ws/install/planning_msgs/share/planning_msgs/msg/Trajectory.msg
[4.834s] -- Up-to-date: /ros2_ws/install/planning_msgs/share/planning_msgs/msg/TargetSpeed.msg
[4.834s] -- Up-to-date: /ros2_ws/install/planning_msgs/share/planning_msgs/msg/PlanningStatus.msg
[4.834s] -- Up-to-date: /ros2_ws/install/planning_msgs/share/planning_msgs/msg/ActiveRouteContext.msg
[4.834s] -- Up-to-date: /ros2_ws/install/planning_msgs/share/planning_msgs/msg/GoalReached.msg
[4.835s] -- Up-to-date: /ros2_ws/install/planning_msgs/share/planning_msgs/msg/ParkComplete.msg
[4.835s] -- Up-to-date: /ros2_ws/install/planning_msgs/share/planning_msgs/msg/ControllerFeedback.msg
[4.836s] -- Up-to-date: /ros2_ws/install/planning_msgs/share/planning_msgs/msg/FSMRequest.msg
[4.836s] -- Up-to-date: /ros2_ws/install/planning_msgs/share/ament_index/resource_index/package_run_dependencies/planning_msgs
[4.837s] -- Up-to-date: /ros2_ws/install/planning_msgs/share/ament_index/resource_index/parent_prefix_path/planning_msgs
[4.837s] -- Up-to-date: /ros2_ws/install/planning_msgs/share/planning_msgs/environment/ament_prefix_path.sh
[4.837s] -- Up-to-date: /ros2_ws/install/planning_msgs/share/planning_msgs/environment/ament_prefix_path.dsv
[4.838s] -- Up-to-date: /ros2_ws/install/planning_msgs/share/planning_msgs/environment/path.sh
[4.840s] -- Up-to-date: /ros2_ws/install/planning_msgs/share/planning_msgs/environment/path.dsv
[4.840s] -- Up-to-date: /ros2_ws/install/planning_msgs/share/planning_msgs/local_setup.bash
[4.841s] -- Up-to-date: /ros2_ws/install/planning_msgs/share/planning_msgs/local_setup.sh
[4.841s] -- Up-to-date: /ros2_ws/install/planning_msgs/share/planning_msgs/local_setup.zsh
[4.842s] -- Up-to-date: /ros2_ws/install/planning_msgs/share/planning_msgs/local_setup.dsv
[4.844s] -- Installing: /ros2_ws/install/planning_msgs/share/planning_msgs/package.dsv
[4.844s] -- Up-to-date: /ros2_ws/install/planning_msgs/share/ament_index/resource_index/packages/planning_msgs
[4.844s] -- Up-to-date: /ros2_ws/install/planning_msgs/share/planning_msgs/cmake/planning_msgs__rosidl_generator_cExport.cmake
[4.845s] -- Up-to-date: /ros2_ws/install/planning_msgs/share/planning_msgs/cmake/planning_msgs__rosidl_generator_cExport-noconfig.cmake
[4.845s] -- Up-to-date: /ros2_ws/install/planning_msgs/share/planning_msgs/cmake/planning_msgs__rosidl_typesupport_introspection_cExport.cmake
[4.846s] -- Up-to-date: /ros2_ws/install/planning_msgs/share/planning_msgs/cmake/planning_msgs__rosidl_typesupport_introspection_cExport-noconfig.cmake
[4.846s] -- Up-to-date: /ros2_ws/install/planning_msgs/share/planning_msgs/cmake/planning_msgs__rosidl_typesupport_cExport.cmake
[4.847s] -- Up-to-date: /ros2_ws/install/planning_msgs/share/planning_msgs/cmake/planning_msgs__rosidl_typesupport_cExport-noconfig.cmake
[4.848s] -- Up-to-date: /ros2_ws/install/planning_msgs/share/planning_msgs/cmake/planning_msgs__rosidl_generator_cppExport.cmake
[4.848s] -- Up-to-date: /ros2_ws/install/planning_msgs/share/planning_msgs/cmake/planning_msgs__rosidl_typesupport_introspection_cppExport.cmake
[4.849s] -- Up-to-date: /ros2_ws/install/planning_msgs/share/planning_msgs/cmake/planning_msgs__rosidl_typesupport_introspection_cppExport-noconfig.cmake
[4.849s] -- Up-to-date: /ros2_ws/install/planning_msgs/share/planning_msgs/cmake/planning_msgs__rosidl_typesupport_cppExport.cmake
[4.849s] -- Up-to-date: /ros2_ws/install/planning_msgs/share/planning_msgs/cmake/planning_msgs__rosidl_typesupport_cppExport-noconfig.cmake
[4.850s] -- Up-to-date: /ros2_ws/install/planning_msgs/share/planning_msgs/cmake/rosidl_cmake-extras.cmake
[4.850s] -- Up-to-date: /ros2_ws/install/planning_msgs/share/planning_msgs/cmake/ament_cmake_export_dependencies-extras.cmake
[4.850s] -- Up-to-date: /ros2_ws/install/planning_msgs/share/planning_msgs/cmake/ament_cmake_export_libraries-extras.cmake
[4.851s] -- Up-to-date: /ros2_ws/install/planning_msgs/share/planning_msgs/cmake/ament_cmake_export_targets-extras.cmake
[4.851s] -- Up-to-date: /ros2_ws/install/planning_msgs/share/planning_msgs/cmake/ament_cmake_export_include_directories-extras.cmake
[4.852s] -- Up-to-date: /ros2_ws/install/planning_msgs/share/planning_msgs/cmake/rosidl_cmake_export_typesupport_libraries-extras.cmake
[4.852s] -- Up-to-date: /ros2_ws/install/planning_msgs/share/planning_msgs/cmake/rosidl_cmake_export_typesupport_targets-extras.cmake
[4.852s] -- Up-to-date: /ros2_ws/install/planning_msgs/share/planning_msgs/cmake/planning_msgsConfig.cmake
[4.852s] -- Up-to-date: /ros2_ws/install/planning_msgs/share/planning_msgs/cmake/planning_msgsConfig-version.cmake
[4.853s] -- Up-to-date: /ros2_ws/install/planning_msgs/share/planning_msgs/package.xml
[4.859s] Invoked command in '/ros2_ws/build/planning_msgs' returned '0': CMAKE_PREFIX_PATH=/opt/ros/foxy /usr/bin/cmake --install /ros2_ws/build/planning_msgs
