[1.166s] Invoking command in '/ros2_ws/src/controller': AMENT_PREFIX_PATH=/ros2_ws/install/planning_msgs:/ros2_ws/install/fsm_msgs:/ros2_ws/install/common_msgs:${AMENT_PREFIX_PATH} CMAKE_PREFIX_PATH=/ros2_ws/install/planning_msgs:/ros2_ws/install/fsm_msgs:/ros2_ws/install/common_msgs LD_LIBRARY_PATH=/ros2_ws/install/planning_msgs/lib:/ros2_ws/install/fsm_msgs/lib:/ros2_ws/install/common_msgs/lib:${LD_LIBRARY_PATH} PYTHONPATH=/ros2_ws/build/cengaver_controller/prefix_override:/ros2_ws/install/cengaver_controller/lib/python3.8/site-packages:/ros2_ws/install/planning_msgs/lib/python3.8/site-packages:/ros2_ws/install/fsm_msgs/lib/python3.8/site-packages:/ros2_ws/install/common_msgs/lib/python3.8/site-packages:${PYTHONPATH} /usr/bin/python3 setup.py egg_info --egg-base ../../build/cengaver_controller build --build-base /ros2_ws/build/cengaver_controller/build install --record /ros2_ws/build/cengaver_controller/install.log --single-version-externally-managed
[1.353s] running egg_info
[1.353s] creating ../../build/cengaver_controller/cengaver_controller.egg-info
[1.354s] writing ../../build/cengaver_controller/cengaver_controller.egg-info/PKG-INFO
[1.355s] writing dependency_links to ../../build/cengaver_controller/cengaver_controller.egg-info/dependency_links.txt
[1.355s] writing entry points to ../../build/cengaver_controller/cengaver_controller.egg-info/entry_points.txt
[1.357s] writing requirements to ../../build/cengaver_controller/cengaver_controller.egg-info/requires.txt
[1.359s] writing top-level names to ../../build/cengaver_controller/cengaver_controller.egg-info/top_level.txt
[1.359s] writing manifest file '../../build/cengaver_controller/cengaver_controller.egg-info/SOURCES.txt'
[1.381s] reading manifest file '../../build/cengaver_controller/cengaver_controller.egg-info/SOURCES.txt'
[1.385s] writing manifest file '../../build/cengaver_controller/cengaver_controller.egg-info/SOURCES.txt'
[1.385s] running build
[1.385s] running build_py
[1.386s] creating /ros2_ws/build/cengaver_controller/build
[1.386s] creating /ros2_ws/build/cengaver_controller/build/lib
[1.387s] creating /ros2_ws/build/cengaver_controller/build/lib/controller
[1.387s] copying controller/can_interface.py -> /ros2_ws/build/cengaver_controller/build/lib/controller
[1.390s] copying controller/__init__.py -> /ros2_ws/build/cengaver_controller/build/lib/controller
[1.392s] copying controller/ackermann_model.py -> /ros2_ws/build/cengaver_controller/build/lib/controller
[1.393s] copying controller/stanley_controller.py -> /ros2_ws/build/cengaver_controller/build/lib/controller
[1.394s] copying controller/pure_pursuit.py -> /ros2_ws/build/cengaver_controller/build/lib/controller
[1.397s] copying controller/speed_controller.py -> /ros2_ws/build/cengaver_controller/build/lib/controller
[1.398s] copying controller/controller_feedback_node.py -> /ros2_ws/build/cengaver_controller/build/lib/controller
[1.400s] copying controller/controller_node.py -> /ros2_ws/build/cengaver_controller/build/lib/controller
[1.404s] running install
[1.405s] running install_lib
[1.408s] creating /ros2_ws/install/cengaver_controller/lib/python3.8/site-packages/controller
[1.410s] copying /ros2_ws/build/cengaver_controller/build/lib/controller/can_interface.py -> /ros2_ws/install/cengaver_controller/lib/python3.8/site-packages/controller
[1.412s] copying /ros2_ws/build/cengaver_controller/build/lib/controller/__init__.py -> /ros2_ws/install/cengaver_controller/lib/python3.8/site-packages/controller
[1.414s] copying /ros2_ws/build/cengaver_controller/build/lib/controller/ackermann_model.py -> /ros2_ws/install/cengaver_controller/lib/python3.8/site-packages/controller
[1.415s] copying /ros2_ws/build/cengaver_controller/build/lib/controller/stanley_controller.py -> /ros2_ws/install/cengaver_controller/lib/python3.8/site-packages/controller
[1.416s] copying /ros2_ws/build/cengaver_controller/build/lib/controller/pure_pursuit.py -> /ros2_ws/install/cengaver_controller/lib/python3.8/site-packages/controller
[1.419s] copying /ros2_ws/build/cengaver_controller/build/lib/controller/speed_controller.py -> /ros2_ws/install/cengaver_controller/lib/python3.8/site-packages/controller
[1.420s] copying /ros2_ws/build/cengaver_controller/build/lib/controller/controller_feedback_node.py -> /ros2_ws/install/cengaver_controller/lib/python3.8/site-packages/controller
[1.424s] copying /ros2_ws/build/cengaver_controller/build/lib/controller/controller_node.py -> /ros2_ws/install/cengaver_controller/lib/python3.8/site-packages/controller
[1.426s] byte-compiling /ros2_ws/install/cengaver_controller/lib/python3.8/site-packages/controller/can_interface.py to can_interface.cpython-38.pyc
[1.440s] byte-compiling /ros2_ws/install/cengaver_controller/lib/python3.8/site-packages/controller/__init__.py to __init__.cpython-38.pyc
[1.442s] byte-compiling /ros2_ws/install/cengaver_controller/lib/python3.8/site-packages/controller/ackermann_model.py to ackermann_model.cpython-38.pyc
[1.444s] byte-compiling /ros2_ws/install/cengaver_controller/lib/python3.8/site-packages/controller/stanley_controller.py to stanley_controller.cpython-38.pyc
[1.449s] byte-compiling /ros2_ws/install/cengaver_controller/lib/python3.8/site-packages/controller/pure_pursuit.py to pure_pursuit.cpython-38.pyc
[1.451s] byte-compiling /ros2_ws/install/cengaver_controller/lib/python3.8/site-packages/controller/speed_controller.py to speed_controller.cpython-38.pyc
[1.454s] byte-compiling /ros2_ws/install/cengaver_controller/lib/python3.8/site-packages/controller/controller_feedback_node.py to controller_feedback_node.cpython-38.pyc
[1.456s] byte-compiling /ros2_ws/install/cengaver_controller/lib/python3.8/site-packages/controller/controller_node.py to controller_node.cpython-38.pyc
[1.459s] running install_data
[1.463s] creating /ros2_ws/install/cengaver_controller/share/ament_index
[1.463s] creating /ros2_ws/install/cengaver_controller/share/ament_index/resource_index
[1.466s] creating /ros2_ws/install/cengaver_controller/share/ament_index/resource_index/packages
[1.467s] error: can't copy 'resource/cengaver_controller': doesn't exist or not a regular file
[1.511s] Invoked command in '/ros2_ws/src/controller' returned '1': AMENT_PREFIX_PATH=/ros2_ws/install/planning_msgs:/ros2_ws/install/fsm_msgs:/ros2_ws/install/common_msgs:${AMENT_PREFIX_PATH} CMAKE_PREFIX_PATH=/ros2_ws/install/planning_msgs:/ros2_ws/install/fsm_msgs:/ros2_ws/install/common_msgs LD_LIBRARY_PATH=/ros2_ws/install/planning_msgs/lib:/ros2_ws/install/fsm_msgs/lib:/ros2_ws/install/common_msgs/lib:${LD_LIBRARY_PATH} PYTHONPATH=/ros2_ws/build/cengaver_controller/prefix_override:/ros2_ws/install/cengaver_controller/lib/python3.8/site-packages:/ros2_ws/install/planning_msgs/lib/python3.8/site-packages:/ros2_ws/install/fsm_msgs/lib/python3.8/site-packages:/ros2_ws/install/common_msgs/lib/python3.8/site-packages:${PYTHONPATH} /usr/bin/python3 setup.py egg_info --egg-base ../../build/cengaver_controller build --build-base /ros2_ws/build/cengaver_controller/build install --record /ros2_ws/build/cengaver_controller/install.log --single-version-externally-managed
