[1.306s] Invoking command in '/ros2_ws/src/controller': CMAKE_PREFIX_PATH=/ros2_ws/install/planning_msgs:/ros2_ws/install/fsm_msgs:/ros2_ws/install/common_msgs:/ros2_ws/install/perception_msgs:/ros2_ws/install/localization_msgs LD_LIBRARY_PATH=/ros2_ws/install/planning_msgs/lib:/ros2_ws/install/fsm_msgs/lib:/ros2_ws/install/common_msgs/lib:/ros2_ws/install/perception_msgs/lib:/ros2_ws/install/localization_msgs/lib:/opt/ros/foxy/opt/yaml_cpp_vendor/lib:/opt/ros/foxy/opt/rviz_ogre_vendor/lib:/opt/ros/foxy/lib/x86_64-linux-gnu:/opt/ros/foxy/lib PYTHONPATH=/ros2_ws/build/cengaver_controller/prefix_override:/ros2_ws/install/cengaver_controller/lib/python3.8/site-packages:/ros2_ws/install/planning_msgs/lib/python3.8/site-packages:/ros2_ws/install/fsm_msgs/lib/python3.8/site-packages:/ros2_ws/install/common_msgs/lib/python3.8/site-packages:/ros2_ws/install/planning/lib/python3.8/site-packages:/ros2_ws/install/perception/lib/python3.8/site-packages:/ros2_ws/install/fsm/lib/python3.8/site-packages:/ros2_ws/install/cengaver_controller/lib/python3.8/site-packages:/ros2_ws/install/perception_msgs/lib/python3.8/site-packages:/ros2_ws/install/localization/lib/python3.8/site-packages:/ros2_ws/install/localization_msgs/lib/python3.8/site-packages:/opt/ros/foxy/lib/python3.8/site-packages /usr/bin/python3 setup.py egg_info --egg-base ../../build/cengaver_controller build --build-base /ros2_ws/build/cengaver_controller/build install --record /ros2_ws/build/cengaver_controller/install.log --single-version-externally-managed
[1.525s] running egg_info
[1.527s] writing ../../build/cengaver_controller/cengaver_controller.egg-info/PKG-INFO
[1.527s] writing dependency_links to ../../build/cengaver_controller/cengaver_controller.egg-info/dependency_links.txt
[1.528s] writing entry points to ../../build/cengaver_controller/cengaver_controller.egg-info/entry_points.txt
[1.528s] writing requirements to ../../build/cengaver_controller/cengaver_controller.egg-info/requires.txt
[1.529s] writing top-level names to ../../build/cengaver_controller/cengaver_controller.egg-info/top_level.txt
[1.552s] reading manifest file '../../build/cengaver_controller/cengaver_controller.egg-info/SOURCES.txt'
[1.554s] writing manifest file '../../build/cengaver_controller/cengaver_controller.egg-info/SOURCES.txt'
[1.555s] running build
[1.556s] running build_py
[1.556s] copying controller/ackermann_model.py -> /ros2_ws/build/cengaver_controller/build/lib/controller
[1.559s] running install
[1.563s] running install_lib
[1.565s] copying /ros2_ws/build/cengaver_controller/build/lib/controller/ackermann_model.py -> /ros2_ws/install/cengaver_controller/lib/python3.8/site-packages/controller
[1.568s] byte-compiling /ros2_ws/install/cengaver_controller/lib/python3.8/site-packages/controller/ackermann_model.py to ackermann_model.cpython-38.pyc
[1.576s] running install_data
[1.577s] running install_egg_info
[1.581s] removing '/ros2_ws/install/cengaver_controller/lib/python3.8/site-packages/cengaver_controller-1.0.0-py3.8.egg-info' (and everything under it)
[1.582s] Copying ../../build/cengaver_controller/cengaver_controller.egg-info to /ros2_ws/install/cengaver_controller/lib/python3.8/site-packages/cengaver_controller-1.0.0-py3.8.egg-info
[1.593s] running install_scripts
[1.614s] Installing controller_feedback_node script to /ros2_ws/install/cengaver_controller/lib/cengaver_controller
[1.615s] Installing controller_node script to /ros2_ws/install/cengaver_controller/lib/cengaver_controller
[1.617s] writing list of installed files to '/ros2_ws/build/cengaver_controller/install.log'
[1.640s] Invoked command in '/ros2_ws/src/controller' returned '0': CMAKE_PREFIX_PATH=/ros2_ws/install/planning_msgs:/ros2_ws/install/fsm_msgs:/ros2_ws/install/common_msgs:/ros2_ws/install/perception_msgs:/ros2_ws/install/localization_msgs LD_LIBRARY_PATH=/ros2_ws/install/planning_msgs/lib:/ros2_ws/install/fsm_msgs/lib:/ros2_ws/install/common_msgs/lib:/ros2_ws/install/perception_msgs/lib:/ros2_ws/install/localization_msgs/lib:/opt/ros/foxy/opt/yaml_cpp_vendor/lib:/opt/ros/foxy/opt/rviz_ogre_vendor/lib:/opt/ros/foxy/lib/x86_64-linux-gnu:/opt/ros/foxy/lib PYTHONPATH=/ros2_ws/build/cengaver_controller/prefix_override:/ros2_ws/install/cengaver_controller/lib/python3.8/site-packages:/ros2_ws/install/planning_msgs/lib/python3.8/site-packages:/ros2_ws/install/fsm_msgs/lib/python3.8/site-packages:/ros2_ws/install/common_msgs/lib/python3.8/site-packages:/ros2_ws/install/planning/lib/python3.8/site-packages:/ros2_ws/install/perception/lib/python3.8/site-packages:/ros2_ws/install/fsm/lib/python3.8/site-packages:/ros2_ws/install/cengaver_controller/lib/python3.8/site-packages:/ros2_ws/install/perception_msgs/lib/python3.8/site-packages:/ros2_ws/install/localization/lib/python3.8/site-packages:/ros2_ws/install/localization_msgs/lib/python3.8/site-packages:/opt/ros/foxy/lib/python3.8/site-packages /usr/bin/python3 setup.py egg_info --egg-base ../../build/cengaver_controller build --build-base /ros2_ws/build/cengaver_controller/build install --record /ros2_ws/build/cengaver_controller/install.log --single-version-externally-managed
