/ros2_ws/install/perception/lib/python3.8/site-packages/perception/dummy_common.py
/ros2_ws/install/perception/lib/python3.8/site-packages/perception/fake_traffic_light_state_pub.py
/ros2_ws/install/perception/lib/python3.8/site-packages/perception/perception_diagnostics_node.py
/ros2_ws/install/perception/lib/python3.8/site-packages/perception/route_context_apply_utils.py
/ros2_ws/install/perception/lib/python3.8/site-packages/perception/lane_contract.py
/ros2_ws/install/perception/lib/python3.8/site-packages/perception/lidar_obstacle_node.py
/ros2_ws/install/perception/lib/python3.8/site-packages/perception/fake_image_pub.py
/ros2_ws/install/perception/lib/python3.8/site-packages/perception/route_context_utils.py
/ros2_ws/install/perception/lib/python3.8/site-packages/perception/fake_lane_image_pub.py
/ros2_ws/install/perception/lib/python3.8/site-packages/perception/dummy_publishers.py
/ros2_ws/install/perception/lib/python3.8/site-packages/perception/__init__.py
/ros2_ws/install/perception/lib/python3.8/site-packages/perception/centroid_tracker.py
/ros2_ws/install/perception/lib/python3.8/site-packages/perception/fake_route_context_pub.py
/ros2_ws/install/perception/lib/python3.8/site-packages/perception/ttc_utils.py
/ros2_ws/install/perception/lib/python3.8/site-packages/perception/traffic_light_node.py
/ros2_ws/install/perception/lib/python3.8/site-packages/perception/stop_target_node.py
/ros2_ws/install/perception/lib/python3.8/site-packages/perception/lane_detector_utils.py
/ros2_ws/install/perception/lib/python3.8/site-packages/perception/stale_utils.py
/ros2_ws/install/perception/lib/python3.8/site-packages/perception/lane_image_utils.py
/ros2_ws/install/perception/lib/python3.8/site-packages/perception/traffic_sign_node.py
/ros2_ws/install/perception/lib/python3.8/site-packages/perception/pointcloud_utils.py
/ros2_ws/install/perception/lib/python3.8/site-packages/perception/junction_node.py
/ros2_ws/install/perception/lib/python3.8/site-packages/perception/lane_node.py
/ros2_ws/install/perception/lib/python3.8/site-packages/perception/fake_pointcloud_pub.py
/ros2_ws/install/perception/lib/python3.8/site-packages/perception/temporal_filter.py
/ros2_ws/install/perception/lib/python3.8/site-packages/perception/colour_classifier.py
/ros2_ws/install/perception/lib/python3.8/site-packages/perception/stop_target_policy.py
/ros2_ws/install/perception/lib/python3.8/site-packages/perception/lidar_cluster_utils.py
/ros2_ws/install/perception/lib/python3.8/site-packages/perception/__pycache__/dummy_common.cpython-38.pyc
/ros2_ws/install/perception/lib/python3.8/site-packages/perception/__pycache__/fake_traffic_light_state_pub.cpython-38.pyc
/ros2_ws/install/perception/lib/python3.8/site-packages/perception/__pycache__/perception_diagnostics_node.cpython-38.pyc
/ros2_ws/install/perception/lib/python3.8/site-packages/perception/__pycache__/route_context_apply_utils.cpython-38.pyc
/ros2_ws/install/perception/lib/python3.8/site-packages/perception/__pycache__/lane_contract.cpython-38.pyc
/ros2_ws/install/perception/lib/python3.8/site-packages/perception/__pycache__/lidar_obstacle_node.cpython-38.pyc
/ros2_ws/install/perception/lib/python3.8/site-packages/perception/__pycache__/fake_image_pub.cpython-38.pyc
/ros2_ws/install/perception/lib/python3.8/site-packages/perception/__pycache__/route_context_utils.cpython-38.pyc
/ros2_ws/install/perception/lib/python3.8/site-packages/perception/__pycache__/fake_lane_image_pub.cpython-38.pyc
/ros2_ws/install/perception/lib/python3.8/site-packages/perception/__pycache__/dummy_publishers.cpython-38.pyc
/ros2_ws/install/perception/lib/python3.8/site-packages/perception/__pycache__/__init__.cpython-38.pyc
/ros2_ws/install/perception/lib/python3.8/site-packages/perception/__pycache__/centroid_tracker.cpython-38.pyc
/ros2_ws/install/perception/lib/python3.8/site-packages/perception/__pycache__/fake_route_context_pub.cpython-38.pyc
/ros2_ws/install/perception/lib/python3.8/site-packages/perception/__pycache__/ttc_utils.cpython-38.pyc
/ros2_ws/install/perception/lib/python3.8/site-packages/perception/__pycache__/traffic_light_node.cpython-38.pyc
/ros2_ws/install/perception/lib/python3.8/site-packages/perception/__pycache__/stop_target_node.cpython-38.pyc
/ros2_ws/install/perception/lib/python3.8/site-packages/perception/__pycache__/lane_detector_utils.cpython-38.pyc
/ros2_ws/install/perception/lib/python3.8/site-packages/perception/__pycache__/stale_utils.cpython-38.pyc
/ros2_ws/install/perception/lib/python3.8/site-packages/perception/__pycache__/lane_image_utils.cpython-38.pyc
/ros2_ws/install/perception/lib/python3.8/site-packages/perception/__pycache__/traffic_sign_node.cpython-38.pyc
/ros2_ws/install/perception/lib/python3.8/site-packages/perception/__pycache__/pointcloud_utils.cpython-38.pyc
/ros2_ws/install/perception/lib/python3.8/site-packages/perception/__pycache__/junction_node.cpython-38.pyc
/ros2_ws/install/perception/lib/python3.8/site-packages/perception/__pycache__/lane_node.cpython-38.pyc
/ros2_ws/install/perception/lib/python3.8/site-packages/perception/__pycache__/fake_pointcloud_pub.cpython-38.pyc
/ros2_ws/install/perception/lib/python3.8/site-packages/perception/__pycache__/temporal_filter.cpython-38.pyc
/ros2_ws/install/perception/lib/python3.8/site-packages/perception/__pycache__/colour_classifier.cpython-38.pyc
/ros2_ws/install/perception/lib/python3.8/site-packages/perception/__pycache__/stop_target_policy.cpython-38.pyc
/ros2_ws/install/perception/lib/python3.8/site-packages/perception/__pycache__/lidar_cluster_utils.cpython-38.pyc
/ros2_ws/install/perception/share/ament_index/resource_index/packages/perception
/ros2_ws/install/perception/share/perception/package.xml
/ros2_ws/install/perception/lib/python3.8/site-packages/perception-0.1.0-py3.8.egg-info/PKG-INFO
/ros2_ws/install/perception/lib/python3.8/site-packages/perception-0.1.0-py3.8.egg-info/zip-safe
/ros2_ws/install/perception/lib/python3.8/site-packages/perception-0.1.0-py3.8.egg-info/SOURCES.txt
/ros2_ws/install/perception/lib/python3.8/site-packages/perception-0.1.0-py3.8.egg-info/entry_points.txt
/ros2_ws/install/perception/lib/python3.8/site-packages/perception-0.1.0-py3.8.egg-info/requires.txt
/ros2_ws/install/perception/lib/python3.8/site-packages/perception-0.1.0-py3.8.egg-info/top_level.txt
/ros2_ws/install/perception/lib/python3.8/site-packages/perception-0.1.0-py3.8.egg-info/dependency_links.txt
/ros2_ws/install/perception/lib/perception/dummy_perception_publishers
/ros2_ws/install/perception/lib/perception/fake_image_pub
/ros2_ws/install/perception/lib/perception/fake_lane_image_pub
/ros2_ws/install/perception/lib/perception/fake_pointcloud_pub
/ros2_ws/install/perception/lib/perception/fake_route_context_pub
/ros2_ws/install/perception/lib/perception/fake_traffic_light_state_pub
/ros2_ws/install/perception/lib/perception/junction_node
/ros2_ws/install/perception/lib/perception/lane_node
/ros2_ws/install/perception/lib/perception/lidar_obstacle_node
/ros2_ws/install/perception/lib/perception/perception_diagnostics_node
/ros2_ws/install/perception/lib/perception/stop_target_node
/ros2_ws/install/perception/lib/perception/traffic_light_node
/ros2_ws/install/perception/lib/perception/traffic_sign_node
