[0.684s] Invoking command in '/ros2_ws/src/localization': AMENT_PREFIX_PATH=/ros2_ws/install/localization_msgs:${AMENT_PREFIX_PATH} CMAKE_PREFIX_PATH=/ros2_ws/install/localization_msgs LD_LIBRARY_PATH=/ros2_ws/install/localization_msgs/lib:${LD_LIBRARY_PATH} PYTHONPATH=/ros2_ws/build/localization/prefix_override:/ros2_ws/install/localization/lib/python3.8/site-packages:/ros2_ws/install/localization_msgs/lib/python3.8/site-packages:${PYTHONPATH} /usr/bin/python3 setup.py egg_info --egg-base ../../build/localization build --build-base /ros2_ws/build/localization/build install --record /ros2_ws/build/localization/install.log --single-version-externally-managed
[0.864s] running egg_info
[0.864s] writing ../../build/localization/localization.egg-info/PKG-INFO
[0.865s] writing dependency_links to ../../build/localization/localization.egg-info/dependency_links.txt
[0.866s] writing entry points to ../../build/localization/localization.egg-info/entry_points.txt
[0.866s] writing requirements to ../../build/localization/localization.egg-info/requires.txt
[0.866s] writing top-level names to ../../build/localization/localization.egg-info/top_level.txt
[0.871s] reading manifest file '../../build/localization/localization.egg-info/SOURCES.txt'
[0.873s] writing manifest file '../../build/localization/localization.egg-info/SOURCES.txt'
[0.874s] running build
[0.874s] running install
[0.874s] running install_data
[0.875s] running install_egg_info
[0.877s] removing '/ros2_ws/install/localization/lib/python3.8/site-packages/localization-0.0.1-py3.8.egg-info' (and everything under it)
[0.878s] Copying ../../build/localization/localization.egg-info to /ros2_ws/install/localization/lib/python3.8/site-packages/localization-0.0.1-py3.8.egg-info
[0.892s] running install_scripts
[0.908s] Installing global_localization_node script to /ros2_ws/install/localization/lib/localization
[0.912s] Installing local_ekf_node script to /ros2_ws/install/localization/lib/localization
[0.912s] Installing localization_diagnostics_node script to /ros2_ws/install/localization/lib/localization
[0.913s] Installing map_origin_node script to /ros2_ws/install/localization/lib/localization
[0.914s] Installing raw_gps_node script to /ros2_ws/install/localization/lib/localization
[0.915s] writing list of installed files to '/ros2_ws/build/localization/install.log'
[0.929s] Invoked command in '/ros2_ws/src/localization' returned '0': AMENT_PREFIX_PATH=/ros2_ws/install/localization_msgs:${AMENT_PREFIX_PATH} CMAKE_PREFIX_PATH=/ros2_ws/install/localization_msgs LD_LIBRARY_PATH=/ros2_ws/install/localization_msgs/lib:${LD_LIBRARY_PATH} PYTHONPATH=/ros2_ws/build/localization/prefix_override:/ros2_ws/install/localization/lib/python3.8/site-packages:/ros2_ws/install/localization_msgs/lib/python3.8/site-packages:${PYTHONPATH} /usr/bin/python3 setup.py egg_info --egg-base ../../build/localization build --build-base /ros2_ws/build/localization/build install --record /ros2_ws/build/localization/install.log --single-version-externally-managed
