[0.104s] Invoking command in '/ros2_ws/build/localization_msgs': CMAKE_PREFIX_PATH=/opt/ros/foxy /usr/bin/cmake /ros2_ws/src/localization_msgs -DCMAKE_INSTALL_PREFIX=/ros2_ws/install/localization_msgs
[0.548s] -- The C compiler identification is GNU 9.4.0
[0.840s] -- The CXX compiler identification is GNU 9.4.0
[0.849s] -- Check for working C compiler: /usr/bin/cc
[1.336s] -- Check for working C compiler: /usr/bin/cc -- works
[1.337s] -- Detecting C compiler ABI info
[1.745s] -- Detecting C compiler ABI info - done
[1.759s] -- Detecting C compile features
[1.762s] -- Detecting C compile features - done
[1.769s] -- Check for working CXX compiler: /usr/bin/c++
[2.235s] -- Check for working CXX compiler: /usr/bin/c++ -- works
[2.237s] -- Detecting CXX compiler ABI info
[2.747s] -- Detecting CXX compiler ABI info - done
[2.778s] -- Detecting CXX compile features
[2.779s] -- Detecting CXX compile features - done
[2.791s] -- Found ament_cmake: 0.9.12 (/opt/ros/foxy/share/ament_cmake/cmake)
[2.892s] -- Found PythonInterp: /usr/bin/python3 (found suitable version "3.8.10", minimum required is "3") 
[2.893s] -- Using PYTHON_EXECUTABLE: /usr/bin/python3
[3.143s] -- Found rosidl_default_generators: 1.0.1 (/opt/ros/foxy/share/rosidl_default_generators/cmake)
[3.149s] -- Using all available rosidl_typesupport_c: rosidl_typesupport_fastrtps_c;rosidl_typesupport_introspection_c
[3.158s] -- Found rosidl_adapter: 1.3.1 (/opt/ros/foxy/share/rosidl_adapter/cmake)
[3.515s] -- Found OpenSSL: /usr/lib/x86_64-linux-gnu/libcrypto.so (found version "1.1.1f")  
[3.547s] -- Found FastRTPS: /opt/ros/foxy/include  
[3.612s] -- Using all available rosidl_typesupport_cpp: rosidl_typesupport_fastrtps_cpp;rosidl_typesupport_introspection_cpp
[3.628s] -- Found std_msgs: 2.0.5 (/opt/ros/foxy/share/std_msgs/cmake)
[3.754s] -- Found PythonInterp: /usr/bin/python3 (found version "3.8.10") 
[4.082s] -- Found ament_cmake_ros: 0.9.2 (/opt/ros/foxy/share/ament_cmake_ros/cmake)
[4.355s] -- Using all available rosidl_typesupport_c: rosidl_typesupport_fastrtps_c;rosidl_typesupport_introspection_c
[4.488s] -- Using all available rosidl_typesupport_cpp: rosidl_typesupport_fastrtps_cpp;rosidl_typesupport_introspection_cpp
[4.560s] -- Found PythonInterp: /usr/bin/python3 (found suitable version "3.8.10", minimum required is "3.5") 
[4.561s] -- Found python_cmake_module: 0.8.1 (/opt/ros/foxy/share/python_cmake_module/cmake)
[4.674s] -- Found PythonLibs: /usr/lib/x86_64-linux-gnu/libpython3.8.so (found suitable version "3.8.10", minimum required is "3.5") 
[4.674s] -- Using PYTHON_EXECUTABLE: /usr/bin/python3
[4.676s] -- Using PYTHON_INCLUDE_DIRS: /usr/include/python3.8
[4.676s] -- Using PYTHON_LIBRARIES: /usr/lib/x86_64-linux-gnu/libpython3.8.so
[4.743s] -- Found PythonExtra: .so  
[4.983s] -- Configuring done
[5.145s] -- Generating done
[5.162s] -- Build files have been written to: /ros2_ws/build/localization_msgs
