/home/usame/AU-Cengaver-Robotic/ros2_ws/install/planning/lib/python3.8/site-packages/planning/utils.py
/home/usame/AU-Cengaver-Robotic/ros2_ws/install/planning/lib/python3.8/site-packages/planning/speed_profile.py
/home/usame/AU-Cengaver-Robotic/ros2_ws/install/planning/lib/python3.8/site-packages/planning/parking_planner.py
/home/usame/AU-Cengaver-Robotic/ros2_ws/install/planning/lib/python3.8/site-packages/planning/planner_node.py
/home/usame/AU-Cengaver-Robotic/ros2_ws/install/planning/lib/python3.8/site-packages/planning/obstacle_decision.py
/home/usame/AU-Cengaver-Robotic/ros2_ws/install/planning/lib/python3.8/site-packages/planning/geojson_loader.py
/home/usame/AU-Cengaver-Robotic/ros2_ws/install/planning/lib/python3.8/site-packages/planning/coordinate_transform.py
/home/usame/AU-Cengaver-Robotic/ros2_ws/install/planning/lib/python3.8/site-packages/planning/waypoint_manager.py
/home/usame/AU-Cengaver-Robotic/ros2_ws/install/planning/lib/python3.8/site-packages/planning/route_context_publisher.py
/home/usame/AU-Cengaver-Robotic/ros2_ws/install/planning/lib/python3.8/site-packages/planning/__init__.py
/home/usame/AU-Cengaver-Robotic/ros2_ws/install/planning/lib/python3.8/site-packages/planning/trajectory_builder.py
/home/usame/AU-Cengaver-Robotic/ros2_ws/install/planning/lib/python3.8/site-packages/planning/stop_decision.py
/home/usame/AU-Cengaver-Robotic/ros2_ws/install/planning/lib/python3.8/site-packages/planning/timeout_checker.py
/home/usame/AU-Cengaver-Robotic/ros2_ws/install/planning/lib/python3.8/site-packages/planning/mode_handler.py
/home/usame/AU-Cengaver-Robotic/ros2_ws/install/planning/lib/python3.8/site-packages/planning/__pycache__/utils.cpython-38.pyc
/home/usame/AU-Cengaver-Robotic/ros2_ws/install/planning/lib/python3.8/site-packages/planning/__pycache__/speed_profile.cpython-38.pyc
/home/usame/AU-Cengaver-Robotic/ros2_ws/install/planning/lib/python3.8/site-packages/planning/__pycache__/parking_planner.cpython-38.pyc
/home/usame/AU-Cengaver-Robotic/ros2_ws/install/planning/lib/python3.8/site-packages/planning/__pycache__/planner_node.cpython-38.pyc
/home/usame/AU-Cengaver-Robotic/ros2_ws/install/planning/lib/python3.8/site-packages/planning/__pycache__/obstacle_decision.cpython-38.pyc
/home/usame/AU-Cengaver-Robotic/ros2_ws/install/planning/lib/python3.8/site-packages/planning/__pycache__/geojson_loader.cpython-38.pyc
/home/usame/AU-Cengaver-Robotic/ros2_ws/install/planning/lib/python3.8/site-packages/planning/__pycache__/coordinate_transform.cpython-38.pyc
/home/usame/AU-Cengaver-Robotic/ros2_ws/install/planning/lib/python3.8/site-packages/planning/__pycache__/waypoint_manager.cpython-38.pyc
/home/usame/AU-Cengaver-Robotic/ros2_ws/install/planning/lib/python3.8/site-packages/planning/__pycache__/route_context_publisher.cpython-38.pyc
/home/usame/AU-Cengaver-Robotic/ros2_ws/install/planning/lib/python3.8/site-packages/planning/__pycache__/__init__.cpython-38.pyc
/home/usame/AU-Cengaver-Robotic/ros2_ws/install/planning/lib/python3.8/site-packages/planning/__pycache__/trajectory_builder.cpython-38.pyc
/home/usame/AU-Cengaver-Robotic/ros2_ws/install/planning/lib/python3.8/site-packages/planning/__pycache__/stop_decision.cpython-38.pyc
/home/usame/AU-Cengaver-Robotic/ros2_ws/install/planning/lib/python3.8/site-packages/planning/__pycache__/timeout_checker.cpython-38.pyc
/home/usame/AU-Cengaver-Robotic/ros2_ws/install/planning/lib/python3.8/site-packages/planning/__pycache__/mode_handler.cpython-38.pyc
/home/usame/AU-Cengaver-Robotic/ros2_ws/install/planning/share/ament_index/resource_index/packages/planning
/home/usame/AU-Cengaver-Robotic/ros2_ws/install/planning/share/planning/package.xml
/home/usame/AU-Cengaver-Robotic/ros2_ws/install/planning/share/planning/launch/planning.launch.py
/home/usame/AU-Cengaver-Robotic/ros2_ws/install/planning/share/planning/missions/sample_mission.geojson
/home/usame/AU-Cengaver-Robotic/ros2_ws/install/planning/share/planning/missions/test_mission.geojson
/home/usame/AU-Cengaver-Robotic/ros2_ws/install/planning/share/planning/config
/home/usame/AU-Cengaver-Robotic/ros2_ws/install/planning/lib/python3.8/site-packages/planning-0.0.1-py3.8.egg-info/dependency_links.txt
/home/usame/AU-Cengaver-Robotic/ros2_ws/install/planning/lib/python3.8/site-packages/planning-0.0.1-py3.8.egg-info/entry_points.txt
/home/usame/AU-Cengaver-Robotic/ros2_ws/install/planning/lib/python3.8/site-packages/planning-0.0.1-py3.8.egg-info/requires.txt
/home/usame/AU-Cengaver-Robotic/ros2_ws/install/planning/lib/python3.8/site-packages/planning-0.0.1-py3.8.egg-info/top_level.txt
/home/usame/AU-Cengaver-Robotic/ros2_ws/install/planning/lib/python3.8/site-packages/planning-0.0.1-py3.8.egg-info/SOURCES.txt
/home/usame/AU-Cengaver-Robotic/ros2_ws/install/planning/lib/python3.8/site-packages/planning-0.0.1-py3.8.egg-info/zip-safe
/home/usame/AU-Cengaver-Robotic/ros2_ws/install/planning/lib/python3.8/site-packages/planning-0.0.1-py3.8.egg-info/PKG-INFO
/home/usame/AU-Cengaver-Robotic/ros2_ws/install/planning/lib/planning/planner_node
