[0.077s] Invoking command in '/ros2_ws/build/planning_msgs': CMAKE_PREFIX_PATH=${CMAKE_PREFIX_PATH}:/ros2_ws/install/planning:/ros2_ws/install/perception:/ros2_ws/install/fsm:/ros2_ws/install/cengaver_controller:/ros2_ws/install/localization:/opt/ros/foxy /usr/bin/cmake --build /ros2_ws/build/planning_msgs -- -j10 -l10
[0.683s] [  1%] Built target planning_msgs__cpp
[0.714s] [ 12%] Built target planning_msgs__rosidl_generator_c
[1.525s] [ 31%] Built target planning_msgs__rosidl_typesupport_introspection_cpp
[1.532s] [ 35%] Built target planning_msgs__rosidl_typesupport_cpp
[1.590s] [ 47%] Built target planning_msgs__rosidl_typesupport_c
[1.596s] [ 70%] Built target planning_msgs__rosidl_typesupport_introspection_c
[1.598s] [ 70%] Built target planning_msgs__rosidl_typesupport_fastrtps_cpp
[1.800s] [ 82%] Built target planning_msgs__rosidl_typesupport_fastrtps_c
[2.003s] [ 82%] Built target planning_msgs
[2.225s] [ 83%] Built target planning_msgs__py
[2.557s] [ 93%] Built target planning_msgs__python
[2.913s] [ 95%] Built target planning_msgs__rosidl_typesupport_introspection_c__pyext
[2.916s] [ 97%] Built target planning_msgs__rosidl_typesupport_c__pyext
[2.923s] [100%] Built target planning_msgs__rosidl_typesupport_fastrtps_c__pyext
[3.005s] Invoked command in '/ros2_ws/build/planning_msgs' returned '0': CMAKE_PREFIX_PATH=${CMAKE_PREFIX_PATH}:/ros2_ws/install/planning:/ros2_ws/install/perception:/ros2_ws/install/fsm:/ros2_ws/install/cengaver_controller:/ros2_ws/install/localization:/opt/ros/foxy /usr/bin/cmake --build /ros2_ws/build/planning_msgs -- -j10 -l10
[6.914s] Invoking command in '/ros2_ws/build/planning_msgs': CMAKE_PREFIX_PATH=${CMAKE_PREFIX_PATH}:/ros2_ws/install/planning:/ros2_ws/install/perception:/ros2_ws/install/fsm:/ros2_ws/install/cengaver_controller:/ros2_ws/install/localization:/opt/ros/foxy /usr/bin/cmake --install /ros2_ws/build/planning_msgs
[6.975s] -- Install configuration: ""
[6.976s] -- Up-to-date: /ros2_ws/install/planning_msgs/share/ament_index/resource_index/rosidl_interfaces/planning_msgs
[6.976s] -- Up-to-date: /ros2_ws/install/planning_msgs/include/planning_msgs
[6.977s] -- Up-to-date: /ros2_ws/install/planning_msgs/include/planning_msgs/msg
[6.977s] -- Up-to-date: /ros2_ws/install/planning_msgs/include/planning_msgs/msg/planning_status.h
[6.978s] -- Up-to-date: /ros2_ws/install/planning_msgs/include/planning_msgs/msg/rosidl_generator_c__visibility_control.h
[6.978s] -- Up-to-date: /ros2_ws/install/planning_msgs/include/planning_msgs/msg/active_route_context.h
[6.978s] -- Up-to-date: /ros2_ws/install/planning_msgs/include/planning_msgs/msg/target_speed.h
[6.979s] -- Up-to-date: /ros2_ws/install/planning_msgs/include/planning_msgs/msg/trajectory_point.h
[6.979s] -- Up-to-date: /ros2_ws/install/planning_msgs/include/planning_msgs/msg/trajectory.h
[6.979s] -- Up-to-date: /ros2_ws/install/planning_msgs/include/planning_msgs/msg/fsm_request.h
[6.980s] -- Up-to-date: /ros2_ws/install/planning_msgs/include/planning_msgs/msg/detail
[6.980s] -- Up-to-date: /ros2_ws/install/planning_msgs/include/planning_msgs/msg/detail/fsm_request__type_support.h
[6.981s] -- Up-to-date: /ros2_ws/install/planning_msgs/include/planning_msgs/msg/detail/controller_feedback__functions.h
[6.981s] -- Up-to-date: /ros2_ws/install/planning_msgs/include/planning_msgs/msg/detail/active_route_context__struct.h
[6.981s] -- Up-to-date: /ros2_ws/install/planning_msgs/include/planning_msgs/msg/detail/target_speed__struct.h
[6.982s] -- Up-to-date: /ros2_ws/install/planning_msgs/include/planning_msgs/msg/detail/active_route_context__type_support.h
[6.982s] -- Up-to-date: /ros2_ws/install/planning_msgs/include/planning_msgs/msg/detail/planning_status__struct.h
[6.982s] -- Up-to-date: /ros2_ws/install/planning_msgs/include/planning_msgs/msg/detail/trajectory_point__type_support.h
[6.983s] -- Up-to-date: /ros2_ws/install/planning_msgs/include/planning_msgs/msg/detail/active_route_context__functions.h
[6.983s] -- Up-to-date: /ros2_ws/install/planning_msgs/include/planning_msgs/msg/detail/fsm_request__functions.c
[6.983s] -- Up-to-date: /ros2_ws/install/planning_msgs/include/planning_msgs/msg/detail/goal_reached__type_support.h
[6.984s] -- Up-to-date: /ros2_ws/install/planning_msgs/include/planning_msgs/msg/detail/goal_reached__functions.c
[6.984s] -- Up-to-date: /ros2_ws/install/planning_msgs/include/planning_msgs/msg/detail/planning_status__functions.h
[6.984s] -- Up-to-date: /ros2_ws/install/planning_msgs/include/planning_msgs/msg/detail/planning_status__type_support.h
[6.984s] -- Up-to-date: /ros2_ws/install/planning_msgs/include/planning_msgs/msg/detail/trajectory_point__struct.h
[6.985s] -- Up-to-date: /ros2_ws/install/planning_msgs/include/planning_msgs/msg/detail/trajectory__functions.c
[6.985s] -- Up-to-date: /ros2_ws/install/planning_msgs/include/planning_msgs/msg/detail/target_speed__functions.c
[6.986s] -- Up-to-date: /ros2_ws/install/planning_msgs/include/planning_msgs/msg/detail/park_complete__functions.c
[6.986s] -- Up-to-date: /ros2_ws/install/planning_msgs/include/planning_msgs/msg/detail/goal_reached__struct.h
[6.986s] -- Up-to-date: /ros2_ws/install/planning_msgs/include/planning_msgs/msg/detail/trajectory_point__functions.h
[6.987s] -- Up-to-date: /ros2_ws/install/planning_msgs/include/planning_msgs/msg/detail/controller_feedback__struct.h
[6.987s] -- Up-to-date: /ros2_ws/install/planning_msgs/include/planning_msgs/msg/detail/park_complete__type_support.h
[6.987s] -- Up-to-date: /ros2_ws/install/planning_msgs/include/planning_msgs/msg/detail/trajectory__struct.h
[6.988s] -- Up-to-date: /ros2_ws/install/planning_msgs/include/planning_msgs/msg/detail/controller_feedback__type_support.h
[6.989s] -- Up-to-date: /ros2_ws/install/planning_msgs/include/planning_msgs/msg/detail/fsm_request__struct.h
[6.990s] -- Up-to-date: /ros2_ws/install/planning_msgs/include/planning_msgs/msg/detail/controller_feedback__functions.c
[6.991s] -- Up-to-date: /ros2_ws/install/planning_msgs/include/planning_msgs/msg/detail/goal_reached__functions.h
[6.991s] -- Up-to-date: /ros2_ws/install/planning_msgs/include/planning_msgs/msg/detail/planning_status__functions.c
[6.991s] -- Up-to-date: /ros2_ws/install/planning_msgs/include/planning_msgs/msg/detail/fsm_request__functions.h
[6.991s] -- Up-to-date: /ros2_ws/install/planning_msgs/include/planning_msgs/msg/detail/active_route_context__functions.c
[6.992s] -- Up-to-date: /ros2_ws/install/planning_msgs/include/planning_msgs/msg/detail/park_complete__struct.h
[6.992s] -- Up-to-date: /ros2_ws/install/planning_msgs/include/planning_msgs/msg/detail/target_speed__type_support.h
[6.993s] -- Up-to-date: /ros2_ws/install/planning_msgs/include/planning_msgs/msg/detail/trajectory__type_support.h
[6.993s] -- Up-to-date: /ros2_ws/install/planning_msgs/include/planning_msgs/msg/detail/trajectory_point__functions.c
[6.993s] -- Up-to-date: /ros2_ws/install/planning_msgs/include/planning_msgs/msg/detail/target_speed__functions.h
[6.993s] -- Up-to-date: /ros2_ws/install/planning_msgs/include/planning_msgs/msg/detail/park_complete__functions.h
[6.994s] -- Up-to-date: /ros2_ws/install/planning_msgs/include/planning_msgs/msg/detail/trajectory__functions.h
[6.994s] -- Up-to-date: /ros2_ws/install/planning_msgs/include/planning_msgs/msg/goal_reached.h
[6.995s] -- Up-to-date: /ros2_ws/install/planning_msgs/include/planning_msgs/msg/controller_feedback.h
[6.995s] -- Up-to-date: /ros2_ws/install/planning_msgs/include/planning_msgs/msg/park_complete.h
[6.995s] -- Up-to-date: /ros2_ws/install/planning_msgs/share/planning_msgs/environment/library_path.sh
[6.995s] -- Up-to-date: /ros2_ws/install/planning_msgs/share/planning_msgs/environment/library_path.dsv
[6.997s] -- Up-to-date: /ros2_ws/install/planning_msgs/lib/libplanning_msgs__rosidl_generator_c.so
[6.998s] -- Up-to-date: /ros2_ws/install/planning_msgs/include/planning_msgs
[6.999s] -- Up-to-date: /ros2_ws/install/planning_msgs/include/planning_msgs/msg
[7.001s] -- Up-to-date: /ros2_ws/install/planning_msgs/include/planning_msgs/msg/detail
[7.002s] -- Up-to-date: /ros2_ws/install/planning_msgs/include/planning_msgs/msg/detail/trajectory_point__rosidl_typesupport_fastrtps_c.h
[7.002s] -- Up-to-date: /ros2_ws/install/planning_msgs/include/planning_msgs/msg/detail/target_speed__rosidl_typesupport_fastrtps_c.h
[7.002s] -- Up-to-date: /ros2_ws/install/planning_msgs/include/planning_msgs/msg/detail/fsm_request__rosidl_typesupport_fastrtps_c.h
[7.003s] -- Up-to-date: /ros2_ws/install/planning_msgs/include/planning_msgs/msg/detail/goal_reached__rosidl_typesupport_fastrtps_c.h
[7.003s] -- Up-to-date: /ros2_ws/install/planning_msgs/include/planning_msgs/msg/detail/trajectory__rosidl_typesupport_fastrtps_c.h
[7.003s] -- Up-to-date: /ros2_ws/install/planning_msgs/include/planning_msgs/msg/detail/park_complete__rosidl_typesupport_fastrtps_c.h
[7.004s] -- Up-to-date: /ros2_ws/install/planning_msgs/include/planning_msgs/msg/detail/controller_feedback__rosidl_typesupport_fastrtps_c.h
[7.004s] -- Up-to-date: /ros2_ws/install/planning_msgs/include/planning_msgs/msg/detail/active_route_context__rosidl_typesupport_fastrtps_c.h
[7.005s] -- Up-to-date: /ros2_ws/install/planning_msgs/include/planning_msgs/msg/detail/planning_status__rosidl_typesupport_fastrtps_c.h
[7.005s] -- Up-to-date: /ros2_ws/install/planning_msgs/include/planning_msgs/msg/rosidl_typesupport_fastrtps_c__visibility_control.h
[7.005s] -- Up-to-date: /ros2_ws/install/planning_msgs/lib/libplanning_msgs__rosidl_typesupport_fastrtps_c.so
[7.006s] -- Up-to-date: /ros2_ws/install/planning_msgs/include/planning_msgs
[7.006s] -- Up-to-date: /ros2_ws/install/planning_msgs/include/planning_msgs/msg
[7.006s] -- Up-to-date: /ros2_ws/install/planning_msgs/include/planning_msgs/msg/rosidl_typesupport_fastrtps_cpp__visibility_control.h
[7.007s] -- Up-to-date: /ros2_ws/install/planning_msgs/include/planning_msgs/msg/detail
[7.007s] -- Up-to-date: /ros2_ws/install/planning_msgs/include/planning_msgs/msg/detail/active_route_context__rosidl_typesupport_fastrtps_cpp.hpp
[7.008s] -- Up-to-date: /ros2_ws/install/planning_msgs/include/planning_msgs/msg/detail/trajectory_point__rosidl_typesupport_fastrtps_cpp.hpp
[7.008s] -- Up-to-date: /ros2_ws/install/planning_msgs/include/planning_msgs/msg/detail/fsm_request__rosidl_typesupport_fastrtps_cpp.hpp
[7.008s] -- Up-to-date: /ros2_ws/install/planning_msgs/include/planning_msgs/msg/detail/controller_feedback__rosidl_typesupport_fastrtps_cpp.hpp
[7.009s] -- Up-to-date: /ros2_ws/install/planning_msgs/include/planning_msgs/msg/detail/planning_status__rosidl_typesupport_fastrtps_cpp.hpp
[7.009s] -- Up-to-date: /ros2_ws/install/planning_msgs/include/planning_msgs/msg/detail/goal_reached__rosidl_typesupport_fastrtps_cpp.hpp
[7.009s] -- Up-to-date: /ros2_ws/install/planning_msgs/include/planning_msgs/msg/detail/trajectory__rosidl_typesupport_fastrtps_cpp.hpp
[7.010s] -- Up-to-date: /ros2_ws/install/planning_msgs/include/planning_msgs/msg/detail/park_complete__rosidl_typesupport_fastrtps_cpp.hpp
[7.010s] -- Up-to-date: /ros2_ws/install/planning_msgs/include/planning_msgs/msg/detail/target_speed__rosidl_typesupport_fastrtps_cpp.hpp
[7.010s] -- Up-to-date: /ros2_ws/install/planning_msgs/include/planning_msgs/msg/detail/dds_fastrtps
[7.012s] -- Up-to-date: /ros2_ws/install/planning_msgs/lib/libplanning_msgs__rosidl_typesupport_fastrtps_cpp.so
[7.012s] -- Up-to-date: /ros2_ws/install/planning_msgs/include/planning_msgs
[7.012s] -- Up-to-date: /ros2_ws/install/planning_msgs/include/planning_msgs/msg
[7.013s] -- Up-to-date: /ros2_ws/install/planning_msgs/include/planning_msgs/msg/detail
[7.013s] -- Up-to-date: /ros2_ws/install/planning_msgs/include/planning_msgs/msg/detail/active_route_context__rosidl_typesupport_introspection_c.h
[7.014s] -- Up-to-date: /ros2_ws/install/planning_msgs/include/planning_msgs/msg/detail/controller_feedback__type_support.c
[7.014s] -- Up-to-date: /ros2_ws/install/planning_msgs/include/planning_msgs/msg/detail/goal_reached__rosidl_typesupport_introspection_c.h
[7.015s] -- Up-to-date: /ros2_ws/install/planning_msgs/include/planning_msgs/msg/detail/trajectory__type_support.c
[7.015s] -- Up-to-date: /ros2_ws/install/planning_msgs/include/planning_msgs/msg/detail/target_speed__type_support.c
[7.015s] -- Up-to-date: /ros2_ws/install/planning_msgs/include/planning_msgs/msg/detail/active_route_context__type_support.c
[7.015s] -- Up-to-date: /ros2_ws/install/planning_msgs/include/planning_msgs/msg/detail/fsm_request__type_support.c
[7.016s] -- Up-to-date: /ros2_ws/install/planning_msgs/include/planning_msgs/msg/detail/goal_reached__type_support.c
[7.016s] -- Up-to-date: /ros2_ws/install/planning_msgs/include/planning_msgs/msg/detail/target_speed__rosidl_typesupport_introspection_c.h
[7.016s] -- Up-to-date: /ros2_ws/install/planning_msgs/include/planning_msgs/msg/detail/controller_feedback__rosidl_typesupport_introspection_c.h
[7.016s] -- Up-to-date: /ros2_ws/install/planning_msgs/include/planning_msgs/msg/detail/trajectory_point__type_support.c
[7.017s] -- Up-to-date: /ros2_ws/install/planning_msgs/include/planning_msgs/msg/detail/park_complete__rosidl_typesupport_introspection_c.h
[7.017s] -- Up-to-date: /ros2_ws/install/planning_msgs/include/planning_msgs/msg/detail/planning_status__rosidl_typesupport_introspection_c.h
[7.018s] -- Up-to-date: /ros2_ws/install/planning_msgs/include/planning_msgs/msg/detail/fsm_request__rosidl_typesupport_introspection_c.h
[7.018s] -- Up-to-date: /ros2_ws/install/planning_msgs/include/planning_msgs/msg/detail/trajectory__rosidl_typesupport_introspection_c.h
[7.018s] -- Up-to-date: /ros2_ws/install/planning_msgs/include/planning_msgs/msg/detail/planning_status__type_support.c
[7.018s] -- Up-to-date: /ros2_ws/install/planning_msgs/include/planning_msgs/msg/detail/park_complete__type_support.c
[7.019s] -- Up-to-date: /ros2_ws/install/planning_msgs/include/planning_msgs/msg/detail/trajectory_point__rosidl_typesupport_introspection_c.h
[7.019s] -- Up-to-date: /ros2_ws/install/planning_msgs/include/planning_msgs/msg/rosidl_typesupport_introspection_c__visibility_control.h
[7.020s] -- Up-to-date: /ros2_ws/install/planning_msgs/lib/libplanning_msgs__rosidl_typesupport_introspection_c.so
[7.021s] -- Up-to-date: /ros2_ws/install/planning_msgs/lib/libplanning_msgs__rosidl_typesupport_c.so
[7.022s] -- Up-to-date: /ros2_ws/install/planning_msgs/include/planning_msgs
[7.022s] -- Up-to-date: /ros2_ws/install/planning_msgs/include/planning_msgs/msg
[7.022s] -- Up-to-date: /ros2_ws/install/planning_msgs/include/planning_msgs/msg/fsm_request.hpp
[7.022s] -- Up-to-date: /ros2_ws/install/planning_msgs/include/planning_msgs/msg/trajectory.hpp
[7.023s] -- Up-to-date: /ros2_ws/install/planning_msgs/include/planning_msgs/msg/active_route_context.hpp
[7.023s] -- Up-to-date: /ros2_ws/install/planning_msgs/include/planning_msgs/msg/trajectory_point.hpp
[7.023s] -- Up-to-date: /ros2_ws/install/planning_msgs/include/planning_msgs/msg/goal_reached.hpp
[7.024s] -- Up-to-date: /ros2_ws/install/planning_msgs/include/planning_msgs/msg/park_complete.hpp
[7.024s] -- Up-to-date: /ros2_ws/install/planning_msgs/include/planning_msgs/msg/detail
[7.026s] -- Up-to-date: /ros2_ws/install/planning_msgs/include/planning_msgs/msg/detail/trajectory__traits.hpp
[7.027s] -- Up-to-date: /ros2_ws/install/planning_msgs/include/planning_msgs/msg/detail/target_speed__builder.hpp
[7.027s] -- Up-to-date: /ros2_ws/install/planning_msgs/include/planning_msgs/msg/detail/park_complete__builder.hpp
[7.027s] -- Up-to-date: /ros2_ws/install/planning_msgs/include/planning_msgs/msg/detail/trajectory_point__traits.hpp
[7.027s] -- Up-to-date: /ros2_ws/install/planning_msgs/include/planning_msgs/msg/detail/trajectory__builder.hpp
[7.027s] -- Up-to-date: /ros2_ws/install/planning_msgs/include/planning_msgs/msg/detail/park_complete__traits.hpp
[7.028s] -- Up-to-date: /ros2_ws/install/planning_msgs/include/planning_msgs/msg/detail/active_route_context__type_support.hpp
[7.028s] -- Up-to-date: /ros2_ws/install/planning_msgs/include/planning_msgs/msg/detail/planning_status__type_support.hpp
[7.029s] -- Up-to-date: /ros2_ws/install/planning_msgs/include/planning_msgs/msg/detail/controller_feedback__type_support.hpp
[7.029s] -- Up-to-date: /ros2_ws/install/planning_msgs/include/planning_msgs/msg/detail/target_speed__struct.hpp
[7.029s] -- Up-to-date: /ros2_ws/install/planning_msgs/include/planning_msgs/msg/detail/goal_reached__type_support.hpp
[7.030s] -- Up-to-date: /ros2_ws/install/planning_msgs/include/planning_msgs/msg/detail/trajectory_point__type_support.hpp
[7.030s] -- Up-to-date: /ros2_ws/install/planning_msgs/include/planning_msgs/msg/detail/target_speed__type_support.hpp
[7.031s] -- Up-to-date: /ros2_ws/install/planning_msgs/include/planning_msgs/msg/detail/fsm_request__builder.hpp
[7.031s] -- Up-to-date: /ros2_ws/install/planning_msgs/include/planning_msgs/msg/detail/goal_reached__builder.hpp
[7.031s] -- Up-to-date: /ros2_ws/install/planning_msgs/include/planning_msgs/msg/detail/planning_status__traits.hpp
[7.033s] -- Up-to-date: /ros2_ws/install/planning_msgs/include/planning_msgs/msg/detail/active_route_context__struct.hpp
[7.034s] -- Up-to-date: /ros2_ws/install/planning_msgs/include/planning_msgs/msg/detail/goal_reached__traits.hpp
[7.034s] -- Up-to-date: /ros2_ws/install/planning_msgs/include/planning_msgs/msg/detail/fsm_request__traits.hpp
[7.034s] -- Up-to-date: /ros2_ws/install/planning_msgs/include/planning_msgs/msg/detail/controller_feedback__traits.hpp
[7.034s] -- Up-to-date: /ros2_ws/install/planning_msgs/include/planning_msgs/msg/detail/trajectory_point__builder.hpp
[7.034s] -- Up-to-date: /ros2_ws/install/planning_msgs/include/planning_msgs/msg/detail/park_complete__struct.hpp
[7.035s] -- Up-to-date: /ros2_ws/install/planning_msgs/include/planning_msgs/msg/detail/trajectory__struct.hpp
[7.035s] -- Up-to-date: /ros2_ws/install/planning_msgs/include/planning_msgs/msg/detail/trajectory_point__struct.hpp
[7.036s] -- Up-to-date: /ros2_ws/install/planning_msgs/include/planning_msgs/msg/detail/target_speed__traits.hpp
[7.036s] -- Up-to-date: /ros2_ws/install/planning_msgs/include/planning_msgs/msg/detail/planning_status__builder.hpp
[7.036s] -- Up-to-date: /ros2_ws/install/planning_msgs/include/planning_msgs/msg/detail/active_route_context__builder.hpp
[7.036s] -- Up-to-date: /ros2_ws/install/planning_msgs/include/planning_msgs/msg/detail/trajectory__type_support.hpp
[7.037s] -- Up-to-date: /ros2_ws/install/planning_msgs/include/planning_msgs/msg/detail/fsm_request__type_support.hpp
[7.037s] -- Up-to-date: /ros2_ws/install/planning_msgs/include/planning_msgs/msg/detail/controller_feedback__struct.hpp
[7.037s] -- Up-to-date: /ros2_ws/install/planning_msgs/include/planning_msgs/msg/detail/fsm_request__struct.hpp
[7.038s] -- Up-to-date: /ros2_ws/install/planning_msgs/include/planning_msgs/msg/detail/controller_feedback__builder.hpp
[7.038s] -- Up-to-date: /ros2_ws/install/planning_msgs/include/planning_msgs/msg/detail/park_complete__type_support.hpp
[7.038s] -- Up-to-date: /ros2_ws/install/planning_msgs/include/planning_msgs/msg/detail/planning_status__struct.hpp
[7.038s] -- Up-to-date: /ros2_ws/install/planning_msgs/include/planning_msgs/msg/detail/active_route_context__traits.hpp
[7.039s] -- Up-to-date: /ros2_ws/install/planning_msgs/include/planning_msgs/msg/detail/goal_reached__struct.hpp
[7.039s] -- Up-to-date: /ros2_ws/install/planning_msgs/include/planning_msgs/msg/rosidl_generator_cpp__visibility_control.hpp
[7.039s] -- Up-to-date: /ros2_ws/install/planning_msgs/include/planning_msgs/msg/planning_status.hpp
[7.039s] -- Up-to-date: /ros2_ws/install/planning_msgs/include/planning_msgs/msg/target_speed.hpp
[7.040s] -- Up-to-date: /ros2_ws/install/planning_msgs/include/planning_msgs/msg/controller_feedback.hpp
[7.041s] -- Up-to-date: /ros2_ws/install/planning_msgs/include/planning_msgs
[7.041s] -- Up-to-date: /ros2_ws/install/planning_msgs/include/planning_msgs/msg
[7.042s] -- Up-to-date: /ros2_ws/install/planning_msgs/include/planning_msgs/msg/detail
[7.042s] -- Up-to-date: /ros2_ws/install/planning_msgs/include/planning_msgs/msg/detail/fsm_request__rosidl_typesupport_introspection_cpp.hpp
[7.042s] -- Up-to-date: /ros2_ws/install/planning_msgs/include/planning_msgs/msg/detail/trajectory__type_support.cpp
[7.042s] -- Up-to-date: /ros2_ws/install/planning_msgs/include/planning_msgs/msg/detail/controller_feedback__rosidl_typesupport_introspection_cpp.hpp
[7.043s] -- Up-to-date: /ros2_ws/install/planning_msgs/include/planning_msgs/msg/detail/fsm_request__type_support.cpp
[7.043s] -- Up-to-date: /ros2_ws/install/planning_msgs/include/planning_msgs/msg/detail/goal_reached__rosidl_typesupport_introspection_cpp.hpp
[7.044s] -- Up-to-date: /ros2_ws/install/planning_msgs/include/planning_msgs/msg/detail/park_complete__type_support.cpp
[7.044s] -- Up-to-date: /ros2_ws/install/planning_msgs/include/planning_msgs/msg/detail/target_speed__rosidl_typesupport_introspection_cpp.hpp
[7.045s] -- Up-to-date: /ros2_ws/install/planning_msgs/include/planning_msgs/msg/detail/park_complete__rosidl_typesupport_introspection_cpp.hpp
[7.045s] -- Up-to-date: /ros2_ws/install/planning_msgs/include/planning_msgs/msg/detail/planning_status__rosidl_typesupport_introspection_cpp.hpp
[7.046s] -- Up-to-date: /ros2_ws/install/planning_msgs/include/planning_msgs/msg/detail/goal_reached__type_support.cpp
[7.047s] -- Up-to-date: /ros2_ws/install/planning_msgs/include/planning_msgs/msg/detail/trajectory_point__type_support.cpp
[7.047s] -- Up-to-date: /ros2_ws/install/planning_msgs/include/planning_msgs/msg/detail/target_speed__type_support.cpp
[7.047s] -- Up-to-date: /ros2_ws/install/planning_msgs/include/planning_msgs/msg/detail/trajectory_point__rosidl_typesupport_introspection_cpp.hpp
[7.048s] -- Up-to-date: /ros2_ws/install/planning_msgs/include/planning_msgs/msg/detail/planning_status__type_support.cpp
[7.049s] -- Up-to-date: /ros2_ws/install/planning_msgs/include/planning_msgs/msg/detail/active_route_context__type_support.cpp
[7.049s] -- Up-to-date: /ros2_ws/install/planning_msgs/include/planning_msgs/msg/detail/trajectory__rosidl_typesupport_introspection_cpp.hpp
[7.049s] -- Up-to-date: /ros2_ws/install/planning_msgs/include/planning_msgs/msg/detail/controller_feedback__type_support.cpp
[7.049s] -- Up-to-date: /ros2_ws/install/planning_msgs/include/planning_msgs/msg/detail/active_route_context__rosidl_typesupport_introspection_cpp.hpp
[7.051s] -- Up-to-date: /ros2_ws/install/planning_msgs/lib/libplanning_msgs__rosidl_typesupport_introspection_cpp.so
[7.051s] -- Up-to-date: /ros2_ws/install/planning_msgs/lib/libplanning_msgs__rosidl_typesupport_cpp.so
[7.051s] -- Up-to-date: /ros2_ws/install/planning_msgs/share/planning_msgs/environment/pythonpath.sh
[7.052s] -- Up-to-date: /ros2_ws/install/planning_msgs/share/planning_msgs/environment/pythonpath.dsv
[7.052s] -- Up-to-date: /ros2_ws/install/planning_msgs/lib/python3.8/site-packages/planning_msgs/__init__.py
[7.150s] -- Up-to-date: /ros2_ws/install/planning_msgs/lib/python3.8/site-packages/planning_msgs/msg
[7.151s] -- Up-to-date: /ros2_ws/install/planning_msgs/lib/python3.8/site-packages/planning_msgs/msg/_trajectory_point_s.c
[7.152s] -- Up-to-date: /ros2_ws/install/planning_msgs/lib/python3.8/site-packages/planning_msgs/msg/_trajectory.py
[7.152s] -- Up-to-date: /ros2_ws/install/planning_msgs/lib/python3.8/site-packages/planning_msgs/msg/_trajectory_s.c
[7.153s] -- Up-to-date: /ros2_ws/install/planning_msgs/lib/python3.8/site-packages/planning_msgs/msg/_target_speed.py
[7.153s] -- Up-to-date: /ros2_ws/install/planning_msgs/lib/python3.8/site-packages/planning_msgs/msg/_target_speed_s.c
[7.154s] -- Up-to-date: /ros2_ws/install/planning_msgs/lib/python3.8/site-packages/planning_msgs/msg/_park_complete.py
[7.154s] -- Up-to-date: /ros2_ws/install/planning_msgs/lib/python3.8/site-packages/planning_msgs/msg/_trajectory_point.py
[7.154s] -- Up-to-date: /ros2_ws/install/planning_msgs/lib/python3.8/site-packages/planning_msgs/msg/__init__.py
[7.155s] -- Up-to-date: /ros2_ws/install/planning_msgs/lib/python3.8/site-packages/planning_msgs/msg/_goal_reached.py
[7.155s] -- Up-to-date: /ros2_ws/install/planning_msgs/lib/python3.8/site-packages/planning_msgs/msg/_goal_reached_s.c
[7.156s] -- Up-to-date: /ros2_ws/install/planning_msgs/lib/python3.8/site-packages/planning_msgs/msg/_park_complete_s.c
[7.156s] -- Up-to-date: /ros2_ws/install/planning_msgs/lib/python3.8/site-packages/planning_msgs/msg/_fsm_request_s.c
[7.157s] -- Up-to-date: /ros2_ws/install/planning_msgs/lib/python3.8/site-packages/planning_msgs/msg/_fsm_request.py
[7.157s] -- Up-to-date: /ros2_ws/install/planning_msgs/lib/python3.8/site-packages/planning_msgs/msg/_controller_feedback_s.c
[7.161s] -- Up-to-date: /ros2_ws/install/planning_msgs/lib/python3.8/site-packages/planning_msgs/msg/_active_route_context_s.c
[7.161s] -- Up-to-date: /ros2_ws/install/planning_msgs/lib/python3.8/site-packages/planning_msgs/msg/_planning_status_s.c
[7.161s] -- Up-to-date: /ros2_ws/install/planning_msgs/lib/python3.8/site-packages/planning_msgs/msg/_controller_feedback.py
[7.162s] -- Up-to-date: /ros2_ws/install/planning_msgs/lib/python3.8/site-packages/planning_msgs/msg/_active_route_context.py
[7.162s] -- Up-to-date: /ros2_ws/install/planning_msgs/lib/python3.8/site-packages/planning_msgs/msg/_planning_status.py
[7.162s] -- Up-to-date: /ros2_ws/install/planning_msgs/lib/python3.8/site-packages/planning_msgs/planning_msgs_s__rosidl_typesupport_fastrtps_c.cpython-38-x86_64-linux-gnu.so
[7.162s] -- Up-to-date: /ros2_ws/install/planning_msgs/lib/python3.8/site-packages/planning_msgs/planning_msgs_s__rosidl_typesupport_introspection_c.cpython-38-x86_64-linux-gnu.so
[7.163s] -- Up-to-date: /ros2_ws/install/planning_msgs/lib/python3.8/site-packages/planning_msgs/planning_msgs_s__rosidl_typesupport_c.cpython-38-x86_64-linux-gnu.so
[7.164s] -- Up-to-date: /ros2_ws/install/planning_msgs/lib/libplanning_msgs__python.so
[7.165s] -- Up-to-date: /ros2_ws/install/planning_msgs/share/planning_msgs/msg/TrajectoryPoint.idl
[7.165s] -- Up-to-date: /ros2_ws/install/planning_msgs/share/planning_msgs/msg/Trajectory.idl
[7.165s] -- Up-to-date: /ros2_ws/install/planning_msgs/share/planning_msgs/msg/TargetSpeed.idl
[7.167s] -- Up-to-date: /ros2_ws/install/planning_msgs/share/planning_msgs/msg/PlanningStatus.idl
[7.168s] -- Up-to-date: /ros2_ws/install/planning_msgs/share/planning_msgs/msg/ActiveRouteContext.idl
[7.168s] -- Up-to-date: /ros2_ws/install/planning_msgs/share/planning_msgs/msg/GoalReached.idl
[7.168s] -- Up-to-date: /ros2_ws/install/planning_msgs/share/planning_msgs/msg/ParkComplete.idl
[7.168s] -- Up-to-date: /ros2_ws/install/planning_msgs/share/planning_msgs/msg/ControllerFeedback.idl
[7.169s] -- Up-to-date: /ros2_ws/install/planning_msgs/share/planning_msgs/msg/FSMRequest.idl
[7.169s] -- Up-to-date: /ros2_ws/install/planning_msgs/share/planning_msgs/msg/TrajectoryPoint.msg
[7.169s] -- Up-to-date: /ros2_ws/install/planning_msgs/share/planning_msgs/msg/Trajectory.msg
[7.169s] -- Up-to-date: /ros2_ws/install/planning_msgs/share/planning_msgs/msg/TargetSpeed.msg
[7.170s] -- Up-to-date: /ros2_ws/install/planning_msgs/share/planning_msgs/msg/PlanningStatus.msg
[7.170s] -- Up-to-date: /ros2_ws/install/planning_msgs/share/planning_msgs/msg/ActiveRouteContext.msg
[7.171s] -- Up-to-date: /ros2_ws/install/planning_msgs/share/planning_msgs/msg/GoalReached.msg
[7.171s] -- Up-to-date: /ros2_ws/install/planning_msgs/share/planning_msgs/msg/ParkComplete.msg
[7.172s] -- Up-to-date: /ros2_ws/install/planning_msgs/share/planning_msgs/msg/ControllerFeedback.msg
[7.172s] -- Up-to-date: /ros2_ws/install/planning_msgs/share/planning_msgs/msg/FSMRequest.msg
[7.172s] -- Up-to-date: /ros2_ws/install/planning_msgs/share/ament_index/resource_index/package_run_dependencies/planning_msgs
[7.173s] -- Up-to-date: /ros2_ws/install/planning_msgs/share/ament_index/resource_index/parent_prefix_path/planning_msgs
[7.174s] -- Up-to-date: /ros2_ws/install/planning_msgs/share/planning_msgs/environment/ament_prefix_path.sh
[7.175s] -- Up-to-date: /ros2_ws/install/planning_msgs/share/planning_msgs/environment/ament_prefix_path.dsv
[7.175s] -- Up-to-date: /ros2_ws/install/planning_msgs/share/planning_msgs/environment/path.sh
[7.175s] -- Up-to-date: /ros2_ws/install/planning_msgs/share/planning_msgs/environment/path.dsv
[7.176s] -- Up-to-date: /ros2_ws/install/planning_msgs/share/planning_msgs/local_setup.bash
[7.176s] -- Up-to-date: /ros2_ws/install/planning_msgs/share/planning_msgs/local_setup.sh
[7.176s] -- Up-to-date: /ros2_ws/install/planning_msgs/share/planning_msgs/local_setup.zsh
[7.177s] -- Up-to-date: /ros2_ws/install/planning_msgs/share/planning_msgs/local_setup.dsv
[7.177s] -- Installing: /ros2_ws/install/planning_msgs/share/planning_msgs/package.dsv
[7.182s] -- Up-to-date: /ros2_ws/install/planning_msgs/share/ament_index/resource_index/packages/planning_msgs
[7.185s] -- Up-to-date: /ros2_ws/install/planning_msgs/share/planning_msgs/cmake/planning_msgs__rosidl_generator_cExport.cmake
[7.186s] -- Up-to-date: /ros2_ws/install/planning_msgs/share/planning_msgs/cmake/planning_msgs__rosidl_generator_cExport-noconfig.cmake
[7.187s] -- Up-to-date: /ros2_ws/install/planning_msgs/share/planning_msgs/cmake/planning_msgs__rosidl_typesupport_introspection_cExport.cmake
[7.187s] -- Up-to-date: /ros2_ws/install/planning_msgs/share/planning_msgs/cmake/planning_msgs__rosidl_typesupport_introspection_cExport-noconfig.cmake
[7.188s] -- Up-to-date: /ros2_ws/install/planning_msgs/share/planning_msgs/cmake/planning_msgs__rosidl_typesupport_cExport.cmake
[7.188s] -- Up-to-date: /ros2_ws/install/planning_msgs/share/planning_msgs/cmake/planning_msgs__rosidl_typesupport_cExport-noconfig.cmake
[7.190s] -- Up-to-date: /ros2_ws/install/planning_msgs/share/planning_msgs/cmake/planning_msgs__rosidl_generator_cppExport.cmake
[7.190s] -- Up-to-date: /ros2_ws/install/planning_msgs/share/planning_msgs/cmake/planning_msgs__rosidl_typesupport_introspection_cppExport.cmake
[7.191s] -- Up-to-date: /ros2_ws/install/planning_msgs/share/planning_msgs/cmake/planning_msgs__rosidl_typesupport_introspection_cppExport-noconfig.cmake
[7.191s] -- Up-to-date: /ros2_ws/install/planning_msgs/share/planning_msgs/cmake/planning_msgs__rosidl_typesupport_cppExport.cmake
[7.192s] -- Up-to-date: /ros2_ws/install/planning_msgs/share/planning_msgs/cmake/planning_msgs__rosidl_typesupport_cppExport-noconfig.cmake
[7.192s] -- Up-to-date: /ros2_ws/install/planning_msgs/share/planning_msgs/cmake/rosidl_cmake-extras.cmake
[7.192s] -- Up-to-date: /ros2_ws/install/planning_msgs/share/planning_msgs/cmake/ament_cmake_export_dependencies-extras.cmake
[7.192s] -- Up-to-date: /ros2_ws/install/planning_msgs/share/planning_msgs/cmake/ament_cmake_export_libraries-extras.cmake
[7.193s] -- Up-to-date: /ros2_ws/install/planning_msgs/share/planning_msgs/cmake/ament_cmake_export_targets-extras.cmake
[7.193s] -- Up-to-date: /ros2_ws/install/planning_msgs/share/planning_msgs/cmake/ament_cmake_export_include_directories-extras.cmake
[7.194s] -- Up-to-date: /ros2_ws/install/planning_msgs/share/planning_msgs/cmake/rosidl_cmake_export_typesupport_libraries-extras.cmake
[7.194s] -- Up-to-date: /ros2_ws/install/planning_msgs/share/planning_msgs/cmake/rosidl_cmake_export_typesupport_targets-extras.cmake
[7.194s] -- Up-to-date: /ros2_ws/install/planning_msgs/share/planning_msgs/cmake/planning_msgsConfig.cmake
[7.194s] -- Up-to-date: /ros2_ws/install/planning_msgs/share/planning_msgs/cmake/planning_msgsConfig-version.cmake
[7.195s] -- Up-to-date: /ros2_ws/install/planning_msgs/share/planning_msgs/package.xml
[7.205s] Invoked command in '/ros2_ws/build/planning_msgs' returned '0': CMAKE_PREFIX_PATH=${CMAKE_PREFIX_PATH}:/ros2_ws/install/planning:/ros2_ws/install/perception:/ros2_ws/install/fsm:/ros2_ws/install/cengaver_controller:/ros2_ws/install/localization:/opt/ros/foxy /usr/bin/cmake --install /ros2_ws/build/planning_msgs
