[0.594s] Invoking command in '/ros2_ws/src/localization': AMENT_PREFIX_PATH=/ros2_ws/install/localization_msgs:${AMENT_PREFIX_PATH} CMAKE_PREFIX_PATH=/ros2_ws/install/localization_msgs LD_LIBRARY_PATH=/ros2_ws/install/localization_msgs/lib:${LD_LIBRARY_PATH} PYTHONPATH=/ros2_ws/build/localization/prefix_override:/ros2_ws/install/localization/lib/python3.8/site-packages:/ros2_ws/install/localization_msgs/lib/python3.8/site-packages:${PYTHONPATH} /usr/bin/python3 setup.py egg_info --egg-base ../../build/localization build --build-base /ros2_ws/build/localization/build install --record /ros2_ws/build/localization/install.log --single-version-externally-managed
[0.811s] running egg_info
[0.812s] writing ../../build/localization/localization.egg-info/PKG-INFO
[0.815s] writing dependency_links to ../../build/localization/localization.egg-info/dependency_links.txt
[0.816s] writing entry points to ../../build/localization/localization.egg-info/entry_points.txt
[0.817s] writing requirements to ../../build/localization/localization.egg-info/requires.txt
[0.818s] writing top-level names to ../../build/localization/localization.egg-info/top_level.txt
[0.820s] reading manifest file '../../build/localization/localization.egg-info/SOURCES.txt'
[0.823s] writing manifest file '../../build/localization/localization.egg-info/SOURCES.txt'
[0.824s] running build
[0.827s] running install
[0.827s] running install_data
[0.828s] running install_egg_info
[0.828s] removing '/ros2_ws/install/localization/lib/python3.8/site-packages/localization-0.0.1-py3.8.egg-info' (and everything under it)
[0.828s] Copying ../../build/localization/localization.egg-info to /ros2_ws/install/localization/lib/python3.8/site-packages/localization-0.0.1-py3.8.egg-info
[0.838s] running install_scripts
[0.852s] Installing global_localization_node script to /ros2_ws/install/localization/lib/localization
[0.853s] Installing local_ekf_node script to /ros2_ws/install/localization/lib/localization
[0.853s] Installing localization_diagnostics_node script to /ros2_ws/install/localization/lib/localization
[0.856s] Installing map_origin_node script to /ros2_ws/install/localization/lib/localization
[0.856s] Installing raw_gps_node script to /ros2_ws/install/localization/lib/localization
[0.857s] writing list of installed files to '/ros2_ws/build/localization/install.log'
[0.870s] Invoked command in '/ros2_ws/src/localization' returned '0': AMENT_PREFIX_PATH=/ros2_ws/install/localization_msgs:${AMENT_PREFIX_PATH} CMAKE_PREFIX_PATH=/ros2_ws/install/localization_msgs LD_LIBRARY_PATH=/ros2_ws/install/localization_msgs/lib:${LD_LIBRARY_PATH} PYTHONPATH=/ros2_ws/build/localization/prefix_override:/ros2_ws/install/localization/lib/python3.8/site-packages:/ros2_ws/install/localization_msgs/lib/python3.8/site-packages:${PYTHONPATH} /usr/bin/python3 setup.py egg_info --egg-base ../../build/localization build --build-base /ros2_ws/build/localization/build install --record /ros2_ws/build/localization/install.log --single-version-externally-managed
