/home/usame/AU-Cengaver-Robotic/ros2_ws/install/fsm/lib/python3.8/site-packages/fsm/mode_manager.py
/home/usame/AU-Cengaver-Robotic/ros2_ws/install/fsm/lib/python3.8/site-packages/fsm/fsm_node.py
/home/usame/AU-Cengaver-Robotic/ros2_ws/install/fsm/lib/python3.8/site-packages/fsm/event_handler.py
/home/usame/AU-Cengaver-Robotic/ros2_ws/install/fsm/lib/python3.8/site-packages/fsm/__init__.py
/home/usame/AU-Cengaver-Robotic/ros2_ws/install/fsm/lib/python3.8/site-packages/fsm/watchdog.py
/home/usame/AU-Cengaver-Robotic/ros2_ws/install/fsm/lib/python3.8/site-packages/fsm/transition_rules.py
/home/usame/AU-Cengaver-Robotic/ros2_ws/install/fsm/lib/python3.8/site-packages/fsm/mission_state_manager.py
/home/usame/AU-Cengaver-Robotic/ros2_ws/install/fsm/lib/python3.8/site-packages/fsm/__pycache__/mode_manager.cpython-38.pyc
/home/usame/AU-Cengaver-Robotic/ros2_ws/install/fsm/lib/python3.8/site-packages/fsm/__pycache__/fsm_node.cpython-38.pyc
/home/usame/AU-Cengaver-Robotic/ros2_ws/install/fsm/lib/python3.8/site-packages/fsm/__pycache__/event_handler.cpython-38.pyc
/home/usame/AU-Cengaver-Robotic/ros2_ws/install/fsm/lib/python3.8/site-packages/fsm/__pycache__/__init__.cpython-38.pyc
/home/usame/AU-Cengaver-Robotic/ros2_ws/install/fsm/lib/python3.8/site-packages/fsm/__pycache__/watchdog.cpython-38.pyc
/home/usame/AU-Cengaver-Robotic/ros2_ws/install/fsm/lib/python3.8/site-packages/fsm/__pycache__/transition_rules.cpython-38.pyc
/home/usame/AU-Cengaver-Robotic/ros2_ws/install/fsm/lib/python3.8/site-packages/fsm/__pycache__/mission_state_manager.cpython-38.pyc
/home/usame/AU-Cengaver-Robotic/ros2_ws/install/fsm/share/ament_index/resource_index/packages/fsm
/home/usame/AU-Cengaver-Robotic/ros2_ws/install/fsm/share/fsm/package.xml
/home/usame/AU-Cengaver-Robotic/ros2_ws/install/fsm/share/fsm/launch/fsm.launch.py
/home/usame/AU-Cengaver-Robotic/ros2_ws/install/fsm/lib/python3.8/site-packages/fsm-1.0.0-py3.8.egg-info/dependency_links.txt
/home/usame/AU-Cengaver-Robotic/ros2_ws/install/fsm/lib/python3.8/site-packages/fsm-1.0.0-py3.8.egg-info/entry_points.txt
/home/usame/AU-Cengaver-Robotic/ros2_ws/install/fsm/lib/python3.8/site-packages/fsm-1.0.0-py3.8.egg-info/requires.txt
/home/usame/AU-Cengaver-Robotic/ros2_ws/install/fsm/lib/python3.8/site-packages/fsm-1.0.0-py3.8.egg-info/top_level.txt
/home/usame/AU-Cengaver-Robotic/ros2_ws/install/fsm/lib/python3.8/site-packages/fsm-1.0.0-py3.8.egg-info/SOURCES.txt
/home/usame/AU-Cengaver-Robotic/ros2_ws/install/fsm/lib/python3.8/site-packages/fsm-1.0.0-py3.8.egg-info/zip-safe
/home/usame/AU-Cengaver-Robotic/ros2_ws/install/fsm/lib/python3.8/site-packages/fsm-1.0.0-py3.8.egg-info/PKG-INFO
/home/usame/AU-Cengaver-Robotic/ros2_ws/install/fsm/lib/fsm/fsm_node
