[0.685s] Invoking command in '/ros2_ws/src/controller': CMAKE_PREFIX_PATH=/ros2_ws/install/planning_msgs:/ros2_ws/install/fsm_msgs:/ros2_ws/install/common_msgs:/ros2_ws/install/perception_msgs:/ros2_ws/install/localization_msgs LD_LIBRARY_PATH=/ros2_ws/install/planning_msgs/lib:/ros2_ws/install/fsm_msgs/lib:/ros2_ws/install/common_msgs/lib:/ros2_ws/install/perception_msgs/lib:/ros2_ws/install/localization_msgs/lib:/opt/ros/foxy/opt/yaml_cpp_vendor/lib:/opt/ros/foxy/opt/rviz_ogre_vendor/lib:/opt/ros/foxy/lib/x86_64-linux-gnu:/opt/ros/foxy/lib PYTHONPATH=/ros2_ws/build/cengaver_controller/prefix_override:/ros2_ws/install/cengaver_controller/lib/python3.8/site-packages:/ros2_ws/install/planning_msgs/lib/python3.8/site-packages:/ros2_ws/install/fsm_msgs/lib/python3.8/site-packages:/ros2_ws/install/common_msgs/lib/python3.8/site-packages:/ros2_ws/install/planning/lib/python3.8/site-packages:/ros2_ws/install/perception/lib/python3.8/site-packages:/ros2_ws/install/fsm/lib/python3.8/site-packages:/ros2_ws/install/cengaver_controller/lib/python3.8/site-packages:/ros2_ws/install/perception_msgs/lib/python3.8/site-packages:/ros2_ws/install/localization/lib/python3.8/site-packages:/ros2_ws/install/localization_msgs/lib/python3.8/site-packages:/opt/ros/foxy/lib/python3.8/site-packages /usr/bin/python3 setup.py egg_info --egg-base ../../build/cengaver_controller build --build-base /ros2_ws/build/cengaver_controller/build install --record /ros2_ws/build/cengaver_controller/install.log --single-version-externally-managed
[0.875s] running egg_info
[0.876s] writing ../../build/cengaver_controller/cengaver_controller.egg-info/PKG-INFO
[0.877s] writing dependency_links to ../../build/cengaver_controller/cengaver_controller.egg-info/dependency_links.txt
[0.877s] writing entry points to ../../build/cengaver_controller/cengaver_controller.egg-info/entry_points.txt
[0.878s] writing requirements to ../../build/cengaver_controller/cengaver_controller.egg-info/requires.txt
[0.878s] writing top-level names to ../../build/cengaver_controller/cengaver_controller.egg-info/top_level.txt
[0.899s] reading manifest file '../../build/cengaver_controller/cengaver_controller.egg-info/SOURCES.txt'
[0.901s] writing manifest file '../../build/cengaver_controller/cengaver_controller.egg-info/SOURCES.txt'
[0.902s] running build
[0.902s] running build_py
[0.902s] creating /ros2_ws/build/cengaver_controller/build/lib/cengaver_controller
[0.903s] copying cengaver_controller/can_interface.py -> /ros2_ws/build/cengaver_controller/build/lib/cengaver_controller
[0.904s] copying cengaver_controller/__init__.py -> /ros2_ws/build/cengaver_controller/build/lib/cengaver_controller
[0.904s] copying cengaver_controller/ackermann_model.py -> /ros2_ws/build/cengaver_controller/build/lib/cengaver_controller
[0.905s] copying cengaver_controller/stanley_controller.py -> /ros2_ws/build/cengaver_controller/build/lib/cengaver_controller
[0.906s] copying cengaver_controller/pure_pursuit.py -> /ros2_ws/build/cengaver_controller/build/lib/cengaver_controller
[0.907s] copying cengaver_controller/speed_controller.py -> /ros2_ws/build/cengaver_controller/build/lib/cengaver_controller
[0.908s] copying cengaver_controller/controller_feedback_node.py -> /ros2_ws/build/cengaver_controller/build/lib/cengaver_controller
[0.908s] copying cengaver_controller/controller_node.py -> /ros2_ws/build/cengaver_controller/build/lib/cengaver_controller
[0.910s] running install
[0.910s] running install_lib
[0.911s] creating /ros2_ws/install/cengaver_controller/lib/python3.8/site-packages/cengaver_controller
[0.911s] copying /ros2_ws/build/cengaver_controller/build/lib/cengaver_controller/can_interface.py -> /ros2_ws/install/cengaver_controller/lib/python3.8/site-packages/cengaver_controller
[0.912s] copying /ros2_ws/build/cengaver_controller/build/lib/cengaver_controller/__init__.py -> /ros2_ws/install/cengaver_controller/lib/python3.8/site-packages/cengaver_controller
[0.913s] copying /ros2_ws/build/cengaver_controller/build/lib/cengaver_controller/ackermann_model.py -> /ros2_ws/install/cengaver_controller/lib/python3.8/site-packages/cengaver_controller
[0.914s] copying /ros2_ws/build/cengaver_controller/build/lib/cengaver_controller/stanley_controller.py -> /ros2_ws/install/cengaver_controller/lib/python3.8/site-packages/cengaver_controller
[0.915s] copying /ros2_ws/build/cengaver_controller/build/lib/cengaver_controller/pure_pursuit.py -> /ros2_ws/install/cengaver_controller/lib/python3.8/site-packages/cengaver_controller
[0.916s] copying /ros2_ws/build/cengaver_controller/build/lib/cengaver_controller/speed_controller.py -> /ros2_ws/install/cengaver_controller/lib/python3.8/site-packages/cengaver_controller
[0.917s] copying /ros2_ws/build/cengaver_controller/build/lib/cengaver_controller/controller_feedback_node.py -> /ros2_ws/install/cengaver_controller/lib/python3.8/site-packages/cengaver_controller
[0.918s] copying /ros2_ws/build/cengaver_controller/build/lib/cengaver_controller/controller_node.py -> /ros2_ws/install/cengaver_controller/lib/python3.8/site-packages/cengaver_controller
[0.922s] byte-compiling /ros2_ws/install/cengaver_controller/lib/python3.8/site-packages/cengaver_controller/can_interface.py to can_interface.cpython-38.pyc
[0.928s] byte-compiling /ros2_ws/install/cengaver_controller/lib/python3.8/site-packages/cengaver_controller/__init__.py to __init__.cpython-38.pyc
[0.929s] byte-compiling /ros2_ws/install/cengaver_controller/lib/python3.8/site-packages/cengaver_controller/ackermann_model.py to ackermann_model.cpython-38.pyc
[0.930s] byte-compiling /ros2_ws/install/cengaver_controller/lib/python3.8/site-packages/cengaver_controller/stanley_controller.py to stanley_controller.cpython-38.pyc
[0.933s] byte-compiling /ros2_ws/install/cengaver_controller/lib/python3.8/site-packages/cengaver_controller/pure_pursuit.py to pure_pursuit.cpython-38.pyc
[0.935s] byte-compiling /ros2_ws/install/cengaver_controller/lib/python3.8/site-packages/cengaver_controller/speed_controller.py to speed_controller.cpython-38.pyc
[0.936s] byte-compiling /ros2_ws/install/cengaver_controller/lib/python3.8/site-packages/cengaver_controller/controller_feedback_node.py to controller_feedback_node.cpython-38.pyc
[0.939s] byte-compiling /ros2_ws/install/cengaver_controller/lib/python3.8/site-packages/cengaver_controller/controller_node.py to controller_node.cpython-38.pyc
[0.940s] running install_data
[0.941s] running install_egg_info
[0.942s] removing '/ros2_ws/install/cengaver_controller/lib/python3.8/site-packages/cengaver_controller-1.0.0-py3.8.egg-info' (and everything under it)
[0.944s] Copying ../../build/cengaver_controller/cengaver_controller.egg-info to /ros2_ws/install/cengaver_controller/lib/python3.8/site-packages/cengaver_controller-1.0.0-py3.8.egg-info
[0.950s] running install_scripts
[0.964s] Installing controller_feedback_node script to /ros2_ws/install/cengaver_controller/lib/cengaver_controller
[0.964s] Installing controller_node script to /ros2_ws/install/cengaver_controller/lib/cengaver_controller
[0.966s] writing list of installed files to '/ros2_ws/build/cengaver_controller/install.log'
[0.980s] Invoked command in '/ros2_ws/src/controller' returned '0': CMAKE_PREFIX_PATH=/ros2_ws/install/planning_msgs:/ros2_ws/install/fsm_msgs:/ros2_ws/install/common_msgs:/ros2_ws/install/perception_msgs:/ros2_ws/install/localization_msgs LD_LIBRARY_PATH=/ros2_ws/install/planning_msgs/lib:/ros2_ws/install/fsm_msgs/lib:/ros2_ws/install/common_msgs/lib:/ros2_ws/install/perception_msgs/lib:/ros2_ws/install/localization_msgs/lib:/opt/ros/foxy/opt/yaml_cpp_vendor/lib:/opt/ros/foxy/opt/rviz_ogre_vendor/lib:/opt/ros/foxy/lib/x86_64-linux-gnu:/opt/ros/foxy/lib PYTHONPATH=/ros2_ws/build/cengaver_controller/prefix_override:/ros2_ws/install/cengaver_controller/lib/python3.8/site-packages:/ros2_ws/install/planning_msgs/lib/python3.8/site-packages:/ros2_ws/install/fsm_msgs/lib/python3.8/site-packages:/ros2_ws/install/common_msgs/lib/python3.8/site-packages:/ros2_ws/install/planning/lib/python3.8/site-packages:/ros2_ws/install/perception/lib/python3.8/site-packages:/ros2_ws/install/fsm/lib/python3.8/site-packages:/ros2_ws/install/cengaver_controller/lib/python3.8/site-packages:/ros2_ws/install/perception_msgs/lib/python3.8/site-packages:/ros2_ws/install/localization/lib/python3.8/site-packages:/ros2_ws/install/localization_msgs/lib/python3.8/site-packages:/opt/ros/foxy/lib/python3.8/site-packages /usr/bin/python3 setup.py egg_info --egg-base ../../build/cengaver_controller build --build-base /ros2_ws/build/cengaver_controller/build install --record /ros2_ws/build/cengaver_controller/install.log --single-version-externally-managed
