[0.698s] Invoking command in '/ros2_ws/src/planning': PYTHONPATH=/ros2_ws/build/planning/prefix_override:/ros2_ws/install/planning/lib/python3.8/site-packages:/ros2_ws/install/planning_msgs/lib/python3.8/site-packages:/ros2_ws/install/perception_msgs/lib/python3.8/site-packages:/ros2_ws/install/localization_msgs/lib/python3.8/site-packages:/ros2_ws/install/fsm_msgs/lib/python3.8/site-packages:/ros2_ws/install/common_msgs/lib/python3.8/site-packages:/ros2_ws/install/planning/lib/python3.8/site-packages:/ros2_ws/install/perception/lib/python3.8/site-packages:/ros2_ws/install/fsm/lib/python3.8/site-packages:/ros2_ws/install/cengaver_controller/lib/python3.8/site-packages:/ros2_ws/install/localization/lib/python3.8/site-packages:/opt/ros/foxy/lib/python3.8/site-packages /usr/bin/python3 setup.py egg_info --egg-base ../../build/planning build --build-base /ros2_ws/build/planning/build install --record /ros2_ws/build/planning/install.log --single-version-externally-managed
[0.877s] running egg_info
[0.878s] writing ../../build/planning/planning.egg-info/PKG-INFO
[0.878s] writing dependency_links to ../../build/planning/planning.egg-info/dependency_links.txt
[0.879s] writing entry points to ../../build/planning/planning.egg-info/entry_points.txt
[0.879s] writing requirements to ../../build/planning/planning.egg-info/requires.txt
[0.880s] writing top-level names to ../../build/planning/planning.egg-info/top_level.txt
[0.900s] reading manifest file '../../build/planning/planning.egg-info/SOURCES.txt'
[0.901s] writing manifest file '../../build/planning/planning.egg-info/SOURCES.txt'
[0.902s] running build
[0.903s] running build_py
[0.904s] running install
[0.904s] running install_lib
[0.905s] running install_data
[0.905s] running install_egg_info
[0.906s] removing '/ros2_ws/install/planning/lib/python3.8/site-packages/planning-0.0.1-py3.8.egg-info' (and everything under it)
[0.907s] Copying ../../build/planning/planning.egg-info to /ros2_ws/install/planning/lib/python3.8/site-packages/planning-0.0.1-py3.8.egg-info
[0.915s] running install_scripts
[0.927s] Installing planner_node script to /ros2_ws/install/planning/lib/planning
[0.931s] writing list of installed files to '/ros2_ws/build/planning/install.log'
[0.941s] Invoked command in '/ros2_ws/src/planning' returned '0': PYTHONPATH=/ros2_ws/build/planning/prefix_override:/ros2_ws/install/planning/lib/python3.8/site-packages:/ros2_ws/install/planning_msgs/lib/python3.8/site-packages:/ros2_ws/install/perception_msgs/lib/python3.8/site-packages:/ros2_ws/install/localization_msgs/lib/python3.8/site-packages:/ros2_ws/install/fsm_msgs/lib/python3.8/site-packages:/ros2_ws/install/common_msgs/lib/python3.8/site-packages:/ros2_ws/install/planning/lib/python3.8/site-packages:/ros2_ws/install/perception/lib/python3.8/site-packages:/ros2_ws/install/fsm/lib/python3.8/site-packages:/ros2_ws/install/cengaver_controller/lib/python3.8/site-packages:/ros2_ws/install/localization/lib/python3.8/site-packages:/opt/ros/foxy/lib/python3.8/site-packages /usr/bin/python3 setup.py egg_info --egg-base ../../build/planning build --build-base /ros2_ws/build/planning/build install --record /ros2_ws/build/planning/install.log --single-version-externally-managed
