/home/usame/AU-Cengaver-Robotic/ros2_ws/install/fake_publishers/lib/python3.8/site-packages/fake_publishers/fake_localization.py
/home/usame/AU-Cengaver-Robotic/ros2_ws/install/fake_publishers/lib/python3.8/site-packages/fake_publishers/fake_controller_feedback.py
/home/usame/AU-Cengaver-Robotic/ros2_ws/install/fake_publishers/lib/python3.8/site-packages/fake_publishers/fake_perception.py
/home/usame/AU-Cengaver-Robotic/ros2_ws/install/fake_publishers/lib/python3.8/site-packages/fake_publishers/__init__.py
/home/usame/AU-Cengaver-Robotic/ros2_ws/install/fake_publishers/lib/python3.8/site-packages/fake_publishers/lane_follower.py
/home/usame/AU-Cengaver-Robotic/ros2_ws/install/fake_publishers/lib/python3.8/site-packages/fake_publishers/trajectory_to_cmdvel.py
/home/usame/AU-Cengaver-Robotic/ros2_ws/install/fake_publishers/lib/python3.8/site-packages/fake_publishers/__pycache__/fake_localization.cpython-38.pyc
/home/usame/AU-Cengaver-Robotic/ros2_ws/install/fake_publishers/lib/python3.8/site-packages/fake_publishers/__pycache__/fake_controller_feedback.cpython-38.pyc
/home/usame/AU-Cengaver-Robotic/ros2_ws/install/fake_publishers/lib/python3.8/site-packages/fake_publishers/__pycache__/fake_perception.cpython-38.pyc
/home/usame/AU-Cengaver-Robotic/ros2_ws/install/fake_publishers/lib/python3.8/site-packages/fake_publishers/__pycache__/__init__.cpython-38.pyc
/home/usame/AU-Cengaver-Robotic/ros2_ws/install/fake_publishers/lib/python3.8/site-packages/fake_publishers/__pycache__/lane_follower.cpython-38.pyc
/home/usame/AU-Cengaver-Robotic/ros2_ws/install/fake_publishers/lib/python3.8/site-packages/fake_publishers/__pycache__/trajectory_to_cmdvel.cpython-38.pyc
/home/usame/AU-Cengaver-Robotic/ros2_ws/install/fake_publishers/share/ament_index/resource_index/packages/fake_publishers
/home/usame/AU-Cengaver-Robotic/ros2_ws/install/fake_publishers/share/fake_publishers/package.xml
/home/usame/AU-Cengaver-Robotic/ros2_ws/install/fake_publishers/share/fake_publishers/launch/mvp_fake_system.launch.py
/home/usame/AU-Cengaver-Robotic/ros2_ws/install/fake_publishers/lib/python3.8/site-packages/fake_publishers-0.0.1-py3.8.egg-info/dependency_links.txt
/home/usame/AU-Cengaver-Robotic/ros2_ws/install/fake_publishers/lib/python3.8/site-packages/fake_publishers-0.0.1-py3.8.egg-info/entry_points.txt
/home/usame/AU-Cengaver-Robotic/ros2_ws/install/fake_publishers/lib/python3.8/site-packages/fake_publishers-0.0.1-py3.8.egg-info/requires.txt
/home/usame/AU-Cengaver-Robotic/ros2_ws/install/fake_publishers/lib/python3.8/site-packages/fake_publishers-0.0.1-py3.8.egg-info/top_level.txt
/home/usame/AU-Cengaver-Robotic/ros2_ws/install/fake_publishers/lib/python3.8/site-packages/fake_publishers-0.0.1-py3.8.egg-info/SOURCES.txt
/home/usame/AU-Cengaver-Robotic/ros2_ws/install/fake_publishers/lib/python3.8/site-packages/fake_publishers-0.0.1-py3.8.egg-info/zip-safe
/home/usame/AU-Cengaver-Robotic/ros2_ws/install/fake_publishers/lib/python3.8/site-packages/fake_publishers-0.0.1-py3.8.egg-info/PKG-INFO
/home/usame/AU-Cengaver-Robotic/ros2_ws/install/fake_publishers/lib/fake_publishers/fake_controller_feedback
/home/usame/AU-Cengaver-Robotic/ros2_ws/install/fake_publishers/lib/fake_publishers/fake_localization
/home/usame/AU-Cengaver-Robotic/ros2_ws/install/fake_publishers/lib/fake_publishers/fake_perception
/home/usame/AU-Cengaver-Robotic/ros2_ws/install/fake_publishers/lib/fake_publishers/lane_follower
/home/usame/AU-Cengaver-Robotic/ros2_ws/install/fake_publishers/lib/fake_publishers/trajectory_to_cmdvel
