[1.166s] Invoking command in '/ros2_ws/src/perception': AMENT_PREFIX_PATH=/ros2_ws/install/planning_msgs:/ros2_ws/install/perception_msgs:${AMENT_PREFIX_PATH} CMAKE_PREFIX_PATH=/ros2_ws/install/planning_msgs:/ros2_ws/install/perception_msgs LD_LIBRARY_PATH=/ros2_ws/install/planning_msgs/lib:/ros2_ws/install/perception_msgs/lib:${LD_LIBRARY_PATH} PYTHONPATH=/ros2_ws/build/perception/prefix_override:/ros2_ws/install/perception/lib/python3.8/site-packages:/ros2_ws/install/planning_msgs/lib/python3.8/site-packages:/ros2_ws/install/perception_msgs/lib/python3.8/site-packages:${PYTHONPATH} /usr/bin/python3 setup.py egg_info --egg-base ../../build/perception build --build-base /ros2_ws/build/perception/build install --record /ros2_ws/build/perception/install.log --single-version-externally-managed
[1.528s] running egg_info
[1.529s] writing ../../build/perception/perception.egg-info/PKG-INFO
[1.532s] writing dependency_links to ../../build/perception/perception.egg-info/dependency_links.txt
[1.533s] writing entry points to ../../build/perception/perception.egg-info/entry_points.txt
[1.538s] writing requirements to ../../build/perception/perception.egg-info/requires.txt
[1.540s] writing top-level names to ../../build/perception/perception.egg-info/top_level.txt
[1.615s] reading manifest file '../../build/perception/perception.egg-info/SOURCES.txt'
[1.628s] writing manifest file '../../build/perception/perception.egg-info/SOURCES.txt'
[1.630s] running build
[1.633s] running build_py
[1.642s] running install
[1.644s] running install_lib
[1.660s] running install_data
[1.662s] running install_egg_info
[1.663s] removing '/ros2_ws/install/perception/lib/python3.8/site-packages/perception-0.1.0-py3.8.egg-info' (and everything under it)
[1.669s] Copying ../../build/perception/perception.egg-info to /ros2_ws/install/perception/lib/python3.8/site-packages/perception-0.1.0-py3.8.egg-info
[1.692s] running install_scripts
[1.708s] Installing dummy_perception_publishers script to /ros2_ws/install/perception/lib/perception
[1.708s] Installing fake_image_pub script to /ros2_ws/install/perception/lib/perception
[1.709s] Installing fake_lane_image_pub script to /ros2_ws/install/perception/lib/perception
[1.709s] Installing fake_pointcloud_pub script to /ros2_ws/install/perception/lib/perception
[1.710s] Installing fake_route_context_pub script to /ros2_ws/install/perception/lib/perception
[1.710s] Installing fake_traffic_light_state_pub script to /ros2_ws/install/perception/lib/perception
[1.712s] Installing junction_node script to /ros2_ws/install/perception/lib/perception
[1.712s] Installing lane_node script to /ros2_ws/install/perception/lib/perception
[1.713s] Installing lidar_obstacle_node script to /ros2_ws/install/perception/lib/perception
[1.715s] Installing perception_diagnostics_node script to /ros2_ws/install/perception/lib/perception
[1.715s] Installing stop_target_node script to /ros2_ws/install/perception/lib/perception
[1.716s] Installing traffic_light_node script to /ros2_ws/install/perception/lib/perception
[1.716s] Installing traffic_sign_node script to /ros2_ws/install/perception/lib/perception
[1.722s] writing list of installed files to '/ros2_ws/build/perception/install.log'
