[  1%] Built target planning_msgs__cpp
[ 12%] Built target planning_msgs__rosidl_generator_c
[ 24%] Built target planning_msgs__rosidl_typesupport_fastrtps_cpp
[ 55%] Built target planning_msgs__rosidl_typesupport_introspection_cpp
[ 55%] Built target planning_msgs__rosidl_typesupport_c
[ 58%] Built target planning_msgs__rosidl_typesupport_cpp
[ 70%] Built target planning_msgs__rosidl_typesupport_introspection_c
[ 82%] Built target planning_msgs__rosidl_typesupport_fastrtps_c
[ 82%] Built target planning_msgs
[ 83%] Built target planning_msgs__py
[ 93%] Built target planning_msgs__python
[ 95%] Built target planning_msgs__rosidl_typesupport_c__pyext
[ 97%] Built target planning_msgs__rosidl_typesupport_introspection_c__pyext
[100%] Built target planning_msgs__rosidl_typesupport_fastrtps_c__pyext
-- Install configuration: ""
-- Installing: /ros2_ws/install/planning_msgs/share/ament_index/resource_index/rosidl_interfaces/planning_msgs
-- Installing: /ros2_ws/install/planning_msgs/include/planning_msgs
-- Installing: /ros2_ws/install/planning_msgs/include/planning_msgs/msg
-- Installing: /ros2_ws/install/planning_msgs/include/planning_msgs/msg/planning_status.h
-- Installing: /ros2_ws/install/planning_msgs/include/planning_msgs/msg/rosidl_generator_c__visibility_control.h
-- Installing: /ros2_ws/install/planning_msgs/include/planning_msgs/msg/active_route_context.h
-- Installing: /ros2_ws/install/planning_msgs/include/planning_msgs/msg/target_speed.h
-- Installing: /ros2_ws/install/planning_msgs/include/planning_msgs/msg/trajectory_point.h
-- Installing: /ros2_ws/install/planning_msgs/include/planning_msgs/msg/trajectory.h
-- Installing: /ros2_ws/install/planning_msgs/include/planning_msgs/msg/fsm_request.h
-- Installing: /ros2_ws/install/planning_msgs/include/planning_msgs/msg/detail
-- Installing: /ros2_ws/install/planning_msgs/include/planning_msgs/msg/detail/fsm_request__type_support.h
-- Installing: /ros2_ws/install/planning_msgs/include/planning_msgs/msg/detail/controller_feedback__functions.h
-- Installing: /ros2_ws/install/planning_msgs/include/planning_msgs/msg/detail/active_route_context__struct.h
-- Installing: /ros2_ws/install/planning_msgs/include/planning_msgs/msg/detail/target_speed__struct.h
-- Installing: /ros2_ws/install/planning_msgs/include/planning_msgs/msg/detail/active_route_context__type_support.h
-- Installing: /ros2_ws/install/planning_msgs/include/planning_msgs/msg/detail/planning_status__struct.h
-- Installing: /ros2_ws/install/planning_msgs/include/planning_msgs/msg/detail/trajectory_point__type_support.h
-- Installing: /ros2_ws/install/planning_msgs/include/planning_msgs/msg/detail/active_route_context__functions.h
-- Installing: /ros2_ws/install/planning_msgs/include/planning_msgs/msg/detail/fsm_request__functions.c
-- Installing: /ros2_ws/install/planning_msgs/include/planning_msgs/msg/detail/goal_reached__type_support.h
-- Installing: /ros2_ws/install/planning_msgs/include/planning_msgs/msg/detail/goal_reached__functions.c
-- Installing: /ros2_ws/install/planning_msgs/include/planning_msgs/msg/detail/planning_status__functions.h
-- Installing: /ros2_ws/install/planning_msgs/include/planning_msgs/msg/detail/planning_status__type_support.h
-- Installing: /ros2_ws/install/planning_msgs/include/planning_msgs/msg/detail/trajectory_point__struct.h
-- Installing: /ros2_ws/install/planning_msgs/include/planning_msgs/msg/detail/trajectory__functions.c
-- Installing: /ros2_ws/install/planning_msgs/include/planning_msgs/msg/detail/target_speed__functions.c
-- Installing: /ros2_ws/install/planning_msgs/include/planning_msgs/msg/detail/park_complete__functions.c
-- Installing: /ros2_ws/install/planning_msgs/include/planning_msgs/msg/detail/goal_reached__struct.h
-- Installing: /ros2_ws/install/planning_msgs/include/planning_msgs/msg/detail/trajectory_point__functions.h
-- Installing: /ros2_ws/install/planning_msgs/include/planning_msgs/msg/detail/controller_feedback__struct.h
-- Installing: /ros2_ws/install/planning_msgs/include/planning_msgs/msg/detail/park_complete__type_support.h
-- Installing: /ros2_ws/install/planning_msgs/include/planning_msgs/msg/detail/trajectory__struct.h
-- Installing: /ros2_ws/install/planning_msgs/include/planning_msgs/msg/detail/controller_feedback__type_support.h
-- Installing: /ros2_ws/install/planning_msgs/include/planning_msgs/msg/detail/fsm_request__struct.h
-- Installing: /ros2_ws/install/planning_msgs/include/planning_msgs/msg/detail/controller_feedback__functions.c
-- Installing: /ros2_ws/install/planning_msgs/include/planning_msgs/msg/detail/goal_reached__functions.h
-- Installing: /ros2_ws/install/planning_msgs/include/planning_msgs/msg/detail/planning_status__functions.c
-- Installing: /ros2_ws/install/planning_msgs/include/planning_msgs/msg/detail/fsm_request__functions.h
-- Installing: /ros2_ws/install/planning_msgs/include/planning_msgs/msg/detail/active_route_context__functions.c
-- Installing: /ros2_ws/install/planning_msgs/include/planning_msgs/msg/detail/park_complete__struct.h
-- Installing: /ros2_ws/install/planning_msgs/include/planning_msgs/msg/detail/target_speed__type_support.h
-- Installing: /ros2_ws/install/planning_msgs/include/planning_msgs/msg/detail/trajectory__type_support.h
-- Installing: /ros2_ws/install/planning_msgs/include/planning_msgs/msg/detail/trajectory_point__functions.c
-- Installing: /ros2_ws/install/planning_msgs/include/planning_msgs/msg/detail/target_speed__functions.h
-- Installing: /ros2_ws/install/planning_msgs/include/planning_msgs/msg/detail/park_complete__functions.h
-- Installing: /ros2_ws/install/planning_msgs/include/planning_msgs/msg/detail/trajectory__functions.h
-- Installing: /ros2_ws/install/planning_msgs/include/planning_msgs/msg/goal_reached.h
-- Installing: /ros2_ws/install/planning_msgs/include/planning_msgs/msg/controller_feedback.h
-- Installing: /ros2_ws/install/planning_msgs/include/planning_msgs/msg/park_complete.h
-- Installing: /ros2_ws/install/planning_msgs/share/planning_msgs/environment/library_path.sh
-- Installing: /ros2_ws/install/planning_msgs/share/planning_msgs/environment/library_path.dsv
-- Installing: /ros2_ws/install/planning_msgs/lib/libplanning_msgs__rosidl_generator_c.so
-- Set runtime path of "/ros2_ws/install/planning_msgs/lib/libplanning_msgs__rosidl_generator_c.so" to ""
-- Up-to-date: /ros2_ws/install/planning_msgs/include/planning_msgs
-- Up-to-date: /ros2_ws/install/planning_msgs/include/planning_msgs/msg
-- Up-to-date: /ros2_ws/install/planning_msgs/include/planning_msgs/msg/detail
-- Installing: /ros2_ws/install/planning_msgs/include/planning_msgs/msg/detail/trajectory_point__rosidl_typesupport_fastrtps_c.h
-- Installing: /ros2_ws/install/planning_msgs/include/planning_msgs/msg/detail/target_speed__rosidl_typesupport_fastrtps_c.h
-- Installing: /ros2_ws/install/planning_msgs/include/planning_msgs/msg/detail/fsm_request__rosidl_typesupport_fastrtps_c.h
-- Installing: /ros2_ws/install/planning_msgs/include/planning_msgs/msg/detail/goal_reached__rosidl_typesupport_fastrtps_c.h
-- Installing: /ros2_ws/install/planning_msgs/include/planning_msgs/msg/detail/trajectory__rosidl_typesupport_fastrtps_c.h
-- Installing: /ros2_ws/install/planning_msgs/include/planning_msgs/msg/detail/park_complete__rosidl_typesupport_fastrtps_c.h
-- Installing: /ros2_ws/install/planning_msgs/include/planning_msgs/msg/detail/controller_feedback__rosidl_typesupport_fastrtps_c.h
-- Installing: /ros2_ws/install/planning_msgs/include/planning_msgs/msg/detail/active_route_context__rosidl_typesupport_fastrtps_c.h
-- Installing: /ros2_ws/install/planning_msgs/include/planning_msgs/msg/detail/planning_status__rosidl_typesupport_fastrtps_c.h
-- Installing: /ros2_ws/install/planning_msgs/include/planning_msgs/msg/rosidl_typesupport_fastrtps_c__visibility_control.h
-- Installing: /ros2_ws/install/planning_msgs/lib/libplanning_msgs__rosidl_typesupport_fastrtps_c.so
-- Set runtime path of "/ros2_ws/install/planning_msgs/lib/libplanning_msgs__rosidl_typesupport_fastrtps_c.so" to ""
-- Up-to-date: /ros2_ws/install/planning_msgs/include/planning_msgs
-- Up-to-date: /ros2_ws/install/planning_msgs/include/planning_msgs/msg
-- Installing: /ros2_ws/install/planning_msgs/include/planning_msgs/msg/rosidl_typesupport_fastrtps_cpp__visibility_control.h
-- Up-to-date: /ros2_ws/install/planning_msgs/include/planning_msgs/msg/detail
-- Installing: /ros2_ws/install/planning_msgs/include/planning_msgs/msg/detail/active_route_context__rosidl_typesupport_fastrtps_cpp.hpp
-- Installing: /ros2_ws/install/planning_msgs/include/planning_msgs/msg/detail/trajectory_point__rosidl_typesupport_fastrtps_cpp.hpp
-- Installing: /ros2_ws/install/planning_msgs/include/planning_msgs/msg/detail/fsm_request__rosidl_typesupport_fastrtps_cpp.hpp
-- Installing: /ros2_ws/install/planning_msgs/include/planning_msgs/msg/detail/controller_feedback__rosidl_typesupport_fastrtps_cpp.hpp
-- Installing: /ros2_ws/install/planning_msgs/include/planning_msgs/msg/detail/planning_status__rosidl_typesupport_fastrtps_cpp.hpp
-- Installing: /ros2_ws/install/planning_msgs/include/planning_msgs/msg/detail/goal_reached__rosidl_typesupport_fastrtps_cpp.hpp
-- Installing: /ros2_ws/install/planning_msgs/include/planning_msgs/msg/detail/trajectory__rosidl_typesupport_fastrtps_cpp.hpp
-- Installing: /ros2_ws/install/planning_msgs/include/planning_msgs/msg/detail/park_complete__rosidl_typesupport_fastrtps_cpp.hpp
-- Installing: /ros2_ws/install/planning_msgs/include/planning_msgs/msg/detail/target_speed__rosidl_typesupport_fastrtps_cpp.hpp
-- Installing: /ros2_ws/install/planning_msgs/include/planning_msgs/msg/detail/dds_fastrtps
-- Installing: /ros2_ws/install/planning_msgs/lib/libplanning_msgs__rosidl_typesupport_fastrtps_cpp.so
-- Set runtime path of "/ros2_ws/install/planning_msgs/lib/libplanning_msgs__rosidl_typesupport_fastrtps_cpp.so" to ""
-- Up-to-date: /ros2_ws/install/planning_msgs/include/planning_msgs
-- Up-to-date: /ros2_ws/install/planning_msgs/include/planning_msgs/msg
-- Up-to-date: /ros2_ws/install/planning_msgs/include/planning_msgs/msg/detail
-- Installing: /ros2_ws/install/planning_msgs/include/planning_msgs/msg/detail/active_route_context__rosidl_typesupport_introspection_c.h
-- Installing: /ros2_ws/install/planning_msgs/include/planning_msgs/msg/detail/controller_feedback__type_support.c
-- Installing: /ros2_ws/install/planning_msgs/include/planning_msgs/msg/detail/goal_reached__rosidl_typesupport_introspection_c.h
-- Installing: /ros2_ws/install/planning_msgs/include/planning_msgs/msg/detail/trajectory__type_support.c
-- Installing: /ros2_ws/install/planning_msgs/include/planning_msgs/msg/detail/target_speed__type_support.c
-- Installing: /ros2_ws/install/planning_msgs/include/planning_msgs/msg/detail/active_route_context__type_support.c
-- Installing: /ros2_ws/install/planning_msgs/include/planning_msgs/msg/detail/fsm_request__type_support.c
-- Installing: /ros2_ws/install/planning_msgs/include/planning_msgs/msg/detail/goal_reached__type_support.c
-- Installing: /ros2_ws/install/planning_msgs/include/planning_msgs/msg/detail/target_speed__rosidl_typesupport_introspection_c.h
-- Installing: /ros2_ws/install/planning_msgs/include/planning_msgs/msg/detail/controller_feedback__rosidl_typesupport_introspection_c.h
-- Installing: /ros2_ws/install/planning_msgs/include/planning_msgs/msg/detail/trajectory_point__type_support.c
-- Installing: /ros2_ws/install/planning_msgs/include/planning_msgs/msg/detail/park_complete__rosidl_typesupport_introspection_c.h
-- Installing: /ros2_ws/install/planning_msgs/include/planning_msgs/msg/detail/planning_status__rosidl_typesupport_introspection_c.h
-- Installing: /ros2_ws/install/planning_msgs/include/planning_msgs/msg/detail/fsm_request__rosidl_typesupport_introspection_c.h
-- Installing: /ros2_ws/install/planning_msgs/include/planning_msgs/msg/detail/trajectory__rosidl_typesupport_introspection_c.h
-- Installing: /ros2_ws/install/planning_msgs/include/planning_msgs/msg/detail/planning_status__type_support.c
-- Installing: /ros2_ws/install/planning_msgs/include/planning_msgs/msg/detail/park_complete__type_support.c
-- Installing: /ros2_ws/install/planning_msgs/include/planning_msgs/msg/detail/trajectory_point__rosidl_typesupport_introspection_c.h
-- Installing: /ros2_ws/install/planning_msgs/include/planning_msgs/msg/rosidl_typesupport_introspection_c__visibility_control.h
-- Installing: /ros2_ws/install/planning_msgs/lib/libplanning_msgs__rosidl_typesupport_introspection_c.so
-- Set runtime path of "/ros2_ws/install/planning_msgs/lib/libplanning_msgs__rosidl_typesupport_introspection_c.so" to ""
-- Installing: /ros2_ws/install/planning_msgs/lib/libplanning_msgs__rosidl_typesupport_c.so
-- Set runtime path of "/ros2_ws/install/planning_msgs/lib/libplanning_msgs__rosidl_typesupport_c.so" to ""
-- Up-to-date: /ros2_ws/install/planning_msgs/include/planning_msgs
-- Up-to-date: /ros2_ws/install/planning_msgs/include/planning_msgs/msg
-- Installing: /ros2_ws/install/planning_msgs/include/planning_msgs/msg/fsm_request.hpp
-- Installing: /ros2_ws/install/planning_msgs/include/planning_msgs/msg/trajectory.hpp
-- Installing: /ros2_ws/install/planning_msgs/include/planning_msgs/msg/active_route_context.hpp
-- Installing: /ros2_ws/install/planning_msgs/include/planning_msgs/msg/trajectory_point.hpp
-- Installing: /ros2_ws/install/planning_msgs/include/planning_msgs/msg/goal_reached.hpp
-- Installing: /ros2_ws/install/planning_msgs/include/planning_msgs/msg/park_complete.hpp
-- Up-to-date: /ros2_ws/install/planning_msgs/include/planning_msgs/msg/detail
-- Installing: /ros2_ws/install/planning_msgs/include/planning_msgs/msg/detail/trajectory__traits.hpp
-- Installing: /ros2_ws/install/planning_msgs/include/planning_msgs/msg/detail/target_speed__builder.hpp
-- Installing: /ros2_ws/install/planning_msgs/include/planning_msgs/msg/detail/park_complete__builder.hpp
-- Installing: /ros2_ws/install/planning_msgs/include/planning_msgs/msg/detail/trajectory_point__traits.hpp
-- Installing: /ros2_ws/install/planning_msgs/include/planning_msgs/msg/detail/trajectory__builder.hpp
-- Installing: /ros2_ws/install/planning_msgs/include/planning_msgs/msg/detail/park_complete__traits.hpp
-- Installing: /ros2_ws/install/planning_msgs/include/planning_msgs/msg/detail/active_route_context__type_support.hpp
-- Installing: /ros2_ws/install/planning_msgs/include/planning_msgs/msg/detail/planning_status__type_support.hpp
-- Installing: /ros2_ws/install/planning_msgs/include/planning_msgs/msg/detail/controller_feedback__type_support.hpp
-- Installing: /ros2_ws/install/planning_msgs/include/planning_msgs/msg/detail/target_speed__struct.hpp
-- Installing: /ros2_ws/install/planning_msgs/include/planning_msgs/msg/detail/goal_reached__type_support.hpp
-- Installing: /ros2_ws/install/planning_msgs/include/planning_msgs/msg/detail/trajectory_point__type_support.hpp
-- Installing: /ros2_ws/install/planning_msgs/include/planning_msgs/msg/detail/target_speed__type_support.hpp
-- Installing: /ros2_ws/install/planning_msgs/include/planning_msgs/msg/detail/fsm_request__builder.hpp
-- Installing: /ros2_ws/install/planning_msgs/include/planning_msgs/msg/detail/goal_reached__builder.hpp
-- Installing: /ros2_ws/install/planning_msgs/include/planning_msgs/msg/detail/planning_status__traits.hpp
-- Installing: /ros2_ws/install/planning_msgs/include/planning_msgs/msg/detail/active_route_context__struct.hpp
-- Installing: /ros2_ws/install/planning_msgs/include/planning_msgs/msg/detail/goal_reached__traits.hpp
-- Installing: /ros2_ws/install/planning_msgs/include/planning_msgs/msg/detail/fsm_request__traits.hpp
-- Installing: /ros2_ws/install/planning_msgs/include/planning_msgs/msg/detail/controller_feedback__traits.hpp
-- Installing: /ros2_ws/install/planning_msgs/include/planning_msgs/msg/detail/trajectory_point__builder.hpp
-- Installing: /ros2_ws/install/planning_msgs/include/planning_msgs/msg/detail/park_complete__struct.hpp
-- Installing: /ros2_ws/install/planning_msgs/include/planning_msgs/msg/detail/trajectory__struct.hpp
-- Installing: /ros2_ws/install/planning_msgs/include/planning_msgs/msg/detail/trajectory_point__struct.hpp
-- Installing: /ros2_ws/install/planning_msgs/include/planning_msgs/msg/detail/target_speed__traits.hpp
-- Installing: /ros2_ws/install/planning_msgs/include/planning_msgs/msg/detail/planning_status__builder.hpp
-- Installing: /ros2_ws/install/planning_msgs/include/planning_msgs/msg/detail/active_route_context__builder.hpp
-- Installing: /ros2_ws/install/planning_msgs/include/planning_msgs/msg/detail/trajectory__type_support.hpp
-- Installing: /ros2_ws/install/planning_msgs/include/planning_msgs/msg/detail/fsm_request__type_support.hpp
-- Installing: /ros2_ws/install/planning_msgs/include/planning_msgs/msg/detail/controller_feedback__struct.hpp
-- Installing: /ros2_ws/install/planning_msgs/include/planning_msgs/msg/detail/fsm_request__struct.hpp
-- Installing: /ros2_ws/install/planning_msgs/include/planning_msgs/msg/detail/controller_feedback__builder.hpp
-- Installing: /ros2_ws/install/planning_msgs/include/planning_msgs/msg/detail/park_complete__type_support.hpp
-- Installing: /ros2_ws/install/planning_msgs/include/planning_msgs/msg/detail/planning_status__struct.hpp
-- Installing: /ros2_ws/install/planning_msgs/include/planning_msgs/msg/detail/active_route_context__traits.hpp
-- Installing: /ros2_ws/install/planning_msgs/include/planning_msgs/msg/detail/goal_reached__struct.hpp
-- Installing: /ros2_ws/install/planning_msgs/include/planning_msgs/msg/rosidl_generator_cpp__visibility_control.hpp
-- Installing: /ros2_ws/install/planning_msgs/include/planning_msgs/msg/planning_status.hpp
-- Installing: /ros2_ws/install/planning_msgs/include/planning_msgs/msg/target_speed.hpp
-- Installing: /ros2_ws/install/planning_msgs/include/planning_msgs/msg/controller_feedback.hpp
-- Up-to-date: /ros2_ws/install/planning_msgs/include/planning_msgs
-- Up-to-date: /ros2_ws/install/planning_msgs/include/planning_msgs/msg
-- Up-to-date: /ros2_ws/install/planning_msgs/include/planning_msgs/msg/detail
-- Installing: /ros2_ws/install/planning_msgs/include/planning_msgs/msg/detail/fsm_request__rosidl_typesupport_introspection_cpp.hpp
-- Installing: /ros2_ws/install/planning_msgs/include/planning_msgs/msg/detail/trajectory__type_support.cpp
-- Installing: /ros2_ws/install/planning_msgs/include/planning_msgs/msg/detail/controller_feedback__rosidl_typesupport_introspection_cpp.hpp
-- Installing: /ros2_ws/install/planning_msgs/include/planning_msgs/msg/detail/fsm_request__type_support.cpp
-- Installing: /ros2_ws/install/planning_msgs/include/planning_msgs/msg/detail/goal_reached__rosidl_typesupport_introspection_cpp.hpp
-- Installing: /ros2_ws/install/planning_msgs/include/planning_msgs/msg/detail/park_complete__type_support.cpp
-- Installing: /ros2_ws/install/planning_msgs/include/planning_msgs/msg/detail/target_speed__rosidl_typesupport_introspection_cpp.hpp
-- Installing: /ros2_ws/install/planning_msgs/include/planning_msgs/msg/detail/park_complete__rosidl_typesupport_introspection_cpp.hpp
-- Installing: /ros2_ws/install/planning_msgs/include/planning_msgs/msg/detail/planning_status__rosidl_typesupport_introspection_cpp.hpp
-- Installing: /ros2_ws/install/planning_msgs/include/planning_msgs/msg/detail/goal_reached__type_support.cpp
-- Installing: /ros2_ws/install/planning_msgs/include/planning_msgs/msg/detail/trajectory_point__type_support.cpp
-- Installing: /ros2_ws/install/planning_msgs/include/planning_msgs/msg/detail/target_speed__type_support.cpp
-- Installing: /ros2_ws/install/planning_msgs/include/planning_msgs/msg/detail/trajectory_point__rosidl_typesupport_introspection_cpp.hpp
-- Installing: /ros2_ws/install/planning_msgs/include/planning_msgs/msg/detail/planning_status__type_support.cpp
-- Installing: /ros2_ws/install/planning_msgs/include/planning_msgs/msg/detail/active_route_context__type_support.cpp
-- Installing: /ros2_ws/install/planning_msgs/include/planning_msgs/msg/detail/trajectory__rosidl_typesupport_introspection_cpp.hpp
-- Installing: /ros2_ws/install/planning_msgs/include/planning_msgs/msg/detail/controller_feedback__type_support.cpp
-- Installing: /ros2_ws/install/planning_msgs/include/planning_msgs/msg/detail/active_route_context__rosidl_typesupport_introspection_cpp.hpp
-- Installing: /ros2_ws/install/planning_msgs/lib/libplanning_msgs__rosidl_typesupport_introspection_cpp.so
-- Set runtime path of "/ros2_ws/install/planning_msgs/lib/libplanning_msgs__rosidl_typesupport_introspection_cpp.so" to ""
-- Installing: /ros2_ws/install/planning_msgs/lib/libplanning_msgs__rosidl_typesupport_cpp.so
-- Set runtime path of "/ros2_ws/install/planning_msgs/lib/libplanning_msgs__rosidl_typesupport_cpp.so" to ""
-- Installing: /ros2_ws/install/planning_msgs/share/planning_msgs/environment/pythonpath.sh
-- Installing: /ros2_ws/install/planning_msgs/share/planning_msgs/environment/pythonpath.dsv
-- Installing: /ros2_ws/install/planning_msgs/lib/python3.8/site-packages/planning_msgs/__init__.py
Compiling '/ros2_ws/install/planning_msgs/lib/python3.8/site-packages/planning_msgs/__init__.py'...
-- Installing: /ros2_ws/install/planning_msgs/lib/python3.8/site-packages/planning_msgs/msg
-- Installing: /ros2_ws/install/planning_msgs/lib/python3.8/site-packages/planning_msgs/msg/_trajectory_point_s.c
-- Installing: /ros2_ws/install/planning_msgs/lib/python3.8/site-packages/planning_msgs/msg/_trajectory.py
-- Installing: /ros2_ws/install/planning_msgs/lib/python3.8/site-packages/planning_msgs/msg/_trajectory_s.c
-- Installing: /ros2_ws/install/planning_msgs/lib/python3.8/site-packages/planning_msgs/msg/_target_speed.py
-- Installing: /ros2_ws/install/planning_msgs/lib/python3.8/site-packages/planning_msgs/msg/_target_speed_s.c
-- Installing: /ros2_ws/install/planning_msgs/lib/python3.8/site-packages/planning_msgs/msg/_park_complete.py
-- Installing: /ros2_ws/install/planning_msgs/lib/python3.8/site-packages/planning_msgs/msg/_trajectory_point.py
-- Installing: /ros2_ws/install/planning_msgs/lib/python3.8/site-packages/planning_msgs/msg/__init__.py
-- Installing: /ros2_ws/install/planning_msgs/lib/python3.8/site-packages/planning_msgs/msg/_goal_reached.py
-- Installing: /ros2_ws/install/planning_msgs/lib/python3.8/site-packages/planning_msgs/msg/_goal_reached_s.c
-- Installing: /ros2_ws/install/planning_msgs/lib/python3.8/site-packages/planning_msgs/msg/_park_complete_s.c
-- Installing: /ros2_ws/install/planning_msgs/lib/python3.8/site-packages/planning_msgs/msg/_fsm_request_s.c
-- Installing: /ros2_ws/install/planning_msgs/lib/python3.8/site-packages/planning_msgs/msg/_fsm_request.py
-- Installing: /ros2_ws/install/planning_msgs/lib/python3.8/site-packages/planning_msgs/msg/_controller_feedback_s.c
-- Installing: /ros2_ws/install/planning_msgs/lib/python3.8/site-packages/planning_msgs/msg/_active_route_context_s.c
-- Installing: /ros2_ws/install/planning_msgs/lib/python3.8/site-packages/planning_msgs/msg/_planning_status_s.c
-- Installing: /ros2_ws/install/planning_msgs/lib/python3.8/site-packages/planning_msgs/msg/_controller_feedback.py
-- Installing: /ros2_ws/install/planning_msgs/lib/python3.8/site-packages/planning_msgs/msg/_active_route_context.py
-- Installing: /ros2_ws/install/planning_msgs/lib/python3.8/site-packages/planning_msgs/msg/_planning_status.py
-- Installing: /ros2_ws/install/planning_msgs/lib/python3.8/site-packages/planning_msgs/planning_msgs_s__rosidl_typesupport_fastrtps_c.cpython-38-x86_64-linux-gnu.so
-- Set runtime path of "/ros2_ws/install/planning_msgs/lib/python3.8/site-packages/planning_msgs/planning_msgs_s__rosidl_typesupport_fastrtps_c.cpython-38-x86_64-linux-gnu.so" to ""
-- Installing: /ros2_ws/install/planning_msgs/lib/python3.8/site-packages/planning_msgs/planning_msgs_s__rosidl_typesupport_introspection_c.cpython-38-x86_64-linux-gnu.so
-- Set runtime path of "/ros2_ws/install/planning_msgs/lib/python3.8/site-packages/planning_msgs/planning_msgs_s__rosidl_typesupport_introspection_c.cpython-38-x86_64-linux-gnu.so" to ""
-- Installing: /ros2_ws/install/planning_msgs/lib/python3.8/site-packages/planning_msgs/planning_msgs_s__rosidl_typesupport_c.cpython-38-x86_64-linux-gnu.so
-- Set runtime path of "/ros2_ws/install/planning_msgs/lib/python3.8/site-packages/planning_msgs/planning_msgs_s__rosidl_typesupport_c.cpython-38-x86_64-linux-gnu.so" to ""
-- Installing: /ros2_ws/install/planning_msgs/lib/libplanning_msgs__python.so
-- Set runtime path of "/ros2_ws/install/planning_msgs/lib/libplanning_msgs__python.so" to ""
-- Installing: /ros2_ws/install/planning_msgs/share/planning_msgs/msg/TrajectoryPoint.idl
-- Installing: /ros2_ws/install/planning_msgs/share/planning_msgs/msg/Trajectory.idl
-- Installing: /ros2_ws/install/planning_msgs/share/planning_msgs/msg/TargetSpeed.idl
-- Installing: /ros2_ws/install/planning_msgs/share/planning_msgs/msg/PlanningStatus.idl
-- Installing: /ros2_ws/install/planning_msgs/share/planning_msgs/msg/ActiveRouteContext.idl
-- Installing: /ros2_ws/install/planning_msgs/share/planning_msgs/msg/GoalReached.idl
-- Installing: /ros2_ws/install/planning_msgs/share/planning_msgs/msg/ParkComplete.idl
-- Installing: /ros2_ws/install/planning_msgs/share/planning_msgs/msg/ControllerFeedback.idl
-- Installing: /ros2_ws/install/planning_msgs/share/planning_msgs/msg/FSMRequest.idl
-- Installing: /ros2_ws/install/planning_msgs/share/planning_msgs/msg/TrajectoryPoint.msg
-- Installing: /ros2_ws/install/planning_msgs/share/planning_msgs/msg/Trajectory.msg
-- Installing: /ros2_ws/install/planning_msgs/share/planning_msgs/msg/TargetSpeed.msg
-- Installing: /ros2_ws/install/planning_msgs/share/planning_msgs/msg/PlanningStatus.msg
-- Installing: /ros2_ws/install/planning_msgs/share/planning_msgs/msg/ActiveRouteContext.msg
-- Installing: /ros2_ws/install/planning_msgs/share/planning_msgs/msg/GoalReached.msg
-- Installing: /ros2_ws/install/planning_msgs/share/planning_msgs/msg/ParkComplete.msg
-- Installing: /ros2_ws/install/planning_msgs/share/planning_msgs/msg/ControllerFeedback.msg
-- Installing: /ros2_ws/install/planning_msgs/share/planning_msgs/msg/FSMRequest.msg
-- Installing: /ros2_ws/install/planning_msgs/share/ament_index/resource_index/package_run_dependencies/planning_msgs
-- Installing: /ros2_ws/install/planning_msgs/share/ament_index/resource_index/parent_prefix_path/planning_msgs
-- Installing: /ros2_ws/install/planning_msgs/share/planning_msgs/environment/ament_prefix_path.sh
-- Installing: /ros2_ws/install/planning_msgs/share/planning_msgs/environment/ament_prefix_path.dsv
-- Installing: /ros2_ws/install/planning_msgs/share/planning_msgs/environment/path.sh
-- Installing: /ros2_ws/install/planning_msgs/share/planning_msgs/environment/path.dsv
-- Installing: /ros2_ws/install/planning_msgs/share/planning_msgs/local_setup.bash
-- Installing: /ros2_ws/install/planning_msgs/share/planning_msgs/local_setup.sh
-- Installing: /ros2_ws/install/planning_msgs/share/planning_msgs/local_setup.zsh
-- Installing: /ros2_ws/install/planning_msgs/share/planning_msgs/local_setup.dsv
-- Installing: /ros2_ws/install/planning_msgs/share/planning_msgs/package.dsv
-- Installing: /ros2_ws/install/planning_msgs/share/ament_index/resource_index/packages/planning_msgs
-- Installing: /ros2_ws/install/planning_msgs/share/planning_msgs/cmake/planning_msgs__rosidl_generator_cExport.cmake
-- Installing: /ros2_ws/install/planning_msgs/share/planning_msgs/cmake/planning_msgs__rosidl_generator_cExport-noconfig.cmake
-- Installing: /ros2_ws/install/planning_msgs/share/planning_msgs/cmake/planning_msgs__rosidl_typesupport_introspection_cExport.cmake
-- Installing: /ros2_ws/install/planning_msgs/share/planning_msgs/cmake/planning_msgs__rosidl_typesupport_introspection_cExport-noconfig.cmake
-- Installing: /ros2_ws/install/planning_msgs/share/planning_msgs/cmake/planning_msgs__rosidl_typesupport_cExport.cmake
-- Installing: /ros2_ws/install/planning_msgs/share/planning_msgs/cmake/planning_msgs__rosidl_typesupport_cExport-noconfig.cmake
-- Installing: /ros2_ws/install/planning_msgs/share/planning_msgs/cmake/planning_msgs__rosidl_generator_cppExport.cmake
-- Installing: /ros2_ws/install/planning_msgs/share/planning_msgs/cmake/planning_msgs__rosidl_typesupport_introspection_cppExport.cmake
-- Installing: /ros2_ws/install/planning_msgs/share/planning_msgs/cmake/planning_msgs__rosidl_typesupport_introspection_cppExport-noconfig.cmake
-- Installing: /ros2_ws/install/planning_msgs/share/planning_msgs/cmake/planning_msgs__rosidl_typesupport_cppExport.cmake
-- Installing: /ros2_ws/install/planning_msgs/share/planning_msgs/cmake/planning_msgs__rosidl_typesupport_cppExport-noconfig.cmake
-- Installing: /ros2_ws/install/planning_msgs/share/planning_msgs/cmake/rosidl_cmake-extras.cmake
-- Installing: /ros2_ws/install/planning_msgs/share/planning_msgs/cmake/ament_cmake_export_dependencies-extras.cmake
-- Installing: /ros2_ws/install/planning_msgs/share/planning_msgs/cmake/ament_cmake_export_libraries-extras.cmake
-- Installing: /ros2_ws/install/planning_msgs/share/planning_msgs/cmake/ament_cmake_export_targets-extras.cmake
-- Installing: /ros2_ws/install/planning_msgs/share/planning_msgs/cmake/ament_cmake_export_include_directories-extras.cmake
-- Installing: /ros2_ws/install/planning_msgs/share/planning_msgs/cmake/rosidl_cmake_export_typesupport_libraries-extras.cmake
-- Installing: /ros2_ws/install/planning_msgs/share/planning_msgs/cmake/rosidl_cmake_export_typesupport_targets-extras.cmake
-- Installing: /ros2_ws/install/planning_msgs/share/planning_msgs/cmake/planning_msgsConfig.cmake
-- Installing: /ros2_ws/install/planning_msgs/share/planning_msgs/cmake/planning_msgsConfig-version.cmake
-- Installing: /ros2_ws/install/planning_msgs/share/planning_msgs/package.xml
