running egg_info
writing ../../build/fsm/fsm.egg-info/PKG-INFO
writing dependency_links to ../../build/fsm/fsm.egg-info/dependency_links.txt
writing entry points to ../../build/fsm/fsm.egg-info/entry_points.txt
writing requirements to ../../build/fsm/fsm.egg-info/requires.txt
writing top-level names to ../../build/fsm/fsm.egg-info/top_level.txt
reading manifest file '../../build/fsm/fsm.egg-info/SOURCES.txt'
writing manifest file '../../build/fsm/fsm.egg-info/SOURCES.txt'
running build
running build_py
running install
running install_lib
running install_data
copying resource/fsm -> /ros2_ws/install/fsm/share/ament_index/resource_index/packages
copying package.xml -> /ros2_ws/install/fsm/share/fsm
creating /ros2_ws/install/fsm/share/fsm/launch
copying launch/fsm.launch.py -> /ros2_ws/install/fsm/share/fsm/launch
running install_egg_info
Copying ../../build/fsm/fsm.egg-info to /ros2_ws/install/fsm/lib/python3.8/site-packages/fsm-1.0.0-py3.8.egg-info
running install_scripts
Installing fsm_node script to /ros2_ws/install/fsm/bin
writing list of installed files to '/ros2_ws/build/fsm/install.log'
