[0.101s] Invoking command in '/ros2_ws/build/common_msgs': CMAKE_PREFIX_PATH=/opt/ros/foxy /usr/bin/cmake /ros2_ws/src/common_msgs -DCMAKE_INSTALL_PREFIX=/ros2_ws/install/common_msgs
[0.570s] -- The C compiler identification is GNU 9.4.0
[0.860s] -- The CXX compiler identification is GNU 9.4.0
[0.870s] -- Check for working C compiler: /usr/bin/cc
[1.348s] -- Check for working C compiler: /usr/bin/cc -- works
[1.349s] -- Detecting C compiler ABI info
[1.774s] -- Detecting C compiler ABI info - done
[1.787s] -- Detecting C compile features
[1.788s] -- Detecting C compile features - done
[1.794s] -- Check for working CXX compiler: /usr/bin/c++
[2.235s] -- Check for working CXX compiler: /usr/bin/c++ -- works
[2.235s] -- Detecting CXX compiler ABI info
[2.737s] -- Detecting CXX compiler ABI info - done
[2.756s] -- Detecting CXX compile features
[2.761s] -- Detecting CXX compile features - done
[2.772s] -- Found ament_cmake: 0.9.12 (/opt/ros/foxy/share/ament_cmake/cmake)
[2.876s] -- Found PythonInterp: /usr/bin/python3 (found suitable version "3.8.10", minimum required is "3") 
[2.878s] -- Using PYTHON_EXECUTABLE: /usr/bin/python3
[3.136s] -- Found rosidl_default_generators: 1.0.1 (/opt/ros/foxy/share/rosidl_default_generators/cmake)
[3.137s] -- Using all available rosidl_typesupport_c: rosidl_typesupport_fastrtps_c;rosidl_typesupport_introspection_c
[3.143s] -- Found rosidl_adapter: 1.3.1 (/opt/ros/foxy/share/rosidl_adapter/cmake)
[3.533s] -- Found OpenSSL: /usr/lib/x86_64-linux-gnu/libcrypto.so (found version "1.1.1f")  
[3.565s] -- Found FastRTPS: /opt/ros/foxy/include  
[3.634s] -- Using all available rosidl_typesupport_cpp: rosidl_typesupport_fastrtps_cpp;rosidl_typesupport_introspection_cpp
[3.731s] -- Found PythonInterp: /usr/bin/python3 (found version "3.8.10") 
[4.000s] -- Found ament_cmake_ros: 0.9.2 (/opt/ros/foxy/share/ament_cmake_ros/cmake)
[4.144s] -- Using all available rosidl_typesupport_c: rosidl_typesupport_fastrtps_c;rosidl_typesupport_introspection_c
[4.190s] -- Using all available rosidl_typesupport_cpp: rosidl_typesupport_fastrtps_cpp;rosidl_typesupport_introspection_cpp
[4.288s] -- Found PythonInterp: /usr/bin/python3 (found suitable version "3.8.10", minimum required is "3.5") 
[4.288s] -- Found python_cmake_module: 0.8.1 (/opt/ros/foxy/share/python_cmake_module/cmake)
[4.356s] -- Found PythonLibs: /usr/lib/x86_64-linux-gnu/libpython3.8.so (found suitable version "3.8.10", minimum required is "3.5") 
[4.357s] -- Using PYTHON_EXECUTABLE: /usr/bin/python3
[4.358s] -- Using PYTHON_INCLUDE_DIRS: /usr/include/python3.8
[4.358s] -- Using PYTHON_LIBRARIES: /usr/lib/x86_64-linux-gnu/libpython3.8.so
[4.430s] -- Found PythonExtra: .so  
[4.651s] -- Configuring done
[4.843s] -- Generating done
[4.868s] -- Build files have been written to: /ros2_ws/build/common_msgs
