[  1%] [34m[1mGenerating C code for ROS interfaces[0m
[35m[1mScanning dependencies of target planning_msgs__cpp[0m
[  2%] [34m[1mGenerating C++ code for ROS interfaces[0m
[35m[1mScanning dependencies of target planning_msgs__rosidl_generator_c[0m
[  2%] Built target planning_msgs__cpp
[  3%] [32mBuilding C object CMakeFiles/planning_msgs__rosidl_generator_c.dir/rosidl_generator_c/planning_msgs/msg/detail/target_speed__functions.c.o[0m
[  5%] [32mBuilding C object CMakeFiles/planning_msgs__rosidl_generator_c.dir/rosidl_generator_c/planning_msgs/msg/detail/trajectory__functions.c.o[0m
[  5%] [32mBuilding C object CMakeFiles/planning_msgs__rosidl_generator_c.dir/rosidl_generator_c/planning_msgs/msg/detail/goal_reached__functions.c.o[0m
[  6%] [32mBuilding C object CMakeFiles/planning_msgs__rosidl_generator_c.dir/rosidl_generator_c/planning_msgs/msg/detail/active_route_context__functions.c.o[0m
[  8%] [32mBuilding C object CMakeFiles/planning_msgs__rosidl_generator_c.dir/rosidl_generator_c/planning_msgs/msg/detail/trajectory_point__functions.c.o[0m
[  8%] [34m[1mGenerating C++ type support dispatch for ROS interfaces[0m
[  9%] [32mBuilding C object CMakeFiles/planning_msgs__rosidl_generator_c.dir/rosidl_generator_c/planning_msgs/msg/detail/planning_status__functions.c.o[0m
[ 11%] [34m[1mGenerating C++ type support for eProsima Fast-RTPS[0m
[ 11%] [34m[1mGenerating C++ introspection for ROS interfaces[0m
[ 12%] [32mBuilding C object CMakeFiles/planning_msgs__rosidl_generator_c.dir/rosidl_generator_c/planning_msgs/msg/detail/park_complete__functions.c.o[0m
[ 13%] [32mBuilding C object CMakeFiles/planning_msgs__rosidl_generator_c.dir/rosidl_generator_c/planning_msgs/msg/detail/controller_feedback__functions.c.o[0m
[ 14%] [32mBuilding C object CMakeFiles/planning_msgs__rosidl_generator_c.dir/rosidl_generator_c/planning_msgs/msg/detail/fsm_request__functions.c.o[0m
[ 15%] [32m[1mLinking C shared library libplanning_msgs__rosidl_generator_c.so[0m
[35m[1mScanning dependencies of target planning_msgs__rosidl_typesupport_cpp[0m
[ 16%] [32mBuilding CXX object CMakeFiles/planning_msgs__rosidl_typesupport_cpp.dir/rosidl_typesupport_cpp/planning_msgs/msg/trajectory_point__type_support.cpp.o[0m
[ 16%] Built target planning_msgs__rosidl_generator_c
[ 17%] [32mBuilding CXX object CMakeFiles/planning_msgs__rosidl_typesupport_cpp.dir/rosidl_typesupport_cpp/planning_msgs/msg/active_route_context__type_support.cpp.o[0m
[ 20%] [32mBuilding CXX object CMakeFiles/planning_msgs__rosidl_typesupport_cpp.dir/rosidl_typesupport_cpp/planning_msgs/msg/target_speed__type_support.cpp.o[0m
[ 20%] [32mBuilding CXX object CMakeFiles/planning_msgs__rosidl_typesupport_cpp.dir/rosidl_typesupport_cpp/planning_msgs/msg/trajectory__type_support.cpp.o[0m
[ 21%] [32mBuilding CXX object CMakeFiles/planning_msgs__rosidl_typesupport_cpp.dir/rosidl_typesupport_cpp/planning_msgs/msg/planning_status__type_support.cpp.o[0m
[ 22%] [32mBuilding CXX object CMakeFiles/planning_msgs__rosidl_typesupport_cpp.dir/rosidl_typesupport_cpp/planning_msgs/msg/goal_reached__type_support.cpp.o[0m
[35m[1mScanning dependencies of target planning_msgs__rosidl_typesupport_fastrtps_cpp[0m
[ 23%] [34m[1mGenerating C type support dispatch for ROS interfaces[0m
[ 24%] [34m[1mGenerating C introspection for ROS interfaces[0m
[35m[1mScanning dependencies of target planning_msgs__rosidl_typesupport_introspection_cpp[0m
[ 25%] [32mBuilding CXX object CMakeFiles/planning_msgs__rosidl_typesupport_fastrtps_cpp.dir/rosidl_typesupport_fastrtps_cpp/planning_msgs/msg/detail/dds_fastrtps/trajectory_point__type_support.cpp.o[0m
[ 26%] [32mBuilding CXX object CMakeFiles/planning_msgs__rosidl_typesupport_cpp.dir/rosidl_typesupport_cpp/planning_msgs/msg/park_complete__type_support.cpp.o[0m
[ 27%] [32mBuilding CXX object CMakeFiles/planning_msgs__rosidl_typesupport_introspection_cpp.dir/rosidl_typesupport_introspection_cpp/planning_msgs/msg/detail/trajectory_point__type_support.cpp.o[0m
[ 28%] [32mBuilding CXX object CMakeFiles/planning_msgs__rosidl_typesupport_fastrtps_cpp.dir/rosidl_typesupport_fastrtps_cpp/planning_msgs/msg/detail/dds_fastrtps/target_speed__type_support.cpp.o[0m
[ 29%] [32mBuilding CXX object CMakeFiles/planning_msgs__rosidl_typesupport_fastrtps_cpp.dir/rosidl_typesupport_fastrtps_cpp/planning_msgs/msg/detail/dds_fastrtps/trajectory__type_support.cpp.o[0m
[ 30%] [32mBuilding CXX object CMakeFiles/planning_msgs__rosidl_typesupport_cpp.dir/rosidl_typesupport_cpp/planning_msgs/msg/controller_feedback__type_support.cpp.o[0m
[35m[1mScanning dependencies of target planning_msgs__rosidl_typesupport_c[0m
[ 31%] [32mBuilding CXX object CMakeFiles/planning_msgs__rosidl_typesupport_cpp.dir/rosidl_typesupport_cpp/planning_msgs/msg/fsm_request__type_support.cpp.o[0m
[ 32%] [32mBuilding CXX object CMakeFiles/planning_msgs__rosidl_typesupport_fastrtps_cpp.dir/rosidl_typesupport_fastrtps_cpp/planning_msgs/msg/detail/dds_fastrtps/planning_status__type_support.cpp.o[0m
[ 33%] [32mBuilding CXX object CMakeFiles/planning_msgs__rosidl_typesupport_c.dir/rosidl_typesupport_c/planning_msgs/msg/trajectory_point__type_support.cpp.o[0m
[ 34%] [32mBuilding CXX object CMakeFiles/planning_msgs__rosidl_typesupport_introspection_cpp.dir/rosidl_typesupport_introspection_cpp/planning_msgs/msg/detail/trajectory__type_support.cpp.o[0m
[ 35%] [32mBuilding CXX object CMakeFiles/planning_msgs__rosidl_typesupport_c.dir/rosidl_typesupport_c/planning_msgs/msg/trajectory__type_support.cpp.o[0m
[ 36%] [32mBuilding CXX object CMakeFiles/planning_msgs__rosidl_typesupport_introspection_cpp.dir/rosidl_typesupport_introspection_cpp/planning_msgs/msg/detail/target_speed__type_support.cpp.o[0m
[ 37%] [32mBuilding CXX object CMakeFiles/planning_msgs__rosidl_typesupport_introspection_cpp.dir/rosidl_typesupport_introspection_cpp/planning_msgs/msg/detail/planning_status__type_support.cpp.o[0m
[ 38%] [32mBuilding CXX object CMakeFiles/planning_msgs__rosidl_typesupport_introspection_cpp.dir/rosidl_typesupport_introspection_cpp/planning_msgs/msg/detail/active_route_context__type_support.cpp.o[0m
[ 40%] [32mBuilding CXX object CMakeFiles/planning_msgs__rosidl_typesupport_c.dir/rosidl_typesupport_c/planning_msgs/msg/target_speed__type_support.cpp.o[0m
[35m[1mScanning dependencies of target planning_msgs__rosidl_typesupport_introspection_c[0m
[ 41%] [32m[1mLinking CXX shared library libplanning_msgs__rosidl_typesupport_cpp.so[0m
[ 42%] [32mBuilding CXX object CMakeFiles/planning_msgs__rosidl_typesupport_c.dir/rosidl_typesupport_c/planning_msgs/msg/planning_status__type_support.cpp.o[0m
[ 43%] [32mBuilding CXX object CMakeFiles/planning_msgs__rosidl_typesupport_fastrtps_cpp.dir/rosidl_typesupport_fastrtps_cpp/planning_msgs/msg/detail/dds_fastrtps/active_route_context__type_support.cpp.o[0m
[ 44%] [32mBuilding C object CMakeFiles/planning_msgs__rosidl_typesupport_introspection_c.dir/rosidl_typesupport_introspection_c/planning_msgs/msg/detail/trajectory_point__type_support.c.o[0m
[ 45%] [32mBuilding CXX object CMakeFiles/planning_msgs__rosidl_typesupport_c.dir/rosidl_typesupport_c/planning_msgs/msg/active_route_context__type_support.cpp.o[0m
[ 46%] Built target planning_msgs__rosidl_typesupport_cpp
[ 46%] [32mBuilding CXX object CMakeFiles/planning_msgs__rosidl_typesupport_introspection_cpp.dir/rosidl_typesupport_introspection_cpp/planning_msgs/msg/detail/goal_reached__type_support.cpp.o[0m
[ 47%] [32mBuilding CXX object CMakeFiles/planning_msgs__rosidl_typesupport_fastrtps_cpp.dir/rosidl_typesupport_fastrtps_cpp/planning_msgs/msg/detail/dds_fastrtps/goal_reached__type_support.cpp.o[0m
[ 48%] [32mBuilding CXX object CMakeFiles/planning_msgs__rosidl_typesupport_introspection_cpp.dir/rosidl_typesupport_introspection_cpp/planning_msgs/msg/detail/park_complete__type_support.cpp.o[0m
[ 49%] [32mBuilding CXX object CMakeFiles/planning_msgs__rosidl_typesupport_c.dir/rosidl_typesupport_c/planning_msgs/msg/goal_reached__type_support.cpp.o[0m
[ 51%] [32mBuilding CXX object CMakeFiles/planning_msgs__rosidl_typesupport_introspection_cpp.dir/rosidl_typesupport_introspection_cpp/planning_msgs/msg/detail/fsm_request__type_support.cpp.o[0m
[ 51%] [32mBuilding CXX object CMakeFiles/planning_msgs__rosidl_typesupport_introspection_cpp.dir/rosidl_typesupport_introspection_cpp/planning_msgs/msg/detail/controller_feedback__type_support.cpp.o[0m
[ 52%] [32mBuilding C object CMakeFiles/planning_msgs__rosidl_typesupport_introspection_c.dir/rosidl_typesupport_introspection_c/planning_msgs/msg/detail/trajectory__type_support.c.o[0m
[ 53%] [32mBuilding CXX object CMakeFiles/planning_msgs__rosidl_typesupport_fastrtps_cpp.dir/rosidl_typesupport_fastrtps_cpp/planning_msgs/msg/detail/dds_fastrtps/park_complete__type_support.cpp.o[0m
[ 54%] [32mBuilding CXX object CMakeFiles/planning_msgs__rosidl_typesupport_fastrtps_cpp.dir/rosidl_typesupport_fastrtps_cpp/planning_msgs/msg/detail/dds_fastrtps/controller_feedback__type_support.cpp.o[0m
[ 55%] [32mBuilding CXX object CMakeFiles/planning_msgs__rosidl_typesupport_c.dir/rosidl_typesupport_c/planning_msgs/msg/park_complete__type_support.cpp.o[0m
[ 56%] [32mBuilding C object CMakeFiles/planning_msgs__rosidl_typesupport_introspection_c.dir/rosidl_typesupport_introspection_c/planning_msgs/msg/detail/target_speed__type_support.c.o[0m
[ 57%] [32mBuilding C object CMakeFiles/planning_msgs__rosidl_typesupport_introspection_c.dir/rosidl_typesupport_introspection_c/planning_msgs/msg/detail/planning_status__type_support.c.o[0m
[ 58%] [32mBuilding CXX object CMakeFiles/planning_msgs__rosidl_typesupport_fastrtps_cpp.dir/rosidl_typesupport_fastrtps_cpp/planning_msgs/msg/detail/dds_fastrtps/fsm_request__type_support.cpp.o[0m
[ 60%] [32mBuilding CXX object CMakeFiles/planning_msgs__rosidl_typesupport_c.dir/rosidl_typesupport_c/planning_msgs/msg/fsm_request__type_support.cpp.o[0m
[ 61%] [32mBuilding C object CMakeFiles/planning_msgs__rosidl_typesupport_introspection_c.dir/rosidl_typesupport_introspection_c/planning_msgs/msg/detail/active_route_context__type_support.c.o[0m
[ 62%] [32mBuilding CXX object CMakeFiles/planning_msgs__rosidl_typesupport_c.dir/rosidl_typesupport_c/planning_msgs/msg/controller_feedback__type_support.cpp.o[0m
[ 63%] [32mBuilding C object CMakeFiles/planning_msgs__rosidl_typesupport_introspection_c.dir/rosidl_typesupport_introspection_c/planning_msgs/msg/detail/goal_reached__type_support.c.o[0m
[ 64%] [32mBuilding C object CMakeFiles/planning_msgs__rosidl_typesupport_introspection_c.dir/rosidl_typesupport_introspection_c/planning_msgs/msg/detail/park_complete__type_support.c.o[0m
[ 65%] [32mBuilding C object CMakeFiles/planning_msgs__rosidl_typesupport_introspection_c.dir/rosidl_typesupport_introspection_c/planning_msgs/msg/detail/controller_feedback__type_support.c.o[0m
[ 66%] [32m[1mLinking CXX shared library libplanning_msgs__rosidl_typesupport_introspection_cpp.so[0m
[ 68%] [32m[1mLinking CXX shared library libplanning_msgs__rosidl_typesupport_c.so[0m
[ 68%] [32mBuilding C object CMakeFiles/planning_msgs__rosidl_typesupport_introspection_c.dir/rosidl_typesupport_introspection_c/planning_msgs/msg/detail/fsm_request__type_support.c.o[0m
[ 68%] Built target planning_msgs__rosidl_typesupport_c
[ 69%] [32m[1mLinking C shared library libplanning_msgs__rosidl_typesupport_introspection_c.so[0m
[ 69%] Built target planning_msgs__rosidl_typesupport_introspection_cpp
[ 70%] [32m[1mLinking CXX shared library libplanning_msgs__rosidl_typesupport_fastrtps_cpp.so[0m
[ 70%] Built target planning_msgs__rosidl_typesupport_introspection_c
[ 70%] Built target planning_msgs__rosidl_typesupport_fastrtps_cpp
[ 71%] [34m[1mGenerating C type support for eProsima Fast-RTPS[0m
[35m[1mScanning dependencies of target planning_msgs__rosidl_typesupport_fastrtps_c[0m
[ 73%] [32mBuilding CXX object CMakeFiles/planning_msgs__rosidl_typesupport_fastrtps_c.dir/rosidl_typesupport_fastrtps_c/planning_msgs/msg/detail/trajectory__type_support_c.cpp.o[0m
[ 73%] [32mBuilding CXX object CMakeFiles/planning_msgs__rosidl_typesupport_fastrtps_c.dir/rosidl_typesupport_fastrtps_c/planning_msgs/msg/detail/planning_status__type_support_c.cpp.o[0m
[ 74%] [32mBuilding CXX object CMakeFiles/planning_msgs__rosidl_typesupport_fastrtps_c.dir/rosidl_typesupport_fastrtps_c/planning_msgs/msg/detail/target_speed__type_support_c.cpp.o[0m
[ 75%] [32mBuilding CXX object CMakeFiles/planning_msgs__rosidl_typesupport_fastrtps_c.dir/rosidl_typesupport_fastrtps_c/planning_msgs/msg/detail/trajectory_point__type_support_c.cpp.o[0m
[ 77%] [32mBuilding CXX object CMakeFiles/planning_msgs__rosidl_typesupport_fastrtps_c.dir/rosidl_typesupport_fastrtps_c/planning_msgs/msg/detail/controller_feedback__type_support_c.cpp.o[0m
[ 77%] [32mBuilding CXX object CMakeFiles/planning_msgs__rosidl_typesupport_fastrtps_c.dir/rosidl_typesupport_fastrtps_c/planning_msgs/msg/detail/park_complete__type_support_c.cpp.o[0m
[ 80%] [32mBuilding CXX object CMakeFiles/planning_msgs__rosidl_typesupport_fastrtps_c.dir/rosidl_typesupport_fastrtps_c/planning_msgs/msg/detail/fsm_request__type_support_c.cpp.o[0m
[ 80%] [32mBuilding CXX object CMakeFiles/planning_msgs__rosidl_typesupport_fastrtps_c.dir/rosidl_typesupport_fastrtps_c/planning_msgs/msg/detail/goal_reached__type_support_c.cpp.o[0m
[ 81%] [32mBuilding CXX object CMakeFiles/planning_msgs__rosidl_typesupport_fastrtps_c.dir/rosidl_typesupport_fastrtps_c/planning_msgs/msg/detail/active_route_context__type_support_c.cpp.o[0m
[ 82%] [32m[1mLinking CXX shared library libplanning_msgs__rosidl_typesupport_fastrtps_c.so[0m
[ 82%] Built target planning_msgs__rosidl_typesupport_fastrtps_c
[35m[1mScanning dependencies of target planning_msgs[0m
[ 82%] Built target planning_msgs
[35m[1mScanning dependencies of target planning_msgs__py[0m
[ 83%] [34m[1mGenerating Python code for ROS interfaces[0m
[ 83%] Built target planning_msgs__py
[35m[1mScanning dependencies of target planning_msgs__python[0m
[ 85%] [32mBuilding C object CMakeFiles/planning_msgs__python.dir/rosidl_generator_py/planning_msgs/msg/_trajectory_point_s.c.o[0m
[ 85%] [32mBuilding C object CMakeFiles/planning_msgs__python.dir/rosidl_generator_py/planning_msgs/msg/_trajectory_s.c.o[0m
[ 86%] [32mBuilding C object CMakeFiles/planning_msgs__python.dir/rosidl_generator_py/planning_msgs/msg/_target_speed_s.c.o[0m
[ 87%] [32mBuilding C object CMakeFiles/planning_msgs__python.dir/rosidl_generator_py/planning_msgs/msg/_fsm_request_s.c.o[0m
[ 88%] [32mBuilding C object CMakeFiles/planning_msgs__python.dir/rosidl_generator_py/planning_msgs/msg/_controller_feedback_s.c.o[0m
[ 89%] [32mBuilding C object CMakeFiles/planning_msgs__python.dir/rosidl_generator_py/planning_msgs/msg/_park_complete_s.c.o[0m
[ 90%] [32mBuilding C object CMakeFiles/planning_msgs__python.dir/rosidl_generator_py/planning_msgs/msg/_goal_reached_s.c.o[0m
[ 91%] [32mBuilding C object CMakeFiles/planning_msgs__python.dir/rosidl_generator_py/planning_msgs/msg/_active_route_context_s.c.o[0m
[ 92%] [32mBuilding C object CMakeFiles/planning_msgs__python.dir/rosidl_generator_py/planning_msgs/msg/_planning_status_s.c.o[0m
[ 93%] [32m[1mLinking C shared library rosidl_generator_py/planning_msgs/libplanning_msgs__python.so[0m
[ 93%] Built target planning_msgs__python
[35m[1mScanning dependencies of target planning_msgs__rosidl_typesupport_fastrtps_c__pyext[0m
[35m[1mScanning dependencies of target planning_msgs__rosidl_typesupport_c__pyext[0m
[35m[1mScanning dependencies of target planning_msgs__rosidl_typesupport_introspection_c__pyext[0m
[ 94%] [32mBuilding C object CMakeFiles/planning_msgs__rosidl_typesupport_c__pyext.dir/rosidl_generator_py/planning_msgs/_planning_msgs_s.ep.rosidl_typesupport_c.c.o[0m
[ 95%] [32mBuilding C object CMakeFiles/planning_msgs__rosidl_typesupport_fastrtps_c__pyext.dir/rosidl_generator_py/planning_msgs/_planning_msgs_s.ep.rosidl_typesupport_fastrtps_c.c.o[0m
[ 96%] [32mBuilding C object CMakeFiles/planning_msgs__rosidl_typesupport_introspection_c__pyext.dir/rosidl_generator_py/planning_msgs/_planning_msgs_s.ep.rosidl_typesupport_introspection_c.c.o[0m
[ 97%] [32m[1mLinking C shared library rosidl_generator_py/planning_msgs/planning_msgs_s__rosidl_typesupport_c.cpython-38-x86_64-linux-gnu.so[0m
[100%] [32m[1mLinking CXX shared library rosidl_generator_py/planning_msgs/planning_msgs_s__rosidl_typesupport_fastrtps_c.cpython-38-x86_64-linux-gnu.so[0m
[100%] [32m[1mLinking C shared library rosidl_generator_py/planning_msgs/planning_msgs_s__rosidl_typesupport_introspection_c.cpython-38-x86_64-linux-gnu.so[0m
[100%] Built target planning_msgs__rosidl_typesupport_c__pyext
[100%] Built target planning_msgs__rosidl_typesupport_introspection_c__pyext
[100%] Built target planning_msgs__rosidl_typesupport_fastrtps_c__pyext
