[35m[1mScanning dependencies of target fsm_msgs__cpp[0m
[  2%] [34m[1mGenerating C code for ROS interfaces[0m
[  4%] [34m[1mGenerating C++ code for ROS interfaces[0m
[35m[1mScanning dependencies of target fsm_msgs__rosidl_generator_c[0m
[  4%] Built target fsm_msgs__cpp
[  8%] [32mBuilding C object CMakeFiles/fsm_msgs__rosidl_generator_c.dir/rosidl_generator_c/fsm_msgs/msg/detail/fsm_event__functions.c.o[0m
[  8%] [32mBuilding C object CMakeFiles/fsm_msgs__rosidl_generator_c.dir/rosidl_generator_c/fsm_msgs/msg/detail/current_mode__functions.c.o[0m
[ 10%] [32mBuilding C object CMakeFiles/fsm_msgs__rosidl_generator_c.dir/rosidl_generator_c/fsm_msgs/msg/detail/mission_state__functions.c.o[0m
[ 12%] [34m[1mGenerating C++ introspection for ROS interfaces[0m
[ 17%] [34m[1mGenerating C++ type support for eProsima Fast-RTPS[0m
[ 17%] [34m[1mGenerating C++ type support dispatch for ROS interfaces[0m
[ 19%] [32m[1mLinking C shared library libfsm_msgs__rosidl_generator_c.so[0m
[35m[1mScanning dependencies of target fsm_msgs__rosidl_typesupport_introspection_cpp[0m
[ 19%] Built target fsm_msgs__rosidl_generator_c
[35m[1mScanning dependencies of target fsm_msgs__rosidl_typesupport_cpp[0m
[ 23%] [34m[1mGenerating C introspection for ROS interfaces[0m
[ 23%] [34m[1mGenerating C type support dispatch for ROS interfaces[0m
[ 25%] [32mBuilding CXX object CMakeFiles/fsm_msgs__rosidl_typesupport_introspection_cpp.dir/rosidl_typesupport_introspection_cpp/fsm_msgs/msg/detail/current_mode__type_support.cpp.o[0m
[ 27%] [32mBuilding CXX object CMakeFiles/fsm_msgs__rosidl_typesupport_introspection_cpp.dir/rosidl_typesupport_introspection_cpp/fsm_msgs/msg/detail/fsm_event__type_support.cpp.o[0m
[ 29%] [32mBuilding CXX object CMakeFiles/fsm_msgs__rosidl_typesupport_introspection_cpp.dir/rosidl_typesupport_introspection_cpp/fsm_msgs/msg/detail/mission_state__type_support.cpp.o[0m
[ 31%] [32mBuilding CXX object CMakeFiles/fsm_msgs__rosidl_typesupport_cpp.dir/rosidl_typesupport_cpp/fsm_msgs/msg/current_mode__type_support.cpp.o[0m
[ 34%] [32mBuilding CXX object CMakeFiles/fsm_msgs__rosidl_typesupport_cpp.dir/rosidl_typesupport_cpp/fsm_msgs/msg/mission_state__type_support.cpp.o[0m
[35m[1mScanning dependencies of target fsm_msgs__rosidl_typesupport_fastrtps_cpp[0m
[ 36%] [32mBuilding CXX object CMakeFiles/fsm_msgs__rosidl_typesupport_cpp.dir/rosidl_typesupport_cpp/fsm_msgs/msg/fsm_event__type_support.cpp.o[0m
[35m[1mScanning dependencies of target fsm_msgs__rosidl_typesupport_c[0m
[ 40%] [32mBuilding CXX object CMakeFiles/fsm_msgs__rosidl_typesupport_fastrtps_cpp.dir/rosidl_typesupport_fastrtps_cpp/fsm_msgs/msg/detail/dds_fastrtps/current_mode__type_support.cpp.o[0m
[ 40%] [32mBuilding CXX object CMakeFiles/fsm_msgs__rosidl_typesupport_fastrtps_cpp.dir/rosidl_typesupport_fastrtps_cpp/fsm_msgs/msg/detail/dds_fastrtps/mission_state__type_support.cpp.o[0m
[ 42%] [32mBuilding CXX object CMakeFiles/fsm_msgs__rosidl_typesupport_c.dir/rosidl_typesupport_c/fsm_msgs/msg/current_mode__type_support.cpp.o[0m
[35m[1mScanning dependencies of target fsm_msgs__rosidl_typesupport_introspection_c[0m
[ 44%] [32mBuilding CXX object CMakeFiles/fsm_msgs__rosidl_typesupport_c.dir/rosidl_typesupport_c/fsm_msgs/msg/mission_state__type_support.cpp.o[0m
[ 46%] [32mBuilding C object CMakeFiles/fsm_msgs__rosidl_typesupport_introspection_c.dir/rosidl_typesupport_introspection_c/fsm_msgs/msg/detail/current_mode__type_support.c.o[0m
[ 48%] [32mBuilding CXX object CMakeFiles/fsm_msgs__rosidl_typesupport_fastrtps_cpp.dir/rosidl_typesupport_fastrtps_cpp/fsm_msgs/msg/detail/dds_fastrtps/fsm_event__type_support.cpp.o[0m
[ 51%] [32mBuilding C object CMakeFiles/fsm_msgs__rosidl_typesupport_introspection_c.dir/rosidl_typesupport_introspection_c/fsm_msgs/msg/detail/mission_state__type_support.c.o[0m
[ 53%] [32mBuilding C object CMakeFiles/fsm_msgs__rosidl_typesupport_introspection_c.dir/rosidl_typesupport_introspection_c/fsm_msgs/msg/detail/fsm_event__type_support.c.o[0m
[ 55%] [32mBuilding CXX object CMakeFiles/fsm_msgs__rosidl_typesupport_c.dir/rosidl_typesupport_c/fsm_msgs/msg/fsm_event__type_support.cpp.o[0m
[ 57%] [32m[1mLinking CXX shared library libfsm_msgs__rosidl_typesupport_introspection_cpp.so[0m
[ 59%] [32m[1mLinking CXX shared library libfsm_msgs__rosidl_typesupport_cpp.so[0m
[ 61%] [32m[1mLinking CXX shared library libfsm_msgs__rosidl_typesupport_c.so[0m
[ 61%] Built target fsm_msgs__rosidl_typesupport_introspection_cpp
[ 63%] [32m[1mLinking C shared library libfsm_msgs__rosidl_typesupport_introspection_c.so[0m
[ 63%] Built target fsm_msgs__rosidl_typesupport_cpp
[ 63%] Built target fsm_msgs__rosidl_typesupport_c
[ 63%] Built target fsm_msgs__rosidl_typesupport_introspection_c
[ 65%] [32m[1mLinking CXX shared library libfsm_msgs__rosidl_typesupport_fastrtps_cpp.so[0m
[ 65%] Built target fsm_msgs__rosidl_typesupport_fastrtps_cpp
[ 68%] [34m[1mGenerating C type support for eProsima Fast-RTPS[0m
[35m[1mScanning dependencies of target fsm_msgs__rosidl_typesupport_fastrtps_c[0m
[ 70%] [32mBuilding CXX object CMakeFiles/fsm_msgs__rosidl_typesupport_fastrtps_c.dir/rosidl_typesupport_fastrtps_c/fsm_msgs/msg/detail/current_mode__type_support_c.cpp.o[0m
[ 72%] [32mBuilding CXX object CMakeFiles/fsm_msgs__rosidl_typesupport_fastrtps_c.dir/rosidl_typesupport_fastrtps_c/fsm_msgs/msg/detail/fsm_event__type_support_c.cpp.o[0m
[ 74%] [32mBuilding CXX object CMakeFiles/fsm_msgs__rosidl_typesupport_fastrtps_c.dir/rosidl_typesupport_fastrtps_c/fsm_msgs/msg/detail/mission_state__type_support_c.cpp.o[0m
[ 76%] [32m[1mLinking CXX shared library libfsm_msgs__rosidl_typesupport_fastrtps_c.so[0m
[ 76%] Built target fsm_msgs__rosidl_typesupport_fastrtps_c
[35m[1mScanning dependencies of target fsm_msgs[0m
[ 76%] Built target fsm_msgs
[35m[1mScanning dependencies of target fsm_msgs__py[0m
[ 78%] [34m[1mGenerating Python code for ROS interfaces[0m
[ 78%] Built target fsm_msgs__py
[35m[1mScanning dependencies of target fsm_msgs__python[0m
[ 82%] [32mBuilding C object CMakeFiles/fsm_msgs__python.dir/rosidl_generator_py/fsm_msgs/msg/_fsm_event_s.c.o[0m
[ 82%] [32mBuilding C object CMakeFiles/fsm_msgs__python.dir/rosidl_generator_py/fsm_msgs/msg/_current_mode_s.c.o[0m
[ 85%] [32mBuilding C object CMakeFiles/fsm_msgs__python.dir/rosidl_generator_py/fsm_msgs/msg/_mission_state_s.c.o[0m
[ 87%] [32m[1mLinking C shared library rosidl_generator_py/fsm_msgs/libfsm_msgs__python.so[0m
[ 87%] Built target fsm_msgs__python
[35m[1mScanning dependencies of target fsm_msgs__rosidl_typesupport_c__pyext[0m
[35m[1mScanning dependencies of target fsm_msgs__rosidl_typesupport_introspection_c__pyext[0m
[35m[1mScanning dependencies of target fsm_msgs__rosidl_typesupport_fastrtps_c__pyext[0m
[ 89%] [32mBuilding C object CMakeFiles/fsm_msgs__rosidl_typesupport_c__pyext.dir/rosidl_generator_py/fsm_msgs/_fsm_msgs_s.ep.rosidl_typesupport_c.c.o[0m
[ 91%] [32mBuilding C object CMakeFiles/fsm_msgs__rosidl_typesupport_introspection_c__pyext.dir/rosidl_generator_py/fsm_msgs/_fsm_msgs_s.ep.rosidl_typesupport_introspection_c.c.o[0m
[ 93%] [32mBuilding C object CMakeFiles/fsm_msgs__rosidl_typesupport_fastrtps_c__pyext.dir/rosidl_generator_py/fsm_msgs/_fsm_msgs_s.ep.rosidl_typesupport_fastrtps_c.c.o[0m
[ 95%] [32m[1mLinking C shared library rosidl_generator_py/fsm_msgs/fsm_msgs_s__rosidl_typesupport_c.cpython-38-x86_64-linux-gnu.so[0m
[100%] [32m[1mLinking CXX shared library rosidl_generator_py/fsm_msgs/fsm_msgs_s__rosidl_typesupport_fastrtps_c.cpython-38-x86_64-linux-gnu.so[0m
[ 97%] [32m[1mLinking C shared library rosidl_generator_py/fsm_msgs/fsm_msgs_s__rosidl_typesupport_introspection_c.cpython-38-x86_64-linux-gnu.so[0m
[100%] Built target fsm_msgs__rosidl_typesupport_c__pyext
[100%] Built target fsm_msgs__rosidl_typesupport_introspection_c__pyext
[100%] Built target fsm_msgs__rosidl_typesupport_fastrtps_c__pyext
-- Install configuration: ""
-- Installing: /ros2_ws/install/fsm_msgs/share/ament_index/resource_index/rosidl_interfaces/fsm_msgs
-- Installing: /ros2_ws/install/fsm_msgs/include/fsm_msgs
-- Installing: /ros2_ws/install/fsm_msgs/include/fsm_msgs/msg
-- Installing: /ros2_ws/install/fsm_msgs/include/fsm_msgs/msg/rosidl_generator_c__visibility_control.h
-- Installing: /ros2_ws/install/fsm_msgs/include/fsm_msgs/msg/current_mode.h
-- Installing: /ros2_ws/install/fsm_msgs/include/fsm_msgs/msg/fsm_event.h
-- Installing: /ros2_ws/install/fsm_msgs/include/fsm_msgs/msg/mission_state.h
-- Installing: /ros2_ws/install/fsm_msgs/include/fsm_msgs/msg/detail
-- Installing: /ros2_ws/install/fsm_msgs/include/fsm_msgs/msg/detail/current_mode__type_support.h
-- Installing: /ros2_ws/install/fsm_msgs/include/fsm_msgs/msg/detail/mission_state__struct.h
-- Installing: /ros2_ws/install/fsm_msgs/include/fsm_msgs/msg/detail/fsm_event__functions.h
-- Installing: /ros2_ws/install/fsm_msgs/include/fsm_msgs/msg/detail/mission_state__functions.c
-- Installing: /ros2_ws/install/fsm_msgs/include/fsm_msgs/msg/detail/current_mode__functions.h
-- Installing: /ros2_ws/install/fsm_msgs/include/fsm_msgs/msg/detail/fsm_event__struct.h
-- Installing: /ros2_ws/install/fsm_msgs/include/fsm_msgs/msg/detail/fsm_event__type_support.h
-- Installing: /ros2_ws/install/fsm_msgs/include/fsm_msgs/msg/detail/current_mode__struct.h
-- Installing: /ros2_ws/install/fsm_msgs/include/fsm_msgs/msg/detail/mission_state__type_support.h
-- Installing: /ros2_ws/install/fsm_msgs/include/fsm_msgs/msg/detail/current_mode__functions.c
-- Installing: /ros2_ws/install/fsm_msgs/include/fsm_msgs/msg/detail/mission_state__functions.h
-- Installing: /ros2_ws/install/fsm_msgs/include/fsm_msgs/msg/detail/fsm_event__functions.c
-- Installing: /ros2_ws/install/fsm_msgs/share/fsm_msgs/environment/library_path.sh
-- Installing: /ros2_ws/install/fsm_msgs/share/fsm_msgs/environment/library_path.dsv
-- Installing: /ros2_ws/install/fsm_msgs/lib/libfsm_msgs__rosidl_generator_c.so
-- Set runtime path of "/ros2_ws/install/fsm_msgs/lib/libfsm_msgs__rosidl_generator_c.so" to ""
-- Up-to-date: /ros2_ws/install/fsm_msgs/include/fsm_msgs
-- Up-to-date: /ros2_ws/install/fsm_msgs/include/fsm_msgs/msg
-- Up-to-date: /ros2_ws/install/fsm_msgs/include/fsm_msgs/msg/detail
-- Installing: /ros2_ws/install/fsm_msgs/include/fsm_msgs/msg/detail/current_mode__rosidl_typesupport_fastrtps_c.h
-- Installing: /ros2_ws/install/fsm_msgs/include/fsm_msgs/msg/detail/mission_state__rosidl_typesupport_fastrtps_c.h
-- Installing: /ros2_ws/install/fsm_msgs/include/fsm_msgs/msg/detail/fsm_event__rosidl_typesupport_fastrtps_c.h
-- Installing: /ros2_ws/install/fsm_msgs/include/fsm_msgs/msg/rosidl_typesupport_fastrtps_c__visibility_control.h
-- Installing: /ros2_ws/install/fsm_msgs/lib/libfsm_msgs__rosidl_typesupport_fastrtps_c.so
-- Set runtime path of "/ros2_ws/install/fsm_msgs/lib/libfsm_msgs__rosidl_typesupport_fastrtps_c.so" to ""
-- Up-to-date: /ros2_ws/install/fsm_msgs/include/fsm_msgs
-- Up-to-date: /ros2_ws/install/fsm_msgs/include/fsm_msgs/msg
-- Installing: /ros2_ws/install/fsm_msgs/include/fsm_msgs/msg/rosidl_typesupport_fastrtps_cpp__visibility_control.h
-- Up-to-date: /ros2_ws/install/fsm_msgs/include/fsm_msgs/msg/detail
-- Installing: /ros2_ws/install/fsm_msgs/include/fsm_msgs/msg/detail/current_mode__rosidl_typesupport_fastrtps_cpp.hpp
-- Installing: /ros2_ws/install/fsm_msgs/include/fsm_msgs/msg/detail/dds_fastrtps
-- Installing: /ros2_ws/install/fsm_msgs/include/fsm_msgs/msg/detail/fsm_event__rosidl_typesupport_fastrtps_cpp.hpp
-- Installing: /ros2_ws/install/fsm_msgs/include/fsm_msgs/msg/detail/mission_state__rosidl_typesupport_fastrtps_cpp.hpp
-- Installing: /ros2_ws/install/fsm_msgs/lib/libfsm_msgs__rosidl_typesupport_fastrtps_cpp.so
-- Set runtime path of "/ros2_ws/install/fsm_msgs/lib/libfsm_msgs__rosidl_typesupport_fastrtps_cpp.so" to ""
-- Up-to-date: /ros2_ws/install/fsm_msgs/include/fsm_msgs
-- Up-to-date: /ros2_ws/install/fsm_msgs/include/fsm_msgs/msg
-- Up-to-date: /ros2_ws/install/fsm_msgs/include/fsm_msgs/msg/detail
-- Installing: /ros2_ws/install/fsm_msgs/include/fsm_msgs/msg/detail/mission_state__type_support.c
-- Installing: /ros2_ws/install/fsm_msgs/include/fsm_msgs/msg/detail/mission_state__rosidl_typesupport_introspection_c.h
-- Installing: /ros2_ws/install/fsm_msgs/include/fsm_msgs/msg/detail/current_mode__rosidl_typesupport_introspection_c.h
-- Installing: /ros2_ws/install/fsm_msgs/include/fsm_msgs/msg/detail/current_mode__type_support.c
-- Installing: /ros2_ws/install/fsm_msgs/include/fsm_msgs/msg/detail/fsm_event__rosidl_typesupport_introspection_c.h
-- Installing: /ros2_ws/install/fsm_msgs/include/fsm_msgs/msg/detail/fsm_event__type_support.c
-- Installing: /ros2_ws/install/fsm_msgs/include/fsm_msgs/msg/rosidl_typesupport_introspection_c__visibility_control.h
-- Installing: /ros2_ws/install/fsm_msgs/lib/libfsm_msgs__rosidl_typesupport_introspection_c.so
-- Set runtime path of "/ros2_ws/install/fsm_msgs/lib/libfsm_msgs__rosidl_typesupport_introspection_c.so" to ""
-- Installing: /ros2_ws/install/fsm_msgs/lib/libfsm_msgs__rosidl_typesupport_c.so
-- Set runtime path of "/ros2_ws/install/fsm_msgs/lib/libfsm_msgs__rosidl_typesupport_c.so" to ""
-- Up-to-date: /ros2_ws/install/fsm_msgs/include/fsm_msgs
-- Up-to-date: /ros2_ws/install/fsm_msgs/include/fsm_msgs/msg
-- Installing: /ros2_ws/install/fsm_msgs/include/fsm_msgs/msg/fsm_event.hpp
-- Installing: /ros2_ws/install/fsm_msgs/include/fsm_msgs/msg/current_mode.hpp
-- Installing: /ros2_ws/install/fsm_msgs/include/fsm_msgs/msg/mission_state.hpp
-- Up-to-date: /ros2_ws/install/fsm_msgs/include/fsm_msgs/msg/detail
-- Installing: /ros2_ws/install/fsm_msgs/include/fsm_msgs/msg/detail/mission_state__type_support.hpp
-- Installing: /ros2_ws/install/fsm_msgs/include/fsm_msgs/msg/detail/mission_state__builder.hpp
-- Installing: /ros2_ws/install/fsm_msgs/include/fsm_msgs/msg/detail/mission_state__traits.hpp
-- Installing: /ros2_ws/install/fsm_msgs/include/fsm_msgs/msg/detail/fsm_event__struct.hpp
-- Installing: /ros2_ws/install/fsm_msgs/include/fsm_msgs/msg/detail/current_mode__struct.hpp
-- Installing: /ros2_ws/install/fsm_msgs/include/fsm_msgs/msg/detail/current_mode__type_support.hpp
-- Installing: /ros2_ws/install/fsm_msgs/include/fsm_msgs/msg/detail/fsm_event__type_support.hpp
-- Installing: /ros2_ws/install/fsm_msgs/include/fsm_msgs/msg/detail/fsm_event__traits.hpp
-- Installing: /ros2_ws/install/fsm_msgs/include/fsm_msgs/msg/detail/current_mode__builder.hpp
-- Installing: /ros2_ws/install/fsm_msgs/include/fsm_msgs/msg/detail/mission_state__struct.hpp
-- Installing: /ros2_ws/install/fsm_msgs/include/fsm_msgs/msg/detail/fsm_event__builder.hpp
-- Installing: /ros2_ws/install/fsm_msgs/include/fsm_msgs/msg/detail/current_mode__traits.hpp
-- Installing: /ros2_ws/install/fsm_msgs/include/fsm_msgs/msg/rosidl_generator_cpp__visibility_control.hpp
-- Up-to-date: /ros2_ws/install/fsm_msgs/include/fsm_msgs
-- Up-to-date: /ros2_ws/install/fsm_msgs/include/fsm_msgs/msg
-- Up-to-date: /ros2_ws/install/fsm_msgs/include/fsm_msgs/msg/detail
-- Installing: /ros2_ws/install/fsm_msgs/include/fsm_msgs/msg/detail/current_mode__rosidl_typesupport_introspection_cpp.hpp
-- Installing: /ros2_ws/install/fsm_msgs/include/fsm_msgs/msg/detail/fsm_event__type_support.cpp
-- Installing: /ros2_ws/install/fsm_msgs/include/fsm_msgs/msg/detail/fsm_event__rosidl_typesupport_introspection_cpp.hpp
-- Installing: /ros2_ws/install/fsm_msgs/include/fsm_msgs/msg/detail/current_mode__type_support.cpp
-- Installing: /ros2_ws/install/fsm_msgs/include/fsm_msgs/msg/detail/mission_state__rosidl_typesupport_introspection_cpp.hpp
-- Installing: /ros2_ws/install/fsm_msgs/include/fsm_msgs/msg/detail/mission_state__type_support.cpp
-- Installing: /ros2_ws/install/fsm_msgs/lib/libfsm_msgs__rosidl_typesupport_introspection_cpp.so
-- Set runtime path of "/ros2_ws/install/fsm_msgs/lib/libfsm_msgs__rosidl_typesupport_introspection_cpp.so" to ""
-- Installing: /ros2_ws/install/fsm_msgs/lib/libfsm_msgs__rosidl_typesupport_cpp.so
-- Set runtime path of "/ros2_ws/install/fsm_msgs/lib/libfsm_msgs__rosidl_typesupport_cpp.so" to ""
-- Installing: /ros2_ws/install/fsm_msgs/share/fsm_msgs/environment/pythonpath.sh
-- Installing: /ros2_ws/install/fsm_msgs/share/fsm_msgs/environment/pythonpath.dsv
-- Installing: /ros2_ws/install/fsm_msgs/lib/python3.8/site-packages/fsm_msgs/__init__.py
Compiling '/ros2_ws/install/fsm_msgs/lib/python3.8/site-packages/fsm_msgs/__init__.py'...
-- Installing: /ros2_ws/install/fsm_msgs/lib/python3.8/site-packages/fsm_msgs/msg
-- Installing: /ros2_ws/install/fsm_msgs/lib/python3.8/site-packages/fsm_msgs/msg/_current_mode.py
-- Installing: /ros2_ws/install/fsm_msgs/lib/python3.8/site-packages/fsm_msgs/msg/_fsm_event.py
-- Installing: /ros2_ws/install/fsm_msgs/lib/python3.8/site-packages/fsm_msgs/msg/_mission_state_s.c
-- Installing: /ros2_ws/install/fsm_msgs/lib/python3.8/site-packages/fsm_msgs/msg/__init__.py
-- Installing: /ros2_ws/install/fsm_msgs/lib/python3.8/site-packages/fsm_msgs/msg/_fsm_event_s.c
-- Installing: /ros2_ws/install/fsm_msgs/lib/python3.8/site-packages/fsm_msgs/msg/_mission_state.py
-- Installing: /ros2_ws/install/fsm_msgs/lib/python3.8/site-packages/fsm_msgs/msg/_current_mode_s.c
-- Installing: /ros2_ws/install/fsm_msgs/lib/python3.8/site-packages/fsm_msgs/fsm_msgs_s__rosidl_typesupport_fastrtps_c.cpython-38-x86_64-linux-gnu.so
-- Set runtime path of "/ros2_ws/install/fsm_msgs/lib/python3.8/site-packages/fsm_msgs/fsm_msgs_s__rosidl_typesupport_fastrtps_c.cpython-38-x86_64-linux-gnu.so" to ""
-- Installing: /ros2_ws/install/fsm_msgs/lib/python3.8/site-packages/fsm_msgs/fsm_msgs_s__rosidl_typesupport_introspection_c.cpython-38-x86_64-linux-gnu.so
-- Set runtime path of "/ros2_ws/install/fsm_msgs/lib/python3.8/site-packages/fsm_msgs/fsm_msgs_s__rosidl_typesupport_introspection_c.cpython-38-x86_64-linux-gnu.so" to ""
-- Installing: /ros2_ws/install/fsm_msgs/lib/python3.8/site-packages/fsm_msgs/fsm_msgs_s__rosidl_typesupport_c.cpython-38-x86_64-linux-gnu.so
-- Set runtime path of "/ros2_ws/install/fsm_msgs/lib/python3.8/site-packages/fsm_msgs/fsm_msgs_s__rosidl_typesupport_c.cpython-38-x86_64-linux-gnu.so" to ""
-- Installing: /ros2_ws/install/fsm_msgs/lib/libfsm_msgs__python.so
-- Set runtime path of "/ros2_ws/install/fsm_msgs/lib/libfsm_msgs__python.so" to ""
-- Installing: /ros2_ws/install/fsm_msgs/share/fsm_msgs/msg/CurrentMode.idl
-- Installing: /ros2_ws/install/fsm_msgs/share/fsm_msgs/msg/MissionState.idl
-- Installing: /ros2_ws/install/fsm_msgs/share/fsm_msgs/msg/FSMEvent.idl
-- Installing: /ros2_ws/install/fsm_msgs/share/fsm_msgs/msg/CurrentMode.msg
-- Installing: /ros2_ws/install/fsm_msgs/share/fsm_msgs/msg/MissionState.msg
-- Installing: /ros2_ws/install/fsm_msgs/share/fsm_msgs/msg/FSMEvent.msg
-- Installing: /ros2_ws/install/fsm_msgs/share/ament_index/resource_index/package_run_dependencies/fsm_msgs
-- Installing: /ros2_ws/install/fsm_msgs/share/ament_index/resource_index/parent_prefix_path/fsm_msgs
-- Installing: /ros2_ws/install/fsm_msgs/share/fsm_msgs/environment/ament_prefix_path.sh
-- Installing: /ros2_ws/install/fsm_msgs/share/fsm_msgs/environment/ament_prefix_path.dsv
-- Installing: /ros2_ws/install/fsm_msgs/share/fsm_msgs/environment/path.sh
-- Installing: /ros2_ws/install/fsm_msgs/share/fsm_msgs/environment/path.dsv
-- Installing: /ros2_ws/install/fsm_msgs/share/fsm_msgs/local_setup.bash
-- Installing: /ros2_ws/install/fsm_msgs/share/fsm_msgs/local_setup.sh
-- Installing: /ros2_ws/install/fsm_msgs/share/fsm_msgs/local_setup.zsh
-- Installing: /ros2_ws/install/fsm_msgs/share/fsm_msgs/local_setup.dsv
-- Installing: /ros2_ws/install/fsm_msgs/share/fsm_msgs/package.dsv
-- Installing: /ros2_ws/install/fsm_msgs/share/ament_index/resource_index/packages/fsm_msgs
-- Installing: /ros2_ws/install/fsm_msgs/share/fsm_msgs/cmake/fsm_msgs__rosidl_generator_cExport.cmake
-- Installing: /ros2_ws/install/fsm_msgs/share/fsm_msgs/cmake/fsm_msgs__rosidl_generator_cExport-noconfig.cmake
-- Installing: /ros2_ws/install/fsm_msgs/share/fsm_msgs/cmake/fsm_msgs__rosidl_typesupport_introspection_cExport.cmake
-- Installing: /ros2_ws/install/fsm_msgs/share/fsm_msgs/cmake/fsm_msgs__rosidl_typesupport_introspection_cExport-noconfig.cmake
-- Installing: /ros2_ws/install/fsm_msgs/share/fsm_msgs/cmake/fsm_msgs__rosidl_typesupport_cExport.cmake
-- Installing: /ros2_ws/install/fsm_msgs/share/fsm_msgs/cmake/fsm_msgs__rosidl_typesupport_cExport-noconfig.cmake
-- Installing: /ros2_ws/install/fsm_msgs/share/fsm_msgs/cmake/fsm_msgs__rosidl_generator_cppExport.cmake
-- Installing: /ros2_ws/install/fsm_msgs/share/fsm_msgs/cmake/fsm_msgs__rosidl_typesupport_introspection_cppExport.cmake
-- Installing: /ros2_ws/install/fsm_msgs/share/fsm_msgs/cmake/fsm_msgs__rosidl_typesupport_introspection_cppExport-noconfig.cmake
-- Installing: /ros2_ws/install/fsm_msgs/share/fsm_msgs/cmake/fsm_msgs__rosidl_typesupport_cppExport.cmake
-- Installing: /ros2_ws/install/fsm_msgs/share/fsm_msgs/cmake/fsm_msgs__rosidl_typesupport_cppExport-noconfig.cmake
-- Installing: /ros2_ws/install/fsm_msgs/share/fsm_msgs/cmake/rosidl_cmake-extras.cmake
-- Installing: /ros2_ws/install/fsm_msgs/share/fsm_msgs/cmake/ament_cmake_export_dependencies-extras.cmake
-- Installing: /ros2_ws/install/fsm_msgs/share/fsm_msgs/cmake/ament_cmake_export_libraries-extras.cmake
-- Installing: /ros2_ws/install/fsm_msgs/share/fsm_msgs/cmake/ament_cmake_export_targets-extras.cmake
-- Installing: /ros2_ws/install/fsm_msgs/share/fsm_msgs/cmake/ament_cmake_export_include_directories-extras.cmake
-- Installing: /ros2_ws/install/fsm_msgs/share/fsm_msgs/cmake/rosidl_cmake_export_typesupport_libraries-extras.cmake
-- Installing: /ros2_ws/install/fsm_msgs/share/fsm_msgs/cmake/rosidl_cmake_export_typesupport_targets-extras.cmake
-- Installing: /ros2_ws/install/fsm_msgs/share/fsm_msgs/cmake/fsm_msgsConfig.cmake
-- Installing: /ros2_ws/install/fsm_msgs/share/fsm_msgs/cmake/fsm_msgsConfig-version.cmake
-- Installing: /ros2_ws/install/fsm_msgs/share/fsm_msgs/package.xml
