[0.059s] Invoking command in '/ros2_ws/build/fsm_msgs': CMAKE_PREFIX_PATH=/opt/ros/foxy /usr/bin/cmake --build /ros2_ws/build/fsm_msgs -- -j10 -l10
[0.301s] [35m[1mScanning dependencies of target fsm_msgs__cpp[0m
[0.318s] [  2%] [34m[1mGenerating C code for ROS interfaces[0m
[0.440s] [  4%] [34m[1mGenerating C++ code for ROS interfaces[0m
[1.527s] [35m[1mScanning dependencies of target fsm_msgs__rosidl_generator_c[0m
[1.653s] [  4%] Built target fsm_msgs__cpp
[1.783s] [  8%] [32mBuilding C object CMakeFiles/fsm_msgs__rosidl_generator_c.dir/rosidl_generator_c/fsm_msgs/msg/detail/fsm_event__functions.c.o[0m
[1.790s] [  8%] [32mBuilding C object CMakeFiles/fsm_msgs__rosidl_generator_c.dir/rosidl_generator_c/fsm_msgs/msg/detail/current_mode__functions.c.o[0m
[1.809s] [ 10%] [32mBuilding C object CMakeFiles/fsm_msgs__rosidl_generator_c.dir/rosidl_generator_c/fsm_msgs/msg/detail/mission_state__functions.c.o[0m
[1.931s] [ 12%] [34m[1mGenerating C++ introspection for ROS interfaces[0m
[1.956s] [ 17%] [34m[1mGenerating C++ type support for eProsima Fast-RTPS[0m
[1.957s] [ 17%] [34m[1mGenerating C++ type support dispatch for ROS interfaces[0m
[3.028s] [ 19%] [32m[1mLinking C shared library libfsm_msgs__rosidl_generator_c.so[0m
[3.768s] [35m[1mScanning dependencies of target fsm_msgs__rosidl_typesupport_introspection_cpp[0m
[3.857s] [ 19%] Built target fsm_msgs__rosidl_generator_c
[3.932s] [35m[1mScanning dependencies of target fsm_msgs__rosidl_typesupport_cpp[0m
[4.054s] [ 23%] [34m[1mGenerating C introspection for ROS interfaces[0m
[4.054s] [ 23%] [34m[1mGenerating C type support dispatch for ROS interfaces[0m
[4.117s] [ 25%] [32mBuilding CXX object CMakeFiles/fsm_msgs__rosidl_typesupport_introspection_cpp.dir/rosidl_typesupport_introspection_cpp/fsm_msgs/msg/detail/current_mode__type_support.cpp.o[0m
[4.133s] [ 27%] [32mBuilding CXX object CMakeFiles/fsm_msgs__rosidl_typesupport_introspection_cpp.dir/rosidl_typesupport_introspection_cpp/fsm_msgs/msg/detail/fsm_event__type_support.cpp.o[0m
[4.180s] [ 29%] [32mBuilding CXX object CMakeFiles/fsm_msgs__rosidl_typesupport_introspection_cpp.dir/rosidl_typesupport_introspection_cpp/fsm_msgs/msg/detail/mission_state__type_support.cpp.o[0m
[4.222s] [ 31%] [32mBuilding CXX object CMakeFiles/fsm_msgs__rosidl_typesupport_cpp.dir/rosidl_typesupport_cpp/fsm_msgs/msg/current_mode__type_support.cpp.o[0m
[4.276s] [ 34%] [32mBuilding CXX object CMakeFiles/fsm_msgs__rosidl_typesupport_cpp.dir/rosidl_typesupport_cpp/fsm_msgs/msg/mission_state__type_support.cpp.o[0m
[4.363s] [35m[1mScanning dependencies of target fsm_msgs__rosidl_typesupport_fastrtps_cpp[0m
[4.364s] [ 36%] [32mBuilding CXX object CMakeFiles/fsm_msgs__rosidl_typesupport_cpp.dir/rosidl_typesupport_cpp/fsm_msgs/msg/fsm_event__type_support.cpp.o[0m
[5.080s] [35m[1mScanning dependencies of target fsm_msgs__rosidl_typesupport_c[0m
[5.344s] [ 40%] [32mBuilding CXX object CMakeFiles/fsm_msgs__rosidl_typesupport_fastrtps_cpp.dir/rosidl_typesupport_fastrtps_cpp/fsm_msgs/msg/detail/dds_fastrtps/current_mode__type_support.cpp.o[0m
[5.344s] [ 40%] [32mBuilding CXX object CMakeFiles/fsm_msgs__rosidl_typesupport_fastrtps_cpp.dir/rosidl_typesupport_fastrtps_cpp/fsm_msgs/msg/detail/dds_fastrtps/mission_state__type_support.cpp.o[0m
[5.696s] [ 42%] [32mBuilding CXX object CMakeFiles/fsm_msgs__rosidl_typesupport_c.dir/rosidl_typesupport_c/fsm_msgs/msg/current_mode__type_support.cpp.o[0m
[6.228s] [35m[1mScanning dependencies of target fsm_msgs__rosidl_typesupport_introspection_c[0m
[6.573s] [ 44%] [32mBuilding CXX object CMakeFiles/fsm_msgs__rosidl_typesupport_c.dir/rosidl_typesupport_c/fsm_msgs/msg/mission_state__type_support.cpp.o[0m
[6.608s] [ 46%] [32mBuilding C object CMakeFiles/fsm_msgs__rosidl_typesupport_introspection_c.dir/rosidl_typesupport_introspection_c/fsm_msgs/msg/detail/current_mode__type_support.c.o[0m
[7.403s] [ 48%] [32mBuilding CXX object CMakeFiles/fsm_msgs__rosidl_typesupport_fastrtps_cpp.dir/rosidl_typesupport_fastrtps_cpp/fsm_msgs/msg/detail/dds_fastrtps/fsm_event__type_support.cpp.o[0m
[7.560s] [ 51%] [32mBuilding C object CMakeFiles/fsm_msgs__rosidl_typesupport_introspection_c.dir/rosidl_typesupport_introspection_c/fsm_msgs/msg/detail/mission_state__type_support.c.o[0m
[7.611s] [ 53%] [32mBuilding C object CMakeFiles/fsm_msgs__rosidl_typesupport_introspection_c.dir/rosidl_typesupport_introspection_c/fsm_msgs/msg/detail/fsm_event__type_support.c.o[0m
[7.670s] [ 55%] [32mBuilding CXX object CMakeFiles/fsm_msgs__rosidl_typesupport_c.dir/rosidl_typesupport_c/fsm_msgs/msg/fsm_event__type_support.cpp.o[0m
[7.816s] [ 57%] [32m[1mLinking CXX shared library libfsm_msgs__rosidl_typesupport_introspection_cpp.so[0m
[7.955s] [ 59%] [32m[1mLinking CXX shared library libfsm_msgs__rosidl_typesupport_cpp.so[0m
[8.506s] [ 61%] [32m[1mLinking CXX shared library libfsm_msgs__rosidl_typesupport_c.so[0m
[8.810s] [ 61%] Built target fsm_msgs__rosidl_typesupport_introspection_cpp
[8.864s] [ 63%] [32m[1mLinking C shared library libfsm_msgs__rosidl_typesupport_introspection_c.so[0m
[8.865s] [ 63%] Built target fsm_msgs__rosidl_typesupport_cpp
[9.111s] [ 63%] Built target fsm_msgs__rosidl_typesupport_c
[9.298s] [ 63%] Built target fsm_msgs__rosidl_typesupport_introspection_c
[9.537s] [ 65%] [32m[1mLinking CXX shared library libfsm_msgs__rosidl_typesupport_fastrtps_cpp.so[0m
[10.168s] [ 65%] Built target fsm_msgs__rosidl_typesupport_fastrtps_cpp
[10.448s] [ 68%] [34m[1mGenerating C type support for eProsima Fast-RTPS[0m
[12.153s] [35m[1mScanning dependencies of target fsm_msgs__rosidl_typesupport_fastrtps_c[0m
[12.638s] [ 70%] [32mBuilding CXX object CMakeFiles/fsm_msgs__rosidl_typesupport_fastrtps_c.dir/rosidl_typesupport_fastrtps_c/fsm_msgs/msg/detail/current_mode__type_support_c.cpp.o[0m
[12.671s] [ 72%] [32mBuilding CXX object CMakeFiles/fsm_msgs__rosidl_typesupport_fastrtps_c.dir/rosidl_typesupport_fastrtps_c/fsm_msgs/msg/detail/fsm_event__type_support_c.cpp.o[0m
[12.756s] [ 74%] [32mBuilding CXX object CMakeFiles/fsm_msgs__rosidl_typesupport_fastrtps_c.dir/rosidl_typesupport_fastrtps_c/fsm_msgs/msg/detail/mission_state__type_support_c.cpp.o[0m
[14.963s] [ 76%] [32m[1mLinking CXX shared library libfsm_msgs__rosidl_typesupport_fastrtps_c.so[0m
[15.459s] [ 76%] Built target fsm_msgs__rosidl_typesupport_fastrtps_c
[15.671s] [35m[1mScanning dependencies of target fsm_msgs[0m
[15.905s] [ 76%] Built target fsm_msgs
[16.219s] [35m[1mScanning dependencies of target fsm_msgs__py[0m
[16.455s] [ 78%] [34m[1mGenerating Python code for ROS interfaces[0m
[18.446s] [ 78%] Built target fsm_msgs__py
[18.547s] [35m[1mScanning dependencies of target fsm_msgs__python[0m
[18.725s] [ 82%] [32mBuilding C object CMakeFiles/fsm_msgs__python.dir/rosidl_generator_py/fsm_msgs/msg/_fsm_event_s.c.o[0m
[18.725s] [ 82%] [32mBuilding C object CMakeFiles/fsm_msgs__python.dir/rosidl_generator_py/fsm_msgs/msg/_current_mode_s.c.o[0m
[18.732s] [ 85%] [32mBuilding C object CMakeFiles/fsm_msgs__python.dir/rosidl_generator_py/fsm_msgs/msg/_mission_state_s.c.o[0m
[19.191s] [ 87%] [32m[1mLinking C shared library rosidl_generator_py/fsm_msgs/libfsm_msgs__python.so[0m
[19.470s] [ 87%] Built target fsm_msgs__python
[19.557s] [35m[1mScanning dependencies of target fsm_msgs__rosidl_typesupport_c__pyext[0m
[19.575s] [35m[1mScanning dependencies of target fsm_msgs__rosidl_typesupport_introspection_c__pyext[0m
[19.579s] [35m[1mScanning dependencies of target fsm_msgs__rosidl_typesupport_fastrtps_c__pyext[0m
[19.758s] [ 89%] [32mBuilding C object CMakeFiles/fsm_msgs__rosidl_typesupport_c__pyext.dir/rosidl_generator_py/fsm_msgs/_fsm_msgs_s.ep.rosidl_typesupport_c.c.o[0m
[19.797s] [ 91%] [32mBuilding C object CMakeFiles/fsm_msgs__rosidl_typesupport_introspection_c__pyext.dir/rosidl_generator_py/fsm_msgs/_fsm_msgs_s.ep.rosidl_typesupport_introspection_c.c.o[0m
[19.798s] [ 93%] [32mBuilding C object CMakeFiles/fsm_msgs__rosidl_typesupport_fastrtps_c__pyext.dir/rosidl_generator_py/fsm_msgs/_fsm_msgs_s.ep.rosidl_typesupport_fastrtps_c.c.o[0m
[20.293s] [ 95%] [32m[1mLinking C shared library rosidl_generator_py/fsm_msgs/fsm_msgs_s__rosidl_typesupport_c.cpython-38-x86_64-linux-gnu.so[0m
[20.422s] [100%] [32m[1mLinking CXX shared library rosidl_generator_py/fsm_msgs/fsm_msgs_s__rosidl_typesupport_fastrtps_c.cpython-38-x86_64-linux-gnu.so[0m
[20.422s] [ 97%] [32m[1mLinking C shared library rosidl_generator_py/fsm_msgs/fsm_msgs_s__rosidl_typesupport_introspection_c.cpython-38-x86_64-linux-gnu.so[0m
[20.600s] [100%] Built target fsm_msgs__rosidl_typesupport_c__pyext
[20.740s] [100%] Built target fsm_msgs__rosidl_typesupport_introspection_c__pyext
[20.756s] [100%] Built target fsm_msgs__rosidl_typesupport_fastrtps_c__pyext
[20.828s] Invoked command in '/ros2_ws/build/fsm_msgs' returned '0': CMAKE_PREFIX_PATH=/opt/ros/foxy /usr/bin/cmake --build /ros2_ws/build/fsm_msgs -- -j10 -l10
[22.774s] Invoking command in '/ros2_ws/build/fsm_msgs': CMAKE_PREFIX_PATH=/opt/ros/foxy /usr/bin/cmake --install /ros2_ws/build/fsm_msgs
[22.832s] -- Install configuration: ""
[22.837s] -- Installing: /ros2_ws/install/fsm_msgs/share/ament_index/resource_index/rosidl_interfaces/fsm_msgs
[22.842s] -- Installing: /ros2_ws/install/fsm_msgs/include/fsm_msgs
[22.846s] -- Installing: /ros2_ws/install/fsm_msgs/include/fsm_msgs/msg
[22.847s] -- Installing: /ros2_ws/install/fsm_msgs/include/fsm_msgs/msg/rosidl_generator_c__visibility_control.h
[22.850s] -- Installing: /ros2_ws/install/fsm_msgs/include/fsm_msgs/msg/current_mode.h
[22.853s] -- Installing: /ros2_ws/install/fsm_msgs/include/fsm_msgs/msg/fsm_event.h
[22.856s] -- Installing: /ros2_ws/install/fsm_msgs/include/fsm_msgs/msg/mission_state.h
[22.861s] -- Installing: /ros2_ws/install/fsm_msgs/include/fsm_msgs/msg/detail
[22.863s] -- Installing: /ros2_ws/install/fsm_msgs/include/fsm_msgs/msg/detail/current_mode__type_support.h
[22.866s] -- Installing: /ros2_ws/install/fsm_msgs/include/fsm_msgs/msg/detail/mission_state__struct.h
[22.870s] -- Installing: /ros2_ws/install/fsm_msgs/include/fsm_msgs/msg/detail/fsm_event__functions.h
[22.874s] -- Installing: /ros2_ws/install/fsm_msgs/include/fsm_msgs/msg/detail/mission_state__functions.c
[22.877s] -- Installing: /ros2_ws/install/fsm_msgs/include/fsm_msgs/msg/detail/current_mode__functions.h
[22.881s] -- Installing: /ros2_ws/install/fsm_msgs/include/fsm_msgs/msg/detail/fsm_event__struct.h
[22.884s] -- Installing: /ros2_ws/install/fsm_msgs/include/fsm_msgs/msg/detail/fsm_event__type_support.h
[22.886s] -- Installing: /ros2_ws/install/fsm_msgs/include/fsm_msgs/msg/detail/current_mode__struct.h
[22.889s] -- Installing: /ros2_ws/install/fsm_msgs/include/fsm_msgs/msg/detail/mission_state__type_support.h
[22.894s] -- Installing: /ros2_ws/install/fsm_msgs/include/fsm_msgs/msg/detail/current_mode__functions.c
[22.897s] -- Installing: /ros2_ws/install/fsm_msgs/include/fsm_msgs/msg/detail/mission_state__functions.h
[22.901s] -- Installing: /ros2_ws/install/fsm_msgs/include/fsm_msgs/msg/detail/fsm_event__functions.c
[22.904s] -- Installing: /ros2_ws/install/fsm_msgs/share/fsm_msgs/environment/library_path.sh
[22.907s] -- Installing: /ros2_ws/install/fsm_msgs/share/fsm_msgs/environment/library_path.dsv
[22.911s] -- Installing: /ros2_ws/install/fsm_msgs/lib/libfsm_msgs__rosidl_generator_c.so
[22.915s] -- Set runtime path of "/ros2_ws/install/fsm_msgs/lib/libfsm_msgs__rosidl_generator_c.so" to ""
[22.916s] -- Up-to-date: /ros2_ws/install/fsm_msgs/include/fsm_msgs
[22.916s] -- Up-to-date: /ros2_ws/install/fsm_msgs/include/fsm_msgs/msg
[22.917s] -- Up-to-date: /ros2_ws/install/fsm_msgs/include/fsm_msgs/msg/detail
[22.918s] -- Installing: /ros2_ws/install/fsm_msgs/include/fsm_msgs/msg/detail/current_mode__rosidl_typesupport_fastrtps_c.h
[22.920s] -- Installing: /ros2_ws/install/fsm_msgs/include/fsm_msgs/msg/detail/mission_state__rosidl_typesupport_fastrtps_c.h
[22.924s] -- Installing: /ros2_ws/install/fsm_msgs/include/fsm_msgs/msg/detail/fsm_event__rosidl_typesupport_fastrtps_c.h
[22.927s] -- Installing: /ros2_ws/install/fsm_msgs/include/fsm_msgs/msg/rosidl_typesupport_fastrtps_c__visibility_control.h
[22.930s] -- Installing: /ros2_ws/install/fsm_msgs/lib/libfsm_msgs__rosidl_typesupport_fastrtps_c.so
[22.936s] -- Set runtime path of "/ros2_ws/install/fsm_msgs/lib/libfsm_msgs__rosidl_typesupport_fastrtps_c.so" to ""
[22.936s] -- Up-to-date: /ros2_ws/install/fsm_msgs/include/fsm_msgs
[22.938s] -- Up-to-date: /ros2_ws/install/fsm_msgs/include/fsm_msgs/msg
[22.939s] -- Installing: /ros2_ws/install/fsm_msgs/include/fsm_msgs/msg/rosidl_typesupport_fastrtps_cpp__visibility_control.h
[22.941s] -- Up-to-date: /ros2_ws/install/fsm_msgs/include/fsm_msgs/msg/detail
[22.942s] -- Installing: /ros2_ws/install/fsm_msgs/include/fsm_msgs/msg/detail/current_mode__rosidl_typesupport_fastrtps_cpp.hpp
[22.945s] -- Installing: /ros2_ws/install/fsm_msgs/include/fsm_msgs/msg/detail/dds_fastrtps
[22.946s] -- Installing: /ros2_ws/install/fsm_msgs/include/fsm_msgs/msg/detail/fsm_event__rosidl_typesupport_fastrtps_cpp.hpp
[22.948s] -- Installing: /ros2_ws/install/fsm_msgs/include/fsm_msgs/msg/detail/mission_state__rosidl_typesupport_fastrtps_cpp.hpp
[22.952s] -- Installing: /ros2_ws/install/fsm_msgs/lib/libfsm_msgs__rosidl_typesupport_fastrtps_cpp.so
[22.958s] -- Set runtime path of "/ros2_ws/install/fsm_msgs/lib/libfsm_msgs__rosidl_typesupport_fastrtps_cpp.so" to ""
[22.960s] -- Up-to-date: /ros2_ws/install/fsm_msgs/include/fsm_msgs
[22.961s] -- Up-to-date: /ros2_ws/install/fsm_msgs/include/fsm_msgs/msg
[22.962s] -- Up-to-date: /ros2_ws/install/fsm_msgs/include/fsm_msgs/msg/detail
[22.964s] -- Installing: /ros2_ws/install/fsm_msgs/include/fsm_msgs/msg/detail/mission_state__type_support.c
[22.967s] -- Installing: /ros2_ws/install/fsm_msgs/include/fsm_msgs/msg/detail/mission_state__rosidl_typesupport_introspection_c.h
[22.973s] -- Installing: /ros2_ws/install/fsm_msgs/include/fsm_msgs/msg/detail/current_mode__rosidl_typesupport_introspection_c.h
[22.976s] -- Installing: /ros2_ws/install/fsm_msgs/include/fsm_msgs/msg/detail/current_mode__type_support.c
[22.981s] -- Installing: /ros2_ws/install/fsm_msgs/include/fsm_msgs/msg/detail/fsm_event__rosidl_typesupport_introspection_c.h
[22.986s] -- Installing: /ros2_ws/install/fsm_msgs/include/fsm_msgs/msg/detail/fsm_event__type_support.c
[22.988s] -- Installing: /ros2_ws/install/fsm_msgs/include/fsm_msgs/msg/rosidl_typesupport_introspection_c__visibility_control.h
[22.994s] -- Installing: /ros2_ws/install/fsm_msgs/lib/libfsm_msgs__rosidl_typesupport_introspection_c.so
[23.001s] -- Set runtime path of "/ros2_ws/install/fsm_msgs/lib/libfsm_msgs__rosidl_typesupport_introspection_c.so" to ""
[23.002s] -- Installing: /ros2_ws/install/fsm_msgs/lib/libfsm_msgs__rosidl_typesupport_c.so
[23.006s] -- Set runtime path of "/ros2_ws/install/fsm_msgs/lib/libfsm_msgs__rosidl_typesupport_c.so" to ""
[23.006s] -- Up-to-date: /ros2_ws/install/fsm_msgs/include/fsm_msgs
[23.008s] -- Up-to-date: /ros2_ws/install/fsm_msgs/include/fsm_msgs/msg
[23.010s] -- Installing: /ros2_ws/install/fsm_msgs/include/fsm_msgs/msg/fsm_event.hpp
[23.012s] -- Installing: /ros2_ws/install/fsm_msgs/include/fsm_msgs/msg/current_mode.hpp
[23.017s] -- Installing: /ros2_ws/install/fsm_msgs/include/fsm_msgs/msg/mission_state.hpp
[23.019s] -- Up-to-date: /ros2_ws/install/fsm_msgs/include/fsm_msgs/msg/detail
[23.021s] -- Installing: /ros2_ws/install/fsm_msgs/include/fsm_msgs/msg/detail/mission_state__type_support.hpp
[23.023s] -- Installing: /ros2_ws/install/fsm_msgs/include/fsm_msgs/msg/detail/mission_state__builder.hpp
[23.034s] -- Installing: /ros2_ws/install/fsm_msgs/include/fsm_msgs/msg/detail/mission_state__traits.hpp
[23.043s] -- Installing: /ros2_ws/install/fsm_msgs/include/fsm_msgs/msg/detail/fsm_event__struct.hpp
[23.047s] -- Installing: /ros2_ws/install/fsm_msgs/include/fsm_msgs/msg/detail/current_mode__struct.hpp
[23.053s] -- Installing: /ros2_ws/install/fsm_msgs/include/fsm_msgs/msg/detail/current_mode__type_support.hpp
[23.055s] -- Installing: /ros2_ws/install/fsm_msgs/include/fsm_msgs/msg/detail/fsm_event__type_support.hpp
[23.058s] -- Installing: /ros2_ws/install/fsm_msgs/include/fsm_msgs/msg/detail/fsm_event__traits.hpp
[23.063s] -- Installing: /ros2_ws/install/fsm_msgs/include/fsm_msgs/msg/detail/current_mode__builder.hpp
[23.070s] -- Installing: /ros2_ws/install/fsm_msgs/include/fsm_msgs/msg/detail/mission_state__struct.hpp
[23.073s] -- Installing: /ros2_ws/install/fsm_msgs/include/fsm_msgs/msg/detail/fsm_event__builder.hpp
[23.078s] -- Installing: /ros2_ws/install/fsm_msgs/include/fsm_msgs/msg/detail/current_mode__traits.hpp
[23.081s] -- Installing: /ros2_ws/install/fsm_msgs/include/fsm_msgs/msg/rosidl_generator_cpp__visibility_control.hpp
[23.085s] -- Up-to-date: /ros2_ws/install/fsm_msgs/include/fsm_msgs
[23.088s] -- Up-to-date: /ros2_ws/install/fsm_msgs/include/fsm_msgs/msg
[23.089s] -- Up-to-date: /ros2_ws/install/fsm_msgs/include/fsm_msgs/msg/detail
[23.089s] -- Installing: /ros2_ws/install/fsm_msgs/include/fsm_msgs/msg/detail/current_mode__rosidl_typesupport_introspection_cpp.hpp
[23.090s] -- Installing: /ros2_ws/install/fsm_msgs/include/fsm_msgs/msg/detail/fsm_event__type_support.cpp
[23.094s] -- Installing: /ros2_ws/install/fsm_msgs/include/fsm_msgs/msg/detail/fsm_event__rosidl_typesupport_introspection_cpp.hpp
[23.097s] -- Installing: /ros2_ws/install/fsm_msgs/include/fsm_msgs/msg/detail/current_mode__type_support.cpp
[23.099s] -- Installing: /ros2_ws/install/fsm_msgs/include/fsm_msgs/msg/detail/mission_state__rosidl_typesupport_introspection_cpp.hpp
[23.103s] -- Installing: /ros2_ws/install/fsm_msgs/include/fsm_msgs/msg/detail/mission_state__type_support.cpp
[23.104s] -- Installing: /ros2_ws/install/fsm_msgs/lib/libfsm_msgs__rosidl_typesupport_introspection_cpp.so
[23.110s] -- Set runtime path of "/ros2_ws/install/fsm_msgs/lib/libfsm_msgs__rosidl_typesupport_introspection_cpp.so" to ""
[23.111s] -- Installing: /ros2_ws/install/fsm_msgs/lib/libfsm_msgs__rosidl_typesupport_cpp.so
[23.114s] -- Set runtime path of "/ros2_ws/install/fsm_msgs/lib/libfsm_msgs__rosidl_typesupport_cpp.so" to ""
[23.115s] -- Installing: /ros2_ws/install/fsm_msgs/share/fsm_msgs/environment/pythonpath.sh
[23.119s] -- Installing: /ros2_ws/install/fsm_msgs/share/fsm_msgs/environment/pythonpath.dsv
[23.122s] -- Installing: /ros2_ws/install/fsm_msgs/lib/python3.8/site-packages/fsm_msgs/__init__.py
[23.238s] Compiling '/ros2_ws/install/fsm_msgs/lib/python3.8/site-packages/fsm_msgs/__init__.py'...
[23.243s] -- Installing: /ros2_ws/install/fsm_msgs/lib/python3.8/site-packages/fsm_msgs/msg
[23.245s] -- Installing: /ros2_ws/install/fsm_msgs/lib/python3.8/site-packages/fsm_msgs/msg/_current_mode.py
[23.248s] -- Installing: /ros2_ws/install/fsm_msgs/lib/python3.8/site-packages/fsm_msgs/msg/_fsm_event.py
[23.251s] -- Installing: /ros2_ws/install/fsm_msgs/lib/python3.8/site-packages/fsm_msgs/msg/_mission_state_s.c
[23.253s] -- Installing: /ros2_ws/install/fsm_msgs/lib/python3.8/site-packages/fsm_msgs/msg/__init__.py
[23.256s] -- Installing: /ros2_ws/install/fsm_msgs/lib/python3.8/site-packages/fsm_msgs/msg/_fsm_event_s.c
[23.257s] -- Installing: /ros2_ws/install/fsm_msgs/lib/python3.8/site-packages/fsm_msgs/msg/_mission_state.py
[23.262s] -- Installing: /ros2_ws/install/fsm_msgs/lib/python3.8/site-packages/fsm_msgs/msg/_current_mode_s.c
[23.266s] -- Installing: /ros2_ws/install/fsm_msgs/lib/python3.8/site-packages/fsm_msgs/fsm_msgs_s__rosidl_typesupport_fastrtps_c.cpython-38-x86_64-linux-gnu.so
[23.271s] -- Set runtime path of "/ros2_ws/install/fsm_msgs/lib/python3.8/site-packages/fsm_msgs/fsm_msgs_s__rosidl_typesupport_fastrtps_c.cpython-38-x86_64-linux-gnu.so" to ""
[23.272s] -- Installing: /ros2_ws/install/fsm_msgs/lib/python3.8/site-packages/fsm_msgs/fsm_msgs_s__rosidl_typesupport_introspection_c.cpython-38-x86_64-linux-gnu.so
[23.276s] -- Set runtime path of "/ros2_ws/install/fsm_msgs/lib/python3.8/site-packages/fsm_msgs/fsm_msgs_s__rosidl_typesupport_introspection_c.cpython-38-x86_64-linux-gnu.so" to ""
[23.278s] -- Installing: /ros2_ws/install/fsm_msgs/lib/python3.8/site-packages/fsm_msgs/fsm_msgs_s__rosidl_typesupport_c.cpython-38-x86_64-linux-gnu.so
[23.284s] -- Set runtime path of "/ros2_ws/install/fsm_msgs/lib/python3.8/site-packages/fsm_msgs/fsm_msgs_s__rosidl_typesupport_c.cpython-38-x86_64-linux-gnu.so" to ""
[23.285s] -- Installing: /ros2_ws/install/fsm_msgs/lib/libfsm_msgs__python.so
[23.291s] -- Set runtime path of "/ros2_ws/install/fsm_msgs/lib/libfsm_msgs__python.so" to ""
[23.294s] -- Installing: /ros2_ws/install/fsm_msgs/share/fsm_msgs/msg/CurrentMode.idl
[23.297s] -- Installing: /ros2_ws/install/fsm_msgs/share/fsm_msgs/msg/MissionState.idl
[23.301s] -- Installing: /ros2_ws/install/fsm_msgs/share/fsm_msgs/msg/FSMEvent.idl
[23.304s] -- Installing: /ros2_ws/install/fsm_msgs/share/fsm_msgs/msg/CurrentMode.msg
[23.306s] -- Installing: /ros2_ws/install/fsm_msgs/share/fsm_msgs/msg/MissionState.msg
[23.309s] -- Installing: /ros2_ws/install/fsm_msgs/share/fsm_msgs/msg/FSMEvent.msg
[23.312s] -- Installing: /ros2_ws/install/fsm_msgs/share/ament_index/resource_index/package_run_dependencies/fsm_msgs
[23.314s] -- Installing: /ros2_ws/install/fsm_msgs/share/ament_index/resource_index/parent_prefix_path/fsm_msgs
[23.317s] -- Installing: /ros2_ws/install/fsm_msgs/share/fsm_msgs/environment/ament_prefix_path.sh
[23.321s] -- Installing: /ros2_ws/install/fsm_msgs/share/fsm_msgs/environment/ament_prefix_path.dsv
[23.325s] -- Installing: /ros2_ws/install/fsm_msgs/share/fsm_msgs/environment/path.sh
[23.327s] -- Installing: /ros2_ws/install/fsm_msgs/share/fsm_msgs/environment/path.dsv
[23.330s] -- Installing: /ros2_ws/install/fsm_msgs/share/fsm_msgs/local_setup.bash
[23.336s] -- Installing: /ros2_ws/install/fsm_msgs/share/fsm_msgs/local_setup.sh
[23.343s] -- Installing: /ros2_ws/install/fsm_msgs/share/fsm_msgs/local_setup.zsh
[23.347s] -- Installing: /ros2_ws/install/fsm_msgs/share/fsm_msgs/local_setup.dsv
[23.349s] -- Installing: /ros2_ws/install/fsm_msgs/share/fsm_msgs/package.dsv
[23.352s] -- Installing: /ros2_ws/install/fsm_msgs/share/ament_index/resource_index/packages/fsm_msgs
[23.355s] -- Installing: /ros2_ws/install/fsm_msgs/share/fsm_msgs/cmake/fsm_msgs__rosidl_generator_cExport.cmake
[23.360s] -- Installing: /ros2_ws/install/fsm_msgs/share/fsm_msgs/cmake/fsm_msgs__rosidl_generator_cExport-noconfig.cmake
[23.365s] -- Installing: /ros2_ws/install/fsm_msgs/share/fsm_msgs/cmake/fsm_msgs__rosidl_typesupport_introspection_cExport.cmake
[23.367s] -- Installing: /ros2_ws/install/fsm_msgs/share/fsm_msgs/cmake/fsm_msgs__rosidl_typesupport_introspection_cExport-noconfig.cmake
[23.370s] -- Installing: /ros2_ws/install/fsm_msgs/share/fsm_msgs/cmake/fsm_msgs__rosidl_typesupport_cExport.cmake
[23.373s] -- Installing: /ros2_ws/install/fsm_msgs/share/fsm_msgs/cmake/fsm_msgs__rosidl_typesupport_cExport-noconfig.cmake
[23.376s] -- Installing: /ros2_ws/install/fsm_msgs/share/fsm_msgs/cmake/fsm_msgs__rosidl_generator_cppExport.cmake
[23.380s] -- Installing: /ros2_ws/install/fsm_msgs/share/fsm_msgs/cmake/fsm_msgs__rosidl_typesupport_introspection_cppExport.cmake
[23.383s] -- Installing: /ros2_ws/install/fsm_msgs/share/fsm_msgs/cmake/fsm_msgs__rosidl_typesupport_introspection_cppExport-noconfig.cmake
[23.386s] -- Installing: /ros2_ws/install/fsm_msgs/share/fsm_msgs/cmake/fsm_msgs__rosidl_typesupport_cppExport.cmake
[23.388s] -- Installing: /ros2_ws/install/fsm_msgs/share/fsm_msgs/cmake/fsm_msgs__rosidl_typesupport_cppExport-noconfig.cmake
[23.391s] -- Installing: /ros2_ws/install/fsm_msgs/share/fsm_msgs/cmake/rosidl_cmake-extras.cmake
[23.394s] -- Installing: /ros2_ws/install/fsm_msgs/share/fsm_msgs/cmake/ament_cmake_export_dependencies-extras.cmake
[23.397s] -- Installing: /ros2_ws/install/fsm_msgs/share/fsm_msgs/cmake/ament_cmake_export_libraries-extras.cmake
[23.400s] -- Installing: /ros2_ws/install/fsm_msgs/share/fsm_msgs/cmake/ament_cmake_export_targets-extras.cmake
[23.405s] -- Installing: /ros2_ws/install/fsm_msgs/share/fsm_msgs/cmake/ament_cmake_export_include_directories-extras.cmake
[23.409s] -- Installing: /ros2_ws/install/fsm_msgs/share/fsm_msgs/cmake/rosidl_cmake_export_typesupport_libraries-extras.cmake
[23.412s] -- Installing: /ros2_ws/install/fsm_msgs/share/fsm_msgs/cmake/rosidl_cmake_export_typesupport_targets-extras.cmake
[23.417s] -- Installing: /ros2_ws/install/fsm_msgs/share/fsm_msgs/cmake/fsm_msgsConfig.cmake
[23.419s] -- Installing: /ros2_ws/install/fsm_msgs/share/fsm_msgs/cmake/fsm_msgsConfig-version.cmake
[23.422s] -- Installing: /ros2_ws/install/fsm_msgs/share/fsm_msgs/package.xml
[23.438s] Invoked command in '/ros2_ws/build/fsm_msgs' returned '0': CMAKE_PREFIX_PATH=/opt/ros/foxy /usr/bin/cmake --install /ros2_ws/build/fsm_msgs
