[0.060s] Invoking command in '/ros2_ws/build/localization_msgs': CMAKE_PREFIX_PATH=/opt/ros/foxy /usr/bin/cmake --build /ros2_ws/build/localization_msgs -- -j10 -l10
[0.400s] [  1%] Built target localization_msgs__cpp
[0.414s] [ 12%] Built target localization_msgs__rosidl_generator_c
[0.802s] [ 46%] Built target localization_msgs__rosidl_typesupport_fastrtps_cpp
[0.808s] [ 53%] Built target localization_msgs__rosidl_typesupport_c
[0.813s] [ 53%] Built target localization_msgs__rosidl_typesupport_cpp
[0.817s] [ 57%] Built target localization_msgs__rosidl_typesupport_introspection_cpp
[0.831s] [ 69%] Built target localization_msgs__rosidl_typesupport_introspection_c
[0.967s] [ 80%] Built target localization_msgs__rosidl_typesupport_fastrtps_c
[1.094s] [ 80%] Built target localization_msgs
[1.228s] [ 81%] Built target localization_msgs__py
[1.365s] [ 91%] Built target localization_msgs__python
[1.578s] [ 94%] Built target localization_msgs__rosidl_typesupport_c__pyext
[1.623s] [ 98%] Built target localization_msgs__rosidl_typesupport_introspection_c__pyext
[1.628s] [100%] Built target localization_msgs__rosidl_typesupport_fastrtps_c__pyext
[1.698s] Invoked command in '/ros2_ws/build/localization_msgs' returned '0': CMAKE_PREFIX_PATH=/opt/ros/foxy /usr/bin/cmake --build /ros2_ws/build/localization_msgs -- -j10 -l10
[3.764s] Invoking command in '/ros2_ws/build/localization_msgs': CMAKE_PREFIX_PATH=/opt/ros/foxy /usr/bin/cmake --install /ros2_ws/build/localization_msgs
[3.804s] -- Install configuration: ""
[3.804s] -- Up-to-date: /ros2_ws/install/localization_msgs/share/ament_index/resource_index/rosidl_interfaces/localization_msgs
[3.804s] -- Up-to-date: /ros2_ws/install/localization_msgs/include/localization_msgs
[3.805s] -- Up-to-date: /ros2_ws/install/localization_msgs/include/localization_msgs/msg
[3.805s] -- Up-to-date: /ros2_ws/install/localization_msgs/include/localization_msgs/msg/map_origin.h
[3.806s] -- Up-to-date: /ros2_ws/install/localization_msgs/include/localization_msgs/msg/rosidl_generator_c__visibility_control.h
[3.806s] -- Up-to-date: /ros2_ws/install/localization_msgs/include/localization_msgs/msg/localization_odometry.h
[3.806s] -- Up-to-date: /ros2_ws/install/localization_msgs/include/localization_msgs/msg/detail
[3.807s] -- Up-to-date: /ros2_ws/install/localization_msgs/include/localization_msgs/msg/detail/map_origin__functions.h
[3.808s] -- Up-to-date: /ros2_ws/install/localization_msgs/include/localization_msgs/msg/detail/localization_diagnostics__type_support.h
[3.809s] -- Up-to-date: /ros2_ws/install/localization_msgs/include/localization_msgs/msg/detail/localization_odometry__functions.c
[3.809s] -- Up-to-date: /ros2_ws/install/localization_msgs/include/localization_msgs/msg/detail/raw_gps__functions.c
[3.810s] -- Up-to-date: /ros2_ws/install/localization_msgs/include/localization_msgs/msg/detail/localization_diagnostics__functions.c
[3.811s] -- Up-to-date: /ros2_ws/install/localization_msgs/include/localization_msgs/msg/detail/map_origin__struct.h
[3.811s] -- Up-to-date: /ros2_ws/install/localization_msgs/include/localization_msgs/msg/detail/localization_pose__type_support.h
[3.812s] -- Up-to-date: /ros2_ws/install/localization_msgs/include/localization_msgs/msg/detail/raw_gps__struct.h
[3.813s] -- Up-to-date: /ros2_ws/install/localization_msgs/include/localization_msgs/msg/detail/map_origin__type_support.h
[3.813s] -- Up-to-date: /ros2_ws/install/localization_msgs/include/localization_msgs/msg/detail/localization_odometry__struct.h
[3.814s] -- Up-to-date: /ros2_ws/install/localization_msgs/include/localization_msgs/msg/detail/localization_pose__functions.h
[3.814s] -- Up-to-date: /ros2_ws/install/localization_msgs/include/localization_msgs/msg/detail/localization_status__functions.h
[3.815s] -- Up-to-date: /ros2_ws/install/localization_msgs/include/localization_msgs/msg/detail/localization_odometry__type_support.h
[3.815s] -- Up-to-date: /ros2_ws/install/localization_msgs/include/localization_msgs/msg/detail/localization_status__struct.h
[3.816s] -- Up-to-date: /ros2_ws/install/localization_msgs/include/localization_msgs/msg/detail/localization_diagnostics__struct.h
[3.817s] -- Up-to-date: /ros2_ws/install/localization_msgs/include/localization_msgs/msg/detail/map_origin__functions.c
[3.817s] -- Up-to-date: /ros2_ws/install/localization_msgs/include/localization_msgs/msg/detail/localization_status__type_support.h
[3.818s] -- Up-to-date: /ros2_ws/install/localization_msgs/include/localization_msgs/msg/detail/localization_diagnostics__functions.h
[3.818s] -- Up-to-date: /ros2_ws/install/localization_msgs/include/localization_msgs/msg/detail/raw_gps__functions.h
[3.818s] -- Up-to-date: /ros2_ws/install/localization_msgs/include/localization_msgs/msg/detail/localization_pose__struct.h
[3.823s] -- Up-to-date: /ros2_ws/install/localization_msgs/include/localization_msgs/msg/detail/localization_odometry__functions.h
[3.824s] -- Up-to-date: /ros2_ws/install/localization_msgs/include/localization_msgs/msg/detail/raw_gps__type_support.h
[3.826s] -- Up-to-date: /ros2_ws/install/localization_msgs/include/localization_msgs/msg/detail/localization_status__functions.c
[3.827s] -- Up-to-date: /ros2_ws/install/localization_msgs/include/localization_msgs/msg/detail/localization_pose__functions.c
[3.827s] -- Up-to-date: /ros2_ws/install/localization_msgs/include/localization_msgs/msg/localization_pose.h
[3.828s] -- Up-to-date: /ros2_ws/install/localization_msgs/include/localization_msgs/msg/localization_diagnostics.h
[3.828s] -- Up-to-date: /ros2_ws/install/localization_msgs/include/localization_msgs/msg/localization_status.h
[3.829s] -- Up-to-date: /ros2_ws/install/localization_msgs/include/localization_msgs/msg/raw_gps.h
[3.830s] -- Up-to-date: /ros2_ws/install/localization_msgs/share/localization_msgs/environment/library_path.sh
[3.830s] -- Up-to-date: /ros2_ws/install/localization_msgs/share/localization_msgs/environment/library_path.dsv
[3.831s] -- Up-to-date: /ros2_ws/install/localization_msgs/lib/liblocalization_msgs__rosidl_generator_c.so
[3.831s] -- Up-to-date: /ros2_ws/install/localization_msgs/include/localization_msgs
[3.832s] -- Up-to-date: /ros2_ws/install/localization_msgs/include/localization_msgs/msg
[3.834s] -- Up-to-date: /ros2_ws/install/localization_msgs/include/localization_msgs/msg/detail
[3.835s] -- Up-to-date: /ros2_ws/install/localization_msgs/include/localization_msgs/msg/detail/raw_gps__rosidl_typesupport_fastrtps_c.h
[3.835s] -- Up-to-date: /ros2_ws/install/localization_msgs/include/localization_msgs/msg/detail/localization_status__rosidl_typesupport_fastrtps_c.h
[3.836s] -- Up-to-date: /ros2_ws/install/localization_msgs/include/localization_msgs/msg/detail/localization_diagnostics__rosidl_typesupport_fastrtps_c.h
[3.836s] -- Up-to-date: /ros2_ws/install/localization_msgs/include/localization_msgs/msg/detail/localization_pose__rosidl_typesupport_fastrtps_c.h
[3.837s] -- Up-to-date: /ros2_ws/install/localization_msgs/include/localization_msgs/msg/detail/map_origin__rosidl_typesupport_fastrtps_c.h
[3.838s] -- Up-to-date: /ros2_ws/install/localization_msgs/include/localization_msgs/msg/detail/localization_odometry__rosidl_typesupport_fastrtps_c.h
[3.839s] -- Up-to-date: /ros2_ws/install/localization_msgs/include/localization_msgs/msg/rosidl_typesupport_fastrtps_c__visibility_control.h
[3.840s] -- Up-to-date: /ros2_ws/install/localization_msgs/lib/liblocalization_msgs__rosidl_typesupport_fastrtps_c.so
[3.840s] -- Up-to-date: /ros2_ws/install/localization_msgs/include/localization_msgs
[3.842s] -- Up-to-date: /ros2_ws/install/localization_msgs/include/localization_msgs/msg
[3.843s] -- Up-to-date: /ros2_ws/install/localization_msgs/include/localization_msgs/msg/rosidl_typesupport_fastrtps_cpp__visibility_control.h
[3.843s] -- Up-to-date: /ros2_ws/install/localization_msgs/include/localization_msgs/msg/detail
[3.844s] -- Up-to-date: /ros2_ws/install/localization_msgs/include/localization_msgs/msg/detail/localization_diagnostics__rosidl_typesupport_fastrtps_cpp.hpp
[3.844s] -- Up-to-date: /ros2_ws/install/localization_msgs/include/localization_msgs/msg/detail/map_origin__rosidl_typesupport_fastrtps_cpp.hpp
[3.845s] -- Up-to-date: /ros2_ws/install/localization_msgs/include/localization_msgs/msg/detail/raw_gps__rosidl_typesupport_fastrtps_cpp.hpp
[3.845s] -- Up-to-date: /ros2_ws/install/localization_msgs/include/localization_msgs/msg/detail/localization_status__rosidl_typesupport_fastrtps_cpp.hpp
[3.846s] -- Up-to-date: /ros2_ws/install/localization_msgs/include/localization_msgs/msg/detail/localization_odometry__rosidl_typesupport_fastrtps_cpp.hpp
[3.847s] -- Up-to-date: /ros2_ws/install/localization_msgs/include/localization_msgs/msg/detail/dds_fastrtps
[3.848s] -- Up-to-date: /ros2_ws/install/localization_msgs/include/localization_msgs/msg/detail/localization_pose__rosidl_typesupport_fastrtps_cpp.hpp
[3.849s] -- Up-to-date: /ros2_ws/install/localization_msgs/lib/liblocalization_msgs__rosidl_typesupport_fastrtps_cpp.so
[3.849s] -- Up-to-date: /ros2_ws/install/localization_msgs/include/localization_msgs
[3.849s] -- Up-to-date: /ros2_ws/install/localization_msgs/include/localization_msgs/msg
[3.849s] -- Up-to-date: /ros2_ws/install/localization_msgs/include/localization_msgs/msg/detail
[3.850s] -- Up-to-date: /ros2_ws/install/localization_msgs/include/localization_msgs/msg/detail/localization_status__type_support.c
[3.851s] -- Up-to-date: /ros2_ws/install/localization_msgs/include/localization_msgs/msg/detail/localization_odometry__type_support.c
[3.851s] -- Up-to-date: /ros2_ws/install/localization_msgs/include/localization_msgs/msg/detail/localization_odometry__rosidl_typesupport_introspection_c.h
[3.851s] -- Up-to-date: /ros2_ws/install/localization_msgs/include/localization_msgs/msg/detail/raw_gps__type_support.c
[3.853s] -- Up-to-date: /ros2_ws/install/localization_msgs/include/localization_msgs/msg/detail/localization_status__rosidl_typesupport_introspection_c.h
[3.855s] -- Up-to-date: /ros2_ws/install/localization_msgs/include/localization_msgs/msg/detail/localization_diagnostics__type_support.c
[3.855s] -- Up-to-date: /ros2_ws/install/localization_msgs/include/localization_msgs/msg/detail/map_origin__type_support.c
[3.855s] -- Up-to-date: /ros2_ws/install/localization_msgs/include/localization_msgs/msg/detail/map_origin__rosidl_typesupport_introspection_c.h
[3.855s] -- Up-to-date: /ros2_ws/install/localization_msgs/include/localization_msgs/msg/detail/localization_pose__type_support.c
[3.856s] -- Up-to-date: /ros2_ws/install/localization_msgs/include/localization_msgs/msg/detail/raw_gps__rosidl_typesupport_introspection_c.h
[3.857s] -- Up-to-date: /ros2_ws/install/localization_msgs/include/localization_msgs/msg/detail/localization_diagnostics__rosidl_typesupport_introspection_c.h
[3.857s] -- Up-to-date: /ros2_ws/install/localization_msgs/include/localization_msgs/msg/detail/localization_pose__rosidl_typesupport_introspection_c.h
[3.857s] -- Up-to-date: /ros2_ws/install/localization_msgs/include/localization_msgs/msg/rosidl_typesupport_introspection_c__visibility_control.h
[3.858s] -- Up-to-date: /ros2_ws/install/localization_msgs/lib/liblocalization_msgs__rosidl_typesupport_introspection_c.so
[3.858s] -- Up-to-date: /ros2_ws/install/localization_msgs/lib/liblocalization_msgs__rosidl_typesupport_c.so
[3.859s] -- Up-to-date: /ros2_ws/install/localization_msgs/include/localization_msgs
[3.859s] -- Up-to-date: /ros2_ws/install/localization_msgs/include/localization_msgs/msg
[3.860s] -- Up-to-date: /ros2_ws/install/localization_msgs/include/localization_msgs/msg/raw_gps.hpp
[3.860s] -- Up-to-date: /ros2_ws/install/localization_msgs/include/localization_msgs/msg/detail
[3.861s] -- Up-to-date: /ros2_ws/install/localization_msgs/include/localization_msgs/msg/detail/localization_odometry__type_support.hpp
[3.862s] -- Up-to-date: /ros2_ws/install/localization_msgs/include/localization_msgs/msg/detail/map_origin__type_support.hpp
[3.862s] -- Up-to-date: /ros2_ws/install/localization_msgs/include/localization_msgs/msg/detail/localization_odometry__struct.hpp
[3.862s] -- Up-to-date: /ros2_ws/install/localization_msgs/include/localization_msgs/msg/detail/localization_diagnostics__struct.hpp
[3.863s] -- Up-to-date: /ros2_ws/install/localization_msgs/include/localization_msgs/msg/detail/localization_status__struct.hpp
[3.863s] -- Up-to-date: /ros2_ws/install/localization_msgs/include/localization_msgs/msg/detail/localization_pose__traits.hpp
[3.864s] -- Up-to-date: /ros2_ws/install/localization_msgs/include/localization_msgs/msg/detail/raw_gps__struct.hpp
[3.864s] -- Up-to-date: /ros2_ws/install/localization_msgs/include/localization_msgs/msg/detail/localization_pose__type_support.hpp
[3.865s] -- Up-to-date: /ros2_ws/install/localization_msgs/include/localization_msgs/msg/detail/localization_odometry__builder.hpp
[3.867s] -- Up-to-date: /ros2_ws/install/localization_msgs/include/localization_msgs/msg/detail/localization_diagnostics__builder.hpp
[3.867s] -- Up-to-date: /ros2_ws/install/localization_msgs/include/localization_msgs/msg/detail/localization_diagnostics__type_support.hpp
[3.868s] -- Up-to-date: /ros2_ws/install/localization_msgs/include/localization_msgs/msg/detail/raw_gps__builder.hpp
[3.868s] -- Up-to-date: /ros2_ws/install/localization_msgs/include/localization_msgs/msg/detail/map_origin__traits.hpp
[3.868s] -- Up-to-date: /ros2_ws/install/localization_msgs/include/localization_msgs/msg/detail/raw_gps__type_support.hpp
[3.868s] -- Up-to-date: /ros2_ws/install/localization_msgs/include/localization_msgs/msg/detail/localization_status__type_support.hpp
[3.869s] -- Up-to-date: /ros2_ws/install/localization_msgs/include/localization_msgs/msg/detail/localization_diagnostics__traits.hpp
[3.869s] -- Up-to-date: /ros2_ws/install/localization_msgs/include/localization_msgs/msg/detail/localization_status__builder.hpp
[3.869s] -- Up-to-date: /ros2_ws/install/localization_msgs/include/localization_msgs/msg/detail/localization_pose__builder.hpp
[3.870s] -- Up-to-date: /ros2_ws/install/localization_msgs/include/localization_msgs/msg/detail/localization_odometry__traits.hpp
[3.871s] -- Up-to-date: /ros2_ws/install/localization_msgs/include/localization_msgs/msg/detail/localization_status__traits.hpp
[3.871s] -- Up-to-date: /ros2_ws/install/localization_msgs/include/localization_msgs/msg/detail/localization_pose__struct.hpp
[3.872s] -- Up-to-date: /ros2_ws/install/localization_msgs/include/localization_msgs/msg/detail/raw_gps__traits.hpp
[3.872s] -- Up-to-date: /ros2_ws/install/localization_msgs/include/localization_msgs/msg/detail/map_origin__builder.hpp
[3.873s] -- Up-to-date: /ros2_ws/install/localization_msgs/include/localization_msgs/msg/detail/map_origin__struct.hpp
[3.874s] -- Up-to-date: /ros2_ws/install/localization_msgs/include/localization_msgs/msg/rosidl_generator_cpp__visibility_control.hpp
[3.874s] -- Up-to-date: /ros2_ws/install/localization_msgs/include/localization_msgs/msg/map_origin.hpp
[3.875s] -- Up-to-date: /ros2_ws/install/localization_msgs/include/localization_msgs/msg/localization_status.hpp
[3.875s] -- Up-to-date: /ros2_ws/install/localization_msgs/include/localization_msgs/msg/localization_diagnostics.hpp
[3.875s] -- Up-to-date: /ros2_ws/install/localization_msgs/include/localization_msgs/msg/localization_odometry.hpp
[3.876s] -- Up-to-date: /ros2_ws/install/localization_msgs/include/localization_msgs/msg/localization_pose.hpp
[3.876s] -- Up-to-date: /ros2_ws/install/localization_msgs/include/localization_msgs
[3.876s] -- Up-to-date: /ros2_ws/install/localization_msgs/include/localization_msgs/msg
[3.876s] -- Up-to-date: /ros2_ws/install/localization_msgs/include/localization_msgs/msg/detail
[3.879s] -- Up-to-date: /ros2_ws/install/localization_msgs/include/localization_msgs/msg/detail/localization_status__rosidl_typesupport_introspection_cpp.hpp
[3.880s] -- Up-to-date: /ros2_ws/install/localization_msgs/include/localization_msgs/msg/detail/raw_gps__type_support.cpp
[3.881s] -- Up-to-date: /ros2_ws/install/localization_msgs/include/localization_msgs/msg/detail/localization_status__type_support.cpp
[3.881s] -- Up-to-date: /ros2_ws/install/localization_msgs/include/localization_msgs/msg/detail/localization_pose__rosidl_typesupport_introspection_cpp.hpp
[3.882s] -- Up-to-date: /ros2_ws/install/localization_msgs/include/localization_msgs/msg/detail/localization_pose__type_support.cpp
[3.882s] -- Up-to-date: /ros2_ws/install/localization_msgs/include/localization_msgs/msg/detail/localization_diagnostics__type_support.cpp
[3.883s] -- Up-to-date: /ros2_ws/install/localization_msgs/include/localization_msgs/msg/detail/localization_odometry__rosidl_typesupport_introspection_cpp.hpp
[3.886s] -- Up-to-date: /ros2_ws/install/localization_msgs/include/localization_msgs/msg/detail/map_origin__rosidl_typesupport_introspection_cpp.hpp
[3.886s] -- Up-to-date: /ros2_ws/install/localization_msgs/include/localization_msgs/msg/detail/localization_odometry__type_support.cpp
[3.887s] -- Up-to-date: /ros2_ws/install/localization_msgs/include/localization_msgs/msg/detail/localization_diagnostics__rosidl_typesupport_introspection_cpp.hpp
[3.887s] -- Up-to-date: /ros2_ws/install/localization_msgs/include/localization_msgs/msg/detail/map_origin__type_support.cpp
[3.887s] -- Up-to-date: /ros2_ws/install/localization_msgs/include/localization_msgs/msg/detail/raw_gps__rosidl_typesupport_introspection_cpp.hpp
[3.887s] -- Up-to-date: /ros2_ws/install/localization_msgs/lib/liblocalization_msgs__rosidl_typesupport_introspection_cpp.so
[3.887s] -- Up-to-date: /ros2_ws/install/localization_msgs/lib/liblocalization_msgs__rosidl_typesupport_cpp.so
[3.887s] -- Up-to-date: /ros2_ws/install/localization_msgs/share/localization_msgs/environment/pythonpath.sh
[3.888s] -- Up-to-date: /ros2_ws/install/localization_msgs/share/localization_msgs/environment/pythonpath.dsv
[3.888s] -- Up-to-date: /ros2_ws/install/localization_msgs/lib/python3.8/site-packages/localization_msgs/__init__.py
[3.962s] -- Up-to-date: /ros2_ws/install/localization_msgs/lib/python3.8/site-packages/localization_msgs/msg
[3.963s] -- Up-to-date: /ros2_ws/install/localization_msgs/lib/python3.8/site-packages/localization_msgs/msg/_raw_gps.py
[3.963s] -- Up-to-date: /ros2_ws/install/localization_msgs/lib/python3.8/site-packages/localization_msgs/msg/_raw_gps_s.c
[3.963s] -- Up-to-date: /ros2_ws/install/localization_msgs/lib/python3.8/site-packages/localization_msgs/msg/_map_origin.py
[3.963s] -- Up-to-date: /ros2_ws/install/localization_msgs/lib/python3.8/site-packages/localization_msgs/msg/_localization_status.py
[3.964s] -- Up-to-date: /ros2_ws/install/localization_msgs/lib/python3.8/site-packages/localization_msgs/msg/_localization_odometry.py
[3.965s] -- Up-to-date: /ros2_ws/install/localization_msgs/lib/python3.8/site-packages/localization_msgs/msg/_localization_pose_s.c
[3.966s] -- Up-to-date: /ros2_ws/install/localization_msgs/lib/python3.8/site-packages/localization_msgs/msg/__init__.py
[3.966s] -- Up-to-date: /ros2_ws/install/localization_msgs/lib/python3.8/site-packages/localization_msgs/msg/_localization_pose.py
[3.967s] -- Up-to-date: /ros2_ws/install/localization_msgs/lib/python3.8/site-packages/localization_msgs/msg/_map_origin_s.c
[3.967s] -- Up-to-date: /ros2_ws/install/localization_msgs/lib/python3.8/site-packages/localization_msgs/msg/_localization_odometry_s.c
[3.969s] -- Up-to-date: /ros2_ws/install/localization_msgs/lib/python3.8/site-packages/localization_msgs/msg/_localization_status_s.c
[3.970s] -- Up-to-date: /ros2_ws/install/localization_msgs/lib/python3.8/site-packages/localization_msgs/msg/_localization_diagnostics_s.c
[3.970s] -- Up-to-date: /ros2_ws/install/localization_msgs/lib/python3.8/site-packages/localization_msgs/msg/_localization_diagnostics.py
[3.971s] -- Up-to-date: /ros2_ws/install/localization_msgs/lib/python3.8/site-packages/localization_msgs/localization_msgs_s__rosidl_typesupport_fastrtps_c.cpython-38-x86_64-linux-gnu.so
[3.973s] -- Up-to-date: /ros2_ws/install/localization_msgs/lib/python3.8/site-packages/localization_msgs/localization_msgs_s__rosidl_typesupport_introspection_c.cpython-38-x86_64-linux-gnu.so
[3.975s] -- Up-to-date: /ros2_ws/install/localization_msgs/lib/python3.8/site-packages/localization_msgs/localization_msgs_s__rosidl_typesupport_c.cpython-38-x86_64-linux-gnu.so
[3.976s] -- Up-to-date: /ros2_ws/install/localization_msgs/lib/liblocalization_msgs__python.so
[3.977s] -- Up-to-date: /ros2_ws/install/localization_msgs/share/localization_msgs/msg/LocalizationPose.idl
[3.977s] -- Up-to-date: /ros2_ws/install/localization_msgs/share/localization_msgs/msg/LocalizationOdometry.idl
[3.978s] -- Up-to-date: /ros2_ws/install/localization_msgs/share/localization_msgs/msg/LocalizationStatus.idl
[3.980s] -- Up-to-date: /ros2_ws/install/localization_msgs/share/localization_msgs/msg/LocalizationDiagnostics.idl
[3.980s] -- Up-to-date: /ros2_ws/install/localization_msgs/share/localization_msgs/msg/MapOrigin.idl
[3.981s] -- Up-to-date: /ros2_ws/install/localization_msgs/share/localization_msgs/msg/RawGps.idl
[3.981s] -- Up-to-date: /ros2_ws/install/localization_msgs/share/localization_msgs/msg/LocalizationPose.msg
[3.982s] -- Up-to-date: /ros2_ws/install/localization_msgs/share/localization_msgs/msg/LocalizationOdometry.msg
[3.982s] -- Up-to-date: /ros2_ws/install/localization_msgs/share/localization_msgs/msg/LocalizationStatus.msg
[3.983s] -- Up-to-date: /ros2_ws/install/localization_msgs/share/localization_msgs/msg/LocalizationDiagnostics.msg
[3.983s] -- Up-to-date: /ros2_ws/install/localization_msgs/share/localization_msgs/msg/MapOrigin.msg
[3.984s] -- Up-to-date: /ros2_ws/install/localization_msgs/share/localization_msgs/msg/RawGps.msg
[3.984s] -- Up-to-date: /ros2_ws/install/localization_msgs/share/ament_index/resource_index/package_run_dependencies/localization_msgs
[3.985s] -- Up-to-date: /ros2_ws/install/localization_msgs/share/ament_index/resource_index/parent_prefix_path/localization_msgs
[3.986s] -- Up-to-date: /ros2_ws/install/localization_msgs/share/localization_msgs/environment/ament_prefix_path.sh
[3.986s] -- Up-to-date: /ros2_ws/install/localization_msgs/share/localization_msgs/environment/ament_prefix_path.dsv
[3.987s] -- Up-to-date: /ros2_ws/install/localization_msgs/share/localization_msgs/environment/path.sh
[3.989s] -- Up-to-date: /ros2_ws/install/localization_msgs/share/localization_msgs/environment/path.dsv
[3.989s] -- Up-to-date: /ros2_ws/install/localization_msgs/share/localization_msgs/local_setup.bash
[3.990s] -- Up-to-date: /ros2_ws/install/localization_msgs/share/localization_msgs/local_setup.sh
[3.990s] -- Up-to-date: /ros2_ws/install/localization_msgs/share/localization_msgs/local_setup.zsh
[3.990s] -- Up-to-date: /ros2_ws/install/localization_msgs/share/localization_msgs/local_setup.dsv
[3.990s] -- Installing: /ros2_ws/install/localization_msgs/share/localization_msgs/package.dsv
[3.991s] -- Up-to-date: /ros2_ws/install/localization_msgs/share/ament_index/resource_index/packages/localization_msgs
[3.991s] -- Up-to-date: /ros2_ws/install/localization_msgs/share/localization_msgs/cmake/localization_msgs__rosidl_generator_cExport.cmake
[3.992s] -- Up-to-date: /ros2_ws/install/localization_msgs/share/localization_msgs/cmake/localization_msgs__rosidl_generator_cExport-noconfig.cmake
[3.992s] -- Up-to-date: /ros2_ws/install/localization_msgs/share/localization_msgs/cmake/localization_msgs__rosidl_typesupport_introspection_cExport.cmake
[3.993s] -- Up-to-date: /ros2_ws/install/localization_msgs/share/localization_msgs/cmake/localization_msgs__rosidl_typesupport_introspection_cExport-noconfig.cmake
[3.996s] -- Up-to-date: /ros2_ws/install/localization_msgs/share/localization_msgs/cmake/localization_msgs__rosidl_typesupport_cExport.cmake
[3.996s] -- Up-to-date: /ros2_ws/install/localization_msgs/share/localization_msgs/cmake/localization_msgs__rosidl_typesupport_cExport-noconfig.cmake
[3.997s] -- Up-to-date: /ros2_ws/install/localization_msgs/share/localization_msgs/cmake/localization_msgs__rosidl_generator_cppExport.cmake
[3.998s] -- Up-to-date: /ros2_ws/install/localization_msgs/share/localization_msgs/cmake/localization_msgs__rosidl_typesupport_introspection_cppExport.cmake
[3.998s] -- Up-to-date: /ros2_ws/install/localization_msgs/share/localization_msgs/cmake/localization_msgs__rosidl_typesupport_introspection_cppExport-noconfig.cmake
[3.999s] -- Up-to-date: /ros2_ws/install/localization_msgs/share/localization_msgs/cmake/localization_msgs__rosidl_typesupport_cppExport.cmake
[4.000s] -- Up-to-date: /ros2_ws/install/localization_msgs/share/localization_msgs/cmake/localization_msgs__rosidl_typesupport_cppExport-noconfig.cmake
[4.000s] -- Up-to-date: /ros2_ws/install/localization_msgs/share/localization_msgs/cmake/rosidl_cmake-extras.cmake
[4.001s] -- Up-to-date: /ros2_ws/install/localization_msgs/share/localization_msgs/cmake/ament_cmake_export_dependencies-extras.cmake
[4.002s] -- Up-to-date: /ros2_ws/install/localization_msgs/share/localization_msgs/cmake/ament_cmake_export_libraries-extras.cmake
[4.002s] -- Up-to-date: /ros2_ws/install/localization_msgs/share/localization_msgs/cmake/ament_cmake_export_targets-extras.cmake
[4.003s] -- Up-to-date: /ros2_ws/install/localization_msgs/share/localization_msgs/cmake/ament_cmake_export_include_directories-extras.cmake
[4.004s] -- Up-to-date: /ros2_ws/install/localization_msgs/share/localization_msgs/cmake/rosidl_cmake_export_typesupport_libraries-extras.cmake
[4.004s] -- Up-to-date: /ros2_ws/install/localization_msgs/share/localization_msgs/cmake/rosidl_cmake_export_typesupport_targets-extras.cmake
[4.005s] -- Up-to-date: /ros2_ws/install/localization_msgs/share/localization_msgs/cmake/localization_msgsConfig.cmake
[4.006s] -- Up-to-date: /ros2_ws/install/localization_msgs/share/localization_msgs/cmake/localization_msgsConfig-version.cmake
[4.006s] -- Up-to-date: /ros2_ws/install/localization_msgs/share/localization_msgs/package.xml
[4.013s] Invoked command in '/ros2_ws/build/localization_msgs' returned '0': CMAKE_PREFIX_PATH=/opt/ros/foxy /usr/bin/cmake --install /ros2_ws/build/localization_msgs
