[0.179s] DEBUG:colcon:Command line arguments: ['/usr/bin/colcon', 'build']
[0.180s] DEBUG:colcon:Parsed command line arguments: Namespace(ament_cmake_args=None, base_paths=['.'], build_base='build', catkin_cmake_args=None, catkin_skip_building_tests=False, cmake_args=None, cmake_clean_cache=False, cmake_clean_first=False, cmake_force_configure=False, cmake_target=None, cmake_target_skip_unavailable=False, continue_on_error=False, event_handlers=None, executor='parallel', ignore_user_meta=False, install_base='install', log_base=None, log_level=None, main=<bound method BuildVerb.main of <colcon_core.verb.build.BuildVerb object at 0x7ffffe306490>>, merge_install=False, metas=['./colcon.meta'], mixin=None, mixin_files=None, mixin_verb=('build',), packages_above=None, packages_above_and_dependencies=None, packages_above_depth=None, packages_end=None, packages_ignore=None, packages_ignore_regex=None, packages_select=None, packages_select_build_failed=False, packages_select_by_dep=None, packages_select_regex=None, packages_select_test_failures=False, packages_skip=None, packages_skip_build_finished=False, packages_skip_by_dep=None, packages_skip_regex=None, packages_skip_test_passed=False, packages_skip_up_to=None, packages_start=None, packages_up_to=None, packages_up_to_regex=None, parallel_workers=10, paths=None, symlink_install=False, test_result_base=None, verb_extension=<colcon_core.verb.build.BuildVerb object at 0x7ffffe306490>, verb_name='build', verb_parser=<colcon_mixin.mixin.mixin_argument.MixinArgumentDecorator object at 0x7ffffe306af0>)
[0.200s] Level 1:colcon.colcon_core.package_discovery:discover_packages(colcon_meta) check parameters
[0.200s] INFO:colcon.colcon_metadata.package_discovery.colcon_meta:Using configuration from '/root/.colcon/metadata/default/Gazebo.meta'
[0.201s] INFO:colcon.colcon_metadata.package_discovery.colcon_meta:Using configuration from '/root/.colcon/metadata/default/fastdds.meta'
[0.201s] INFO:colcon.colcon_metadata.package_discovery.colcon_meta:Using configuration from '/root/.colcon/metadata/default/fastrtps.meta'
[0.201s] Level 1:colcon.colcon_core.package_discovery:discover_packages(recursive) check parameters
[0.201s] Level 1:colcon.colcon_core.package_discovery:discover_packages(ignore) check parameters
[0.201s] Level 1:colcon.colcon_core.package_discovery:discover_packages(path) check parameters
[0.201s] Level 1:colcon.colcon_core.package_discovery:discover_packages(colcon_meta) discover
[0.201s] Level 1:colcon.colcon_core.package_discovery:discover_packages(recursive) discover
[0.201s] INFO:colcon.colcon_core.package_discovery:Crawling recursively for packages in '/ros2_ws'
[0.202s] Level 1:colcon.colcon_core.package_identification:_identify(.) by extensions ['ignore', 'ignore_ament_install']
[0.202s] Level 1:colcon.colcon_core.package_identification:_identify(.) by extension 'ignore'
[0.202s] Level 1:colcon.colcon_core.package_identification:_identify(.) by extension 'ignore_ament_install'
[0.202s] Level 1:colcon.colcon_core.package_identification:_identify(.) by extensions ['colcon_pkg']
[0.202s] Level 1:colcon.colcon_core.package_identification:_identify(.) by extension 'colcon_pkg'
[0.202s] Level 1:colcon.colcon_core.package_identification:_identify(.) by extensions ['colcon_meta']
[0.202s] Level 1:colcon.colcon_core.package_identification:_identify(.) by extension 'colcon_meta'
[0.202s] Level 1:colcon.colcon_core.package_identification:_identify(.) by extensions ['ros']
[0.202s] Level 1:colcon.colcon_core.package_identification:_identify(.) by extension 'ros'
[0.213s] Level 1:colcon.colcon_core.package_identification:_identify(.) by extensions ['cmake', 'python']
[0.213s] Level 1:colcon.colcon_core.package_identification:_identify(.) by extension 'cmake'
[0.213s] Level 1:colcon.colcon_core.package_identification:_identify(.) by extension 'python'
[0.213s] Level 1:colcon.colcon_core.package_identification:_identify(.) by extensions ['python_setup_py']
[0.213s] Level 1:colcon.colcon_core.package_identification:_identify(.) by extension 'python_setup_py'
[0.214s] Level 1:colcon.colcon_core.package_identification:_identify(build) by extensions ['ignore', 'ignore_ament_install']
[0.214s] Level 1:colcon.colcon_core.package_identification:_identify(build) by extension 'ignore'
[0.214s] Level 1:colcon.colcon_core.package_identification:_identify(build) ignored
[0.214s] Level 1:colcon.colcon_core.package_identification:_identify(install) by extensions ['ignore', 'ignore_ament_install']
[0.214s] Level 1:colcon.colcon_core.package_identification:_identify(install) by extension 'ignore'
[0.214s] Level 1:colcon.colcon_core.package_identification:_identify(install) ignored
[0.214s] Level 1:colcon.colcon_core.package_identification:_identify(log) by extensions ['ignore', 'ignore_ament_install']
[0.215s] Level 1:colcon.colcon_core.package_identification:_identify(log) by extension 'ignore'
[0.215s] Level 1:colcon.colcon_core.package_identification:_identify(log) ignored
[0.215s] Level 1:colcon.colcon_core.package_identification:_identify(src) by extensions ['ignore', 'ignore_ament_install']
[0.215s] Level 1:colcon.colcon_core.package_identification:_identify(src) by extension 'ignore'
[0.215s] Level 1:colcon.colcon_core.package_identification:_identify(src) by extension 'ignore_ament_install'
[0.215s] Level 1:colcon.colcon_core.package_identification:_identify(src) by extensions ['colcon_pkg']
[0.215s] Level 1:colcon.colcon_core.package_identification:_identify(src) by extension 'colcon_pkg'
[0.215s] Level 1:colcon.colcon_core.package_identification:_identify(src) by extensions ['colcon_meta']
[0.215s] Level 1:colcon.colcon_core.package_identification:_identify(src) by extension 'colcon_meta'
[0.215s] Level 1:colcon.colcon_core.package_identification:_identify(src) by extensions ['ros']
[0.215s] Level 1:colcon.colcon_core.package_identification:_identify(src) by extension 'ros'
[0.215s] Level 1:colcon.colcon_core.package_identification:_identify(src) by extensions ['cmake', 'python']
[0.215s] Level 1:colcon.colcon_core.package_identification:_identify(src) by extension 'cmake'
[0.216s] Level 1:colcon.colcon_core.package_identification:_identify(src) by extension 'python'
[0.216s] Level 1:colcon.colcon_core.package_identification:_identify(src) by extensions ['python_setup_py']
[0.216s] Level 1:colcon.colcon_core.package_identification:_identify(src) by extension 'python_setup_py'
[0.216s] Level 1:colcon.colcon_core.package_identification:_identify(src/common_msgs) by extensions ['ignore', 'ignore_ament_install']
[0.216s] Level 1:colcon.colcon_core.package_identification:_identify(src/common_msgs) by extension 'ignore'
[0.216s] Level 1:colcon.colcon_core.package_identification:_identify(src/common_msgs) by extension 'ignore_ament_install'
[0.216s] Level 1:colcon.colcon_core.package_identification:_identify(src/common_msgs) by extensions ['colcon_pkg']
[0.216s] Level 1:colcon.colcon_core.package_identification:_identify(src/common_msgs) by extension 'colcon_pkg'
[0.216s] Level 1:colcon.colcon_core.package_identification:_identify(src/common_msgs) by extensions ['colcon_meta']
[0.216s] Level 1:colcon.colcon_core.package_identification:_identify(src/common_msgs) by extension 'colcon_meta'
[0.216s] Level 1:colcon.colcon_core.package_identification:_identify(src/common_msgs) by extensions ['ros']
[0.216s] Level 1:colcon.colcon_core.package_identification:_identify(src/common_msgs) by extension 'ros'
[0.220s] DEBUG:colcon.colcon_core.package_identification:Package 'src/common_msgs' with type 'ros.ament_cmake' and name 'common_msgs'
[0.220s] Level 1:colcon.colcon_core.package_identification:_identify(src/controller) by extensions ['ignore', 'ignore_ament_install']
[0.220s] Level 1:colcon.colcon_core.package_identification:_identify(src/controller) by extension 'ignore'
[0.220s] Level 1:colcon.colcon_core.package_identification:_identify(src/controller) by extension 'ignore_ament_install'
[0.221s] Level 1:colcon.colcon_core.package_identification:_identify(src/controller) by extensions ['colcon_pkg']
[0.221s] Level 1:colcon.colcon_core.package_identification:_identify(src/controller) by extension 'colcon_pkg'
[0.221s] Level 1:colcon.colcon_core.package_identification:_identify(src/controller) by extensions ['colcon_meta']
[0.221s] Level 1:colcon.colcon_core.package_identification:_identify(src/controller) by extension 'colcon_meta'
[0.221s] Level 1:colcon.colcon_core.package_identification:_identify(src/controller) by extensions ['ros']
[0.221s] Level 1:colcon.colcon_core.package_identification:_identify(src/controller) by extension 'ros'
[0.222s] DEBUG:colcon.colcon_core.package_identification:Package 'src/controller' with type 'ros.ament_python' and name 'cengaver_controller'
[0.222s] Level 1:colcon.colcon_core.package_identification:_identify(src/fsm) by extensions ['ignore', 'ignore_ament_install']
[0.222s] Level 1:colcon.colcon_core.package_identification:_identify(src/fsm) by extension 'ignore'
[0.222s] Level 1:colcon.colcon_core.package_identification:_identify(src/fsm) by extension 'ignore_ament_install'
[0.222s] Level 1:colcon.colcon_core.package_identification:_identify(src/fsm) by extensions ['colcon_pkg']
[0.222s] Level 1:colcon.colcon_core.package_identification:_identify(src/fsm) by extension 'colcon_pkg'
[0.222s] Level 1:colcon.colcon_core.package_identification:_identify(src/fsm) by extensions ['colcon_meta']
[0.222s] Level 1:colcon.colcon_core.package_identification:_identify(src/fsm) by extension 'colcon_meta'
[0.223s] Level 1:colcon.colcon_core.package_identification:_identify(src/fsm) by extensions ['ros']
[0.223s] Level 1:colcon.colcon_core.package_identification:_identify(src/fsm) by extension 'ros'
[0.223s] DEBUG:colcon.colcon_core.package_identification:Package 'src/fsm' with type 'ros.ament_python' and name 'fsm'
[0.224s] Level 1:colcon.colcon_core.package_identification:_identify(src/fsm_msgs) by extensions ['ignore', 'ignore_ament_install']
[0.224s] Level 1:colcon.colcon_core.package_identification:_identify(src/fsm_msgs) by extension 'ignore'
[0.224s] Level 1:colcon.colcon_core.package_identification:_identify(src/fsm_msgs) by extension 'ignore_ament_install'
[0.224s] Level 1:colcon.colcon_core.package_identification:_identify(src/fsm_msgs) by extensions ['colcon_pkg']
[0.224s] Level 1:colcon.colcon_core.package_identification:_identify(src/fsm_msgs) by extension 'colcon_pkg'
[0.224s] Level 1:colcon.colcon_core.package_identification:_identify(src/fsm_msgs) by extensions ['colcon_meta']
[0.224s] Level 1:colcon.colcon_core.package_identification:_identify(src/fsm_msgs) by extension 'colcon_meta'
[0.224s] Level 1:colcon.colcon_core.package_identification:_identify(src/fsm_msgs) by extensions ['ros']
[0.224s] Level 1:colcon.colcon_core.package_identification:_identify(src/fsm_msgs) by extension 'ros'
[0.225s] DEBUG:colcon.colcon_core.package_identification:Package 'src/fsm_msgs' with type 'ros.ament_cmake' and name 'fsm_msgs'
[0.225s] Level 1:colcon.colcon_core.package_identification:_identify(src/localization) by extensions ['ignore', 'ignore_ament_install']
[0.225s] Level 1:colcon.colcon_core.package_identification:_identify(src/localization) by extension 'ignore'
[0.225s] Level 1:colcon.colcon_core.package_identification:_identify(src/localization) by extension 'ignore_ament_install'
[0.225s] Level 1:colcon.colcon_core.package_identification:_identify(src/localization) by extensions ['colcon_pkg']
[0.225s] Level 1:colcon.colcon_core.package_identification:_identify(src/localization) by extension 'colcon_pkg'
[0.225s] Level 1:colcon.colcon_core.package_identification:_identify(src/localization) by extensions ['colcon_meta']
[0.225s] Level 1:colcon.colcon_core.package_identification:_identify(src/localization) by extension 'colcon_meta'
[0.225s] Level 1:colcon.colcon_core.package_identification:_identify(src/localization) by extensions ['ros']
[0.225s] Level 1:colcon.colcon_core.package_identification:_identify(src/localization) by extension 'ros'
[0.226s] DEBUG:colcon.colcon_core.package_identification:Package 'src/localization' with type 'ros.ament_python' and name 'localization'
[0.226s] Level 1:colcon.colcon_core.package_identification:_identify(src/localization_msgs) by extensions ['ignore', 'ignore_ament_install']
[0.227s] Level 1:colcon.colcon_core.package_identification:_identify(src/localization_msgs) by extension 'ignore'
[0.227s] Level 1:colcon.colcon_core.package_identification:_identify(src/localization_msgs) by extension 'ignore_ament_install'
[0.227s] Level 1:colcon.colcon_core.package_identification:_identify(src/localization_msgs) by extensions ['colcon_pkg']
[0.227s] Level 1:colcon.colcon_core.package_identification:_identify(src/localization_msgs) by extension 'colcon_pkg'
[0.227s] Level 1:colcon.colcon_core.package_identification:_identify(src/localization_msgs) by extensions ['colcon_meta']
[0.227s] Level 1:colcon.colcon_core.package_identification:_identify(src/localization_msgs) by extension 'colcon_meta'
[0.227s] Level 1:colcon.colcon_core.package_identification:_identify(src/localization_msgs) by extensions ['ros']
[0.227s] Level 1:colcon.colcon_core.package_identification:_identify(src/localization_msgs) by extension 'ros'
[0.228s] DEBUG:colcon.colcon_core.package_identification:Package 'src/localization_msgs' with type 'ros.ament_cmake' and name 'localization_msgs'
[0.228s] Level 1:colcon.colcon_core.package_identification:_identify(src/perception) by extensions ['ignore', 'ignore_ament_install']
[0.228s] Level 1:colcon.colcon_core.package_identification:_identify(src/perception) by extension 'ignore'
[0.228s] Level 1:colcon.colcon_core.package_identification:_identify(src/perception) by extension 'ignore_ament_install'
[0.228s] Level 1:colcon.colcon_core.package_identification:_identify(src/perception) by extensions ['colcon_pkg']
[0.228s] Level 1:colcon.colcon_core.package_identification:_identify(src/perception) by extension 'colcon_pkg'
[0.228s] Level 1:colcon.colcon_core.package_identification:_identify(src/perception) by extensions ['colcon_meta']
[0.228s] Level 1:colcon.colcon_core.package_identification:_identify(src/perception) by extension 'colcon_meta'
[0.228s] Level 1:colcon.colcon_core.package_identification:_identify(src/perception) by extensions ['ros']
[0.228s] Level 1:colcon.colcon_core.package_identification:_identify(src/perception) by extension 'ros'
[0.229s] DEBUG:colcon.colcon_core.package_identification:Package 'src/perception' with type 'ros.ament_python' and name 'perception'
[0.229s] Level 1:colcon.colcon_core.package_identification:_identify(src/perception_msgs) by extensions ['ignore', 'ignore_ament_install']
[0.229s] Level 1:colcon.colcon_core.package_identification:_identify(src/perception_msgs) by extension 'ignore'
[0.229s] Level 1:colcon.colcon_core.package_identification:_identify(src/perception_msgs) by extension 'ignore_ament_install'
[0.229s] Level 1:colcon.colcon_core.package_identification:_identify(src/perception_msgs) by extensions ['colcon_pkg']
[0.229s] Level 1:colcon.colcon_core.package_identification:_identify(src/perception_msgs) by extension 'colcon_pkg'
[0.229s] Level 1:colcon.colcon_core.package_identification:_identify(src/perception_msgs) by extensions ['colcon_meta']
[0.229s] Level 1:colcon.colcon_core.package_identification:_identify(src/perception_msgs) by extension 'colcon_meta'
[0.229s] Level 1:colcon.colcon_core.package_identification:_identify(src/perception_msgs) by extensions ['ros']
[0.229s] Level 1:colcon.colcon_core.package_identification:_identify(src/perception_msgs) by extension 'ros'
[0.230s] DEBUG:colcon.colcon_core.package_identification:Package 'src/perception_msgs' with type 'ros.ament_cmake' and name 'perception_msgs'
[0.230s] Level 1:colcon.colcon_core.package_identification:_identify(src/planning) by extensions ['ignore', 'ignore_ament_install']
[0.230s] Level 1:colcon.colcon_core.package_identification:_identify(src/planning) by extension 'ignore'
[0.230s] Level 1:colcon.colcon_core.package_identification:_identify(src/planning) by extension 'ignore_ament_install'
[0.230s] Level 1:colcon.colcon_core.package_identification:_identify(src/planning) by extensions ['colcon_pkg']
[0.230s] Level 1:colcon.colcon_core.package_identification:_identify(src/planning) by extension 'colcon_pkg'
[0.230s] Level 1:colcon.colcon_core.package_identification:_identify(src/planning) by extensions ['colcon_meta']
[0.231s] Level 1:colcon.colcon_core.package_identification:_identify(src/planning) by extension 'colcon_meta'
[0.231s] Level 1:colcon.colcon_core.package_identification:_identify(src/planning) by extensions ['ros']
[0.231s] Level 1:colcon.colcon_core.package_identification:_identify(src/planning) by extension 'ros'
[0.232s] DEBUG:colcon.colcon_core.package_identification:Package 'src/planning' with type 'ros.ament_python' and name 'planning'
[0.232s] Level 1:colcon.colcon_core.package_identification:_identify(src/planning_msgs) by extensions ['ignore', 'ignore_ament_install']
[0.232s] Level 1:colcon.colcon_core.package_identification:_identify(src/planning_msgs) by extension 'ignore'
[0.232s] Level 1:colcon.colcon_core.package_identification:_identify(src/planning_msgs) by extension 'ignore_ament_install'
[0.232s] Level 1:colcon.colcon_core.package_identification:_identify(src/planning_msgs) by extensions ['colcon_pkg']
[0.232s] Level 1:colcon.colcon_core.package_identification:_identify(src/planning_msgs) by extension 'colcon_pkg'
[0.232s] Level 1:colcon.colcon_core.package_identification:_identify(src/planning_msgs) by extensions ['colcon_meta']
[0.232s] Level 1:colcon.colcon_core.package_identification:_identify(src/planning_msgs) by extension 'colcon_meta'
[0.232s] Level 1:colcon.colcon_core.package_identification:_identify(src/planning_msgs) by extensions ['ros']
[0.232s] Level 1:colcon.colcon_core.package_identification:_identify(src/planning_msgs) by extension 'ros'
[0.233s] DEBUG:colcon.colcon_core.package_identification:Package 'src/planning_msgs' with type 'ros.ament_cmake' and name 'planning_msgs'
[0.233s] Level 1:colcon.colcon_core.package_discovery:discover_packages(recursive) using defaults
[0.233s] Level 1:colcon.colcon_core.package_discovery:discover_packages(ignore) discover
[0.233s] Level 1:colcon.colcon_core.package_discovery:discover_packages(ignore) using defaults
[0.233s] Level 1:colcon.colcon_core.package_discovery:discover_packages(path) discover
[0.233s] Level 1:colcon.colcon_core.package_discovery:discover_packages(path) using defaults
[0.245s] Level 5:colcon.colcon_core.verb:set package 'common_msgs' build argument 'cmake_args' from command line to 'None'
[0.245s] Level 5:colcon.colcon_core.verb:set package 'common_msgs' build argument 'cmake_target' from command line to 'None'
[0.245s] Level 5:colcon.colcon_core.verb:set package 'common_msgs' build argument 'cmake_target_skip_unavailable' from command line to 'False'
[0.245s] Level 5:colcon.colcon_core.verb:set package 'common_msgs' build argument 'cmake_clean_cache' from command line to 'False'
[0.245s] Level 5:colcon.colcon_core.verb:set package 'common_msgs' build argument 'cmake_clean_first' from command line to 'False'
[0.246s] Level 5:colcon.colcon_core.verb:set package 'common_msgs' build argument 'cmake_force_configure' from command line to 'False'
[0.246s] Level 5:colcon.colcon_core.verb:set package 'common_msgs' build argument 'ament_cmake_args' from command line to 'None'
[0.246s] Level 5:colcon.colcon_core.verb:set package 'common_msgs' build argument 'catkin_cmake_args' from command line to 'None'
[0.246s] Level 5:colcon.colcon_core.verb:set package 'common_msgs' build argument 'catkin_skip_building_tests' from command line to 'False'
[0.246s] DEBUG:colcon.colcon_core.verb:Building package 'common_msgs' with the following arguments: {'ament_cmake_args': None, 'build_base': '/ros2_ws/build/common_msgs', 'catkin_cmake_args': None, 'catkin_skip_building_tests': False, 'cmake_args': None, 'cmake_clean_cache': False, 'cmake_clean_first': False, 'cmake_force_configure': False, 'cmake_target': None, 'cmake_target_skip_unavailable': False, 'install_base': '/ros2_ws/install/common_msgs', 'merge_install': False, 'path': '/ros2_ws/src/common_msgs', 'symlink_install': False, 'test_result_base': None}
[0.246s] Level 5:colcon.colcon_core.verb:set package 'fsm_msgs' build argument 'cmake_args' from command line to 'None'
[0.246s] Level 5:colcon.colcon_core.verb:set package 'fsm_msgs' build argument 'cmake_target' from command line to 'None'
[0.246s] Level 5:colcon.colcon_core.verb:set package 'fsm_msgs' build argument 'cmake_target_skip_unavailable' from command line to 'False'
[0.246s] Level 5:colcon.colcon_core.verb:set package 'fsm_msgs' build argument 'cmake_clean_cache' from command line to 'False'
[0.246s] Level 5:colcon.colcon_core.verb:set package 'fsm_msgs' build argument 'cmake_clean_first' from command line to 'False'
[0.246s] Level 5:colcon.colcon_core.verb:set package 'fsm_msgs' build argument 'cmake_force_configure' from command line to 'False'
[0.246s] Level 5:colcon.colcon_core.verb:set package 'fsm_msgs' build argument 'ament_cmake_args' from command line to 'None'
[0.246s] Level 5:colcon.colcon_core.verb:set package 'fsm_msgs' build argument 'catkin_cmake_args' from command line to 'None'
[0.246s] Level 5:colcon.colcon_core.verb:set package 'fsm_msgs' build argument 'catkin_skip_building_tests' from command line to 'False'
[0.246s] DEBUG:colcon.colcon_core.verb:Building package 'fsm_msgs' with the following arguments: {'ament_cmake_args': None, 'build_base': '/ros2_ws/build/fsm_msgs', 'catkin_cmake_args': None, 'catkin_skip_building_tests': False, 'cmake_args': None, 'cmake_clean_cache': False, 'cmake_clean_first': False, 'cmake_force_configure': False, 'cmake_target': None, 'cmake_target_skip_unavailable': False, 'install_base': '/ros2_ws/install/fsm_msgs', 'merge_install': False, 'path': '/ros2_ws/src/fsm_msgs', 'symlink_install': False, 'test_result_base': None}
[0.247s] Level 5:colcon.colcon_core.verb:set package 'localization_msgs' build argument 'cmake_args' from command line to 'None'
[0.247s] Level 5:colcon.colcon_core.verb:set package 'localization_msgs' build argument 'cmake_target' from command line to 'None'
[0.247s] Level 5:colcon.colcon_core.verb:set package 'localization_msgs' build argument 'cmake_target_skip_unavailable' from command line to 'False'
[0.247s] Level 5:colcon.colcon_core.verb:set package 'localization_msgs' build argument 'cmake_clean_cache' from command line to 'False'
[0.247s] Level 5:colcon.colcon_core.verb:set package 'localization_msgs' build argument 'cmake_clean_first' from command line to 'False'
[0.247s] Level 5:colcon.colcon_core.verb:set package 'localization_msgs' build argument 'cmake_force_configure' from command line to 'False'
[0.247s] Level 5:colcon.colcon_core.verb:set package 'localization_msgs' build argument 'ament_cmake_args' from command line to 'None'
[0.247s] Level 5:colcon.colcon_core.verb:set package 'localization_msgs' build argument 'catkin_cmake_args' from command line to 'None'
[0.247s] Level 5:colcon.colcon_core.verb:set package 'localization_msgs' build argument 'catkin_skip_building_tests' from command line to 'False'
[0.247s] DEBUG:colcon.colcon_core.verb:Building package 'localization_msgs' with the following arguments: {'ament_cmake_args': None, 'build_base': '/ros2_ws/build/localization_msgs', 'catkin_cmake_args': None, 'catkin_skip_building_tests': False, 'cmake_args': None, 'cmake_clean_cache': False, 'cmake_clean_first': False, 'cmake_force_configure': False, 'cmake_target': None, 'cmake_target_skip_unavailable': False, 'install_base': '/ros2_ws/install/localization_msgs', 'merge_install': False, 'path': '/ros2_ws/src/localization_msgs', 'symlink_install': False, 'test_result_base': None}
[0.248s] Level 5:colcon.colcon_core.verb:set package 'perception_msgs' build argument 'cmake_args' from command line to 'None'
[0.248s] Level 5:colcon.colcon_core.verb:set package 'perception_msgs' build argument 'cmake_target' from command line to 'None'
[0.248s] Level 5:colcon.colcon_core.verb:set package 'perception_msgs' build argument 'cmake_target_skip_unavailable' from command line to 'False'
[0.248s] Level 5:colcon.colcon_core.verb:set package 'perception_msgs' build argument 'cmake_clean_cache' from command line to 'False'
[0.248s] Level 5:colcon.colcon_core.verb:set package 'perception_msgs' build argument 'cmake_clean_first' from command line to 'False'
[0.248s] Level 5:colcon.colcon_core.verb:set package 'perception_msgs' build argument 'cmake_force_configure' from command line to 'False'
[0.248s] Level 5:colcon.colcon_core.verb:set package 'perception_msgs' build argument 'ament_cmake_args' from command line to 'None'
[0.248s] Level 5:colcon.colcon_core.verb:set package 'perception_msgs' build argument 'catkin_cmake_args' from command line to 'None'
[0.248s] Level 5:colcon.colcon_core.verb:set package 'perception_msgs' build argument 'catkin_skip_building_tests' from command line to 'False'
[0.248s] DEBUG:colcon.colcon_core.verb:Building package 'perception_msgs' with the following arguments: {'ament_cmake_args': None, 'build_base': '/ros2_ws/build/perception_msgs', 'catkin_cmake_args': None, 'catkin_skip_building_tests': False, 'cmake_args': None, 'cmake_clean_cache': False, 'cmake_clean_first': False, 'cmake_force_configure': False, 'cmake_target': None, 'cmake_target_skip_unavailable': False, 'install_base': '/ros2_ws/install/perception_msgs', 'merge_install': False, 'path': '/ros2_ws/src/perception_msgs', 'symlink_install': False, 'test_result_base': None}
[0.248s] Level 5:colcon.colcon_core.verb:set package 'planning_msgs' build argument 'cmake_args' from command line to 'None'
[0.248s] Level 5:colcon.colcon_core.verb:set package 'planning_msgs' build argument 'cmake_target' from command line to 'None'
[0.248s] Level 5:colcon.colcon_core.verb:set package 'planning_msgs' build argument 'cmake_target_skip_unavailable' from command line to 'False'
[0.248s] Level 5:colcon.colcon_core.verb:set package 'planning_msgs' build argument 'cmake_clean_cache' from command line to 'False'
[0.248s] Level 5:colcon.colcon_core.verb:set package 'planning_msgs' build argument 'cmake_clean_first' from command line to 'False'
[0.248s] Level 5:colcon.colcon_core.verb:set package 'planning_msgs' build argument 'cmake_force_configure' from command line to 'False'
[0.249s] Level 5:colcon.colcon_core.verb:set package 'planning_msgs' build argument 'ament_cmake_args' from command line to 'None'
[0.249s] Level 5:colcon.colcon_core.verb:set package 'planning_msgs' build argument 'catkin_cmake_args' from command line to 'None'
[0.249s] Level 5:colcon.colcon_core.verb:set package 'planning_msgs' build argument 'catkin_skip_building_tests' from command line to 'False'
[0.249s] DEBUG:colcon.colcon_core.verb:Building package 'planning_msgs' with the following arguments: {'ament_cmake_args': None, 'build_base': '/ros2_ws/build/planning_msgs', 'catkin_cmake_args': None, 'catkin_skip_building_tests': False, 'cmake_args': None, 'cmake_clean_cache': False, 'cmake_clean_first': False, 'cmake_force_configure': False, 'cmake_target': None, 'cmake_target_skip_unavailable': False, 'install_base': '/ros2_ws/install/planning_msgs', 'merge_install': False, 'path': '/ros2_ws/src/planning_msgs', 'symlink_install': False, 'test_result_base': None}
[0.249s] Level 5:colcon.colcon_core.verb:set package 'cengaver_controller' build argument 'cmake_args' from command line to 'None'
[0.249s] Level 5:colcon.colcon_core.verb:set package 'cengaver_controller' build argument 'cmake_target' from command line to 'None'
[0.249s] Level 5:colcon.colcon_core.verb:set package 'cengaver_controller' build argument 'cmake_target_skip_unavailable' from command line to 'False'
[0.249s] Level 5:colcon.colcon_core.verb:set package 'cengaver_controller' build argument 'cmake_clean_cache' from command line to 'False'
[0.249s] Level 5:colcon.colcon_core.verb:set package 'cengaver_controller' build argument 'cmake_clean_first' from command line to 'False'
[0.249s] Level 5:colcon.colcon_core.verb:set package 'cengaver_controller' build argument 'cmake_force_configure' from command line to 'False'
[0.249s] Level 5:colcon.colcon_core.verb:set package 'cengaver_controller' build argument 'ament_cmake_args' from command line to 'None'
[0.249s] Level 5:colcon.colcon_core.verb:set package 'cengaver_controller' build argument 'catkin_cmake_args' from command line to 'None'
[0.249s] Level 5:colcon.colcon_core.verb:set package 'cengaver_controller' build argument 'catkin_skip_building_tests' from command line to 'False'
[0.249s] DEBUG:colcon.colcon_core.verb:Building package 'cengaver_controller' with the following arguments: {'ament_cmake_args': None, 'build_base': '/ros2_ws/build/cengaver_controller', 'catkin_cmake_args': None, 'catkin_skip_building_tests': False, 'cmake_args': None, 'cmake_clean_cache': False, 'cmake_clean_first': False, 'cmake_force_configure': False, 'cmake_target': None, 'cmake_target_skip_unavailable': False, 'install_base': '/ros2_ws/install/cengaver_controller', 'merge_install': False, 'path': '/ros2_ws/src/controller', 'symlink_install': False, 'test_result_base': None}
[0.250s] Level 5:colcon.colcon_core.verb:set package 'fsm' build argument 'cmake_args' from command line to 'None'
[0.250s] Level 5:colcon.colcon_core.verb:set package 'fsm' build argument 'cmake_target' from command line to 'None'
[0.250s] Level 5:colcon.colcon_core.verb:set package 'fsm' build argument 'cmake_target_skip_unavailable' from command line to 'False'
[0.250s] Level 5:colcon.colcon_core.verb:set package 'fsm' build argument 'cmake_clean_cache' from command line to 'False'
[0.250s] Level 5:colcon.colcon_core.verb:set package 'fsm' build argument 'cmake_clean_first' from command line to 'False'
[0.250s] Level 5:colcon.colcon_core.verb:set package 'fsm' build argument 'cmake_force_configure' from command line to 'False'
[0.250s] Level 5:colcon.colcon_core.verb:set package 'fsm' build argument 'ament_cmake_args' from command line to 'None'
[0.250s] Level 5:colcon.colcon_core.verb:set package 'fsm' build argument 'catkin_cmake_args' from command line to 'None'
[0.250s] Level 5:colcon.colcon_core.verb:set package 'fsm' build argument 'catkin_skip_building_tests' from command line to 'False'
[0.250s] DEBUG:colcon.colcon_core.verb:Building package 'fsm' with the following arguments: {'ament_cmake_args': None, 'build_base': '/ros2_ws/build/fsm', 'catkin_cmake_args': None, 'catkin_skip_building_tests': False, 'cmake_args': None, 'cmake_clean_cache': False, 'cmake_clean_first': False, 'cmake_force_configure': False, 'cmake_target': None, 'cmake_target_skip_unavailable': False, 'install_base': '/ros2_ws/install/fsm', 'merge_install': False, 'path': '/ros2_ws/src/fsm', 'symlink_install': False, 'test_result_base': None}
[0.251s] Level 5:colcon.colcon_core.verb:set package 'localization' build argument 'cmake_args' from command line to 'None'
[0.251s] Level 5:colcon.colcon_core.verb:set package 'localization' build argument 'cmake_target' from command line to 'None'
[0.251s] Level 5:colcon.colcon_core.verb:set package 'localization' build argument 'cmake_target_skip_unavailable' from command line to 'False'
[0.251s] Level 5:colcon.colcon_core.verb:set package 'localization' build argument 'cmake_clean_cache' from command line to 'False'
[0.251s] Level 5:colcon.colcon_core.verb:set package 'localization' build argument 'cmake_clean_first' from command line to 'False'
[0.251s] Level 5:colcon.colcon_core.verb:set package 'localization' build argument 'cmake_force_configure' from command line to 'False'
[0.251s] Level 5:colcon.colcon_core.verb:set package 'localization' build argument 'ament_cmake_args' from command line to 'None'
[0.251s] Level 5:colcon.colcon_core.verb:set package 'localization' build argument 'catkin_cmake_args' from command line to 'None'
[0.251s] Level 5:colcon.colcon_core.verb:set package 'localization' build argument 'catkin_skip_building_tests' from command line to 'False'
[0.251s] DEBUG:colcon.colcon_core.verb:Building package 'localization' with the following arguments: {'ament_cmake_args': None, 'build_base': '/ros2_ws/build/localization', 'catkin_cmake_args': None, 'catkin_skip_building_tests': False, 'cmake_args': None, 'cmake_clean_cache': False, 'cmake_clean_first': False, 'cmake_force_configure': False, 'cmake_target': None, 'cmake_target_skip_unavailable': False, 'install_base': '/ros2_ws/install/localization', 'merge_install': False, 'path': '/ros2_ws/src/localization', 'symlink_install': False, 'test_result_base': None}
[0.251s] Level 5:colcon.colcon_core.verb:set package 'perception' build argument 'cmake_args' from command line to 'None'
[0.251s] Level 5:colcon.colcon_core.verb:set package 'perception' build argument 'cmake_target' from command line to 'None'
[0.251s] Level 5:colcon.colcon_core.verb:set package 'perception' build argument 'cmake_target_skip_unavailable' from command line to 'False'
[0.251s] Level 5:colcon.colcon_core.verb:set package 'perception' build argument 'cmake_clean_cache' from command line to 'False'
[0.251s] Level 5:colcon.colcon_core.verb:set package 'perception' build argument 'cmake_clean_first' from command line to 'False'
[0.251s] Level 5:colcon.colcon_core.verb:set package 'perception' build argument 'cmake_force_configure' from command line to 'False'
[0.251s] Level 5:colcon.colcon_core.verb:set package 'perception' build argument 'ament_cmake_args' from command line to 'None'
[0.251s] Level 5:colcon.colcon_core.verb:set package 'perception' build argument 'catkin_cmake_args' from command line to 'None'
[0.251s] Level 5:colcon.colcon_core.verb:set package 'perception' build argument 'catkin_skip_building_tests' from command line to 'False'
[0.251s] DEBUG:colcon.colcon_core.verb:Building package 'perception' with the following arguments: {'ament_cmake_args': None, 'build_base': '/ros2_ws/build/perception', 'catkin_cmake_args': None, 'catkin_skip_building_tests': False, 'cmake_args': None, 'cmake_clean_cache': False, 'cmake_clean_first': False, 'cmake_force_configure': False, 'cmake_target': None, 'cmake_target_skip_unavailable': False, 'install_base': '/ros2_ws/install/perception', 'merge_install': False, 'path': '/ros2_ws/src/perception', 'symlink_install': False, 'test_result_base': None}
[0.252s] Level 5:colcon.colcon_core.verb:set package 'planning' build argument 'cmake_args' from command line to 'None'
[0.252s] Level 5:colcon.colcon_core.verb:set package 'planning' build argument 'cmake_target' from command line to 'None'
[0.252s] Level 5:colcon.colcon_core.verb:set package 'planning' build argument 'cmake_target_skip_unavailable' from command line to 'False'
[0.252s] Level 5:colcon.colcon_core.verb:set package 'planning' build argument 'cmake_clean_cache' from command line to 'False'
[0.252s] Level 5:colcon.colcon_core.verb:set package 'planning' build argument 'cmake_clean_first' from command line to 'False'
[0.252s] Level 5:colcon.colcon_core.verb:set package 'planning' build argument 'cmake_force_configure' from command line to 'False'
[0.252s] Level 5:colcon.colcon_core.verb:set package 'planning' build argument 'ament_cmake_args' from command line to 'None'
[0.252s] Level 5:colcon.colcon_core.verb:set package 'planning' build argument 'catkin_cmake_args' from command line to 'None'
[0.252s] Level 5:colcon.colcon_core.verb:set package 'planning' build argument 'catkin_skip_building_tests' from command line to 'False'
[0.252s] DEBUG:colcon.colcon_core.verb:Building package 'planning' with the following arguments: {'ament_cmake_args': None, 'build_base': '/ros2_ws/build/planning', 'catkin_cmake_args': None, 'catkin_skip_building_tests': False, 'cmake_args': None, 'cmake_clean_cache': False, 'cmake_clean_first': False, 'cmake_force_configure': False, 'cmake_target': None, 'cmake_target_skip_unavailable': False, 'install_base': '/ros2_ws/install/planning', 'merge_install': False, 'path': '/ros2_ws/src/planning', 'symlink_install': False, 'test_result_base': None}
[0.252s] INFO:colcon.colcon_core.executor:Executing jobs using 'parallel' executor
[0.256s] DEBUG:colcon.colcon_parallel_executor.executor.parallel:run_until_complete
[0.258s] INFO:colcon.colcon_ros.task.ament_cmake.build:Building ROS package in '/ros2_ws/src/planning_msgs' with build type 'ament_cmake'
[0.258s] INFO:colcon.colcon_cmake.task.cmake.build:Building CMake package in '/ros2_ws/src/planning_msgs'
[0.260s] INFO:colcon.colcon_core.plugin_system:Skipping extension 'colcon_core.shell.bat': Not used on non-Windows systems
[0.260s] INFO:colcon.colcon_core.shell:Skip shell extension 'powershell' for command environment: Not usable outside of PowerShell
[0.260s] DEBUG:colcon.colcon_core.shell:Skip shell extension 'dsv' for command environment
[0.266s] INFO:colcon.colcon_ros.task.ament_cmake.build:Building ROS package in '/ros2_ws/src/common_msgs' with build type 'ament_cmake'
[0.268s] INFO:colcon.colcon_cmake.task.cmake.build:Building CMake package in '/ros2_ws/src/common_msgs'
[0.269s] INFO:colcon.colcon_core.shell:Skip shell extension 'powershell' for command environment: Not usable outside of PowerShell
[0.270s] DEBUG:colcon.colcon_core.shell:Skip shell extension 'dsv' for command environment
[0.274s] INFO:colcon.colcon_ros.task.ament_cmake.build:Building ROS package in '/ros2_ws/src/fsm_msgs' with build type 'ament_cmake'
[0.274s] INFO:colcon.colcon_cmake.task.cmake.build:Building CMake package in '/ros2_ws/src/fsm_msgs'
[0.275s] INFO:colcon.colcon_core.shell:Skip shell extension 'powershell' for command environment: Not usable outside of PowerShell
[0.275s] DEBUG:colcon.colcon_core.shell:Skip shell extension 'dsv' for command environment
[0.279s] INFO:colcon.colcon_ros.task.ament_cmake.build:Building ROS package in '/ros2_ws/src/localization_msgs' with build type 'ament_cmake'
[0.279s] INFO:colcon.colcon_cmake.task.cmake.build:Building CMake package in '/ros2_ws/src/localization_msgs'
[0.281s] INFO:colcon.colcon_core.shell:Skip shell extension 'powershell' for command environment: Not usable outside of PowerShell
[0.281s] DEBUG:colcon.colcon_core.shell:Skip shell extension 'dsv' for command environment
[0.287s] INFO:colcon.colcon_ros.task.ament_cmake.build:Building ROS package in '/ros2_ws/src/perception_msgs' with build type 'ament_cmake'
[0.287s] INFO:colcon.colcon_cmake.task.cmake.build:Building CMake package in '/ros2_ws/src/perception_msgs'
[0.288s] INFO:colcon.colcon_core.shell:Skip shell extension 'powershell' for command environment: Not usable outside of PowerShell
[0.289s] DEBUG:colcon.colcon_core.shell:Skip shell extension 'dsv' for command environment
[0.315s] DEBUG:colcon.colcon_core.event_handler.log_command:Invoking command in '/ros2_ws/build/planning_msgs': CMAKE_PREFIX_PATH=/opt/ros/foxy /usr/bin/cmake --build /ros2_ws/build/planning_msgs -- -j10 -l10
[0.321s] DEBUG:colcon.colcon_core.event_handler.log_command:Invoking command in '/ros2_ws/build/common_msgs': CMAKE_PREFIX_PATH=/opt/ros/foxy /usr/bin/cmake --build /ros2_ws/build/common_msgs -- -j10 -l10
[0.327s] DEBUG:colcon.colcon_core.event_handler.log_command:Invoking command in '/ros2_ws/build/fsm_msgs': CMAKE_PREFIX_PATH=/opt/ros/foxy /usr/bin/cmake --build /ros2_ws/build/fsm_msgs -- -j10 -l10
[0.339s] DEBUG:colcon.colcon_core.event_handler.log_command:Invoking command in '/ros2_ws/build/localization_msgs': CMAKE_PREFIX_PATH=/opt/ros/foxy /usr/bin/cmake --build /ros2_ws/build/localization_msgs -- -j10 -l10
[0.350s] DEBUG:colcon.colcon_core.event_handler.log_command:Invoking command in '/ros2_ws/build/perception_msgs': CMAKE_PREFIX_PATH=/opt/ros/foxy /usr/bin/cmake --build /ros2_ws/build/perception_msgs -- -j10 -l10
[1.978s] DEBUG:colcon.colcon_core.event_handler.log_command:Invoked command in '/ros2_ws/build/localization_msgs' returned '0': CMAKE_PREFIX_PATH=/opt/ros/foxy /usr/bin/cmake --build /ros2_ws/build/localization_msgs -- -j10 -l10
[1.986s] DEBUG:colcon.colcon_core.event_handler.log_command:Invoked command in '/ros2_ws/build/planning_msgs' returned '0': CMAKE_PREFIX_PATH=/opt/ros/foxy /usr/bin/cmake --build /ros2_ws/build/planning_msgs -- -j10 -l10
[1.996s] DEBUG:colcon.colcon_core.event_handler.log_command:Invoked command in '/ros2_ws/build/common_msgs' returned '0': CMAKE_PREFIX_PATH=/opt/ros/foxy /usr/bin/cmake --build /ros2_ws/build/common_msgs -- -j10 -l10
[2.026s] DEBUG:colcon.colcon_core.event_handler.log_command:Invoked command in '/ros2_ws/build/fsm_msgs' returned '0': CMAKE_PREFIX_PATH=/opt/ros/foxy /usr/bin/cmake --build /ros2_ws/build/fsm_msgs -- -j10 -l10
[2.055s] DEBUG:colcon.colcon_core.event_handler.log_command:Invoked command in '/ros2_ws/build/perception_msgs' returned '0': CMAKE_PREFIX_PATH=/opt/ros/foxy /usr/bin/cmake --build /ros2_ws/build/perception_msgs -- -j10 -l10
[3.014s] DEBUG:colcon.colcon_core.event_handler.log_command:Invoking command in '/ros2_ws/build/common_msgs': CMAKE_PREFIX_PATH=/opt/ros/foxy /usr/bin/cmake --install /ros2_ws/build/common_msgs
[3.225s] Level 1:colcon.colcon_core.environment:create_environment_scripts_only(common_msgs)
[3.228s] Level 1:colcon.colcon_core.environment:checking '/ros2_ws/install/common_msgs' for CMake module files
[3.229s] DEBUG:colcon.colcon_core.event_handler.log_command:Invoked command in '/ros2_ws/build/common_msgs' returned '0': CMAKE_PREFIX_PATH=/opt/ros/foxy /usr/bin/cmake --install /ros2_ws/build/common_msgs
[3.233s] Level 1:colcon.colcon_core.environment:checking '/ros2_ws/install/common_msgs' for CMake config files
[3.239s] Level 1:colcon.colcon_core.shell:create_environment_hook('common_msgs', 'cmake_prefix_path')
[3.240s] INFO:colcon.colcon_core.shell:Creating environment hook '/ros2_ws/install/common_msgs/share/common_msgs/hook/cmake_prefix_path.ps1'
[3.242s] INFO:colcon.colcon_core.shell:Creating environment descriptor '/ros2_ws/install/common_msgs/share/common_msgs/hook/cmake_prefix_path.dsv'
[3.244s] INFO:colcon.colcon_core.shell:Creating environment hook '/ros2_ws/install/common_msgs/share/common_msgs/hook/cmake_prefix_path.sh'
[3.249s] Level 1:colcon.colcon_core.environment:checking '/ros2_ws/install/common_msgs/lib'
[3.251s] Level 1:colcon.colcon_core.shell:create_environment_hook('common_msgs', 'ld_library_path_lib')
[3.253s] INFO:colcon.colcon_core.shell:Creating environment hook '/ros2_ws/install/common_msgs/share/common_msgs/hook/ld_library_path_lib.ps1'
[3.254s] INFO:colcon.colcon_core.shell:Creating environment descriptor '/ros2_ws/install/common_msgs/share/common_msgs/hook/ld_library_path_lib.dsv'
[3.256s] INFO:colcon.colcon_core.shell:Creating environment hook '/ros2_ws/install/common_msgs/share/common_msgs/hook/ld_library_path_lib.sh'
[3.260s] Level 1:colcon.colcon_core.environment:checking '/ros2_ws/install/common_msgs/bin'
[3.261s] Level 1:colcon.colcon_core.environment:checking '/ros2_ws/install/common_msgs/lib/pkgconfig/common_msgs.pc'
[3.262s] Level 1:colcon.colcon_core.environment:checking '/ros2_ws/install/common_msgs/lib/python3.8/site-packages'
[3.264s] Level 1:colcon.colcon_core.shell:create_environment_hook('common_msgs', 'pythonpath')
[3.264s] INFO:colcon.colcon_core.shell:Creating environment hook '/ros2_ws/install/common_msgs/share/common_msgs/hook/pythonpath.ps1'
[3.266s] INFO:colcon.colcon_core.shell:Creating environment descriptor '/ros2_ws/install/common_msgs/share/common_msgs/hook/pythonpath.dsv'
[3.267s] INFO:colcon.colcon_core.shell:Creating environment hook '/ros2_ws/install/common_msgs/share/common_msgs/hook/pythonpath.sh'
[3.270s] Level 1:colcon.colcon_core.environment:checking '/ros2_ws/install/common_msgs/bin'
[3.272s] INFO:colcon.colcon_core.shell:Creating package script '/ros2_ws/install/common_msgs/share/common_msgs/package.ps1'
[3.276s] INFO:colcon.colcon_core.shell:Creating package descriptor '/ros2_ws/install/common_msgs/share/common_msgs/package.dsv'
[3.277s] INFO:colcon.colcon_core.shell:Creating package script '/ros2_ws/install/common_msgs/share/common_msgs/package.sh'
[3.280s] INFO:colcon.colcon_core.shell:Creating package script '/ros2_ws/install/common_msgs/share/common_msgs/package.bash'
[3.281s] INFO:colcon.colcon_core.shell:Creating package script '/ros2_ws/install/common_msgs/share/common_msgs/package.zsh'
[3.283s] Level 1:colcon.colcon_core.environment:create_file_with_runtime_dependencies(/ros2_ws/install/common_msgs/share/colcon-core/packages/common_msgs)
[3.297s] DEBUG:colcon.colcon_core.event_handler.log_command:Invoking command in '/ros2_ws/build/fsm_msgs': CMAKE_PREFIX_PATH=/opt/ros/foxy /usr/bin/cmake --install /ros2_ws/build/fsm_msgs
[3.525s] Level 1:colcon.colcon_core.environment:create_environment_scripts_only(fsm_msgs)
[3.529s] Level 1:colcon.colcon_core.environment:checking '/ros2_ws/install/fsm_msgs' for CMake module files
[3.532s] DEBUG:colcon.colcon_core.event_handler.log_command:Invoked command in '/ros2_ws/build/fsm_msgs' returned '0': CMAKE_PREFIX_PATH=/opt/ros/foxy /usr/bin/cmake --install /ros2_ws/build/fsm_msgs
[3.535s] Level 1:colcon.colcon_core.environment:checking '/ros2_ws/install/fsm_msgs' for CMake config files
[3.541s] Level 1:colcon.colcon_core.shell:create_environment_hook('fsm_msgs', 'cmake_prefix_path')
[3.542s] INFO:colcon.colcon_core.shell:Creating environment hook '/ros2_ws/install/fsm_msgs/share/fsm_msgs/hook/cmake_prefix_path.ps1'
[3.548s] INFO:colcon.colcon_core.shell:Creating environment descriptor '/ros2_ws/install/fsm_msgs/share/fsm_msgs/hook/cmake_prefix_path.dsv'
[3.548s] INFO:colcon.colcon_core.shell:Creating environment hook '/ros2_ws/install/fsm_msgs/share/fsm_msgs/hook/cmake_prefix_path.sh'
[3.551s] Level 1:colcon.colcon_core.environment:checking '/ros2_ws/install/fsm_msgs/lib'
[3.552s] Level 1:colcon.colcon_core.shell:create_environment_hook('fsm_msgs', 'ld_library_path_lib')
[3.552s] INFO:colcon.colcon_core.shell:Creating environment hook '/ros2_ws/install/fsm_msgs/share/fsm_msgs/hook/ld_library_path_lib.ps1'
[3.553s] INFO:colcon.colcon_core.shell:Creating environment descriptor '/ros2_ws/install/fsm_msgs/share/fsm_msgs/hook/ld_library_path_lib.dsv'
[3.554s] INFO:colcon.colcon_core.shell:Creating environment hook '/ros2_ws/install/fsm_msgs/share/fsm_msgs/hook/ld_library_path_lib.sh'
[3.555s] Level 1:colcon.colcon_core.environment:checking '/ros2_ws/install/fsm_msgs/bin'
[3.555s] Level 1:colcon.colcon_core.environment:checking '/ros2_ws/install/fsm_msgs/lib/pkgconfig/fsm_msgs.pc'
[3.555s] Level 1:colcon.colcon_core.environment:checking '/ros2_ws/install/fsm_msgs/lib/python3.8/site-packages'
[3.555s] Level 1:colcon.colcon_core.shell:create_environment_hook('fsm_msgs', 'pythonpath')
[3.557s] INFO:colcon.colcon_core.shell:Creating environment hook '/ros2_ws/install/fsm_msgs/share/fsm_msgs/hook/pythonpath.ps1'
[3.557s] INFO:colcon.colcon_core.shell:Creating environment descriptor '/ros2_ws/install/fsm_msgs/share/fsm_msgs/hook/pythonpath.dsv'
[3.559s] INFO:colcon.colcon_core.shell:Creating environment hook '/ros2_ws/install/fsm_msgs/share/fsm_msgs/hook/pythonpath.sh'
[3.559s] Level 1:colcon.colcon_core.environment:checking '/ros2_ws/install/fsm_msgs/bin'
[3.560s] INFO:colcon.colcon_core.shell:Creating package script '/ros2_ws/install/fsm_msgs/share/fsm_msgs/package.ps1'
[3.563s] INFO:colcon.colcon_core.shell:Creating package descriptor '/ros2_ws/install/fsm_msgs/share/fsm_msgs/package.dsv'
[3.566s] INFO:colcon.colcon_core.shell:Creating package script '/ros2_ws/install/fsm_msgs/share/fsm_msgs/package.sh'
[3.567s] INFO:colcon.colcon_core.shell:Creating package script '/ros2_ws/install/fsm_msgs/share/fsm_msgs/package.bash'
[3.567s] INFO:colcon.colcon_core.shell:Creating package script '/ros2_ws/install/fsm_msgs/share/fsm_msgs/package.zsh'
[3.567s] Level 1:colcon.colcon_core.environment:create_file_with_runtime_dependencies(/ros2_ws/install/fsm_msgs/share/colcon-core/packages/fsm_msgs)
[4.043s] DEBUG:colcon.colcon_core.event_handler.log_command:Invoking command in '/ros2_ws/build/localization_msgs': CMAKE_PREFIX_PATH=/opt/ros/foxy /usr/bin/cmake --install /ros2_ws/build/localization_msgs
[4.290s] Level 1:colcon.colcon_core.environment:create_environment_scripts_only(localization_msgs)
[4.291s] Level 1:colcon.colcon_core.environment:checking '/ros2_ws/install/localization_msgs' for CMake module files
[4.293s] DEBUG:colcon.colcon_core.event_handler.log_command:Invoked command in '/ros2_ws/build/localization_msgs' returned '0': CMAKE_PREFIX_PATH=/opt/ros/foxy /usr/bin/cmake --install /ros2_ws/build/localization_msgs
[4.299s] Level 1:colcon.colcon_core.environment:checking '/ros2_ws/install/localization_msgs' for CMake config files
[4.305s] Level 1:colcon.colcon_core.shell:create_environment_hook('localization_msgs', 'cmake_prefix_path')
[4.309s] INFO:colcon.colcon_core.shell:Creating environment hook '/ros2_ws/install/localization_msgs/share/localization_msgs/hook/cmake_prefix_path.ps1'
[4.313s] INFO:colcon.colcon_core.shell:Creating environment descriptor '/ros2_ws/install/localization_msgs/share/localization_msgs/hook/cmake_prefix_path.dsv'
[4.313s] INFO:colcon.colcon_core.shell:Creating environment hook '/ros2_ws/install/localization_msgs/share/localization_msgs/hook/cmake_prefix_path.sh'
[4.314s] Level 1:colcon.colcon_core.environment:checking '/ros2_ws/install/localization_msgs/lib'
[4.315s] Level 1:colcon.colcon_core.shell:create_environment_hook('localization_msgs', 'ld_library_path_lib')
[4.316s] INFO:colcon.colcon_core.shell:Creating environment hook '/ros2_ws/install/localization_msgs/share/localization_msgs/hook/ld_library_path_lib.ps1'
[4.319s] INFO:colcon.colcon_core.shell:Creating environment descriptor '/ros2_ws/install/localization_msgs/share/localization_msgs/hook/ld_library_path_lib.dsv'
[4.322s] INFO:colcon.colcon_core.shell:Creating environment hook '/ros2_ws/install/localization_msgs/share/localization_msgs/hook/ld_library_path_lib.sh'
[4.323s] Level 1:colcon.colcon_core.environment:checking '/ros2_ws/install/localization_msgs/bin'
[4.324s] Level 1:colcon.colcon_core.environment:checking '/ros2_ws/install/localization_msgs/lib/pkgconfig/localization_msgs.pc'
[4.324s] Level 1:colcon.colcon_core.environment:checking '/ros2_ws/install/localization_msgs/lib/python3.8/site-packages'
[4.324s] Level 1:colcon.colcon_core.shell:create_environment_hook('localization_msgs', 'pythonpath')
[4.325s] INFO:colcon.colcon_core.shell:Creating environment hook '/ros2_ws/install/localization_msgs/share/localization_msgs/hook/pythonpath.ps1'
[4.327s] INFO:colcon.colcon_core.shell:Creating environment descriptor '/ros2_ws/install/localization_msgs/share/localization_msgs/hook/pythonpath.dsv'
[4.331s] INFO:colcon.colcon_core.shell:Creating environment hook '/ros2_ws/install/localization_msgs/share/localization_msgs/hook/pythonpath.sh'
[4.334s] Level 1:colcon.colcon_core.environment:checking '/ros2_ws/install/localization_msgs/bin'
[4.334s] INFO:colcon.colcon_core.shell:Creating package script '/ros2_ws/install/localization_msgs/share/localization_msgs/package.ps1'
[4.335s] INFO:colcon.colcon_core.shell:Creating package descriptor '/ros2_ws/install/localization_msgs/share/localization_msgs/package.dsv'
[4.338s] INFO:colcon.colcon_core.shell:Creating package script '/ros2_ws/install/localization_msgs/share/localization_msgs/package.sh'
[4.340s] INFO:colcon.colcon_core.shell:Creating package script '/ros2_ws/install/localization_msgs/share/localization_msgs/package.bash'
[4.341s] INFO:colcon.colcon_core.shell:Creating package script '/ros2_ws/install/localization_msgs/share/localization_msgs/package.zsh'
[4.342s] Level 1:colcon.colcon_core.environment:create_file_with_runtime_dependencies(/ros2_ws/install/localization_msgs/share/colcon-core/packages/localization_msgs)
[4.351s] Level 1:colcon.colcon_core.environment:create_environment_scripts_only(common_msgs)
[4.352s] Level 1:colcon.colcon_core.environment:checking '/ros2_ws/install/common_msgs' for CMake module files
[4.366s] Level 1:colcon.colcon_core.environment:checking '/ros2_ws/install/common_msgs' for CMake config files
[4.372s] Level 1:colcon.colcon_core.shell:create_environment_hook('common_msgs', 'cmake_prefix_path')
[4.373s] INFO:colcon.colcon_core.shell:Creating environment hook '/ros2_ws/install/common_msgs/share/common_msgs/hook/cmake_prefix_path.ps1'
[4.375s] INFO:colcon.colcon_core.shell:Creating environment descriptor '/ros2_ws/install/common_msgs/share/common_msgs/hook/cmake_prefix_path.dsv'
[4.376s] INFO:colcon.colcon_core.shell:Creating environment hook '/ros2_ws/install/common_msgs/share/common_msgs/hook/cmake_prefix_path.sh'
[4.380s] Level 1:colcon.colcon_core.environment:checking '/ros2_ws/install/common_msgs/lib'
[4.381s] Level 1:colcon.colcon_core.shell:create_environment_hook('common_msgs', 'ld_library_path_lib')
[4.383s] INFO:colcon.colcon_core.shell:Creating environment hook '/ros2_ws/install/common_msgs/share/common_msgs/hook/ld_library_path_lib.ps1'
[4.384s] INFO:colcon.colcon_core.shell:Creating environment descriptor '/ros2_ws/install/common_msgs/share/common_msgs/hook/ld_library_path_lib.dsv'
[4.384s] INFO:colcon.colcon_core.shell:Creating environment hook '/ros2_ws/install/common_msgs/share/common_msgs/hook/ld_library_path_lib.sh'
[4.386s] Level 1:colcon.colcon_core.environment:checking '/ros2_ws/install/common_msgs/bin'
[4.386s] Level 1:colcon.colcon_core.environment:checking '/ros2_ws/install/common_msgs/lib/pkgconfig/common_msgs.pc'
[4.387s] Level 1:colcon.colcon_core.environment:checking '/ros2_ws/install/common_msgs/lib/python3.8/site-packages'
[4.387s] Level 1:colcon.colcon_core.shell:create_environment_hook('common_msgs', 'pythonpath')
[4.388s] INFO:colcon.colcon_core.shell:Creating environment hook '/ros2_ws/install/common_msgs/share/common_msgs/hook/pythonpath.ps1'
[4.390s] INFO:colcon.colcon_core.shell:Creating environment descriptor '/ros2_ws/install/common_msgs/share/common_msgs/hook/pythonpath.dsv'
[4.391s] INFO:colcon.colcon_core.shell:Creating environment hook '/ros2_ws/install/common_msgs/share/common_msgs/hook/pythonpath.sh'
[4.395s] Level 1:colcon.colcon_core.environment:checking '/ros2_ws/install/common_msgs/bin'
[4.398s] INFO:colcon.colcon_core.shell:Creating package script '/ros2_ws/install/common_msgs/share/common_msgs/package.ps1'
[4.400s] INFO:colcon.colcon_core.shell:Creating package descriptor '/ros2_ws/install/common_msgs/share/common_msgs/package.dsv'
[4.400s] INFO:colcon.colcon_core.shell:Creating package script '/ros2_ws/install/common_msgs/share/common_msgs/package.sh'
[4.401s] INFO:colcon.colcon_core.shell:Creating package script '/ros2_ws/install/common_msgs/share/common_msgs/package.bash'
[4.403s] INFO:colcon.colcon_core.shell:Creating package script '/ros2_ws/install/common_msgs/share/common_msgs/package.zsh'
[4.404s] Level 1:colcon.colcon_core.environment:create_file_with_runtime_dependencies(/ros2_ws/install/common_msgs/share/colcon-core/packages/common_msgs)
[4.814s] DEBUG:colcon.colcon_core.event_handler.log_command:Invoking command in '/ros2_ws/build/perception_msgs': CMAKE_PREFIX_PATH=/opt/ros/foxy /usr/bin/cmake --install /ros2_ws/build/perception_msgs
[4.819s] Level 1:colcon.colcon_core.environment:create_environment_scripts_only(fsm_msgs)
[4.820s] Level 1:colcon.colcon_core.environment:checking '/ros2_ws/install/fsm_msgs' for CMake module files
[4.824s] Level 1:colcon.colcon_core.environment:checking '/ros2_ws/install/fsm_msgs' for CMake config files
[4.829s] Level 1:colcon.colcon_core.shell:create_environment_hook('fsm_msgs', 'cmake_prefix_path')
[4.830s] INFO:colcon.colcon_core.shell:Creating environment hook '/ros2_ws/install/fsm_msgs/share/fsm_msgs/hook/cmake_prefix_path.ps1'
[4.833s] INFO:colcon.colcon_core.shell:Creating environment descriptor '/ros2_ws/install/fsm_msgs/share/fsm_msgs/hook/cmake_prefix_path.dsv'
[4.833s] INFO:colcon.colcon_core.shell:Creating environment hook '/ros2_ws/install/fsm_msgs/share/fsm_msgs/hook/cmake_prefix_path.sh'
[4.833s] Level 1:colcon.colcon_core.environment:checking '/ros2_ws/install/fsm_msgs/lib'
[4.834s] Level 1:colcon.colcon_core.shell:create_environment_hook('fsm_msgs', 'ld_library_path_lib')
[4.834s] INFO:colcon.colcon_core.shell:Creating environment hook '/ros2_ws/install/fsm_msgs/share/fsm_msgs/hook/ld_library_path_lib.ps1'
[4.836s] INFO:colcon.colcon_core.shell:Creating environment descriptor '/ros2_ws/install/fsm_msgs/share/fsm_msgs/hook/ld_library_path_lib.dsv'
[4.837s] INFO:colcon.colcon_core.shell:Creating environment hook '/ros2_ws/install/fsm_msgs/share/fsm_msgs/hook/ld_library_path_lib.sh'
[4.837s] Level 1:colcon.colcon_core.environment:checking '/ros2_ws/install/fsm_msgs/bin'
[4.837s] Level 1:colcon.colcon_core.environment:checking '/ros2_ws/install/fsm_msgs/lib/pkgconfig/fsm_msgs.pc'
[4.838s] Level 1:colcon.colcon_core.environment:checking '/ros2_ws/install/fsm_msgs/lib/python3.8/site-packages'
[4.838s] Level 1:colcon.colcon_core.shell:create_environment_hook('fsm_msgs', 'pythonpath')
[4.838s] INFO:colcon.colcon_core.shell:Creating environment hook '/ros2_ws/install/fsm_msgs/share/fsm_msgs/hook/pythonpath.ps1'
[4.839s] INFO:colcon.colcon_core.shell:Creating environment descriptor '/ros2_ws/install/fsm_msgs/share/fsm_msgs/hook/pythonpath.dsv'
[4.839s] INFO:colcon.colcon_core.shell:Creating environment hook '/ros2_ws/install/fsm_msgs/share/fsm_msgs/hook/pythonpath.sh'
[4.840s] Level 1:colcon.colcon_core.environment:checking '/ros2_ws/install/fsm_msgs/bin'
[4.841s] INFO:colcon.colcon_core.shell:Creating package script '/ros2_ws/install/fsm_msgs/share/fsm_msgs/package.ps1'
[4.844s] INFO:colcon.colcon_core.shell:Creating package descriptor '/ros2_ws/install/fsm_msgs/share/fsm_msgs/package.dsv'
[4.845s] INFO:colcon.colcon_core.shell:Creating package script '/ros2_ws/install/fsm_msgs/share/fsm_msgs/package.sh'
[4.846s] INFO:colcon.colcon_core.shell:Creating package script '/ros2_ws/install/fsm_msgs/share/fsm_msgs/package.bash'
[4.849s] INFO:colcon.colcon_core.shell:Creating package script '/ros2_ws/install/fsm_msgs/share/fsm_msgs/package.zsh'
[4.850s] Level 1:colcon.colcon_core.environment:create_file_with_runtime_dependencies(/ros2_ws/install/fsm_msgs/share/colcon-core/packages/fsm_msgs)
[4.862s] DEBUG:colcon.colcon_core.event_handler.log_command:Invoking command in '/ros2_ws/build/planning_msgs': CMAKE_PREFIX_PATH=/opt/ros/foxy /usr/bin/cmake --install /ros2_ws/build/planning_msgs
[5.054s] Level 1:colcon.colcon_core.environment:create_environment_scripts_only(perception_msgs)
[5.055s] Level 1:colcon.colcon_core.environment:checking '/ros2_ws/install/perception_msgs' for CMake module files
[5.055s] DEBUG:colcon.colcon_core.event_handler.log_command:Invoked command in '/ros2_ws/build/perception_msgs' returned '0': CMAKE_PREFIX_PATH=/opt/ros/foxy /usr/bin/cmake --install /ros2_ws/build/perception_msgs
[5.058s] Level 1:colcon.colcon_core.environment:checking '/ros2_ws/install/perception_msgs' for CMake config files
[5.066s] Level 1:colcon.colcon_core.shell:create_environment_hook('perception_msgs', 'cmake_prefix_path')
[5.066s] INFO:colcon.colcon_core.shell:Creating environment hook '/ros2_ws/install/perception_msgs/share/perception_msgs/hook/cmake_prefix_path.ps1'
[5.067s] INFO:colcon.colcon_core.shell:Creating environment descriptor '/ros2_ws/install/perception_msgs/share/perception_msgs/hook/cmake_prefix_path.dsv'
[5.067s] INFO:colcon.colcon_core.shell:Creating environment hook '/ros2_ws/install/perception_msgs/share/perception_msgs/hook/cmake_prefix_path.sh'
[5.068s] Level 1:colcon.colcon_core.environment:checking '/ros2_ws/install/perception_msgs/lib'
[5.069s] Level 1:colcon.colcon_core.shell:create_environment_hook('perception_msgs', 'ld_library_path_lib')
[5.071s] INFO:colcon.colcon_core.shell:Creating environment hook '/ros2_ws/install/perception_msgs/share/perception_msgs/hook/ld_library_path_lib.ps1'
[5.073s] INFO:colcon.colcon_core.shell:Creating environment descriptor '/ros2_ws/install/perception_msgs/share/perception_msgs/hook/ld_library_path_lib.dsv'
[5.073s] INFO:colcon.colcon_core.shell:Creating environment hook '/ros2_ws/install/perception_msgs/share/perception_msgs/hook/ld_library_path_lib.sh'
[5.073s] Level 1:colcon.colcon_core.environment:checking '/ros2_ws/install/perception_msgs/bin'
[5.073s] Level 1:colcon.colcon_core.environment:checking '/ros2_ws/install/perception_msgs/lib/pkgconfig/perception_msgs.pc'
[5.074s] Level 1:colcon.colcon_core.environment:checking '/ros2_ws/install/perception_msgs/lib/python3.8/site-packages'
[5.074s] Level 1:colcon.colcon_core.shell:create_environment_hook('perception_msgs', 'pythonpath')
[5.075s] INFO:colcon.colcon_core.shell:Creating environment hook '/ros2_ws/install/perception_msgs/share/perception_msgs/hook/pythonpath.ps1'
[5.076s] INFO:colcon.colcon_core.shell:Creating environment descriptor '/ros2_ws/install/perception_msgs/share/perception_msgs/hook/pythonpath.dsv'
[5.077s] INFO:colcon.colcon_core.shell:Creating environment hook '/ros2_ws/install/perception_msgs/share/perception_msgs/hook/pythonpath.sh'
[5.077s] Level 1:colcon.colcon_core.environment:checking '/ros2_ws/install/perception_msgs/bin'
[5.079s] INFO:colcon.colcon_core.shell:Creating package script '/ros2_ws/install/perception_msgs/share/perception_msgs/package.ps1'
[5.080s] INFO:colcon.colcon_core.shell:Creating package descriptor '/ros2_ws/install/perception_msgs/share/perception_msgs/package.dsv'
[5.081s] INFO:colcon.colcon_core.shell:Creating package script '/ros2_ws/install/perception_msgs/share/perception_msgs/package.sh'
[5.082s] INFO:colcon.colcon_core.shell:Creating package script '/ros2_ws/install/perception_msgs/share/perception_msgs/package.bash'
[5.083s] INFO:colcon.colcon_core.shell:Creating package script '/ros2_ws/install/perception_msgs/share/perception_msgs/package.zsh'
[5.083s] Level 1:colcon.colcon_core.environment:create_file_with_runtime_dependencies(/ros2_ws/install/perception_msgs/share/colcon-core/packages/perception_msgs)
[5.120s] Level 1:colcon.colcon_core.environment:create_environment_scripts_only(planning_msgs)
[5.122s] Level 1:colcon.colcon_core.environment:checking '/ros2_ws/install/planning_msgs' for CMake module files
[5.122s] DEBUG:colcon.colcon_core.event_handler.log_command:Invoked command in '/ros2_ws/build/planning_msgs' returned '0': CMAKE_PREFIX_PATH=/opt/ros/foxy /usr/bin/cmake --install /ros2_ws/build/planning_msgs
[5.125s] Level 1:colcon.colcon_core.environment:checking '/ros2_ws/install/planning_msgs' for CMake config files
[5.130s] Level 1:colcon.colcon_core.shell:create_environment_hook('planning_msgs', 'cmake_prefix_path')
[5.132s] INFO:colcon.colcon_core.shell:Creating environment hook '/ros2_ws/install/planning_msgs/share/planning_msgs/hook/cmake_prefix_path.ps1'
[5.133s] INFO:colcon.colcon_core.shell:Creating environment descriptor '/ros2_ws/install/planning_msgs/share/planning_msgs/hook/cmake_prefix_path.dsv'
[5.134s] INFO:colcon.colcon_core.shell:Creating environment hook '/ros2_ws/install/planning_msgs/share/planning_msgs/hook/cmake_prefix_path.sh'
[5.134s] Level 1:colcon.colcon_core.environment:checking '/ros2_ws/install/planning_msgs/lib'
[5.134s] Level 1:colcon.colcon_core.shell:create_environment_hook('planning_msgs', 'ld_library_path_lib')
[5.135s] INFO:colcon.colcon_core.shell:Creating environment hook '/ros2_ws/install/planning_msgs/share/planning_msgs/hook/ld_library_path_lib.ps1'
[5.136s] INFO:colcon.colcon_core.shell:Creating environment descriptor '/ros2_ws/install/planning_msgs/share/planning_msgs/hook/ld_library_path_lib.dsv'
[5.138s] INFO:colcon.colcon_core.shell:Creating environment hook '/ros2_ws/install/planning_msgs/share/planning_msgs/hook/ld_library_path_lib.sh'
[5.139s] Level 1:colcon.colcon_core.environment:checking '/ros2_ws/install/planning_msgs/bin'
[5.139s] Level 1:colcon.colcon_core.environment:checking '/ros2_ws/install/planning_msgs/lib/pkgconfig/planning_msgs.pc'
[5.139s] Level 1:colcon.colcon_core.environment:checking '/ros2_ws/install/planning_msgs/lib/python3.8/site-packages'
[5.139s] Level 1:colcon.colcon_core.shell:create_environment_hook('planning_msgs', 'pythonpath')
[5.140s] INFO:colcon.colcon_core.shell:Creating environment hook '/ros2_ws/install/planning_msgs/share/planning_msgs/hook/pythonpath.ps1'
[5.143s] INFO:colcon.colcon_core.shell:Creating environment descriptor '/ros2_ws/install/planning_msgs/share/planning_msgs/hook/pythonpath.dsv'
[5.145s] INFO:colcon.colcon_core.shell:Creating environment hook '/ros2_ws/install/planning_msgs/share/planning_msgs/hook/pythonpath.sh'
[5.146s] Level 1:colcon.colcon_core.environment:checking '/ros2_ws/install/planning_msgs/bin'
[5.149s] INFO:colcon.colcon_core.shell:Creating package script '/ros2_ws/install/planning_msgs/share/planning_msgs/package.ps1'
[5.152s] INFO:colcon.colcon_core.shell:Creating package descriptor '/ros2_ws/install/planning_msgs/share/planning_msgs/package.dsv'
[5.152s] INFO:colcon.colcon_core.shell:Creating package script '/ros2_ws/install/planning_msgs/share/planning_msgs/package.sh'
[5.154s] INFO:colcon.colcon_core.shell:Creating package script '/ros2_ws/install/planning_msgs/share/planning_msgs/package.bash'
[5.156s] INFO:colcon.colcon_core.shell:Creating package script '/ros2_ws/install/planning_msgs/share/planning_msgs/package.zsh'
[5.157s] Level 1:colcon.colcon_core.environment:create_file_with_runtime_dependencies(/ros2_ws/install/planning_msgs/share/colcon-core/packages/planning_msgs)
[6.238s] Level 1:colcon.colcon_core.environment:create_environment_scripts_only(localization_msgs)
[6.240s] Level 1:colcon.colcon_core.environment:checking '/ros2_ws/install/localization_msgs' for CMake module files
[6.245s] Level 1:colcon.colcon_core.environment:checking '/ros2_ws/install/localization_msgs' for CMake config files
[6.248s] Level 1:colcon.colcon_core.shell:create_environment_hook('localization_msgs', 'cmake_prefix_path')
[6.249s] INFO:colcon.colcon_core.shell:Creating environment hook '/ros2_ws/install/localization_msgs/share/localization_msgs/hook/cmake_prefix_path.ps1'
[6.253s] INFO:colcon.colcon_core.shell:Creating environment descriptor '/ros2_ws/install/localization_msgs/share/localization_msgs/hook/cmake_prefix_path.dsv'
[6.254s] INFO:colcon.colcon_core.shell:Creating environment hook '/ros2_ws/install/localization_msgs/share/localization_msgs/hook/cmake_prefix_path.sh'
[6.254s] Level 1:colcon.colcon_core.environment:checking '/ros2_ws/install/localization_msgs/lib'
[6.255s] Level 1:colcon.colcon_core.shell:create_environment_hook('localization_msgs', 'ld_library_path_lib')
[6.255s] INFO:colcon.colcon_core.shell:Creating environment hook '/ros2_ws/install/localization_msgs/share/localization_msgs/hook/ld_library_path_lib.ps1'
[6.257s] INFO:colcon.colcon_core.shell:Creating environment descriptor '/ros2_ws/install/localization_msgs/share/localization_msgs/hook/ld_library_path_lib.dsv'
[6.259s] INFO:colcon.colcon_core.shell:Creating environment hook '/ros2_ws/install/localization_msgs/share/localization_msgs/hook/ld_library_path_lib.sh'
[6.262s] Level 1:colcon.colcon_core.environment:checking '/ros2_ws/install/localization_msgs/bin'
[6.262s] Level 1:colcon.colcon_core.environment:checking '/ros2_ws/install/localization_msgs/lib/pkgconfig/localization_msgs.pc'
[6.262s] Level 1:colcon.colcon_core.environment:checking '/ros2_ws/install/localization_msgs/lib/python3.8/site-packages'
[6.263s] Level 1:colcon.colcon_core.shell:create_environment_hook('localization_msgs', 'pythonpath')
[6.263s] INFO:colcon.colcon_core.shell:Creating environment hook '/ros2_ws/install/localization_msgs/share/localization_msgs/hook/pythonpath.ps1'
[6.264s] INFO:colcon.colcon_core.shell:Creating environment descriptor '/ros2_ws/install/localization_msgs/share/localization_msgs/hook/pythonpath.dsv'
[6.264s] INFO:colcon.colcon_core.shell:Creating environment hook '/ros2_ws/install/localization_msgs/share/localization_msgs/hook/pythonpath.sh'
[6.265s] Level 1:colcon.colcon_core.environment:checking '/ros2_ws/install/localization_msgs/bin'
[6.266s] INFO:colcon.colcon_core.shell:Creating package script '/ros2_ws/install/localization_msgs/share/localization_msgs/package.ps1'
[6.268s] INFO:colcon.colcon_core.shell:Creating package descriptor '/ros2_ws/install/localization_msgs/share/localization_msgs/package.dsv'
[6.268s] INFO:colcon.colcon_core.shell:Creating package script '/ros2_ws/install/localization_msgs/share/localization_msgs/package.sh'
[6.270s] INFO:colcon.colcon_core.shell:Creating package script '/ros2_ws/install/localization_msgs/share/localization_msgs/package.bash'
[6.270s] INFO:colcon.colcon_core.shell:Creating package script '/ros2_ws/install/localization_msgs/share/localization_msgs/package.zsh'
[6.272s] Level 1:colcon.colcon_core.environment:create_file_with_runtime_dependencies(/ros2_ws/install/localization_msgs/share/colcon-core/packages/localization_msgs)
[6.274s] INFO:colcon.colcon_ros.task.ament_python.build:Building ROS package in '/ros2_ws/src/localization' with build type 'ament_python'
[6.274s] Level 1:colcon.colcon_core.shell:create_environment_hook('localization', 'ament_prefix_path')
[6.275s] INFO:colcon.colcon_core.shell:Creating environment hook '/ros2_ws/install/localization/share/localization/hook/ament_prefix_path.ps1'
[6.277s] INFO:colcon.colcon_core.shell:Creating environment descriptor '/ros2_ws/install/localization/share/localization/hook/ament_prefix_path.dsv'
[6.282s] INFO:colcon.colcon_core.shell:Creating environment hook '/ros2_ws/install/localization/share/localization/hook/ament_prefix_path.sh'
[6.284s] INFO:colcon.colcon_core.shell:Skip shell extension 'powershell' for command environment: Not usable outside of PowerShell
[6.285s] DEBUG:colcon.colcon_core.shell:Skip shell extension 'dsv' for command environment
[6.529s] INFO:colcon.colcon_core.task.python.build:Building Python package in '/ros2_ws/src/localization'
[6.531s] INFO:colcon.colcon_core.shell:Skip shell extension 'powershell' for command environment: Not usable outside of PowerShell
[6.531s] DEBUG:colcon.colcon_core.shell:Skip shell extension 'dsv' for command environment
[6.874s] DEBUG:colcon.colcon_core.event_handler.log_command:Invoking command in '/ros2_ws/src/localization': AMENT_PREFIX_PATH=/ros2_ws/install/localization_msgs:${AMENT_PREFIX_PATH} CMAKE_PREFIX_PATH=/ros2_ws/install/localization_msgs LD_LIBRARY_PATH=/ros2_ws/install/localization_msgs/lib:${LD_LIBRARY_PATH} PYTHONPATH=/ros2_ws/build/localization/prefix_override:/ros2_ws/install/localization/lib/python3.8/site-packages:/ros2_ws/install/localization_msgs/lib/python3.8/site-packages:${PYTHONPATH} /usr/bin/python3 setup.py egg_info --egg-base ../../build/localization build --build-base /ros2_ws/build/localization/build install --record /ros2_ws/build/localization/install.log --single-version-externally-managed
[7.149s] Level 1:colcon.colcon_core.environment:checking '/ros2_ws/install/localization' for CMake module files
[7.150s] DEBUG:colcon.colcon_core.event_handler.log_command:Invoked command in '/ros2_ws/src/localization' returned '0': AMENT_PREFIX_PATH=/ros2_ws/install/localization_msgs:${AMENT_PREFIX_PATH} CMAKE_PREFIX_PATH=/ros2_ws/install/localization_msgs LD_LIBRARY_PATH=/ros2_ws/install/localization_msgs/lib:${LD_LIBRARY_PATH} PYTHONPATH=/ros2_ws/build/localization/prefix_override:/ros2_ws/install/localization/lib/python3.8/site-packages:/ros2_ws/install/localization_msgs/lib/python3.8/site-packages:${PYTHONPATH} /usr/bin/python3 setup.py egg_info --egg-base ../../build/localization build --build-base /ros2_ws/build/localization/build install --record /ros2_ws/build/localization/install.log --single-version-externally-managed
[7.152s] Level 1:colcon.colcon_core.environment:checking '/ros2_ws/install/localization' for CMake config files
[7.158s] Level 1:colcon.colcon_core.environment:checking '/ros2_ws/install/localization/lib'
[7.159s] Level 1:colcon.colcon_core.environment:checking '/ros2_ws/install/localization/bin'
[7.159s] Level 1:colcon.colcon_core.environment:checking '/ros2_ws/install/localization/lib/pkgconfig/localization.pc'
[7.161s] Level 1:colcon.colcon_core.environment:checking '/ros2_ws/install/localization/lib/python3.8/site-packages'
[7.161s] Level 1:colcon.colcon_core.shell:create_environment_hook('localization', 'pythonpath')
[7.162s] INFO:colcon.colcon_core.shell:Creating environment hook '/ros2_ws/install/localization/share/localization/hook/pythonpath.ps1'
[7.165s] INFO:colcon.colcon_core.shell:Creating environment descriptor '/ros2_ws/install/localization/share/localization/hook/pythonpath.dsv'
[7.166s] INFO:colcon.colcon_core.shell:Creating environment hook '/ros2_ws/install/localization/share/localization/hook/pythonpath.sh'
[7.166s] Level 1:colcon.colcon_core.environment:checking '/ros2_ws/install/localization/bin'
[7.166s] Level 1:colcon.colcon_core.environment:create_environment_scripts_only(localization)
[7.167s] INFO:colcon.colcon_core.shell:Creating package script '/ros2_ws/install/localization/share/localization/package.ps1'
[7.169s] INFO:colcon.colcon_core.shell:Creating package descriptor '/ros2_ws/install/localization/share/localization/package.dsv'
[7.171s] INFO:colcon.colcon_core.shell:Creating package script '/ros2_ws/install/localization/share/localization/package.sh'
[7.173s] INFO:colcon.colcon_core.shell:Creating package script '/ros2_ws/install/localization/share/localization/package.bash'
[7.175s] INFO:colcon.colcon_core.shell:Creating package script '/ros2_ws/install/localization/share/localization/package.zsh'
[7.177s] Level 1:colcon.colcon_core.environment:create_file_with_runtime_dependencies(/ros2_ws/install/localization/share/colcon-core/packages/localization)
[7.535s] Level 1:colcon.colcon_core.environment:create_environment_scripts_only(perception_msgs)
[7.536s] Level 1:colcon.colcon_core.environment:checking '/ros2_ws/install/perception_msgs' for CMake module files
[7.538s] Level 1:colcon.colcon_core.environment:checking '/ros2_ws/install/perception_msgs' for CMake config files
[7.540s] Level 1:colcon.colcon_core.shell:create_environment_hook('perception_msgs', 'cmake_prefix_path')
[7.541s] INFO:colcon.colcon_core.shell:Creating environment hook '/ros2_ws/install/perception_msgs/share/perception_msgs/hook/cmake_prefix_path.ps1'
[7.541s] INFO:colcon.colcon_core.shell:Creating environment descriptor '/ros2_ws/install/perception_msgs/share/perception_msgs/hook/cmake_prefix_path.dsv'
[7.542s] INFO:colcon.colcon_core.shell:Creating environment hook '/ros2_ws/install/perception_msgs/share/perception_msgs/hook/cmake_prefix_path.sh'
[7.542s] Level 1:colcon.colcon_core.environment:checking '/ros2_ws/install/perception_msgs/lib'
[7.542s] Level 1:colcon.colcon_core.shell:create_environment_hook('perception_msgs', 'ld_library_path_lib')
[7.543s] INFO:colcon.colcon_core.shell:Creating environment hook '/ros2_ws/install/perception_msgs/share/perception_msgs/hook/ld_library_path_lib.ps1'
[7.543s] INFO:colcon.colcon_core.shell:Creating environment descriptor '/ros2_ws/install/perception_msgs/share/perception_msgs/hook/ld_library_path_lib.dsv'
[7.544s] INFO:colcon.colcon_core.shell:Creating environment hook '/ros2_ws/install/perception_msgs/share/perception_msgs/hook/ld_library_path_lib.sh'
[7.544s] Level 1:colcon.colcon_core.environment:checking '/ros2_ws/install/perception_msgs/bin'
[7.544s] Level 1:colcon.colcon_core.environment:checking '/ros2_ws/install/perception_msgs/lib/pkgconfig/perception_msgs.pc'
[7.544s] Level 1:colcon.colcon_core.environment:checking '/ros2_ws/install/perception_msgs/lib/python3.8/site-packages'
[7.545s] Level 1:colcon.colcon_core.shell:create_environment_hook('perception_msgs', 'pythonpath')
[7.545s] INFO:colcon.colcon_core.shell:Creating environment hook '/ros2_ws/install/perception_msgs/share/perception_msgs/hook/pythonpath.ps1'
[7.546s] INFO:colcon.colcon_core.shell:Creating environment descriptor '/ros2_ws/install/perception_msgs/share/perception_msgs/hook/pythonpath.dsv'
[7.546s] INFO:colcon.colcon_core.shell:Creating environment hook '/ros2_ws/install/perception_msgs/share/perception_msgs/hook/pythonpath.sh'
[7.546s] Level 1:colcon.colcon_core.environment:checking '/ros2_ws/install/perception_msgs/bin'
[7.548s] INFO:colcon.colcon_core.shell:Creating package script '/ros2_ws/install/perception_msgs/share/perception_msgs/package.ps1'
[7.548s] INFO:colcon.colcon_core.shell:Creating package descriptor '/ros2_ws/install/perception_msgs/share/perception_msgs/package.dsv'
[7.548s] INFO:colcon.colcon_core.shell:Creating package script '/ros2_ws/install/perception_msgs/share/perception_msgs/package.sh'
[7.549s] INFO:colcon.colcon_core.shell:Creating package script '/ros2_ws/install/perception_msgs/share/perception_msgs/package.bash'
[7.549s] INFO:colcon.colcon_core.shell:Creating package script '/ros2_ws/install/perception_msgs/share/perception_msgs/package.zsh'
[7.549s] Level 1:colcon.colcon_core.environment:create_file_with_runtime_dependencies(/ros2_ws/install/perception_msgs/share/colcon-core/packages/perception_msgs)
[7.608s] Level 1:colcon.colcon_core.environment:create_environment_scripts_only(planning_msgs)
[7.609s] Level 1:colcon.colcon_core.environment:checking '/ros2_ws/install/planning_msgs' for CMake module files
[7.610s] Level 1:colcon.colcon_core.environment:checking '/ros2_ws/install/planning_msgs' for CMake config files
[7.613s] Level 1:colcon.colcon_core.shell:create_environment_hook('planning_msgs', 'cmake_prefix_path')
[7.613s] INFO:colcon.colcon_core.shell:Creating environment hook '/ros2_ws/install/planning_msgs/share/planning_msgs/hook/cmake_prefix_path.ps1'
[7.614s] INFO:colcon.colcon_core.shell:Creating environment descriptor '/ros2_ws/install/planning_msgs/share/planning_msgs/hook/cmake_prefix_path.dsv'
[7.614s] INFO:colcon.colcon_core.shell:Creating environment hook '/ros2_ws/install/planning_msgs/share/planning_msgs/hook/cmake_prefix_path.sh'
[7.615s] Level 1:colcon.colcon_core.environment:checking '/ros2_ws/install/planning_msgs/lib'
[7.615s] Level 1:colcon.colcon_core.shell:create_environment_hook('planning_msgs', 'ld_library_path_lib')
[7.615s] INFO:colcon.colcon_core.shell:Creating environment hook '/ros2_ws/install/planning_msgs/share/planning_msgs/hook/ld_library_path_lib.ps1'
[7.616s] INFO:colcon.colcon_core.shell:Creating environment descriptor '/ros2_ws/install/planning_msgs/share/planning_msgs/hook/ld_library_path_lib.dsv'
[7.616s] INFO:colcon.colcon_core.shell:Creating environment hook '/ros2_ws/install/planning_msgs/share/planning_msgs/hook/ld_library_path_lib.sh'
[7.616s] Level 1:colcon.colcon_core.environment:checking '/ros2_ws/install/planning_msgs/bin'
[7.616s] Level 1:colcon.colcon_core.environment:checking '/ros2_ws/install/planning_msgs/lib/pkgconfig/planning_msgs.pc'
[7.617s] Level 1:colcon.colcon_core.environment:checking '/ros2_ws/install/planning_msgs/lib/python3.8/site-packages'
[7.617s] Level 1:colcon.colcon_core.shell:create_environment_hook('planning_msgs', 'pythonpath')
[7.617s] INFO:colcon.colcon_core.shell:Creating environment hook '/ros2_ws/install/planning_msgs/share/planning_msgs/hook/pythonpath.ps1'
[7.618s] INFO:colcon.colcon_core.shell:Creating environment descriptor '/ros2_ws/install/planning_msgs/share/planning_msgs/hook/pythonpath.dsv'
[7.618s] INFO:colcon.colcon_core.shell:Creating environment hook '/ros2_ws/install/planning_msgs/share/planning_msgs/hook/pythonpath.sh'
[7.618s] Level 1:colcon.colcon_core.environment:checking '/ros2_ws/install/planning_msgs/bin'
[7.619s] INFO:colcon.colcon_core.shell:Creating package script '/ros2_ws/install/planning_msgs/share/planning_msgs/package.ps1'
[7.620s] INFO:colcon.colcon_core.shell:Creating package descriptor '/ros2_ws/install/planning_msgs/share/planning_msgs/package.dsv'
[7.620s] INFO:colcon.colcon_core.shell:Creating package script '/ros2_ws/install/planning_msgs/share/planning_msgs/package.sh'
[7.621s] INFO:colcon.colcon_core.shell:Creating package script '/ros2_ws/install/planning_msgs/share/planning_msgs/package.bash'
[7.621s] INFO:colcon.colcon_core.shell:Creating package script '/ros2_ws/install/planning_msgs/share/planning_msgs/package.zsh'
[7.621s] Level 1:colcon.colcon_core.environment:create_file_with_runtime_dependencies(/ros2_ws/install/planning_msgs/share/colcon-core/packages/planning_msgs)
[7.622s] INFO:colcon.colcon_ros.task.ament_python.build:Building ROS package in '/ros2_ws/src/controller' with build type 'ament_python'
[7.622s] Level 1:colcon.colcon_core.shell:create_environment_hook('cengaver_controller', 'ament_prefix_path')
[7.622s] INFO:colcon.colcon_core.shell:Creating environment hook '/ros2_ws/install/cengaver_controller/share/cengaver_controller/hook/ament_prefix_path.ps1'
[7.623s] INFO:colcon.colcon_core.shell:Creating environment descriptor '/ros2_ws/install/cengaver_controller/share/cengaver_controller/hook/ament_prefix_path.dsv'
[7.624s] INFO:colcon.colcon_core.shell:Creating environment hook '/ros2_ws/install/cengaver_controller/share/cengaver_controller/hook/ament_prefix_path.sh'
[7.625s] INFO:colcon.colcon_core.shell:Skip shell extension 'powershell' for command environment: Not usable outside of PowerShell
[7.625s] DEBUG:colcon.colcon_core.shell:Skip shell extension 'dsv' for command environment
[7.629s] INFO:colcon.colcon_ros.task.ament_python.build:Building ROS package in '/ros2_ws/src/fsm' with build type 'ament_python'
[7.629s] Level 1:colcon.colcon_core.shell:create_environment_hook('fsm', 'ament_prefix_path')
[7.631s] INFO:colcon.colcon_core.shell:Creating environment hook '/ros2_ws/install/fsm/share/fsm/hook/ament_prefix_path.ps1'
[7.633s] INFO:colcon.colcon_core.shell:Creating environment descriptor '/ros2_ws/install/fsm/share/fsm/hook/ament_prefix_path.dsv'
[7.633s] INFO:colcon.colcon_core.shell:Creating environment hook '/ros2_ws/install/fsm/share/fsm/hook/ament_prefix_path.sh'
[7.634s] INFO:colcon.colcon_core.shell:Skip shell extension 'powershell' for command environment: Not usable outside of PowerShell
[7.635s] DEBUG:colcon.colcon_core.shell:Skip shell extension 'dsv' for command environment
[7.640s] INFO:colcon.colcon_ros.task.ament_python.build:Building ROS package in '/ros2_ws/src/perception' with build type 'ament_python'
[7.640s] Level 1:colcon.colcon_core.shell:create_environment_hook('perception', 'ament_prefix_path')
[7.641s] INFO:colcon.colcon_core.shell:Creating environment hook '/ros2_ws/install/perception/share/perception/hook/ament_prefix_path.ps1'
[7.643s] INFO:colcon.colcon_core.shell:Creating environment descriptor '/ros2_ws/install/perception/share/perception/hook/ament_prefix_path.dsv'
[7.644s] INFO:colcon.colcon_core.shell:Creating environment hook '/ros2_ws/install/perception/share/perception/hook/ament_prefix_path.sh'
[7.645s] INFO:colcon.colcon_core.shell:Skip shell extension 'powershell' for command environment: Not usable outside of PowerShell
[7.645s] DEBUG:colcon.colcon_core.shell:Skip shell extension 'dsv' for command environment
[7.649s] INFO:colcon.colcon_ros.task.ament_python.build:Building ROS package in '/ros2_ws/src/planning' with build type 'ament_python'
[7.650s] Level 1:colcon.colcon_core.shell:create_environment_hook('planning', 'ament_prefix_path')
[7.650s] INFO:colcon.colcon_core.shell:Creating environment hook '/ros2_ws/install/planning/share/planning/hook/ament_prefix_path.ps1'
[7.651s] INFO:colcon.colcon_core.shell:Creating environment descriptor '/ros2_ws/install/planning/share/planning/hook/ament_prefix_path.dsv'
[7.652s] INFO:colcon.colcon_core.shell:Creating environment hook '/ros2_ws/install/planning/share/planning/hook/ament_prefix_path.sh'
[7.653s] INFO:colcon.colcon_core.shell:Skip shell extension 'powershell' for command environment: Not usable outside of PowerShell
[7.654s] DEBUG:colcon.colcon_core.shell:Skip shell extension 'dsv' for command environment
[7.887s] INFO:colcon.colcon_core.task.python.build:Building Python package in '/ros2_ws/src/perception'
[7.888s] INFO:colcon.colcon_core.shell:Skip shell extension 'powershell' for command environment: Not usable outside of PowerShell
[7.888s] DEBUG:colcon.colcon_core.shell:Skip shell extension 'dsv' for command environment
[8.069s] INFO:colcon.colcon_core.task.python.build:Building Python package in '/ros2_ws/src/controller'
[8.070s] INFO:colcon.colcon_core.shell:Skip shell extension 'powershell' for command environment: Not usable outside of PowerShell
[8.070s] DEBUG:colcon.colcon_core.shell:Skip shell extension 'dsv' for command environment
[8.253s] INFO:colcon.colcon_core.task.python.build:Building Python package in '/ros2_ws/src/fsm'
[8.254s] INFO:colcon.colcon_core.shell:Skip shell extension 'powershell' for command environment: Not usable outside of PowerShell
[8.255s] DEBUG:colcon.colcon_core.shell:Skip shell extension 'dsv' for command environment
[8.457s] INFO:colcon.colcon_core.task.python.build:Building Python package in '/ros2_ws/src/planning'
[8.459s] INFO:colcon.colcon_core.shell:Skip shell extension 'powershell' for command environment: Not usable outside of PowerShell
[8.459s] DEBUG:colcon.colcon_core.shell:Skip shell extension 'dsv' for command environment
[8.807s] DEBUG:colcon.colcon_core.event_handler.log_command:Invoking command in '/ros2_ws/src/perception': AMENT_PREFIX_PATH=/ros2_ws/install/planning_msgs:/ros2_ws/install/perception_msgs:${AMENT_PREFIX_PATH} CMAKE_PREFIX_PATH=/ros2_ws/install/planning_msgs:/ros2_ws/install/perception_msgs LD_LIBRARY_PATH=/ros2_ws/install/planning_msgs/lib:/ros2_ws/install/perception_msgs/lib:${LD_LIBRARY_PATH} PYTHONPATH=/ros2_ws/build/perception/prefix_override:/ros2_ws/install/perception/lib/python3.8/site-packages:/ros2_ws/install/planning_msgs/lib/python3.8/site-packages:/ros2_ws/install/perception_msgs/lib/python3.8/site-packages:${PYTHONPATH} /usr/bin/python3 setup.py egg_info --egg-base ../../build/perception build --build-base /ros2_ws/build/perception/build install --record /ros2_ws/build/perception/install.log --single-version-externally-managed
[8.813s] DEBUG:colcon.colcon_core.event_handler.log_command:Invoking command in '/ros2_ws/src/controller': AMENT_PREFIX_PATH=/ros2_ws/install/planning_msgs:/ros2_ws/install/fsm_msgs:/ros2_ws/install/common_msgs:${AMENT_PREFIX_PATH} CMAKE_PREFIX_PATH=/ros2_ws/install/planning_msgs:/ros2_ws/install/fsm_msgs:/ros2_ws/install/common_msgs LD_LIBRARY_PATH=/ros2_ws/install/planning_msgs/lib:/ros2_ws/install/fsm_msgs/lib:/ros2_ws/install/common_msgs/lib:${LD_LIBRARY_PATH} PYTHONPATH=/ros2_ws/build/cengaver_controller/prefix_override:/ros2_ws/install/cengaver_controller/lib/python3.8/site-packages:/ros2_ws/install/planning_msgs/lib/python3.8/site-packages:/ros2_ws/install/fsm_msgs/lib/python3.8/site-packages:/ros2_ws/install/common_msgs/lib/python3.8/site-packages:${PYTHONPATH} /usr/bin/python3 setup.py egg_info --egg-base ../../build/cengaver_controller build --build-base /ros2_ws/build/cengaver_controller/build install --record /ros2_ws/build/cengaver_controller/install.log --single-version-externally-managed
[8.835s] DEBUG:colcon.colcon_core.event_handler.log_command:Invoking command in '/ros2_ws/src/fsm': AMENT_PREFIX_PATH=/ros2_ws/install/planning_msgs:/ros2_ws/install/perception_msgs:/ros2_ws/install/localization_msgs:/ros2_ws/install/fsm_msgs:/ros2_ws/install/common_msgs:${AMENT_PREFIX_PATH} CMAKE_PREFIX_PATH=/ros2_ws/install/planning_msgs:/ros2_ws/install/perception_msgs:/ros2_ws/install/localization_msgs:/ros2_ws/install/fsm_msgs:/ros2_ws/install/common_msgs LD_LIBRARY_PATH=/ros2_ws/install/planning_msgs/lib:/ros2_ws/install/perception_msgs/lib:/ros2_ws/install/localization_msgs/lib:/ros2_ws/install/fsm_msgs/lib:/ros2_ws/install/common_msgs/lib:${LD_LIBRARY_PATH} PYTHONPATH=/ros2_ws/build/fsm/prefix_override:/ros2_ws/install/fsm/lib/python3.8/site-packages:/ros2_ws/install/planning_msgs/lib/python3.8/site-packages:/ros2_ws/install/perception_msgs/lib/python3.8/site-packages:/ros2_ws/install/localization_msgs/lib/python3.8/site-packages:/ros2_ws/install/fsm_msgs/lib/python3.8/site-packages:/ros2_ws/install/common_msgs/lib/python3.8/site-packages:${PYTHONPATH} /usr/bin/python3 setup.py egg_info --egg-base ../../build/fsm build --build-base /ros2_ws/build/fsm/build install --record /ros2_ws/build/fsm/install.log --single-version-externally-managed
[9.145s] DEBUG:colcon.colcon_core.event_handler.log_command:Invoking command in '/ros2_ws/src/planning': AMENT_PREFIX_PATH=/ros2_ws/install/planning_msgs:/ros2_ws/install/perception_msgs:/ros2_ws/install/localization_msgs:/ros2_ws/install/fsm_msgs:/ros2_ws/install/common_msgs:${AMENT_PREFIX_PATH} CMAKE_PREFIX_PATH=/ros2_ws/install/planning_msgs:/ros2_ws/install/perception_msgs:/ros2_ws/install/localization_msgs:/ros2_ws/install/fsm_msgs:/ros2_ws/install/common_msgs LD_LIBRARY_PATH=/ros2_ws/install/planning_msgs/lib:/ros2_ws/install/perception_msgs/lib:/ros2_ws/install/localization_msgs/lib:/ros2_ws/install/fsm_msgs/lib:/ros2_ws/install/common_msgs/lib:${LD_LIBRARY_PATH} PYTHONPATH=/ros2_ws/build/planning/prefix_override:/ros2_ws/install/planning/lib/python3.8/site-packages:/ros2_ws/install/planning_msgs/lib/python3.8/site-packages:/ros2_ws/install/perception_msgs/lib/python3.8/site-packages:/ros2_ws/install/localization_msgs/lib/python3.8/site-packages:/ros2_ws/install/fsm_msgs/lib/python3.8/site-packages:/ros2_ws/install/common_msgs/lib/python3.8/site-packages:${PYTHONPATH} /usr/bin/python3 setup.py egg_info --egg-base ../../build/planning build --build-base /ros2_ws/build/planning/build install --record /ros2_ws/build/planning/install.log --single-version-externally-managed
[9.345s] DEBUG:colcon.colcon_core.event_handler.log_command:Invoked command in '/ros2_ws/src/controller' returned '1': AMENT_PREFIX_PATH=/ros2_ws/install/planning_msgs:/ros2_ws/install/fsm_msgs:/ros2_ws/install/common_msgs:${AMENT_PREFIX_PATH} CMAKE_PREFIX_PATH=/ros2_ws/install/planning_msgs:/ros2_ws/install/fsm_msgs:/ros2_ws/install/common_msgs LD_LIBRARY_PATH=/ros2_ws/install/planning_msgs/lib:/ros2_ws/install/fsm_msgs/lib:/ros2_ws/install/common_msgs/lib:${LD_LIBRARY_PATH} PYTHONPATH=/ros2_ws/build/cengaver_controller/prefix_override:/ros2_ws/install/cengaver_controller/lib/python3.8/site-packages:/ros2_ws/install/planning_msgs/lib/python3.8/site-packages:/ros2_ws/install/fsm_msgs/lib/python3.8/site-packages:/ros2_ws/install/common_msgs/lib/python3.8/site-packages:${PYTHONPATH} /usr/bin/python3 setup.py egg_info --egg-base ../../build/cengaver_controller build --build-base /ros2_ws/build/cengaver_controller/build install --record /ros2_ws/build/cengaver_controller/install.log --single-version-externally-managed
[9.518s] DEBUG:colcon.colcon_parallel_executor.executor.parallel:closing loop
[9.519s] DEBUG:colcon.colcon_parallel_executor.executor.parallel:loop closed
[9.520s] DEBUG:colcon.colcon_parallel_executor.executor.parallel:run_until_complete finished with '1'
[9.522s] DEBUG:colcon.colcon_core.event_reactor:joining thread
[9.543s] INFO:colcon.colcon_core.plugin_system:Skipping extension 'colcon_notification.desktop_notification.notify_send': Could not find 'notify-send'
[9.543s] INFO:colcon.colcon_core.plugin_system:Skipping extension 'colcon_notification.desktop_notification.terminal_notifier': Not used on non-Darwin systems
[9.543s] INFO:colcon.colcon_core.plugin_system:Skipping extension 'colcon_notification.desktop_notification.win32': Not used on non-Windows systems
[9.544s] INFO:colcon.colcon_notification.desktop_notification:Sending desktop notification using 'notify2'
[9.544s] DEBUG:colcon.colcon_notification.desktop_notification.notify2:Failed to initialize notify2: org.freedesktop.DBus.Error.NotSupported: Unable to autolaunch a dbus-daemon without a $DISPLAY for X11
[9.545s] DEBUG:colcon.colcon_core.event_reactor:joined thread
[9.546s] INFO:colcon.colcon_core.shell:Creating prefix script '/ros2_ws/install/local_setup.ps1'
[9.547s] INFO:colcon.colcon_core.shell:Creating prefix util module '/ros2_ws/install/_local_setup_util_ps1.py'
[9.548s] INFO:colcon.colcon_core.shell:Creating prefix chain script '/ros2_ws/install/setup.ps1'
[9.549s] INFO:colcon.colcon_core.shell:Creating prefix script '/ros2_ws/install/local_setup.sh'
[9.550s] INFO:colcon.colcon_core.shell:Creating prefix util module '/ros2_ws/install/_local_setup_util_sh.py'
[9.550s] INFO:colcon.colcon_core.shell:Creating prefix chain script '/ros2_ws/install/setup.sh'
[9.551s] INFO:colcon.colcon_core.shell:Creating prefix script '/ros2_ws/install/local_setup.bash'
[9.552s] INFO:colcon.colcon_core.shell:Creating prefix chain script '/ros2_ws/install/setup.bash'
[9.552s] INFO:colcon.colcon_core.shell:Creating prefix script '/ros2_ws/install/local_setup.zsh'
[9.553s] INFO:colcon.colcon_core.shell:Creating prefix chain script '/ros2_ws/install/setup.zsh'
