[0.194s] DEBUG:colcon:Command line arguments: ['/usr/bin/colcon', 'build']
[0.194s] DEBUG:colcon:Parsed command line arguments: Namespace(ament_cmake_args=None, base_paths=['.'], build_base='build', catkin_cmake_args=None, catkin_skip_building_tests=False, cmake_args=None, cmake_clean_cache=False, cmake_clean_first=False, cmake_force_configure=False, cmake_target=None, cmake_target_skip_unavailable=False, continue_on_error=False, event_handlers=None, executor='parallel', ignore_user_meta=False, install_base='install', log_base=None, log_level=None, main=<bound method BuildVerb.main of <colcon_core.verb.build.BuildVerb object at 0x7ffffe306310>>, merge_install=False, metas=['./colcon.meta'], mixin=None, mixin_files=None, mixin_verb=('build',), packages_above=None, packages_above_and_dependencies=None, packages_above_depth=None, packages_end=None, packages_ignore=None, packages_ignore_regex=None, packages_select=None, packages_select_build_failed=False, packages_select_by_dep=None, packages_select_regex=None, packages_select_test_failures=False, packages_skip=None, packages_skip_build_finished=False, packages_skip_by_dep=None, packages_skip_regex=None, packages_skip_test_passed=False, packages_skip_up_to=None, packages_start=None, packages_up_to=None, packages_up_to_regex=None, parallel_workers=10, paths=None, symlink_install=False, test_result_base=None, verb_extension=<colcon_core.verb.build.BuildVerb object at 0x7ffffe306310>, verb_name='build', verb_parser=<colcon_mixin.mixin.mixin_argument.MixinArgumentDecorator object at 0x7ffffe306970>)
[0.214s] Level 1:colcon.colcon_core.package_discovery:discover_packages(colcon_meta) check parameters
[0.215s] INFO:colcon.colcon_metadata.package_discovery.colcon_meta:Using configuration from '/root/.colcon/metadata/default/Gazebo.meta'
[0.215s] INFO:colcon.colcon_metadata.package_discovery.colcon_meta:Using configuration from '/root/.colcon/metadata/default/fastdds.meta'
[0.215s] INFO:colcon.colcon_metadata.package_discovery.colcon_meta:Using configuration from '/root/.colcon/metadata/default/fastrtps.meta'
[0.215s] Level 1:colcon.colcon_core.package_discovery:discover_packages(recursive) check parameters
[0.215s] Level 1:colcon.colcon_core.package_discovery:discover_packages(ignore) check parameters
[0.215s] Level 1:colcon.colcon_core.package_discovery:discover_packages(path) check parameters
[0.215s] Level 1:colcon.colcon_core.package_discovery:discover_packages(colcon_meta) discover
[0.216s] Level 1:colcon.colcon_core.package_discovery:discover_packages(recursive) discover
[0.216s] INFO:colcon.colcon_core.package_discovery:Crawling recursively for packages in '/ros2_ws'
[0.216s] Level 1:colcon.colcon_core.package_identification:_identify(.) by extensions ['ignore', 'ignore_ament_install']
[0.216s] Level 1:colcon.colcon_core.package_identification:_identify(.) by extension 'ignore'
[0.217s] Level 1:colcon.colcon_core.package_identification:_identify(.) by extension 'ignore_ament_install'
[0.217s] Level 1:colcon.colcon_core.package_identification:_identify(.) by extensions ['colcon_pkg']
[0.217s] Level 1:colcon.colcon_core.package_identification:_identify(.) by extension 'colcon_pkg'
[0.217s] Level 1:colcon.colcon_core.package_identification:_identify(.) by extensions ['colcon_meta']
[0.217s] Level 1:colcon.colcon_core.package_identification:_identify(.) by extension 'colcon_meta'
[0.217s] Level 1:colcon.colcon_core.package_identification:_identify(.) by extensions ['ros']
[0.217s] Level 1:colcon.colcon_core.package_identification:_identify(.) by extension 'ros'
[0.229s] Level 1:colcon.colcon_core.package_identification:_identify(.) by extensions ['cmake', 'python']
[0.229s] Level 1:colcon.colcon_core.package_identification:_identify(.) by extension 'cmake'
[0.229s] Level 1:colcon.colcon_core.package_identification:_identify(.) by extension 'python'
[0.229s] Level 1:colcon.colcon_core.package_identification:_identify(.) by extensions ['python_setup_py']
[0.229s] Level 1:colcon.colcon_core.package_identification:_identify(.) by extension 'python_setup_py'
[0.230s] Level 1:colcon.colcon_core.package_identification:_identify(build) by extensions ['ignore', 'ignore_ament_install']
[0.230s] Level 1:colcon.colcon_core.package_identification:_identify(build) by extension 'ignore'
[0.230s] Level 1:colcon.colcon_core.package_identification:_identify(build) ignored
[0.230s] Level 1:colcon.colcon_core.package_identification:_identify(install) by extensions ['ignore', 'ignore_ament_install']
[0.230s] Level 1:colcon.colcon_core.package_identification:_identify(install) by extension 'ignore'
[0.230s] Level 1:colcon.colcon_core.package_identification:_identify(install) ignored
[0.230s] Level 1:colcon.colcon_core.package_identification:_identify(log) by extensions ['ignore', 'ignore_ament_install']
[0.230s] Level 1:colcon.colcon_core.package_identification:_identify(log) by extension 'ignore'
[0.231s] Level 1:colcon.colcon_core.package_identification:_identify(log) ignored
[0.231s] Level 1:colcon.colcon_core.package_identification:_identify(src) by extensions ['ignore', 'ignore_ament_install']
[0.231s] Level 1:colcon.colcon_core.package_identification:_identify(src) by extension 'ignore'
[0.231s] Level 1:colcon.colcon_core.package_identification:_identify(src) by extension 'ignore_ament_install'
[0.231s] Level 1:colcon.colcon_core.package_identification:_identify(src) by extensions ['colcon_pkg']
[0.231s] Level 1:colcon.colcon_core.package_identification:_identify(src) by extension 'colcon_pkg'
[0.231s] Level 1:colcon.colcon_core.package_identification:_identify(src) by extensions ['colcon_meta']
[0.231s] Level 1:colcon.colcon_core.package_identification:_identify(src) by extension 'colcon_meta'
[0.231s] Level 1:colcon.colcon_core.package_identification:_identify(src) by extensions ['ros']
[0.231s] Level 1:colcon.colcon_core.package_identification:_identify(src) by extension 'ros'
[0.231s] Level 1:colcon.colcon_core.package_identification:_identify(src) by extensions ['cmake', 'python']
[0.231s] Level 1:colcon.colcon_core.package_identification:_identify(src) by extension 'cmake'
[0.231s] Level 1:colcon.colcon_core.package_identification:_identify(src) by extension 'python'
[0.231s] Level 1:colcon.colcon_core.package_identification:_identify(src) by extensions ['python_setup_py']
[0.231s] Level 1:colcon.colcon_core.package_identification:_identify(src) by extension 'python_setup_py'
[0.232s] Level 1:colcon.colcon_core.package_identification:_identify(src/common_msgs) by extensions ['ignore', 'ignore_ament_install']
[0.232s] Level 1:colcon.colcon_core.package_identification:_identify(src/common_msgs) by extension 'ignore'
[0.232s] Level 1:colcon.colcon_core.package_identification:_identify(src/common_msgs) by extension 'ignore_ament_install'
[0.232s] Level 1:colcon.colcon_core.package_identification:_identify(src/common_msgs) by extensions ['colcon_pkg']
[0.232s] Level 1:colcon.colcon_core.package_identification:_identify(src/common_msgs) by extension 'colcon_pkg'
[0.232s] Level 1:colcon.colcon_core.package_identification:_identify(src/common_msgs) by extensions ['colcon_meta']
[0.232s] Level 1:colcon.colcon_core.package_identification:_identify(src/common_msgs) by extension 'colcon_meta'
[0.232s] Level 1:colcon.colcon_core.package_identification:_identify(src/common_msgs) by extensions ['ros']
[0.232s] Level 1:colcon.colcon_core.package_identification:_identify(src/common_msgs) by extension 'ros'
[0.236s] DEBUG:colcon.colcon_core.package_identification:Package 'src/common_msgs' with type 'ros.ament_cmake' and name 'common_msgs'
[0.236s] Level 1:colcon.colcon_core.package_identification:_identify(src/controller) by extensions ['ignore', 'ignore_ament_install']
[0.236s] Level 1:colcon.colcon_core.package_identification:_identify(src/controller) by extension 'ignore'
[0.237s] Level 1:colcon.colcon_core.package_identification:_identify(src/controller) by extension 'ignore_ament_install'
[0.237s] Level 1:colcon.colcon_core.package_identification:_identify(src/controller) by extensions ['colcon_pkg']
[0.237s] Level 1:colcon.colcon_core.package_identification:_identify(src/controller) by extension 'colcon_pkg'
[0.237s] Level 1:colcon.colcon_core.package_identification:_identify(src/controller) by extensions ['colcon_meta']
[0.237s] Level 1:colcon.colcon_core.package_identification:_identify(src/controller) by extension 'colcon_meta'
[0.237s] Level 1:colcon.colcon_core.package_identification:_identify(src/controller) by extensions ['ros']
[0.237s] Level 1:colcon.colcon_core.package_identification:_identify(src/controller) by extension 'ros'
[0.238s] DEBUG:colcon.colcon_core.package_identification:Package 'src/controller' with type 'ros.ament_python' and name 'cengaver_controller'
[0.238s] Level 1:colcon.colcon_core.package_identification:_identify(src/fsm) by extensions ['ignore', 'ignore_ament_install']
[0.238s] Level 1:colcon.colcon_core.package_identification:_identify(src/fsm) by extension 'ignore'
[0.238s] Level 1:colcon.colcon_core.package_identification:_identify(src/fsm) by extension 'ignore_ament_install'
[0.238s] Level 1:colcon.colcon_core.package_identification:_identify(src/fsm) by extensions ['colcon_pkg']
[0.239s] Level 1:colcon.colcon_core.package_identification:_identify(src/fsm) by extension 'colcon_pkg'
[0.239s] Level 1:colcon.colcon_core.package_identification:_identify(src/fsm) by extensions ['colcon_meta']
[0.239s] Level 1:colcon.colcon_core.package_identification:_identify(src/fsm) by extension 'colcon_meta'
[0.239s] Level 1:colcon.colcon_core.package_identification:_identify(src/fsm) by extensions ['ros']
[0.239s] Level 1:colcon.colcon_core.package_identification:_identify(src/fsm) by extension 'ros'
[0.240s] DEBUG:colcon.colcon_core.package_identification:Package 'src/fsm' with type 'ros.ament_python' and name 'fsm'
[0.240s] Level 1:colcon.colcon_core.package_identification:_identify(src/fsm_msgs) by extensions ['ignore', 'ignore_ament_install']
[0.240s] Level 1:colcon.colcon_core.package_identification:_identify(src/fsm_msgs) by extension 'ignore'
[0.240s] Level 1:colcon.colcon_core.package_identification:_identify(src/fsm_msgs) by extension 'ignore_ament_install'
[0.240s] Level 1:colcon.colcon_core.package_identification:_identify(src/fsm_msgs) by extensions ['colcon_pkg']
[0.240s] Level 1:colcon.colcon_core.package_identification:_identify(src/fsm_msgs) by extension 'colcon_pkg'
[0.240s] Level 1:colcon.colcon_core.package_identification:_identify(src/fsm_msgs) by extensions ['colcon_meta']
[0.240s] Level 1:colcon.colcon_core.package_identification:_identify(src/fsm_msgs) by extension 'colcon_meta'
[0.240s] Level 1:colcon.colcon_core.package_identification:_identify(src/fsm_msgs) by extensions ['ros']
[0.240s] Level 1:colcon.colcon_core.package_identification:_identify(src/fsm_msgs) by extension 'ros'
[0.241s] DEBUG:colcon.colcon_core.package_identification:Package 'src/fsm_msgs' with type 'ros.ament_cmake' and name 'fsm_msgs'
[0.241s] Level 1:colcon.colcon_core.package_identification:_identify(src/localization) by extensions ['ignore', 'ignore_ament_install']
[0.241s] Level 1:colcon.colcon_core.package_identification:_identify(src/localization) by extension 'ignore'
[0.241s] Level 1:colcon.colcon_core.package_identification:_identify(src/localization) by extension 'ignore_ament_install'
[0.241s] Level 1:colcon.colcon_core.package_identification:_identify(src/localization) by extensions ['colcon_pkg']
[0.241s] Level 1:colcon.colcon_core.package_identification:_identify(src/localization) by extension 'colcon_pkg'
[0.241s] Level 1:colcon.colcon_core.package_identification:_identify(src/localization) by extensions ['colcon_meta']
[0.241s] Level 1:colcon.colcon_core.package_identification:_identify(src/localization) by extension 'colcon_meta'
[0.241s] Level 1:colcon.colcon_core.package_identification:_identify(src/localization) by extensions ['ros']
[0.241s] Level 1:colcon.colcon_core.package_identification:_identify(src/localization) by extension 'ros'
[0.242s] DEBUG:colcon.colcon_core.package_identification:Package 'src/localization' with type 'ros.ament_python' and name 'localization'
[0.243s] Level 1:colcon.colcon_core.package_identification:_identify(src/localization_msgs) by extensions ['ignore', 'ignore_ament_install']
[0.243s] Level 1:colcon.colcon_core.package_identification:_identify(src/localization_msgs) by extension 'ignore'
[0.243s] Level 1:colcon.colcon_core.package_identification:_identify(src/localization_msgs) by extension 'ignore_ament_install'
[0.243s] Level 1:colcon.colcon_core.package_identification:_identify(src/localization_msgs) by extensions ['colcon_pkg']
[0.243s] Level 1:colcon.colcon_core.package_identification:_identify(src/localization_msgs) by extension 'colcon_pkg'
[0.243s] Level 1:colcon.colcon_core.package_identification:_identify(src/localization_msgs) by extensions ['colcon_meta']
[0.243s] Level 1:colcon.colcon_core.package_identification:_identify(src/localization_msgs) by extension 'colcon_meta'
[0.243s] Level 1:colcon.colcon_core.package_identification:_identify(src/localization_msgs) by extensions ['ros']
[0.243s] Level 1:colcon.colcon_core.package_identification:_identify(src/localization_msgs) by extension 'ros'
[0.244s] DEBUG:colcon.colcon_core.package_identification:Package 'src/localization_msgs' with type 'ros.ament_cmake' and name 'localization_msgs'
[0.244s] Level 1:colcon.colcon_core.package_identification:_identify(src/perception) by extensions ['ignore', 'ignore_ament_install']
[0.244s] Level 1:colcon.colcon_core.package_identification:_identify(src/perception) by extension 'ignore'
[0.244s] Level 1:colcon.colcon_core.package_identification:_identify(src/perception) by extension 'ignore_ament_install'
[0.244s] Level 1:colcon.colcon_core.package_identification:_identify(src/perception) by extensions ['colcon_pkg']
[0.244s] Level 1:colcon.colcon_core.package_identification:_identify(src/perception) by extension 'colcon_pkg'
[0.244s] Level 1:colcon.colcon_core.package_identification:_identify(src/perception) by extensions ['colcon_meta']
[0.244s] Level 1:colcon.colcon_core.package_identification:_identify(src/perception) by extension 'colcon_meta'
[0.244s] Level 1:colcon.colcon_core.package_identification:_identify(src/perception) by extensions ['ros']
[0.244s] Level 1:colcon.colcon_core.package_identification:_identify(src/perception) by extension 'ros'
[0.245s] DEBUG:colcon.colcon_core.package_identification:Package 'src/perception' with type 'ros.ament_python' and name 'perception'
[0.245s] Level 1:colcon.colcon_core.package_identification:_identify(src/perception_msgs) by extensions ['ignore', 'ignore_ament_install']
[0.245s] Level 1:colcon.colcon_core.package_identification:_identify(src/perception_msgs) by extension 'ignore'
[0.245s] Level 1:colcon.colcon_core.package_identification:_identify(src/perception_msgs) by extension 'ignore_ament_install'
[0.245s] Level 1:colcon.colcon_core.package_identification:_identify(src/perception_msgs) by extensions ['colcon_pkg']
[0.246s] Level 1:colcon.colcon_core.package_identification:_identify(src/perception_msgs) by extension 'colcon_pkg'
[0.246s] Level 1:colcon.colcon_core.package_identification:_identify(src/perception_msgs) by extensions ['colcon_meta']
[0.246s] Level 1:colcon.colcon_core.package_identification:_identify(src/perception_msgs) by extension 'colcon_meta'
[0.246s] Level 1:colcon.colcon_core.package_identification:_identify(src/perception_msgs) by extensions ['ros']
[0.246s] Level 1:colcon.colcon_core.package_identification:_identify(src/perception_msgs) by extension 'ros'
[0.246s] DEBUG:colcon.colcon_core.package_identification:Package 'src/perception_msgs' with type 'ros.ament_cmake' and name 'perception_msgs'
[0.247s] Level 1:colcon.colcon_core.package_identification:_identify(src/planning) by extensions ['ignore', 'ignore_ament_install']
[0.247s] Level 1:colcon.colcon_core.package_identification:_identify(src/planning) by extension 'ignore'
[0.247s] Level 1:colcon.colcon_core.package_identification:_identify(src/planning) by extension 'ignore_ament_install'
[0.247s] Level 1:colcon.colcon_core.package_identification:_identify(src/planning) by extensions ['colcon_pkg']
[0.247s] Level 1:colcon.colcon_core.package_identification:_identify(src/planning) by extension 'colcon_pkg'
[0.247s] Level 1:colcon.colcon_core.package_identification:_identify(src/planning) by extensions ['colcon_meta']
[0.247s] Level 1:colcon.colcon_core.package_identification:_identify(src/planning) by extension 'colcon_meta'
[0.247s] Level 1:colcon.colcon_core.package_identification:_identify(src/planning) by extensions ['ros']
[0.247s] Level 1:colcon.colcon_core.package_identification:_identify(src/planning) by extension 'ros'
[0.248s] DEBUG:colcon.colcon_core.package_identification:Package 'src/planning' with type 'ros.ament_python' and name 'planning'
[0.248s] Level 1:colcon.colcon_core.package_identification:_identify(src/planning_msgs) by extensions ['ignore', 'ignore_ament_install']
[0.248s] Level 1:colcon.colcon_core.package_identification:_identify(src/planning_msgs) by extension 'ignore'
[0.248s] Level 1:colcon.colcon_core.package_identification:_identify(src/planning_msgs) by extension 'ignore_ament_install'
[0.248s] Level 1:colcon.colcon_core.package_identification:_identify(src/planning_msgs) by extensions ['colcon_pkg']
[0.249s] Level 1:colcon.colcon_core.package_identification:_identify(src/planning_msgs) by extension 'colcon_pkg'
[0.249s] Level 1:colcon.colcon_core.package_identification:_identify(src/planning_msgs) by extensions ['colcon_meta']
[0.249s] Level 1:colcon.colcon_core.package_identification:_identify(src/planning_msgs) by extension 'colcon_meta'
[0.249s] Level 1:colcon.colcon_core.package_identification:_identify(src/planning_msgs) by extensions ['ros']
[0.249s] Level 1:colcon.colcon_core.package_identification:_identify(src/planning_msgs) by extension 'ros'
[0.249s] DEBUG:colcon.colcon_core.package_identification:Package 'src/planning_msgs' with type 'ros.ament_cmake' and name 'planning_msgs'
[0.249s] Level 1:colcon.colcon_core.package_discovery:discover_packages(recursive) using defaults
[0.249s] Level 1:colcon.colcon_core.package_discovery:discover_packages(ignore) discover
[0.249s] Level 1:colcon.colcon_core.package_discovery:discover_packages(ignore) using defaults
[0.249s] Level 1:colcon.colcon_core.package_discovery:discover_packages(path) discover
[0.249s] Level 1:colcon.colcon_core.package_discovery:discover_packages(path) using defaults
[0.265s] Level 5:colcon.colcon_core.verb:set package 'common_msgs' build argument 'cmake_args' from command line to 'None'
[0.265s] Level 5:colcon.colcon_core.verb:set package 'common_msgs' build argument 'cmake_target' from command line to 'None'
[0.265s] Level 5:colcon.colcon_core.verb:set package 'common_msgs' build argument 'cmake_target_skip_unavailable' from command line to 'False'
[0.265s] Level 5:colcon.colcon_core.verb:set package 'common_msgs' build argument 'cmake_clean_cache' from command line to 'False'
[0.265s] Level 5:colcon.colcon_core.verb:set package 'common_msgs' build argument 'cmake_clean_first' from command line to 'False'
[0.265s] Level 5:colcon.colcon_core.verb:set package 'common_msgs' build argument 'cmake_force_configure' from command line to 'False'
[0.265s] Level 5:colcon.colcon_core.verb:set package 'common_msgs' build argument 'ament_cmake_args' from command line to 'None'
[0.265s] Level 5:colcon.colcon_core.verb:set package 'common_msgs' build argument 'catkin_cmake_args' from command line to 'None'
[0.265s] Level 5:colcon.colcon_core.verb:set package 'common_msgs' build argument 'catkin_skip_building_tests' from command line to 'False'
[0.265s] DEBUG:colcon.colcon_core.verb:Building package 'common_msgs' with the following arguments: {'ament_cmake_args': None, 'build_base': '/ros2_ws/build/common_msgs', 'catkin_cmake_args': None, 'catkin_skip_building_tests': False, 'cmake_args': None, 'cmake_clean_cache': False, 'cmake_clean_first': False, 'cmake_force_configure': False, 'cmake_target': None, 'cmake_target_skip_unavailable': False, 'install_base': '/ros2_ws/install/common_msgs', 'merge_install': False, 'path': '/ros2_ws/src/common_msgs', 'symlink_install': False, 'test_result_base': None}
[0.266s] Level 5:colcon.colcon_core.verb:set package 'fsm_msgs' build argument 'cmake_args' from command line to 'None'
[0.266s] Level 5:colcon.colcon_core.verb:set package 'fsm_msgs' build argument 'cmake_target' from command line to 'None'
[0.266s] Level 5:colcon.colcon_core.verb:set package 'fsm_msgs' build argument 'cmake_target_skip_unavailable' from command line to 'False'
[0.266s] Level 5:colcon.colcon_core.verb:set package 'fsm_msgs' build argument 'cmake_clean_cache' from command line to 'False'
[0.266s] Level 5:colcon.colcon_core.verb:set package 'fsm_msgs' build argument 'cmake_clean_first' from command line to 'False'
[0.266s] Level 5:colcon.colcon_core.verb:set package 'fsm_msgs' build argument 'cmake_force_configure' from command line to 'False'
[0.266s] Level 5:colcon.colcon_core.verb:set package 'fsm_msgs' build argument 'ament_cmake_args' from command line to 'None'
[0.266s] Level 5:colcon.colcon_core.verb:set package 'fsm_msgs' build argument 'catkin_cmake_args' from command line to 'None'
[0.266s] Level 5:colcon.colcon_core.verb:set package 'fsm_msgs' build argument 'catkin_skip_building_tests' from command line to 'False'
[0.266s] DEBUG:colcon.colcon_core.verb:Building package 'fsm_msgs' with the following arguments: {'ament_cmake_args': None, 'build_base': '/ros2_ws/build/fsm_msgs', 'catkin_cmake_args': None, 'catkin_skip_building_tests': False, 'cmake_args': None, 'cmake_clean_cache': False, 'cmake_clean_first': False, 'cmake_force_configure': False, 'cmake_target': None, 'cmake_target_skip_unavailable': False, 'install_base': '/ros2_ws/install/fsm_msgs', 'merge_install': False, 'path': '/ros2_ws/src/fsm_msgs', 'symlink_install': False, 'test_result_base': None}
[0.267s] Level 5:colcon.colcon_core.verb:set package 'localization_msgs' build argument 'cmake_args' from command line to 'None'
[0.267s] Level 5:colcon.colcon_core.verb:set package 'localization_msgs' build argument 'cmake_target' from command line to 'None'
[0.267s] Level 5:colcon.colcon_core.verb:set package 'localization_msgs' build argument 'cmake_target_skip_unavailable' from command line to 'False'
[0.267s] Level 5:colcon.colcon_core.verb:set package 'localization_msgs' build argument 'cmake_clean_cache' from command line to 'False'
[0.267s] Level 5:colcon.colcon_core.verb:set package 'localization_msgs' build argument 'cmake_clean_first' from command line to 'False'
[0.267s] Level 5:colcon.colcon_core.verb:set package 'localization_msgs' build argument 'cmake_force_configure' from command line to 'False'
[0.267s] Level 5:colcon.colcon_core.verb:set package 'localization_msgs' build argument 'ament_cmake_args' from command line to 'None'
[0.267s] Level 5:colcon.colcon_core.verb:set package 'localization_msgs' build argument 'catkin_cmake_args' from command line to 'None'
[0.267s] Level 5:colcon.colcon_core.verb:set package 'localization_msgs' build argument 'catkin_skip_building_tests' from command line to 'False'
[0.267s] DEBUG:colcon.colcon_core.verb:Building package 'localization_msgs' with the following arguments: {'ament_cmake_args': None, 'build_base': '/ros2_ws/build/localization_msgs', 'catkin_cmake_args': None, 'catkin_skip_building_tests': False, 'cmake_args': None, 'cmake_clean_cache': False, 'cmake_clean_first': False, 'cmake_force_configure': False, 'cmake_target': None, 'cmake_target_skip_unavailable': False, 'install_base': '/ros2_ws/install/localization_msgs', 'merge_install': False, 'path': '/ros2_ws/src/localization_msgs', 'symlink_install': False, 'test_result_base': None}
[0.267s] Level 5:colcon.colcon_core.verb:set package 'perception_msgs' build argument 'cmake_args' from command line to 'None'
[0.267s] Level 5:colcon.colcon_core.verb:set package 'perception_msgs' build argument 'cmake_target' from command line to 'None'
[0.267s] Level 5:colcon.colcon_core.verb:set package 'perception_msgs' build argument 'cmake_target_skip_unavailable' from command line to 'False'
[0.267s] Level 5:colcon.colcon_core.verb:set package 'perception_msgs' build argument 'cmake_clean_cache' from command line to 'False'
[0.267s] Level 5:colcon.colcon_core.verb:set package 'perception_msgs' build argument 'cmake_clean_first' from command line to 'False'
[0.267s] Level 5:colcon.colcon_core.verb:set package 'perception_msgs' build argument 'cmake_force_configure' from command line to 'False'
[0.268s] Level 5:colcon.colcon_core.verb:set package 'perception_msgs' build argument 'ament_cmake_args' from command line to 'None'
[0.268s] Level 5:colcon.colcon_core.verb:set package 'perception_msgs' build argument 'catkin_cmake_args' from command line to 'None'
[0.268s] Level 5:colcon.colcon_core.verb:set package 'perception_msgs' build argument 'catkin_skip_building_tests' from command line to 'False'
[0.268s] DEBUG:colcon.colcon_core.verb:Building package 'perception_msgs' with the following arguments: {'ament_cmake_args': None, 'build_base': '/ros2_ws/build/perception_msgs', 'catkin_cmake_args': None, 'catkin_skip_building_tests': False, 'cmake_args': None, 'cmake_clean_cache': False, 'cmake_clean_first': False, 'cmake_force_configure': False, 'cmake_target': None, 'cmake_target_skip_unavailable': False, 'install_base': '/ros2_ws/install/perception_msgs', 'merge_install': False, 'path': '/ros2_ws/src/perception_msgs', 'symlink_install': False, 'test_result_base': None}
[0.268s] Level 5:colcon.colcon_core.verb:set package 'planning_msgs' build argument 'cmake_args' from command line to 'None'
[0.268s] Level 5:colcon.colcon_core.verb:set package 'planning_msgs' build argument 'cmake_target' from command line to 'None'
[0.268s] Level 5:colcon.colcon_core.verb:set package 'planning_msgs' build argument 'cmake_target_skip_unavailable' from command line to 'False'
[0.268s] Level 5:colcon.colcon_core.verb:set package 'planning_msgs' build argument 'cmake_clean_cache' from command line to 'False'
[0.268s] Level 5:colcon.colcon_core.verb:set package 'planning_msgs' build argument 'cmake_clean_first' from command line to 'False'
[0.268s] Level 5:colcon.colcon_core.verb:set package 'planning_msgs' build argument 'cmake_force_configure' from command line to 'False'
[0.268s] Level 5:colcon.colcon_core.verb:set package 'planning_msgs' build argument 'ament_cmake_args' from command line to 'None'
[0.268s] Level 5:colcon.colcon_core.verb:set package 'planning_msgs' build argument 'catkin_cmake_args' from command line to 'None'
[0.268s] Level 5:colcon.colcon_core.verb:set package 'planning_msgs' build argument 'catkin_skip_building_tests' from command line to 'False'
[0.268s] DEBUG:colcon.colcon_core.verb:Building package 'planning_msgs' with the following arguments: {'ament_cmake_args': None, 'build_base': '/ros2_ws/build/planning_msgs', 'catkin_cmake_args': None, 'catkin_skip_building_tests': False, 'cmake_args': None, 'cmake_clean_cache': False, 'cmake_clean_first': False, 'cmake_force_configure': False, 'cmake_target': None, 'cmake_target_skip_unavailable': False, 'install_base': '/ros2_ws/install/planning_msgs', 'merge_install': False, 'path': '/ros2_ws/src/planning_msgs', 'symlink_install': False, 'test_result_base': None}
[0.269s] Level 5:colcon.colcon_core.verb:set package 'cengaver_controller' build argument 'cmake_args' from command line to 'None'
[0.269s] Level 5:colcon.colcon_core.verb:set package 'cengaver_controller' build argument 'cmake_target' from command line to 'None'
[0.269s] Level 5:colcon.colcon_core.verb:set package 'cengaver_controller' build argument 'cmake_target_skip_unavailable' from command line to 'False'
[0.269s] Level 5:colcon.colcon_core.verb:set package 'cengaver_controller' build argument 'cmake_clean_cache' from command line to 'False'
[0.269s] Level 5:colcon.colcon_core.verb:set package 'cengaver_controller' build argument 'cmake_clean_first' from command line to 'False'
[0.269s] Level 5:colcon.colcon_core.verb:set package 'cengaver_controller' build argument 'cmake_force_configure' from command line to 'False'
[0.269s] Level 5:colcon.colcon_core.verb:set package 'cengaver_controller' build argument 'ament_cmake_args' from command line to 'None'
[0.269s] Level 5:colcon.colcon_core.verb:set package 'cengaver_controller' build argument 'catkin_cmake_args' from command line to 'None'
[0.269s] Level 5:colcon.colcon_core.verb:set package 'cengaver_controller' build argument 'catkin_skip_building_tests' from command line to 'False'
[0.269s] DEBUG:colcon.colcon_core.verb:Building package 'cengaver_controller' with the following arguments: {'ament_cmake_args': None, 'build_base': '/ros2_ws/build/cengaver_controller', 'catkin_cmake_args': None, 'catkin_skip_building_tests': False, 'cmake_args': None, 'cmake_clean_cache': False, 'cmake_clean_first': False, 'cmake_force_configure': False, 'cmake_target': None, 'cmake_target_skip_unavailable': False, 'install_base': '/ros2_ws/install/cengaver_controller', 'merge_install': False, 'path': '/ros2_ws/src/controller', 'symlink_install': False, 'test_result_base': None}
[0.269s] Level 5:colcon.colcon_core.verb:set package 'fsm' build argument 'cmake_args' from command line to 'None'
[0.269s] Level 5:colcon.colcon_core.verb:set package 'fsm' build argument 'cmake_target' from command line to 'None'
[0.270s] Level 5:colcon.colcon_core.verb:set package 'fsm' build argument 'cmake_target_skip_unavailable' from command line to 'False'
[0.270s] Level 5:colcon.colcon_core.verb:set package 'fsm' build argument 'cmake_clean_cache' from command line to 'False'
[0.270s] Level 5:colcon.colcon_core.verb:set package 'fsm' build argument 'cmake_clean_first' from command line to 'False'
[0.270s] Level 5:colcon.colcon_core.verb:set package 'fsm' build argument 'cmake_force_configure' from command line to 'False'
[0.270s] Level 5:colcon.colcon_core.verb:set package 'fsm' build argument 'ament_cmake_args' from command line to 'None'
[0.270s] Level 5:colcon.colcon_core.verb:set package 'fsm' build argument 'catkin_cmake_args' from command line to 'None'
[0.270s] Level 5:colcon.colcon_core.verb:set package 'fsm' build argument 'catkin_skip_building_tests' from command line to 'False'
[0.270s] DEBUG:colcon.colcon_core.verb:Building package 'fsm' with the following arguments: {'ament_cmake_args': None, 'build_base': '/ros2_ws/build/fsm', 'catkin_cmake_args': None, 'catkin_skip_building_tests': False, 'cmake_args': None, 'cmake_clean_cache': False, 'cmake_clean_first': False, 'cmake_force_configure': False, 'cmake_target': None, 'cmake_target_skip_unavailable': False, 'install_base': '/ros2_ws/install/fsm', 'merge_install': False, 'path': '/ros2_ws/src/fsm', 'symlink_install': False, 'test_result_base': None}
[0.270s] Level 5:colcon.colcon_core.verb:set package 'localization' build argument 'cmake_args' from command line to 'None'
[0.270s] Level 5:colcon.colcon_core.verb:set package 'localization' build argument 'cmake_target' from command line to 'None'
[0.270s] Level 5:colcon.colcon_core.verb:set package 'localization' build argument 'cmake_target_skip_unavailable' from command line to 'False'
[0.270s] Level 5:colcon.colcon_core.verb:set package 'localization' build argument 'cmake_clean_cache' from command line to 'False'
[0.270s] Level 5:colcon.colcon_core.verb:set package 'localization' build argument 'cmake_clean_first' from command line to 'False'
[0.270s] Level 5:colcon.colcon_core.verb:set package 'localization' build argument 'cmake_force_configure' from command line to 'False'
[0.270s] Level 5:colcon.colcon_core.verb:set package 'localization' build argument 'ament_cmake_args' from command line to 'None'
[0.270s] Level 5:colcon.colcon_core.verb:set package 'localization' build argument 'catkin_cmake_args' from command line to 'None'
[0.270s] Level 5:colcon.colcon_core.verb:set package 'localization' build argument 'catkin_skip_building_tests' from command line to 'False'
[0.270s] DEBUG:colcon.colcon_core.verb:Building package 'localization' with the following arguments: {'ament_cmake_args': None, 'build_base': '/ros2_ws/build/localization', 'catkin_cmake_args': None, 'catkin_skip_building_tests': False, 'cmake_args': None, 'cmake_clean_cache': False, 'cmake_clean_first': False, 'cmake_force_configure': False, 'cmake_target': None, 'cmake_target_skip_unavailable': False, 'install_base': '/ros2_ws/install/localization', 'merge_install': False, 'path': '/ros2_ws/src/localization', 'symlink_install': False, 'test_result_base': None}
[0.271s] Level 5:colcon.colcon_core.verb:set package 'perception' build argument 'cmake_args' from command line to 'None'
[0.271s] Level 5:colcon.colcon_core.verb:set package 'perception' build argument 'cmake_target' from command line to 'None'
[0.271s] Level 5:colcon.colcon_core.verb:set package 'perception' build argument 'cmake_target_skip_unavailable' from command line to 'False'
[0.271s] Level 5:colcon.colcon_core.verb:set package 'perception' build argument 'cmake_clean_cache' from command line to 'False'
[0.271s] Level 5:colcon.colcon_core.verb:set package 'perception' build argument 'cmake_clean_first' from command line to 'False'
[0.271s] Level 5:colcon.colcon_core.verb:set package 'perception' build argument 'cmake_force_configure' from command line to 'False'
[0.271s] Level 5:colcon.colcon_core.verb:set package 'perception' build argument 'ament_cmake_args' from command line to 'None'
[0.271s] Level 5:colcon.colcon_core.verb:set package 'perception' build argument 'catkin_cmake_args' from command line to 'None'
[0.271s] Level 5:colcon.colcon_core.verb:set package 'perception' build argument 'catkin_skip_building_tests' from command line to 'False'
[0.271s] DEBUG:colcon.colcon_core.verb:Building package 'perception' with the following arguments: {'ament_cmake_args': None, 'build_base': '/ros2_ws/build/perception', 'catkin_cmake_args': None, 'catkin_skip_building_tests': False, 'cmake_args': None, 'cmake_clean_cache': False, 'cmake_clean_first': False, 'cmake_force_configure': False, 'cmake_target': None, 'cmake_target_skip_unavailable': False, 'install_base': '/ros2_ws/install/perception', 'merge_install': False, 'path': '/ros2_ws/src/perception', 'symlink_install': False, 'test_result_base': None}
[0.272s] Level 5:colcon.colcon_core.verb:set package 'planning' build argument 'cmake_args' from command line to 'None'
[0.272s] Level 5:colcon.colcon_core.verb:set package 'planning' build argument 'cmake_target' from command line to 'None'
[0.272s] Level 5:colcon.colcon_core.verb:set package 'planning' build argument 'cmake_target_skip_unavailable' from command line to 'False'
[0.272s] Level 5:colcon.colcon_core.verb:set package 'planning' build argument 'cmake_clean_cache' from command line to 'False'
[0.272s] Level 5:colcon.colcon_core.verb:set package 'planning' build argument 'cmake_clean_first' from command line to 'False'
[0.272s] Level 5:colcon.colcon_core.verb:set package 'planning' build argument 'cmake_force_configure' from command line to 'False'
[0.272s] Level 5:colcon.colcon_core.verb:set package 'planning' build argument 'ament_cmake_args' from command line to 'None'
[0.272s] Level 5:colcon.colcon_core.verb:set package 'planning' build argument 'catkin_cmake_args' from command line to 'None'
[0.272s] Level 5:colcon.colcon_core.verb:set package 'planning' build argument 'catkin_skip_building_tests' from command line to 'False'
[0.272s] DEBUG:colcon.colcon_core.verb:Building package 'planning' with the following arguments: {'ament_cmake_args': None, 'build_base': '/ros2_ws/build/planning', 'catkin_cmake_args': None, 'catkin_skip_building_tests': False, 'cmake_args': None, 'cmake_clean_cache': False, 'cmake_clean_first': False, 'cmake_force_configure': False, 'cmake_target': None, 'cmake_target_skip_unavailable': False, 'install_base': '/ros2_ws/install/planning', 'merge_install': False, 'path': '/ros2_ws/src/planning', 'symlink_install': False, 'test_result_base': None}
[0.272s] INFO:colcon.colcon_core.executor:Executing jobs using 'parallel' executor
[0.276s] DEBUG:colcon.colcon_parallel_executor.executor.parallel:run_until_complete
[0.276s] INFO:colcon.colcon_ros.task.ament_cmake.build:Building ROS package in '/ros2_ws/src/planning_msgs' with build type 'ament_cmake'
[0.277s] INFO:colcon.colcon_cmake.task.cmake.build:Building CMake package in '/ros2_ws/src/planning_msgs'
[0.280s] INFO:colcon.colcon_core.plugin_system:Skipping extension 'colcon_core.shell.bat': Not used on non-Windows systems
[0.280s] INFO:colcon.colcon_core.shell:Skip shell extension 'powershell' for command environment: Not usable outside of PowerShell
[0.280s] DEBUG:colcon.colcon_core.shell:Skip shell extension 'dsv' for command environment
[0.285s] INFO:colcon.colcon_ros.task.ament_cmake.build:Building ROS package in '/ros2_ws/src/common_msgs' with build type 'ament_cmake'
[0.285s] INFO:colcon.colcon_cmake.task.cmake.build:Building CMake package in '/ros2_ws/src/common_msgs'
[0.286s] INFO:colcon.colcon_core.shell:Skip shell extension 'powershell' for command environment: Not usable outside of PowerShell
[0.286s] DEBUG:colcon.colcon_core.shell:Skip shell extension 'dsv' for command environment
[0.290s] INFO:colcon.colcon_ros.task.ament_cmake.build:Building ROS package in '/ros2_ws/src/fsm_msgs' with build type 'ament_cmake'
[0.291s] INFO:colcon.colcon_cmake.task.cmake.build:Building CMake package in '/ros2_ws/src/fsm_msgs'
[0.292s] INFO:colcon.colcon_core.shell:Skip shell extension 'powershell' for command environment: Not usable outside of PowerShell
[0.292s] DEBUG:colcon.colcon_core.shell:Skip shell extension 'dsv' for command environment
[0.296s] INFO:colcon.colcon_ros.task.ament_cmake.build:Building ROS package in '/ros2_ws/src/localization_msgs' with build type 'ament_cmake'
[0.297s] INFO:colcon.colcon_cmake.task.cmake.build:Building CMake package in '/ros2_ws/src/localization_msgs'
[0.298s] INFO:colcon.colcon_core.shell:Skip shell extension 'powershell' for command environment: Not usable outside of PowerShell
[0.298s] DEBUG:colcon.colcon_core.shell:Skip shell extension 'dsv' for command environment
[0.304s] INFO:colcon.colcon_ros.task.ament_cmake.build:Building ROS package in '/ros2_ws/src/perception_msgs' with build type 'ament_cmake'
[0.304s] INFO:colcon.colcon_cmake.task.cmake.build:Building CMake package in '/ros2_ws/src/perception_msgs'
[0.306s] INFO:colcon.colcon_core.shell:Skip shell extension 'powershell' for command environment: Not usable outside of PowerShell
[0.307s] DEBUG:colcon.colcon_core.shell:Skip shell extension 'dsv' for command environment
[0.331s] DEBUG:colcon.colcon_core.event_handler.log_command:Invoking command in '/ros2_ws/build/planning_msgs': CMAKE_PREFIX_PATH=/opt/ros/foxy /usr/bin/cmake --build /ros2_ws/build/planning_msgs -- -j10 -l10
[0.339s] DEBUG:colcon.colcon_core.event_handler.log_command:Invoking command in '/ros2_ws/build/common_msgs': CMAKE_PREFIX_PATH=/opt/ros/foxy /usr/bin/cmake --build /ros2_ws/build/common_msgs -- -j10 -l10
[0.349s] DEBUG:colcon.colcon_core.event_handler.log_command:Invoking command in '/ros2_ws/build/fsm_msgs': CMAKE_PREFIX_PATH=/opt/ros/foxy /usr/bin/cmake --build /ros2_ws/build/fsm_msgs -- -j10 -l10
[0.358s] DEBUG:colcon.colcon_core.event_handler.log_command:Invoking command in '/ros2_ws/build/localization_msgs': CMAKE_PREFIX_PATH=/opt/ros/foxy /usr/bin/cmake --build /ros2_ws/build/localization_msgs -- -j10 -l10
[0.372s] DEBUG:colcon.colcon_core.event_handler.log_command:Invoking command in '/ros2_ws/build/perception_msgs': CMAKE_PREFIX_PATH=/opt/ros/foxy /usr/bin/cmake --build /ros2_ws/build/perception_msgs -- -j10 -l10
[19.025s] DEBUG:colcon.colcon_core.event_handler.log_command:Invoked command in '/ros2_ws/build/common_msgs' returned '0': CMAKE_PREFIX_PATH=/opt/ros/foxy /usr/bin/cmake --build /ros2_ws/build/common_msgs -- -j10 -l10
[20.763s] DEBUG:colcon.colcon_core.event_handler.log_command:Invoking command in '/ros2_ws/build/common_msgs': CMAKE_PREFIX_PATH=/opt/ros/foxy /usr/bin/cmake --install /ros2_ws/build/common_msgs
[21.120s] DEBUG:colcon.colcon_core.event_handler.log_command:Invoked command in '/ros2_ws/build/fsm_msgs' returned '0': CMAKE_PREFIX_PATH=/opt/ros/foxy /usr/bin/cmake --build /ros2_ws/build/fsm_msgs -- -j10 -l10
[21.465s] Level 1:colcon.colcon_core.environment:create_environment_scripts_only(common_msgs)
[21.470s] DEBUG:colcon.colcon_core.event_handler.log_command:Invoked command in '/ros2_ws/build/common_msgs' returned '0': CMAKE_PREFIX_PATH=/opt/ros/foxy /usr/bin/cmake --install /ros2_ws/build/common_msgs
[21.477s] Level 1:colcon.colcon_core.environment:checking '/ros2_ws/install/common_msgs' for CMake module files
[21.485s] Level 1:colcon.colcon_core.environment:checking '/ros2_ws/install/common_msgs' for CMake config files
[21.496s] Level 1:colcon.colcon_core.shell:create_environment_hook('common_msgs', 'cmake_prefix_path')
[21.500s] INFO:colcon.colcon_core.shell:Creating environment hook '/ros2_ws/install/common_msgs/share/common_msgs/hook/cmake_prefix_path.ps1'
[21.512s] INFO:colcon.colcon_core.shell:Creating environment descriptor '/ros2_ws/install/common_msgs/share/common_msgs/hook/cmake_prefix_path.dsv'
[21.513s] INFO:colcon.colcon_core.shell:Creating environment hook '/ros2_ws/install/common_msgs/share/common_msgs/hook/cmake_prefix_path.sh'
[21.525s] Level 1:colcon.colcon_core.environment:checking '/ros2_ws/install/common_msgs/lib'
[21.528s] Level 1:colcon.colcon_core.shell:create_environment_hook('common_msgs', 'ld_library_path_lib')
[21.532s] INFO:colcon.colcon_core.shell:Creating environment hook '/ros2_ws/install/common_msgs/share/common_msgs/hook/ld_library_path_lib.ps1'
[21.542s] INFO:colcon.colcon_core.shell:Creating environment descriptor '/ros2_ws/install/common_msgs/share/common_msgs/hook/ld_library_path_lib.dsv'
[21.544s] INFO:colcon.colcon_core.shell:Creating environment hook '/ros2_ws/install/common_msgs/share/common_msgs/hook/ld_library_path_lib.sh'
[21.546s] Level 1:colcon.colcon_core.environment:checking '/ros2_ws/install/common_msgs/bin'
[21.546s] Level 1:colcon.colcon_core.environment:checking '/ros2_ws/install/common_msgs/lib/pkgconfig/common_msgs.pc'
[21.548s] Level 1:colcon.colcon_core.environment:checking '/ros2_ws/install/common_msgs/lib/python3.8/site-packages'
[21.548s] Level 1:colcon.colcon_core.shell:create_environment_hook('common_msgs', 'pythonpath')
[21.549s] INFO:colcon.colcon_core.shell:Creating environment hook '/ros2_ws/install/common_msgs/share/common_msgs/hook/pythonpath.ps1'
[21.554s] INFO:colcon.colcon_core.shell:Creating environment descriptor '/ros2_ws/install/common_msgs/share/common_msgs/hook/pythonpath.dsv'
[21.558s] INFO:colcon.colcon_core.shell:Creating environment hook '/ros2_ws/install/common_msgs/share/common_msgs/hook/pythonpath.sh'
[21.560s] Level 1:colcon.colcon_core.environment:checking '/ros2_ws/install/common_msgs/bin'
[21.563s] INFO:colcon.colcon_core.shell:Creating package script '/ros2_ws/install/common_msgs/share/common_msgs/package.ps1'
[21.582s] INFO:colcon.colcon_core.shell:Creating package descriptor '/ros2_ws/install/common_msgs/share/common_msgs/package.dsv'
[21.590s] INFO:colcon.colcon_core.shell:Creating package script '/ros2_ws/install/common_msgs/share/common_msgs/package.sh'
[21.592s] INFO:colcon.colcon_core.shell:Creating package script '/ros2_ws/install/common_msgs/share/common_msgs/package.bash'
[21.595s] INFO:colcon.colcon_core.shell:Creating package script '/ros2_ws/install/common_msgs/share/common_msgs/package.zsh'
[21.607s] Level 1:colcon.colcon_core.environment:create_file_with_runtime_dependencies(/ros2_ws/install/common_msgs/share/colcon-core/packages/common_msgs)
[23.069s] DEBUG:colcon.colcon_core.event_handler.log_command:Invoking command in '/ros2_ws/build/fsm_msgs': CMAKE_PREFIX_PATH=/opt/ros/foxy /usr/bin/cmake --install /ros2_ws/build/fsm_msgs
[23.163s] Level 1:colcon.colcon_core.environment:create_environment_scripts_only(common_msgs)
[23.164s] Level 1:colcon.colcon_core.environment:checking '/ros2_ws/install/common_msgs' for CMake module files
[23.172s] Level 1:colcon.colcon_core.environment:checking '/ros2_ws/install/common_msgs' for CMake config files
[23.177s] Level 1:colcon.colcon_core.shell:create_environment_hook('common_msgs', 'cmake_prefix_path')
[23.178s] INFO:colcon.colcon_core.shell:Creating environment hook '/ros2_ws/install/common_msgs/share/common_msgs/hook/cmake_prefix_path.ps1'
[23.180s] INFO:colcon.colcon_core.shell:Creating environment descriptor '/ros2_ws/install/common_msgs/share/common_msgs/hook/cmake_prefix_path.dsv'
[23.181s] INFO:colcon.colcon_core.shell:Creating environment hook '/ros2_ws/install/common_msgs/share/common_msgs/hook/cmake_prefix_path.sh'
[23.183s] Level 1:colcon.colcon_core.environment:checking '/ros2_ws/install/common_msgs/lib'
[23.184s] Level 1:colcon.colcon_core.shell:create_environment_hook('common_msgs', 'ld_library_path_lib')
[23.186s] INFO:colcon.colcon_core.shell:Creating environment hook '/ros2_ws/install/common_msgs/share/common_msgs/hook/ld_library_path_lib.ps1'
[23.187s] INFO:colcon.colcon_core.shell:Creating environment descriptor '/ros2_ws/install/common_msgs/share/common_msgs/hook/ld_library_path_lib.dsv'
[23.188s] INFO:colcon.colcon_core.shell:Creating environment hook '/ros2_ws/install/common_msgs/share/common_msgs/hook/ld_library_path_lib.sh'
[23.189s] Level 1:colcon.colcon_core.environment:checking '/ros2_ws/install/common_msgs/bin'
[23.189s] Level 1:colcon.colcon_core.environment:checking '/ros2_ws/install/common_msgs/lib/pkgconfig/common_msgs.pc'
[23.190s] Level 1:colcon.colcon_core.environment:checking '/ros2_ws/install/common_msgs/lib/python3.8/site-packages'
[23.190s] Level 1:colcon.colcon_core.shell:create_environment_hook('common_msgs', 'pythonpath')
[23.191s] INFO:colcon.colcon_core.shell:Creating environment hook '/ros2_ws/install/common_msgs/share/common_msgs/hook/pythonpath.ps1'
[23.191s] INFO:colcon.colcon_core.shell:Creating environment descriptor '/ros2_ws/install/common_msgs/share/common_msgs/hook/pythonpath.dsv'
[23.192s] INFO:colcon.colcon_core.shell:Creating environment hook '/ros2_ws/install/common_msgs/share/common_msgs/hook/pythonpath.sh'
[23.193s] Level 1:colcon.colcon_core.environment:checking '/ros2_ws/install/common_msgs/bin'
[23.194s] INFO:colcon.colcon_core.shell:Creating package script '/ros2_ws/install/common_msgs/share/common_msgs/package.ps1'
[23.195s] INFO:colcon.colcon_core.shell:Creating package descriptor '/ros2_ws/install/common_msgs/share/common_msgs/package.dsv'
[23.196s] INFO:colcon.colcon_core.shell:Creating package script '/ros2_ws/install/common_msgs/share/common_msgs/package.sh'
[23.196s] INFO:colcon.colcon_core.shell:Creating package script '/ros2_ws/install/common_msgs/share/common_msgs/package.bash'
[23.197s] INFO:colcon.colcon_core.shell:Creating package script '/ros2_ws/install/common_msgs/share/common_msgs/package.zsh'
[23.198s] Level 1:colcon.colcon_core.environment:create_file_with_runtime_dependencies(/ros2_ws/install/common_msgs/share/colcon-core/packages/common_msgs)
[23.724s] Level 1:colcon.colcon_core.environment:create_environment_scripts_only(fsm_msgs)
[23.727s] Level 1:colcon.colcon_core.environment:checking '/ros2_ws/install/fsm_msgs' for CMake module files
[23.729s] DEBUG:colcon.colcon_core.event_handler.log_command:Invoked command in '/ros2_ws/build/fsm_msgs' returned '0': CMAKE_PREFIX_PATH=/opt/ros/foxy /usr/bin/cmake --install /ros2_ws/build/fsm_msgs
[23.735s] Level 1:colcon.colcon_core.environment:checking '/ros2_ws/install/fsm_msgs' for CMake config files
[23.741s] Level 1:colcon.colcon_core.shell:create_environment_hook('fsm_msgs', 'cmake_prefix_path')
[23.742s] INFO:colcon.colcon_core.shell:Creating environment hook '/ros2_ws/install/fsm_msgs/share/fsm_msgs/hook/cmake_prefix_path.ps1'
[23.747s] INFO:colcon.colcon_core.shell:Creating environment descriptor '/ros2_ws/install/fsm_msgs/share/fsm_msgs/hook/cmake_prefix_path.dsv'
[23.748s] INFO:colcon.colcon_core.shell:Creating environment hook '/ros2_ws/install/fsm_msgs/share/fsm_msgs/hook/cmake_prefix_path.sh'
[23.751s] Level 1:colcon.colcon_core.environment:checking '/ros2_ws/install/fsm_msgs/lib'
[23.751s] Level 1:colcon.colcon_core.shell:create_environment_hook('fsm_msgs', 'ld_library_path_lib')
[23.752s] INFO:colcon.colcon_core.shell:Creating environment hook '/ros2_ws/install/fsm_msgs/share/fsm_msgs/hook/ld_library_path_lib.ps1'
[23.753s] INFO:colcon.colcon_core.shell:Creating environment descriptor '/ros2_ws/install/fsm_msgs/share/fsm_msgs/hook/ld_library_path_lib.dsv'
[23.755s] INFO:colcon.colcon_core.shell:Creating environment hook '/ros2_ws/install/fsm_msgs/share/fsm_msgs/hook/ld_library_path_lib.sh'
[23.758s] Level 1:colcon.colcon_core.environment:checking '/ros2_ws/install/fsm_msgs/bin'
[23.758s] Level 1:colcon.colcon_core.environment:checking '/ros2_ws/install/fsm_msgs/lib/pkgconfig/fsm_msgs.pc'
[23.758s] Level 1:colcon.colcon_core.environment:checking '/ros2_ws/install/fsm_msgs/lib/python3.8/site-packages'
[23.758s] Level 1:colcon.colcon_core.shell:create_environment_hook('fsm_msgs', 'pythonpath')
[23.759s] INFO:colcon.colcon_core.shell:Creating environment hook '/ros2_ws/install/fsm_msgs/share/fsm_msgs/hook/pythonpath.ps1'
[23.761s] INFO:colcon.colcon_core.shell:Creating environment descriptor '/ros2_ws/install/fsm_msgs/share/fsm_msgs/hook/pythonpath.dsv'
[23.762s] INFO:colcon.colcon_core.shell:Creating environment hook '/ros2_ws/install/fsm_msgs/share/fsm_msgs/hook/pythonpath.sh'
[23.764s] Level 1:colcon.colcon_core.environment:checking '/ros2_ws/install/fsm_msgs/bin'
[23.765s] INFO:colcon.colcon_core.shell:Creating package script '/ros2_ws/install/fsm_msgs/share/fsm_msgs/package.ps1'
[23.767s] INFO:colcon.colcon_core.shell:Creating package descriptor '/ros2_ws/install/fsm_msgs/share/fsm_msgs/package.dsv'
[23.768s] INFO:colcon.colcon_core.shell:Creating package script '/ros2_ws/install/fsm_msgs/share/fsm_msgs/package.sh'
[23.769s] INFO:colcon.colcon_core.shell:Creating package script '/ros2_ws/install/fsm_msgs/share/fsm_msgs/package.bash'
[23.770s] INFO:colcon.colcon_core.shell:Creating package script '/ros2_ws/install/fsm_msgs/share/fsm_msgs/package.zsh'
[23.771s] Level 1:colcon.colcon_core.environment:create_file_with_runtime_dependencies(/ros2_ws/install/fsm_msgs/share/colcon-core/packages/fsm_msgs)
[23.981s] DEBUG:colcon.colcon_core.event_handler.log_command:Invoked command in '/ros2_ws/build/localization_msgs' returned '0': CMAKE_PREFIX_PATH=/opt/ros/foxy /usr/bin/cmake --build /ros2_ws/build/localization_msgs -- -j10 -l10
[25.160s] Level 1:colcon.colcon_core.environment:create_environment_scripts_only(fsm_msgs)
[25.163s] Level 1:colcon.colcon_core.environment:checking '/ros2_ws/install/fsm_msgs' for CMake module files
[25.168s] Level 1:colcon.colcon_core.environment:checking '/ros2_ws/install/fsm_msgs' for CMake config files
[25.174s] Level 1:colcon.colcon_core.shell:create_environment_hook('fsm_msgs', 'cmake_prefix_path')
[25.176s] INFO:colcon.colcon_core.shell:Creating environment hook '/ros2_ws/install/fsm_msgs/share/fsm_msgs/hook/cmake_prefix_path.ps1'
[25.177s] INFO:colcon.colcon_core.shell:Creating environment descriptor '/ros2_ws/install/fsm_msgs/share/fsm_msgs/hook/cmake_prefix_path.dsv'
[25.178s] INFO:colcon.colcon_core.shell:Creating environment hook '/ros2_ws/install/fsm_msgs/share/fsm_msgs/hook/cmake_prefix_path.sh'
[25.181s] Level 1:colcon.colcon_core.environment:checking '/ros2_ws/install/fsm_msgs/lib'
[25.182s] Level 1:colcon.colcon_core.shell:create_environment_hook('fsm_msgs', 'ld_library_path_lib')
[25.186s] INFO:colcon.colcon_core.shell:Creating environment hook '/ros2_ws/install/fsm_msgs/share/fsm_msgs/hook/ld_library_path_lib.ps1'
[25.189s] INFO:colcon.colcon_core.shell:Creating environment descriptor '/ros2_ws/install/fsm_msgs/share/fsm_msgs/hook/ld_library_path_lib.dsv'
[25.190s] INFO:colcon.colcon_core.shell:Creating environment hook '/ros2_ws/install/fsm_msgs/share/fsm_msgs/hook/ld_library_path_lib.sh'
[25.193s] Level 1:colcon.colcon_core.environment:checking '/ros2_ws/install/fsm_msgs/bin'
[25.193s] Level 1:colcon.colcon_core.environment:checking '/ros2_ws/install/fsm_msgs/lib/pkgconfig/fsm_msgs.pc'
[25.194s] Level 1:colcon.colcon_core.environment:checking '/ros2_ws/install/fsm_msgs/lib/python3.8/site-packages'
[25.194s] Level 1:colcon.colcon_core.shell:create_environment_hook('fsm_msgs', 'pythonpath')
[25.195s] INFO:colcon.colcon_core.shell:Creating environment hook '/ros2_ws/install/fsm_msgs/share/fsm_msgs/hook/pythonpath.ps1'
[25.197s] INFO:colcon.colcon_core.shell:Creating environment descriptor '/ros2_ws/install/fsm_msgs/share/fsm_msgs/hook/pythonpath.dsv'
[25.198s] INFO:colcon.colcon_core.shell:Creating environment hook '/ros2_ws/install/fsm_msgs/share/fsm_msgs/hook/pythonpath.sh'
[25.200s] Level 1:colcon.colcon_core.environment:checking '/ros2_ws/install/fsm_msgs/bin'
[25.201s] INFO:colcon.colcon_core.shell:Creating package script '/ros2_ws/install/fsm_msgs/share/fsm_msgs/package.ps1'
[25.202s] INFO:colcon.colcon_core.shell:Creating package descriptor '/ros2_ws/install/fsm_msgs/share/fsm_msgs/package.dsv'
[25.204s] INFO:colcon.colcon_core.shell:Creating package script '/ros2_ws/install/fsm_msgs/share/fsm_msgs/package.sh'
[25.205s] INFO:colcon.colcon_core.shell:Creating package script '/ros2_ws/install/fsm_msgs/share/fsm_msgs/package.bash'
[25.206s] INFO:colcon.colcon_core.shell:Creating package script '/ros2_ws/install/fsm_msgs/share/fsm_msgs/package.zsh'
[25.207s] Level 1:colcon.colcon_core.environment:create_file_with_runtime_dependencies(/ros2_ws/install/fsm_msgs/share/colcon-core/packages/fsm_msgs)
[26.277s] DEBUG:colcon.colcon_core.event_handler.log_command:Invoking command in '/ros2_ws/build/localization_msgs': CMAKE_PREFIX_PATH=/opt/ros/foxy /usr/bin/cmake --install /ros2_ws/build/localization_msgs
[26.956s] DEBUG:colcon.colcon_core.event_handler.log_command:Invoked command in '/ros2_ws/build/perception_msgs' returned '0': CMAKE_PREFIX_PATH=/opt/ros/foxy /usr/bin/cmake --build /ros2_ws/build/perception_msgs -- -j10 -l10
[26.966s] Level 1:colcon.colcon_core.environment:create_environment_scripts_only(localization_msgs)
[26.967s] Level 1:colcon.colcon_core.environment:checking '/ros2_ws/install/localization_msgs' for CMake module files
[26.967s] DEBUG:colcon.colcon_core.event_handler.log_command:Invoked command in '/ros2_ws/build/localization_msgs' returned '0': CMAKE_PREFIX_PATH=/opt/ros/foxy /usr/bin/cmake --install /ros2_ws/build/localization_msgs
[26.972s] Level 1:colcon.colcon_core.environment:checking '/ros2_ws/install/localization_msgs' for CMake config files
[26.975s] Level 1:colcon.colcon_core.shell:create_environment_hook('localization_msgs', 'cmake_prefix_path')
[26.977s] INFO:colcon.colcon_core.shell:Creating environment hook '/ros2_ws/install/localization_msgs/share/localization_msgs/hook/cmake_prefix_path.ps1'
[26.978s] INFO:colcon.colcon_core.shell:Creating environment descriptor '/ros2_ws/install/localization_msgs/share/localization_msgs/hook/cmake_prefix_path.dsv'
[26.979s] INFO:colcon.colcon_core.shell:Creating environment hook '/ros2_ws/install/localization_msgs/share/localization_msgs/hook/cmake_prefix_path.sh'
[26.980s] Level 1:colcon.colcon_core.environment:checking '/ros2_ws/install/localization_msgs/lib'
[26.981s] Level 1:colcon.colcon_core.shell:create_environment_hook('localization_msgs', 'ld_library_path_lib')
[26.981s] INFO:colcon.colcon_core.shell:Creating environment hook '/ros2_ws/install/localization_msgs/share/localization_msgs/hook/ld_library_path_lib.ps1'
[26.983s] INFO:colcon.colcon_core.shell:Creating environment descriptor '/ros2_ws/install/localization_msgs/share/localization_msgs/hook/ld_library_path_lib.dsv'
[26.984s] INFO:colcon.colcon_core.shell:Creating environment hook '/ros2_ws/install/localization_msgs/share/localization_msgs/hook/ld_library_path_lib.sh'
[26.986s] Level 1:colcon.colcon_core.environment:checking '/ros2_ws/install/localization_msgs/bin'
[26.986s] Level 1:colcon.colcon_core.environment:checking '/ros2_ws/install/localization_msgs/lib/pkgconfig/localization_msgs.pc'
[26.988s] Level 1:colcon.colcon_core.environment:checking '/ros2_ws/install/localization_msgs/lib/python3.8/site-packages'
[26.988s] Level 1:colcon.colcon_core.shell:create_environment_hook('localization_msgs', 'pythonpath')
[26.988s] INFO:colcon.colcon_core.shell:Creating environment hook '/ros2_ws/install/localization_msgs/share/localization_msgs/hook/pythonpath.ps1'
[26.991s] INFO:colcon.colcon_core.shell:Creating environment descriptor '/ros2_ws/install/localization_msgs/share/localization_msgs/hook/pythonpath.dsv'
[26.993s] INFO:colcon.colcon_core.shell:Creating environment hook '/ros2_ws/install/localization_msgs/share/localization_msgs/hook/pythonpath.sh'
[26.993s] Level 1:colcon.colcon_core.environment:checking '/ros2_ws/install/localization_msgs/bin'
[26.995s] INFO:colcon.colcon_core.shell:Creating package script '/ros2_ws/install/localization_msgs/share/localization_msgs/package.ps1'
[26.997s] INFO:colcon.colcon_core.shell:Creating package descriptor '/ros2_ws/install/localization_msgs/share/localization_msgs/package.dsv'
[26.998s] INFO:colcon.colcon_core.shell:Creating package script '/ros2_ws/install/localization_msgs/share/localization_msgs/package.sh'
[27.001s] INFO:colcon.colcon_core.shell:Creating package script '/ros2_ws/install/localization_msgs/share/localization_msgs/package.bash'
[27.002s] INFO:colcon.colcon_core.shell:Creating package script '/ros2_ws/install/localization_msgs/share/localization_msgs/package.zsh'
[27.003s] Level 1:colcon.colcon_core.environment:create_file_with_runtime_dependencies(/ros2_ws/install/localization_msgs/share/colcon-core/packages/localization_msgs)
[27.621s] DEBUG:colcon.colcon_core.event_handler.log_command:Invoked command in '/ros2_ws/build/planning_msgs' returned '0': CMAKE_PREFIX_PATH=/opt/ros/foxy /usr/bin/cmake --build /ros2_ws/build/planning_msgs -- -j10 -l10
[28.848s] Level 1:colcon.colcon_core.environment:create_environment_scripts_only(localization_msgs)
[28.850s] Level 1:colcon.colcon_core.environment:checking '/ros2_ws/install/localization_msgs' for CMake module files
[28.852s] Level 1:colcon.colcon_core.environment:checking '/ros2_ws/install/localization_msgs' for CMake config files
[28.854s] Level 1:colcon.colcon_core.shell:create_environment_hook('localization_msgs', 'cmake_prefix_path')
[28.855s] INFO:colcon.colcon_core.shell:Creating environment hook '/ros2_ws/install/localization_msgs/share/localization_msgs/hook/cmake_prefix_path.ps1'
[28.855s] INFO:colcon.colcon_core.shell:Creating environment descriptor '/ros2_ws/install/localization_msgs/share/localization_msgs/hook/cmake_prefix_path.dsv'
[28.856s] INFO:colcon.colcon_core.shell:Creating environment hook '/ros2_ws/install/localization_msgs/share/localization_msgs/hook/cmake_prefix_path.sh'
[28.856s] Level 1:colcon.colcon_core.environment:checking '/ros2_ws/install/localization_msgs/lib'
[28.857s] Level 1:colcon.colcon_core.shell:create_environment_hook('localization_msgs', 'ld_library_path_lib')
[28.858s] INFO:colcon.colcon_core.shell:Creating environment hook '/ros2_ws/install/localization_msgs/share/localization_msgs/hook/ld_library_path_lib.ps1'
[28.860s] INFO:colcon.colcon_core.shell:Creating environment descriptor '/ros2_ws/install/localization_msgs/share/localization_msgs/hook/ld_library_path_lib.dsv'
[28.861s] INFO:colcon.colcon_core.shell:Creating environment hook '/ros2_ws/install/localization_msgs/share/localization_msgs/hook/ld_library_path_lib.sh'
[28.862s] Level 1:colcon.colcon_core.environment:checking '/ros2_ws/install/localization_msgs/bin'
[28.862s] Level 1:colcon.colcon_core.environment:checking '/ros2_ws/install/localization_msgs/lib/pkgconfig/localization_msgs.pc'
[28.862s] Level 1:colcon.colcon_core.environment:checking '/ros2_ws/install/localization_msgs/lib/python3.8/site-packages'
[28.862s] Level 1:colcon.colcon_core.shell:create_environment_hook('localization_msgs', 'pythonpath')
[28.863s] INFO:colcon.colcon_core.shell:Creating environment hook '/ros2_ws/install/localization_msgs/share/localization_msgs/hook/pythonpath.ps1'
[28.866s] INFO:colcon.colcon_core.shell:Creating environment descriptor '/ros2_ws/install/localization_msgs/share/localization_msgs/hook/pythonpath.dsv'
[28.866s] INFO:colcon.colcon_core.shell:Creating environment hook '/ros2_ws/install/localization_msgs/share/localization_msgs/hook/pythonpath.sh'
[28.867s] Level 1:colcon.colcon_core.environment:checking '/ros2_ws/install/localization_msgs/bin'
[28.868s] INFO:colcon.colcon_core.shell:Creating package script '/ros2_ws/install/localization_msgs/share/localization_msgs/package.ps1'
[28.869s] INFO:colcon.colcon_core.shell:Creating package descriptor '/ros2_ws/install/localization_msgs/share/localization_msgs/package.dsv'
[28.869s] INFO:colcon.colcon_core.shell:Creating package script '/ros2_ws/install/localization_msgs/share/localization_msgs/package.sh'
[28.870s] INFO:colcon.colcon_core.shell:Creating package script '/ros2_ws/install/localization_msgs/share/localization_msgs/package.bash'
[28.870s] INFO:colcon.colcon_core.shell:Creating package script '/ros2_ws/install/localization_msgs/share/localization_msgs/package.zsh'
[28.870s] Level 1:colcon.colcon_core.environment:create_file_with_runtime_dependencies(/ros2_ws/install/localization_msgs/share/colcon-core/packages/localization_msgs)
[28.871s] INFO:colcon.colcon_ros.task.ament_python.build:Building ROS package in '/ros2_ws/src/localization' with build type 'ament_python'
[28.871s] Level 1:colcon.colcon_core.shell:create_environment_hook('localization', 'ament_prefix_path')
[28.872s] INFO:colcon.colcon_core.shell:Creating environment hook '/ros2_ws/install/localization/share/localization/hook/ament_prefix_path.ps1'
[28.874s] INFO:colcon.colcon_core.shell:Creating environment descriptor '/ros2_ws/install/localization/share/localization/hook/ament_prefix_path.dsv'
[28.879s] INFO:colcon.colcon_core.shell:Creating environment hook '/ros2_ws/install/localization/share/localization/hook/ament_prefix_path.sh'
[28.886s] INFO:colcon.colcon_core.shell:Skip shell extension 'powershell' for command environment: Not usable outside of PowerShell
[28.889s] DEBUG:colcon.colcon_core.shell:Skip shell extension 'dsv' for command environment
[29.149s] INFO:colcon.colcon_core.task.python.build:Building Python package in '/ros2_ws/src/localization'
[29.150s] INFO:colcon.colcon_core.shell:Skip shell extension 'powershell' for command environment: Not usable outside of PowerShell
[29.150s] DEBUG:colcon.colcon_core.shell:Skip shell extension 'dsv' for command environment
[29.491s] DEBUG:colcon.colcon_core.event_handler.log_command:Invoking command in '/ros2_ws/src/localization': AMENT_PREFIX_PATH=/ros2_ws/install/localization_msgs:${AMENT_PREFIX_PATH} CMAKE_PREFIX_PATH=/ros2_ws/install/localization_msgs LD_LIBRARY_PATH=/ros2_ws/install/localization_msgs/lib:${LD_LIBRARY_PATH} PYTHONPATH=/ros2_ws/build/localization/prefix_override:/ros2_ws/install/localization/lib/python3.8/site-packages:/ros2_ws/install/localization_msgs/lib/python3.8/site-packages:${PYTHONPATH} /usr/bin/python3 setup.py egg_info --egg-base ../../build/localization build --build-base /ros2_ws/build/localization/build install --record /ros2_ws/build/localization/install.log --single-version-externally-managed
[29.519s] DEBUG:colcon.colcon_core.event_handler.log_command:Invoking command in '/ros2_ws/build/perception_msgs': CMAKE_PREFIX_PATH=/opt/ros/foxy /usr/bin/cmake --install /ros2_ws/build/perception_msgs
[29.703s] DEBUG:colcon.colcon_core.event_handler.log_command:Invoked command in '/ros2_ws/src/localization' returned '1': AMENT_PREFIX_PATH=/ros2_ws/install/localization_msgs:${AMENT_PREFIX_PATH} CMAKE_PREFIX_PATH=/ros2_ws/install/localization_msgs LD_LIBRARY_PATH=/ros2_ws/install/localization_msgs/lib:${LD_LIBRARY_PATH} PYTHONPATH=/ros2_ws/build/localization/prefix_override:/ros2_ws/install/localization/lib/python3.8/site-packages:/ros2_ws/install/localization_msgs/lib/python3.8/site-packages:${PYTHONPATH} /usr/bin/python3 setup.py egg_info --egg-base ../../build/localization build --build-base /ros2_ws/build/localization/build install --record /ros2_ws/build/localization/install.log --single-version-externally-managed
[30.208s] DEBUG:colcon.colcon_parallel_executor.executor.parallel:closing loop
[30.208s] DEBUG:colcon.colcon_parallel_executor.executor.parallel:loop closed
[30.208s] DEBUG:colcon.colcon_parallel_executor.executor.parallel:run_until_complete finished with '1'
[30.208s] DEBUG:colcon.colcon_core.event_reactor:joining thread
[30.215s] INFO:colcon.colcon_core.plugin_system:Skipping extension 'colcon_notification.desktop_notification.notify_send': Could not find 'notify-send'
[30.215s] INFO:colcon.colcon_core.plugin_system:Skipping extension 'colcon_notification.desktop_notification.terminal_notifier': Not used on non-Darwin systems
[30.215s] INFO:colcon.colcon_core.plugin_system:Skipping extension 'colcon_notification.desktop_notification.win32': Not used on non-Windows systems
[30.215s] INFO:colcon.colcon_notification.desktop_notification:Sending desktop notification using 'notify2'
[30.216s] DEBUG:colcon.colcon_notification.desktop_notification.notify2:Failed to initialize notify2: org.freedesktop.DBus.Error.NotSupported: Unable to autolaunch a dbus-daemon without a $DISPLAY for X11
[30.216s] DEBUG:colcon.colcon_core.event_reactor:joined thread
[30.217s] INFO:colcon.colcon_core.shell:Creating prefix script '/ros2_ws/install/local_setup.ps1'
[30.218s] INFO:colcon.colcon_core.shell:Creating prefix util module '/ros2_ws/install/_local_setup_util_ps1.py'
[30.219s] INFO:colcon.colcon_core.shell:Creating prefix chain script '/ros2_ws/install/setup.ps1'
[30.220s] INFO:colcon.colcon_core.shell:Creating prefix script '/ros2_ws/install/local_setup.sh'
[30.221s] INFO:colcon.colcon_core.shell:Creating prefix util module '/ros2_ws/install/_local_setup_util_sh.py'
[30.221s] INFO:colcon.colcon_core.shell:Creating prefix chain script '/ros2_ws/install/setup.sh'
[30.222s] INFO:colcon.colcon_core.shell:Creating prefix script '/ros2_ws/install/local_setup.bash'
[30.222s] INFO:colcon.colcon_core.shell:Creating prefix chain script '/ros2_ws/install/setup.bash'
[30.223s] INFO:colcon.colcon_core.shell:Creating prefix script '/ros2_ws/install/local_setup.zsh'
[30.224s] INFO:colcon.colcon_core.shell:Creating prefix chain script '/ros2_ws/install/setup.zsh'
