[0.175s] DEBUG:colcon:Command line arguments: ['/usr/bin/colcon', 'build']
[0.176s] DEBUG:colcon:Parsed command line arguments: Namespace(ament_cmake_args=None, base_paths=['.'], build_base='build', catkin_cmake_args=None, catkin_skip_building_tests=False, cmake_args=None, cmake_clean_cache=False, cmake_clean_first=False, cmake_force_configure=False, cmake_target=None, cmake_target_skip_unavailable=False, continue_on_error=False, event_handlers=None, executor='parallel', ignore_user_meta=False, install_base='install', log_base=None, log_level=None, main=<bound method BuildVerb.main of <colcon_core.verb.build.BuildVerb object at 0x7ffffe3047f0>>, merge_install=False, metas=['./colcon.meta'], mixin=None, mixin_files=None, mixin_verb=('build',), packages_above=None, packages_above_and_dependencies=None, packages_above_depth=None, packages_end=None, packages_ignore=None, packages_ignore_regex=None, packages_select=None, packages_select_build_failed=False, packages_select_by_dep=None, packages_select_regex=None, packages_select_test_failures=False, packages_skip=None, packages_skip_build_finished=False, packages_skip_by_dep=None, packages_skip_regex=None, packages_skip_test_passed=False, packages_skip_up_to=None, packages_start=None, packages_up_to=None, packages_up_to_regex=None, parallel_workers=10, paths=None, symlink_install=False, test_result_base=None, verb_extension=<colcon_core.verb.build.BuildVerb object at 0x7ffffe3047f0>, verb_name='build', verb_parser=<colcon_mixin.mixin.mixin_argument.MixinArgumentDecorator object at 0x7ffffe304dc0>)
[0.194s] Level 1:colcon.colcon_core.package_discovery:discover_packages(colcon_meta) check parameters
[0.195s] INFO:colcon.colcon_metadata.package_discovery.colcon_meta:Using configuration from '/root/.colcon/metadata/default/Gazebo.meta'
[0.195s] INFO:colcon.colcon_metadata.package_discovery.colcon_meta:Using configuration from '/root/.colcon/metadata/default/fastdds.meta'
[0.195s] INFO:colcon.colcon_metadata.package_discovery.colcon_meta:Using configuration from '/root/.colcon/metadata/default/fastrtps.meta'
[0.196s] Level 1:colcon.colcon_core.package_discovery:discover_packages(recursive) check parameters
[0.196s] Level 1:colcon.colcon_core.package_discovery:discover_packages(ignore) check parameters
[0.196s] Level 1:colcon.colcon_core.package_discovery:discover_packages(path) check parameters
[0.196s] Level 1:colcon.colcon_core.package_discovery:discover_packages(colcon_meta) discover
[0.196s] Level 1:colcon.colcon_core.package_discovery:discover_packages(recursive) discover
[0.196s] INFO:colcon.colcon_core.package_discovery:Crawling recursively for packages in '/ros2_ws'
[0.196s] Level 1:colcon.colcon_core.package_identification:_identify(.) by extensions ['ignore', 'ignore_ament_install']
[0.196s] Level 1:colcon.colcon_core.package_identification:_identify(.) by extension 'ignore'
[0.196s] Level 1:colcon.colcon_core.package_identification:_identify(.) by extension 'ignore_ament_install'
[0.197s] Level 1:colcon.colcon_core.package_identification:_identify(.) by extensions ['colcon_pkg']
[0.197s] Level 1:colcon.colcon_core.package_identification:_identify(.) by extension 'colcon_pkg'
[0.197s] Level 1:colcon.colcon_core.package_identification:_identify(.) by extensions ['colcon_meta']
[0.197s] Level 1:colcon.colcon_core.package_identification:_identify(.) by extension 'colcon_meta'
[0.197s] Level 1:colcon.colcon_core.package_identification:_identify(.) by extensions ['ros']
[0.197s] Level 1:colcon.colcon_core.package_identification:_identify(.) by extension 'ros'
[0.208s] Level 1:colcon.colcon_core.package_identification:_identify(.) by extensions ['cmake', 'python']
[0.208s] Level 1:colcon.colcon_core.package_identification:_identify(.) by extension 'cmake'
[0.208s] Level 1:colcon.colcon_core.package_identification:_identify(.) by extension 'python'
[0.208s] Level 1:colcon.colcon_core.package_identification:_identify(.) by extensions ['python_setup_py']
[0.208s] Level 1:colcon.colcon_core.package_identification:_identify(.) by extension 'python_setup_py'
[0.209s] Level 1:colcon.colcon_core.package_identification:_identify(build) by extensions ['ignore', 'ignore_ament_install']
[0.209s] Level 1:colcon.colcon_core.package_identification:_identify(build) by extension 'ignore'
[0.209s] Level 1:colcon.colcon_core.package_identification:_identify(build) ignored
[0.209s] Level 1:colcon.colcon_core.package_identification:_identify(install) by extensions ['ignore', 'ignore_ament_install']
[0.209s] Level 1:colcon.colcon_core.package_identification:_identify(install) by extension 'ignore'
[0.209s] Level 1:colcon.colcon_core.package_identification:_identify(install) ignored
[0.210s] Level 1:colcon.colcon_core.package_identification:_identify(log) by extensions ['ignore', 'ignore_ament_install']
[0.210s] Level 1:colcon.colcon_core.package_identification:_identify(log) by extension 'ignore'
[0.210s] Level 1:colcon.colcon_core.package_identification:_identify(log) ignored
[0.210s] Level 1:colcon.colcon_core.package_identification:_identify(src) by extensions ['ignore', 'ignore_ament_install']
[0.210s] Level 1:colcon.colcon_core.package_identification:_identify(src) by extension 'ignore'
[0.210s] Level 1:colcon.colcon_core.package_identification:_identify(src) by extension 'ignore_ament_install'
[0.210s] Level 1:colcon.colcon_core.package_identification:_identify(src) by extensions ['colcon_pkg']
[0.210s] Level 1:colcon.colcon_core.package_identification:_identify(src) by extension 'colcon_pkg'
[0.210s] Level 1:colcon.colcon_core.package_identification:_identify(src) by extensions ['colcon_meta']
[0.210s] Level 1:colcon.colcon_core.package_identification:_identify(src) by extension 'colcon_meta'
[0.210s] Level 1:colcon.colcon_core.package_identification:_identify(src) by extensions ['ros']
[0.210s] Level 1:colcon.colcon_core.package_identification:_identify(src) by extension 'ros'
[0.211s] Level 1:colcon.colcon_core.package_identification:_identify(src) by extensions ['cmake', 'python']
[0.211s] Level 1:colcon.colcon_core.package_identification:_identify(src) by extension 'cmake'
[0.211s] Level 1:colcon.colcon_core.package_identification:_identify(src) by extension 'python'
[0.211s] Level 1:colcon.colcon_core.package_identification:_identify(src) by extensions ['python_setup_py']
[0.211s] Level 1:colcon.colcon_core.package_identification:_identify(src) by extension 'python_setup_py'
[0.211s] Level 1:colcon.colcon_core.package_identification:_identify(src/common_msgs) by extensions ['ignore', 'ignore_ament_install']
[0.211s] Level 1:colcon.colcon_core.package_identification:_identify(src/common_msgs) by extension 'ignore'
[0.211s] Level 1:colcon.colcon_core.package_identification:_identify(src/common_msgs) by extension 'ignore_ament_install'
[0.211s] Level 1:colcon.colcon_core.package_identification:_identify(src/common_msgs) by extensions ['colcon_pkg']
[0.211s] Level 1:colcon.colcon_core.package_identification:_identify(src/common_msgs) by extension 'colcon_pkg'
[0.211s] Level 1:colcon.colcon_core.package_identification:_identify(src/common_msgs) by extensions ['colcon_meta']
[0.211s] Level 1:colcon.colcon_core.package_identification:_identify(src/common_msgs) by extension 'colcon_meta'
[0.211s] Level 1:colcon.colcon_core.package_identification:_identify(src/common_msgs) by extensions ['ros']
[0.211s] Level 1:colcon.colcon_core.package_identification:_identify(src/common_msgs) by extension 'ros'
[0.216s] DEBUG:colcon.colcon_core.package_identification:Package 'src/common_msgs' with type 'ros.ament_cmake' and name 'common_msgs'
[0.216s] Level 1:colcon.colcon_core.package_identification:_identify(src/controller) by extensions ['ignore', 'ignore_ament_install']
[0.216s] Level 1:colcon.colcon_core.package_identification:_identify(src/controller) by extension 'ignore'
[0.216s] Level 1:colcon.colcon_core.package_identification:_identify(src/controller) by extension 'ignore_ament_install'
[0.216s] Level 1:colcon.colcon_core.package_identification:_identify(src/controller) by extensions ['colcon_pkg']
[0.216s] Level 1:colcon.colcon_core.package_identification:_identify(src/controller) by extension 'colcon_pkg'
[0.216s] Level 1:colcon.colcon_core.package_identification:_identify(src/controller) by extensions ['colcon_meta']
[0.216s] Level 1:colcon.colcon_core.package_identification:_identify(src/controller) by extension 'colcon_meta'
[0.216s] Level 1:colcon.colcon_core.package_identification:_identify(src/controller) by extensions ['ros']
[0.216s] Level 1:colcon.colcon_core.package_identification:_identify(src/controller) by extension 'ros'
[0.218s] DEBUG:colcon.colcon_core.package_identification:Package 'src/controller' with type 'ros.ament_python' and name 'cengaver_controller'
[0.218s] Level 1:colcon.colcon_core.package_identification:_identify(src/fsm) by extensions ['ignore', 'ignore_ament_install']
[0.218s] Level 1:colcon.colcon_core.package_identification:_identify(src/fsm) by extension 'ignore'
[0.218s] Level 1:colcon.colcon_core.package_identification:_identify(src/fsm) by extension 'ignore_ament_install'
[0.218s] Level 1:colcon.colcon_core.package_identification:_identify(src/fsm) by extensions ['colcon_pkg']
[0.218s] Level 1:colcon.colcon_core.package_identification:_identify(src/fsm) by extension 'colcon_pkg'
[0.218s] Level 1:colcon.colcon_core.package_identification:_identify(src/fsm) by extensions ['colcon_meta']
[0.218s] Level 1:colcon.colcon_core.package_identification:_identify(src/fsm) by extension 'colcon_meta'
[0.218s] Level 1:colcon.colcon_core.package_identification:_identify(src/fsm) by extensions ['ros']
[0.218s] Level 1:colcon.colcon_core.package_identification:_identify(src/fsm) by extension 'ros'
[0.219s] DEBUG:colcon.colcon_core.package_identification:Package 'src/fsm' with type 'ros.ament_python' and name 'fsm'
[0.219s] Level 1:colcon.colcon_core.package_identification:_identify(src/fsm_msgs) by extensions ['ignore', 'ignore_ament_install']
[0.219s] Level 1:colcon.colcon_core.package_identification:_identify(src/fsm_msgs) by extension 'ignore'
[0.219s] Level 1:colcon.colcon_core.package_identification:_identify(src/fsm_msgs) by extension 'ignore_ament_install'
[0.219s] Level 1:colcon.colcon_core.package_identification:_identify(src/fsm_msgs) by extensions ['colcon_pkg']
[0.219s] Level 1:colcon.colcon_core.package_identification:_identify(src/fsm_msgs) by extension 'colcon_pkg'
[0.220s] Level 1:colcon.colcon_core.package_identification:_identify(src/fsm_msgs) by extensions ['colcon_meta']
[0.220s] Level 1:colcon.colcon_core.package_identification:_identify(src/fsm_msgs) by extension 'colcon_meta'
[0.220s] Level 1:colcon.colcon_core.package_identification:_identify(src/fsm_msgs) by extensions ['ros']
[0.220s] Level 1:colcon.colcon_core.package_identification:_identify(src/fsm_msgs) by extension 'ros'
[0.220s] DEBUG:colcon.colcon_core.package_identification:Package 'src/fsm_msgs' with type 'ros.ament_cmake' and name 'fsm_msgs'
[0.221s] Level 1:colcon.colcon_core.package_identification:_identify(src/localization) by extensions ['ignore', 'ignore_ament_install']
[0.221s] Level 1:colcon.colcon_core.package_identification:_identify(src/localization) by extension 'ignore'
[0.221s] Level 1:colcon.colcon_core.package_identification:_identify(src/localization) by extension 'ignore_ament_install'
[0.221s] Level 1:colcon.colcon_core.package_identification:_identify(src/localization) by extensions ['colcon_pkg']
[0.221s] Level 1:colcon.colcon_core.package_identification:_identify(src/localization) by extension 'colcon_pkg'
[0.221s] Level 1:colcon.colcon_core.package_identification:_identify(src/localization) by extensions ['colcon_meta']
[0.221s] Level 1:colcon.colcon_core.package_identification:_identify(src/localization) by extension 'colcon_meta'
[0.221s] Level 1:colcon.colcon_core.package_identification:_identify(src/localization) by extensions ['ros']
[0.221s] Level 1:colcon.colcon_core.package_identification:_identify(src/localization) by extension 'ros'
[0.222s] DEBUG:colcon.colcon_core.package_identification:Package 'src/localization' with type 'ros.ament_python' and name 'localization'
[0.222s] Level 1:colcon.colcon_core.package_identification:_identify(src/localization_msgs) by extensions ['ignore', 'ignore_ament_install']
[0.222s] Level 1:colcon.colcon_core.package_identification:_identify(src/localization_msgs) by extension 'ignore'
[0.222s] Level 1:colcon.colcon_core.package_identification:_identify(src/localization_msgs) by extension 'ignore_ament_install'
[0.222s] Level 1:colcon.colcon_core.package_identification:_identify(src/localization_msgs) by extensions ['colcon_pkg']
[0.222s] Level 1:colcon.colcon_core.package_identification:_identify(src/localization_msgs) by extension 'colcon_pkg'
[0.222s] Level 1:colcon.colcon_core.package_identification:_identify(src/localization_msgs) by extensions ['colcon_meta']
[0.222s] Level 1:colcon.colcon_core.package_identification:_identify(src/localization_msgs) by extension 'colcon_meta'
[0.223s] Level 1:colcon.colcon_core.package_identification:_identify(src/localization_msgs) by extensions ['ros']
[0.223s] Level 1:colcon.colcon_core.package_identification:_identify(src/localization_msgs) by extension 'ros'
[0.223s] DEBUG:colcon.colcon_core.package_identification:Package 'src/localization_msgs' with type 'ros.ament_cmake' and name 'localization_msgs'
[0.223s] Level 1:colcon.colcon_core.package_identification:_identify(src/perception) by extensions ['ignore', 'ignore_ament_install']
[0.224s] Level 1:colcon.colcon_core.package_identification:_identify(src/perception) by extension 'ignore'
[0.224s] Level 1:colcon.colcon_core.package_identification:_identify(src/perception) by extension 'ignore_ament_install'
[0.224s] Level 1:colcon.colcon_core.package_identification:_identify(src/perception) by extensions ['colcon_pkg']
[0.224s] Level 1:colcon.colcon_core.package_identification:_identify(src/perception) by extension 'colcon_pkg'
[0.224s] Level 1:colcon.colcon_core.package_identification:_identify(src/perception) by extensions ['colcon_meta']
[0.224s] Level 1:colcon.colcon_core.package_identification:_identify(src/perception) by extension 'colcon_meta'
[0.224s] Level 1:colcon.colcon_core.package_identification:_identify(src/perception) by extensions ['ros']
[0.224s] Level 1:colcon.colcon_core.package_identification:_identify(src/perception) by extension 'ros'
[0.225s] DEBUG:colcon.colcon_core.package_identification:Package 'src/perception' with type 'ros.ament_python' and name 'perception'
[0.225s] Level 1:colcon.colcon_core.package_identification:_identify(src/perception_msgs) by extensions ['ignore', 'ignore_ament_install']
[0.225s] Level 1:colcon.colcon_core.package_identification:_identify(src/perception_msgs) by extension 'ignore'
[0.225s] Level 1:colcon.colcon_core.package_identification:_identify(src/perception_msgs) by extension 'ignore_ament_install'
[0.225s] Level 1:colcon.colcon_core.package_identification:_identify(src/perception_msgs) by extensions ['colcon_pkg']
[0.225s] Level 1:colcon.colcon_core.package_identification:_identify(src/perception_msgs) by extension 'colcon_pkg'
[0.225s] Level 1:colcon.colcon_core.package_identification:_identify(src/perception_msgs) by extensions ['colcon_meta']
[0.225s] Level 1:colcon.colcon_core.package_identification:_identify(src/perception_msgs) by extension 'colcon_meta'
[0.225s] Level 1:colcon.colcon_core.package_identification:_identify(src/perception_msgs) by extensions ['ros']
[0.225s] Level 1:colcon.colcon_core.package_identification:_identify(src/perception_msgs) by extension 'ros'
[0.226s] DEBUG:colcon.colcon_core.package_identification:Package 'src/perception_msgs' with type 'ros.ament_cmake' and name 'perception_msgs'
[0.226s] Level 1:colcon.colcon_core.package_identification:_identify(src/planning) by extensions ['ignore', 'ignore_ament_install']
[0.226s] Level 1:colcon.colcon_core.package_identification:_identify(src/planning) by extension 'ignore'
[0.226s] Level 1:colcon.colcon_core.package_identification:_identify(src/planning) by extension 'ignore_ament_install'
[0.226s] Level 1:colcon.colcon_core.package_identification:_identify(src/planning) by extensions ['colcon_pkg']
[0.226s] Level 1:colcon.colcon_core.package_identification:_identify(src/planning) by extension 'colcon_pkg'
[0.226s] Level 1:colcon.colcon_core.package_identification:_identify(src/planning) by extensions ['colcon_meta']
[0.226s] Level 1:colcon.colcon_core.package_identification:_identify(src/planning) by extension 'colcon_meta'
[0.226s] Level 1:colcon.colcon_core.package_identification:_identify(src/planning) by extensions ['ros']
[0.227s] Level 1:colcon.colcon_core.package_identification:_identify(src/planning) by extension 'ros'
[0.228s] DEBUG:colcon.colcon_core.package_identification:Package 'src/planning' with type 'ros.ament_python' and name 'planning'
[0.228s] Level 1:colcon.colcon_core.package_identification:_identify(src/planning_msgs) by extensions ['ignore', 'ignore_ament_install']
[0.228s] Level 1:colcon.colcon_core.package_identification:_identify(src/planning_msgs) by extension 'ignore'
[0.228s] Level 1:colcon.colcon_core.package_identification:_identify(src/planning_msgs) by extension 'ignore_ament_install'
[0.228s] Level 1:colcon.colcon_core.package_identification:_identify(src/planning_msgs) by extensions ['colcon_pkg']
[0.228s] Level 1:colcon.colcon_core.package_identification:_identify(src/planning_msgs) by extension 'colcon_pkg'
[0.228s] Level 1:colcon.colcon_core.package_identification:_identify(src/planning_msgs) by extensions ['colcon_meta']
[0.228s] Level 1:colcon.colcon_core.package_identification:_identify(src/planning_msgs) by extension 'colcon_meta'
[0.228s] Level 1:colcon.colcon_core.package_identification:_identify(src/planning_msgs) by extensions ['ros']
[0.228s] Level 1:colcon.colcon_core.package_identification:_identify(src/planning_msgs) by extension 'ros'
[0.229s] DEBUG:colcon.colcon_core.package_identification:Package 'src/planning_msgs' with type 'ros.ament_cmake' and name 'planning_msgs'
[0.229s] Level 1:colcon.colcon_core.package_discovery:discover_packages(recursive) using defaults
[0.229s] Level 1:colcon.colcon_core.package_discovery:discover_packages(ignore) discover
[0.229s] Level 1:colcon.colcon_core.package_discovery:discover_packages(ignore) using defaults
[0.229s] Level 1:colcon.colcon_core.package_discovery:discover_packages(path) discover
[0.229s] Level 1:colcon.colcon_core.package_discovery:discover_packages(path) using defaults
[0.243s] Level 5:colcon.colcon_core.verb:set package 'common_msgs' build argument 'cmake_args' from command line to 'None'
[0.243s] Level 5:colcon.colcon_core.verb:set package 'common_msgs' build argument 'cmake_target' from command line to 'None'
[0.243s] Level 5:colcon.colcon_core.verb:set package 'common_msgs' build argument 'cmake_target_skip_unavailable' from command line to 'False'
[0.243s] Level 5:colcon.colcon_core.verb:set package 'common_msgs' build argument 'cmake_clean_cache' from command line to 'False'
[0.243s] Level 5:colcon.colcon_core.verb:set package 'common_msgs' build argument 'cmake_clean_first' from command line to 'False'
[0.243s] Level 5:colcon.colcon_core.verb:set package 'common_msgs' build argument 'cmake_force_configure' from command line to 'False'
[0.243s] Level 5:colcon.colcon_core.verb:set package 'common_msgs' build argument 'ament_cmake_args' from command line to 'None'
[0.243s] Level 5:colcon.colcon_core.verb:set package 'common_msgs' build argument 'catkin_cmake_args' from command line to 'None'
[0.243s] Level 5:colcon.colcon_core.verb:set package 'common_msgs' build argument 'catkin_skip_building_tests' from command line to 'False'
[0.243s] DEBUG:colcon.colcon_core.verb:Building package 'common_msgs' with the following arguments: {'ament_cmake_args': None, 'build_base': '/ros2_ws/build/common_msgs', 'catkin_cmake_args': None, 'catkin_skip_building_tests': False, 'cmake_args': None, 'cmake_clean_cache': False, 'cmake_clean_first': False, 'cmake_force_configure': False, 'cmake_target': None, 'cmake_target_skip_unavailable': False, 'install_base': '/ros2_ws/install/common_msgs', 'merge_install': False, 'path': '/ros2_ws/src/common_msgs', 'symlink_install': False, 'test_result_base': None}
[0.244s] Level 5:colcon.colcon_core.verb:set package 'fsm_msgs' build argument 'cmake_args' from command line to 'None'
[0.244s] Level 5:colcon.colcon_core.verb:set package 'fsm_msgs' build argument 'cmake_target' from command line to 'None'
[0.244s] Level 5:colcon.colcon_core.verb:set package 'fsm_msgs' build argument 'cmake_target_skip_unavailable' from command line to 'False'
[0.244s] Level 5:colcon.colcon_core.verb:set package 'fsm_msgs' build argument 'cmake_clean_cache' from command line to 'False'
[0.244s] Level 5:colcon.colcon_core.verb:set package 'fsm_msgs' build argument 'cmake_clean_first' from command line to 'False'
[0.244s] Level 5:colcon.colcon_core.verb:set package 'fsm_msgs' build argument 'cmake_force_configure' from command line to 'False'
[0.244s] Level 5:colcon.colcon_core.verb:set package 'fsm_msgs' build argument 'ament_cmake_args' from command line to 'None'
[0.244s] Level 5:colcon.colcon_core.verb:set package 'fsm_msgs' build argument 'catkin_cmake_args' from command line to 'None'
[0.244s] Level 5:colcon.colcon_core.verb:set package 'fsm_msgs' build argument 'catkin_skip_building_tests' from command line to 'False'
[0.244s] DEBUG:colcon.colcon_core.verb:Building package 'fsm_msgs' with the following arguments: {'ament_cmake_args': None, 'build_base': '/ros2_ws/build/fsm_msgs', 'catkin_cmake_args': None, 'catkin_skip_building_tests': False, 'cmake_args': None, 'cmake_clean_cache': False, 'cmake_clean_first': False, 'cmake_force_configure': False, 'cmake_target': None, 'cmake_target_skip_unavailable': False, 'install_base': '/ros2_ws/install/fsm_msgs', 'merge_install': False, 'path': '/ros2_ws/src/fsm_msgs', 'symlink_install': False, 'test_result_base': None}
[0.244s] Level 5:colcon.colcon_core.verb:set package 'localization_msgs' build argument 'cmake_args' from command line to 'None'
[0.244s] Level 5:colcon.colcon_core.verb:set package 'localization_msgs' build argument 'cmake_target' from command line to 'None'
[0.244s] Level 5:colcon.colcon_core.verb:set package 'localization_msgs' build argument 'cmake_target_skip_unavailable' from command line to 'False'
[0.244s] Level 5:colcon.colcon_core.verb:set package 'localization_msgs' build argument 'cmake_clean_cache' from command line to 'False'
[0.244s] Level 5:colcon.colcon_core.verb:set package 'localization_msgs' build argument 'cmake_clean_first' from command line to 'False'
[0.244s] Level 5:colcon.colcon_core.verb:set package 'localization_msgs' build argument 'cmake_force_configure' from command line to 'False'
[0.245s] Level 5:colcon.colcon_core.verb:set package 'localization_msgs' build argument 'ament_cmake_args' from command line to 'None'
[0.245s] Level 5:colcon.colcon_core.verb:set package 'localization_msgs' build argument 'catkin_cmake_args' from command line to 'None'
[0.245s] Level 5:colcon.colcon_core.verb:set package 'localization_msgs' build argument 'catkin_skip_building_tests' from command line to 'False'
[0.245s] DEBUG:colcon.colcon_core.verb:Building package 'localization_msgs' with the following arguments: {'ament_cmake_args': None, 'build_base': '/ros2_ws/build/localization_msgs', 'catkin_cmake_args': None, 'catkin_skip_building_tests': False, 'cmake_args': None, 'cmake_clean_cache': False, 'cmake_clean_first': False, 'cmake_force_configure': False, 'cmake_target': None, 'cmake_target_skip_unavailable': False, 'install_base': '/ros2_ws/install/localization_msgs', 'merge_install': False, 'path': '/ros2_ws/src/localization_msgs', 'symlink_install': False, 'test_result_base': None}
[0.245s] Level 5:colcon.colcon_core.verb:set package 'perception_msgs' build argument 'cmake_args' from command line to 'None'
[0.245s] Level 5:colcon.colcon_core.verb:set package 'perception_msgs' build argument 'cmake_target' from command line to 'None'
[0.245s] Level 5:colcon.colcon_core.verb:set package 'perception_msgs' build argument 'cmake_target_skip_unavailable' from command line to 'False'
[0.245s] Level 5:colcon.colcon_core.verb:set package 'perception_msgs' build argument 'cmake_clean_cache' from command line to 'False'
[0.245s] Level 5:colcon.colcon_core.verb:set package 'perception_msgs' build argument 'cmake_clean_first' from command line to 'False'
[0.245s] Level 5:colcon.colcon_core.verb:set package 'perception_msgs' build argument 'cmake_force_configure' from command line to 'False'
[0.245s] Level 5:colcon.colcon_core.verb:set package 'perception_msgs' build argument 'ament_cmake_args' from command line to 'None'
[0.245s] Level 5:colcon.colcon_core.verb:set package 'perception_msgs' build argument 'catkin_cmake_args' from command line to 'None'
[0.245s] Level 5:colcon.colcon_core.verb:set package 'perception_msgs' build argument 'catkin_skip_building_tests' from command line to 'False'
[0.245s] DEBUG:colcon.colcon_core.verb:Building package 'perception_msgs' with the following arguments: {'ament_cmake_args': None, 'build_base': '/ros2_ws/build/perception_msgs', 'catkin_cmake_args': None, 'catkin_skip_building_tests': False, 'cmake_args': None, 'cmake_clean_cache': False, 'cmake_clean_first': False, 'cmake_force_configure': False, 'cmake_target': None, 'cmake_target_skip_unavailable': False, 'install_base': '/ros2_ws/install/perception_msgs', 'merge_install': False, 'path': '/ros2_ws/src/perception_msgs', 'symlink_install': False, 'test_result_base': None}
[0.246s] Level 5:colcon.colcon_core.verb:set package 'planning_msgs' build argument 'cmake_args' from command line to 'None'
[0.246s] Level 5:colcon.colcon_core.verb:set package 'planning_msgs' build argument 'cmake_target' from command line to 'None'
[0.246s] Level 5:colcon.colcon_core.verb:set package 'planning_msgs' build argument 'cmake_target_skip_unavailable' from command line to 'False'
[0.246s] Level 5:colcon.colcon_core.verb:set package 'planning_msgs' build argument 'cmake_clean_cache' from command line to 'False'
[0.246s] Level 5:colcon.colcon_core.verb:set package 'planning_msgs' build argument 'cmake_clean_first' from command line to 'False'
[0.246s] Level 5:colcon.colcon_core.verb:set package 'planning_msgs' build argument 'cmake_force_configure' from command line to 'False'
[0.246s] Level 5:colcon.colcon_core.verb:set package 'planning_msgs' build argument 'ament_cmake_args' from command line to 'None'
[0.246s] Level 5:colcon.colcon_core.verb:set package 'planning_msgs' build argument 'catkin_cmake_args' from command line to 'None'
[0.246s] Level 5:colcon.colcon_core.verb:set package 'planning_msgs' build argument 'catkin_skip_building_tests' from command line to 'False'
[0.246s] DEBUG:colcon.colcon_core.verb:Building package 'planning_msgs' with the following arguments: {'ament_cmake_args': None, 'build_base': '/ros2_ws/build/planning_msgs', 'catkin_cmake_args': None, 'catkin_skip_building_tests': False, 'cmake_args': None, 'cmake_clean_cache': False, 'cmake_clean_first': False, 'cmake_force_configure': False, 'cmake_target': None, 'cmake_target_skip_unavailable': False, 'install_base': '/ros2_ws/install/planning_msgs', 'merge_install': False, 'path': '/ros2_ws/src/planning_msgs', 'symlink_install': False, 'test_result_base': None}
[0.246s] Level 5:colcon.colcon_core.verb:set package 'cengaver_controller' build argument 'cmake_args' from command line to 'None'
[0.247s] Level 5:colcon.colcon_core.verb:set package 'cengaver_controller' build argument 'cmake_target' from command line to 'None'
[0.247s] Level 5:colcon.colcon_core.verb:set package 'cengaver_controller' build argument 'cmake_target_skip_unavailable' from command line to 'False'
[0.247s] Level 5:colcon.colcon_core.verb:set package 'cengaver_controller' build argument 'cmake_clean_cache' from command line to 'False'
[0.247s] Level 5:colcon.colcon_core.verb:set package 'cengaver_controller' build argument 'cmake_clean_first' from command line to 'False'
[0.247s] Level 5:colcon.colcon_core.verb:set package 'cengaver_controller' build argument 'cmake_force_configure' from command line to 'False'
[0.247s] Level 5:colcon.colcon_core.verb:set package 'cengaver_controller' build argument 'ament_cmake_args' from command line to 'None'
[0.247s] Level 5:colcon.colcon_core.verb:set package 'cengaver_controller' build argument 'catkin_cmake_args' from command line to 'None'
[0.247s] Level 5:colcon.colcon_core.verb:set package 'cengaver_controller' build argument 'catkin_skip_building_tests' from command line to 'False'
[0.247s] DEBUG:colcon.colcon_core.verb:Building package 'cengaver_controller' with the following arguments: {'ament_cmake_args': None, 'build_base': '/ros2_ws/build/cengaver_controller', 'catkin_cmake_args': None, 'catkin_skip_building_tests': False, 'cmake_args': None, 'cmake_clean_cache': False, 'cmake_clean_first': False, 'cmake_force_configure': False, 'cmake_target': None, 'cmake_target_skip_unavailable': False, 'install_base': '/ros2_ws/install/cengaver_controller', 'merge_install': False, 'path': '/ros2_ws/src/controller', 'symlink_install': False, 'test_result_base': None}
[0.247s] Level 5:colcon.colcon_core.verb:set package 'fsm' build argument 'cmake_args' from command line to 'None'
[0.247s] Level 5:colcon.colcon_core.verb:set package 'fsm' build argument 'cmake_target' from command line to 'None'
[0.247s] Level 5:colcon.colcon_core.verb:set package 'fsm' build argument 'cmake_target_skip_unavailable' from command line to 'False'
[0.247s] Level 5:colcon.colcon_core.verb:set package 'fsm' build argument 'cmake_clean_cache' from command line to 'False'
[0.247s] Level 5:colcon.colcon_core.verb:set package 'fsm' build argument 'cmake_clean_first' from command line to 'False'
[0.247s] Level 5:colcon.colcon_core.verb:set package 'fsm' build argument 'cmake_force_configure' from command line to 'False'
[0.247s] Level 5:colcon.colcon_core.verb:set package 'fsm' build argument 'ament_cmake_args' from command line to 'None'
[0.247s] Level 5:colcon.colcon_core.verb:set package 'fsm' build argument 'catkin_cmake_args' from command line to 'None'
[0.247s] Level 5:colcon.colcon_core.verb:set package 'fsm' build argument 'catkin_skip_building_tests' from command line to 'False'
[0.247s] DEBUG:colcon.colcon_core.verb:Building package 'fsm' with the following arguments: {'ament_cmake_args': None, 'build_base': '/ros2_ws/build/fsm', 'catkin_cmake_args': None, 'catkin_skip_building_tests': False, 'cmake_args': None, 'cmake_clean_cache': False, 'cmake_clean_first': False, 'cmake_force_configure': False, 'cmake_target': None, 'cmake_target_skip_unavailable': False, 'install_base': '/ros2_ws/install/fsm', 'merge_install': False, 'path': '/ros2_ws/src/fsm', 'symlink_install': False, 'test_result_base': None}
[0.248s] Level 5:colcon.colcon_core.verb:set package 'localization' build argument 'cmake_args' from command line to 'None'
[0.248s] Level 5:colcon.colcon_core.verb:set package 'localization' build argument 'cmake_target' from command line to 'None'
[0.248s] Level 5:colcon.colcon_core.verb:set package 'localization' build argument 'cmake_target_skip_unavailable' from command line to 'False'
[0.248s] Level 5:colcon.colcon_core.verb:set package 'localization' build argument 'cmake_clean_cache' from command line to 'False'
[0.248s] Level 5:colcon.colcon_core.verb:set package 'localization' build argument 'cmake_clean_first' from command line to 'False'
[0.248s] Level 5:colcon.colcon_core.verb:set package 'localization' build argument 'cmake_force_configure' from command line to 'False'
[0.248s] Level 5:colcon.colcon_core.verb:set package 'localization' build argument 'ament_cmake_args' from command line to 'None'
[0.248s] Level 5:colcon.colcon_core.verb:set package 'localization' build argument 'catkin_cmake_args' from command line to 'None'
[0.248s] Level 5:colcon.colcon_core.verb:set package 'localization' build argument 'catkin_skip_building_tests' from command line to 'False'
[0.248s] DEBUG:colcon.colcon_core.verb:Building package 'localization' with the following arguments: {'ament_cmake_args': None, 'build_base': '/ros2_ws/build/localization', 'catkin_cmake_args': None, 'catkin_skip_building_tests': False, 'cmake_args': None, 'cmake_clean_cache': False, 'cmake_clean_first': False, 'cmake_force_configure': False, 'cmake_target': None, 'cmake_target_skip_unavailable': False, 'install_base': '/ros2_ws/install/localization', 'merge_install': False, 'path': '/ros2_ws/src/localization', 'symlink_install': False, 'test_result_base': None}
[0.249s] Level 5:colcon.colcon_core.verb:set package 'perception' build argument 'cmake_args' from command line to 'None'
[0.249s] Level 5:colcon.colcon_core.verb:set package 'perception' build argument 'cmake_target' from command line to 'None'
[0.249s] Level 5:colcon.colcon_core.verb:set package 'perception' build argument 'cmake_target_skip_unavailable' from command line to 'False'
[0.249s] Level 5:colcon.colcon_core.verb:set package 'perception' build argument 'cmake_clean_cache' from command line to 'False'
[0.249s] Level 5:colcon.colcon_core.verb:set package 'perception' build argument 'cmake_clean_first' from command line to 'False'
[0.249s] Level 5:colcon.colcon_core.verb:set package 'perception' build argument 'cmake_force_configure' from command line to 'False'
[0.249s] Level 5:colcon.colcon_core.verb:set package 'perception' build argument 'ament_cmake_args' from command line to 'None'
[0.249s] Level 5:colcon.colcon_core.verb:set package 'perception' build argument 'catkin_cmake_args' from command line to 'None'
[0.249s] Level 5:colcon.colcon_core.verb:set package 'perception' build argument 'catkin_skip_building_tests' from command line to 'False'
[0.249s] DEBUG:colcon.colcon_core.verb:Building package 'perception' with the following arguments: {'ament_cmake_args': None, 'build_base': '/ros2_ws/build/perception', 'catkin_cmake_args': None, 'catkin_skip_building_tests': False, 'cmake_args': None, 'cmake_clean_cache': False, 'cmake_clean_first': False, 'cmake_force_configure': False, 'cmake_target': None, 'cmake_target_skip_unavailable': False, 'install_base': '/ros2_ws/install/perception', 'merge_install': False, 'path': '/ros2_ws/src/perception', 'symlink_install': False, 'test_result_base': None}
[0.249s] Level 5:colcon.colcon_core.verb:set package 'planning' build argument 'cmake_args' from command line to 'None'
[0.249s] Level 5:colcon.colcon_core.verb:set package 'planning' build argument 'cmake_target' from command line to 'None'
[0.249s] Level 5:colcon.colcon_core.verb:set package 'planning' build argument 'cmake_target_skip_unavailable' from command line to 'False'
[0.249s] Level 5:colcon.colcon_core.verb:set package 'planning' build argument 'cmake_clean_cache' from command line to 'False'
[0.249s] Level 5:colcon.colcon_core.verb:set package 'planning' build argument 'cmake_clean_first' from command line to 'False'
[0.249s] Level 5:colcon.colcon_core.verb:set package 'planning' build argument 'cmake_force_configure' from command line to 'False'
[0.249s] Level 5:colcon.colcon_core.verb:set package 'planning' build argument 'ament_cmake_args' from command line to 'None'
[0.249s] Level 5:colcon.colcon_core.verb:set package 'planning' build argument 'catkin_cmake_args' from command line to 'None'
[0.250s] Level 5:colcon.colcon_core.verb:set package 'planning' build argument 'catkin_skip_building_tests' from command line to 'False'
[0.250s] DEBUG:colcon.colcon_core.verb:Building package 'planning' with the following arguments: {'ament_cmake_args': None, 'build_base': '/ros2_ws/build/planning', 'catkin_cmake_args': None, 'catkin_skip_building_tests': False, 'cmake_args': None, 'cmake_clean_cache': False, 'cmake_clean_first': False, 'cmake_force_configure': False, 'cmake_target': None, 'cmake_target_skip_unavailable': False, 'install_base': '/ros2_ws/install/planning', 'merge_install': False, 'path': '/ros2_ws/src/planning', 'symlink_install': False, 'test_result_base': None}
[0.250s] INFO:colcon.colcon_core.executor:Executing jobs using 'parallel' executor
[0.253s] DEBUG:colcon.colcon_parallel_executor.executor.parallel:run_until_complete
[0.254s] INFO:colcon.colcon_ros.task.ament_cmake.build:Building ROS package in '/ros2_ws/src/planning_msgs' with build type 'ament_cmake'
[0.254s] INFO:colcon.colcon_cmake.task.cmake.build:Building CMake package in '/ros2_ws/src/planning_msgs'
[0.258s] INFO:colcon.colcon_core.plugin_system:Skipping extension 'colcon_core.shell.bat': Not used on non-Windows systems
[0.258s] INFO:colcon.colcon_core.shell:Skip shell extension 'powershell' for command environment: Not usable outside of PowerShell
[0.258s] DEBUG:colcon.colcon_core.shell:Skip shell extension 'dsv' for command environment
[0.264s] INFO:colcon.colcon_ros.task.ament_cmake.build:Building ROS package in '/ros2_ws/src/common_msgs' with build type 'ament_cmake'
[0.264s] INFO:colcon.colcon_cmake.task.cmake.build:Building CMake package in '/ros2_ws/src/common_msgs'
[0.266s] INFO:colcon.colcon_core.shell:Skip shell extension 'powershell' for command environment: Not usable outside of PowerShell
[0.266s] DEBUG:colcon.colcon_core.shell:Skip shell extension 'dsv' for command environment
[0.270s] INFO:colcon.colcon_ros.task.ament_cmake.build:Building ROS package in '/ros2_ws/src/fsm_msgs' with build type 'ament_cmake'
[0.270s] INFO:colcon.colcon_cmake.task.cmake.build:Building CMake package in '/ros2_ws/src/fsm_msgs'
[0.272s] INFO:colcon.colcon_core.shell:Skip shell extension 'powershell' for command environment: Not usable outside of PowerShell
[0.272s] DEBUG:colcon.colcon_core.shell:Skip shell extension 'dsv' for command environment
[0.277s] INFO:colcon.colcon_ros.task.ament_cmake.build:Building ROS package in '/ros2_ws/src/localization_msgs' with build type 'ament_cmake'
[0.278s] INFO:colcon.colcon_cmake.task.cmake.build:Building CMake package in '/ros2_ws/src/localization_msgs'
[0.279s] INFO:colcon.colcon_core.shell:Skip shell extension 'powershell' for command environment: Not usable outside of PowerShell
[0.279s] DEBUG:colcon.colcon_core.shell:Skip shell extension 'dsv' for command environment
[0.285s] INFO:colcon.colcon_ros.task.ament_cmake.build:Building ROS package in '/ros2_ws/src/perception_msgs' with build type 'ament_cmake'
[0.286s] INFO:colcon.colcon_cmake.task.cmake.build:Building CMake package in '/ros2_ws/src/perception_msgs'
[0.289s] INFO:colcon.colcon_core.shell:Skip shell extension 'powershell' for command environment: Not usable outside of PowerShell
[0.291s] DEBUG:colcon.colcon_core.shell:Skip shell extension 'dsv' for command environment
[0.315s] DEBUG:colcon.colcon_core.event_handler.log_command:Invoking command in '/ros2_ws/build/planning_msgs': CMAKE_PREFIX_PATH=/opt/ros/foxy /usr/bin/cmake --build /ros2_ws/build/planning_msgs -- -j10 -l10
[0.325s] DEBUG:colcon.colcon_core.event_handler.log_command:Invoking command in '/ros2_ws/build/common_msgs': CMAKE_PREFIX_PATH=/opt/ros/foxy /usr/bin/cmake --build /ros2_ws/build/common_msgs -- -j10 -l10
[0.334s] DEBUG:colcon.colcon_core.event_handler.log_command:Invoking command in '/ros2_ws/build/fsm_msgs': CMAKE_PREFIX_PATH=/opt/ros/foxy /usr/bin/cmake --build /ros2_ws/build/fsm_msgs -- -j10 -l10
[0.341s] DEBUG:colcon.colcon_core.event_handler.log_command:Invoking command in '/ros2_ws/build/localization_msgs': CMAKE_PREFIX_PATH=/opt/ros/foxy /usr/bin/cmake --build /ros2_ws/build/localization_msgs -- -j10 -l10
[0.351s] DEBUG:colcon.colcon_core.event_handler.log_command:Invoking command in '/ros2_ws/build/perception_msgs': CMAKE_PREFIX_PATH=/opt/ros/foxy /usr/bin/cmake --build /ros2_ws/build/perception_msgs -- -j10 -l10
[1.949s] DEBUG:colcon.colcon_core.event_handler.log_command:Invoked command in '/ros2_ws/build/fsm_msgs' returned '0': CMAKE_PREFIX_PATH=/opt/ros/foxy /usr/bin/cmake --build /ros2_ws/build/fsm_msgs -- -j10 -l10
[1.954s] DEBUG:colcon.colcon_core.event_handler.log_command:Invoked command in '/ros2_ws/build/common_msgs' returned '0': CMAKE_PREFIX_PATH=/opt/ros/foxy /usr/bin/cmake --build /ros2_ws/build/common_msgs -- -j10 -l10
[2.007s] DEBUG:colcon.colcon_core.event_handler.log_command:Invoked command in '/ros2_ws/build/planning_msgs' returned '0': CMAKE_PREFIX_PATH=/opt/ros/foxy /usr/bin/cmake --build /ros2_ws/build/planning_msgs -- -j10 -l10
[2.042s] DEBUG:colcon.colcon_core.event_handler.log_command:Invoked command in '/ros2_ws/build/localization_msgs' returned '0': CMAKE_PREFIX_PATH=/opt/ros/foxy /usr/bin/cmake --build /ros2_ws/build/localization_msgs -- -j10 -l10
[2.113s] DEBUG:colcon.colcon_core.event_handler.log_command:Invoked command in '/ros2_ws/build/perception_msgs' returned '0': CMAKE_PREFIX_PATH=/opt/ros/foxy /usr/bin/cmake --build /ros2_ws/build/perception_msgs -- -j10 -l10
[3.004s] DEBUG:colcon.colcon_core.event_handler.log_command:Invoking command in '/ros2_ws/build/common_msgs': CMAKE_PREFIX_PATH=/opt/ros/foxy /usr/bin/cmake --install /ros2_ws/build/common_msgs
[3.368s] DEBUG:colcon.colcon_core.event_handler.log_command:Invoking command in '/ros2_ws/build/fsm_msgs': CMAKE_PREFIX_PATH=/opt/ros/foxy /usr/bin/cmake --install /ros2_ws/build/fsm_msgs
[3.370s] Level 1:colcon.colcon_core.environment:create_environment_scripts_only(common_msgs)
[3.372s] DEBUG:colcon.colcon_core.event_handler.log_command:Invoked command in '/ros2_ws/build/common_msgs' returned '0': CMAKE_PREFIX_PATH=/opt/ros/foxy /usr/bin/cmake --install /ros2_ws/build/common_msgs
[3.379s] Level 1:colcon.colcon_core.environment:checking '/ros2_ws/install/common_msgs' for CMake module files
[3.390s] Level 1:colcon.colcon_core.environment:checking '/ros2_ws/install/common_msgs' for CMake config files
[3.399s] Level 1:colcon.colcon_core.shell:create_environment_hook('common_msgs', 'cmake_prefix_path')
[3.400s] INFO:colcon.colcon_core.shell:Creating environment hook '/ros2_ws/install/common_msgs/share/common_msgs/hook/cmake_prefix_path.ps1'
[3.403s] INFO:colcon.colcon_core.shell:Creating environment descriptor '/ros2_ws/install/common_msgs/share/common_msgs/hook/cmake_prefix_path.dsv'
[3.403s] INFO:colcon.colcon_core.shell:Creating environment hook '/ros2_ws/install/common_msgs/share/common_msgs/hook/cmake_prefix_path.sh'
[3.409s] Level 1:colcon.colcon_core.environment:checking '/ros2_ws/install/common_msgs/lib'
[3.411s] Level 1:colcon.colcon_core.shell:create_environment_hook('common_msgs', 'ld_library_path_lib')
[3.413s] INFO:colcon.colcon_core.shell:Creating environment hook '/ros2_ws/install/common_msgs/share/common_msgs/hook/ld_library_path_lib.ps1'
[3.416s] INFO:colcon.colcon_core.shell:Creating environment descriptor '/ros2_ws/install/common_msgs/share/common_msgs/hook/ld_library_path_lib.dsv'
[3.419s] INFO:colcon.colcon_core.shell:Creating environment hook '/ros2_ws/install/common_msgs/share/common_msgs/hook/ld_library_path_lib.sh'
[3.421s] Level 1:colcon.colcon_core.environment:checking '/ros2_ws/install/common_msgs/bin'
[3.422s] Level 1:colcon.colcon_core.environment:checking '/ros2_ws/install/common_msgs/lib/pkgconfig/common_msgs.pc'
[3.425s] Level 1:colcon.colcon_core.environment:checking '/ros2_ws/install/common_msgs/lib/python3.8/site-packages'
[3.425s] Level 1:colcon.colcon_core.shell:create_environment_hook('common_msgs', 'pythonpath')
[3.428s] INFO:colcon.colcon_core.shell:Creating environment hook '/ros2_ws/install/common_msgs/share/common_msgs/hook/pythonpath.ps1'
[3.430s] INFO:colcon.colcon_core.shell:Creating environment descriptor '/ros2_ws/install/common_msgs/share/common_msgs/hook/pythonpath.dsv'
[3.432s] INFO:colcon.colcon_core.shell:Creating environment hook '/ros2_ws/install/common_msgs/share/common_msgs/hook/pythonpath.sh'
[3.435s] Level 1:colcon.colcon_core.environment:checking '/ros2_ws/install/common_msgs/bin'
[3.440s] INFO:colcon.colcon_core.shell:Creating package script '/ros2_ws/install/common_msgs/share/common_msgs/package.ps1'
[3.442s] INFO:colcon.colcon_core.shell:Creating package descriptor '/ros2_ws/install/common_msgs/share/common_msgs/package.dsv'
[3.444s] INFO:colcon.colcon_core.shell:Creating package script '/ros2_ws/install/common_msgs/share/common_msgs/package.sh'
[3.448s] INFO:colcon.colcon_core.shell:Creating package script '/ros2_ws/install/common_msgs/share/common_msgs/package.bash'
[3.451s] INFO:colcon.colcon_core.shell:Creating package script '/ros2_ws/install/common_msgs/share/common_msgs/package.zsh'
[3.453s] Level 1:colcon.colcon_core.environment:create_file_with_runtime_dependencies(/ros2_ws/install/common_msgs/share/colcon-core/packages/common_msgs)
[3.641s] Level 1:colcon.colcon_core.environment:create_environment_scripts_only(fsm_msgs)
[3.643s] Level 1:colcon.colcon_core.environment:checking '/ros2_ws/install/fsm_msgs' for CMake module files
[3.643s] DEBUG:colcon.colcon_core.event_handler.log_command:Invoked command in '/ros2_ws/build/fsm_msgs' returned '0': CMAKE_PREFIX_PATH=/opt/ros/foxy /usr/bin/cmake --install /ros2_ws/build/fsm_msgs
[3.651s] Level 1:colcon.colcon_core.environment:checking '/ros2_ws/install/fsm_msgs' for CMake config files
[3.657s] Level 1:colcon.colcon_core.shell:create_environment_hook('fsm_msgs', 'cmake_prefix_path')
[3.660s] INFO:colcon.colcon_core.shell:Creating environment hook '/ros2_ws/install/fsm_msgs/share/fsm_msgs/hook/cmake_prefix_path.ps1'
[3.662s] INFO:colcon.colcon_core.shell:Creating environment descriptor '/ros2_ws/install/fsm_msgs/share/fsm_msgs/hook/cmake_prefix_path.dsv'
[3.662s] INFO:colcon.colcon_core.shell:Creating environment hook '/ros2_ws/install/fsm_msgs/share/fsm_msgs/hook/cmake_prefix_path.sh'
[3.663s] Level 1:colcon.colcon_core.environment:checking '/ros2_ws/install/fsm_msgs/lib'
[3.663s] Level 1:colcon.colcon_core.shell:create_environment_hook('fsm_msgs', 'ld_library_path_lib')
[3.664s] INFO:colcon.colcon_core.shell:Creating environment hook '/ros2_ws/install/fsm_msgs/share/fsm_msgs/hook/ld_library_path_lib.ps1'
[3.667s] INFO:colcon.colcon_core.shell:Creating environment descriptor '/ros2_ws/install/fsm_msgs/share/fsm_msgs/hook/ld_library_path_lib.dsv'
[3.669s] INFO:colcon.colcon_core.shell:Creating environment hook '/ros2_ws/install/fsm_msgs/share/fsm_msgs/hook/ld_library_path_lib.sh'
[3.672s] Level 1:colcon.colcon_core.environment:checking '/ros2_ws/install/fsm_msgs/bin'
[3.672s] Level 1:colcon.colcon_core.environment:checking '/ros2_ws/install/fsm_msgs/lib/pkgconfig/fsm_msgs.pc'
[3.674s] Level 1:colcon.colcon_core.environment:checking '/ros2_ws/install/fsm_msgs/lib/python3.8/site-packages'
[3.674s] Level 1:colcon.colcon_core.shell:create_environment_hook('fsm_msgs', 'pythonpath')
[3.676s] INFO:colcon.colcon_core.shell:Creating environment hook '/ros2_ws/install/fsm_msgs/share/fsm_msgs/hook/pythonpath.ps1'
[3.679s] INFO:colcon.colcon_core.shell:Creating environment descriptor '/ros2_ws/install/fsm_msgs/share/fsm_msgs/hook/pythonpath.dsv'
[3.681s] INFO:colcon.colcon_core.shell:Creating environment hook '/ros2_ws/install/fsm_msgs/share/fsm_msgs/hook/pythonpath.sh'
[3.683s] Level 1:colcon.colcon_core.environment:checking '/ros2_ws/install/fsm_msgs/bin'
[3.685s] INFO:colcon.colcon_core.shell:Creating package script '/ros2_ws/install/fsm_msgs/share/fsm_msgs/package.ps1'
[3.690s] INFO:colcon.colcon_core.shell:Creating package descriptor '/ros2_ws/install/fsm_msgs/share/fsm_msgs/package.dsv'
[3.693s] INFO:colcon.colcon_core.shell:Creating package script '/ros2_ws/install/fsm_msgs/share/fsm_msgs/package.sh'
[3.694s] INFO:colcon.colcon_core.shell:Creating package script '/ros2_ws/install/fsm_msgs/share/fsm_msgs/package.bash'
[3.695s] INFO:colcon.colcon_core.shell:Creating package script '/ros2_ws/install/fsm_msgs/share/fsm_msgs/package.zsh'
[3.698s] Level 1:colcon.colcon_core.environment:create_file_with_runtime_dependencies(/ros2_ws/install/fsm_msgs/share/colcon-core/packages/fsm_msgs)
[4.341s] DEBUG:colcon.colcon_core.event_handler.log_command:Invoking command in '/ros2_ws/build/localization_msgs': CMAKE_PREFIX_PATH=/opt/ros/foxy /usr/bin/cmake --install /ros2_ws/build/localization_msgs
[4.648s] Level 1:colcon.colcon_core.environment:create_environment_scripts_only(localization_msgs)
[4.650s] Level 1:colcon.colcon_core.environment:checking '/ros2_ws/install/localization_msgs' for CMake module files
[4.650s] DEBUG:colcon.colcon_core.event_handler.log_command:Invoked command in '/ros2_ws/build/localization_msgs' returned '0': CMAKE_PREFIX_PATH=/opt/ros/foxy /usr/bin/cmake --install /ros2_ws/build/localization_msgs
[4.656s] Level 1:colcon.colcon_core.environment:checking '/ros2_ws/install/localization_msgs' for CMake config files
[4.661s] Level 1:colcon.colcon_core.shell:create_environment_hook('localization_msgs', 'cmake_prefix_path')
[4.664s] INFO:colcon.colcon_core.shell:Creating environment hook '/ros2_ws/install/localization_msgs/share/localization_msgs/hook/cmake_prefix_path.ps1'
[4.667s] INFO:colcon.colcon_core.shell:Creating environment descriptor '/ros2_ws/install/localization_msgs/share/localization_msgs/hook/cmake_prefix_path.dsv'
[4.669s] INFO:colcon.colcon_core.shell:Creating environment hook '/ros2_ws/install/localization_msgs/share/localization_msgs/hook/cmake_prefix_path.sh'
[4.672s] Level 1:colcon.colcon_core.environment:checking '/ros2_ws/install/localization_msgs/lib'
[4.674s] Level 1:colcon.colcon_core.shell:create_environment_hook('localization_msgs', 'ld_library_path_lib')
[4.676s] INFO:colcon.colcon_core.shell:Creating environment hook '/ros2_ws/install/localization_msgs/share/localization_msgs/hook/ld_library_path_lib.ps1'
[4.677s] INFO:colcon.colcon_core.shell:Creating environment descriptor '/ros2_ws/install/localization_msgs/share/localization_msgs/hook/ld_library_path_lib.dsv'
[4.681s] INFO:colcon.colcon_core.shell:Creating environment hook '/ros2_ws/install/localization_msgs/share/localization_msgs/hook/ld_library_path_lib.sh'
[4.682s] Level 1:colcon.colcon_core.environment:checking '/ros2_ws/install/localization_msgs/bin'
[4.682s] Level 1:colcon.colcon_core.environment:checking '/ros2_ws/install/localization_msgs/lib/pkgconfig/localization_msgs.pc'
[4.684s] Level 1:colcon.colcon_core.environment:checking '/ros2_ws/install/localization_msgs/lib/python3.8/site-packages'
[4.685s] Level 1:colcon.colcon_core.shell:create_environment_hook('localization_msgs', 'pythonpath')
[4.685s] INFO:colcon.colcon_core.shell:Creating environment hook '/ros2_ws/install/localization_msgs/share/localization_msgs/hook/pythonpath.ps1'
[4.688s] INFO:colcon.colcon_core.shell:Creating environment descriptor '/ros2_ws/install/localization_msgs/share/localization_msgs/hook/pythonpath.dsv'
[4.690s] INFO:colcon.colcon_core.shell:Creating environment hook '/ros2_ws/install/localization_msgs/share/localization_msgs/hook/pythonpath.sh'
[4.691s] Level 1:colcon.colcon_core.environment:checking '/ros2_ws/install/localization_msgs/bin'
[4.693s] INFO:colcon.colcon_core.shell:Creating package script '/ros2_ws/install/localization_msgs/share/localization_msgs/package.ps1'
[4.697s] INFO:colcon.colcon_core.shell:Creating package descriptor '/ros2_ws/install/localization_msgs/share/localization_msgs/package.dsv'
[4.699s] INFO:colcon.colcon_core.shell:Creating package script '/ros2_ws/install/localization_msgs/share/localization_msgs/package.sh'
[4.701s] INFO:colcon.colcon_core.shell:Creating package script '/ros2_ws/install/localization_msgs/share/localization_msgs/package.bash'
[4.702s] INFO:colcon.colcon_core.shell:Creating package script '/ros2_ws/install/localization_msgs/share/localization_msgs/package.zsh'
[4.703s] Level 1:colcon.colcon_core.environment:create_file_with_runtime_dependencies(/ros2_ws/install/localization_msgs/share/colcon-core/packages/localization_msgs)
[4.711s] Level 1:colcon.colcon_core.environment:create_environment_scripts_only(common_msgs)
[4.715s] Level 1:colcon.colcon_core.environment:checking '/ros2_ws/install/common_msgs' for CMake module files
[4.719s] Level 1:colcon.colcon_core.environment:checking '/ros2_ws/install/common_msgs' for CMake config files
[4.724s] Level 1:colcon.colcon_core.shell:create_environment_hook('common_msgs', 'cmake_prefix_path')
[4.725s] INFO:colcon.colcon_core.shell:Creating environment hook '/ros2_ws/install/common_msgs/share/common_msgs/hook/cmake_prefix_path.ps1'
[4.729s] INFO:colcon.colcon_core.shell:Creating environment descriptor '/ros2_ws/install/common_msgs/share/common_msgs/hook/cmake_prefix_path.dsv'
[4.731s] INFO:colcon.colcon_core.shell:Creating environment hook '/ros2_ws/install/common_msgs/share/common_msgs/hook/cmake_prefix_path.sh'
[4.732s] Level 1:colcon.colcon_core.environment:checking '/ros2_ws/install/common_msgs/lib'
[4.732s] Level 1:colcon.colcon_core.shell:create_environment_hook('common_msgs', 'ld_library_path_lib')
[4.733s] INFO:colcon.colcon_core.shell:Creating environment hook '/ros2_ws/install/common_msgs/share/common_msgs/hook/ld_library_path_lib.ps1'
[4.736s] INFO:colcon.colcon_core.shell:Creating environment descriptor '/ros2_ws/install/common_msgs/share/common_msgs/hook/ld_library_path_lib.dsv'
[4.738s] INFO:colcon.colcon_core.shell:Creating environment hook '/ros2_ws/install/common_msgs/share/common_msgs/hook/ld_library_path_lib.sh'
[4.739s] Level 1:colcon.colcon_core.environment:checking '/ros2_ws/install/common_msgs/bin'
[4.739s] Level 1:colcon.colcon_core.environment:checking '/ros2_ws/install/common_msgs/lib/pkgconfig/common_msgs.pc'
[4.740s] Level 1:colcon.colcon_core.environment:checking '/ros2_ws/install/common_msgs/lib/python3.8/site-packages'
[4.740s] Level 1:colcon.colcon_core.shell:create_environment_hook('common_msgs', 'pythonpath')
[4.741s] INFO:colcon.colcon_core.shell:Creating environment hook '/ros2_ws/install/common_msgs/share/common_msgs/hook/pythonpath.ps1'
[4.744s] INFO:colcon.colcon_core.shell:Creating environment descriptor '/ros2_ws/install/common_msgs/share/common_msgs/hook/pythonpath.dsv'
[4.747s] INFO:colcon.colcon_core.shell:Creating environment hook '/ros2_ws/install/common_msgs/share/common_msgs/hook/pythonpath.sh'
[4.750s] Level 1:colcon.colcon_core.environment:checking '/ros2_ws/install/common_msgs/bin'
[4.752s] INFO:colcon.colcon_core.shell:Creating package script '/ros2_ws/install/common_msgs/share/common_msgs/package.ps1'
[4.755s] INFO:colcon.colcon_core.shell:Creating package descriptor '/ros2_ws/install/common_msgs/share/common_msgs/package.dsv'
[4.757s] INFO:colcon.colcon_core.shell:Creating package script '/ros2_ws/install/common_msgs/share/common_msgs/package.sh'
[4.759s] INFO:colcon.colcon_core.shell:Creating package script '/ros2_ws/install/common_msgs/share/common_msgs/package.bash'
[4.760s] INFO:colcon.colcon_core.shell:Creating package script '/ros2_ws/install/common_msgs/share/common_msgs/package.zsh'
[4.762s] Level 1:colcon.colcon_core.environment:create_file_with_runtime_dependencies(/ros2_ws/install/common_msgs/share/colcon-core/packages/common_msgs)
[5.163s] Level 1:colcon.colcon_core.environment:create_environment_scripts_only(fsm_msgs)
[5.164s] Level 1:colcon.colcon_core.environment:checking '/ros2_ws/install/fsm_msgs' for CMake module files
[5.167s] Level 1:colcon.colcon_core.environment:checking '/ros2_ws/install/fsm_msgs' for CMake config files
[5.176s] Level 1:colcon.colcon_core.shell:create_environment_hook('fsm_msgs', 'cmake_prefix_path')
[5.177s] INFO:colcon.colcon_core.shell:Creating environment hook '/ros2_ws/install/fsm_msgs/share/fsm_msgs/hook/cmake_prefix_path.ps1'
[5.180s] INFO:colcon.colcon_core.shell:Creating environment descriptor '/ros2_ws/install/fsm_msgs/share/fsm_msgs/hook/cmake_prefix_path.dsv'
[5.181s] INFO:colcon.colcon_core.shell:Creating environment hook '/ros2_ws/install/fsm_msgs/share/fsm_msgs/hook/cmake_prefix_path.sh'
[5.185s] Level 1:colcon.colcon_core.environment:checking '/ros2_ws/install/fsm_msgs/lib'
[5.186s] Level 1:colcon.colcon_core.shell:create_environment_hook('fsm_msgs', 'ld_library_path_lib')
[5.187s] INFO:colcon.colcon_core.shell:Creating environment hook '/ros2_ws/install/fsm_msgs/share/fsm_msgs/hook/ld_library_path_lib.ps1'
[5.189s] INFO:colcon.colcon_core.shell:Creating environment descriptor '/ros2_ws/install/fsm_msgs/share/fsm_msgs/hook/ld_library_path_lib.dsv'
[5.189s] INFO:colcon.colcon_core.shell:Creating environment hook '/ros2_ws/install/fsm_msgs/share/fsm_msgs/hook/ld_library_path_lib.sh'
[5.190s] Level 1:colcon.colcon_core.environment:checking '/ros2_ws/install/fsm_msgs/bin'
[5.190s] Level 1:colcon.colcon_core.environment:checking '/ros2_ws/install/fsm_msgs/lib/pkgconfig/fsm_msgs.pc'
[5.190s] Level 1:colcon.colcon_core.environment:checking '/ros2_ws/install/fsm_msgs/lib/python3.8/site-packages'
[5.191s] Level 1:colcon.colcon_core.shell:create_environment_hook('fsm_msgs', 'pythonpath')
[5.191s] INFO:colcon.colcon_core.shell:Creating environment hook '/ros2_ws/install/fsm_msgs/share/fsm_msgs/hook/pythonpath.ps1'
[5.193s] INFO:colcon.colcon_core.shell:Creating environment descriptor '/ros2_ws/install/fsm_msgs/share/fsm_msgs/hook/pythonpath.dsv'
[5.195s] INFO:colcon.colcon_core.shell:Creating environment hook '/ros2_ws/install/fsm_msgs/share/fsm_msgs/hook/pythonpath.sh'
[5.198s] Level 1:colcon.colcon_core.environment:checking '/ros2_ws/install/fsm_msgs/bin'
[5.199s] INFO:colcon.colcon_core.shell:Creating package script '/ros2_ws/install/fsm_msgs/share/fsm_msgs/package.ps1'
[5.199s] INFO:colcon.colcon_core.shell:Creating package descriptor '/ros2_ws/install/fsm_msgs/share/fsm_msgs/package.dsv'
[5.200s] INFO:colcon.colcon_core.shell:Creating package script '/ros2_ws/install/fsm_msgs/share/fsm_msgs/package.sh'
[5.201s] INFO:colcon.colcon_core.shell:Creating package script '/ros2_ws/install/fsm_msgs/share/fsm_msgs/package.bash'
[5.201s] INFO:colcon.colcon_core.shell:Creating package script '/ros2_ws/install/fsm_msgs/share/fsm_msgs/package.zsh'
[5.202s] Level 1:colcon.colcon_core.environment:create_file_with_runtime_dependencies(/ros2_ws/install/fsm_msgs/share/colcon-core/packages/fsm_msgs)
[5.214s] DEBUG:colcon.colcon_core.event_handler.log_command:Invoking command in '/ros2_ws/build/planning_msgs': CMAKE_PREFIX_PATH=/opt/ros/foxy /usr/bin/cmake --install /ros2_ws/build/planning_msgs
[5.243s] DEBUG:colcon.colcon_core.event_handler.log_command:Invoking command in '/ros2_ws/build/perception_msgs': CMAKE_PREFIX_PATH=/opt/ros/foxy /usr/bin/cmake --install /ros2_ws/build/perception_msgs
[5.515s] Level 1:colcon.colcon_core.environment:create_environment_scripts_only(perception_msgs)
[5.516s] Level 1:colcon.colcon_core.environment:checking '/ros2_ws/install/perception_msgs' for CMake module files
[5.517s] DEBUG:colcon.colcon_core.event_handler.log_command:Invoked command in '/ros2_ws/build/perception_msgs' returned '0': CMAKE_PREFIX_PATH=/opt/ros/foxy /usr/bin/cmake --install /ros2_ws/build/perception_msgs
[5.521s] Level 1:colcon.colcon_core.environment:checking '/ros2_ws/install/perception_msgs' for CMake config files
[5.526s] Level 1:colcon.colcon_core.shell:create_environment_hook('perception_msgs', 'cmake_prefix_path')
[5.527s] INFO:colcon.colcon_core.shell:Creating environment hook '/ros2_ws/install/perception_msgs/share/perception_msgs/hook/cmake_prefix_path.ps1'
[5.528s] INFO:colcon.colcon_core.shell:Creating environment descriptor '/ros2_ws/install/perception_msgs/share/perception_msgs/hook/cmake_prefix_path.dsv'
[5.529s] INFO:colcon.colcon_core.shell:Creating environment hook '/ros2_ws/install/perception_msgs/share/perception_msgs/hook/cmake_prefix_path.sh'
[5.530s] Level 1:colcon.colcon_core.environment:checking '/ros2_ws/install/perception_msgs/lib'
[5.531s] Level 1:colcon.colcon_core.shell:create_environment_hook('perception_msgs', 'ld_library_path_lib')
[5.533s] INFO:colcon.colcon_core.shell:Creating environment hook '/ros2_ws/install/perception_msgs/share/perception_msgs/hook/ld_library_path_lib.ps1'
[5.534s] INFO:colcon.colcon_core.shell:Creating environment descriptor '/ros2_ws/install/perception_msgs/share/perception_msgs/hook/ld_library_path_lib.dsv'
[5.536s] INFO:colcon.colcon_core.shell:Creating environment hook '/ros2_ws/install/perception_msgs/share/perception_msgs/hook/ld_library_path_lib.sh'
[5.538s] Level 1:colcon.colcon_core.environment:checking '/ros2_ws/install/perception_msgs/bin'
[5.540s] Level 1:colcon.colcon_core.environment:checking '/ros2_ws/install/perception_msgs/lib/pkgconfig/perception_msgs.pc'
[5.540s] Level 1:colcon.colcon_core.environment:checking '/ros2_ws/install/perception_msgs/lib/python3.8/site-packages'
[5.540s] Level 1:colcon.colcon_core.shell:create_environment_hook('perception_msgs', 'pythonpath')
[5.541s] INFO:colcon.colcon_core.shell:Creating environment hook '/ros2_ws/install/perception_msgs/share/perception_msgs/hook/pythonpath.ps1'
[5.542s] INFO:colcon.colcon_core.shell:Creating environment descriptor '/ros2_ws/install/perception_msgs/share/perception_msgs/hook/pythonpath.dsv'
[5.543s] INFO:colcon.colcon_core.shell:Creating environment hook '/ros2_ws/install/perception_msgs/share/perception_msgs/hook/pythonpath.sh'
[5.544s] Level 1:colcon.colcon_core.environment:checking '/ros2_ws/install/perception_msgs/bin'
[5.545s] INFO:colcon.colcon_core.shell:Creating package script '/ros2_ws/install/perception_msgs/share/perception_msgs/package.ps1'
[5.547s] INFO:colcon.colcon_core.shell:Creating package descriptor '/ros2_ws/install/perception_msgs/share/perception_msgs/package.dsv'
[5.547s] INFO:colcon.colcon_core.shell:Creating package script '/ros2_ws/install/perception_msgs/share/perception_msgs/package.sh'
[5.548s] INFO:colcon.colcon_core.shell:Creating package script '/ros2_ws/install/perception_msgs/share/perception_msgs/package.bash'
[5.549s] INFO:colcon.colcon_core.shell:Creating package script '/ros2_ws/install/perception_msgs/share/perception_msgs/package.zsh'
[5.550s] Level 1:colcon.colcon_core.environment:create_file_with_runtime_dependencies(/ros2_ws/install/perception_msgs/share/colcon-core/packages/perception_msgs)
[5.902s] Level 1:colcon.colcon_core.environment:create_environment_scripts_only(planning_msgs)
[5.903s] Level 1:colcon.colcon_core.environment:checking '/ros2_ws/install/planning_msgs' for CMake module files
[5.904s] DEBUG:colcon.colcon_core.event_handler.log_command:Invoked command in '/ros2_ws/build/planning_msgs' returned '0': CMAKE_PREFIX_PATH=/opt/ros/foxy /usr/bin/cmake --install /ros2_ws/build/planning_msgs
[5.906s] Level 1:colcon.colcon_core.environment:checking '/ros2_ws/install/planning_msgs' for CMake config files
[5.908s] Level 1:colcon.colcon_core.shell:create_environment_hook('planning_msgs', 'cmake_prefix_path')
[5.909s] INFO:colcon.colcon_core.shell:Creating environment hook '/ros2_ws/install/planning_msgs/share/planning_msgs/hook/cmake_prefix_path.ps1'
[5.912s] INFO:colcon.colcon_core.shell:Creating environment descriptor '/ros2_ws/install/planning_msgs/share/planning_msgs/hook/cmake_prefix_path.dsv'
[5.917s] INFO:colcon.colcon_core.shell:Creating environment hook '/ros2_ws/install/planning_msgs/share/planning_msgs/hook/cmake_prefix_path.sh'
[5.918s] Level 1:colcon.colcon_core.environment:checking '/ros2_ws/install/planning_msgs/lib'
[5.918s] Level 1:colcon.colcon_core.shell:create_environment_hook('planning_msgs', 'ld_library_path_lib')
[5.918s] INFO:colcon.colcon_core.shell:Creating environment hook '/ros2_ws/install/planning_msgs/share/planning_msgs/hook/ld_library_path_lib.ps1'
[5.922s] INFO:colcon.colcon_core.shell:Creating environment descriptor '/ros2_ws/install/planning_msgs/share/planning_msgs/hook/ld_library_path_lib.dsv'
[5.922s] INFO:colcon.colcon_core.shell:Creating environment hook '/ros2_ws/install/planning_msgs/share/planning_msgs/hook/ld_library_path_lib.sh'
[5.922s] Level 1:colcon.colcon_core.environment:checking '/ros2_ws/install/planning_msgs/bin'
[5.923s] Level 1:colcon.colcon_core.environment:checking '/ros2_ws/install/planning_msgs/lib/pkgconfig/planning_msgs.pc'
[5.923s] Level 1:colcon.colcon_core.environment:checking '/ros2_ws/install/planning_msgs/lib/python3.8/site-packages'
[5.924s] Level 1:colcon.colcon_core.shell:create_environment_hook('planning_msgs', 'pythonpath')
[5.925s] INFO:colcon.colcon_core.shell:Creating environment hook '/ros2_ws/install/planning_msgs/share/planning_msgs/hook/pythonpath.ps1'
[5.925s] INFO:colcon.colcon_core.shell:Creating environment descriptor '/ros2_ws/install/planning_msgs/share/planning_msgs/hook/pythonpath.dsv'
[5.926s] INFO:colcon.colcon_core.shell:Creating environment hook '/ros2_ws/install/planning_msgs/share/planning_msgs/hook/pythonpath.sh'
[5.926s] Level 1:colcon.colcon_core.environment:checking '/ros2_ws/install/planning_msgs/bin'
[5.927s] INFO:colcon.colcon_core.shell:Creating package script '/ros2_ws/install/planning_msgs/share/planning_msgs/package.ps1'
[5.928s] INFO:colcon.colcon_core.shell:Creating package descriptor '/ros2_ws/install/planning_msgs/share/planning_msgs/package.dsv'
[5.930s] INFO:colcon.colcon_core.shell:Creating package script '/ros2_ws/install/planning_msgs/share/planning_msgs/package.sh'
[5.933s] INFO:colcon.colcon_core.shell:Creating package script '/ros2_ws/install/planning_msgs/share/planning_msgs/package.bash'
[5.935s] INFO:colcon.colcon_core.shell:Creating package script '/ros2_ws/install/planning_msgs/share/planning_msgs/package.zsh'
[5.935s] Level 1:colcon.colcon_core.environment:create_file_with_runtime_dependencies(/ros2_ws/install/planning_msgs/share/colcon-core/packages/planning_msgs)
[6.729s] Level 1:colcon.colcon_core.environment:create_environment_scripts_only(localization_msgs)
[6.731s] Level 1:colcon.colcon_core.environment:checking '/ros2_ws/install/localization_msgs' for CMake module files
[6.734s] Level 1:colcon.colcon_core.environment:checking '/ros2_ws/install/localization_msgs' for CMake config files
[6.740s] Level 1:colcon.colcon_core.shell:create_environment_hook('localization_msgs', 'cmake_prefix_path')
[6.741s] INFO:colcon.colcon_core.shell:Creating environment hook '/ros2_ws/install/localization_msgs/share/localization_msgs/hook/cmake_prefix_path.ps1'
[6.745s] INFO:colcon.colcon_core.shell:Creating environment descriptor '/ros2_ws/install/localization_msgs/share/localization_msgs/hook/cmake_prefix_path.dsv'
[6.749s] INFO:colcon.colcon_core.shell:Creating environment hook '/ros2_ws/install/localization_msgs/share/localization_msgs/hook/cmake_prefix_path.sh'
[6.752s] Level 1:colcon.colcon_core.environment:checking '/ros2_ws/install/localization_msgs/lib'
[6.755s] Level 1:colcon.colcon_core.shell:create_environment_hook('localization_msgs', 'ld_library_path_lib')
[6.757s] INFO:colcon.colcon_core.shell:Creating environment hook '/ros2_ws/install/localization_msgs/share/localization_msgs/hook/ld_library_path_lib.ps1'
[6.758s] INFO:colcon.colcon_core.shell:Creating environment descriptor '/ros2_ws/install/localization_msgs/share/localization_msgs/hook/ld_library_path_lib.dsv'
[6.760s] INFO:colcon.colcon_core.shell:Creating environment hook '/ros2_ws/install/localization_msgs/share/localization_msgs/hook/ld_library_path_lib.sh'
[6.761s] Level 1:colcon.colcon_core.environment:checking '/ros2_ws/install/localization_msgs/bin'
[6.762s] Level 1:colcon.colcon_core.environment:checking '/ros2_ws/install/localization_msgs/lib/pkgconfig/localization_msgs.pc'
[6.763s] Level 1:colcon.colcon_core.environment:checking '/ros2_ws/install/localization_msgs/lib/python3.8/site-packages'
[6.764s] Level 1:colcon.colcon_core.shell:create_environment_hook('localization_msgs', 'pythonpath')
[6.765s] INFO:colcon.colcon_core.shell:Creating environment hook '/ros2_ws/install/localization_msgs/share/localization_msgs/hook/pythonpath.ps1'
[6.767s] INFO:colcon.colcon_core.shell:Creating environment descriptor '/ros2_ws/install/localization_msgs/share/localization_msgs/hook/pythonpath.dsv'
[6.769s] INFO:colcon.colcon_core.shell:Creating environment hook '/ros2_ws/install/localization_msgs/share/localization_msgs/hook/pythonpath.sh'
[6.770s] Level 1:colcon.colcon_core.environment:checking '/ros2_ws/install/localization_msgs/bin'
[6.771s] INFO:colcon.colcon_core.shell:Creating package script '/ros2_ws/install/localization_msgs/share/localization_msgs/package.ps1'
[6.775s] INFO:colcon.colcon_core.shell:Creating package descriptor '/ros2_ws/install/localization_msgs/share/localization_msgs/package.dsv'
[6.775s] INFO:colcon.colcon_core.shell:Creating package script '/ros2_ws/install/localization_msgs/share/localization_msgs/package.sh'
[6.776s] INFO:colcon.colcon_core.shell:Creating package script '/ros2_ws/install/localization_msgs/share/localization_msgs/package.bash'
[6.779s] INFO:colcon.colcon_core.shell:Creating package script '/ros2_ws/install/localization_msgs/share/localization_msgs/package.zsh'
[6.779s] Level 1:colcon.colcon_core.environment:create_file_with_runtime_dependencies(/ros2_ws/install/localization_msgs/share/colcon-core/packages/localization_msgs)
[6.781s] INFO:colcon.colcon_ros.task.ament_python.build:Building ROS package in '/ros2_ws/src/localization' with build type 'ament_python'
[6.781s] Level 1:colcon.colcon_core.shell:create_environment_hook('localization', 'ament_prefix_path')
[6.782s] INFO:colcon.colcon_core.shell:Creating environment hook '/ros2_ws/install/localization/share/localization/hook/ament_prefix_path.ps1'
[6.783s] INFO:colcon.colcon_core.shell:Creating environment descriptor '/ros2_ws/install/localization/share/localization/hook/ament_prefix_path.dsv'
[6.784s] INFO:colcon.colcon_core.shell:Creating environment hook '/ros2_ws/install/localization/share/localization/hook/ament_prefix_path.sh'
[6.788s] INFO:colcon.colcon_core.shell:Skip shell extension 'powershell' for command environment: Not usable outside of PowerShell
[6.788s] DEBUG:colcon.colcon_core.shell:Skip shell extension 'dsv' for command environment
[7.061s] INFO:colcon.colcon_core.task.python.build:Building Python package in '/ros2_ws/src/localization'
[7.062s] INFO:colcon.colcon_core.shell:Skip shell extension 'powershell' for command environment: Not usable outside of PowerShell
[7.062s] DEBUG:colcon.colcon_core.shell:Skip shell extension 'dsv' for command environment
[7.394s] DEBUG:colcon.colcon_core.event_handler.log_command:Invoking command in '/ros2_ws/src/localization': AMENT_PREFIX_PATH=/ros2_ws/install/localization_msgs:${AMENT_PREFIX_PATH} CMAKE_PREFIX_PATH=/ros2_ws/install/localization_msgs LD_LIBRARY_PATH=/ros2_ws/install/localization_msgs/lib:${LD_LIBRARY_PATH} PYTHONPATH=/ros2_ws/build/localization/prefix_override:/ros2_ws/install/localization/lib/python3.8/site-packages:/ros2_ws/install/localization_msgs/lib/python3.8/site-packages:${PYTHONPATH} /usr/bin/python3 setup.py egg_info --egg-base ../../build/localization build --build-base /ros2_ws/build/localization/build install --record /ros2_ws/build/localization/install.log --single-version-externally-managed
[7.633s] Level 1:colcon.colcon_core.environment:checking '/ros2_ws/install/localization' for CMake module files
[7.634s] DEBUG:colcon.colcon_core.event_handler.log_command:Invoked command in '/ros2_ws/src/localization' returned '0': AMENT_PREFIX_PATH=/ros2_ws/install/localization_msgs:${AMENT_PREFIX_PATH} CMAKE_PREFIX_PATH=/ros2_ws/install/localization_msgs LD_LIBRARY_PATH=/ros2_ws/install/localization_msgs/lib:${LD_LIBRARY_PATH} PYTHONPATH=/ros2_ws/build/localization/prefix_override:/ros2_ws/install/localization/lib/python3.8/site-packages:/ros2_ws/install/localization_msgs/lib/python3.8/site-packages:${PYTHONPATH} /usr/bin/python3 setup.py egg_info --egg-base ../../build/localization build --build-base /ros2_ws/build/localization/build install --record /ros2_ws/build/localization/install.log --single-version-externally-managed
[7.636s] Level 1:colcon.colcon_core.environment:checking '/ros2_ws/install/localization' for CMake config files
[7.642s] Level 1:colcon.colcon_core.environment:checking '/ros2_ws/install/localization/lib'
[7.642s] Level 1:colcon.colcon_core.environment:checking '/ros2_ws/install/localization/bin'
[7.642s] Level 1:colcon.colcon_core.environment:checking '/ros2_ws/install/localization/lib/pkgconfig/localization.pc'
[7.642s] Level 1:colcon.colcon_core.environment:checking '/ros2_ws/install/localization/lib/python3.8/site-packages'
[7.643s] Level 1:colcon.colcon_core.shell:create_environment_hook('localization', 'pythonpath')
[7.643s] INFO:colcon.colcon_core.shell:Creating environment hook '/ros2_ws/install/localization/share/localization/hook/pythonpath.ps1'
[7.644s] INFO:colcon.colcon_core.shell:Creating environment descriptor '/ros2_ws/install/localization/share/localization/hook/pythonpath.dsv'
[7.644s] INFO:colcon.colcon_core.shell:Creating environment hook '/ros2_ws/install/localization/share/localization/hook/pythonpath.sh'
[7.647s] Level 1:colcon.colcon_core.environment:checking '/ros2_ws/install/localization/bin'
[7.647s] Level 1:colcon.colcon_core.environment:create_environment_scripts_only(localization)
[7.648s] INFO:colcon.colcon_core.shell:Creating package script '/ros2_ws/install/localization/share/localization/package.ps1'
[7.648s] INFO:colcon.colcon_core.shell:Creating package descriptor '/ros2_ws/install/localization/share/localization/package.dsv'
[7.649s] INFO:colcon.colcon_core.shell:Creating package script '/ros2_ws/install/localization/share/localization/package.sh'
[7.649s] INFO:colcon.colcon_core.shell:Creating package script '/ros2_ws/install/localization/share/localization/package.bash'
[7.650s] INFO:colcon.colcon_core.shell:Creating package script '/ros2_ws/install/localization/share/localization/package.zsh'
[7.650s] Level 1:colcon.colcon_core.environment:create_file_with_runtime_dependencies(/ros2_ws/install/localization/share/colcon-core/packages/localization)
[8.084s] Level 1:colcon.colcon_core.environment:create_environment_scripts_only(perception_msgs)
[8.086s] Level 1:colcon.colcon_core.environment:checking '/ros2_ws/install/perception_msgs' for CMake module files
[8.094s] Level 1:colcon.colcon_core.environment:checking '/ros2_ws/install/perception_msgs' for CMake config files
[8.099s] Level 1:colcon.colcon_core.shell:create_environment_hook('perception_msgs', 'cmake_prefix_path')
[8.099s] INFO:colcon.colcon_core.shell:Creating environment hook '/ros2_ws/install/perception_msgs/share/perception_msgs/hook/cmake_prefix_path.ps1'
[8.103s] INFO:colcon.colcon_core.shell:Creating environment descriptor '/ros2_ws/install/perception_msgs/share/perception_msgs/hook/cmake_prefix_path.dsv'
[8.104s] INFO:colcon.colcon_core.shell:Creating environment hook '/ros2_ws/install/perception_msgs/share/perception_msgs/hook/cmake_prefix_path.sh'
[8.108s] Level 1:colcon.colcon_core.environment:checking '/ros2_ws/install/perception_msgs/lib'
[8.108s] Level 1:colcon.colcon_core.shell:create_environment_hook('perception_msgs', 'ld_library_path_lib')
[8.109s] INFO:colcon.colcon_core.shell:Creating environment hook '/ros2_ws/install/perception_msgs/share/perception_msgs/hook/ld_library_path_lib.ps1'
[8.109s] INFO:colcon.colcon_core.shell:Creating environment descriptor '/ros2_ws/install/perception_msgs/share/perception_msgs/hook/ld_library_path_lib.dsv'
[8.109s] INFO:colcon.colcon_core.shell:Creating environment hook '/ros2_ws/install/perception_msgs/share/perception_msgs/hook/ld_library_path_lib.sh'
[8.110s] Level 1:colcon.colcon_core.environment:checking '/ros2_ws/install/perception_msgs/bin'
[8.110s] Level 1:colcon.colcon_core.environment:checking '/ros2_ws/install/perception_msgs/lib/pkgconfig/perception_msgs.pc'
[8.110s] Level 1:colcon.colcon_core.environment:checking '/ros2_ws/install/perception_msgs/lib/python3.8/site-packages'
[8.110s] Level 1:colcon.colcon_core.shell:create_environment_hook('perception_msgs', 'pythonpath')
[8.111s] INFO:colcon.colcon_core.shell:Creating environment hook '/ros2_ws/install/perception_msgs/share/perception_msgs/hook/pythonpath.ps1'
[8.115s] INFO:colcon.colcon_core.shell:Creating environment descriptor '/ros2_ws/install/perception_msgs/share/perception_msgs/hook/pythonpath.dsv'
[8.115s] INFO:colcon.colcon_core.shell:Creating environment hook '/ros2_ws/install/perception_msgs/share/perception_msgs/hook/pythonpath.sh'
[8.119s] Level 1:colcon.colcon_core.environment:checking '/ros2_ws/install/perception_msgs/bin'
[8.120s] INFO:colcon.colcon_core.shell:Creating package script '/ros2_ws/install/perception_msgs/share/perception_msgs/package.ps1'
[8.123s] INFO:colcon.colcon_core.shell:Creating package descriptor '/ros2_ws/install/perception_msgs/share/perception_msgs/package.dsv'
[8.123s] INFO:colcon.colcon_core.shell:Creating package script '/ros2_ws/install/perception_msgs/share/perception_msgs/package.sh'
[8.123s] INFO:colcon.colcon_core.shell:Creating package script '/ros2_ws/install/perception_msgs/share/perception_msgs/package.bash'
[8.124s] INFO:colcon.colcon_core.shell:Creating package script '/ros2_ws/install/perception_msgs/share/perception_msgs/package.zsh'
[8.126s] Level 1:colcon.colcon_core.environment:create_file_with_runtime_dependencies(/ros2_ws/install/perception_msgs/share/colcon-core/packages/perception_msgs)
[8.394s] Level 1:colcon.colcon_core.environment:create_environment_scripts_only(planning_msgs)
[8.395s] Level 1:colcon.colcon_core.environment:checking '/ros2_ws/install/planning_msgs' for CMake module files
[8.397s] Level 1:colcon.colcon_core.environment:checking '/ros2_ws/install/planning_msgs' for CMake config files
[8.399s] Level 1:colcon.colcon_core.shell:create_environment_hook('planning_msgs', 'cmake_prefix_path')
[8.400s] INFO:colcon.colcon_core.shell:Creating environment hook '/ros2_ws/install/planning_msgs/share/planning_msgs/hook/cmake_prefix_path.ps1'
[8.400s] INFO:colcon.colcon_core.shell:Creating environment descriptor '/ros2_ws/install/planning_msgs/share/planning_msgs/hook/cmake_prefix_path.dsv'
[8.400s] INFO:colcon.colcon_core.shell:Creating environment hook '/ros2_ws/install/planning_msgs/share/planning_msgs/hook/cmake_prefix_path.sh'
[8.401s] Level 1:colcon.colcon_core.environment:checking '/ros2_ws/install/planning_msgs/lib'
[8.401s] Level 1:colcon.colcon_core.shell:create_environment_hook('planning_msgs', 'ld_library_path_lib')
[8.402s] INFO:colcon.colcon_core.shell:Creating environment hook '/ros2_ws/install/planning_msgs/share/planning_msgs/hook/ld_library_path_lib.ps1'
[8.402s] INFO:colcon.colcon_core.shell:Creating environment descriptor '/ros2_ws/install/planning_msgs/share/planning_msgs/hook/ld_library_path_lib.dsv'
[8.402s] INFO:colcon.colcon_core.shell:Creating environment hook '/ros2_ws/install/planning_msgs/share/planning_msgs/hook/ld_library_path_lib.sh'
[8.403s] Level 1:colcon.colcon_core.environment:checking '/ros2_ws/install/planning_msgs/bin'
[8.403s] Level 1:colcon.colcon_core.environment:checking '/ros2_ws/install/planning_msgs/lib/pkgconfig/planning_msgs.pc'
[8.403s] Level 1:colcon.colcon_core.environment:checking '/ros2_ws/install/planning_msgs/lib/python3.8/site-packages'
[8.403s] Level 1:colcon.colcon_core.shell:create_environment_hook('planning_msgs', 'pythonpath')
[8.403s] INFO:colcon.colcon_core.shell:Creating environment hook '/ros2_ws/install/planning_msgs/share/planning_msgs/hook/pythonpath.ps1'
[8.404s] INFO:colcon.colcon_core.shell:Creating environment descriptor '/ros2_ws/install/planning_msgs/share/planning_msgs/hook/pythonpath.dsv'
[8.404s] INFO:colcon.colcon_core.shell:Creating environment hook '/ros2_ws/install/planning_msgs/share/planning_msgs/hook/pythonpath.sh'
[8.404s] Level 1:colcon.colcon_core.environment:checking '/ros2_ws/install/planning_msgs/bin'
[8.405s] INFO:colcon.colcon_core.shell:Creating package script '/ros2_ws/install/planning_msgs/share/planning_msgs/package.ps1'
[8.406s] INFO:colcon.colcon_core.shell:Creating package descriptor '/ros2_ws/install/planning_msgs/share/planning_msgs/package.dsv'
[8.406s] INFO:colcon.colcon_core.shell:Creating package script '/ros2_ws/install/planning_msgs/share/planning_msgs/package.sh'
[8.407s] INFO:colcon.colcon_core.shell:Creating package script '/ros2_ws/install/planning_msgs/share/planning_msgs/package.bash'
[8.407s] INFO:colcon.colcon_core.shell:Creating package script '/ros2_ws/install/planning_msgs/share/planning_msgs/package.zsh'
[8.408s] Level 1:colcon.colcon_core.environment:create_file_with_runtime_dependencies(/ros2_ws/install/planning_msgs/share/colcon-core/packages/planning_msgs)
[8.408s] INFO:colcon.colcon_ros.task.ament_python.build:Building ROS package in '/ros2_ws/src/controller' with build type 'ament_python'
[8.408s] Level 1:colcon.colcon_core.shell:create_environment_hook('cengaver_controller', 'ament_prefix_path')
[8.409s] INFO:colcon.colcon_core.shell:Creating environment hook '/ros2_ws/install/cengaver_controller/share/cengaver_controller/hook/ament_prefix_path.ps1'
[8.411s] INFO:colcon.colcon_core.shell:Creating environment descriptor '/ros2_ws/install/cengaver_controller/share/cengaver_controller/hook/ament_prefix_path.dsv'
[8.412s] INFO:colcon.colcon_core.shell:Creating environment hook '/ros2_ws/install/cengaver_controller/share/cengaver_controller/hook/ament_prefix_path.sh'
[8.413s] INFO:colcon.colcon_core.shell:Skip shell extension 'powershell' for command environment: Not usable outside of PowerShell
[8.413s] DEBUG:colcon.colcon_core.shell:Skip shell extension 'dsv' for command environment
[8.417s] INFO:colcon.colcon_ros.task.ament_python.build:Building ROS package in '/ros2_ws/src/fsm' with build type 'ament_python'
[8.417s] Level 1:colcon.colcon_core.shell:create_environment_hook('fsm', 'ament_prefix_path')
[8.418s] INFO:colcon.colcon_core.shell:Creating environment hook '/ros2_ws/install/fsm/share/fsm/hook/ament_prefix_path.ps1'
[8.419s] INFO:colcon.colcon_core.shell:Creating environment descriptor '/ros2_ws/install/fsm/share/fsm/hook/ament_prefix_path.dsv'
[8.420s] INFO:colcon.colcon_core.shell:Creating environment hook '/ros2_ws/install/fsm/share/fsm/hook/ament_prefix_path.sh'
[8.421s] INFO:colcon.colcon_core.shell:Skip shell extension 'powershell' for command environment: Not usable outside of PowerShell
[8.421s] DEBUG:colcon.colcon_core.shell:Skip shell extension 'dsv' for command environment
[8.425s] INFO:colcon.colcon_ros.task.ament_python.build:Building ROS package in '/ros2_ws/src/perception' with build type 'ament_python'
[8.425s] Level 1:colcon.colcon_core.shell:create_environment_hook('perception', 'ament_prefix_path')
[8.427s] INFO:colcon.colcon_core.shell:Creating environment hook '/ros2_ws/install/perception/share/perception/hook/ament_prefix_path.ps1'
[8.430s] INFO:colcon.colcon_core.shell:Creating environment descriptor '/ros2_ws/install/perception/share/perception/hook/ament_prefix_path.dsv'
[8.431s] INFO:colcon.colcon_core.shell:Creating environment hook '/ros2_ws/install/perception/share/perception/hook/ament_prefix_path.sh'
[8.433s] INFO:colcon.colcon_core.shell:Skip shell extension 'powershell' for command environment: Not usable outside of PowerShell
[8.433s] DEBUG:colcon.colcon_core.shell:Skip shell extension 'dsv' for command environment
[8.439s] INFO:colcon.colcon_ros.task.ament_python.build:Building ROS package in '/ros2_ws/src/planning' with build type 'ament_python'
[8.439s] Level 1:colcon.colcon_core.shell:create_environment_hook('planning', 'ament_prefix_path')
[8.441s] INFO:colcon.colcon_core.shell:Creating environment hook '/ros2_ws/install/planning/share/planning/hook/ament_prefix_path.ps1'
[8.444s] INFO:colcon.colcon_core.shell:Creating environment descriptor '/ros2_ws/install/planning/share/planning/hook/ament_prefix_path.dsv'
[8.447s] INFO:colcon.colcon_core.shell:Creating environment hook '/ros2_ws/install/planning/share/planning/hook/ament_prefix_path.sh'
[8.449s] INFO:colcon.colcon_core.shell:Skip shell extension 'powershell' for command environment: Not usable outside of PowerShell
[8.449s] DEBUG:colcon.colcon_core.shell:Skip shell extension 'dsv' for command environment
[8.699s] INFO:colcon.colcon_core.task.python.build:Building Python package in '/ros2_ws/src/controller'
[8.701s] INFO:colcon.colcon_core.shell:Skip shell extension 'powershell' for command environment: Not usable outside of PowerShell
[8.701s] DEBUG:colcon.colcon_core.shell:Skip shell extension 'dsv' for command environment
[8.884s] INFO:colcon.colcon_core.task.python.build:Building Python package in '/ros2_ws/src/perception'
[8.885s] INFO:colcon.colcon_core.shell:Skip shell extension 'powershell' for command environment: Not usable outside of PowerShell
[8.886s] DEBUG:colcon.colcon_core.shell:Skip shell extension 'dsv' for command environment
[9.070s] INFO:colcon.colcon_core.task.python.build:Building Python package in '/ros2_ws/src/fsm'
[9.071s] INFO:colcon.colcon_core.shell:Skip shell extension 'powershell' for command environment: Not usable outside of PowerShell
[9.071s] DEBUG:colcon.colcon_core.shell:Skip shell extension 'dsv' for command environment
[9.257s] INFO:colcon.colcon_core.task.python.build:Building Python package in '/ros2_ws/src/planning'
[9.258s] INFO:colcon.colcon_core.shell:Skip shell extension 'powershell' for command environment: Not usable outside of PowerShell
[9.258s] DEBUG:colcon.colcon_core.shell:Skip shell extension 'dsv' for command environment
[9.576s] DEBUG:colcon.colcon_core.event_handler.log_command:Invoking command in '/ros2_ws/src/controller': AMENT_PREFIX_PATH=/ros2_ws/install/planning_msgs:/ros2_ws/install/fsm_msgs:/ros2_ws/install/common_msgs:${AMENT_PREFIX_PATH} CMAKE_PREFIX_PATH=/ros2_ws/install/planning_msgs:/ros2_ws/install/fsm_msgs:/ros2_ws/install/common_msgs LD_LIBRARY_PATH=/ros2_ws/install/planning_msgs/lib:/ros2_ws/install/fsm_msgs/lib:/ros2_ws/install/common_msgs/lib:${LD_LIBRARY_PATH} PYTHONPATH=/ros2_ws/build/cengaver_controller/prefix_override:/ros2_ws/install/cengaver_controller/lib/python3.8/site-packages:/ros2_ws/install/planning_msgs/lib/python3.8/site-packages:/ros2_ws/install/fsm_msgs/lib/python3.8/site-packages:/ros2_ws/install/common_msgs/lib/python3.8/site-packages:${PYTHONPATH} /usr/bin/python3 setup.py egg_info --egg-base ../../build/cengaver_controller build --build-base /ros2_ws/build/cengaver_controller/build install --record /ros2_ws/build/cengaver_controller/install.log --single-version-externally-managed
[9.582s] DEBUG:colcon.colcon_core.event_handler.log_command:Invoking command in '/ros2_ws/src/perception': AMENT_PREFIX_PATH=/ros2_ws/install/planning_msgs:/ros2_ws/install/perception_msgs:${AMENT_PREFIX_PATH} CMAKE_PREFIX_PATH=/ros2_ws/install/planning_msgs:/ros2_ws/install/perception_msgs LD_LIBRARY_PATH=/ros2_ws/install/planning_msgs/lib:/ros2_ws/install/perception_msgs/lib:${LD_LIBRARY_PATH} PYTHONPATH=/ros2_ws/build/perception/prefix_override:/ros2_ws/install/perception/lib/python3.8/site-packages:/ros2_ws/install/planning_msgs/lib/python3.8/site-packages:/ros2_ws/install/perception_msgs/lib/python3.8/site-packages:${PYTHONPATH} /usr/bin/python3 setup.py egg_info --egg-base ../../build/perception build --build-base /ros2_ws/build/perception/build install --record /ros2_ws/build/perception/install.log --single-version-externally-managed
[9.585s] DEBUG:colcon.colcon_core.event_handler.log_command:Invoking command in '/ros2_ws/src/fsm': AMENT_PREFIX_PATH=/ros2_ws/install/planning_msgs:/ros2_ws/install/perception_msgs:/ros2_ws/install/localization_msgs:/ros2_ws/install/fsm_msgs:/ros2_ws/install/common_msgs:${AMENT_PREFIX_PATH} CMAKE_PREFIX_PATH=/ros2_ws/install/planning_msgs:/ros2_ws/install/perception_msgs:/ros2_ws/install/localization_msgs:/ros2_ws/install/fsm_msgs:/ros2_ws/install/common_msgs LD_LIBRARY_PATH=/ros2_ws/install/planning_msgs/lib:/ros2_ws/install/perception_msgs/lib:/ros2_ws/install/localization_msgs/lib:/ros2_ws/install/fsm_msgs/lib:/ros2_ws/install/common_msgs/lib:${LD_LIBRARY_PATH} PYTHONPATH=/ros2_ws/build/fsm/prefix_override:/ros2_ws/install/fsm/lib/python3.8/site-packages:/ros2_ws/install/planning_msgs/lib/python3.8/site-packages:/ros2_ws/install/perception_msgs/lib/python3.8/site-packages:/ros2_ws/install/localization_msgs/lib/python3.8/site-packages:/ros2_ws/install/fsm_msgs/lib/python3.8/site-packages:/ros2_ws/install/common_msgs/lib/python3.8/site-packages:${PYTHONPATH} /usr/bin/python3 setup.py egg_info --egg-base ../../build/fsm build --build-base /ros2_ws/build/fsm/build install --record /ros2_ws/build/fsm/install.log --single-version-externally-managed
[9.698s] DEBUG:colcon.colcon_core.event_handler.log_command:Invoking command in '/ros2_ws/src/planning': AMENT_PREFIX_PATH=/ros2_ws/install/planning_msgs:/ros2_ws/install/perception_msgs:/ros2_ws/install/localization_msgs:/ros2_ws/install/fsm_msgs:/ros2_ws/install/common_msgs:${AMENT_PREFIX_PATH} CMAKE_PREFIX_PATH=/ros2_ws/install/planning_msgs:/ros2_ws/install/perception_msgs:/ros2_ws/install/localization_msgs:/ros2_ws/install/fsm_msgs:/ros2_ws/install/common_msgs LD_LIBRARY_PATH=/ros2_ws/install/planning_msgs/lib:/ros2_ws/install/perception_msgs/lib:/ros2_ws/install/localization_msgs/lib:/ros2_ws/install/fsm_msgs/lib:/ros2_ws/install/common_msgs/lib:${LD_LIBRARY_PATH} PYTHONPATH=/ros2_ws/build/planning/prefix_override:/ros2_ws/install/planning/lib/python3.8/site-packages:/ros2_ws/install/planning_msgs/lib/python3.8/site-packages:/ros2_ws/install/perception_msgs/lib/python3.8/site-packages:/ros2_ws/install/localization_msgs/lib/python3.8/site-packages:/ros2_ws/install/fsm_msgs/lib/python3.8/site-packages:/ros2_ws/install/common_msgs/lib/python3.8/site-packages:${PYTHONPATH} /usr/bin/python3 setup.py egg_info --egg-base ../../build/planning build --build-base /ros2_ws/build/planning/build install --record /ros2_ws/build/planning/install.log --single-version-externally-managed
[9.885s] Level 1:colcon.colcon_core.environment:checking '/ros2_ws/install/fsm' for CMake module files
[9.886s] DEBUG:colcon.colcon_core.event_handler.log_command:Invoked command in '/ros2_ws/src/fsm' returned '0': AMENT_PREFIX_PATH=/ros2_ws/install/planning_msgs:/ros2_ws/install/perception_msgs:/ros2_ws/install/localization_msgs:/ros2_ws/install/fsm_msgs:/ros2_ws/install/common_msgs:${AMENT_PREFIX_PATH} CMAKE_PREFIX_PATH=/ros2_ws/install/planning_msgs:/ros2_ws/install/perception_msgs:/ros2_ws/install/localization_msgs:/ros2_ws/install/fsm_msgs:/ros2_ws/install/common_msgs LD_LIBRARY_PATH=/ros2_ws/install/planning_msgs/lib:/ros2_ws/install/perception_msgs/lib:/ros2_ws/install/localization_msgs/lib:/ros2_ws/install/fsm_msgs/lib:/ros2_ws/install/common_msgs/lib:${LD_LIBRARY_PATH} PYTHONPATH=/ros2_ws/build/fsm/prefix_override:/ros2_ws/install/fsm/lib/python3.8/site-packages:/ros2_ws/install/planning_msgs/lib/python3.8/site-packages:/ros2_ws/install/perception_msgs/lib/python3.8/site-packages:/ros2_ws/install/localization_msgs/lib/python3.8/site-packages:/ros2_ws/install/fsm_msgs/lib/python3.8/site-packages:/ros2_ws/install/common_msgs/lib/python3.8/site-packages:${PYTHONPATH} /usr/bin/python3 setup.py egg_info --egg-base ../../build/fsm build --build-base /ros2_ws/build/fsm/build install --record /ros2_ws/build/fsm/install.log --single-version-externally-managed
[9.888s] Level 1:colcon.colcon_core.environment:checking '/ros2_ws/install/fsm' for CMake config files
[9.892s] Level 1:colcon.colcon_core.environment:checking '/ros2_ws/install/fsm/lib'
[9.893s] Level 1:colcon.colcon_core.environment:checking '/ros2_ws/install/fsm/bin'
[9.893s] Level 1:colcon.colcon_core.shell:create_environment_hook('fsm', 'path')
[9.894s] INFO:colcon.colcon_core.shell:Creating environment hook '/ros2_ws/install/fsm/share/fsm/hook/path.ps1'
[9.895s] INFO:colcon.colcon_core.shell:Creating environment descriptor '/ros2_ws/install/fsm/share/fsm/hook/path.dsv'
[9.897s] INFO:colcon.colcon_core.shell:Creating environment hook '/ros2_ws/install/fsm/share/fsm/hook/path.sh'
[9.897s] Level 1:colcon.colcon_core.environment:checking '/ros2_ws/install/fsm/lib/pkgconfig/fsm.pc'
[9.898s] Level 1:colcon.colcon_core.environment:checking '/ros2_ws/install/fsm/lib/python3.8/site-packages'
[9.898s] Level 1:colcon.colcon_core.shell:create_environment_hook('fsm', 'pythonpath')
[9.898s] INFO:colcon.colcon_core.shell:Creating environment hook '/ros2_ws/install/fsm/share/fsm/hook/pythonpath.ps1'
[9.900s] INFO:colcon.colcon_core.shell:Creating environment descriptor '/ros2_ws/install/fsm/share/fsm/hook/pythonpath.dsv'
[9.900s] INFO:colcon.colcon_core.shell:Creating environment hook '/ros2_ws/install/fsm/share/fsm/hook/pythonpath.sh'
[9.901s] Level 1:colcon.colcon_core.environment:checking '/ros2_ws/install/fsm/bin'
[9.902s] Level 1:colcon.colcon_core.shell:create_environment_hook('fsm', 'pythonscriptspath')
[9.903s] INFO:colcon.colcon_core.shell:Creating environment hook '/ros2_ws/install/fsm/share/fsm/hook/pythonscriptspath.ps1'
[9.904s] INFO:colcon.colcon_core.shell:Creating environment descriptor '/ros2_ws/install/fsm/share/fsm/hook/pythonscriptspath.dsv'
[9.908s] INFO:colcon.colcon_core.shell:Creating environment hook '/ros2_ws/install/fsm/share/fsm/hook/pythonscriptspath.sh'
[9.910s] Level 1:colcon.colcon_core.environment:create_environment_scripts_only(fsm)
[9.911s] INFO:colcon.colcon_core.shell:Creating package script '/ros2_ws/install/fsm/share/fsm/package.ps1'
[9.913s] INFO:colcon.colcon_core.shell:Creating package descriptor '/ros2_ws/install/fsm/share/fsm/package.dsv'
[9.914s] INFO:colcon.colcon_core.shell:Creating package script '/ros2_ws/install/fsm/share/fsm/package.sh'
[9.915s] INFO:colcon.colcon_core.shell:Creating package script '/ros2_ws/install/fsm/share/fsm/package.bash'
[9.916s] INFO:colcon.colcon_core.shell:Creating package script '/ros2_ws/install/fsm/share/fsm/package.zsh'
[9.917s] Level 1:colcon.colcon_core.environment:create_file_with_runtime_dependencies(/ros2_ws/install/fsm/share/colcon-core/packages/fsm)
[9.921s] DEBUG:colcon.colcon_core.event_handler.log_command:Invoked command in '/ros2_ws/src/controller' returned '1': AMENT_PREFIX_PATH=/ros2_ws/install/planning_msgs:/ros2_ws/install/fsm_msgs:/ros2_ws/install/common_msgs:${AMENT_PREFIX_PATH} CMAKE_PREFIX_PATH=/ros2_ws/install/planning_msgs:/ros2_ws/install/fsm_msgs:/ros2_ws/install/common_msgs LD_LIBRARY_PATH=/ros2_ws/install/planning_msgs/lib:/ros2_ws/install/fsm_msgs/lib:/ros2_ws/install/common_msgs/lib:${LD_LIBRARY_PATH} PYTHONPATH=/ros2_ws/build/cengaver_controller/prefix_override:/ros2_ws/install/cengaver_controller/lib/python3.8/site-packages:/ros2_ws/install/planning_msgs/lib/python3.8/site-packages:/ros2_ws/install/fsm_msgs/lib/python3.8/site-packages:/ros2_ws/install/common_msgs/lib/python3.8/site-packages:${PYTHONPATH} /usr/bin/python3 setup.py egg_info --egg-base ../../build/cengaver_controller build --build-base /ros2_ws/build/cengaver_controller/build install --record /ros2_ws/build/cengaver_controller/install.log --single-version-externally-managed
[10.002s] DEBUG:colcon.colcon_parallel_executor.executor.parallel:closing loop
[10.003s] DEBUG:colcon.colcon_parallel_executor.executor.parallel:loop closed
[10.003s] DEBUG:colcon.colcon_parallel_executor.executor.parallel:run_until_complete finished with '1'
[10.004s] DEBUG:colcon.colcon_core.event_reactor:joining thread
[10.009s] INFO:colcon.colcon_core.plugin_system:Skipping extension 'colcon_notification.desktop_notification.notify_send': Could not find 'notify-send'
[10.009s] INFO:colcon.colcon_core.plugin_system:Skipping extension 'colcon_notification.desktop_notification.terminal_notifier': Not used on non-Darwin systems
[10.009s] INFO:colcon.colcon_core.plugin_system:Skipping extension 'colcon_notification.desktop_notification.win32': Not used on non-Windows systems
[10.009s] INFO:colcon.colcon_notification.desktop_notification:Sending desktop notification using 'notify2'
[10.010s] DEBUG:colcon.colcon_notification.desktop_notification.notify2:Failed to initialize notify2: org.freedesktop.DBus.Error.NotSupported: Unable to autolaunch a dbus-daemon without a $DISPLAY for X11
[10.010s] DEBUG:colcon.colcon_core.event_reactor:joined thread
[10.011s] INFO:colcon.colcon_core.shell:Creating prefix script '/ros2_ws/install/local_setup.ps1'
[10.012s] INFO:colcon.colcon_core.shell:Creating prefix util module '/ros2_ws/install/_local_setup_util_ps1.py'
[10.013s] INFO:colcon.colcon_core.shell:Creating prefix chain script '/ros2_ws/install/setup.ps1'
[10.014s] INFO:colcon.colcon_core.shell:Creating prefix script '/ros2_ws/install/local_setup.sh'
[10.014s] INFO:colcon.colcon_core.shell:Creating prefix util module '/ros2_ws/install/_local_setup_util_sh.py'
[10.015s] INFO:colcon.colcon_core.shell:Creating prefix chain script '/ros2_ws/install/setup.sh'
[10.016s] INFO:colcon.colcon_core.shell:Creating prefix script '/ros2_ws/install/local_setup.bash'
[10.016s] INFO:colcon.colcon_core.shell:Creating prefix chain script '/ros2_ws/install/setup.bash'
[10.017s] INFO:colcon.colcon_core.shell:Creating prefix script '/ros2_ws/install/local_setup.zsh'
[10.017s] INFO:colcon.colcon_core.shell:Creating prefix chain script '/ros2_ws/install/setup.zsh'
