[  2%] Built target common_msgs__cpp
[ 12%] Built target common_msgs__rosidl_generator_c
[ 23%] Built target common_msgs__rosidl_typesupport_cpp
[ 33%] Built target common_msgs__rosidl_typesupport_introspection_cpp
[ 46%] Built target common_msgs__rosidl_typesupport_fastrtps_cpp
[ 64%] Built target common_msgs__rosidl_typesupport_introspection_c
[ 64%] Built target common_msgs__rosidl_typesupport_c
[ 74%] Built target common_msgs__rosidl_typesupport_fastrtps_c
[ 74%] Built target common_msgs
[ 76%] Built target common_msgs__py
[ 84%] Built target common_msgs__python
[ 89%] Built target common_msgs__rosidl_typesupport_introspection_c__pyext
[ 94%] Built target common_msgs__rosidl_typesupport_c__pyext
[100%] Built target common_msgs__rosidl_typesupport_fastrtps_c__pyext
-- Install configuration: ""
-- Up-to-date: /ros2_ws/install/common_msgs/share/ament_index/resource_index/rosidl_interfaces/common_msgs
-- Up-to-date: /ros2_ws/install/common_msgs/include/common_msgs
-- Up-to-date: /ros2_ws/install/common_msgs/include/common_msgs/msg
-- Up-to-date: /ros2_ws/install/common_msgs/include/common_msgs/msg/rosidl_generator_c__visibility_control.h
-- Up-to-date: /ros2_ws/install/common_msgs/include/common_msgs/msg/stop_reason.h
-- Up-to-date: /ros2_ws/install/common_msgs/include/common_msgs/msg/detail
-- Up-to-date: /ros2_ws/install/common_msgs/include/common_msgs/msg/detail/stop_reason__functions.c
-- Up-to-date: /ros2_ws/install/common_msgs/include/common_msgs/msg/detail/autonomy_mode__functions.c
-- Up-to-date: /ros2_ws/install/common_msgs/include/common_msgs/msg/detail/autonomy_mode__struct.h
-- Up-to-date: /ros2_ws/install/common_msgs/include/common_msgs/msg/detail/stop_reason__functions.h
-- Up-to-date: /ros2_ws/install/common_msgs/include/common_msgs/msg/detail/stop_reason__struct.h
-- Up-to-date: /ros2_ws/install/common_msgs/include/common_msgs/msg/detail/stop_reason__type_support.h
-- Up-to-date: /ros2_ws/install/common_msgs/include/common_msgs/msg/detail/autonomy_mode__functions.h
-- Up-to-date: /ros2_ws/install/common_msgs/include/common_msgs/msg/detail/autonomy_mode__type_support.h
-- Up-to-date: /ros2_ws/install/common_msgs/include/common_msgs/msg/autonomy_mode.h
-- Up-to-date: /ros2_ws/install/common_msgs/share/common_msgs/environment/library_path.sh
-- Up-to-date: /ros2_ws/install/common_msgs/share/common_msgs/environment/library_path.dsv
-- Up-to-date: /ros2_ws/install/common_msgs/lib/libcommon_msgs__rosidl_generator_c.so
-- Up-to-date: /ros2_ws/install/common_msgs/include/common_msgs
-- Up-to-date: /ros2_ws/install/common_msgs/include/common_msgs/msg
-- Up-to-date: /ros2_ws/install/common_msgs/include/common_msgs/msg/detail
-- Up-to-date: /ros2_ws/install/common_msgs/include/common_msgs/msg/detail/autonomy_mode__rosidl_typesupport_fastrtps_c.h
-- Up-to-date: /ros2_ws/install/common_msgs/include/common_msgs/msg/detail/stop_reason__rosidl_typesupport_fastrtps_c.h
-- Up-to-date: /ros2_ws/install/common_msgs/include/common_msgs/msg/rosidl_typesupport_fastrtps_c__visibility_control.h
-- Up-to-date: /ros2_ws/install/common_msgs/lib/libcommon_msgs__rosidl_typesupport_fastrtps_c.so
-- Up-to-date: /ros2_ws/install/common_msgs/include/common_msgs
-- Up-to-date: /ros2_ws/install/common_msgs/include/common_msgs/msg
-- Up-to-date: /ros2_ws/install/common_msgs/include/common_msgs/msg/rosidl_typesupport_fastrtps_cpp__visibility_control.h
-- Up-to-date: /ros2_ws/install/common_msgs/include/common_msgs/msg/detail
-- Up-to-date: /ros2_ws/install/common_msgs/include/common_msgs/msg/detail/autonomy_mode__rosidl_typesupport_fastrtps_cpp.hpp
-- Up-to-date: /ros2_ws/install/common_msgs/include/common_msgs/msg/detail/stop_reason__rosidl_typesupport_fastrtps_cpp.hpp
-- Up-to-date: /ros2_ws/install/common_msgs/include/common_msgs/msg/detail/dds_fastrtps
-- Up-to-date: /ros2_ws/install/common_msgs/lib/libcommon_msgs__rosidl_typesupport_fastrtps_cpp.so
-- Up-to-date: /ros2_ws/install/common_msgs/include/common_msgs
-- Up-to-date: /ros2_ws/install/common_msgs/include/common_msgs/msg
-- Up-to-date: /ros2_ws/install/common_msgs/include/common_msgs/msg/detail
-- Up-to-date: /ros2_ws/install/common_msgs/include/common_msgs/msg/detail/autonomy_mode__rosidl_typesupport_introspection_c.h
-- Up-to-date: /ros2_ws/install/common_msgs/include/common_msgs/msg/detail/autonomy_mode__type_support.c
-- Up-to-date: /ros2_ws/install/common_msgs/include/common_msgs/msg/detail/stop_reason__type_support.c
-- Up-to-date: /ros2_ws/install/common_msgs/include/common_msgs/msg/detail/stop_reason__rosidl_typesupport_introspection_c.h
-- Up-to-date: /ros2_ws/install/common_msgs/include/common_msgs/msg/rosidl_typesupport_introspection_c__visibility_control.h
-- Up-to-date: /ros2_ws/install/common_msgs/lib/libcommon_msgs__rosidl_typesupport_introspection_c.so
-- Up-to-date: /ros2_ws/install/common_msgs/lib/libcommon_msgs__rosidl_typesupport_c.so
-- Up-to-date: /ros2_ws/install/common_msgs/include/common_msgs
-- Up-to-date: /ros2_ws/install/common_msgs/include/common_msgs/msg
-- Up-to-date: /ros2_ws/install/common_msgs/include/common_msgs/msg/autonomy_mode.hpp
-- Up-to-date: /ros2_ws/install/common_msgs/include/common_msgs/msg/stop_reason.hpp
-- Up-to-date: /ros2_ws/install/common_msgs/include/common_msgs/msg/detail
-- Up-to-date: /ros2_ws/install/common_msgs/include/common_msgs/msg/detail/autonomy_mode__builder.hpp
-- Up-to-date: /ros2_ws/install/common_msgs/include/common_msgs/msg/detail/autonomy_mode__traits.hpp
-- Up-to-date: /ros2_ws/install/common_msgs/include/common_msgs/msg/detail/stop_reason__builder.hpp
-- Up-to-date: /ros2_ws/install/common_msgs/include/common_msgs/msg/detail/autonomy_mode__type_support.hpp
-- Up-to-date: /ros2_ws/install/common_msgs/include/common_msgs/msg/detail/stop_reason__traits.hpp
-- Up-to-date: /ros2_ws/install/common_msgs/include/common_msgs/msg/detail/autonomy_mode__struct.hpp
-- Up-to-date: /ros2_ws/install/common_msgs/include/common_msgs/msg/detail/stop_reason__struct.hpp
-- Up-to-date: /ros2_ws/install/common_msgs/include/common_msgs/msg/detail/stop_reason__type_support.hpp
-- Up-to-date: /ros2_ws/install/common_msgs/include/common_msgs/msg/rosidl_generator_cpp__visibility_control.hpp
-- Up-to-date: /ros2_ws/install/common_msgs/include/common_msgs
-- Up-to-date: /ros2_ws/install/common_msgs/include/common_msgs/msg
-- Up-to-date: /ros2_ws/install/common_msgs/include/common_msgs/msg/detail
-- Up-to-date: /ros2_ws/install/common_msgs/include/common_msgs/msg/detail/autonomy_mode__rosidl_typesupport_introspection_cpp.hpp
-- Up-to-date: /ros2_ws/install/common_msgs/include/common_msgs/msg/detail/stop_reason__type_support.cpp
-- Up-to-date: /ros2_ws/install/common_msgs/include/common_msgs/msg/detail/autonomy_mode__type_support.cpp
-- Up-to-date: /ros2_ws/install/common_msgs/include/common_msgs/msg/detail/stop_reason__rosidl_typesupport_introspection_cpp.hpp
-- Up-to-date: /ros2_ws/install/common_msgs/lib/libcommon_msgs__rosidl_typesupport_introspection_cpp.so
-- Up-to-date: /ros2_ws/install/common_msgs/lib/libcommon_msgs__rosidl_typesupport_cpp.so
-- Up-to-date: /ros2_ws/install/common_msgs/share/common_msgs/environment/pythonpath.sh
-- Up-to-date: /ros2_ws/install/common_msgs/share/common_msgs/environment/pythonpath.dsv
-- Up-to-date: /ros2_ws/install/common_msgs/lib/python3.8/site-packages/common_msgs/__init__.py
-- Up-to-date: /ros2_ws/install/common_msgs/lib/python3.8/site-packages/common_msgs/msg
-- Up-to-date: /ros2_ws/install/common_msgs/lib/python3.8/site-packages/common_msgs/msg/_autonomy_mode_s.c
-- Up-to-date: /ros2_ws/install/common_msgs/lib/python3.8/site-packages/common_msgs/msg/_stop_reason.py
-- Up-to-date: /ros2_ws/install/common_msgs/lib/python3.8/site-packages/common_msgs/msg/__init__.py
-- Up-to-date: /ros2_ws/install/common_msgs/lib/python3.8/site-packages/common_msgs/msg/_autonomy_mode.py
-- Up-to-date: /ros2_ws/install/common_msgs/lib/python3.8/site-packages/common_msgs/msg/_stop_reason_s.c
-- Up-to-date: /ros2_ws/install/common_msgs/lib/python3.8/site-packages/common_msgs/common_msgs_s__rosidl_typesupport_fastrtps_c.cpython-38-x86_64-linux-gnu.so
-- Up-to-date: /ros2_ws/install/common_msgs/lib/python3.8/site-packages/common_msgs/common_msgs_s__rosidl_typesupport_introspection_c.cpython-38-x86_64-linux-gnu.so
-- Up-to-date: /ros2_ws/install/common_msgs/lib/python3.8/site-packages/common_msgs/common_msgs_s__rosidl_typesupport_c.cpython-38-x86_64-linux-gnu.so
-- Up-to-date: /ros2_ws/install/common_msgs/lib/libcommon_msgs__python.so
-- Up-to-date: /ros2_ws/install/common_msgs/share/common_msgs/msg/AutonomyMode.idl
-- Up-to-date: /ros2_ws/install/common_msgs/share/common_msgs/msg/StopReason.idl
-- Up-to-date: /ros2_ws/install/common_msgs/share/common_msgs/msg/AutonomyMode.msg
-- Up-to-date: /ros2_ws/install/common_msgs/share/common_msgs/msg/StopReason.msg
-- Up-to-date: /ros2_ws/install/common_msgs/share/ament_index/resource_index/package_run_dependencies/common_msgs
-- Up-to-date: /ros2_ws/install/common_msgs/share/ament_index/resource_index/parent_prefix_path/common_msgs
-- Up-to-date: /ros2_ws/install/common_msgs/share/common_msgs/environment/ament_prefix_path.sh
-- Up-to-date: /ros2_ws/install/common_msgs/share/common_msgs/environment/ament_prefix_path.dsv
-- Up-to-date: /ros2_ws/install/common_msgs/share/common_msgs/environment/path.sh
-- Up-to-date: /ros2_ws/install/common_msgs/share/common_msgs/environment/path.dsv
-- Up-to-date: /ros2_ws/install/common_msgs/share/common_msgs/local_setup.bash
-- Up-to-date: /ros2_ws/install/common_msgs/share/common_msgs/local_setup.sh
-- Up-to-date: /ros2_ws/install/common_msgs/share/common_msgs/local_setup.zsh
-- Up-to-date: /ros2_ws/install/common_msgs/share/common_msgs/local_setup.dsv
-- Installing: /ros2_ws/install/common_msgs/share/common_msgs/package.dsv
-- Up-to-date: /ros2_ws/install/common_msgs/share/ament_index/resource_index/packages/common_msgs
-- Up-to-date: /ros2_ws/install/common_msgs/share/common_msgs/cmake/common_msgs__rosidl_generator_cExport.cmake
-- Up-to-date: /ros2_ws/install/common_msgs/share/common_msgs/cmake/common_msgs__rosidl_generator_cExport-noconfig.cmake
-- Up-to-date: /ros2_ws/install/common_msgs/share/common_msgs/cmake/common_msgs__rosidl_typesupport_introspection_cExport.cmake
-- Up-to-date: /ros2_ws/install/common_msgs/share/common_msgs/cmake/common_msgs__rosidl_typesupport_introspection_cExport-noconfig.cmake
-- Up-to-date: /ros2_ws/install/common_msgs/share/common_msgs/cmake/common_msgs__rosidl_typesupport_cExport.cmake
-- Up-to-date: /ros2_ws/install/common_msgs/share/common_msgs/cmake/common_msgs__rosidl_typesupport_cExport-noconfig.cmake
-- Up-to-date: /ros2_ws/install/common_msgs/share/common_msgs/cmake/common_msgs__rosidl_generator_cppExport.cmake
-- Up-to-date: /ros2_ws/install/common_msgs/share/common_msgs/cmake/common_msgs__rosidl_typesupport_introspection_cppExport.cmake
-- Up-to-date: /ros2_ws/install/common_msgs/share/common_msgs/cmake/common_msgs__rosidl_typesupport_introspection_cppExport-noconfig.cmake
-- Up-to-date: /ros2_ws/install/common_msgs/share/common_msgs/cmake/common_msgs__rosidl_typesupport_cppExport.cmake
-- Up-to-date: /ros2_ws/install/common_msgs/share/common_msgs/cmake/common_msgs__rosidl_typesupport_cppExport-noconfig.cmake
-- Up-to-date: /ros2_ws/install/common_msgs/share/common_msgs/cmake/rosidl_cmake-extras.cmake
-- Up-to-date: /ros2_ws/install/common_msgs/share/common_msgs/cmake/ament_cmake_export_dependencies-extras.cmake
-- Up-to-date: /ros2_ws/install/common_msgs/share/common_msgs/cmake/ament_cmake_export_libraries-extras.cmake
-- Up-to-date: /ros2_ws/install/common_msgs/share/common_msgs/cmake/ament_cmake_export_targets-extras.cmake
-- Up-to-date: /ros2_ws/install/common_msgs/share/common_msgs/cmake/ament_cmake_export_include_directories-extras.cmake
-- Up-to-date: /ros2_ws/install/common_msgs/share/common_msgs/cmake/rosidl_cmake_export_typesupport_libraries-extras.cmake
-- Up-to-date: /ros2_ws/install/common_msgs/share/common_msgs/cmake/rosidl_cmake_export_typesupport_targets-extras.cmake
-- Up-to-date: /ros2_ws/install/common_msgs/share/common_msgs/cmake/common_msgsConfig.cmake
-- Up-to-date: /ros2_ws/install/common_msgs/share/common_msgs/cmake/common_msgsConfig-version.cmake
-- Up-to-date: /ros2_ws/install/common_msgs/share/common_msgs/package.xml
