[0.063s] Invoking command in '/ros2_ws/build/common_msgs': CMAKE_PREFIX_PATH=/opt/ros/foxy /usr/bin/cmake --build /ros2_ws/build/common_msgs -- -j10 -l10
[0.397s] [  2%] Built target common_msgs__cpp
[0.442s] [ 12%] Built target common_msgs__rosidl_generator_c
[0.712s] [ 23%] Built target common_msgs__rosidl_typesupport_cpp
[0.744s] [ 33%] Built target common_msgs__rosidl_typesupport_introspection_cpp
[0.821s] [ 46%] Built target common_msgs__rosidl_typesupport_fastrtps_cpp
[0.836s] [ 64%] Built target common_msgs__rosidl_typesupport_introspection_c
[0.848s] [ 64%] Built target common_msgs__rosidl_typesupport_c
[0.999s] [ 74%] Built target common_msgs__rosidl_typesupport_fastrtps_c
[1.121s] [ 74%] Built target common_msgs
[1.259s] [ 76%] Built target common_msgs__py
[1.397s] [ 84%] Built target common_msgs__python
[1.569s] [ 89%] Built target common_msgs__rosidl_typesupport_introspection_c__pyext
[1.598s] [ 94%] Built target common_msgs__rosidl_typesupport_c__pyext
[1.633s] [100%] Built target common_msgs__rosidl_typesupport_fastrtps_c__pyext
[1.703s] Invoked command in '/ros2_ws/build/common_msgs' returned '0': CMAKE_PREFIX_PATH=/opt/ros/foxy /usr/bin/cmake --build /ros2_ws/build/common_msgs -- -j10 -l10
[2.768s] Invoking command in '/ros2_ws/build/common_msgs': CMAKE_PREFIX_PATH=/opt/ros/foxy /usr/bin/cmake --install /ros2_ws/build/common_msgs
[2.807s] -- Install configuration: ""
[2.808s] -- Up-to-date: /ros2_ws/install/common_msgs/share/ament_index/resource_index/rosidl_interfaces/common_msgs
[2.808s] -- Up-to-date: /ros2_ws/install/common_msgs/include/common_msgs
[2.809s] -- Up-to-date: /ros2_ws/install/common_msgs/include/common_msgs/msg
[2.809s] -- Up-to-date: /ros2_ws/install/common_msgs/include/common_msgs/msg/rosidl_generator_c__visibility_control.h
[2.810s] -- Up-to-date: /ros2_ws/install/common_msgs/include/common_msgs/msg/stop_reason.h
[2.810s] -- Up-to-date: /ros2_ws/install/common_msgs/include/common_msgs/msg/detail
[2.811s] -- Up-to-date: /ros2_ws/install/common_msgs/include/common_msgs/msg/detail/stop_reason__functions.c
[2.812s] -- Up-to-date: /ros2_ws/install/common_msgs/include/common_msgs/msg/detail/autonomy_mode__functions.c
[2.812s] -- Up-to-date: /ros2_ws/install/common_msgs/include/common_msgs/msg/detail/autonomy_mode__struct.h
[2.813s] -- Up-to-date: /ros2_ws/install/common_msgs/include/common_msgs/msg/detail/stop_reason__functions.h
[2.813s] -- Up-to-date: /ros2_ws/install/common_msgs/include/common_msgs/msg/detail/stop_reason__struct.h
[2.813s] -- Up-to-date: /ros2_ws/install/common_msgs/include/common_msgs/msg/detail/stop_reason__type_support.h
[2.814s] -- Up-to-date: /ros2_ws/install/common_msgs/include/common_msgs/msg/detail/autonomy_mode__functions.h
[2.815s] -- Up-to-date: /ros2_ws/install/common_msgs/include/common_msgs/msg/detail/autonomy_mode__type_support.h
[2.817s] -- Up-to-date: /ros2_ws/install/common_msgs/include/common_msgs/msg/autonomy_mode.h
[2.818s] -- Up-to-date: /ros2_ws/install/common_msgs/share/common_msgs/environment/library_path.sh
[2.822s] -- Up-to-date: /ros2_ws/install/common_msgs/share/common_msgs/environment/library_path.dsv
[2.822s] -- Up-to-date: /ros2_ws/install/common_msgs/lib/libcommon_msgs__rosidl_generator_c.so
[2.823s] -- Up-to-date: /ros2_ws/install/common_msgs/include/common_msgs
[2.824s] -- Up-to-date: /ros2_ws/install/common_msgs/include/common_msgs/msg
[2.826s] -- Up-to-date: /ros2_ws/install/common_msgs/include/common_msgs/msg/detail
[2.826s] -- Up-to-date: /ros2_ws/install/common_msgs/include/common_msgs/msg/detail/autonomy_mode__rosidl_typesupport_fastrtps_c.h
[2.827s] -- Up-to-date: /ros2_ws/install/common_msgs/include/common_msgs/msg/detail/stop_reason__rosidl_typesupport_fastrtps_c.h
[2.827s] -- Up-to-date: /ros2_ws/install/common_msgs/include/common_msgs/msg/rosidl_typesupport_fastrtps_c__visibility_control.h
[2.828s] -- Up-to-date: /ros2_ws/install/common_msgs/lib/libcommon_msgs__rosidl_typesupport_fastrtps_c.so
[2.829s] -- Up-to-date: /ros2_ws/install/common_msgs/include/common_msgs
[2.830s] -- Up-to-date: /ros2_ws/install/common_msgs/include/common_msgs/msg
[2.831s] -- Up-to-date: /ros2_ws/install/common_msgs/include/common_msgs/msg/rosidl_typesupport_fastrtps_cpp__visibility_control.h
[2.832s] -- Up-to-date: /ros2_ws/install/common_msgs/include/common_msgs/msg/detail
[2.832s] -- Up-to-date: /ros2_ws/install/common_msgs/include/common_msgs/msg/detail/autonomy_mode__rosidl_typesupport_fastrtps_cpp.hpp
[2.833s] -- Up-to-date: /ros2_ws/install/common_msgs/include/common_msgs/msg/detail/stop_reason__rosidl_typesupport_fastrtps_cpp.hpp
[2.833s] -- Up-to-date: /ros2_ws/install/common_msgs/include/common_msgs/msg/detail/dds_fastrtps
[2.838s] -- Up-to-date: /ros2_ws/install/common_msgs/lib/libcommon_msgs__rosidl_typesupport_fastrtps_cpp.so
[2.838s] -- Up-to-date: /ros2_ws/install/common_msgs/include/common_msgs
[2.839s] -- Up-to-date: /ros2_ws/install/common_msgs/include/common_msgs/msg
[2.840s] -- Up-to-date: /ros2_ws/install/common_msgs/include/common_msgs/msg/detail
[2.840s] -- Up-to-date: /ros2_ws/install/common_msgs/include/common_msgs/msg/detail/autonomy_mode__rosidl_typesupport_introspection_c.h
[2.841s] -- Up-to-date: /ros2_ws/install/common_msgs/include/common_msgs/msg/detail/autonomy_mode__type_support.c
[2.841s] -- Up-to-date: /ros2_ws/install/common_msgs/include/common_msgs/msg/detail/stop_reason__type_support.c
[2.841s] -- Up-to-date: /ros2_ws/install/common_msgs/include/common_msgs/msg/detail/stop_reason__rosidl_typesupport_introspection_c.h
[2.842s] -- Up-to-date: /ros2_ws/install/common_msgs/include/common_msgs/msg/rosidl_typesupport_introspection_c__visibility_control.h
[2.843s] -- Up-to-date: /ros2_ws/install/common_msgs/lib/libcommon_msgs__rosidl_typesupport_introspection_c.so
[2.844s] -- Up-to-date: /ros2_ws/install/common_msgs/lib/libcommon_msgs__rosidl_typesupport_c.so
[2.845s] -- Up-to-date: /ros2_ws/install/common_msgs/include/common_msgs
[2.847s] -- Up-to-date: /ros2_ws/install/common_msgs/include/common_msgs/msg
[2.847s] -- Up-to-date: /ros2_ws/install/common_msgs/include/common_msgs/msg/autonomy_mode.hpp
[2.848s] -- Up-to-date: /ros2_ws/install/common_msgs/include/common_msgs/msg/stop_reason.hpp
[2.848s] -- Up-to-date: /ros2_ws/install/common_msgs/include/common_msgs/msg/detail
[2.848s] -- Up-to-date: /ros2_ws/install/common_msgs/include/common_msgs/msg/detail/autonomy_mode__builder.hpp
[2.848s] -- Up-to-date: /ros2_ws/install/common_msgs/include/common_msgs/msg/detail/autonomy_mode__traits.hpp
[2.849s] -- Up-to-date: /ros2_ws/install/common_msgs/include/common_msgs/msg/detail/stop_reason__builder.hpp
[2.849s] -- Up-to-date: /ros2_ws/install/common_msgs/include/common_msgs/msg/detail/autonomy_mode__type_support.hpp
[2.851s] -- Up-to-date: /ros2_ws/install/common_msgs/include/common_msgs/msg/detail/stop_reason__traits.hpp
[2.851s] -- Up-to-date: /ros2_ws/install/common_msgs/include/common_msgs/msg/detail/autonomy_mode__struct.hpp
[2.852s] -- Up-to-date: /ros2_ws/install/common_msgs/include/common_msgs/msg/detail/stop_reason__struct.hpp
[2.852s] -- Up-to-date: /ros2_ws/install/common_msgs/include/common_msgs/msg/detail/stop_reason__type_support.hpp
[2.853s] -- Up-to-date: /ros2_ws/install/common_msgs/include/common_msgs/msg/rosidl_generator_cpp__visibility_control.hpp
[2.853s] -- Up-to-date: /ros2_ws/install/common_msgs/include/common_msgs
[2.854s] -- Up-to-date: /ros2_ws/install/common_msgs/include/common_msgs/msg
[2.854s] -- Up-to-date: /ros2_ws/install/common_msgs/include/common_msgs/msg/detail
[2.855s] -- Up-to-date: /ros2_ws/install/common_msgs/include/common_msgs/msg/detail/autonomy_mode__rosidl_typesupport_introspection_cpp.hpp
[2.855s] -- Up-to-date: /ros2_ws/install/common_msgs/include/common_msgs/msg/detail/stop_reason__type_support.cpp
[2.856s] -- Up-to-date: /ros2_ws/install/common_msgs/include/common_msgs/msg/detail/autonomy_mode__type_support.cpp
[2.856s] -- Up-to-date: /ros2_ws/install/common_msgs/include/common_msgs/msg/detail/stop_reason__rosidl_typesupport_introspection_cpp.hpp
[2.856s] -- Up-to-date: /ros2_ws/install/common_msgs/lib/libcommon_msgs__rosidl_typesupport_introspection_cpp.so
[2.864s] -- Up-to-date: /ros2_ws/install/common_msgs/lib/libcommon_msgs__rosidl_typesupport_cpp.so
[2.864s] -- Up-to-date: /ros2_ws/install/common_msgs/share/common_msgs/environment/pythonpath.sh
[2.865s] -- Up-to-date: /ros2_ws/install/common_msgs/share/common_msgs/environment/pythonpath.dsv
[2.865s] -- Up-to-date: /ros2_ws/install/common_msgs/lib/python3.8/site-packages/common_msgs/__init__.py
[2.955s] -- Up-to-date: /ros2_ws/install/common_msgs/lib/python3.8/site-packages/common_msgs/msg
[2.956s] -- Up-to-date: /ros2_ws/install/common_msgs/lib/python3.8/site-packages/common_msgs/msg/_autonomy_mode_s.c
[2.956s] -- Up-to-date: /ros2_ws/install/common_msgs/lib/python3.8/site-packages/common_msgs/msg/_stop_reason.py
[2.957s] -- Up-to-date: /ros2_ws/install/common_msgs/lib/python3.8/site-packages/common_msgs/msg/__init__.py
[2.957s] -- Up-to-date: /ros2_ws/install/common_msgs/lib/python3.8/site-packages/common_msgs/msg/_autonomy_mode.py
[2.958s] -- Up-to-date: /ros2_ws/install/common_msgs/lib/python3.8/site-packages/common_msgs/msg/_stop_reason_s.c
[2.960s] -- Up-to-date: /ros2_ws/install/common_msgs/lib/python3.8/site-packages/common_msgs/common_msgs_s__rosidl_typesupport_fastrtps_c.cpython-38-x86_64-linux-gnu.so
[2.963s] -- Up-to-date: /ros2_ws/install/common_msgs/lib/python3.8/site-packages/common_msgs/common_msgs_s__rosidl_typesupport_introspection_c.cpython-38-x86_64-linux-gnu.so
[2.964s] -- Up-to-date: /ros2_ws/install/common_msgs/lib/python3.8/site-packages/common_msgs/common_msgs_s__rosidl_typesupport_c.cpython-38-x86_64-linux-gnu.so
[2.967s] -- Up-to-date: /ros2_ws/install/common_msgs/lib/libcommon_msgs__python.so
[2.969s] -- Up-to-date: /ros2_ws/install/common_msgs/share/common_msgs/msg/AutonomyMode.idl
[2.970s] -- Up-to-date: /ros2_ws/install/common_msgs/share/common_msgs/msg/StopReason.idl
[2.971s] -- Up-to-date: /ros2_ws/install/common_msgs/share/common_msgs/msg/AutonomyMode.msg
[2.971s] -- Up-to-date: /ros2_ws/install/common_msgs/share/common_msgs/msg/StopReason.msg
[2.972s] -- Up-to-date: /ros2_ws/install/common_msgs/share/ament_index/resource_index/package_run_dependencies/common_msgs
[2.972s] -- Up-to-date: /ros2_ws/install/common_msgs/share/ament_index/resource_index/parent_prefix_path/common_msgs
[2.973s] -- Up-to-date: /ros2_ws/install/common_msgs/share/common_msgs/environment/ament_prefix_path.sh
[2.973s] -- Up-to-date: /ros2_ws/install/common_msgs/share/common_msgs/environment/ament_prefix_path.dsv
[2.974s] -- Up-to-date: /ros2_ws/install/common_msgs/share/common_msgs/environment/path.sh
[2.975s] -- Up-to-date: /ros2_ws/install/common_msgs/share/common_msgs/environment/path.dsv
[2.978s] -- Up-to-date: /ros2_ws/install/common_msgs/share/common_msgs/local_setup.bash
[2.978s] -- Up-to-date: /ros2_ws/install/common_msgs/share/common_msgs/local_setup.sh
[2.978s] -- Up-to-date: /ros2_ws/install/common_msgs/share/common_msgs/local_setup.zsh
[2.978s] -- Up-to-date: /ros2_ws/install/common_msgs/share/common_msgs/local_setup.dsv
[2.979s] -- Installing: /ros2_ws/install/common_msgs/share/common_msgs/package.dsv
[2.979s] -- Up-to-date: /ros2_ws/install/common_msgs/share/ament_index/resource_index/packages/common_msgs
[2.980s] -- Up-to-date: /ros2_ws/install/common_msgs/share/common_msgs/cmake/common_msgs__rosidl_generator_cExport.cmake
[2.981s] -- Up-to-date: /ros2_ws/install/common_msgs/share/common_msgs/cmake/common_msgs__rosidl_generator_cExport-noconfig.cmake
[2.982s] -- Up-to-date: /ros2_ws/install/common_msgs/share/common_msgs/cmake/common_msgs__rosidl_typesupport_introspection_cExport.cmake
[2.982s] -- Up-to-date: /ros2_ws/install/common_msgs/share/common_msgs/cmake/common_msgs__rosidl_typesupport_introspection_cExport-noconfig.cmake
[2.983s] -- Up-to-date: /ros2_ws/install/common_msgs/share/common_msgs/cmake/common_msgs__rosidl_typesupport_cExport.cmake
[2.983s] -- Up-to-date: /ros2_ws/install/common_msgs/share/common_msgs/cmake/common_msgs__rosidl_typesupport_cExport-noconfig.cmake
[2.984s] -- Up-to-date: /ros2_ws/install/common_msgs/share/common_msgs/cmake/common_msgs__rosidl_generator_cppExport.cmake
[2.985s] -- Up-to-date: /ros2_ws/install/common_msgs/share/common_msgs/cmake/common_msgs__rosidl_typesupport_introspection_cppExport.cmake
[2.986s] -- Up-to-date: /ros2_ws/install/common_msgs/share/common_msgs/cmake/common_msgs__rosidl_typesupport_introspection_cppExport-noconfig.cmake
[2.987s] -- Up-to-date: /ros2_ws/install/common_msgs/share/common_msgs/cmake/common_msgs__rosidl_typesupport_cppExport.cmake
[2.987s] -- Up-to-date: /ros2_ws/install/common_msgs/share/common_msgs/cmake/common_msgs__rosidl_typesupport_cppExport-noconfig.cmake
[2.988s] -- Up-to-date: /ros2_ws/install/common_msgs/share/common_msgs/cmake/rosidl_cmake-extras.cmake
[2.988s] -- Up-to-date: /ros2_ws/install/common_msgs/share/common_msgs/cmake/ament_cmake_export_dependencies-extras.cmake
[2.988s] -- Up-to-date: /ros2_ws/install/common_msgs/share/common_msgs/cmake/ament_cmake_export_libraries-extras.cmake
[2.989s] -- Up-to-date: /ros2_ws/install/common_msgs/share/common_msgs/cmake/ament_cmake_export_targets-extras.cmake
[2.989s] -- Up-to-date: /ros2_ws/install/common_msgs/share/common_msgs/cmake/ament_cmake_export_include_directories-extras.cmake
[2.989s] -- Up-to-date: /ros2_ws/install/common_msgs/share/common_msgs/cmake/rosidl_cmake_export_typesupport_libraries-extras.cmake
[2.990s] -- Up-to-date: /ros2_ws/install/common_msgs/share/common_msgs/cmake/rosidl_cmake_export_typesupport_targets-extras.cmake
[2.990s] -- Up-to-date: /ros2_ws/install/common_msgs/share/common_msgs/cmake/common_msgsConfig.cmake
[2.991s] -- Up-to-date: /ros2_ws/install/common_msgs/share/common_msgs/cmake/common_msgsConfig-version.cmake
[2.992s] -- Up-to-date: /ros2_ws/install/common_msgs/share/common_msgs/package.xml
[3.004s] Invoked command in '/ros2_ws/build/common_msgs' returned '0': CMAKE_PREFIX_PATH=/opt/ros/foxy /usr/bin/cmake --install /ros2_ws/build/common_msgs
