[0.068s] Invoking command in '/ros2_ws/build/localization_msgs': CMAKE_PREFIX_PATH=/opt/ros/foxy /usr/bin/cmake --build /ros2_ws/build/localization_msgs -- -j10 -l10
[0.463s] [  4%] Built target localization_msgs__cpp
[0.495s] [ 12%] Built target localization_msgs__rosidl_generator_c
[0.850s] [ 23%] Built target localization_msgs__rosidl_typesupport_cpp
[0.944s] [ 35%] Built target localization_msgs__rosidl_typesupport_introspection_cpp
[0.957s] [ 60%] Built target localization_msgs__rosidl_typesupport_fastrtps_cpp
[0.959s] [ 61%] Built target localization_msgs__rosidl_typesupport_introspection_c
[0.967s] [ 69%] Built target localization_msgs__rosidl_typesupport_c
[1.171s] [ 80%] Built target localization_msgs__rosidl_typesupport_fastrtps_c
[1.333s] [ 80%] Built target localization_msgs
[1.483s] [ 81%] Built target localization_msgs__py
[1.682s] [ 91%] Built target localization_msgs__python
[1.881s] [ 94%] Built target localization_msgs__rosidl_typesupport_fastrtps_c__pyext
[1.921s] [ 97%] Built target localization_msgs__rosidl_typesupport_c__pyext
[1.926s] [100%] Built target localization_msgs__rosidl_typesupport_introspection_c__pyext
[1.972s] Invoked command in '/ros2_ws/build/localization_msgs' returned '0': CMAKE_PREFIX_PATH=/opt/ros/foxy /usr/bin/cmake --build /ros2_ws/build/localization_msgs -- -j10 -l10
[4.002s] Invoking command in '/ros2_ws/build/localization_msgs': CMAKE_PREFIX_PATH=/opt/ros/foxy /usr/bin/cmake --install /ros2_ws/build/localization_msgs
[4.039s] -- Install configuration: ""
[4.041s] -- Up-to-date: /ros2_ws/install/localization_msgs/share/ament_index/resource_index/rosidl_interfaces/localization_msgs
[4.041s] -- Up-to-date: /ros2_ws/install/localization_msgs/include/localization_msgs
[4.042s] -- Up-to-date: /ros2_ws/install/localization_msgs/include/localization_msgs/msg
[4.043s] -- Up-to-date: /ros2_ws/install/localization_msgs/include/localization_msgs/msg/map_origin.h
[4.043s] -- Up-to-date: /ros2_ws/install/localization_msgs/include/localization_msgs/msg/rosidl_generator_c__visibility_control.h
[4.044s] -- Up-to-date: /ros2_ws/install/localization_msgs/include/localization_msgs/msg/localization_odometry.h
[4.044s] -- Up-to-date: /ros2_ws/install/localization_msgs/include/localization_msgs/msg/detail
[4.045s] -- Up-to-date: /ros2_ws/install/localization_msgs/include/localization_msgs/msg/detail/map_origin__functions.h
[4.046s] -- Up-to-date: /ros2_ws/install/localization_msgs/include/localization_msgs/msg/detail/localization_diagnostics__type_support.h
[4.047s] -- Up-to-date: /ros2_ws/install/localization_msgs/include/localization_msgs/msg/detail/localization_odometry__functions.c
[4.047s] -- Up-to-date: /ros2_ws/install/localization_msgs/include/localization_msgs/msg/detail/raw_gps__functions.c
[4.048s] -- Up-to-date: /ros2_ws/install/localization_msgs/include/localization_msgs/msg/detail/localization_diagnostics__functions.c
[4.049s] -- Up-to-date: /ros2_ws/install/localization_msgs/include/localization_msgs/msg/detail/map_origin__struct.h
[4.050s] -- Up-to-date: /ros2_ws/install/localization_msgs/include/localization_msgs/msg/detail/localization_pose__type_support.h
[4.052s] -- Up-to-date: /ros2_ws/install/localization_msgs/include/localization_msgs/msg/detail/raw_gps__struct.h
[4.053s] -- Up-to-date: /ros2_ws/install/localization_msgs/include/localization_msgs/msg/detail/map_origin__type_support.h
[4.054s] -- Up-to-date: /ros2_ws/install/localization_msgs/include/localization_msgs/msg/detail/localization_odometry__struct.h
[4.054s] -- Up-to-date: /ros2_ws/install/localization_msgs/include/localization_msgs/msg/detail/localization_pose__functions.h
[4.054s] -- Up-to-date: /ros2_ws/install/localization_msgs/include/localization_msgs/msg/detail/localization_status__functions.h
[4.054s] -- Up-to-date: /ros2_ws/install/localization_msgs/include/localization_msgs/msg/detail/localization_odometry__type_support.h
[4.055s] -- Up-to-date: /ros2_ws/install/localization_msgs/include/localization_msgs/msg/detail/localization_status__struct.h
[4.055s] -- Up-to-date: /ros2_ws/install/localization_msgs/include/localization_msgs/msg/detail/localization_diagnostics__struct.h
[4.056s] -- Up-to-date: /ros2_ws/install/localization_msgs/include/localization_msgs/msg/detail/map_origin__functions.c
[4.056s] -- Up-to-date: /ros2_ws/install/localization_msgs/include/localization_msgs/msg/detail/localization_status__type_support.h
[4.057s] -- Up-to-date: /ros2_ws/install/localization_msgs/include/localization_msgs/msg/detail/localization_diagnostics__functions.h
[4.057s] -- Up-to-date: /ros2_ws/install/localization_msgs/include/localization_msgs/msg/detail/raw_gps__functions.h
[4.057s] -- Up-to-date: /ros2_ws/install/localization_msgs/include/localization_msgs/msg/detail/localization_pose__struct.h
[4.057s] -- Up-to-date: /ros2_ws/install/localization_msgs/include/localization_msgs/msg/detail/localization_odometry__functions.h
[4.059s] -- Up-to-date: /ros2_ws/install/localization_msgs/include/localization_msgs/msg/detail/raw_gps__type_support.h
[4.059s] -- Up-to-date: /ros2_ws/install/localization_msgs/include/localization_msgs/msg/detail/localization_status__functions.c
[4.059s] -- Up-to-date: /ros2_ws/install/localization_msgs/include/localization_msgs/msg/detail/localization_pose__functions.c
[4.060s] -- Up-to-date: /ros2_ws/install/localization_msgs/include/localization_msgs/msg/localization_pose.h
[4.060s] -- Up-to-date: /ros2_ws/install/localization_msgs/include/localization_msgs/msg/localization_diagnostics.h
[4.061s] -- Up-to-date: /ros2_ws/install/localization_msgs/include/localization_msgs/msg/localization_status.h
[4.062s] -- Up-to-date: /ros2_ws/install/localization_msgs/include/localization_msgs/msg/raw_gps.h
[4.062s] -- Up-to-date: /ros2_ws/install/localization_msgs/share/localization_msgs/environment/library_path.sh
[4.062s] -- Up-to-date: /ros2_ws/install/localization_msgs/share/localization_msgs/environment/library_path.dsv
[4.063s] -- Up-to-date: /ros2_ws/install/localization_msgs/lib/liblocalization_msgs__rosidl_generator_c.so
[4.064s] -- Up-to-date: /ros2_ws/install/localization_msgs/include/localization_msgs
[4.065s] -- Up-to-date: /ros2_ws/install/localization_msgs/include/localization_msgs/msg
[4.066s] -- Up-to-date: /ros2_ws/install/localization_msgs/include/localization_msgs/msg/detail
[4.066s] -- Up-to-date: /ros2_ws/install/localization_msgs/include/localization_msgs/msg/detail/raw_gps__rosidl_typesupport_fastrtps_c.h
[4.067s] -- Up-to-date: /ros2_ws/install/localization_msgs/include/localization_msgs/msg/detail/localization_status__rosidl_typesupport_fastrtps_c.h
[4.068s] -- Up-to-date: /ros2_ws/install/localization_msgs/include/localization_msgs/msg/detail/localization_diagnostics__rosidl_typesupport_fastrtps_c.h
[4.069s] -- Up-to-date: /ros2_ws/install/localization_msgs/include/localization_msgs/msg/detail/localization_pose__rosidl_typesupport_fastrtps_c.h
[4.069s] -- Up-to-date: /ros2_ws/install/localization_msgs/include/localization_msgs/msg/detail/map_origin__rosidl_typesupport_fastrtps_c.h
[4.070s] -- Up-to-date: /ros2_ws/install/localization_msgs/include/localization_msgs/msg/detail/localization_odometry__rosidl_typesupport_fastrtps_c.h
[4.071s] -- Up-to-date: /ros2_ws/install/localization_msgs/include/localization_msgs/msg/rosidl_typesupport_fastrtps_c__visibility_control.h
[4.071s] -- Up-to-date: /ros2_ws/install/localization_msgs/lib/liblocalization_msgs__rosidl_typesupport_fastrtps_c.so
[4.073s] -- Up-to-date: /ros2_ws/install/localization_msgs/include/localization_msgs
[4.074s] -- Up-to-date: /ros2_ws/install/localization_msgs/include/localization_msgs/msg
[4.074s] -- Up-to-date: /ros2_ws/install/localization_msgs/include/localization_msgs/msg/rosidl_typesupport_fastrtps_cpp__visibility_control.h
[4.075s] -- Up-to-date: /ros2_ws/install/localization_msgs/include/localization_msgs/msg/detail
[4.075s] -- Up-to-date: /ros2_ws/install/localization_msgs/include/localization_msgs/msg/detail/localization_diagnostics__rosidl_typesupport_fastrtps_cpp.hpp
[4.076s] -- Up-to-date: /ros2_ws/install/localization_msgs/include/localization_msgs/msg/detail/map_origin__rosidl_typesupport_fastrtps_cpp.hpp
[4.076s] -- Up-to-date: /ros2_ws/install/localization_msgs/include/localization_msgs/msg/detail/raw_gps__rosidl_typesupport_fastrtps_cpp.hpp
[4.077s] -- Up-to-date: /ros2_ws/install/localization_msgs/include/localization_msgs/msg/detail/localization_status__rosidl_typesupport_fastrtps_cpp.hpp
[4.078s] -- Up-to-date: /ros2_ws/install/localization_msgs/include/localization_msgs/msg/detail/localization_odometry__rosidl_typesupport_fastrtps_cpp.hpp
[4.079s] -- Up-to-date: /ros2_ws/install/localization_msgs/include/localization_msgs/msg/detail/dds_fastrtps
[4.080s] -- Up-to-date: /ros2_ws/install/localization_msgs/include/localization_msgs/msg/detail/localization_pose__rosidl_typesupport_fastrtps_cpp.hpp
[4.084s] -- Up-to-date: /ros2_ws/install/localization_msgs/lib/liblocalization_msgs__rosidl_typesupport_fastrtps_cpp.so
[4.086s] -- Up-to-date: /ros2_ws/install/localization_msgs/include/localization_msgs
[4.088s] -- Up-to-date: /ros2_ws/install/localization_msgs/include/localization_msgs/msg
[4.088s] -- Up-to-date: /ros2_ws/install/localization_msgs/include/localization_msgs/msg/detail
[4.088s] -- Up-to-date: /ros2_ws/install/localization_msgs/include/localization_msgs/msg/detail/localization_status__type_support.c
[4.089s] -- Up-to-date: /ros2_ws/install/localization_msgs/include/localization_msgs/msg/detail/localization_odometry__type_support.c
[4.090s] -- Up-to-date: /ros2_ws/install/localization_msgs/include/localization_msgs/msg/detail/localization_odometry__rosidl_typesupport_introspection_c.h
[4.090s] -- Up-to-date: /ros2_ws/install/localization_msgs/include/localization_msgs/msg/detail/raw_gps__type_support.c
[4.090s] -- Up-to-date: /ros2_ws/install/localization_msgs/include/localization_msgs/msg/detail/localization_status__rosidl_typesupport_introspection_c.h
[4.091s] -- Up-to-date: /ros2_ws/install/localization_msgs/include/localization_msgs/msg/detail/localization_diagnostics__type_support.c
[4.092s] -- Up-to-date: /ros2_ws/install/localization_msgs/include/localization_msgs/msg/detail/map_origin__type_support.c
[4.092s] -- Up-to-date: /ros2_ws/install/localization_msgs/include/localization_msgs/msg/detail/map_origin__rosidl_typesupport_introspection_c.h
[4.095s] -- Up-to-date: /ros2_ws/install/localization_msgs/include/localization_msgs/msg/detail/localization_pose__type_support.c
[4.095s] -- Up-to-date: /ros2_ws/install/localization_msgs/include/localization_msgs/msg/detail/raw_gps__rosidl_typesupport_introspection_c.h
[4.096s] -- Up-to-date: /ros2_ws/install/localization_msgs/include/localization_msgs/msg/detail/localization_diagnostics__rosidl_typesupport_introspection_c.h
[4.096s] -- Up-to-date: /ros2_ws/install/localization_msgs/include/localization_msgs/msg/detail/localization_pose__rosidl_typesupport_introspection_c.h
[4.096s] -- Up-to-date: /ros2_ws/install/localization_msgs/include/localization_msgs/msg/rosidl_typesupport_introspection_c__visibility_control.h
[4.097s] -- Up-to-date: /ros2_ws/install/localization_msgs/lib/liblocalization_msgs__rosidl_typesupport_introspection_c.so
[4.097s] -- Up-to-date: /ros2_ws/install/localization_msgs/lib/liblocalization_msgs__rosidl_typesupport_c.so
[4.097s] -- Up-to-date: /ros2_ws/install/localization_msgs/include/localization_msgs
[4.097s] -- Up-to-date: /ros2_ws/install/localization_msgs/include/localization_msgs/msg
[4.097s] -- Up-to-date: /ros2_ws/install/localization_msgs/include/localization_msgs/msg/raw_gps.hpp
[4.100s] -- Up-to-date: /ros2_ws/install/localization_msgs/include/localization_msgs/msg/detail
[4.100s] -- Up-to-date: /ros2_ws/install/localization_msgs/include/localization_msgs/msg/detail/localization_odometry__type_support.hpp
[4.100s] -- Up-to-date: /ros2_ws/install/localization_msgs/include/localization_msgs/msg/detail/map_origin__type_support.hpp
[4.101s] -- Up-to-date: /ros2_ws/install/localization_msgs/include/localization_msgs/msg/detail/localization_odometry__struct.hpp
[4.102s] -- Up-to-date: /ros2_ws/install/localization_msgs/include/localization_msgs/msg/detail/localization_diagnostics__struct.hpp
[4.102s] -- Up-to-date: /ros2_ws/install/localization_msgs/include/localization_msgs/msg/detail/localization_status__struct.hpp
[4.103s] -- Up-to-date: /ros2_ws/install/localization_msgs/include/localization_msgs/msg/detail/localization_pose__traits.hpp
[4.103s] -- Up-to-date: /ros2_ws/install/localization_msgs/include/localization_msgs/msg/detail/raw_gps__struct.hpp
[4.104s] -- Up-to-date: /ros2_ws/install/localization_msgs/include/localization_msgs/msg/detail/localization_pose__type_support.hpp
[4.104s] -- Up-to-date: /ros2_ws/install/localization_msgs/include/localization_msgs/msg/detail/localization_odometry__builder.hpp
[4.105s] -- Up-to-date: /ros2_ws/install/localization_msgs/include/localization_msgs/msg/detail/localization_diagnostics__builder.hpp
[4.106s] -- Up-to-date: /ros2_ws/install/localization_msgs/include/localization_msgs/msg/detail/localization_diagnostics__type_support.hpp
[4.106s] -- Up-to-date: /ros2_ws/install/localization_msgs/include/localization_msgs/msg/detail/raw_gps__builder.hpp
[4.107s] -- Up-to-date: /ros2_ws/install/localization_msgs/include/localization_msgs/msg/detail/map_origin__traits.hpp
[4.107s] -- Up-to-date: /ros2_ws/install/localization_msgs/include/localization_msgs/msg/detail/raw_gps__type_support.hpp
[4.108s] -- Up-to-date: /ros2_ws/install/localization_msgs/include/localization_msgs/msg/detail/localization_status__type_support.hpp
[4.108s] -- Up-to-date: /ros2_ws/install/localization_msgs/include/localization_msgs/msg/detail/localization_diagnostics__traits.hpp
[4.109s] -- Up-to-date: /ros2_ws/install/localization_msgs/include/localization_msgs/msg/detail/localization_status__builder.hpp
[4.109s] -- Up-to-date: /ros2_ws/install/localization_msgs/include/localization_msgs/msg/detail/localization_pose__builder.hpp
[4.109s] -- Up-to-date: /ros2_ws/install/localization_msgs/include/localization_msgs/msg/detail/localization_odometry__traits.hpp
[4.110s] -- Up-to-date: /ros2_ws/install/localization_msgs/include/localization_msgs/msg/detail/localization_status__traits.hpp
[4.111s] -- Up-to-date: /ros2_ws/install/localization_msgs/include/localization_msgs/msg/detail/localization_pose__struct.hpp
[4.111s] -- Up-to-date: /ros2_ws/install/localization_msgs/include/localization_msgs/msg/detail/raw_gps__traits.hpp
[4.112s] -- Up-to-date: /ros2_ws/install/localization_msgs/include/localization_msgs/msg/detail/map_origin__builder.hpp
[4.112s] -- Up-to-date: /ros2_ws/install/localization_msgs/include/localization_msgs/msg/detail/map_origin__struct.hpp
[4.114s] -- Up-to-date: /ros2_ws/install/localization_msgs/include/localization_msgs/msg/rosidl_generator_cpp__visibility_control.hpp
[4.114s] -- Up-to-date: /ros2_ws/install/localization_msgs/include/localization_msgs/msg/map_origin.hpp
[4.115s] -- Up-to-date: /ros2_ws/install/localization_msgs/include/localization_msgs/msg/localization_status.hpp
[4.115s] -- Up-to-date: /ros2_ws/install/localization_msgs/include/localization_msgs/msg/localization_diagnostics.hpp
[4.115s] -- Up-to-date: /ros2_ws/install/localization_msgs/include/localization_msgs/msg/localization_odometry.hpp
[4.116s] -- Up-to-date: /ros2_ws/install/localization_msgs/include/localization_msgs/msg/localization_pose.hpp
[4.116s] -- Up-to-date: /ros2_ws/install/localization_msgs/include/localization_msgs
[4.117s] -- Up-to-date: /ros2_ws/install/localization_msgs/include/localization_msgs/msg
[4.118s] -- Up-to-date: /ros2_ws/install/localization_msgs/include/localization_msgs/msg/detail
[4.119s] -- Up-to-date: /ros2_ws/install/localization_msgs/include/localization_msgs/msg/detail/localization_status__rosidl_typesupport_introspection_cpp.hpp
[4.119s] -- Up-to-date: /ros2_ws/install/localization_msgs/include/localization_msgs/msg/detail/raw_gps__type_support.cpp
[4.122s] -- Up-to-date: /ros2_ws/install/localization_msgs/include/localization_msgs/msg/detail/localization_status__type_support.cpp
[4.122s] -- Up-to-date: /ros2_ws/install/localization_msgs/include/localization_msgs/msg/detail/localization_pose__rosidl_typesupport_introspection_cpp.hpp
[4.123s] -- Up-to-date: /ros2_ws/install/localization_msgs/include/localization_msgs/msg/detail/localization_pose__type_support.cpp
[4.123s] -- Up-to-date: /ros2_ws/install/localization_msgs/include/localization_msgs/msg/detail/localization_diagnostics__type_support.cpp
[4.124s] -- Up-to-date: /ros2_ws/install/localization_msgs/include/localization_msgs/msg/detail/localization_odometry__rosidl_typesupport_introspection_cpp.hpp
[4.125s] -- Up-to-date: /ros2_ws/install/localization_msgs/include/localization_msgs/msg/detail/map_origin__rosidl_typesupport_introspection_cpp.hpp
[4.126s] -- Up-to-date: /ros2_ws/install/localization_msgs/include/localization_msgs/msg/detail/localization_odometry__type_support.cpp
[4.126s] -- Up-to-date: /ros2_ws/install/localization_msgs/include/localization_msgs/msg/detail/localization_diagnostics__rosidl_typesupport_introspection_cpp.hpp
[4.127s] -- Up-to-date: /ros2_ws/install/localization_msgs/include/localization_msgs/msg/detail/map_origin__type_support.cpp
[4.128s] -- Up-to-date: /ros2_ws/install/localization_msgs/include/localization_msgs/msg/detail/raw_gps__rosidl_typesupport_introspection_cpp.hpp
[4.129s] -- Up-to-date: /ros2_ws/install/localization_msgs/lib/liblocalization_msgs__rosidl_typesupport_introspection_cpp.so
[4.129s] -- Up-to-date: /ros2_ws/install/localization_msgs/lib/liblocalization_msgs__rosidl_typesupport_cpp.so
[4.131s] -- Up-to-date: /ros2_ws/install/localization_msgs/share/localization_msgs/environment/pythonpath.sh
[4.133s] -- Up-to-date: /ros2_ws/install/localization_msgs/share/localization_msgs/environment/pythonpath.dsv
[4.135s] -- Up-to-date: /ros2_ws/install/localization_msgs/lib/python3.8/site-packages/localization_msgs/__init__.py
[4.214s] -- Up-to-date: /ros2_ws/install/localization_msgs/lib/python3.8/site-packages/localization_msgs/msg
[4.215s] -- Up-to-date: /ros2_ws/install/localization_msgs/lib/python3.8/site-packages/localization_msgs/msg/_raw_gps.py
[4.216s] -- Up-to-date: /ros2_ws/install/localization_msgs/lib/python3.8/site-packages/localization_msgs/msg/_raw_gps_s.c
[4.216s] -- Up-to-date: /ros2_ws/install/localization_msgs/lib/python3.8/site-packages/localization_msgs/msg/_map_origin.py
[4.217s] -- Up-to-date: /ros2_ws/install/localization_msgs/lib/python3.8/site-packages/localization_msgs/msg/_localization_status.py
[4.217s] -- Up-to-date: /ros2_ws/install/localization_msgs/lib/python3.8/site-packages/localization_msgs/msg/_localization_odometry.py
[4.218s] -- Up-to-date: /ros2_ws/install/localization_msgs/lib/python3.8/site-packages/localization_msgs/msg/_localization_pose_s.c
[4.220s] -- Up-to-date: /ros2_ws/install/localization_msgs/lib/python3.8/site-packages/localization_msgs/msg/__init__.py
[4.221s] -- Up-to-date: /ros2_ws/install/localization_msgs/lib/python3.8/site-packages/localization_msgs/msg/_localization_pose.py
[4.222s] -- Up-to-date: /ros2_ws/install/localization_msgs/lib/python3.8/site-packages/localization_msgs/msg/_map_origin_s.c
[4.222s] -- Up-to-date: /ros2_ws/install/localization_msgs/lib/python3.8/site-packages/localization_msgs/msg/_localization_odometry_s.c
[4.223s] -- Up-to-date: /ros2_ws/install/localization_msgs/lib/python3.8/site-packages/localization_msgs/msg/_localization_status_s.c
[4.223s] -- Up-to-date: /ros2_ws/install/localization_msgs/lib/python3.8/site-packages/localization_msgs/msg/_localization_diagnostics_s.c
[4.223s] -- Up-to-date: /ros2_ws/install/localization_msgs/lib/python3.8/site-packages/localization_msgs/msg/_localization_diagnostics.py
[4.223s] -- Up-to-date: /ros2_ws/install/localization_msgs/lib/python3.8/site-packages/localization_msgs/localization_msgs_s__rosidl_typesupport_fastrtps_c.cpython-38-x86_64-linux-gnu.so
[4.224s] -- Up-to-date: /ros2_ws/install/localization_msgs/lib/python3.8/site-packages/localization_msgs/localization_msgs_s__rosidl_typesupport_introspection_c.cpython-38-x86_64-linux-gnu.so
[4.226s] -- Up-to-date: /ros2_ws/install/localization_msgs/lib/python3.8/site-packages/localization_msgs/localization_msgs_s__rosidl_typesupport_c.cpython-38-x86_64-linux-gnu.so
[4.227s] -- Up-to-date: /ros2_ws/install/localization_msgs/lib/liblocalization_msgs__python.so
[4.228s] -- Up-to-date: /ros2_ws/install/localization_msgs/share/localization_msgs/msg/LocalizationPose.idl
[4.228s] -- Up-to-date: /ros2_ws/install/localization_msgs/share/localization_msgs/msg/LocalizationOdometry.idl
[4.229s] -- Up-to-date: /ros2_ws/install/localization_msgs/share/localization_msgs/msg/LocalizationStatus.idl
[4.229s] -- Up-to-date: /ros2_ws/install/localization_msgs/share/localization_msgs/msg/LocalizationDiagnostics.idl
[4.230s] -- Up-to-date: /ros2_ws/install/localization_msgs/share/localization_msgs/msg/MapOrigin.idl
[4.231s] -- Up-to-date: /ros2_ws/install/localization_msgs/share/localization_msgs/msg/RawGps.idl
[4.231s] -- Up-to-date: /ros2_ws/install/localization_msgs/share/localization_msgs/msg/LocalizationPose.msg
[4.231s] -- Up-to-date: /ros2_ws/install/localization_msgs/share/localization_msgs/msg/LocalizationOdometry.msg
[4.232s] -- Up-to-date: /ros2_ws/install/localization_msgs/share/localization_msgs/msg/LocalizationStatus.msg
[4.232s] -- Up-to-date: /ros2_ws/install/localization_msgs/share/localization_msgs/msg/LocalizationDiagnostics.msg
[4.232s] -- Up-to-date: /ros2_ws/install/localization_msgs/share/localization_msgs/msg/MapOrigin.msg
[4.232s] -- Up-to-date: /ros2_ws/install/localization_msgs/share/localization_msgs/msg/RawGps.msg
[4.233s] -- Up-to-date: /ros2_ws/install/localization_msgs/share/ament_index/resource_index/package_run_dependencies/localization_msgs
[4.234s] -- Up-to-date: /ros2_ws/install/localization_msgs/share/ament_index/resource_index/parent_prefix_path/localization_msgs
[4.234s] -- Up-to-date: /ros2_ws/install/localization_msgs/share/localization_msgs/environment/ament_prefix_path.sh
[4.235s] -- Up-to-date: /ros2_ws/install/localization_msgs/share/localization_msgs/environment/ament_prefix_path.dsv
[4.236s] -- Up-to-date: /ros2_ws/install/localization_msgs/share/localization_msgs/environment/path.sh
[4.236s] -- Up-to-date: /ros2_ws/install/localization_msgs/share/localization_msgs/environment/path.dsv
[4.236s] -- Up-to-date: /ros2_ws/install/localization_msgs/share/localization_msgs/local_setup.bash
[4.237s] -- Up-to-date: /ros2_ws/install/localization_msgs/share/localization_msgs/local_setup.sh
[4.238s] -- Up-to-date: /ros2_ws/install/localization_msgs/share/localization_msgs/local_setup.zsh
[4.239s] -- Up-to-date: /ros2_ws/install/localization_msgs/share/localization_msgs/local_setup.dsv
[4.239s] -- Installing: /ros2_ws/install/localization_msgs/share/localization_msgs/package.dsv
[4.240s] -- Up-to-date: /ros2_ws/install/localization_msgs/share/ament_index/resource_index/packages/localization_msgs
[4.242s] -- Up-to-date: /ros2_ws/install/localization_msgs/share/localization_msgs/cmake/localization_msgs__rosidl_generator_cExport.cmake
[4.242s] -- Up-to-date: /ros2_ws/install/localization_msgs/share/localization_msgs/cmake/localization_msgs__rosidl_generator_cExport-noconfig.cmake
[4.243s] -- Up-to-date: /ros2_ws/install/localization_msgs/share/localization_msgs/cmake/localization_msgs__rosidl_typesupport_introspection_cExport.cmake
[4.244s] -- Up-to-date: /ros2_ws/install/localization_msgs/share/localization_msgs/cmake/localization_msgs__rosidl_typesupport_introspection_cExport-noconfig.cmake
[4.245s] -- Up-to-date: /ros2_ws/install/localization_msgs/share/localization_msgs/cmake/localization_msgs__rosidl_typesupport_cExport.cmake
[4.246s] -- Up-to-date: /ros2_ws/install/localization_msgs/share/localization_msgs/cmake/localization_msgs__rosidl_typesupport_cExport-noconfig.cmake
[4.248s] -- Up-to-date: /ros2_ws/install/localization_msgs/share/localization_msgs/cmake/localization_msgs__rosidl_generator_cppExport.cmake
[4.248s] -- Up-to-date: /ros2_ws/install/localization_msgs/share/localization_msgs/cmake/localization_msgs__rosidl_typesupport_introspection_cppExport.cmake
[4.250s] -- Up-to-date: /ros2_ws/install/localization_msgs/share/localization_msgs/cmake/localization_msgs__rosidl_typesupport_introspection_cppExport-noconfig.cmake
[4.251s] -- Up-to-date: /ros2_ws/install/localization_msgs/share/localization_msgs/cmake/localization_msgs__rosidl_typesupport_cppExport.cmake
[4.251s] -- Up-to-date: /ros2_ws/install/localization_msgs/share/localization_msgs/cmake/localization_msgs__rosidl_typesupport_cppExport-noconfig.cmake
[4.251s] -- Up-to-date: /ros2_ws/install/localization_msgs/share/localization_msgs/cmake/rosidl_cmake-extras.cmake
[4.252s] -- Up-to-date: /ros2_ws/install/localization_msgs/share/localization_msgs/cmake/ament_cmake_export_dependencies-extras.cmake
[4.252s] -- Up-to-date: /ros2_ws/install/localization_msgs/share/localization_msgs/cmake/ament_cmake_export_libraries-extras.cmake
[4.253s] -- Up-to-date: /ros2_ws/install/localization_msgs/share/localization_msgs/cmake/ament_cmake_export_targets-extras.cmake
[4.253s] -- Up-to-date: /ros2_ws/install/localization_msgs/share/localization_msgs/cmake/ament_cmake_export_include_directories-extras.cmake
[4.254s] -- Up-to-date: /ros2_ws/install/localization_msgs/share/localization_msgs/cmake/rosidl_cmake_export_typesupport_libraries-extras.cmake
[4.254s] -- Up-to-date: /ros2_ws/install/localization_msgs/share/localization_msgs/cmake/rosidl_cmake_export_typesupport_targets-extras.cmake
[4.254s] -- Up-to-date: /ros2_ws/install/localization_msgs/share/localization_msgs/cmake/localization_msgsConfig.cmake
[4.255s] -- Up-to-date: /ros2_ws/install/localization_msgs/share/localization_msgs/cmake/localization_msgsConfig-version.cmake
[4.255s] -- Up-to-date: /ros2_ws/install/localization_msgs/share/localization_msgs/package.xml
[4.264s] Invoked command in '/ros2_ws/build/localization_msgs' returned '0': CMAKE_PREFIX_PATH=/opt/ros/foxy /usr/bin/cmake --install /ros2_ws/build/localization_msgs
