[0.701s] Invoking command in '/ros2_ws/src/fsm': PYTHONPATH=/ros2_ws/build/fsm/prefix_override:/ros2_ws/install/fsm/lib/python3.8/site-packages:/ros2_ws/install/planning_msgs/lib/python3.8/site-packages:/ros2_ws/install/perception_msgs/lib/python3.8/site-packages:/ros2_ws/install/localization_msgs/lib/python3.8/site-packages:/ros2_ws/install/fsm_msgs/lib/python3.8/site-packages:/ros2_ws/install/common_msgs/lib/python3.8/site-packages:/ros2_ws/install/planning/lib/python3.8/site-packages:/ros2_ws/install/perception/lib/python3.8/site-packages:/ros2_ws/install/fsm/lib/python3.8/site-packages:/ros2_ws/install/cengaver_controller/lib/python3.8/site-packages:/ros2_ws/install/localization/lib/python3.8/site-packages:/opt/ros/foxy/lib/python3.8/site-packages /usr/bin/python3 setup.py egg_info --egg-base ../../build/fsm build --build-base /ros2_ws/build/fsm/build install --record /ros2_ws/build/fsm/install.log --single-version-externally-managed
[0.877s] running egg_info
[0.877s] writing ../../build/fsm/fsm.egg-info/PKG-INFO
[0.878s] writing dependency_links to ../../build/fsm/fsm.egg-info/dependency_links.txt
[0.878s] writing entry points to ../../build/fsm/fsm.egg-info/entry_points.txt
[0.879s] writing requirements to ../../build/fsm/fsm.egg-info/requires.txt
[0.880s] writing top-level names to ../../build/fsm/fsm.egg-info/top_level.txt
[0.900s] reading manifest file '../../build/fsm/fsm.egg-info/SOURCES.txt'
[0.901s] writing manifest file '../../build/fsm/fsm.egg-info/SOURCES.txt'
[0.901s] running build
[0.902s] running build_py
[0.902s] copying fsm/watchdog.py -> /ros2_ws/build/fsm/build/lib/fsm
[0.903s] running install
[0.904s] running install_lib
[0.904s] copying /ros2_ws/build/fsm/build/lib/fsm/watchdog.py -> /ros2_ws/install/fsm/lib/python3.8/site-packages/fsm
[0.907s] byte-compiling /ros2_ws/install/fsm/lib/python3.8/site-packages/fsm/watchdog.py to watchdog.cpython-38.pyc
[0.910s] running install_data
[0.911s] running install_egg_info
[0.913s] removing '/ros2_ws/install/fsm/lib/python3.8/site-packages/fsm-1.0.0-py3.8.egg-info' (and everything under it)
[0.914s] Copying ../../build/fsm/fsm.egg-info to /ros2_ws/install/fsm/lib/python3.8/site-packages/fsm-1.0.0-py3.8.egg-info
[0.920s] running install_scripts
[0.931s] Installing fsm_node script to /ros2_ws/install/fsm/lib/fsm
[0.933s] writing list of installed files to '/ros2_ws/build/fsm/install.log'
[0.945s] Invoked command in '/ros2_ws/src/fsm' returned '0': PYTHONPATH=/ros2_ws/build/fsm/prefix_override:/ros2_ws/install/fsm/lib/python3.8/site-packages:/ros2_ws/install/planning_msgs/lib/python3.8/site-packages:/ros2_ws/install/perception_msgs/lib/python3.8/site-packages:/ros2_ws/install/localization_msgs/lib/python3.8/site-packages:/ros2_ws/install/fsm_msgs/lib/python3.8/site-packages:/ros2_ws/install/common_msgs/lib/python3.8/site-packages:/ros2_ws/install/planning/lib/python3.8/site-packages:/ros2_ws/install/perception/lib/python3.8/site-packages:/ros2_ws/install/fsm/lib/python3.8/site-packages:/ros2_ws/install/cengaver_controller/lib/python3.8/site-packages:/ros2_ws/install/localization/lib/python3.8/site-packages:/opt/ros/foxy/lib/python3.8/site-packages /usr/bin/python3 setup.py egg_info --egg-base ../../build/fsm build --build-base /ros2_ws/build/fsm/build install --record /ros2_ws/build/fsm/install.log --single-version-externally-managed
