running egg_info
creating ../../build/perception/perception.egg-info
writing ../../build/perception/perception.egg-info/PKG-INFO
writing dependency_links to ../../build/perception/perception.egg-info/dependency_links.txt
writing entry points to ../../build/perception/perception.egg-info/entry_points.txt
writing requirements to ../../build/perception/perception.egg-info/requires.txt
writing top-level names to ../../build/perception/perception.egg-info/top_level.txt
writing manifest file '../../build/perception/perception.egg-info/SOURCES.txt'
reading manifest file '../../build/perception/perception.egg-info/SOURCES.txt'
writing manifest file '../../build/perception/perception.egg-info/SOURCES.txt'
running build
running build_py
creating /ros2_ws/build/perception/build
creating /ros2_ws/build/perception/build/lib
creating /ros2_ws/build/perception/build/lib/perception
copying perception/dummy_common.py -> /ros2_ws/build/perception/build/lib/perception
copying perception/fake_traffic_light_state_pub.py -> /ros2_ws/build/perception/build/lib/perception
copying perception/perception_diagnostics_node.py -> /ros2_ws/build/perception/build/lib/perception
copying perception/route_context_apply_utils.py -> /ros2_ws/build/perception/build/lib/perception
copying perception/lane_contract.py -> /ros2_ws/build/perception/build/lib/perception
copying perception/lidar_obstacle_node.py -> /ros2_ws/build/perception/build/lib/perception
copying perception/fake_image_pub.py -> /ros2_ws/build/perception/build/lib/perception
copying perception/route_context_utils.py -> /ros2_ws/build/perception/build/lib/perception
copying perception/fake_lane_image_pub.py -> /ros2_ws/build/perception/build/lib/perception
copying perception/dummy_publishers.py -> /ros2_ws/build/perception/build/lib/perception
copying perception/__init__.py -> /ros2_ws/build/perception/build/lib/perception
copying perception/centroid_tracker.py -> /ros2_ws/build/perception/build/lib/perception
copying perception/fake_route_context_pub.py -> /ros2_ws/build/perception/build/lib/perception
copying perception/ttc_utils.py -> /ros2_ws/build/perception/build/lib/perception
copying perception/traffic_light_node.py -> /ros2_ws/build/perception/build/lib/perception
copying perception/stop_target_node.py -> /ros2_ws/build/perception/build/lib/perception
copying perception/lane_detector_utils.py -> /ros2_ws/build/perception/build/lib/perception
copying perception/stale_utils.py -> /ros2_ws/build/perception/build/lib/perception
copying perception/lane_image_utils.py -> /ros2_ws/build/perception/build/lib/perception
copying perception/traffic_sign_node.py -> /ros2_ws/build/perception/build/lib/perception
copying perception/pointcloud_utils.py -> /ros2_ws/build/perception/build/lib/perception
copying perception/junction_node.py -> /ros2_ws/build/perception/build/lib/perception
copying perception/lane_node.py -> /ros2_ws/build/perception/build/lib/perception
copying perception/fake_pointcloud_pub.py -> /ros2_ws/build/perception/build/lib/perception
copying perception/temporal_filter.py -> /ros2_ws/build/perception/build/lib/perception
copying perception/colour_classifier.py -> /ros2_ws/build/perception/build/lib/perception
copying perception/stop_target_policy.py -> /ros2_ws/build/perception/build/lib/perception
copying perception/lidar_cluster_utils.py -> /ros2_ws/build/perception/build/lib/perception
running install
running install_lib
creating /ros2_ws/install/perception/lib/python3.8/site-packages/perception
copying /ros2_ws/build/perception/build/lib/perception/dummy_common.py -> /ros2_ws/install/perception/lib/python3.8/site-packages/perception
copying /ros2_ws/build/perception/build/lib/perception/fake_traffic_light_state_pub.py -> /ros2_ws/install/perception/lib/python3.8/site-packages/perception
copying /ros2_ws/build/perception/build/lib/perception/perception_diagnostics_node.py -> /ros2_ws/install/perception/lib/python3.8/site-packages/perception
copying /ros2_ws/build/perception/build/lib/perception/route_context_apply_utils.py -> /ros2_ws/install/perception/lib/python3.8/site-packages/perception
copying /ros2_ws/build/perception/build/lib/perception/lane_contract.py -> /ros2_ws/install/perception/lib/python3.8/site-packages/perception
copying /ros2_ws/build/perception/build/lib/perception/lidar_obstacle_node.py -> /ros2_ws/install/perception/lib/python3.8/site-packages/perception
copying /ros2_ws/build/perception/build/lib/perception/fake_image_pub.py -> /ros2_ws/install/perception/lib/python3.8/site-packages/perception
copying /ros2_ws/build/perception/build/lib/perception/route_context_utils.py -> /ros2_ws/install/perception/lib/python3.8/site-packages/perception
copying /ros2_ws/build/perception/build/lib/perception/fake_lane_image_pub.py -> /ros2_ws/install/perception/lib/python3.8/site-packages/perception
copying /ros2_ws/build/perception/build/lib/perception/dummy_publishers.py -> /ros2_ws/install/perception/lib/python3.8/site-packages/perception
copying /ros2_ws/build/perception/build/lib/perception/__init__.py -> /ros2_ws/install/perception/lib/python3.8/site-packages/perception
copying /ros2_ws/build/perception/build/lib/perception/centroid_tracker.py -> /ros2_ws/install/perception/lib/python3.8/site-packages/perception
copying /ros2_ws/build/perception/build/lib/perception/fake_route_context_pub.py -> /ros2_ws/install/perception/lib/python3.8/site-packages/perception
copying /ros2_ws/build/perception/build/lib/perception/ttc_utils.py -> /ros2_ws/install/perception/lib/python3.8/site-packages/perception
copying /ros2_ws/build/perception/build/lib/perception/traffic_light_node.py -> /ros2_ws/install/perception/lib/python3.8/site-packages/perception
copying /ros2_ws/build/perception/build/lib/perception/stop_target_node.py -> /ros2_ws/install/perception/lib/python3.8/site-packages/perception
copying /ros2_ws/build/perception/build/lib/perception/lane_detector_utils.py -> /ros2_ws/install/perception/lib/python3.8/site-packages/perception
copying /ros2_ws/build/perception/build/lib/perception/stale_utils.py -> /ros2_ws/install/perception/lib/python3.8/site-packages/perception
copying /ros2_ws/build/perception/build/lib/perception/lane_image_utils.py -> /ros2_ws/install/perception/lib/python3.8/site-packages/perception
copying /ros2_ws/build/perception/build/lib/perception/traffic_sign_node.py -> /ros2_ws/install/perception/lib/python3.8/site-packages/perception
copying /ros2_ws/build/perception/build/lib/perception/pointcloud_utils.py -> /ros2_ws/install/perception/lib/python3.8/site-packages/perception
copying /ros2_ws/build/perception/build/lib/perception/junction_node.py -> /ros2_ws/install/perception/lib/python3.8/site-packages/perception
copying /ros2_ws/build/perception/build/lib/perception/lane_node.py -> /ros2_ws/install/perception/lib/python3.8/site-packages/perception
copying /ros2_ws/build/perception/build/lib/perception/fake_pointcloud_pub.py -> /ros2_ws/install/perception/lib/python3.8/site-packages/perception
copying /ros2_ws/build/perception/build/lib/perception/temporal_filter.py -> /ros2_ws/install/perception/lib/python3.8/site-packages/perception
copying /ros2_ws/build/perception/build/lib/perception/colour_classifier.py -> /ros2_ws/install/perception/lib/python3.8/site-packages/perception
copying /ros2_ws/build/perception/build/lib/perception/stop_target_policy.py -> /ros2_ws/install/perception/lib/python3.8/site-packages/perception
copying /ros2_ws/build/perception/build/lib/perception/lidar_cluster_utils.py -> /ros2_ws/install/perception/lib/python3.8/site-packages/perception
byte-compiling /ros2_ws/install/perception/lib/python3.8/site-packages/perception/dummy_common.py to dummy_common.cpython-38.pyc
byte-compiling /ros2_ws/install/perception/lib/python3.8/site-packages/perception/fake_traffic_light_state_pub.py to fake_traffic_light_state_pub.cpython-38.pyc
byte-compiling /ros2_ws/install/perception/lib/python3.8/site-packages/perception/perception_diagnostics_node.py to perception_diagnostics_node.cpython-38.pyc
byte-compiling /ros2_ws/install/perception/lib/python3.8/site-packages/perception/route_context_apply_utils.py to route_context_apply_utils.cpython-38.pyc
byte-compiling /ros2_ws/install/perception/lib/python3.8/site-packages/perception/lane_contract.py to lane_contract.cpython-38.pyc
byte-compiling /ros2_ws/install/perception/lib/python3.8/site-packages/perception/lidar_obstacle_node.py to lidar_obstacle_node.cpython-38.pyc
byte-compiling /ros2_ws/install/perception/lib/python3.8/site-packages/perception/fake_image_pub.py to fake_image_pub.cpython-38.pyc
byte-compiling /ros2_ws/install/perception/lib/python3.8/site-packages/perception/route_context_utils.py to route_context_utils.cpython-38.pyc
byte-compiling /ros2_ws/install/perception/lib/python3.8/site-packages/perception/fake_lane_image_pub.py to fake_lane_image_pub.cpython-38.pyc
byte-compiling /ros2_ws/install/perception/lib/python3.8/site-packages/perception/dummy_publishers.py to dummy_publishers.cpython-38.pyc
byte-compiling /ros2_ws/install/perception/lib/python3.8/site-packages/perception/__init__.py to __init__.cpython-38.pyc
byte-compiling /ros2_ws/install/perception/lib/python3.8/site-packages/perception/centroid_tracker.py to centroid_tracker.cpython-38.pyc
byte-compiling /ros2_ws/install/perception/lib/python3.8/site-packages/perception/fake_route_context_pub.py to fake_route_context_pub.cpython-38.pyc
byte-compiling /ros2_ws/install/perception/lib/python3.8/site-packages/perception/ttc_utils.py to ttc_utils.cpython-38.pyc
byte-compiling /ros2_ws/install/perception/lib/python3.8/site-packages/perception/traffic_light_node.py to traffic_light_node.cpython-38.pyc
byte-compiling /ros2_ws/install/perception/lib/python3.8/site-packages/perception/stop_target_node.py to stop_target_node.cpython-38.pyc
byte-compiling /ros2_ws/install/perception/lib/python3.8/site-packages/perception/lane_detector_utils.py to lane_detector_utils.cpython-38.pyc
byte-compiling /ros2_ws/install/perception/lib/python3.8/site-packages/perception/stale_utils.py to stale_utils.cpython-38.pyc
byte-compiling /ros2_ws/install/perception/lib/python3.8/site-packages/perception/lane_image_utils.py to lane_image_utils.cpython-38.pyc
byte-compiling /ros2_ws/install/perception/lib/python3.8/site-packages/perception/traffic_sign_node.py to traffic_sign_node.cpython-38.pyc
byte-compiling /ros2_ws/install/perception/lib/python3.8/site-packages/perception/pointcloud_utils.py to pointcloud_utils.cpython-38.pyc
byte-compiling /ros2_ws/install/perception/lib/python3.8/site-packages/perception/junction_node.py to junction_node.cpython-38.pyc
byte-compiling /ros2_ws/install/perception/lib/python3.8/site-packages/perception/lane_node.py to lane_node.cpython-38.pyc
byte-compiling /ros2_ws/install/perception/lib/python3.8/site-packages/perception/fake_pointcloud_pub.py to fake_pointcloud_pub.cpython-38.pyc
byte-compiling /ros2_ws/install/perception/lib/python3.8/site-packages/perception/temporal_filter.py to temporal_filter.cpython-38.pyc
byte-compiling /ros2_ws/install/perception/lib/python3.8/site-packages/perception/colour_classifier.py to colour_classifier.cpython-38.pyc
byte-compiling /ros2_ws/install/perception/lib/python3.8/site-packages/perception/stop_target_policy.py to stop_target_policy.cpython-38.pyc
byte-compiling /ros2_ws/install/perception/lib/python3.8/site-packages/perception/lidar_cluster_utils.py to lidar_cluster_utils.cpython-38.pyc
running install_data
creating /ros2_ws/install/perception/share/ament_index
creating /ros2_ws/install/perception/share/ament_index/resource_index
creating /ros2_ws/install/perception/share/ament_index/resource_index/packages
copying resource/perception -> /ros2_ws/install/perception/share/ament_index/resource_index/packages
copying package.xml -> /ros2_ws/install/perception/share/perception
running install_egg_info
Copying ../../build/perception/perception.egg-info to /ros2_ws/install/perception/lib/python3.8/site-packages/perception-0.1.0-py3.8.egg-info
running install_scripts
Installing dummy_perception_publishers script to /ros2_ws/install/perception/lib/perception
Installing fake_image_pub script to /ros2_ws/install/perception/lib/perception
Installing fake_lane_image_pub script to /ros2_ws/install/perception/lib/perception
Installing fake_pointcloud_pub script to /ros2_ws/install/perception/lib/perception
Installing fake_route_context_pub script to /ros2_ws/install/perception/lib/perception
Installing fake_traffic_light_state_pub script to /ros2_ws/install/perception/lib/perception
Installing junction_node script to /ros2_ws/install/perception/lib/perception
Installing lane_node script to /ros2_ws/install/perception/lib/perception
Installing lidar_obstacle_node script to /ros2_ws/install/perception/lib/perception
Installing perception_diagnostics_node script to /ros2_ws/install/perception/lib/perception
Installing stop_target_node script to /ros2_ws/install/perception/lib/perception
Installing traffic_light_node script to /ros2_ws/install/perception/lib/perception
Installing traffic_sign_node script to /ros2_ws/install/perception/lib/perception
writing list of installed files to '/ros2_ws/build/perception/install.log'
