[  1%] Built target perception_msgs__cpp
[ 12%] Built target perception_msgs__rosidl_generator_c
[ 24%] Built target perception_msgs__rosidl_typesupport_cpp
[ 47%] Built target perception_msgs__rosidl_typesupport_introspection_cpp
[ 58%] Built target perception_msgs__rosidl_typesupport_c
[ 58%] Built target perception_msgs__rosidl_typesupport_fastrtps_cpp
[ 70%] Built target perception_msgs__rosidl_typesupport_introspection_c
[ 82%] Built target perception_msgs__rosidl_typesupport_fastrtps_c
[ 82%] Built target perception_msgs
[ 83%] Built target perception_msgs__py
[ 93%] Built target perception_msgs__python
[ 96%] Built target perception_msgs__rosidl_typesupport_introspection_c__pyext
[ 97%] Built target perception_msgs__rosidl_typesupport_fastrtps_c__pyext
[100%] Built target perception_msgs__rosidl_typesupport_c__pyext
-- Install configuration: ""
-- Up-to-date: /ros2_ws/install/perception_msgs/share/ament_index/resource_index/rosidl_interfaces/perception_msgs
-- Up-to-date: /ros2_ws/install/perception_msgs/include/perception_msgs
-- Up-to-date: /ros2_ws/install/perception_msgs/include/perception_msgs/msg
-- Up-to-date: /ros2_ws/install/perception_msgs/include/perception_msgs/msg/obstacle_track.h
-- Up-to-date: /ros2_ws/install/perception_msgs/include/perception_msgs/msg/rosidl_generator_c__visibility_control.h
-- Up-to-date: /ros2_ws/install/perception_msgs/include/perception_msgs/msg/obstacle_tracks.h
-- Up-to-date: /ros2_ws/install/perception_msgs/include/perception_msgs/msg/traffic_light_state.h
-- Up-to-date: /ros2_ws/install/perception_msgs/include/perception_msgs/msg/detail
-- Up-to-date: /ros2_ws/install/perception_msgs/include/perception_msgs/msg/detail/perception_diagnostics__functions.h
-- Up-to-date: /ros2_ws/install/perception_msgs/include/perception_msgs/msg/detail/obstacle_tracks__struct.h
-- Up-to-date: /ros2_ws/install/perception_msgs/include/perception_msgs/msg/detail/lane_model__struct.h
-- Up-to-date: /ros2_ws/install/perception_msgs/include/perception_msgs/msg/detail/obstacle_tracks__functions.c
-- Up-to-date: /ros2_ws/install/perception_msgs/include/perception_msgs/msg/detail/stop_target__functions.c
-- Up-to-date: /ros2_ws/install/perception_msgs/include/perception_msgs/msg/detail/perception_diagnostics__type_support.h
-- Up-to-date: /ros2_ws/install/perception_msgs/include/perception_msgs/msg/detail/obstacle_track__functions.c
-- Up-to-date: /ros2_ws/install/perception_msgs/include/perception_msgs/msg/detail/stop_target__type_support.h
-- Up-to-date: /ros2_ws/install/perception_msgs/include/perception_msgs/msg/detail/traffic_light_state__functions.c
-- Up-to-date: /ros2_ws/install/perception_msgs/include/perception_msgs/msg/detail/traffic_sign__struct.h
-- Up-to-date: /ros2_ws/install/perception_msgs/include/perception_msgs/msg/detail/lane_model__functions.h
-- Up-to-date: /ros2_ws/install/perception_msgs/include/perception_msgs/msg/detail/traffic_sign__functions.h
-- Up-to-date: /ros2_ws/install/perception_msgs/include/perception_msgs/msg/detail/traffic_signs__functions.c
-- Up-to-date: /ros2_ws/install/perception_msgs/include/perception_msgs/msg/detail/traffic_light_state__type_support.h
-- Up-to-date: /ros2_ws/install/perception_msgs/include/perception_msgs/msg/detail/junction__functions.h
-- Up-to-date: /ros2_ws/install/perception_msgs/include/perception_msgs/msg/detail/junction__struct.h
-- Up-to-date: /ros2_ws/install/perception_msgs/include/perception_msgs/msg/detail/perception_diagnostics__functions.c
-- Up-to-date: /ros2_ws/install/perception_msgs/include/perception_msgs/msg/detail/stop_target__struct.h
-- Up-to-date: /ros2_ws/install/perception_msgs/include/perception_msgs/msg/detail/obstacle_tracks__functions.h
-- Up-to-date: /ros2_ws/install/perception_msgs/include/perception_msgs/msg/detail/perception_diagnostics__struct.h
-- Up-to-date: /ros2_ws/install/perception_msgs/include/perception_msgs/msg/detail/stop_target__functions.h
-- Up-to-date: /ros2_ws/install/perception_msgs/include/perception_msgs/msg/detail/obstacle_tracks__type_support.h
-- Up-to-date: /ros2_ws/install/perception_msgs/include/perception_msgs/msg/detail/obstacle_track__struct.h
-- Up-to-date: /ros2_ws/install/perception_msgs/include/perception_msgs/msg/detail/traffic_sign__type_support.h
-- Up-to-date: /ros2_ws/install/perception_msgs/include/perception_msgs/msg/detail/obstacle_track__type_support.h
-- Up-to-date: /ros2_ws/install/perception_msgs/include/perception_msgs/msg/detail/lane_model__type_support.h
-- Up-to-date: /ros2_ws/install/perception_msgs/include/perception_msgs/msg/detail/traffic_light_state__functions.h
-- Up-to-date: /ros2_ws/install/perception_msgs/include/perception_msgs/msg/detail/obstacle_track__functions.h
-- Up-to-date: /ros2_ws/install/perception_msgs/include/perception_msgs/msg/detail/traffic_signs__type_support.h
-- Up-to-date: /ros2_ws/install/perception_msgs/include/perception_msgs/msg/detail/junction__type_support.h
-- Up-to-date: /ros2_ws/install/perception_msgs/include/perception_msgs/msg/detail/traffic_signs__struct.h
-- Up-to-date: /ros2_ws/install/perception_msgs/include/perception_msgs/msg/detail/junction__functions.c
-- Up-to-date: /ros2_ws/install/perception_msgs/include/perception_msgs/msg/detail/traffic_signs__functions.h
-- Up-to-date: /ros2_ws/install/perception_msgs/include/perception_msgs/msg/detail/lane_model__functions.c
-- Up-to-date: /ros2_ws/install/perception_msgs/include/perception_msgs/msg/detail/traffic_light_state__struct.h
-- Up-to-date: /ros2_ws/install/perception_msgs/include/perception_msgs/msg/detail/traffic_sign__functions.c
-- Up-to-date: /ros2_ws/install/perception_msgs/include/perception_msgs/msg/junction.h
-- Up-to-date: /ros2_ws/install/perception_msgs/include/perception_msgs/msg/lane_model.h
-- Up-to-date: /ros2_ws/install/perception_msgs/include/perception_msgs/msg/perception_diagnostics.h
-- Up-to-date: /ros2_ws/install/perception_msgs/include/perception_msgs/msg/traffic_signs.h
-- Up-to-date: /ros2_ws/install/perception_msgs/include/perception_msgs/msg/stop_target.h
-- Up-to-date: /ros2_ws/install/perception_msgs/include/perception_msgs/msg/traffic_sign.h
-- Up-to-date: /ros2_ws/install/perception_msgs/share/perception_msgs/environment/library_path.sh
-- Up-to-date: /ros2_ws/install/perception_msgs/share/perception_msgs/environment/library_path.dsv
-- Up-to-date: /ros2_ws/install/perception_msgs/lib/libperception_msgs__rosidl_generator_c.so
-- Up-to-date: /ros2_ws/install/perception_msgs/include/perception_msgs
-- Up-to-date: /ros2_ws/install/perception_msgs/include/perception_msgs/msg
-- Up-to-date: /ros2_ws/install/perception_msgs/include/perception_msgs/msg/detail
-- Up-to-date: /ros2_ws/install/perception_msgs/include/perception_msgs/msg/detail/stop_target__rosidl_typesupport_fastrtps_c.h
-- Up-to-date: /ros2_ws/install/perception_msgs/include/perception_msgs/msg/detail/obstacle_track__rosidl_typesupport_fastrtps_c.h
-- Up-to-date: /ros2_ws/install/perception_msgs/include/perception_msgs/msg/detail/traffic_sign__rosidl_typesupport_fastrtps_c.h
-- Up-to-date: /ros2_ws/install/perception_msgs/include/perception_msgs/msg/detail/traffic_signs__rosidl_typesupport_fastrtps_c.h
-- Up-to-date: /ros2_ws/install/perception_msgs/include/perception_msgs/msg/detail/junction__rosidl_typesupport_fastrtps_c.h
-- Up-to-date: /ros2_ws/install/perception_msgs/include/perception_msgs/msg/detail/obstacle_tracks__rosidl_typesupport_fastrtps_c.h
-- Up-to-date: /ros2_ws/install/perception_msgs/include/perception_msgs/msg/detail/perception_diagnostics__rosidl_typesupport_fastrtps_c.h
-- Up-to-date: /ros2_ws/install/perception_msgs/include/perception_msgs/msg/detail/traffic_light_state__rosidl_typesupport_fastrtps_c.h
-- Up-to-date: /ros2_ws/install/perception_msgs/include/perception_msgs/msg/detail/lane_model__rosidl_typesupport_fastrtps_c.h
-- Up-to-date: /ros2_ws/install/perception_msgs/include/perception_msgs/msg/rosidl_typesupport_fastrtps_c__visibility_control.h
-- Up-to-date: /ros2_ws/install/perception_msgs/lib/libperception_msgs__rosidl_typesupport_fastrtps_c.so
-- Up-to-date: /ros2_ws/install/perception_msgs/include/perception_msgs
-- Up-to-date: /ros2_ws/install/perception_msgs/include/perception_msgs/msg
-- Up-to-date: /ros2_ws/install/perception_msgs/include/perception_msgs/msg/rosidl_typesupport_fastrtps_cpp__visibility_control.h
-- Up-to-date: /ros2_ws/install/perception_msgs/include/perception_msgs/msg/detail
-- Up-to-date: /ros2_ws/install/perception_msgs/include/perception_msgs/msg/detail/obstacle_tracks__rosidl_typesupport_fastrtps_cpp.hpp
-- Up-to-date: /ros2_ws/install/perception_msgs/include/perception_msgs/msg/detail/lane_model__rosidl_typesupport_fastrtps_cpp.hpp
-- Up-to-date: /ros2_ws/install/perception_msgs/include/perception_msgs/msg/detail/stop_target__rosidl_typesupport_fastrtps_cpp.hpp
-- Up-to-date: /ros2_ws/install/perception_msgs/include/perception_msgs/msg/detail/perception_diagnostics__rosidl_typesupport_fastrtps_cpp.hpp
-- Up-to-date: /ros2_ws/install/perception_msgs/include/perception_msgs/msg/detail/traffic_light_state__rosidl_typesupport_fastrtps_cpp.hpp
-- Up-to-date: /ros2_ws/install/perception_msgs/include/perception_msgs/msg/detail/obstacle_track__rosidl_typesupport_fastrtps_cpp.hpp
-- Up-to-date: /ros2_ws/install/perception_msgs/include/perception_msgs/msg/detail/traffic_signs__rosidl_typesupport_fastrtps_cpp.hpp
-- Up-to-date: /ros2_ws/install/perception_msgs/include/perception_msgs/msg/detail/dds_fastrtps
-- Up-to-date: /ros2_ws/install/perception_msgs/include/perception_msgs/msg/detail/junction__rosidl_typesupport_fastrtps_cpp.hpp
-- Up-to-date: /ros2_ws/install/perception_msgs/include/perception_msgs/msg/detail/traffic_sign__rosidl_typesupport_fastrtps_cpp.hpp
-- Up-to-date: /ros2_ws/install/perception_msgs/lib/libperception_msgs__rosidl_typesupport_fastrtps_cpp.so
-- Up-to-date: /ros2_ws/install/perception_msgs/include/perception_msgs
-- Up-to-date: /ros2_ws/install/perception_msgs/include/perception_msgs/msg
-- Up-to-date: /ros2_ws/install/perception_msgs/include/perception_msgs/msg/detail
-- Up-to-date: /ros2_ws/install/perception_msgs/include/perception_msgs/msg/detail/stop_target__rosidl_typesupport_introspection_c.h
-- Up-to-date: /ros2_ws/install/perception_msgs/include/perception_msgs/msg/detail/traffic_light_state__rosidl_typesupport_introspection_c.h
-- Up-to-date: /ros2_ws/install/perception_msgs/include/perception_msgs/msg/detail/traffic_sign__type_support.c
-- Up-to-date: /ros2_ws/install/perception_msgs/include/perception_msgs/msg/detail/obstacle_tracks__type_support.c
-- Up-to-date: /ros2_ws/install/perception_msgs/include/perception_msgs/msg/detail/traffic_signs__rosidl_typesupport_introspection_c.h
-- Up-to-date: /ros2_ws/install/perception_msgs/include/perception_msgs/msg/detail/traffic_sign__rosidl_typesupport_introspection_c.h
-- Up-to-date: /ros2_ws/install/perception_msgs/include/perception_msgs/msg/detail/traffic_signs__type_support.c
-- Up-to-date: /ros2_ws/install/perception_msgs/include/perception_msgs/msg/detail/lane_model__type_support.c
-- Up-to-date: /ros2_ws/install/perception_msgs/include/perception_msgs/msg/detail/obstacle_track__type_support.c
-- Up-to-date: /ros2_ws/install/perception_msgs/include/perception_msgs/msg/detail/junction__rosidl_typesupport_introspection_c.h
-- Up-to-date: /ros2_ws/install/perception_msgs/include/perception_msgs/msg/detail/junction__type_support.c
-- Up-to-date: /ros2_ws/install/perception_msgs/include/perception_msgs/msg/detail/perception_diagnostics__type_support.c
-- Up-to-date: /ros2_ws/install/perception_msgs/include/perception_msgs/msg/detail/stop_target__type_support.c
-- Up-to-date: /ros2_ws/install/perception_msgs/include/perception_msgs/msg/detail/lane_model__rosidl_typesupport_introspection_c.h
-- Up-to-date: /ros2_ws/install/perception_msgs/include/perception_msgs/msg/detail/traffic_light_state__type_support.c
-- Up-to-date: /ros2_ws/install/perception_msgs/include/perception_msgs/msg/detail/obstacle_tracks__rosidl_typesupport_introspection_c.h
-- Up-to-date: /ros2_ws/install/perception_msgs/include/perception_msgs/msg/detail/obstacle_track__rosidl_typesupport_introspection_c.h
-- Up-to-date: /ros2_ws/install/perception_msgs/include/perception_msgs/msg/detail/perception_diagnostics__rosidl_typesupport_introspection_c.h
-- Up-to-date: /ros2_ws/install/perception_msgs/include/perception_msgs/msg/rosidl_typesupport_introspection_c__visibility_control.h
-- Up-to-date: /ros2_ws/install/perception_msgs/lib/libperception_msgs__rosidl_typesupport_introspection_c.so
-- Up-to-date: /ros2_ws/install/perception_msgs/lib/libperception_msgs__rosidl_typesupport_c.so
-- Up-to-date: /ros2_ws/install/perception_msgs/include/perception_msgs
-- Up-to-date: /ros2_ws/install/perception_msgs/include/perception_msgs/msg
-- Up-to-date: /ros2_ws/install/perception_msgs/include/perception_msgs/msg/lane_model.hpp
-- Up-to-date: /ros2_ws/install/perception_msgs/include/perception_msgs/msg/obstacle_tracks.hpp
-- Up-to-date: /ros2_ws/install/perception_msgs/include/perception_msgs/msg/stop_target.hpp
-- Up-to-date: /ros2_ws/install/perception_msgs/include/perception_msgs/msg/traffic_sign.hpp
-- Up-to-date: /ros2_ws/install/perception_msgs/include/perception_msgs/msg/obstacle_track.hpp
-- Up-to-date: /ros2_ws/install/perception_msgs/include/perception_msgs/msg/detail
-- Up-to-date: /ros2_ws/install/perception_msgs/include/perception_msgs/msg/detail/traffic_signs__builder.hpp
-- Up-to-date: /ros2_ws/install/perception_msgs/include/perception_msgs/msg/detail/stop_target__traits.hpp
-- Up-to-date: /ros2_ws/install/perception_msgs/include/perception_msgs/msg/detail/obstacle_track__traits.hpp
-- Up-to-date: /ros2_ws/install/perception_msgs/include/perception_msgs/msg/detail/traffic_signs__traits.hpp
-- Up-to-date: /ros2_ws/install/perception_msgs/include/perception_msgs/msg/detail/traffic_light_state__struct.hpp
-- Up-to-date: /ros2_ws/install/perception_msgs/include/perception_msgs/msg/detail/obstacle_track__builder.hpp
-- Up-to-date: /ros2_ws/install/perception_msgs/include/perception_msgs/msg/detail/traffic_light_state__builder.hpp
-- Up-to-date: /ros2_ws/install/perception_msgs/include/perception_msgs/msg/detail/obstacle_tracks__struct.hpp
-- Up-to-date: /ros2_ws/install/perception_msgs/include/perception_msgs/msg/detail/perception_diagnostics__traits.hpp
-- Up-to-date: /ros2_ws/install/perception_msgs/include/perception_msgs/msg/detail/stop_target__builder.hpp
-- Up-to-date: /ros2_ws/install/perception_msgs/include/perception_msgs/msg/detail/obstacle_tracks__builder.hpp
-- Up-to-date: /ros2_ws/install/perception_msgs/include/perception_msgs/msg/detail/obstacle_tracks__type_support.hpp
-- Up-to-date: /ros2_ws/install/perception_msgs/include/perception_msgs/msg/detail/traffic_sign__struct.hpp
-- Up-to-date: /ros2_ws/install/perception_msgs/include/perception_msgs/msg/detail/lane_model__struct.hpp
-- Up-to-date: /ros2_ws/install/perception_msgs/include/perception_msgs/msg/detail/junction__traits.hpp
-- Up-to-date: /ros2_ws/install/perception_msgs/include/perception_msgs/msg/detail/obstacle_track__struct.hpp
-- Up-to-date: /ros2_ws/install/perception_msgs/include/perception_msgs/msg/detail/traffic_signs__struct.hpp
-- Up-to-date: /ros2_ws/install/perception_msgs/include/perception_msgs/msg/detail/junction__builder.hpp
-- Up-to-date: /ros2_ws/install/perception_msgs/include/perception_msgs/msg/detail/stop_target__struct.hpp
-- Up-to-date: /ros2_ws/install/perception_msgs/include/perception_msgs/msg/detail/junction__type_support.hpp
-- Up-to-date: /ros2_ws/install/perception_msgs/include/perception_msgs/msg/detail/traffic_sign__builder.hpp
-- Up-to-date: /ros2_ws/install/perception_msgs/include/perception_msgs/msg/detail/lane_model__builder.hpp
-- Up-to-date: /ros2_ws/install/perception_msgs/include/perception_msgs/msg/detail/perception_diagnostics__struct.hpp
-- Up-to-date: /ros2_ws/install/perception_msgs/include/perception_msgs/msg/detail/obstacle_tracks__traits.hpp
-- Up-to-date: /ros2_ws/install/perception_msgs/include/perception_msgs/msg/detail/traffic_light_state__type_support.hpp
-- Up-to-date: /ros2_ws/install/perception_msgs/include/perception_msgs/msg/detail/traffic_light_state__traits.hpp
-- Up-to-date: /ros2_ws/install/perception_msgs/include/perception_msgs/msg/detail/traffic_sign__traits.hpp
-- Up-to-date: /ros2_ws/install/perception_msgs/include/perception_msgs/msg/detail/perception_diagnostics__type_support.hpp
-- Up-to-date: /ros2_ws/install/perception_msgs/include/perception_msgs/msg/detail/lane_model__traits.hpp
-- Up-to-date: /ros2_ws/install/perception_msgs/include/perception_msgs/msg/detail/stop_target__type_support.hpp
-- Up-to-date: /ros2_ws/install/perception_msgs/include/perception_msgs/msg/detail/lane_model__type_support.hpp
-- Up-to-date: /ros2_ws/install/perception_msgs/include/perception_msgs/msg/detail/traffic_sign__type_support.hpp
-- Up-to-date: /ros2_ws/install/perception_msgs/include/perception_msgs/msg/detail/traffic_signs__type_support.hpp
-- Up-to-date: /ros2_ws/install/perception_msgs/include/perception_msgs/msg/detail/obstacle_track__type_support.hpp
-- Up-to-date: /ros2_ws/install/perception_msgs/include/perception_msgs/msg/detail/junction__struct.hpp
-- Up-to-date: /ros2_ws/install/perception_msgs/include/perception_msgs/msg/detail/perception_diagnostics__builder.hpp
-- Up-to-date: /ros2_ws/install/perception_msgs/include/perception_msgs/msg/rosidl_generator_cpp__visibility_control.hpp
-- Up-to-date: /ros2_ws/install/perception_msgs/include/perception_msgs/msg/traffic_light_state.hpp
-- Up-to-date: /ros2_ws/install/perception_msgs/include/perception_msgs/msg/traffic_signs.hpp
-- Up-to-date: /ros2_ws/install/perception_msgs/include/perception_msgs/msg/perception_diagnostics.hpp
-- Up-to-date: /ros2_ws/install/perception_msgs/include/perception_msgs/msg/junction.hpp
-- Up-to-date: /ros2_ws/install/perception_msgs/include/perception_msgs
-- Up-to-date: /ros2_ws/install/perception_msgs/include/perception_msgs/msg
-- Up-to-date: /ros2_ws/install/perception_msgs/include/perception_msgs/msg/detail
-- Up-to-date: /ros2_ws/install/perception_msgs/include/perception_msgs/msg/detail/perception_diagnostics__type_support.cpp
-- Up-to-date: /ros2_ws/install/perception_msgs/include/perception_msgs/msg/detail/stop_target__type_support.cpp
-- Up-to-date: /ros2_ws/install/perception_msgs/include/perception_msgs/msg/detail/obstacle_tracks__rosidl_typesupport_introspection_cpp.hpp
-- Up-to-date: /ros2_ws/install/perception_msgs/include/perception_msgs/msg/detail/traffic_sign__type_support.cpp
-- Up-to-date: /ros2_ws/install/perception_msgs/include/perception_msgs/msg/detail/lane_model__type_support.cpp
-- Up-to-date: /ros2_ws/install/perception_msgs/include/perception_msgs/msg/detail/traffic_signs__type_support.cpp
-- Up-to-date: /ros2_ws/install/perception_msgs/include/perception_msgs/msg/detail/obstacle_track__type_support.cpp
-- Up-to-date: /ros2_ws/install/perception_msgs/include/perception_msgs/msg/detail/obstacle_track__rosidl_typesupport_introspection_cpp.hpp
-- Up-to-date: /ros2_ws/install/perception_msgs/include/perception_msgs/msg/detail/junction__rosidl_typesupport_introspection_cpp.hpp
-- Up-to-date: /ros2_ws/install/perception_msgs/include/perception_msgs/msg/detail/stop_target__rosidl_typesupport_introspection_cpp.hpp
-- Up-to-date: /ros2_ws/install/perception_msgs/include/perception_msgs/msg/detail/perception_diagnostics__rosidl_typesupport_introspection_cpp.hpp
-- Up-to-date: /ros2_ws/install/perception_msgs/include/perception_msgs/msg/detail/traffic_light_state__rosidl_typesupport_introspection_cpp.hpp
-- Up-to-date: /ros2_ws/install/perception_msgs/include/perception_msgs/msg/detail/junction__type_support.cpp
-- Up-to-date: /ros2_ws/install/perception_msgs/include/perception_msgs/msg/detail/traffic_light_state__type_support.cpp
-- Up-to-date: /ros2_ws/install/perception_msgs/include/perception_msgs/msg/detail/lane_model__rosidl_typesupport_introspection_cpp.hpp
-- Up-to-date: /ros2_ws/install/perception_msgs/include/perception_msgs/msg/detail/obstacle_tracks__type_support.cpp
-- Up-to-date: /ros2_ws/install/perception_msgs/include/perception_msgs/msg/detail/traffic_sign__rosidl_typesupport_introspection_cpp.hpp
-- Up-to-date: /ros2_ws/install/perception_msgs/include/perception_msgs/msg/detail/traffic_signs__rosidl_typesupport_introspection_cpp.hpp
-- Up-to-date: /ros2_ws/install/perception_msgs/lib/libperception_msgs__rosidl_typesupport_introspection_cpp.so
-- Up-to-date: /ros2_ws/install/perception_msgs/lib/libperception_msgs__rosidl_typesupport_cpp.so
-- Up-to-date: /ros2_ws/install/perception_msgs/share/perception_msgs/environment/pythonpath.sh
-- Up-to-date: /ros2_ws/install/perception_msgs/share/perception_msgs/environment/pythonpath.dsv
-- Up-to-date: /ros2_ws/install/perception_msgs/lib/python3.8/site-packages/perception_msgs/__init__.py
-- Up-to-date: /ros2_ws/install/perception_msgs/lib/python3.8/site-packages/perception_msgs/msg
-- Up-to-date: /ros2_ws/install/perception_msgs/lib/python3.8/site-packages/perception_msgs/msg/_lane_model.py
-- Up-to-date: /ros2_ws/install/perception_msgs/lib/python3.8/site-packages/perception_msgs/msg/_lane_model_s.c
-- Up-to-date: /ros2_ws/install/perception_msgs/lib/python3.8/site-packages/perception_msgs/msg/_stop_target.py
-- Up-to-date: /ros2_ws/install/perception_msgs/lib/python3.8/site-packages/perception_msgs/msg/_traffic_sign.py
-- Up-to-date: /ros2_ws/install/perception_msgs/lib/python3.8/site-packages/perception_msgs/msg/_obstacle_tracks.py
-- Up-to-date: /ros2_ws/install/perception_msgs/lib/python3.8/site-packages/perception_msgs/msg/_obstacle_tracks_s.c
-- Up-to-date: /ros2_ws/install/perception_msgs/lib/python3.8/site-packages/perception_msgs/msg/_obstacle_track.py
-- Up-to-date: /ros2_ws/install/perception_msgs/lib/python3.8/site-packages/perception_msgs/msg/_perception_diagnostics.py
-- Up-to-date: /ros2_ws/install/perception_msgs/lib/python3.8/site-packages/perception_msgs/msg/_obstacle_track_s.c
-- Up-to-date: /ros2_ws/install/perception_msgs/lib/python3.8/site-packages/perception_msgs/msg/__init__.py
-- Up-to-date: /ros2_ws/install/perception_msgs/lib/python3.8/site-packages/perception_msgs/msg/_traffic_sign_s.c
-- Up-to-date: /ros2_ws/install/perception_msgs/lib/python3.8/site-packages/perception_msgs/msg/_junction_s.c
-- Up-to-date: /ros2_ws/install/perception_msgs/lib/python3.8/site-packages/perception_msgs/msg/_junction.py
-- Up-to-date: /ros2_ws/install/perception_msgs/lib/python3.8/site-packages/perception_msgs/msg/_stop_target_s.c
-- Up-to-date: /ros2_ws/install/perception_msgs/lib/python3.8/site-packages/perception_msgs/msg/_traffic_light_state.py
-- Up-to-date: /ros2_ws/install/perception_msgs/lib/python3.8/site-packages/perception_msgs/msg/_traffic_signs_s.c
-- Up-to-date: /ros2_ws/install/perception_msgs/lib/python3.8/site-packages/perception_msgs/msg/_perception_diagnostics_s.c
-- Up-to-date: /ros2_ws/install/perception_msgs/lib/python3.8/site-packages/perception_msgs/msg/_traffic_signs.py
-- Up-to-date: /ros2_ws/install/perception_msgs/lib/python3.8/site-packages/perception_msgs/msg/_traffic_light_state_s.c
-- Up-to-date: /ros2_ws/install/perception_msgs/lib/python3.8/site-packages/perception_msgs/perception_msgs_s__rosidl_typesupport_fastrtps_c.cpython-38-x86_64-linux-gnu.so
-- Up-to-date: /ros2_ws/install/perception_msgs/lib/python3.8/site-packages/perception_msgs/perception_msgs_s__rosidl_typesupport_introspection_c.cpython-38-x86_64-linux-gnu.so
-- Up-to-date: /ros2_ws/install/perception_msgs/lib/python3.8/site-packages/perception_msgs/perception_msgs_s__rosidl_typesupport_c.cpython-38-x86_64-linux-gnu.so
-- Up-to-date: /ros2_ws/install/perception_msgs/lib/libperception_msgs__python.so
-- Up-to-date: /ros2_ws/install/perception_msgs/share/perception_msgs/msg/LaneModel.idl
-- Up-to-date: /ros2_ws/install/perception_msgs/share/perception_msgs/msg/TrafficLightState.idl
-- Up-to-date: /ros2_ws/install/perception_msgs/share/perception_msgs/msg/TrafficSign.idl
-- Up-to-date: /ros2_ws/install/perception_msgs/share/perception_msgs/msg/TrafficSigns.idl
-- Up-to-date: /ros2_ws/install/perception_msgs/share/perception_msgs/msg/ObstacleTrack.idl
-- Up-to-date: /ros2_ws/install/perception_msgs/share/perception_msgs/msg/ObstacleTracks.idl
-- Up-to-date: /ros2_ws/install/perception_msgs/share/perception_msgs/msg/StopTarget.idl
-- Up-to-date: /ros2_ws/install/perception_msgs/share/perception_msgs/msg/Junction.idl
-- Up-to-date: /ros2_ws/install/perception_msgs/share/perception_msgs/msg/PerceptionDiagnostics.idl
-- Up-to-date: /ros2_ws/install/perception_msgs/share/perception_msgs/msg/LaneModel.msg
-- Up-to-date: /ros2_ws/install/perception_msgs/share/perception_msgs/msg/TrafficLightState.msg
-- Up-to-date: /ros2_ws/install/perception_msgs/share/perception_msgs/msg/TrafficSign.msg
-- Up-to-date: /ros2_ws/install/perception_msgs/share/perception_msgs/msg/TrafficSigns.msg
-- Up-to-date: /ros2_ws/install/perception_msgs/share/perception_msgs/msg/ObstacleTrack.msg
-- Up-to-date: /ros2_ws/install/perception_msgs/share/perception_msgs/msg/ObstacleTracks.msg
-- Up-to-date: /ros2_ws/install/perception_msgs/share/perception_msgs/msg/StopTarget.msg
-- Up-to-date: /ros2_ws/install/perception_msgs/share/perception_msgs/msg/Junction.msg
-- Up-to-date: /ros2_ws/install/perception_msgs/share/perception_msgs/msg/PerceptionDiagnostics.msg
-- Up-to-date: /ros2_ws/install/perception_msgs/share/ament_index/resource_index/package_run_dependencies/perception_msgs
-- Up-to-date: /ros2_ws/install/perception_msgs/share/ament_index/resource_index/parent_prefix_path/perception_msgs
-- Up-to-date: /ros2_ws/install/perception_msgs/share/perception_msgs/environment/ament_prefix_path.sh
-- Up-to-date: /ros2_ws/install/perception_msgs/share/perception_msgs/environment/ament_prefix_path.dsv
-- Up-to-date: /ros2_ws/install/perception_msgs/share/perception_msgs/environment/path.sh
-- Up-to-date: /ros2_ws/install/perception_msgs/share/perception_msgs/environment/path.dsv
-- Up-to-date: /ros2_ws/install/perception_msgs/share/perception_msgs/local_setup.bash
-- Up-to-date: /ros2_ws/install/perception_msgs/share/perception_msgs/local_setup.sh
-- Up-to-date: /ros2_ws/install/perception_msgs/share/perception_msgs/local_setup.zsh
-- Up-to-date: /ros2_ws/install/perception_msgs/share/perception_msgs/local_setup.dsv
-- Installing: /ros2_ws/install/perception_msgs/share/perception_msgs/package.dsv
-- Up-to-date: /ros2_ws/install/perception_msgs/share/ament_index/resource_index/packages/perception_msgs
-- Up-to-date: /ros2_ws/install/perception_msgs/share/perception_msgs/cmake/perception_msgs__rosidl_generator_cExport.cmake
-- Up-to-date: /ros2_ws/install/perception_msgs/share/perception_msgs/cmake/perception_msgs__rosidl_generator_cExport-noconfig.cmake
-- Up-to-date: /ros2_ws/install/perception_msgs/share/perception_msgs/cmake/perception_msgs__rosidl_typesupport_introspection_cExport.cmake
-- Up-to-date: /ros2_ws/install/perception_msgs/share/perception_msgs/cmake/perception_msgs__rosidl_typesupport_introspection_cExport-noconfig.cmake
-- Up-to-date: /ros2_ws/install/perception_msgs/share/perception_msgs/cmake/perception_msgs__rosidl_typesupport_cExport.cmake
-- Up-to-date: /ros2_ws/install/perception_msgs/share/perception_msgs/cmake/perception_msgs__rosidl_typesupport_cExport-noconfig.cmake
-- Up-to-date: /ros2_ws/install/perception_msgs/share/perception_msgs/cmake/perception_msgs__rosidl_generator_cppExport.cmake
-- Up-to-date: /ros2_ws/install/perception_msgs/share/perception_msgs/cmake/perception_msgs__rosidl_typesupport_introspection_cppExport.cmake
-- Up-to-date: /ros2_ws/install/perception_msgs/share/perception_msgs/cmake/perception_msgs__rosidl_typesupport_introspection_cppExport-noconfig.cmake
-- Up-to-date: /ros2_ws/install/perception_msgs/share/perception_msgs/cmake/perception_msgs__rosidl_typesupport_cppExport.cmake
-- Up-to-date: /ros2_ws/install/perception_msgs/share/perception_msgs/cmake/perception_msgs__rosidl_typesupport_cppExport-noconfig.cmake
-- Up-to-date: /ros2_ws/install/perception_msgs/share/perception_msgs/cmake/rosidl_cmake-extras.cmake
-- Up-to-date: /ros2_ws/install/perception_msgs/share/perception_msgs/cmake/ament_cmake_export_dependencies-extras.cmake
-- Up-to-date: /ros2_ws/install/perception_msgs/share/perception_msgs/cmake/ament_cmake_export_libraries-extras.cmake
-- Up-to-date: /ros2_ws/install/perception_msgs/share/perception_msgs/cmake/ament_cmake_export_targets-extras.cmake
-- Up-to-date: /ros2_ws/install/perception_msgs/share/perception_msgs/cmake/ament_cmake_export_include_directories-extras.cmake
-- Up-to-date: /ros2_ws/install/perception_msgs/share/perception_msgs/cmake/rosidl_cmake_export_typesupport_libraries-extras.cmake
-- Up-to-date: /ros2_ws/install/perception_msgs/share/perception_msgs/cmake/rosidl_cmake_export_typesupport_targets-extras.cmake
-- Up-to-date: /ros2_ws/install/perception_msgs/share/perception_msgs/cmake/perception_msgsConfig.cmake
-- Up-to-date: /ros2_ws/install/perception_msgs/share/perception_msgs/cmake/perception_msgsConfig-version.cmake
-- Up-to-date: /ros2_ws/install/perception_msgs/share/perception_msgs/package.xml
