[0.080s] Invoking command in '/ros2_ws/build/perception_msgs': CMAKE_PREFIX_PATH=/opt/ros/foxy /usr/bin/cmake --build /ros2_ws/build/perception_msgs -- -j10 -l10
[0.450s] [  1%] Built target perception_msgs__cpp
[0.506s] [ 12%] Built target perception_msgs__rosidl_generator_c
[0.881s] [ 24%] Built target perception_msgs__rosidl_typesupport_cpp
[0.903s] [ 47%] Built target perception_msgs__rosidl_typesupport_introspection_cpp
[0.909s] [ 58%] Built target perception_msgs__rosidl_typesupport_c
[0.910s] [ 58%] Built target perception_msgs__rosidl_typesupport_fastrtps_cpp
[0.937s] [ 70%] Built target perception_msgs__rosidl_typesupport_introspection_c
[1.067s] [ 82%] Built target perception_msgs__rosidl_typesupport_fastrtps_c
[1.206s] [ 82%] Built target perception_msgs
[1.329s] [ 83%] Built target perception_msgs__py
[1.528s] [ 93%] Built target perception_msgs__python
[1.781s] [ 96%] Built target perception_msgs__rosidl_typesupport_introspection_c__pyext
[1.782s] [ 97%] Built target perception_msgs__rosidl_typesupport_fastrtps_c__pyext
[1.789s] [100%] Built target perception_msgs__rosidl_typesupport_c__pyext
[1.861s] Invoked command in '/ros2_ws/build/perception_msgs' returned '0': CMAKE_PREFIX_PATH=/opt/ros/foxy /usr/bin/cmake --build /ros2_ws/build/perception_msgs -- -j10 -l10
[4.664s] Invoking command in '/ros2_ws/build/perception_msgs': CMAKE_PREFIX_PATH=/opt/ros/foxy /usr/bin/cmake --install /ros2_ws/build/perception_msgs
[4.710s] -- Install configuration: ""
[4.712s] -- Up-to-date: /ros2_ws/install/perception_msgs/share/ament_index/resource_index/rosidl_interfaces/perception_msgs
[4.713s] -- Up-to-date: /ros2_ws/install/perception_msgs/include/perception_msgs
[4.715s] -- Up-to-date: /ros2_ws/install/perception_msgs/include/perception_msgs/msg
[4.716s] -- Up-to-date: /ros2_ws/install/perception_msgs/include/perception_msgs/msg/obstacle_track.h
[4.717s] -- Up-to-date: /ros2_ws/install/perception_msgs/include/perception_msgs/msg/rosidl_generator_c__visibility_control.h
[4.717s] -- Up-to-date: /ros2_ws/install/perception_msgs/include/perception_msgs/msg/obstacle_tracks.h
[4.718s] -- Up-to-date: /ros2_ws/install/perception_msgs/include/perception_msgs/msg/traffic_light_state.h
[4.719s] -- Up-to-date: /ros2_ws/install/perception_msgs/include/perception_msgs/msg/detail
[4.720s] -- Up-to-date: /ros2_ws/install/perception_msgs/include/perception_msgs/msg/detail/perception_diagnostics__functions.h
[4.721s] -- Up-to-date: /ros2_ws/install/perception_msgs/include/perception_msgs/msg/detail/obstacle_tracks__struct.h
[4.722s] -- Up-to-date: /ros2_ws/install/perception_msgs/include/perception_msgs/msg/detail/lane_model__struct.h
[4.724s] -- Up-to-date: /ros2_ws/install/perception_msgs/include/perception_msgs/msg/detail/obstacle_tracks__functions.c
[4.724s] -- Up-to-date: /ros2_ws/install/perception_msgs/include/perception_msgs/msg/detail/stop_target__functions.c
[4.727s] -- Up-to-date: /ros2_ws/install/perception_msgs/include/perception_msgs/msg/detail/perception_diagnostics__type_support.h
[4.728s] -- Up-to-date: /ros2_ws/install/perception_msgs/include/perception_msgs/msg/detail/obstacle_track__functions.c
[4.728s] -- Up-to-date: /ros2_ws/install/perception_msgs/include/perception_msgs/msg/detail/stop_target__type_support.h
[4.729s] -- Up-to-date: /ros2_ws/install/perception_msgs/include/perception_msgs/msg/detail/traffic_light_state__functions.c
[4.730s] -- Up-to-date: /ros2_ws/install/perception_msgs/include/perception_msgs/msg/detail/traffic_sign__struct.h
[4.731s] -- Up-to-date: /ros2_ws/install/perception_msgs/include/perception_msgs/msg/detail/lane_model__functions.h
[4.732s] -- Up-to-date: /ros2_ws/install/perception_msgs/include/perception_msgs/msg/detail/traffic_sign__functions.h
[4.732s] -- Up-to-date: /ros2_ws/install/perception_msgs/include/perception_msgs/msg/detail/traffic_signs__functions.c
[4.733s] -- Up-to-date: /ros2_ws/install/perception_msgs/include/perception_msgs/msg/detail/traffic_light_state__type_support.h
[4.734s] -- Up-to-date: /ros2_ws/install/perception_msgs/include/perception_msgs/msg/detail/junction__functions.h
[4.735s] -- Up-to-date: /ros2_ws/install/perception_msgs/include/perception_msgs/msg/detail/junction__struct.h
[4.736s] -- Up-to-date: /ros2_ws/install/perception_msgs/include/perception_msgs/msg/detail/perception_diagnostics__functions.c
[4.736s] -- Up-to-date: /ros2_ws/install/perception_msgs/include/perception_msgs/msg/detail/stop_target__struct.h
[4.738s] -- Up-to-date: /ros2_ws/install/perception_msgs/include/perception_msgs/msg/detail/obstacle_tracks__functions.h
[4.738s] -- Up-to-date: /ros2_ws/install/perception_msgs/include/perception_msgs/msg/detail/perception_diagnostics__struct.h
[4.740s] -- Up-to-date: /ros2_ws/install/perception_msgs/include/perception_msgs/msg/detail/stop_target__functions.h
[4.741s] -- Up-to-date: /ros2_ws/install/perception_msgs/include/perception_msgs/msg/detail/obstacle_tracks__type_support.h
[4.741s] -- Up-to-date: /ros2_ws/install/perception_msgs/include/perception_msgs/msg/detail/obstacle_track__struct.h
[4.743s] -- Up-to-date: /ros2_ws/install/perception_msgs/include/perception_msgs/msg/detail/traffic_sign__type_support.h
[4.744s] -- Up-to-date: /ros2_ws/install/perception_msgs/include/perception_msgs/msg/detail/obstacle_track__type_support.h
[4.744s] -- Up-to-date: /ros2_ws/install/perception_msgs/include/perception_msgs/msg/detail/lane_model__type_support.h
[4.745s] -- Up-to-date: /ros2_ws/install/perception_msgs/include/perception_msgs/msg/detail/traffic_light_state__functions.h
[4.746s] -- Up-to-date: /ros2_ws/install/perception_msgs/include/perception_msgs/msg/detail/obstacle_track__functions.h
[4.746s] -- Up-to-date: /ros2_ws/install/perception_msgs/include/perception_msgs/msg/detail/traffic_signs__type_support.h
[4.748s] -- Up-to-date: /ros2_ws/install/perception_msgs/include/perception_msgs/msg/detail/junction__type_support.h
[4.748s] -- Up-to-date: /ros2_ws/install/perception_msgs/include/perception_msgs/msg/detail/traffic_signs__struct.h
[4.748s] -- Up-to-date: /ros2_ws/install/perception_msgs/include/perception_msgs/msg/detail/junction__functions.c
[4.749s] -- Up-to-date: /ros2_ws/install/perception_msgs/include/perception_msgs/msg/detail/traffic_signs__functions.h
[4.749s] -- Up-to-date: /ros2_ws/install/perception_msgs/include/perception_msgs/msg/detail/lane_model__functions.c
[4.750s] -- Up-to-date: /ros2_ws/install/perception_msgs/include/perception_msgs/msg/detail/traffic_light_state__struct.h
[4.750s] -- Up-to-date: /ros2_ws/install/perception_msgs/include/perception_msgs/msg/detail/traffic_sign__functions.c
[4.751s] -- Up-to-date: /ros2_ws/install/perception_msgs/include/perception_msgs/msg/junction.h
[4.752s] -- Up-to-date: /ros2_ws/install/perception_msgs/include/perception_msgs/msg/lane_model.h
[4.752s] -- Up-to-date: /ros2_ws/install/perception_msgs/include/perception_msgs/msg/perception_diagnostics.h
[4.754s] -- Up-to-date: /ros2_ws/install/perception_msgs/include/perception_msgs/msg/traffic_signs.h
[4.754s] -- Up-to-date: /ros2_ws/install/perception_msgs/include/perception_msgs/msg/stop_target.h
[4.754s] -- Up-to-date: /ros2_ws/install/perception_msgs/include/perception_msgs/msg/traffic_sign.h
[4.755s] -- Up-to-date: /ros2_ws/install/perception_msgs/share/perception_msgs/environment/library_path.sh
[4.755s] -- Up-to-date: /ros2_ws/install/perception_msgs/share/perception_msgs/environment/library_path.dsv
[4.760s] -- Up-to-date: /ros2_ws/install/perception_msgs/lib/libperception_msgs__rosidl_generator_c.so
[4.763s] -- Up-to-date: /ros2_ws/install/perception_msgs/include/perception_msgs
[4.764s] -- Up-to-date: /ros2_ws/install/perception_msgs/include/perception_msgs/msg
[4.764s] -- Up-to-date: /ros2_ws/install/perception_msgs/include/perception_msgs/msg/detail
[4.765s] -- Up-to-date: /ros2_ws/install/perception_msgs/include/perception_msgs/msg/detail/stop_target__rosidl_typesupport_fastrtps_c.h
[4.765s] -- Up-to-date: /ros2_ws/install/perception_msgs/include/perception_msgs/msg/detail/obstacle_track__rosidl_typesupport_fastrtps_c.h
[4.765s] -- Up-to-date: /ros2_ws/install/perception_msgs/include/perception_msgs/msg/detail/traffic_sign__rosidl_typesupport_fastrtps_c.h
[4.765s] -- Up-to-date: /ros2_ws/install/perception_msgs/include/perception_msgs/msg/detail/traffic_signs__rosidl_typesupport_fastrtps_c.h
[4.766s] -- Up-to-date: /ros2_ws/install/perception_msgs/include/perception_msgs/msg/detail/junction__rosidl_typesupport_fastrtps_c.h
[4.766s] -- Up-to-date: /ros2_ws/install/perception_msgs/include/perception_msgs/msg/detail/obstacle_tracks__rosidl_typesupport_fastrtps_c.h
[4.767s] -- Up-to-date: /ros2_ws/install/perception_msgs/include/perception_msgs/msg/detail/perception_diagnostics__rosidl_typesupport_fastrtps_c.h
[4.767s] -- Up-to-date: /ros2_ws/install/perception_msgs/include/perception_msgs/msg/detail/traffic_light_state__rosidl_typesupport_fastrtps_c.h
[4.767s] -- Up-to-date: /ros2_ws/install/perception_msgs/include/perception_msgs/msg/detail/lane_model__rosidl_typesupport_fastrtps_c.h
[4.768s] -- Up-to-date: /ros2_ws/install/perception_msgs/include/perception_msgs/msg/rosidl_typesupport_fastrtps_c__visibility_control.h
[4.768s] -- Up-to-date: /ros2_ws/install/perception_msgs/lib/libperception_msgs__rosidl_typesupport_fastrtps_c.so
[4.769s] -- Up-to-date: /ros2_ws/install/perception_msgs/include/perception_msgs
[4.770s] -- Up-to-date: /ros2_ws/install/perception_msgs/include/perception_msgs/msg
[4.771s] -- Up-to-date: /ros2_ws/install/perception_msgs/include/perception_msgs/msg/rosidl_typesupport_fastrtps_cpp__visibility_control.h
[4.773s] -- Up-to-date: /ros2_ws/install/perception_msgs/include/perception_msgs/msg/detail
[4.774s] -- Up-to-date: /ros2_ws/install/perception_msgs/include/perception_msgs/msg/detail/obstacle_tracks__rosidl_typesupport_fastrtps_cpp.hpp
[4.776s] -- Up-to-date: /ros2_ws/install/perception_msgs/include/perception_msgs/msg/detail/lane_model__rosidl_typesupport_fastrtps_cpp.hpp
[4.776s] -- Up-to-date: /ros2_ws/install/perception_msgs/include/perception_msgs/msg/detail/stop_target__rosidl_typesupport_fastrtps_cpp.hpp
[4.777s] -- Up-to-date: /ros2_ws/install/perception_msgs/include/perception_msgs/msg/detail/perception_diagnostics__rosidl_typesupport_fastrtps_cpp.hpp
[4.777s] -- Up-to-date: /ros2_ws/install/perception_msgs/include/perception_msgs/msg/detail/traffic_light_state__rosidl_typesupport_fastrtps_cpp.hpp
[4.777s] -- Up-to-date: /ros2_ws/install/perception_msgs/include/perception_msgs/msg/detail/obstacle_track__rosidl_typesupport_fastrtps_cpp.hpp
[4.778s] -- Up-to-date: /ros2_ws/install/perception_msgs/include/perception_msgs/msg/detail/traffic_signs__rosidl_typesupport_fastrtps_cpp.hpp
[4.778s] -- Up-to-date: /ros2_ws/install/perception_msgs/include/perception_msgs/msg/detail/dds_fastrtps
[4.778s] -- Up-to-date: /ros2_ws/install/perception_msgs/include/perception_msgs/msg/detail/junction__rosidl_typesupport_fastrtps_cpp.hpp
[4.779s] -- Up-to-date: /ros2_ws/install/perception_msgs/include/perception_msgs/msg/detail/traffic_sign__rosidl_typesupport_fastrtps_cpp.hpp
[4.779s] -- Up-to-date: /ros2_ws/install/perception_msgs/lib/libperception_msgs__rosidl_typesupport_fastrtps_cpp.so
[4.780s] -- Up-to-date: /ros2_ws/install/perception_msgs/include/perception_msgs
[4.780s] -- Up-to-date: /ros2_ws/install/perception_msgs/include/perception_msgs/msg
[4.780s] -- Up-to-date: /ros2_ws/install/perception_msgs/include/perception_msgs/msg/detail
[4.780s] -- Up-to-date: /ros2_ws/install/perception_msgs/include/perception_msgs/msg/detail/stop_target__rosidl_typesupport_introspection_c.h
[4.781s] -- Up-to-date: /ros2_ws/install/perception_msgs/include/perception_msgs/msg/detail/traffic_light_state__rosidl_typesupport_introspection_c.h
[4.781s] -- Up-to-date: /ros2_ws/install/perception_msgs/include/perception_msgs/msg/detail/traffic_sign__type_support.c
[4.781s] -- Up-to-date: /ros2_ws/install/perception_msgs/include/perception_msgs/msg/detail/obstacle_tracks__type_support.c
[4.781s] -- Up-to-date: /ros2_ws/install/perception_msgs/include/perception_msgs/msg/detail/traffic_signs__rosidl_typesupport_introspection_c.h
[4.782s] -- Up-to-date: /ros2_ws/install/perception_msgs/include/perception_msgs/msg/detail/traffic_sign__rosidl_typesupport_introspection_c.h
[4.784s] -- Up-to-date: /ros2_ws/install/perception_msgs/include/perception_msgs/msg/detail/traffic_signs__type_support.c
[4.784s] -- Up-to-date: /ros2_ws/install/perception_msgs/include/perception_msgs/msg/detail/lane_model__type_support.c
[4.785s] -- Up-to-date: /ros2_ws/install/perception_msgs/include/perception_msgs/msg/detail/obstacle_track__type_support.c
[4.785s] -- Up-to-date: /ros2_ws/install/perception_msgs/include/perception_msgs/msg/detail/junction__rosidl_typesupport_introspection_c.h
[4.785s] -- Up-to-date: /ros2_ws/install/perception_msgs/include/perception_msgs/msg/detail/junction__type_support.c
[4.785s] -- Up-to-date: /ros2_ws/install/perception_msgs/include/perception_msgs/msg/detail/perception_diagnostics__type_support.c
[4.785s] -- Up-to-date: /ros2_ws/install/perception_msgs/include/perception_msgs/msg/detail/stop_target__type_support.c
[4.786s] -- Up-to-date: /ros2_ws/install/perception_msgs/include/perception_msgs/msg/detail/lane_model__rosidl_typesupport_introspection_c.h
[4.786s] -- Up-to-date: /ros2_ws/install/perception_msgs/include/perception_msgs/msg/detail/traffic_light_state__type_support.c
[4.786s] -- Up-to-date: /ros2_ws/install/perception_msgs/include/perception_msgs/msg/detail/obstacle_tracks__rosidl_typesupport_introspection_c.h
[4.786s] -- Up-to-date: /ros2_ws/install/perception_msgs/include/perception_msgs/msg/detail/obstacle_track__rosidl_typesupport_introspection_c.h
[4.786s] -- Up-to-date: /ros2_ws/install/perception_msgs/include/perception_msgs/msg/detail/perception_diagnostics__rosidl_typesupport_introspection_c.h
[4.787s] -- Up-to-date: /ros2_ws/install/perception_msgs/include/perception_msgs/msg/rosidl_typesupport_introspection_c__visibility_control.h
[4.787s] -- Up-to-date: /ros2_ws/install/perception_msgs/lib/libperception_msgs__rosidl_typesupport_introspection_c.so
[4.787s] -- Up-to-date: /ros2_ws/install/perception_msgs/lib/libperception_msgs__rosidl_typesupport_c.so
[4.787s] -- Up-to-date: /ros2_ws/install/perception_msgs/include/perception_msgs
[4.788s] -- Up-to-date: /ros2_ws/install/perception_msgs/include/perception_msgs/msg
[4.788s] -- Up-to-date: /ros2_ws/install/perception_msgs/include/perception_msgs/msg/lane_model.hpp
[4.788s] -- Up-to-date: /ros2_ws/install/perception_msgs/include/perception_msgs/msg/obstacle_tracks.hpp
[4.788s] -- Up-to-date: /ros2_ws/install/perception_msgs/include/perception_msgs/msg/stop_target.hpp
[4.789s] -- Up-to-date: /ros2_ws/install/perception_msgs/include/perception_msgs/msg/traffic_sign.hpp
[4.789s] -- Up-to-date: /ros2_ws/install/perception_msgs/include/perception_msgs/msg/obstacle_track.hpp
[4.789s] -- Up-to-date: /ros2_ws/install/perception_msgs/include/perception_msgs/msg/detail
[4.789s] -- Up-to-date: /ros2_ws/install/perception_msgs/include/perception_msgs/msg/detail/traffic_signs__builder.hpp
[4.789s] -- Up-to-date: /ros2_ws/install/perception_msgs/include/perception_msgs/msg/detail/stop_target__traits.hpp
[4.790s] -- Up-to-date: /ros2_ws/install/perception_msgs/include/perception_msgs/msg/detail/obstacle_track__traits.hpp
[4.790s] -- Up-to-date: /ros2_ws/install/perception_msgs/include/perception_msgs/msg/detail/traffic_signs__traits.hpp
[4.790s] -- Up-to-date: /ros2_ws/install/perception_msgs/include/perception_msgs/msg/detail/traffic_light_state__struct.hpp
[4.790s] -- Up-to-date: /ros2_ws/install/perception_msgs/include/perception_msgs/msg/detail/obstacle_track__builder.hpp
[4.790s] -- Up-to-date: /ros2_ws/install/perception_msgs/include/perception_msgs/msg/detail/traffic_light_state__builder.hpp
[4.791s] -- Up-to-date: /ros2_ws/install/perception_msgs/include/perception_msgs/msg/detail/obstacle_tracks__struct.hpp
[4.791s] -- Up-to-date: /ros2_ws/install/perception_msgs/include/perception_msgs/msg/detail/perception_diagnostics__traits.hpp
[4.791s] -- Up-to-date: /ros2_ws/install/perception_msgs/include/perception_msgs/msg/detail/stop_target__builder.hpp
[4.791s] -- Up-to-date: /ros2_ws/install/perception_msgs/include/perception_msgs/msg/detail/obstacle_tracks__builder.hpp
[4.792s] -- Up-to-date: /ros2_ws/install/perception_msgs/include/perception_msgs/msg/detail/obstacle_tracks__type_support.hpp
[4.792s] -- Up-to-date: /ros2_ws/install/perception_msgs/include/perception_msgs/msg/detail/traffic_sign__struct.hpp
[4.792s] -- Up-to-date: /ros2_ws/install/perception_msgs/include/perception_msgs/msg/detail/lane_model__struct.hpp
[4.793s] -- Up-to-date: /ros2_ws/install/perception_msgs/include/perception_msgs/msg/detail/junction__traits.hpp
[4.793s] -- Up-to-date: /ros2_ws/install/perception_msgs/include/perception_msgs/msg/detail/obstacle_track__struct.hpp
[4.793s] -- Up-to-date: /ros2_ws/install/perception_msgs/include/perception_msgs/msg/detail/traffic_signs__struct.hpp
[4.794s] -- Up-to-date: /ros2_ws/install/perception_msgs/include/perception_msgs/msg/detail/junction__builder.hpp
[4.794s] -- Up-to-date: /ros2_ws/install/perception_msgs/include/perception_msgs/msg/detail/stop_target__struct.hpp
[4.794s] -- Up-to-date: /ros2_ws/install/perception_msgs/include/perception_msgs/msg/detail/junction__type_support.hpp
[4.795s] -- Up-to-date: /ros2_ws/install/perception_msgs/include/perception_msgs/msg/detail/traffic_sign__builder.hpp
[4.795s] -- Up-to-date: /ros2_ws/install/perception_msgs/include/perception_msgs/msg/detail/lane_model__builder.hpp
[4.796s] -- Up-to-date: /ros2_ws/install/perception_msgs/include/perception_msgs/msg/detail/perception_diagnostics__struct.hpp
[4.796s] -- Up-to-date: /ros2_ws/install/perception_msgs/include/perception_msgs/msg/detail/obstacle_tracks__traits.hpp
[4.796s] -- Up-to-date: /ros2_ws/install/perception_msgs/include/perception_msgs/msg/detail/traffic_light_state__type_support.hpp
[4.796s] -- Up-to-date: /ros2_ws/install/perception_msgs/include/perception_msgs/msg/detail/traffic_light_state__traits.hpp
[4.797s] -- Up-to-date: /ros2_ws/install/perception_msgs/include/perception_msgs/msg/detail/traffic_sign__traits.hpp
[4.797s] -- Up-to-date: /ros2_ws/install/perception_msgs/include/perception_msgs/msg/detail/perception_diagnostics__type_support.hpp
[4.797s] -- Up-to-date: /ros2_ws/install/perception_msgs/include/perception_msgs/msg/detail/lane_model__traits.hpp
[4.798s] -- Up-to-date: /ros2_ws/install/perception_msgs/include/perception_msgs/msg/detail/stop_target__type_support.hpp
[4.798s] -- Up-to-date: /ros2_ws/install/perception_msgs/include/perception_msgs/msg/detail/lane_model__type_support.hpp
[4.798s] -- Up-to-date: /ros2_ws/install/perception_msgs/include/perception_msgs/msg/detail/traffic_sign__type_support.hpp
[4.798s] -- Up-to-date: /ros2_ws/install/perception_msgs/include/perception_msgs/msg/detail/traffic_signs__type_support.hpp
[4.798s] -- Up-to-date: /ros2_ws/install/perception_msgs/include/perception_msgs/msg/detail/obstacle_track__type_support.hpp
[4.798s] -- Up-to-date: /ros2_ws/install/perception_msgs/include/perception_msgs/msg/detail/junction__struct.hpp
[4.799s] -- Up-to-date: /ros2_ws/install/perception_msgs/include/perception_msgs/msg/detail/perception_diagnostics__builder.hpp
[4.799s] -- Up-to-date: /ros2_ws/install/perception_msgs/include/perception_msgs/msg/rosidl_generator_cpp__visibility_control.hpp
[4.799s] -- Up-to-date: /ros2_ws/install/perception_msgs/include/perception_msgs/msg/traffic_light_state.hpp
[4.799s] -- Up-to-date: /ros2_ws/install/perception_msgs/include/perception_msgs/msg/traffic_signs.hpp
[4.801s] -- Up-to-date: /ros2_ws/install/perception_msgs/include/perception_msgs/msg/perception_diagnostics.hpp
[4.804s] -- Up-to-date: /ros2_ws/install/perception_msgs/include/perception_msgs/msg/junction.hpp
[4.804s] -- Up-to-date: /ros2_ws/install/perception_msgs/include/perception_msgs
[4.804s] -- Up-to-date: /ros2_ws/install/perception_msgs/include/perception_msgs/msg
[4.804s] -- Up-to-date: /ros2_ws/install/perception_msgs/include/perception_msgs/msg/detail
[4.804s] -- Up-to-date: /ros2_ws/install/perception_msgs/include/perception_msgs/msg/detail/perception_diagnostics__type_support.cpp
[4.804s] -- Up-to-date: /ros2_ws/install/perception_msgs/include/perception_msgs/msg/detail/stop_target__type_support.cpp
[4.805s] -- Up-to-date: /ros2_ws/install/perception_msgs/include/perception_msgs/msg/detail/obstacle_tracks__rosidl_typesupport_introspection_cpp.hpp
[4.805s] -- Up-to-date: /ros2_ws/install/perception_msgs/include/perception_msgs/msg/detail/traffic_sign__type_support.cpp
[4.805s] -- Up-to-date: /ros2_ws/install/perception_msgs/include/perception_msgs/msg/detail/lane_model__type_support.cpp
[4.805s] -- Up-to-date: /ros2_ws/install/perception_msgs/include/perception_msgs/msg/detail/traffic_signs__type_support.cpp
[4.805s] -- Up-to-date: /ros2_ws/install/perception_msgs/include/perception_msgs/msg/detail/obstacle_track__type_support.cpp
[4.805s] -- Up-to-date: /ros2_ws/install/perception_msgs/include/perception_msgs/msg/detail/obstacle_track__rosidl_typesupport_introspection_cpp.hpp
[4.805s] -- Up-to-date: /ros2_ws/install/perception_msgs/include/perception_msgs/msg/detail/junction__rosidl_typesupport_introspection_cpp.hpp
[4.805s] -- Up-to-date: /ros2_ws/install/perception_msgs/include/perception_msgs/msg/detail/stop_target__rosidl_typesupport_introspection_cpp.hpp
[4.805s] -- Up-to-date: /ros2_ws/install/perception_msgs/include/perception_msgs/msg/detail/perception_diagnostics__rosidl_typesupport_introspection_cpp.hpp
[4.805s] -- Up-to-date: /ros2_ws/install/perception_msgs/include/perception_msgs/msg/detail/traffic_light_state__rosidl_typesupport_introspection_cpp.hpp
[4.806s] -- Up-to-date: /ros2_ws/install/perception_msgs/include/perception_msgs/msg/detail/junction__type_support.cpp
[4.806s] -- Up-to-date: /ros2_ws/install/perception_msgs/include/perception_msgs/msg/detail/traffic_light_state__type_support.cpp
[4.806s] -- Up-to-date: /ros2_ws/install/perception_msgs/include/perception_msgs/msg/detail/lane_model__rosidl_typesupport_introspection_cpp.hpp
[4.806s] -- Up-to-date: /ros2_ws/install/perception_msgs/include/perception_msgs/msg/detail/obstacle_tracks__type_support.cpp
[4.806s] -- Up-to-date: /ros2_ws/install/perception_msgs/include/perception_msgs/msg/detail/traffic_sign__rosidl_typesupport_introspection_cpp.hpp
[4.807s] -- Up-to-date: /ros2_ws/install/perception_msgs/include/perception_msgs/msg/detail/traffic_signs__rosidl_typesupport_introspection_cpp.hpp
[4.807s] -- Up-to-date: /ros2_ws/install/perception_msgs/lib/libperception_msgs__rosidl_typesupport_introspection_cpp.so
[4.807s] -- Up-to-date: /ros2_ws/install/perception_msgs/lib/libperception_msgs__rosidl_typesupport_cpp.so
[4.807s] -- Up-to-date: /ros2_ws/install/perception_msgs/share/perception_msgs/environment/pythonpath.sh
[4.807s] -- Up-to-date: /ros2_ws/install/perception_msgs/share/perception_msgs/environment/pythonpath.dsv
[4.808s] -- Up-to-date: /ros2_ws/install/perception_msgs/lib/python3.8/site-packages/perception_msgs/__init__.py
[4.878s] -- Up-to-date: /ros2_ws/install/perception_msgs/lib/python3.8/site-packages/perception_msgs/msg
[4.878s] -- Up-to-date: /ros2_ws/install/perception_msgs/lib/python3.8/site-packages/perception_msgs/msg/_lane_model.py
[4.879s] -- Up-to-date: /ros2_ws/install/perception_msgs/lib/python3.8/site-packages/perception_msgs/msg/_lane_model_s.c
[4.879s] -- Up-to-date: /ros2_ws/install/perception_msgs/lib/python3.8/site-packages/perception_msgs/msg/_stop_target.py
[4.880s] -- Up-to-date: /ros2_ws/install/perception_msgs/lib/python3.8/site-packages/perception_msgs/msg/_traffic_sign.py
[4.880s] -- Up-to-date: /ros2_ws/install/perception_msgs/lib/python3.8/site-packages/perception_msgs/msg/_obstacle_tracks.py
[4.881s] -- Up-to-date: /ros2_ws/install/perception_msgs/lib/python3.8/site-packages/perception_msgs/msg/_obstacle_tracks_s.c
[4.881s] -- Up-to-date: /ros2_ws/install/perception_msgs/lib/python3.8/site-packages/perception_msgs/msg/_obstacle_track.py
[4.882s] -- Up-to-date: /ros2_ws/install/perception_msgs/lib/python3.8/site-packages/perception_msgs/msg/_perception_diagnostics.py
[4.882s] -- Up-to-date: /ros2_ws/install/perception_msgs/lib/python3.8/site-packages/perception_msgs/msg/_obstacle_track_s.c
[4.883s] -- Up-to-date: /ros2_ws/install/perception_msgs/lib/python3.8/site-packages/perception_msgs/msg/__init__.py
[4.883s] -- Up-to-date: /ros2_ws/install/perception_msgs/lib/python3.8/site-packages/perception_msgs/msg/_traffic_sign_s.c
[4.884s] -- Up-to-date: /ros2_ws/install/perception_msgs/lib/python3.8/site-packages/perception_msgs/msg/_junction_s.c
[4.884s] -- Up-to-date: /ros2_ws/install/perception_msgs/lib/python3.8/site-packages/perception_msgs/msg/_junction.py
[4.885s] -- Up-to-date: /ros2_ws/install/perception_msgs/lib/python3.8/site-packages/perception_msgs/msg/_stop_target_s.c
[4.886s] -- Up-to-date: /ros2_ws/install/perception_msgs/lib/python3.8/site-packages/perception_msgs/msg/_traffic_light_state.py
[4.886s] -- Up-to-date: /ros2_ws/install/perception_msgs/lib/python3.8/site-packages/perception_msgs/msg/_traffic_signs_s.c
[4.887s] -- Up-to-date: /ros2_ws/install/perception_msgs/lib/python3.8/site-packages/perception_msgs/msg/_perception_diagnostics_s.c
[4.888s] -- Up-to-date: /ros2_ws/install/perception_msgs/lib/python3.8/site-packages/perception_msgs/msg/_traffic_signs.py
[4.889s] -- Up-to-date: /ros2_ws/install/perception_msgs/lib/python3.8/site-packages/perception_msgs/msg/_traffic_light_state_s.c
[4.890s] -- Up-to-date: /ros2_ws/install/perception_msgs/lib/python3.8/site-packages/perception_msgs/perception_msgs_s__rosidl_typesupport_fastrtps_c.cpython-38-x86_64-linux-gnu.so
[4.890s] -- Up-to-date: /ros2_ws/install/perception_msgs/lib/python3.8/site-packages/perception_msgs/perception_msgs_s__rosidl_typesupport_introspection_c.cpython-38-x86_64-linux-gnu.so
[4.891s] -- Up-to-date: /ros2_ws/install/perception_msgs/lib/python3.8/site-packages/perception_msgs/perception_msgs_s__rosidl_typesupport_c.cpython-38-x86_64-linux-gnu.so
[4.891s] -- Up-to-date: /ros2_ws/install/perception_msgs/lib/libperception_msgs__python.so
[4.892s] -- Up-to-date: /ros2_ws/install/perception_msgs/share/perception_msgs/msg/LaneModel.idl
[4.893s] -- Up-to-date: /ros2_ws/install/perception_msgs/share/perception_msgs/msg/TrafficLightState.idl
[4.894s] -- Up-to-date: /ros2_ws/install/perception_msgs/share/perception_msgs/msg/TrafficSign.idl
[4.894s] -- Up-to-date: /ros2_ws/install/perception_msgs/share/perception_msgs/msg/TrafficSigns.idl
[4.895s] -- Up-to-date: /ros2_ws/install/perception_msgs/share/perception_msgs/msg/ObstacleTrack.idl
[4.895s] -- Up-to-date: /ros2_ws/install/perception_msgs/share/perception_msgs/msg/ObstacleTracks.idl
[4.896s] -- Up-to-date: /ros2_ws/install/perception_msgs/share/perception_msgs/msg/StopTarget.idl
[4.897s] -- Up-to-date: /ros2_ws/install/perception_msgs/share/perception_msgs/msg/Junction.idl
[4.898s] -- Up-to-date: /ros2_ws/install/perception_msgs/share/perception_msgs/msg/PerceptionDiagnostics.idl
[4.898s] -- Up-to-date: /ros2_ws/install/perception_msgs/share/perception_msgs/msg/LaneModel.msg
[4.898s] -- Up-to-date: /ros2_ws/install/perception_msgs/share/perception_msgs/msg/TrafficLightState.msg
[4.899s] -- Up-to-date: /ros2_ws/install/perception_msgs/share/perception_msgs/msg/TrafficSign.msg
[4.900s] -- Up-to-date: /ros2_ws/install/perception_msgs/share/perception_msgs/msg/TrafficSigns.msg
[4.901s] -- Up-to-date: /ros2_ws/install/perception_msgs/share/perception_msgs/msg/ObstacleTrack.msg
[4.901s] -- Up-to-date: /ros2_ws/install/perception_msgs/share/perception_msgs/msg/ObstacleTracks.msg
[4.902s] -- Up-to-date: /ros2_ws/install/perception_msgs/share/perception_msgs/msg/StopTarget.msg
[4.902s] -- Up-to-date: /ros2_ws/install/perception_msgs/share/perception_msgs/msg/Junction.msg
[4.903s] -- Up-to-date: /ros2_ws/install/perception_msgs/share/perception_msgs/msg/PerceptionDiagnostics.msg
[4.903s] -- Up-to-date: /ros2_ws/install/perception_msgs/share/ament_index/resource_index/package_run_dependencies/perception_msgs
[4.903s] -- Up-to-date: /ros2_ws/install/perception_msgs/share/ament_index/resource_index/parent_prefix_path/perception_msgs
[4.904s] -- Up-to-date: /ros2_ws/install/perception_msgs/share/perception_msgs/environment/ament_prefix_path.sh
[4.904s] -- Up-to-date: /ros2_ws/install/perception_msgs/share/perception_msgs/environment/ament_prefix_path.dsv
[4.904s] -- Up-to-date: /ros2_ws/install/perception_msgs/share/perception_msgs/environment/path.sh
[4.905s] -- Up-to-date: /ros2_ws/install/perception_msgs/share/perception_msgs/environment/path.dsv
[4.907s] -- Up-to-date: /ros2_ws/install/perception_msgs/share/perception_msgs/local_setup.bash
[4.910s] -- Up-to-date: /ros2_ws/install/perception_msgs/share/perception_msgs/local_setup.sh
[4.910s] -- Up-to-date: /ros2_ws/install/perception_msgs/share/perception_msgs/local_setup.zsh
[4.911s] -- Up-to-date: /ros2_ws/install/perception_msgs/share/perception_msgs/local_setup.dsv
[4.911s] -- Installing: /ros2_ws/install/perception_msgs/share/perception_msgs/package.dsv
[4.912s] -- Up-to-date: /ros2_ws/install/perception_msgs/share/ament_index/resource_index/packages/perception_msgs
[4.912s] -- Up-to-date: /ros2_ws/install/perception_msgs/share/perception_msgs/cmake/perception_msgs__rosidl_generator_cExport.cmake
[4.912s] -- Up-to-date: /ros2_ws/install/perception_msgs/share/perception_msgs/cmake/perception_msgs__rosidl_generator_cExport-noconfig.cmake
[4.913s] -- Up-to-date: /ros2_ws/install/perception_msgs/share/perception_msgs/cmake/perception_msgs__rosidl_typesupport_introspection_cExport.cmake
[4.913s] -- Up-to-date: /ros2_ws/install/perception_msgs/share/perception_msgs/cmake/perception_msgs__rosidl_typesupport_introspection_cExport-noconfig.cmake
[4.914s] -- Up-to-date: /ros2_ws/install/perception_msgs/share/perception_msgs/cmake/perception_msgs__rosidl_typesupport_cExport.cmake
[4.914s] -- Up-to-date: /ros2_ws/install/perception_msgs/share/perception_msgs/cmake/perception_msgs__rosidl_typesupport_cExport-noconfig.cmake
[4.914s] -- Up-to-date: /ros2_ws/install/perception_msgs/share/perception_msgs/cmake/perception_msgs__rosidl_generator_cppExport.cmake
[4.914s] -- Up-to-date: /ros2_ws/install/perception_msgs/share/perception_msgs/cmake/perception_msgs__rosidl_typesupport_introspection_cppExport.cmake
[4.917s] -- Up-to-date: /ros2_ws/install/perception_msgs/share/perception_msgs/cmake/perception_msgs__rosidl_typesupport_introspection_cppExport-noconfig.cmake
[4.917s] -- Up-to-date: /ros2_ws/install/perception_msgs/share/perception_msgs/cmake/perception_msgs__rosidl_typesupport_cppExport.cmake
[4.917s] -- Up-to-date: /ros2_ws/install/perception_msgs/share/perception_msgs/cmake/perception_msgs__rosidl_typesupport_cppExport-noconfig.cmake
[4.918s] -- Up-to-date: /ros2_ws/install/perception_msgs/share/perception_msgs/cmake/rosidl_cmake-extras.cmake
[4.919s] -- Up-to-date: /ros2_ws/install/perception_msgs/share/perception_msgs/cmake/ament_cmake_export_dependencies-extras.cmake
[4.920s] -- Up-to-date: /ros2_ws/install/perception_msgs/share/perception_msgs/cmake/ament_cmake_export_libraries-extras.cmake
[4.920s] -- Up-to-date: /ros2_ws/install/perception_msgs/share/perception_msgs/cmake/ament_cmake_export_targets-extras.cmake
[4.920s] -- Up-to-date: /ros2_ws/install/perception_msgs/share/perception_msgs/cmake/ament_cmake_export_include_directories-extras.cmake
[4.920s] -- Up-to-date: /ros2_ws/install/perception_msgs/share/perception_msgs/cmake/rosidl_cmake_export_typesupport_libraries-extras.cmake
[4.921s] -- Up-to-date: /ros2_ws/install/perception_msgs/share/perception_msgs/cmake/rosidl_cmake_export_typesupport_targets-extras.cmake
[4.922s] -- Up-to-date: /ros2_ws/install/perception_msgs/share/perception_msgs/cmake/perception_msgsConfig.cmake
[4.922s] -- Up-to-date: /ros2_ws/install/perception_msgs/share/perception_msgs/cmake/perception_msgsConfig-version.cmake
[4.922s] -- Up-to-date: /ros2_ws/install/perception_msgs/share/perception_msgs/package.xml
[4.925s] Invoked command in '/ros2_ws/build/perception_msgs' returned '0': CMAKE_PREFIX_PATH=/opt/ros/foxy /usr/bin/cmake --install /ros2_ws/build/perception_msgs
